C:\Users\user\AppData\Roaming\Python\Python313\site-packages\torchvision\models\_utils.py:208: UserWarning: The parameter 'pretrained' is deprecated since 0.13 and may be removed in the future, please use 'weights' instead.
  warnings.warn(
C:\Users\user\AppData\Roaming\Python\Python313\site-packages\torchvision\models\_utils.py:223: UserWarning: Arguments other than a weight enum or `None` for 'weights' are deprecated since 0.13 and may be removed in the future. The current behavior is equivalent to passing `weights=VGG19_Weights.IMAGENET1K_V1`. You can also use `weights=VGG19_Weights.DEFAULT` to get the most up-to-date weights.
  warnings.warn(msg)
Using VGG19 in the optimization procedure.
L-BFGS | iteration: 000, total loss=44219316832305152.0000, content_loss=      0.0000, style loss=44219318400000000.0000, tv loss=4232183.0000
L-BFGS | iteration: 001, total loss=44219265292697600.0000, content_loss=     42.8357, style loss=44219265600000000.0000, tv loss=4232183.0000
L-BFGS | iteration: 002, total loss=44219209458122752.0000, content_loss=     57.0136, style loss=44219208000000000.0000, tv loss=4232184.5000
L-BFGS | iteration: 003, total loss=44218767076491264.0000, content_loss=     69.3462, style loss=44218766400000000.0000, tv loss=4232190.0000
L-BFGS | iteration: 004, total loss=44216482153889792.0000, content_loss=    114.6809, style loss=44216481600000000.0000, tv loss=4232223.5000
L-BFGS | iteration: 005, total loss=44204284446769152.0000, content_loss=   1017.4708, style loss=44204284800000000.0000, tv loss=4232406.0000
L-BFGS | iteration: 006, total loss=44137995921522688.0000, content_loss=  26662.0994, style loss=44137996800000000.0000, tv loss=4233410.0000
L-BFGS | iteration: 007, total loss=43789351951269888.0000, content_loss= 713391.1133, style loss=43789353600000000.0000, tv loss=4238948.0000
L-BFGS | iteration: 008, total loss=42402219248582656.0000, content_loss=11008230.5908, style loss=42402220800000000.0000, tv loss=4286601.0000
L-BFGS | iteration: 009, total loss=38704522989666304.0000, content_loss=72169366.4551, style loss=38704524000000000.0000, tv loss=4679361.0000
L-BFGS | iteration: 010, total loss=25640445803495424.0000, content_loss=366523681.6406, style loss=25640445600000000.0000, tv loss=6965174.0000
L-BFGS | iteration: 011, total loss=1787840541380050944.0000, content_loss=4658623437.5000, style loss=1787840563200000000.0000, tv loss=24926624.0000
L-BFGS | iteration: 012, total loss=28150802648399872.0000, content_loss=926126074.2188, style loss=28150802400000000.0000, tv loss=10654298.0000
L-BFGS | iteration: 013, total loss=20518040173019136.0000, content_loss=629958984.3750, style loss=20518039200000000.0000, tv loss=8813608.0000
L-BFGS | iteration: 014, total loss=17208676603396096.0000, content_loss=709368994.1406, style loss=17208675600000000.0000, tv loss=9346974.0000
L-BFGS | iteration: 015, total loss=12883157057536000.0000, content_loss=876009667.9688, style loss=12883155600000000.0000, tv loss=9790171.0000
L-BFGS | iteration: 016, total loss=10070478538407936.0000, content_loss=879290722.6562, style loss=10070478000000000.0000, tv loss=9840266.0000
L-BFGS | iteration: 017, total loss=8626217401974784.0000, content_loss=1001920703.1250, style loss=8626216200000000.0000, tv loss=10330479.0000
L-BFGS | iteration: 018, total loss=7517611180949504.0000, content_loss=941438476.5625, style loss=7517610000000000.0000, tv loss=10135782.0000
L-BFGS | iteration: 019, total loss=6718030004355072.0000, content_loss=1027468164.0625, style loss=6718029000000000.0000, tv loss=10432033.0000
L-BFGS | iteration: 020, total loss=6033862115196928.0000, content_loss=1072727734.3750, style loss=6033861000000000.0000, tv loss=10605711.0000
L-BFGS | iteration: 021, total loss=5338705015341056.0000, content_loss=1085410937.5000, style loss=5338704000000000.0000, tv loss=10892870.0000
L-BFGS | iteration: 022, total loss=4766041993379840.0000, content_loss=1160045898.4375, style loss=4766040900000000.0000, tv loss=11201018.0000
L-BFGS | iteration: 023, total loss=4302044059926528.0000, content_loss=1159164160.1562, style loss=4302042900000000.0000, tv loss=11378234.0000
L-BFGS | iteration: 024, total loss=3921826711339008.0000, content_loss=1224502343.7500, style loss=3921825300000000.0000, tv loss=11810093.0000
L-BFGS | iteration: 025, total loss=3681970504597504.0000, content_loss=1165474414.0625, style loss=3681969300000000.0000, tv loss=11774354.0000
L-BFGS | iteration: 026, total loss=3454131347914752.0000, content_loss=1224222363.2812, style loss=3454130100000000.0000, tv loss=12037592.0000
L-BFGS | iteration: 027, total loss=3281200663756800.0000, content_loss=1253389843.7500, style loss=3281199300000000.0000, tv loss=12145673.0000
L-BFGS | iteration: 028, total loss=3083981134233600.0000, content_loss=1235992480.4688, style loss=3083979900000000.0000, tv loss=12379312.0000
L-BFGS | iteration: 029, total loss=2915973824774144.0000, content_loss=1273675488.2812, style loss=2915972400000000.0000, tv loss=12388559.0000
L-BFGS | iteration: 030, total loss=2799305064710144.0000, content_loss=1295028417.9688, style loss=2799303600000000.0000, tv loss=12565000.0000
L-BFGS | iteration: 031, total loss=2643906973925376.0000, content_loss=1289086914.0625, style loss=2643905700000000.0000, tv loss=12619076.0000
L-BFGS | iteration: 032, total loss=2532171252236288.0000, content_loss=1315538769.5312, style loss=2532169800000000.0000, tv loss=12808688.0000
L-BFGS | iteration: 033, total loss=2451146962632704.0000, content_loss=1279597070.3125, style loss=2451145500000000.0000, tv loss=12684312.0000
L-BFGS | iteration: 034, total loss=2372023464493056.0000, content_loss=1310721972.6562, style loss=2372022000000000.0000, tv loss=12725700.0000
L-BFGS | iteration: 035, total loss=2314178844950528.0000, content_loss=1338617089.8438, style loss=2314177500000000.0000, tv loss=13013226.0000
L-BFGS | iteration: 036, total loss=2225026463956992.0000, content_loss=1336280859.3750, style loss=2225025150000000.0000, tv loss=12914653.0000
L-BFGS | iteration: 037, total loss=2160454046580736.0000, content_loss=1333664941.4062, style loss=2160452700000000.0000, tv loss=12907210.0000
L-BFGS | iteration: 038, total loss=2062130836668416.0000, content_loss=1348033789.0625, style loss=2062129500000000.0000, tv loss=13016012.0000
L-BFGS | iteration: 039, total loss=1975220965474304.0000, content_loss=1359612988.2812, style loss=1975219650000000.0000, tv loss=12993220.0000
L-BFGS | iteration: 040, total loss=1932688441212928.0000, content_loss=1360129980.4688, style loss=1932687150000000.0000, tv loss=13094316.0000
L-BFGS | iteration: 041, total loss=1866740828995584.0000, content_loss=1371735351.5625, style loss=1866739500000000.0000, tv loss=13082249.0000
L-BFGS | iteration: 042, total loss=1813705364865024.0000, content_loss=1351875097.6562, style loss=1813704000000000.0000, tv loss=13129860.0000
L-BFGS | iteration: 043, total loss=1765714608259072.0000, content_loss=1376605078.1250, style loss=1765713300000000.0000, tv loss=13191484.0000
L-BFGS | iteration: 044, total loss=1710040960466944.0000, content_loss=1389203125.0000, style loss=1710039600000000.0000, tv loss=13204616.0000
L-BFGS | iteration: 045, total loss=1642696275918848.0000, content_loss=1395407421.8750, style loss=1642695000000000.0000, tv loss=13297369.0000
L-BFGS | iteration: 046, total loss=1599795592429568.0000, content_loss=1401539941.4062, style loss=1599794250000000.0000, tv loss=13178806.0000
L-BFGS | iteration: 047, total loss=1552843681038336.0000, content_loss=1421869042.9688, style loss=1552842150000000.0000, tv loss=13414700.0000
L-BFGS | iteration: 048, total loss=1523206527647744.0000, content_loss=1413475488.2812, style loss=1523205000000000.0000, tv loss=13363120.0000
L-BFGS | iteration: 049, total loss=1493570447998976.0000, content_loss=1386099707.0312, style loss=1493569050000000.0000, tv loss=13350995.0000
L-BFGS | iteration: 050, total loss=1458621628022784.0000, content_loss=1411153027.3438, style loss=1458620100000000.0000, tv loss=13389094.0000
L-BFGS | iteration: 051, total loss=1427468351176704.0000, content_loss=1424366015.6250, style loss=1427466900000000.0000, tv loss=13422876.0000
L-BFGS | iteration: 052, total loss=1383805445210112.0000, content_loss=1429913964.8438, style loss=1383804000000000.0000, tv loss=13571998.0000
L-BFGS | iteration: 053, total loss=1330890777034752.0000, content_loss=1436231640.6250, style loss=1330889250000000.0000, tv loss=13512098.0000
L-BFGS | iteration: 054, total loss=1302320251928576.0000, content_loss=1451797265.6250, style loss=1302318750000000.0000, tv loss=13583867.0000
L-BFGS | iteration: 055, total loss=1263184778362880.0000, content_loss=1445562304.6875, style loss=1263183300000000.0000, tv loss=13606025.0000
L-BFGS | iteration: 056, total loss=1218651336212480.0000, content_loss=1460803710.9375, style loss=1218649800000000.0000, tv loss=13658802.0000
L-BFGS | iteration: 057, total loss=1191328901758976.0000, content_loss=1435092578.1250, style loss=1191327375000000.0000, tv loss=13608754.0000
L-BFGS | iteration: 058, total loss=1153024370147328.0000, content_loss=1452528027.3438, style loss=1153022925000000.0000, tv loss=13585038.0000
L-BFGS | iteration: 059, total loss=1143443103416320.0000, content_loss=1472590136.7188, style loss=1143441600000000.0000, tv loss=13846903.0000
L-BFGS | iteration: 060, total loss=1111768659132416.0000, content_loss=1471104687.5000, style loss=1111767150000000.0000, tv loss=13764372.0000
L-BFGS | iteration: 061, total loss=1089427245891584.0000, content_loss=1469710058.5938, style loss=1089425775000000.0000, tv loss=13740599.0000
L-BFGS | iteration: 062, total loss=1050887296385024.0000, content_loss=1465996679.6875, style loss=1050885825000000.0000, tv loss=13828251.0000
L-BFGS | iteration: 063, total loss=1017312865943552.0000, content_loss=1485634179.6875, style loss=1017311400000000.0000, tv loss=13820186.0000
L-BFGS | iteration: 064, total loss=997238591455232.0000, content_loss=1465015820.3125, style loss=997237125000000.0000, tv loss=13827858.0000
L-BFGS | iteration: 065, total loss=978862640988160.0000, content_loss=1472301464.8438, style loss=978861150000000.0000, tv loss=13818291.0000
L-BFGS | iteration: 066, total loss=970526981881856.0000, content_loss=1485358300.7812, style loss=970525500000000.0000, tv loss=13944144.0000
L-BFGS | iteration: 067, total loss=959049285763072.0000, content_loss=1481667285.1562, style loss=959047800000000.0000, tv loss=13886312.0000
L-BFGS | iteration: 068, total loss=940063718375424.0000, content_loss=1488669433.5938, style loss=940062225000000.0000, tv loss=13915314.0000
L-BFGS | iteration: 069, total loss=912476203909120.0000, content_loss=1484052246.0938, style loss=912474750000000.0000, tv loss=13966844.0000
L-BFGS | iteration: 070, total loss=880351996018688.0000, content_loss=1492096777.3438, style loss=880350525000000.0000, tv loss=13993697.0000
L-BFGS | iteration: 071, total loss=862719074893824.0000, content_loss=1477853222.6562, style loss=862717575000000.0000, tv loss=14089327.0000
L-BFGS | iteration: 072, total loss=841202765135872.0000, content_loss=1494107714.8438, style loss=841201275000000.0000, tv loss=13998440.0000
L-BFGS | iteration: 073, total loss=831671628726272.0000, content_loss=1505024902.3438, style loss=831670125000000.0000, tv loss=14062710.0000
L-BFGS | iteration: 074, total loss=816435702005760.0000, content_loss=1502650292.9688, style loss=816434250000000.0000, tv loss=14045402.0000
L-BFGS | iteration: 075, total loss=799109803933696.0000, content_loss=1496776269.5312, style loss=799108350000000.0000, tv loss=14043377.0000
L-BFGS | iteration: 076, total loss=780026794475520.0000, content_loss=1507768750.0000, style loss=780025350000000.0000, tv loss=14160742.0000
L-BFGS | iteration: 077, total loss=762542183940096.0000, content_loss=1498683496.0938, style loss=762540675000000.0000, tv loss=14075457.0000
L-BFGS | iteration: 078, total loss=740210098831360.0000, content_loss=1515693554.6875, style loss=740208525000000.0000, tv loss=14169649.0000
L-BFGS | iteration: 079, total loss=729457648205824.0000, content_loss=1509511718.7500, style loss=729456150000000.0000, tv loss=14250736.0000
L-BFGS | iteration: 080, total loss=712245231222784.0000, content_loss=1504778710.9375, style loss=712243725000000.0000, tv loss=14206000.0000
L-BFGS | iteration: 081, total loss=695409294966784.0000, content_loss=1515119921.8750, style loss=695407725000000.0000, tv loss=14215532.0000
L-BFGS | iteration: 082, total loss=677799794835456.0000, content_loss=1513646972.6562, style loss=677798250000000.0000, tv loss=14267338.0000
L-BFGS | iteration: 083, total loss=657132277989376.0000, content_loss=1530179394.5312, style loss=657130725000000.0000, tv loss=14301514.0000
L-BFGS | iteration: 084, total loss=641884942761984.0000, content_loss=1517205859.3750, style loss=641883375000000.0000, tv loss=14289621.0000
L-BFGS | iteration: 085, total loss=629408196984832.0000, content_loss=1526836816.4062, style loss=629406675000000.0000, tv loss=14351530.0000
L-BFGS | iteration: 086, total loss=619654594691072.0000, content_loss=1538883300.7812, style loss=619653075000000.0000, tv loss=14323786.0000
L-BFGS | iteration: 087, total loss=618343623032832.0000, content_loss=1526632617.1875, style loss=618342112500000.0000, tv loss=14383194.0000
L-BFGS | iteration: 088, total loss=611934994956288.0000, content_loss=1532399218.7500, style loss=611933475000000.0000, tv loss=14353030.0000
L-BFGS | iteration: 089, total loss=601348437442560.0000, content_loss=1526558398.4375, style loss=601346887500000.0000, tv loss=14376757.0000
L-BFGS | iteration: 090, total loss=588531919486976.0000, content_loss=1530320507.8125, style loss=588530400000000.0000, tv loss=14406334.0000
L-BFGS | iteration: 091, total loss=571713901297664.0000, content_loss=1535903125.0000, style loss=571712362500000.0000, tv loss=14450041.0000
L-BFGS | iteration: 092, total loss=555828595654656.0000, content_loss=1543009960.9375, style loss=555827062500000.0000, tv loss=14426856.0000
L-BFGS | iteration: 093, total loss=545891417063424.0000, content_loss=1545983496.0938, style loss=545889862500000.0000, tv loss=14485942.0000
L-BFGS | iteration: 094, total loss=535838811226112.0000, content_loss=1545710742.1875, style loss=535837275000000.0000, tv loss=14487438.0000
L-BFGS | iteration: 095, total loss=522497501954048.0000, content_loss=1545812402.3438, style loss=522495975000000.0000, tv loss=14505373.0000
L-BFGS | iteration: 096, total loss=506833420681216.0000, content_loss=1542254980.4688, style loss=506831887500000.0000, tv loss=14521370.0000
L-BFGS | iteration: 097, total loss=496394603331584.0000, content_loss=1564497753.9062, style loss=496393012500000.0000, tv loss=14572320.0000
L-BFGS | iteration: 098, total loss=487587605118976.0000, content_loss=1555001074.2188, style loss=487586062500000.0000, tv loss=14564584.0000
L-BFGS | iteration: 099, total loss=481495965761536.0000, content_loss=1552368457.0312, style loss=481494412500000.0000, tv loss=14581382.0000
L-BFGS | iteration: 100, total loss=471724009193472.0000, content_loss=1552244921.8750, style loss=471722475000000.0000, tv loss=14573242.0000
L-BFGS | iteration: 101, total loss=464189596368896.0000, content_loss=1565897265.6250, style loss=464188012500000.0000, tv loss=14693108.0000
L-BFGS | iteration: 102, total loss=455340218908672.0000, content_loss=1566116015.6250, style loss=455338650000000.0000, tv loss=14611792.0000
L-BFGS | iteration: 103, total loss=448487665696768.0000, content_loss=1556243164.0625, style loss=448486125000000.0000, tv loss=14624860.0000
L-BFGS | iteration: 104, total loss=441494116761600.0000, content_loss=1557504394.5312, style loss=441492562500000.0000, tv loss=14671314.0000
L-BFGS | iteration: 105, total loss=431444027506688.0000, content_loss=1563277832.0312, style loss=431442450000000.0000, tv loss=14705526.0000
L-BFGS | iteration: 106, total loss=419874157363200.0000, content_loss=1562349218.7500, style loss=419872575000000.0000, tv loss=14725526.0000
L-BFGS | iteration: 107, total loss=410544783753216.0000, content_loss=1568838476.5625, style loss=410543212500000.0000, tv loss=14729364.0000
L-BFGS | iteration: 108, total loss=402091247927296.0000, content_loss=1567995019.5312, style loss=402089662500000.0000, tv loss=14733930.0000
L-BFGS | iteration: 109, total loss=397182872059904.0000, content_loss=1564355761.7188, style loss=397181287500000.0000, tv loss=14784622.0000
L-BFGS | iteration: 110, total loss=387719884701696.0000, content_loss=1569756835.9375, style loss=387718312500000.0000, tv loss=14773988.0000
L-BFGS | iteration: 111, total loss=381126908575744.0000, content_loss=1568685253.9062, style loss=381125325000000.0000, tv loss=14789420.0000
L-BFGS | iteration: 112, total loss=375475704692736.0000, content_loss=1573292578.1250, style loss=375474112500000.0000, tv loss=14826389.0000
L-BFGS | iteration: 113, total loss=367931259092992.0000, content_loss=1573483496.0938, style loss=367929675000000.0000, tv loss=14839974.0000
L-BFGS | iteration: 114, total loss=361709394984960.0000, content_loss=1576345996.0938, style loss=361707825000000.0000, tv loss=14850636.0000
L-BFGS | iteration: 115, total loss=359905844264960.0000, content_loss=1569181835.9375, style loss=359904262500000.0000, tv loss=14908189.0000
L-BFGS | iteration: 116, total loss=357453954809856.0000, content_loss=1572624804.6875, style loss=357452362500000.0000, tv loss=14882806.0000
L-BFGS | iteration: 117, total loss=349621914173440.0000, content_loss=1578792675.7812, style loss=349620337500000.0000, tv loss=14890594.0000
L-BFGS | iteration: 118, total loss=341978248118272.0000, content_loss=1583579492.1875, style loss=341976675000000.0000, tv loss=14885710.0000
L-BFGS | iteration: 119, total loss=335871576375296.0000, content_loss=1586606054.6875, style loss=335869987500000.0000, tv loss=14922350.0000
L-BFGS | iteration: 120, total loss=329083816771584.0000, content_loss=1589726562.5000, style loss=329082225000000.0000, tv loss=14937976.0000
L-BFGS | iteration: 121, total loss=321929776988160.0000, content_loss=1589741113.2812, style loss=321928200000000.0000, tv loss=14957724.0000
L-BFGS | iteration: 122, total loss=326753360805888.0000, content_loss=1591569042.9688, style loss=326751787500000.0000, tv loss=15042365.0000
L-BFGS | iteration: 123, total loss=319380747452416.0000, content_loss=1591242480.4688, style loss=319379175000000.0000, tv loss=14989076.0000
L-BFGS | iteration: 124, total loss=314719097323520.0000, content_loss=1593752441.4062, style loss=314717512500000.0000, tv loss=14974210.0000
L-BFGS | iteration: 125, total loss=314815734087680.0000, content_loss=1574846484.3750, style loss=314814150000000.0000, tv loss=14992058.0000
L-BFGS | iteration: 126, total loss=310194819039232.0000, content_loss=1584850000.0000, style loss=310193231250000.0000, tv loss=14980646.0000
L-BFGS | iteration: 127, total loss=305820629729280.0000, content_loss=1588015136.7188, style loss=305819043750000.0000, tv loss=14997718.0000
L-BFGS | iteration: 128, total loss=301237798961152.0000, content_loss=1593120703.1250, style loss=301236206250000.0000, tv loss=15016388.0000
L-BFGS | iteration: 129, total loss=295174680870912.0000, content_loss=1594412988.2812, style loss=295173056250000.0000, tv loss=15021586.0000
L-BFGS | iteration: 130, total loss=290613425602560.0000, content_loss=1600584765.6250, style loss=290611800000000.0000, tv loss=15108325.0000
L-BFGS | iteration: 131, total loss=283719499776000.0000, content_loss=1602838964.8438, style loss=283717893750000.0000, tv loss=15059702.0000
L-BFGS | iteration: 132, total loss=281250547892224.0000, content_loss=1592555273.4375, style loss=281248931250000.0000, tv loss=15080977.0000
L-BFGS | iteration: 133, total loss=278573860519936.0000, content_loss=1597005273.4375, style loss=278572256250000.0000, tv loss=15100930.0000
L-BFGS | iteration: 134, total loss=275314953420800.0000, content_loss=1598239648.4375, style loss=275313337500000.0000, tv loss=15107685.0000
L-BFGS | iteration: 135, total loss=270620101181440.0000, content_loss=1597193457.0312, style loss=270618487500000.0000, tv loss=15126128.0000
L-BFGS | iteration: 136, total loss=264082808635392.0000, content_loss=1600888281.2500, style loss=264081206250000.0000, tv loss=15130962.0000
L-BFGS | iteration: 137, total loss=258552635588608.0000, content_loss=1602624902.3438, style loss=258551006250000.0000, tv loss=15203398.0000
L-BFGS | iteration: 138, total loss=253586361548800.0000, content_loss=1607305078.1250, style loss=253584731250000.0000, tv loss=15176594.0000
L-BFGS | iteration: 139, total loss=251905670381568.0000, content_loss=1604180468.7500, style loss=251904037500000.0000, tv loss=15186426.0000
L-BFGS | iteration: 140, total loss=248817656004608.0000, content_loss=1602321484.3750, style loss=248816025000000.0000, tv loss=15172237.0000
L-BFGS | iteration: 141, total loss=246177308082176.0000, content_loss=1611597265.6250, style loss=246175687500000.0000, tv loss=15239072.0000
L-BFGS | iteration: 142, total loss=243468542672896.0000, content_loss=1615973437.5000, style loss=243466912500000.0000, tv loss=15224098.0000
L-BFGS | iteration: 143, total loss=240396365987840.0000, content_loss=1610915234.3750, style loss=240394743750000.0000, tv loss=15229444.0000
L-BFGS | iteration: 144, total loss=238204473049088.0000, content_loss=1607234179.6875, style loss=238202850000000.0000, tv loss=15257464.0000
L-BFGS | iteration: 145, total loss=234957729431552.0000, content_loss=1610165039.0625, style loss=234956100000000.0000, tv loss=15263042.0000
L-BFGS | iteration: 146, total loss=229873159241728.0000, content_loss=1612754882.8125, style loss=229871531250000.0000, tv loss=15277340.0000
L-BFGS | iteration: 147, total loss=224740404887552.0000, content_loss=1618974609.3750, style loss=224738775000000.0000, tv loss=15308680.0000
L-BFGS | iteration: 148, total loss=222697376186368.0000, content_loss=1612886718.7500, style loss=222695756250000.0000, tv loss=15335150.0000
L-BFGS | iteration: 149, total loss=220436042350592.0000, content_loss=1616634863.2812, style loss=220434412500000.0000, tv loss=15296794.0000
L-BFGS | iteration: 150, total loss=217098651435008.0000, content_loss=1618503613.2812, style loss=217097025000000.0000, tv loss=15333631.0000
L-BFGS | iteration: 151, total loss=215461597806592.0000, content_loss=1617561132.8125, style loss=215459962500000.0000, tv loss=15363238.0000
L-BFGS | iteration: 152, total loss=213082320142336.0000, content_loss=1621695214.8438, style loss=213080681250000.0000, tv loss=15380700.0000
L-BFGS | iteration: 153, total loss=207928594268160.0000, content_loss=1621364843.7500, style loss=207926943750000.0000, tv loss=15399564.0000
L-BFGS | iteration: 154, total loss=204497083170816.0000, content_loss=1630226562.5000, style loss=204495431250000.0000, tv loss=15413280.0000
L-BFGS | iteration: 155, total loss=202052693131264.0000, content_loss=1626517480.4688, style loss=202051050000000.0000, tv loss=15414094.0000
L-BFGS | iteration: 156, total loss=200104355037184.0000, content_loss=1626228710.9375, style loss=200102718750000.0000, tv loss=15418264.0000
L-BFGS | iteration: 157, total loss=200540847865856.0000, content_loss=1622998339.8438, style loss=200539200000000.0000, tv loss=15481508.0000
L-BFGS | iteration: 158, total loss=198560817610752.0000, content_loss=1625323046.8750, style loss=198559181250000.0000, tv loss=15448960.0000
L-BFGS | iteration: 159, total loss=195224768872448.0000, content_loss=1628766992.1875, style loss=195223125000000.0000, tv loss=15460960.0000
L-BFGS | iteration: 160, total loss=192215305420800.0000, content_loss=1629681347.6562, style loss=192213656250000.0000, tv loss=15468869.0000
L-BFGS | iteration: 161, total loss=190333002448896.0000, content_loss=1626487207.0312, style loss=190331362500000.0000, tv loss=15501700.0000
L-BFGS | iteration: 162, total loss=187343805874176.0000, content_loss=1635966699.2188, style loss=187342143750000.0000, tv loss=15496421.0000
L-BFGS | iteration: 163, total loss=185491550896128.0000, content_loss=1633746484.3750, style loss=185489906250000.0000, tv loss=15513236.0000
L-BFGS | iteration: 164, total loss=183568949051392.0000, content_loss=1629388964.8438, style loss=183567300000000.0000, tv loss=15540862.0000
L-BFGS | iteration: 165, total loss=181331153649664.0000, content_loss=1631041113.2812, style loss=181329506250000.0000, tv loss=15541438.0000
L-BFGS | iteration: 166, total loss=180194832809984.0000, content_loss=1631250000.0000, style loss=180193181250000.0000, tv loss=15573595.0000
L-BFGS | iteration: 167, total loss=177318060359680.0000, content_loss=1635957324.2188, style loss=177316406250000.0000, tv loss=15546567.0000
L-BFGS | iteration: 168, total loss=175520733986816.0000, content_loss=1634910742.1875, style loss=175519087500000.0000, tv loss=15560382.0000
L-BFGS | iteration: 169, total loss=173864520777728.0000, content_loss=1633493847.6562, style loss=173862881250000.0000, tv loss=15602034.0000
L-BFGS | iteration: 170, total loss=171269756551168.0000, content_loss=1639104296.8750, style loss=171268087500000.0000, tv loss=15606465.0000
L-BFGS | iteration: 171, total loss=168988860481536.0000, content_loss=1636749902.3438, style loss=168987206250000.0000, tv loss=15594092.0000
L-BFGS | iteration: 172, total loss=166804282408960.0000, content_loss=1638950976.5625, style loss=166802625000000.0000, tv loss=15627514.0000
L-BFGS | iteration: 173, total loss=163597049135104.0000, content_loss=1641501367.1875, style loss=163595381250000.0000, tv loss=15631522.0000
L-BFGS | iteration: 174, total loss=162051951427584.0000, content_loss=1639234179.6875, style loss=162050287500000.0000, tv loss=15677044.0000
L-BFGS | iteration: 175, total loss=159423464996864.0000, content_loss=1643032226.5625, style loss=159421800000000.0000, tv loss=15689079.0000
L-BFGS | iteration: 176, total loss=157804413321216.0000, content_loss=1636851562.5000, style loss=157802756250000.0000, tv loss=15687121.0000
L-BFGS | iteration: 177, total loss=156340953546752.0000, content_loss=1641939257.8125, style loss=156339300000000.0000, tv loss=15675755.0000
L-BFGS | iteration: 178, total loss=154660279156736.0000, content_loss=1645046875.0000, style loss=154658615625000.0000, tv loss=15696647.0000
L-BFGS | iteration: 179, total loss=152921102614528.0000, content_loss=1640699023.4375, style loss=152919450000000.0000, tv loss=15728614.0000
L-BFGS | iteration: 180, total loss=150658879586304.0000, content_loss=1647195898.4375, style loss=150657215625000.0000, tv loss=15734426.0000
L-BFGS | iteration: 181, total loss=149195587584000.0000, content_loss=1646706445.3125, style loss=149193918750000.0000, tv loss=15743020.0000
L-BFGS | iteration: 182, total loss=147577106333696.0000, content_loss=1642650781.2500, style loss=147575446875000.0000, tv loss=15748232.0000
L-BFGS | iteration: 183, total loss=145737904029696.0000, content_loss=1647844921.8750, style loss=145736240625000.0000, tv loss=15748704.0000
L-BFGS | iteration: 184, total loss=144507932770304.0000, content_loss=1648454882.8125, style loss=144506278125000.0000, tv loss=15784374.0000
L-BFGS | iteration: 185, total loss=142753656733696.0000, content_loss=1647440820.3125, style loss=142752000000000.0000, tv loss=15788793.0000
L-BFGS | iteration: 186, total loss=141020134113280.0000, content_loss=1649127539.0625, style loss=141018468750000.0000, tv loss=15789784.0000
L-BFGS | iteration: 187, total loss=139238964199424.0000, content_loss=1649788671.8750, style loss=139237293750000.0000, tv loss=15815884.0000
L-BFGS | iteration: 188, total loss=137363346948096.0000, content_loss=1656799414.0625, style loss=137361665625000.0000, tv loss=15814154.0000
L-BFGS | iteration: 189, total loss=136381737205760.0000, content_loss=1650549218.7500, style loss=136380065625000.0000, tv loss=15825447.0000
L-BFGS | iteration: 190, total loss=135283114770432.0000, content_loss=1650604882.8125, style loss=135281446875000.0000, tv loss=15822302.0000
L-BFGS | iteration: 191, total loss=133667192045568.0000, content_loss=1649201171.8750, style loss=133665525000000.0000, tv loss=15840073.0000
L-BFGS | iteration: 192, total loss=132378768965632.0000, content_loss=1651436132.8125, style loss=132377100000000.0000, tv loss=15850634.0000
L-BFGS | iteration: 193, total loss=130139287453696.0000, content_loss=1653727734.3750, style loss=130137618750000.0000, tv loss=15868609.0000
L-BFGS | iteration: 194, total loss=128075295621120.0000, content_loss=1655390429.6875, style loss=128073628125000.0000, tv loss=15868228.0000
L-BFGS | iteration: 195, total loss=126842421903360.0000, content_loss=1657655078.1250, style loss=126840740625000.0000, tv loss=15898982.0000
L-BFGS | iteration: 196, total loss=126089049407488.0000, content_loss=1658881054.6875, style loss=126087375000000.0000, tv loss=15891156.0000
L-BFGS | iteration: 197, total loss=125475011690496.0000, content_loss=1652288281.2500, style loss=125473340625000.0000, tv loss=15892691.0000
L-BFGS | iteration: 198, total loss=124209179131904.0000, content_loss=1657209179.6875, style loss=124207500000000.0000, tv loss=15901802.0000
L-BFGS | iteration: 199, total loss=123359144706048.0000, content_loss=1660055078.1250, style loss=123357468750000.0000, tv loss=15915531.0000
L-BFGS | iteration: 200, total loss=121994309795840.0000, content_loss=1661709179.6875, style loss=121992628125000.0000, tv loss=15930202.0000
L-BFGS | iteration: 201, total loss=120015596552192.0000, content_loss=1663046484.3750, style loss=120013921875000.0000, tv loss=15955358.0000
L-BFGS | iteration: 202, total loss=118265531596800.0000, content_loss=1659369531.2500, style loss=118263853125000.0000, tv loss=15934634.0000
L-BFGS | iteration: 203, total loss=116852764180480.0000, content_loss=1659904882.8125, style loss=116851087500000.0000, tv loss=15958745.0000
L-BFGS | iteration: 204, total loss=116302328889344.0000, content_loss=1665951953.1250, style loss=116300643750000.0000, tv loss=15965684.0000
L-BFGS | iteration: 205, total loss=115668494057472.0000, content_loss=1661438085.9375, style loss=115666818750000.0000, tv loss=15983752.0000
L-BFGS | iteration: 206, total loss=114640864411648.0000, content_loss=1663523632.8125, style loss=114639187500000.0000, tv loss=15967320.0000
L-BFGS | iteration: 207, total loss=114033545969664.0000, content_loss=1664366015.6250, style loss=114031865625000.0000, tv loss=15971218.0000
L-BFGS | iteration: 208, total loss=112760205606912.0000, content_loss=1663998437.5000, style loss=112758525000000.0000, tv loss=16008630.0000
L-BFGS | iteration: 209, total loss=111038301208576.0000, content_loss=1668552734.3750, style loss=111036618750000.0000, tv loss=16002699.0000
L-BFGS | iteration: 210, total loss=110044284715008.0000, content_loss=1667828710.9375, style loss=110042596875000.0000, tv loss=16005016.0000
L-BFGS | iteration: 211, total loss=109283228254208.0000, content_loss=1663917187.5000, style loss=109281553125000.0000, tv loss=16035784.0000
L-BFGS | iteration: 212, total loss=108840410415104.0000, content_loss=1665847265.6250, style loss=108838725000000.0000, tv loss=16024371.0000
L-BFGS | iteration: 213, total loss=107250140053504.0000, content_loss=1666425390.6250, style loss=107248453125000.0000, tv loss=16025818.0000
L-BFGS | iteration: 214, total loss=106113357840384.0000, content_loss=1670065625.0000, style loss=106111668750000.0000, tv loss=16040346.0000
L-BFGS | iteration: 215, total loss=105213822238720.0000, content_loss=1671933789.0625, style loss=105212137500000.0000, tv loss=16037346.0000
L-BFGS | iteration: 216, total loss=106788925997056.0000, content_loss=1666624804.6875, style loss=106787240625000.0000, tv loss=16062927.0000
L-BFGS | iteration: 217, total loss=104556683853824.0000, content_loss=1670554101.5625, style loss=104554996875000.0000, tv loss=16046357.0000
L-BFGS | iteration: 218, total loss=103661569048576.0000, content_loss=1672563671.8750, style loss=103659881250000.0000, tv loss=16048024.0000
L-BFGS | iteration: 219, total loss=102458541998080.0000, content_loss=1673311718.7500, style loss=102456853125000.0000, tv loss=16061460.0000
L-BFGS | iteration: 220, total loss=101025272823808.0000, content_loss=1674652734.3750, style loss=101023575000000.0000, tv loss=16070330.0000
L-BFGS | iteration: 221, total loss=100314522845184.0000, content_loss=1671723632.8125, style loss=100312837500000.0000, tv loss=16073665.0000
L-BFGS | iteration: 222, total loss=99881746169856.0000, content_loss=1675549609.3750, style loss=99880050000000.0000, tv loss=16068342.0000
L-BFGS | iteration: 223, total loss=98796713279488.0000, content_loss=1676171484.3750, style loss=98795015625000.0000, tv loss=16091055.0000
L-BFGS | iteration: 224, total loss=98285343735808.0000, content_loss=1674752734.3750, style loss=98283646875000.0000, tv loss=16089290.0000
L-BFGS | iteration: 225, total loss=97255465943040.0000, content_loss=1674388085.9375, style loss=97253775000000.0000, tv loss=16084538.0000
L-BFGS | iteration: 226, total loss=96250879803392.0000, content_loss=1677230468.7500, style loss=96249187500000.0000, tv loss=16093321.0000
L-BFGS | iteration: 227, total loss=94947189456896.0000, content_loss=1682211914.0625, style loss=94945490625000.0000, tv loss=16101679.0000
L-BFGS | iteration: 228, total loss=94560038420480.0000, content_loss=1678899609.3750, style loss=94558340625000.0000, tv loss=16122423.0000
L-BFGS | iteration: 229, total loss=93264560521216.0000, content_loss=1680146289.0625, style loss=93262865625000.0000, tv loss=16110746.0000
L-BFGS | iteration: 230, total loss=92472457822208.0000, content_loss=1681025195.3125, style loss=92470762500000.0000, tv loss=16121832.0000
L-BFGS | iteration: 231, total loss=91838002233344.0000, content_loss=1678930078.1250, style loss=91836309375000.0000, tv loss=16130800.0000
L-BFGS | iteration: 232, total loss=90733038010368.0000, content_loss=1679849804.6875, style loss=90731343750000.0000, tv loss=16141636.0000
L-BFGS | iteration: 233, total loss=89634356854784.0000, content_loss=1678380664.0625, style loss=89632659375000.0000, tv loss=16133137.0000
L-BFGS | iteration: 234, total loss=88642437513216.0000, content_loss=1682158593.7500, style loss=88640737500000.0000, tv loss=16138034.0000
L-BFGS | iteration: 235, total loss=89925684822016.0000, content_loss=1677049609.3750, style loss=89923987500000.0000, tv loss=16177872.0000
L-BFGS | iteration: 236, total loss=88108695552000.0000, content_loss=1680598242.1875, style loss=88107000000000.0000, tv loss=16153409.0000
L-BFGS | iteration: 237, total loss=87586169159680.0000, content_loss=1680681054.6875, style loss=87584475000000.0000, tv loss=16154368.0000
L-BFGS | iteration: 238, total loss=86327232036864.0000, content_loss=1680782226.5625, style loss=86325534375000.0000, tv loss=16159150.0000
L-BFGS | iteration: 239, total loss=85640330870784.0000, content_loss=1688185351.5625, style loss=85638628125000.0000, tv loss=16165902.0000
L-BFGS | iteration: 240, total loss=84749217431552.0000, content_loss=1686316015.6250, style loss=84747515625000.0000, tv loss=16158850.0000
L-BFGS | iteration: 241, total loss=84328696512512.0000, content_loss=1686244726.5625, style loss=84326990625000.0000, tv loss=16162848.0000
L-BFGS | iteration: 242, total loss=83624951021568.0000, content_loss=1687098632.8125, style loss=83623246875000.0000, tv loss=16161762.0000
L-BFGS | iteration: 243, total loss=86615187783680.0000, content_loss=1681041406.2500, style loss=86613496875000.0000, tv loss=16181460.0000
L-BFGS | iteration: 244, total loss=83287762534400.0000, content_loss=1686056835.9375, style loss=83286056250000.0000, tv loss=16166320.0000
L-BFGS | iteration: 245, total loss=82608167845888.0000, content_loss=1686714257.8125, style loss=82606462500000.0000, tv loss=16168371.0000
L-BFGS | iteration: 246, total loss=81987134029824.0000, content_loss=1686462500.0000, style loss=81985434375000.0000, tv loss=16169016.0000
L-BFGS | iteration: 247, total loss=81354591043584.0000, content_loss=1683174609.3750, style loss=81352884375000.0000, tv loss=16188373.0000
L-BFGS | iteration: 248, total loss=80370489884672.0000, content_loss=1686595312.5000, style loss=80368790625000.0000, tv loss=16199057.0000
L-BFGS | iteration: 249, total loss=79868918235136.0000, content_loss=1685597851.5625, style loss=79867218750000.0000, tv loss=16199016.0000
L-BFGS | iteration: 250, total loss=79183459909632.0000, content_loss=1686075976.5625, style loss=79181756250000.0000, tv loss=16190291.0000
L-BFGS | iteration: 251, total loss=78257953177600.0000, content_loss=1688177929.6875, style loss=78256251562500.0000, tv loss=16184504.0000
L-BFGS | iteration: 252, total loss=77320610119680.0000, content_loss=1691129296.8750, style loss=77318896875000.0000, tv loss=16196736.0000
L-BFGS | iteration: 253, total loss=76411956101120.0000, content_loss=1692463085.9375, style loss=76410248437500.0000, tv loss=16184786.0000
L-BFGS | iteration: 254, total loss=76030911971328.0000, content_loss=1692873632.8125, style loss=76029201562500.0000, tv loss=16203614.0000
L-BFGS | iteration: 255, total loss=75714938273792.0000, content_loss=1698216601.5625, style loss=75713226562500.0000, tv loss=16219561.0000
L-BFGS | iteration: 256, total loss=74994616893440.0000, content_loss=1693579296.8750, style loss=74992907812500.0000, tv loss=16215288.0000
L-BFGS | iteration: 257, total loss=74723924901888.0000, content_loss=1691912304.6875, style loss=74722214062500.0000, tv loss=16204912.0000
L-BFGS | iteration: 258, total loss=74382416281600.0000, content_loss=1690524609.3750, style loss=74380701562500.0000, tv loss=16203907.0000
L-BFGS | iteration: 259, total loss=73747339935744.0000, content_loss=1689663671.8750, style loss=73745634375000.0000, tv loss=16207550.0000
L-BFGS | iteration: 260, total loss=72896550535168.0000, content_loss=1692256640.6250, style loss=72894839062500.0000, tv loss=16206882.0000
L-BFGS | iteration: 261, total loss=72121510264832.0000, content_loss=1694704882.8125, style loss=72119798437500.0000, tv loss=16216913.0000
L-BFGS | iteration: 262, total loss=71581535567872.0000, content_loss=1696971289.0625, style loss=71579821875000.0000, tv loss=16216454.0000
L-BFGS | iteration: 263, total loss=70939656060928.0000, content_loss=1697265039.0625, style loss=70937948437500.0000, tv loss=16218240.0000
L-BFGS | iteration: 264, total loss=70383910780928.0000, content_loss=1699765429.6875, style loss=70382189062500.0000, tv loss=16213122.0000
L-BFGS | iteration: 265, total loss=70473501114368.0000, content_loss=1697171875.0000, style loss=70471785937500.0000, tv loss=16235549.0000
L-BFGS | iteration: 266, total loss=70025037742080.0000, content_loss=1698585937.5000, style loss=70023323437500.0000, tv loss=16223948.0000
L-BFGS | iteration: 267, total loss=69595612315648.0000, content_loss=1700740820.3125, style loss=69593896875000.0000, tv loss=16238983.0000
L-BFGS | iteration: 268, total loss=69093491212288.0000, content_loss=1699122265.6250, style loss=69091776562500.0000, tv loss=16230374.0000
L-BFGS | iteration: 269, total loss=68702879875072.0000, content_loss=1698962500.0000, style loss=68701162500000.0000, tv loss=16221896.0000
L-BFGS | iteration: 270, total loss=68149915418624.0000, content_loss=1698579492.1875, style loss=68148201562500.0000, tv loss=16214421.0000
L-BFGS | iteration: 271, total loss=67556685643776.0000, content_loss=1699640429.6875, style loss=67554970312500.0000, tv loss=16220502.0000
L-BFGS | iteration: 272, total loss=66933978300416.0000, content_loss=1700950781.2500, style loss=66932259375000.0000, tv loss=16207706.0000
L-BFGS | iteration: 273, total loss=66584592777216.0000, content_loss=1698531640.6250, style loss=66582876562500.0000, tv loss=16220157.0000
L-BFGS | iteration: 274, total loss=66204181987328.0000, content_loss=1700960546.8750, style loss=66202462500000.0000, tv loss=16234694.0000
L-BFGS | iteration: 275, total loss=65943145283584.0000, content_loss=1701257421.8750, style loss=65941425000000.0000, tv loss=16231647.0000
L-BFGS | iteration: 276, total loss=65382824017920.0000, content_loss=1699731445.3125, style loss=65381109375000.0000, tv loss=16231717.0000
L-BFGS | iteration: 277, total loss=64818342002688.0000, content_loss=1704051953.1250, style loss=64816621875000.0000, tv loss=16228280.0000
L-BFGS | iteration: 278, total loss=64441693503488.0000, content_loss=1704288281.2500, style loss=64439971875000.0000, tv loss=16234719.0000
L-BFGS | iteration: 279, total loss=64198277070848.0000, content_loss=1702871679.6875, style loss=64196559375000.0000, tv loss=16245599.0000
L-BFGS | iteration: 280, total loss=63678405672960.0000, content_loss=1705104492.1875, style loss=63676682812500.0000, tv loss=16245180.0000
L-BFGS | iteration: 281, total loss=63196807299072.0000, content_loss=1704596875.0000, style loss=63195089062500.0000, tv loss=16238268.0000
L-BFGS | iteration: 282, total loss=62818246197248.0000, content_loss=1702822460.9375, style loss=62816526562500.0000, tv loss=16234750.0000
L-BFGS | iteration: 283, total loss=62274920251392.0000, content_loss=1705591210.9375, style loss=62273198437500.0000, tv loss=16229120.0000
L-BFGS | iteration: 284, total loss=61877560279040.0000, content_loss=1706558789.0625, style loss=61875834375000.0000, tv loss=16235086.0000
L-BFGS | iteration: 285, total loss=61186305425408.0000, content_loss=1707857812.5000, style loss=61184582812500.0000, tv loss=16247860.0000
L-BFGS | iteration: 286, total loss=60725703737344.0000, content_loss=1710373242.1875, style loss=60723975000000.0000, tv loss=16241390.0000
L-BFGS | iteration: 287, total loss=60379031928832.0000, content_loss=1706800000.0000, style loss=60377306250000.0000, tv loss=16236814.0000
L-BFGS | iteration: 288, total loss=60374351085568.0000, content_loss=1708532421.8750, style loss=60372628125000.0000, tv loss=16232991.0000
L-BFGS | iteration: 289, total loss=59864843812864.0000, content_loss=1709481640.6250, style loss=59863115625000.0000, tv loss=16237419.0000
L-BFGS | iteration: 290, total loss=59666235129856.0000, content_loss=1708993164.0625, style loss=59664510937500.0000, tv loss=16238494.0000
L-BFGS | iteration: 291, total loss=59396436525056.0000, content_loss=1709354882.8125, style loss=59394707812500.0000, tv loss=16241140.0000
L-BFGS | iteration: 292, total loss=58875449442304.0000, content_loss=1708633398.4375, style loss=58873725000000.0000, tv loss=16245953.0000
L-BFGS | iteration: 293, total loss=58412851265536.0000, content_loss=1710096289.0625, style loss=58411125000000.0000, tv loss=16248949.0000
L-BFGS | iteration: 294, total loss=58073343328256.0000, content_loss=1709845703.1250, style loss=58071614062500.0000, tv loss=16244946.0000
L-BFGS | iteration: 295, total loss=57966363410432.0000, content_loss=1706598437.5000, style loss=57964640625000.0000, tv loss=16245498.0000
L-BFGS | iteration: 296, total loss=57825367687168.0000, content_loss=1708139453.1250, style loss=57823645312500.0000, tv loss=16244986.0000
L-BFGS | iteration: 297, total loss=57394256150528.0000, content_loss=1709459765.6250, style loss=57392526562500.0000, tv loss=16242100.0000
L-BFGS | iteration: 298, total loss=56895243026432.0000, content_loss=1711006640.6250, style loss=56893514062500.0000, tv loss=16234982.0000
L-BFGS | iteration: 299, total loss=56871352270848.0000, content_loss=1709067187.5000, style loss=56869626562500.0000, tv loss=16232248.0000
L-BFGS | iteration: 300, total loss=56601318785024.0000, content_loss=1710217578.1250, style loss=56599589062500.0000, tv loss=16232918.0000
L-BFGS | iteration: 301, total loss=56153606193152.0000, content_loss=1712753906.2500, style loss=56151876562500.0000, tv loss=16231694.0000
L-BFGS | iteration: 302, total loss=55828912537600.0000, content_loss=1712722656.2500, style loss=55827182812500.0000, tv loss=16227920.0000
L-BFGS | iteration: 303, total loss=55526637436928.0000, content_loss=1712814257.8125, style loss=55524909375000.0000, tv loss=16229040.0000
L-BFGS | iteration: 304, total loss=55016220000256.0000, content_loss=1711656445.3125, style loss=55014492187500.0000, tv loss=16230880.0000
L-BFGS | iteration: 305, total loss=54914290024448.0000, content_loss=1717202343.7500, style loss=54912557812500.0000, tv loss=16234628.0000
L-BFGS | iteration: 306, total loss=54679664852992.0000, content_loss=1714623437.5000, style loss=54677934375000.0000, tv loss=16237022.0000
L-BFGS | iteration: 307, total loss=54336566591488.0000, content_loss=1713830273.4375, style loss=54334832812500.0000, tv loss=16230968.0000
L-BFGS | iteration: 308, total loss=54143360172032.0000, content_loss=1715077148.4375, style loss=54141628125000.0000, tv loss=16230123.0000
L-BFGS | iteration: 309, total loss=53849008111616.0000, content_loss=1715907226.5625, style loss=53847276562500.0000, tv loss=16227622.0000
L-BFGS | iteration: 310, total loss=53540328308736.0000, content_loss=1716334375.0000, style loss=53538595312500.0000, tv loss=16226018.0000
L-BFGS | iteration: 311, total loss=53130679025664.0000, content_loss=1713513671.8750, style loss=53128945312500.0000, tv loss=16222836.0000
L-BFGS | iteration: 312, total loss=52724196442112.0000, content_loss=1715493164.0625, style loss=52722464062500.0000, tv loss=16221358.0000
L-BFGS | iteration: 313, total loss=52534689398784.0000, content_loss=1713962500.0000, style loss=52532957812500.0000, tv loss=16224334.0000
L-BFGS | iteration: 314, total loss=52291465904128.0000, content_loss=1715424414.0625, style loss=52289732812500.0000, tv loss=16222400.0000
L-BFGS | iteration: 315, total loss=51843765895168.0000, content_loss=1716651562.5000, style loss=51842034375000.0000, tv loss=16215961.0000
L-BFGS | iteration: 316, total loss=51382912548864.0000, content_loss=1719353515.6250, style loss=51381178125000.0000, tv loss=16222064.0000
L-BFGS | iteration: 317, total loss=51221519925248.0000, content_loss=1716493359.3750, style loss=51219787500000.0000, tv loss=16211298.0000
L-BFGS | iteration: 318, total loss=50958906163200.0000, content_loss=1718012304.6875, style loss=50957170312500.0000, tv loss=16205300.0000
L-BFGS | iteration: 319, total loss=50707105316864.0000, content_loss=1718754687.5000, style loss=50705367187500.0000, tv loss=16211529.0000
L-BFGS | iteration: 320, total loss=50557586767872.0000, content_loss=1718097070.3125, style loss=50555850000000.0000, tv loss=16211220.0000
L-BFGS | iteration: 321, total loss=50298273923072.0000, content_loss=1718560546.8750, style loss=50296537500000.0000, tv loss=16212188.0000
L-BFGS | iteration: 322, total loss=49937274372096.0000, content_loss=1719957421.8750, style loss=49935539062500.0000, tv loss=16207420.0000
L-BFGS | iteration: 323, total loss=49633808089088.0000, content_loss=1722337695.3125, style loss=49632065625000.0000, tv loss=16205846.0000
L-BFGS | iteration: 324, total loss=49473879277568.0000, content_loss=1720923632.8125, style loss=49472142187500.0000, tv loss=16204633.0000
L-BFGS | iteration: 325, total loss=49262616379392.0000, content_loss=1724078710.9375, style loss=49260876562500.0000, tv loss=16200939.0000
L-BFGS | iteration: 326, total loss=49055187075072.0000, content_loss=1722911718.7500, style loss=49053445312500.0000, tv loss=16201074.0000
L-BFGS | iteration: 327, total loss=48916506607616.0000, content_loss=1722037304.6875, style loss=48914765625000.0000, tv loss=16200869.0000
L-BFGS | iteration: 328, total loss=48767134859264.0000, content_loss=1721566992.1875, style loss=48765398437500.0000, tv loss=16200424.0000
L-BFGS | iteration: 329, total loss=48470371074048.0000, content_loss=1721272265.6250, style loss=48468632812500.0000, tv loss=16197438.0000
L-BFGS | iteration: 330, total loss=48023598006272.0000, content_loss=1722788085.9375, style loss=48021857812500.0000, tv loss=16192266.0000
L-BFGS | iteration: 331, total loss=47756597002240.0000, content_loss=1723283984.3750, style loss=47754857812500.0000, tv loss=16183782.0000
L-BFGS | iteration: 332, total loss=47546374291456.0000, content_loss=1723561718.7500, style loss=47544632812500.0000, tv loss=16181691.0000
L-BFGS | iteration: 333, total loss=47304165818368.0000, content_loss=1725335351.5625, style loss=47302425000000.0000, tv loss=16182208.0000
L-BFGS | iteration: 334, total loss=47136305577984.0000, content_loss=1723915429.6875, style loss=47134565625000.0000, tv loss=16178786.0000
L-BFGS | iteration: 335, total loss=46990759034880.0000, content_loss=1723592773.4375, style loss=46989018750000.0000, tv loss=16175454.0000
L-BFGS | iteration: 336, total loss=46825633480704.0000, content_loss=1722891796.8750, style loss=46823892187500.0000, tv loss=16176107.0000
L-BFGS | iteration: 337, total loss=46610427936768.0000, content_loss=1722538476.5625, style loss=46608689062500.0000, tv loss=16178194.0000
L-BFGS | iteration: 338, total loss=46412440010752.0000, content_loss=1723328710.9375, style loss=46410698437500.0000, tv loss=16177178.0000
L-BFGS | iteration: 339, total loss=46194575278080.0000, content_loss=1721854492.1875, style loss=46192832812500.0000, tv loss=16171524.0000
L-BFGS | iteration: 340, total loss=45924885725184.0000, content_loss=1722658984.3750, style loss=45923146875000.0000, tv loss=16168146.0000
L-BFGS | iteration: 341, total loss=45671449100288.0000, content_loss=1721816015.6250, style loss=45669707812500.0000, tv loss=16166160.0000
L-BFGS | iteration: 342, total loss=45346134687744.0000, content_loss=1723121093.7500, style loss=45344395312500.0000, tv loss=16162478.0000
L-BFGS | iteration: 343, total loss=45170431098880.0000, content_loss=1722317578.1250, style loss=45168689062500.0000, tv loss=16161410.0000
L-BFGS | iteration: 344, total loss=44996275208192.0000, content_loss=1724047851.5625, style loss=44994534375000.0000, tv loss=16160663.0000
L-BFGS | iteration: 345, total loss=45443887136768.0000, content_loss=1722729687.5000, style loss=45442148437500.0000, tv loss=16159347.0000
L-BFGS | iteration: 346, total loss=44868097277952.0000, content_loss=1723902929.6875, style loss=44866354687500.0000, tv loss=16159705.0000
L-BFGS | iteration: 347, total loss=44707040198656.0000, content_loss=1724757031.2500, style loss=44705301562500.0000, tv loss=16158064.0000
L-BFGS | iteration: 348, total loss=44466580750336.0000, content_loss=1725180078.1250, style loss=44464842187500.0000, tv loss=16153020.0000
L-BFGS | iteration: 349, total loss=44235705286656.0000, content_loss=1726734960.9375, style loss=44233959375000.0000, tv loss=16149892.0000
L-BFGS | iteration: 350, total loss=44110094270464.0000, content_loss=1724725976.5625, style loss=44108353125000.0000, tv loss=16145267.0000
L-BFGS | iteration: 351, total loss=43929504317440.0000, content_loss=1724931054.6875, style loss=43927762500000.0000, tv loss=16142505.0000
L-BFGS | iteration: 352, total loss=43747450552320.0000, content_loss=1725024414.0625, style loss=43745709375000.0000, tv loss=16142436.0000
L-BFGS | iteration: 353, total loss=43601836900352.0000, content_loss=1724934179.6875, style loss=43600096875000.0000, tv loss=16140084.0000
L-BFGS | iteration: 354, total loss=43405937737728.0000, content_loss=1725681250.0000, style loss=43404196875000.0000, tv loss=16136459.0000
L-BFGS | iteration: 355, total loss=43204833443840.0000, content_loss=1724722656.2500, style loss=43203093750000.0000, tv loss=16129116.0000
L-BFGS | iteration: 356, total loss=43036906094592.0000, content_loss=1727571679.6875, style loss=43035159375000.0000, tv loss=16127196.0000
L-BFGS | iteration: 357, total loss=42886989086720.0000, content_loss=1727324023.4375, style loss=42885243750000.0000, tv loss=16123918.0000
L-BFGS | iteration: 358, total loss=42759691960320.0000, content_loss=1726969531.2500, style loss=42757945312500.0000, tv loss=16124616.0000
L-BFGS | iteration: 359, total loss=42509904379904.0000, content_loss=1726945898.4375, style loss=42508157812500.0000, tv loss=16124504.0000
L-BFGS | iteration: 360, total loss=42287610462208.0000, content_loss=1728042187.5000, style loss=42285867187500.0000, tv loss=16121748.0000
L-BFGS | iteration: 361, total loss=42117523046400.0000, content_loss=1727381250.0000, style loss=42115776562500.0000, tv loss=16118662.0000
L-BFGS | iteration: 362, total loss=41844670988288.0000, content_loss=1729300195.3125, style loss=41842926562500.0000, tv loss=16118382.0000
L-BFGS | iteration: 363, total loss=41706183458816.0000, content_loss=1728711718.7500, style loss=41704439062500.0000, tv loss=16112135.0000
L-BFGS | iteration: 364, total loss=41604207345664.0000, content_loss=1729615429.6875, style loss=41602462500000.0000, tv loss=16110258.0000
L-BFGS | iteration: 365, total loss=41421839007744.0000, content_loss=1729521484.3750, style loss=41420095312500.0000, tv loss=16104808.0000
L-BFGS | iteration: 366, total loss=41216766902272.0000, content_loss=1729085937.5000, style loss=41215021875000.0000, tv loss=16093177.0000
L-BFGS | iteration: 367, total loss=41102648279040.0000, content_loss=1729796875.0000, style loss=41100904687500.0000, tv loss=16092206.0000
L-BFGS | iteration: 368, total loss=40913258676224.0000, content_loss=1731246875.0000, style loss=40911510937500.0000, tv loss=16093418.0000
L-BFGS | iteration: 369, total loss=40776759246848.0000, content_loss=1729508593.7500, style loss=40775015625000.0000, tv loss=16085130.0000
L-BFGS | iteration: 370, total loss=40677408768000.0000, content_loss=1729777929.6875, style loss=40675664062500.0000, tv loss=16083286.0000
L-BFGS | iteration: 371, total loss=40508831301632.0000, content_loss=1730058789.0625, style loss=40507087500000.0000, tv loss=16081370.0000
L-BFGS | iteration: 372, total loss=40323094937600.0000, content_loss=1730197070.3125, style loss=40321345312500.0000, tv loss=16078260.0000
L-BFGS | iteration: 373, total loss=40113035804672.0000, content_loss=1729997851.5625, style loss=40111289062500.0000, tv loss=16074775.0000
L-BFGS | iteration: 374, total loss=39979896012800.0000, content_loss=1732286328.1250, style loss=39978145312500.0000, tv loss=16073446.0000
L-BFGS | iteration: 375, total loss=39885738082304.0000, content_loss=1730530468.7500, style loss=39883987500000.0000, tv loss=16071383.0000
L-BFGS | iteration: 376, total loss=39763704807424.0000, content_loss=1731879687.5000, style loss=39761957812500.0000, tv loss=16072062.0000
L-BFGS | iteration: 377, total loss=39677914513408.0000, content_loss=1731906640.6250, style loss=39676167187500.0000, tv loss=16069026.0000
L-BFGS | iteration: 378, total loss=39502106066944.0000, content_loss=1731892968.7500, style loss=39500357812500.0000, tv loss=16061866.0000
L-BFGS | iteration: 379, total loss=39314847170560.0000, content_loss=1731735156.2500, style loss=39313099218750.0000, tv loss=16056174.0000
L-BFGS | iteration: 380, total loss=39177475325952.0000, content_loss=1732109765.6250, style loss=39175725000000.0000, tv loss=16052117.0000
L-BFGS | iteration: 381, total loss=39034848018432.0000, content_loss=1733159375.0000, style loss=39033100781250.0000, tv loss=16051630.0000
L-BFGS | iteration: 382, total loss=38925900972032.0000, content_loss=1731853125.0000, style loss=38924153906250.0000, tv loss=16049170.0000
L-BFGS | iteration: 383, total loss=38848113410048.0000, content_loss=1732250976.5625, style loss=38846362500000.0000, tv loss=16048090.0000
L-BFGS | iteration: 384, total loss=38650041597952.0000, content_loss=1733144921.8750, style loss=38648292187500.0000, tv loss=16041954.0000
L-BFGS | iteration: 385, total loss=38476196085760.0000, content_loss=1736371679.6875, style loss=38474442187500.0000, tv loss=16041200.0000
L-BFGS | iteration: 386, total loss=38362253623296.0000, content_loss=1735205273.4375, style loss=38360498437500.0000, tv loss=16033972.0000
L-BFGS | iteration: 387, total loss=38243248635904.0000, content_loss=1735110937.5000, style loss=38241494531250.0000, tv loss=16030848.0000
L-BFGS | iteration: 388, total loss=38114831630336.0000, content_loss=1735460742.1875, style loss=38113080468750.0000, tv loss=16029525.0000
L-BFGS | iteration: 389, total loss=37933125992448.0000, content_loss=1735681054.6875, style loss=37931374218750.0000, tv loss=16028869.0000
L-BFGS | iteration: 390, total loss=37800393048064.0000, content_loss=1735821484.3750, style loss=37798638281250.0000, tv loss=16022931.0000
L-BFGS | iteration: 391, total loss=37666695413760.0000, content_loss=1735433203.1250, style loss=37664943750000.0000, tv loss=16020788.0000
L-BFGS | iteration: 392, total loss=37572348739584.0000, content_loss=1735338281.2500, style loss=37570593750000.0000, tv loss=16017818.0000
L-BFGS | iteration: 393, total loss=37490295570432.0000, content_loss=1736732812.5000, style loss=37488541406250.0000, tv loss=16016124.0000
L-BFGS | iteration: 394, total loss=37668608016384.0000, content_loss=1734772851.5625, style loss=37666853906250.0000, tv loss=16007884.0000
L-BFGS | iteration: 395, total loss=37421269909504.0000, content_loss=1736228710.9375, style loss=37419517968750.0000, tv loss=16012492.0000
L-BFGS | iteration: 396, total loss=37322359832576.0000, content_loss=1736702539.0625, style loss=37320607031250.0000, tv loss=16010121.0000
L-BFGS | iteration: 397, total loss=37166105231360.0000, content_loss=1737335156.2500, style loss=37164353906250.0000, tv loss=16005995.0000
L-BFGS | iteration: 398, total loss=37007958999040.0000, content_loss=1737793750.0000, style loss=37006204687500.0000, tv loss=16002434.0000
L-BFGS | iteration: 399, total loss=36837020139520.0000, content_loss=1738462109.3750, style loss=36835267968750.0000, tv loss=15999687.0000
L-BFGS | iteration: 400, total loss=36740995743744.0000, content_loss=1737724023.4375, style loss=36739242187500.0000, tv loss=15995266.0000
L-BFGS | iteration: 401, total loss=36644220567552.0000, content_loss=1739381835.9375, style loss=36642461718750.0000, tv loss=15993187.0000
L-BFGS | iteration: 402, total loss=36527652470784.0000, content_loss=1738391210.9375, style loss=36525900000000.0000, tv loss=15990062.0000
L-BFGS | iteration: 403, total loss=36463601254400.0000, content_loss=1738076171.8750, style loss=36461847656250.0000, tv loss=15988112.0000
L-BFGS | iteration: 404, total loss=36381900406784.0000, content_loss=1738477734.3750, style loss=36380149218750.0000, tv loss=15986144.0000
L-BFGS | iteration: 405, total loss=36237280804864.0000, content_loss=1738887304.6875, style loss=36235523437500.0000, tv loss=15981564.0000
L-BFGS | iteration: 406, total loss=36089058295808.0000, content_loss=1740687304.6875, style loss=36087300000000.0000, tv loss=15979676.0000
L-BFGS | iteration: 407, total loss=36011505614848.0000, content_loss=1739744726.5625, style loss=36009750000000.0000, tv loss=15975148.0000
L-BFGS | iteration: 408, total loss=35892009893888.0000, content_loss=1740204882.8125, style loss=35890253906250.0000, tv loss=15974950.0000
L-BFGS | iteration: 409, total loss=35782907658240.0000, content_loss=1740286914.0625, style loss=35781150000000.0000, tv loss=15973686.0000
L-BFGS | iteration: 410, total loss=35656734605312.0000, content_loss=1741363085.9375, style loss=35654978906250.0000, tv loss=15970828.0000
L-BFGS | iteration: 411, total loss=35510273703936.0000, content_loss=1741392968.7500, style loss=35508517968750.0000, tv loss=15963442.0000
L-BFGS | iteration: 412, total loss=35379293978624.0000, content_loss=1743334765.6250, style loss=35377530468750.0000, tv loss=15961098.0000
L-BFGS | iteration: 413, total loss=35323467792384.0000, content_loss=1742873632.8125, style loss=35321704687500.0000, tv loss=15958233.0000
L-BFGS | iteration: 414, total loss=35218824101888.0000, content_loss=1742470312.5000, style loss=35217067968750.0000, tv loss=15955727.0000
L-BFGS | iteration: 415, total loss=35070398169088.0000, content_loss=1742332421.8750, style loss=35068638281250.0000, tv loss=15953425.0000
L-BFGS | iteration: 416, total loss=34943071682560.0000, content_loss=1741980078.1250, style loss=34941311718750.0000, tv loss=15946456.0000
L-BFGS | iteration: 417, total loss=34814904238080.0000, content_loss=1743405273.4375, style loss=34813143750000.0000, tv loss=15946190.0000
L-BFGS | iteration: 418, total loss=34798653407232.0000, content_loss=1743108398.4375, style loss=34796894531250.0000, tv loss=15943536.0000
L-BFGS | iteration: 419, total loss=34765101072384.0000, content_loss=1743354687.5000, style loss=34763341406250.0000, tv loss=15944532.0000
L-BFGS | iteration: 420, total loss=34655812190208.0000, content_loss=1744035742.1875, style loss=34654050000000.0000, tv loss=15941537.0000
L-BFGS | iteration: 421, total loss=34535104315392.0000, content_loss=1744793945.3125, style loss=34533342187500.0000, tv loss=15938257.0000
L-BFGS | iteration: 422, total loss=34419205210112.0000, content_loss=1744582226.5625, style loss=34417443750000.0000, tv loss=15936236.0000
L-BFGS | iteration: 423, total loss=34321821859840.0000, content_loss=1744062304.6875, style loss=34320060937500.0000, tv loss=15932977.0000
L-BFGS | iteration: 424, total loss=34196372324352.0000, content_loss=1744240625.0000, style loss=34194611718750.0000, tv loss=15931098.0000
L-BFGS | iteration: 425, total loss=34266079559680.0000, content_loss=1742016992.1875, style loss=34264319531250.0000, tv loss=15925651.0000
L-BFGS | iteration: 426, total loss=34136603492352.0000, content_loss=1743417187.5000, style loss=34134843750000.0000, tv loss=15928446.0000
L-BFGS | iteration: 427, total loss=34026937122816.0000, content_loss=1744048437.5000, style loss=34025175000000.0000, tv loss=15924628.0000
L-BFGS | iteration: 428, total loss=33915798552576.0000, content_loss=1744534570.3125, style loss=33914036718750.0000, tv loss=15921161.0000
L-BFGS | iteration: 429, total loss=33793041760256.0000, content_loss=1745051171.8750, style loss=33791280468750.0000, tv loss=15916172.0000
L-BFGS | iteration: 430, total loss=33659602075648.0000, content_loss=1744756054.6875, style loss=33657841406250.0000, tv loss=15912102.0000
L-BFGS | iteration: 431, total loss=33554306170880.0000, content_loss=1745175585.9375, style loss=33552543750000.0000, tv loss=15911072.0000
L-BFGS | iteration: 432, total loss=33466135609344.0000, content_loss=1745691015.6250, style loss=33464374218750.0000, tv loss=15909138.0000
L-BFGS | iteration: 433, total loss=33698325987328.0000, content_loss=1742598632.8125, style loss=33696567187500.0000, tv loss=15903475.0000
L-BFGS | iteration: 434, total loss=33418649796608.0000, content_loss=1744871289.0625, style loss=33416887500000.0000, tv loss=15906898.0000
L-BFGS | iteration: 435, total loss=33331131449344.0000, content_loss=1745290429.6875, style loss=33329369531250.0000, tv loss=15906150.0000
L-BFGS | iteration: 436, total loss=33177093537792.0000, content_loss=1745988671.8750, style loss=33175328906250.0000, tv loss=15901434.0000
L-BFGS | iteration: 437, total loss=33066661707776.0000, content_loss=1745287695.3125, style loss=33064900781250.0000, tv loss=15898034.0000
L-BFGS | iteration: 438, total loss=32964551376896.0000, content_loss=1746159375.0000, style loss=32962788281250.0000, tv loss=15896172.0000
L-BFGS | iteration: 439, total loss=33035646926848.0000, content_loss=1744604101.5625, style loss=33033885937500.0000, tv loss=15888464.0000
L-BFGS | iteration: 440, total loss=32900261085184.0000, content_loss=1745644726.5625, style loss=32898499218750.0000, tv loss=15892390.0000
L-BFGS | iteration: 441, total loss=32817926897664.0000, content_loss=1746173632.8125, style loss=32816163281250.0000, tv loss=15888478.0000
L-BFGS | iteration: 442, total loss=32725738192896.0000, content_loss=1745964062.5000, style loss=32723974218750.0000, tv loss=15884546.0000
L-BFGS | iteration: 443, total loss=32616717746176.0000, content_loss=1746628125.0000, style loss=32614954687500.0000, tv loss=15880784.0000
L-BFGS | iteration: 444, total loss=32508976562176.0000, content_loss=1746683203.1250, style loss=32507212500000.0000, tv loss=15877389.0000
L-BFGS | iteration: 445, total loss=32425656713216.0000, content_loss=1746638867.1875, style loss=32423892187500.0000, tv loss=15874719.0000
L-BFGS | iteration: 446, total loss=32369857789952.0000, content_loss=1748864062.5000, style loss=32368092187500.0000, tv loss=15875596.0000
L-BFGS | iteration: 447, total loss=32285382410240.0000, content_loss=1747413085.9375, style loss=32283618750000.0000, tv loss=15873074.0000
L-BFGS | iteration: 448, total loss=32218621673472.0000, content_loss=1747407226.5625, style loss=32216857031250.0000, tv loss=15871714.0000
L-BFGS | iteration: 449, total loss=32148616642560.0000, content_loss=1747777539.0625, style loss=32146853906250.0000, tv loss=15868966.0000
L-BFGS | iteration: 450, total loss=32049870143488.0000, content_loss=1748382812.5000, style loss=32048104687500.0000, tv loss=15865203.0000
L-BFGS | iteration: 451, total loss=31922040340480.0000, content_loss=1748646289.0625, style loss=31920274218750.0000, tv loss=15860552.0000
L-BFGS | iteration: 452, total loss=31825565057024.0000, content_loss=1748986132.8125, style loss=31823798437500.0000, tv loss=15854163.0000
L-BFGS | iteration: 453, total loss=31732015300608.0000, content_loss=1749625781.2500, style loss=31730250000000.0000, tv loss=15854509.0000
L-BFGS | iteration: 454, total loss=31704777490432.0000, content_loss=1748906445.3125, style loss=31703010937500.0000, tv loss=15852541.0000
L-BFGS | iteration: 455, total loss=31620933353472.0000, content_loss=1749634765.6250, style loss=31619167968750.0000, tv loss=15852540.0000
L-BFGS | iteration: 456, total loss=31540052492288.0000, content_loss=1749657421.8750, style loss=31538287500000.0000, tv loss=15850919.0000
L-BFGS | iteration: 457, total loss=31446379003904.0000, content_loss=1748994726.5625, style loss=31444612500000.0000, tv loss=15847622.0000
L-BFGS | iteration: 458, total loss=31360842465280.0000, content_loss=1750206250.0000, style loss=31359075000000.0000, tv loss=15847650.0000
L-BFGS | iteration: 459, total loss=31293309976576.0000, content_loss=1750072656.2500, style loss=31291544531250.0000, tv loss=15846193.0000
L-BFGS | iteration: 460, total loss=31189698084864.0000, content_loss=1749803125.0000, style loss=31187932031250.0000, tv loss=15844331.0000
L-BFGS | iteration: 461, total loss=31096662130688.0000, content_loss=1751030273.4375, style loss=31094894531250.0000, tv loss=15842334.0000
L-BFGS | iteration: 462, total loss=31021972062208.0000, content_loss=1751338867.1875, style loss=31020203906250.0000, tv loss=15839650.0000
L-BFGS | iteration: 463, total loss=30932679524352.0000, content_loss=1751047656.2500, style loss=30930911718750.0000, tv loss=15835134.0000
L-BFGS | iteration: 464, total loss=30850901082112.0000, content_loss=1752018945.3125, style loss=30849133593750.0000, tv loss=15832463.0000
L-BFGS | iteration: 465, total loss=30790259834880.0000, content_loss=1751632421.8750, style loss=30788491406250.0000, tv loss=15829488.0000
L-BFGS | iteration: 466, total loss=30702053621760.0000, content_loss=1751529101.5625, style loss=30700286718750.0000, tv loss=15826492.0000
L-BFGS | iteration: 467, total loss=30624404471808.0000, content_loss=1751666601.5625, style loss=30622635937500.0000, tv loss=15822370.0000
L-BFGS | iteration: 468, total loss=30520549310464.0000, content_loss=1752747265.6250, style loss=30518779687500.0000, tv loss=15817614.0000
L-BFGS | iteration: 469, total loss=30466342125568.0000, content_loss=1752308203.1250, style loss=30464571093750.0000, tv loss=15816845.0000
L-BFGS | iteration: 470, total loss=30379874451456.0000, content_loss=1753786132.8125, style loss=30378105468750.0000, tv loss=15819827.0000
L-BFGS | iteration: 471, total loss=30327659560960.0000, content_loss=1753471484.3750, style loss=30325889062500.0000, tv loss=15816964.0000
L-BFGS | iteration: 472, total loss=30261305671680.0000, content_loss=1752911914.0625, style loss=30259535156250.0000, tv loss=15814283.0000
L-BFGS | iteration: 473, total loss=30174611505152.0000, content_loss=1752491406.2500, style loss=30172842187500.0000, tv loss=15810698.0000
L-BFGS | iteration: 474, total loss=30071951720448.0000, content_loss=1752417773.4375, style loss=30070181250000.0000, tv loss=15808347.0000
L-BFGS | iteration: 475, total loss=29989007261696.0000, content_loss=1752796093.7500, style loss=29987238281250.0000, tv loss=15806892.0000
L-BFGS | iteration: 476, total loss=29935097872384.0000, content_loss=1752026171.8750, style loss=29933329687500.0000, tv loss=15803535.0000
L-BFGS | iteration: 477, total loss=29866879614976.0000, content_loss=1752914453.1250, style loss=29865110156250.0000, tv loss=15801775.0000
L-BFGS | iteration: 478, total loss=29802289430528.0000, content_loss=1753236523.4375, style loss=29800518750000.0000, tv loss=15800694.0000
