C:\Users\user\AppData\Roaming\Python\Python313\site-packages\torchvision\models\_utils.py:208: UserWarning: The parameter 'pretrained' is deprecated since 0.13 and may be removed in the future, please use 'weights' instead.
  warnings.warn(
C:\Users\user\AppData\Roaming\Python\Python313\site-packages\torchvision\models\_utils.py:223: UserWarning: Arguments other than a weight enum or `None` for 'weights' are deprecated since 0.13 and may be removed in the future. The current behavior is equivalent to passing `weights=VGG19_Weights.IMAGENET1K_V1`. You can also use `weights=VGG19_Weights.DEFAULT` to get the most up-to-date weights.
  warnings.warn(msg)
Using VGG19 in the optimization procedure.
L-BFGS | iteration: 000, total loss=314547324401483776.0000, content_loss=      0.0000, style loss=314547340800000000.0000, tv loss=43761576.0000
L-BFGS | iteration: 001, total loss=314547290041745408.0000, content_loss=    100.5324, style loss=314547283200000000.0000, tv loss=43761576.0000
L-BFGS | iteration: 002, total loss=314546946444361728.0000, content_loss=    137.7029, style loss=314546937600000000.0000, tv loss=43761584.0000
L-BFGS | iteration: 003, total loss=314545846932733952.0000, content_loss=    182.5355, style loss=314545862400000000.0000, tv loss=43761604.0000
L-BFGS | iteration: 004, total loss=314540280655118336.0000, content_loss=    238.1412, style loss=314540294400000000.0000, tv loss=43761732.0000
L-BFGS | iteration: 005, total loss=314509356890587136.0000, content_loss=    492.1712, style loss=314509344000000000.0000, tv loss=43762436.0000
L-BFGS | iteration: 006, total loss=314340238258339840.0000, content_loss=   4392.4265, style loss=314340249600000000.0000, tv loss=43766320.0000
L-BFGS | iteration: 007, total loss=313412834560049152.0000, content_loss= 115991.6878, style loss=313412851200000000.0000, tv loss=43787684.0000
L-BFGS | iteration: 008, total loss=308387310506868736.0000, content_loss=3130484.0088, style loss=308387308800000000.0000, tv loss=43905600.0000
L-BFGS | iteration: 009, total loss=283525668975673344.0000, content_loss=60257055.6641, style loss=283525670400000000.0000, tv loss=44605564.0000
L-BFGS | iteration: 010, total loss=146176188262383616.0000, content_loss=1376066894.5312, style loss=146176195200000000.0000, tv loss=55934812.0000
L-BFGS | iteration: 011, total loss=120079142338166784.0000, content_loss=2745486132.8125, style loss=120079142400000000.0000, tv loss=63180164.0000
L-BFGS | iteration: 012, total loss=81423242673258496.0000, content_loss=2170407226.5625, style loss=81423244800000000.0000, tv loss=61366576.0000
L-BFGS | iteration: 013, total loss=67421301395947520.0000, content_loss=2339763671.8750, style loss=67421299200000000.0000, tv loss=62434148.0000
L-BFGS | iteration: 014, total loss=54206133702754304.0000, content_loss=2824908203.1250, style loss=54206131200000000.0000, tv loss=65329288.0000
L-BFGS | iteration: 015, total loss=45204054049030144.0000, content_loss=2951242968.7500, style loss=45204048000000000.0000, tv loss=66675080.0000
L-BFGS | iteration: 016, total loss=37683394515042304.0000, content_loss=2905472265.6250, style loss=37683391200000000.0000, tv loss=66915016.0000
L-BFGS | iteration: 017, total loss=31663561910517760.0000, content_loss=2876087304.6875, style loss=31663560000000000.0000, tv loss=67062320.0000
L-BFGS | iteration: 018, total loss=26404417406238720.0000, content_loss=2935337304.6875, style loss=26404416000000000.0000, tv loss=67632576.0000
L-BFGS | iteration: 019, total loss=21633859791618048.0000, content_loss=3050901757.8125, style loss=21633856800000000.0000, tv loss=68567128.0000
L-BFGS | iteration: 020, total loss=18042459678310400.0000, content_loss=3126637304.6875, style loss=18042457200000000.0000, tv loss=69271712.0000
L-BFGS | iteration: 021, total loss=15169606519881728.0000, content_loss=3114658203.1250, style loss=15169603200000000.0000, tv loss=69493600.0000
L-BFGS | iteration: 022, total loss=12900347664138240.0000, content_loss=3092686718.7500, style loss=12900344400000000.0000, tv loss=69704864.0000
L-BFGS | iteration: 023, total loss=11028204705808384.0000, content_loss=3135570898.4375, style loss=11028201600000000.0000, tv loss=70289752.0000
L-BFGS | iteration: 024, total loss=9345485911359488.0000, content_loss=3214216796.8750, style loss=9345483000000000.0000, tv loss=71101472.0000
L-BFGS | iteration: 025, total loss=7884209188241408.0000, content_loss=3258781445.3125, style loss=7884205800000000.0000, tv loss=71725600.0000
L-BFGS | iteration: 026, total loss=6753587501727744.0000, content_loss=3353643359.3750, style loss=6753584400000000.0000, tv loss=72283232.0000
L-BFGS | iteration: 027, total loss=8630354529222656.0000, content_loss=3322668750.0000, style loss=8630351400000000.0000, tv loss=72514448.0000
L-BFGS | iteration: 028, total loss=6461645152845824.0000, content_loss=3345246484.3750, style loss=6461641800000000.0000, tv loss=72330232.0000
L-BFGS | iteration: 029, total loss=6051335652769792.0000, content_loss=3321850390.6250, style loss=6051332400000000.0000, tv loss=72157640.0000
L-BFGS | iteration: 030, total loss=5394145526939648.0000, content_loss=3422713281.2500, style loss=5394142200000000.0000, tv loss=72682856.0000
L-BFGS | iteration: 031, total loss=4696573581721600.0000, content_loss=3490878906.2500, style loss=4696569600000000.0000, tv loss=73189376.0000
L-BFGS | iteration: 032, total loss=4413171238436864.0000, content_loss=3498251953.1250, style loss=4413167700000000.0000, tv loss=73312024.0000
L-BFGS | iteration: 033, total loss=5452110405566464.0000, content_loss=3572480078.1250, style loss=5452106400000000.0000, tv loss=74335560.0000
L-BFGS | iteration: 034, total loss=4202460142895104.0000, content_loss=3528535937.5000, style loss=4202456700000000.0000, tv loss=73641400.0000
L-BFGS | iteration: 035, total loss=3998477650493440.0000, content_loss=3571644921.8750, style loss=3998474100000000.0000, tv loss=73933472.0000
L-BFGS | iteration: 036, total loss=3636605986275328.0000, content_loss=3641269921.8750, style loss=3636602100000000.0000, tv loss=74538216.0000
L-BFGS | iteration: 037, total loss=3307118912339968.0000, content_loss=3620066406.2500, style loss=3307115400000000.0000, tv loss=74613072.0000
L-BFGS | iteration: 038, total loss=4184889163251712.0000, content_loss=3583975390.6250, style loss=4184885700000000.0000, tv loss=74958688.0000
L-BFGS | iteration: 039, total loss=3217714604670976.0000, content_loss=3611463671.8750, style loss=3217711200000000.0000, tv loss=74694800.0000
L-BFGS | iteration: 040, total loss=3135970908045312.0000, content_loss=3601604296.8750, style loss=3135967500000000.0000, tv loss=74629088.0000
L-BFGS | iteration: 041, total loss=3011765822554112.0000, content_loss=3586578125.0000, style loss=3011762400000000.0000, tv loss=74448456.0000
L-BFGS | iteration: 042, total loss=2802831501295616.0000, content_loss=3592214843.7500, style loss=2802828000000000.0000, tv loss=74269600.0000
L-BFGS | iteration: 043, total loss=2705463250518016.0000, content_loss=3614389843.7500, style loss=2705459700000000.0000, tv loss=74528552.0000
L-BFGS | iteration: 044, total loss=2637979113750528.0000, content_loss=3654323046.8750, style loss=2637975300000000.0000, tv loss=75035008.0000
L-BFGS | iteration: 045, total loss=2525433522290688.0000, content_loss=3665175781.2500, style loss=2525429700000000.0000, tv loss=74980864.0000
L-BFGS | iteration: 046, total loss=2442245642911744.0000, content_loss=3675669531.2500, style loss=2442241950000000.0000, tv loss=74971096.0000
L-BFGS | iteration: 047, total loss=2350552117673984.0000, content_loss=3697907031.2500, style loss=2350548300000000.0000, tv loss=75220896.0000
L-BFGS | iteration: 048, total loss=2298001313759232.0000, content_loss=3694017578.1250, style loss=2297997600000000.0000, tv loss=75124256.0000
L-BFGS | iteration: 049, total loss=2125575690911744.0000, content_loss=3694544531.2500, style loss=2125571850000000.0000, tv loss=75181984.0000
L-BFGS | iteration: 050, total loss=2007372151128064.0000, content_loss=3722687890.6250, style loss=2007368250000000.0000, tv loss=75154416.0000
L-BFGS | iteration: 051, total loss=3126550702587904.0000, content_loss=3719296093.7500, style loss=3126546900000000.0000, tv loss=75610640.0000
L-BFGS | iteration: 052, total loss=1913949096247296.0000, content_loss=3727235546.8750, style loss=1913945250000000.0000, tv loss=75257040.0000
L-BFGS | iteration: 053, total loss=1883503952134144.0000, content_loss=3734182031.2500, style loss=1883500050000000.0000, tv loss=75334000.0000
L-BFGS | iteration: 054, total loss=1812536194236416.0000, content_loss=3775707031.2500, style loss=1812532350000000.0000, tv loss=75691296.0000
L-BFGS | iteration: 055, total loss=1740874396467200.0000, content_loss=3793067187.5000, style loss=1740870450000000.0000, tv loss=75654088.0000
L-BFGS | iteration: 056, total loss=1683389077782528.0000, content_loss=3787003515.6250, style loss=1683385200000000.0000, tv loss=75560704.0000
L-BFGS | iteration: 057, total loss=1650575527641088.0000, content_loss=3784978125.0000, style loss=1650571650000000.0000, tv loss=75577744.0000
L-BFGS | iteration: 058, total loss=1613556801863680.0000, content_loss=3779917578.1250, style loss=1613552850000000.0000, tv loss=75563768.0000
L-BFGS | iteration: 059, total loss=1552821266677760.0000, content_loss=3770830468.7500, style loss=1552817400000000.0000, tv loss=75658024.0000
L-BFGS | iteration: 060, total loss=1464397553729536.0000, content_loss=3782799609.3750, style loss=1464393600000000.0000, tv loss=75859472.0000
L-BFGS | iteration: 061, total loss=1363113366519808.0000, content_loss=3830644140.6250, style loss=1363109400000000.0000, tv loss=76098312.0000
L-BFGS | iteration: 062, total loss=2380910557134848.0000, content_loss=3794292968.7500, style loss=2380906800000000.0000, tv loss=76442048.0000
L-BFGS | iteration: 063, total loss=1344897068040192.0000, content_loss=3827984375.0000, style loss=1344893100000000.0000, tv loss=76139016.0000
L-BFGS | iteration: 064, total loss=1310087700283392.0000, content_loss=3816576953.1250, style loss=1310083800000000.0000, tv loss=75982560.0000
L-BFGS | iteration: 065, total loss=1258375622950912.0000, content_loss=3839151562.5000, style loss=1258371600000000.0000, tv loss=76039248.0000
L-BFGS | iteration: 066, total loss=1208184366694400.0000, content_loss=3836572265.6250, style loss=1208180325000000.0000, tv loss=75996856.0000
L-BFGS | iteration: 067, total loss=1210662025953280.0000, content_loss=3847880078.1250, style loss=1210658025000000.0000, tv loss=76149568.0000
L-BFGS | iteration: 068, total loss=1182655349522432.0000, content_loss=3844230859.3750, style loss=1182651375000000.0000, tv loss=76074048.0000
L-BFGS | iteration: 069, total loss=1139598973468672.0000, content_loss=3881291015.6250, style loss=1139595000000000.0000, tv loss=76215016.0000
L-BFGS | iteration: 070, total loss=1104488689565696.0000, content_loss=3896764062.5000, style loss=1104484725000000.0000, tv loss=76266304.0000
L-BFGS | iteration: 071, total loss=1111066163544064.0000, content_loss=3896324609.3750, style loss=1111062225000000.0000, tv loss=76371936.0000
L-BFGS | iteration: 072, total loss=1084869144739840.0000, content_loss=3898349218.7500, style loss=1084865175000000.0000, tv loss=76316192.0000
L-BFGS | iteration: 073, total loss=1056109775290368.0000, content_loss=3897350390.6250, style loss=1056105825000000.0000, tv loss=76299176.0000
L-BFGS | iteration: 074, total loss=1000190441947136.0000, content_loss=3904259375.0000, style loss=1000186500000000.0000, tv loss=76303888.0000
L-BFGS | iteration: 075, total loss=947984510484480.0000, content_loss=3913624218.7500, style loss=947980575000000.0000, tv loss=76536112.0000
L-BFGS | iteration: 076, total loss=1019348009353216.0000, content_loss=3958911718.7500, style loss=1019343975000000.0000, tv loss=76671616.0000
L-BFGS | iteration: 077, total loss=922898076270592.0000, content_loss=3936079687.5000, style loss=922894050000000.0000, tv loss=76579392.0000
L-BFGS | iteration: 078, total loss=942401724088320.0000, content_loss=3978753906.2500, style loss=942397725000000.0000, tv loss=76483664.0000
L-BFGS | iteration: 079, total loss=905028999053312.0000, content_loss=3953376953.1250, style loss=905025000000000.0000, tv loss=76544080.0000
L-BFGS | iteration: 080, total loss=882539610767360.0000, content_loss=3941252343.7500, style loss=882535575000000.0000, tv loss=76749136.0000
L-BFGS | iteration: 081, total loss=865356520357888.0000, content_loss=3931947265.6250, style loss=865352475000000.0000, tv loss=76822032.0000
L-BFGS | iteration: 082, total loss=852368136601600.0000, content_loss=3933359375.0000, style loss=852364125000000.0000, tv loss=76869664.0000
L-BFGS | iteration: 083, total loss=820792073912320.0000, content_loss=3953562890.6250, style loss=820788075000000.0000, tv loss=76952040.0000
L-BFGS | iteration: 084, total loss=805247446417408.0000, content_loss=3977190625.0000, style loss=805243425000000.0000, tv loss=76850704.0000
L-BFGS | iteration: 085, total loss=781133688078336.0000, content_loss=3977562109.3750, style loss=781129650000000.0000, tv loss=76939536.0000
L-BFGS | iteration: 086, total loss=771343377235968.0000, content_loss=3979719921.8750, style loss=771339375000000.0000, tv loss=76998704.0000
L-BFGS | iteration: 087, total loss=748700175433728.0000, content_loss=3989656640.6250, style loss=748696125000000.0000, tv loss=77071616.0000
L-BFGS | iteration: 088, total loss=728187076083712.0000, content_loss=3981589062.5000, style loss=728183025000000.0000, tv loss=77121568.0000
L-BFGS | iteration: 089, total loss=698298532888576.0000, content_loss=3979482031.2500, style loss=698294475000000.0000, tv loss=77155648.0000
L-BFGS | iteration: 090, total loss=670061337509888.0000, content_loss=4009582421.8750, style loss=670057275000000.0000, tv loss=77275040.0000
L-BFGS | iteration: 091, total loss=642487043489792.0000, content_loss=4016610156.2500, style loss=642482925000000.0000, tv loss=77261728.0000
L-BFGS | iteration: 092, total loss=829346306588672.0000, content_loss=3999917578.1250, style loss=829342200000000.0000, tv loss=77546624.0000
L-BFGS | iteration: 093, total loss=637377374584832.0000, content_loss=4015308203.1250, style loss=637373250000000.0000, tv loss=77308880.0000
L-BFGS | iteration: 094, total loss=629340148596736.0000, content_loss=4023642578.1250, style loss=629336025000000.0000, tv loss=77392624.0000
L-BFGS | iteration: 095, total loss=611013523144704.0000, content_loss=4032592578.1250, style loss=611009400000000.0000, tv loss=77493216.0000
L-BFGS | iteration: 096, total loss=590359495180288.0000, content_loss=4051700781.2500, style loss=590355412500000.0000, tv loss=77529912.0000
L-BFGS | iteration: 097, total loss=615807780388864.0000, content_loss=4051073046.8750, style loss=615803700000000.0000, tv loss=77616352.0000
L-BFGS | iteration: 098, total loss=584676515250176.0000, content_loss=4053012500.0000, style loss=584672400000000.0000, tv loss=77557088.0000
L-BFGS | iteration: 099, total loss=575522664873984.0000, content_loss=4056780468.7500, style loss=575518575000000.0000, tv loss=77526000.0000
L-BFGS | iteration: 100, total loss=560012732661760.0000, content_loss=4066700781.2500, style loss=560008612500000.0000, tv loss=77558232.0000
L-BFGS | iteration: 101, total loss=541176784486400.0000, content_loss=4068588281.2500, style loss=541172662500000.0000, tv loss=77669960.0000
L-BFGS | iteration: 102, total loss=523426053750784.0000, content_loss=4096174218.7500, style loss=523421887500000.0000, tv loss=77717616.0000
L-BFGS | iteration: 103, total loss=509278364368896.0000, content_loss=4087780078.1250, style loss=509274187500000.0000, tv loss=77801272.0000
L-BFGS | iteration: 104, total loss=981124142596096.0000, content_loss=4030487109.3750, style loss=981120075000000.0000, tv loss=78374664.0000
L-BFGS | iteration: 105, total loss=505375447056384.0000, content_loss=4081692578.1250, style loss=505371300000000.0000, tv loss=77867216.0000
L-BFGS | iteration: 106, total loss=500551729020928.0000, content_loss=4084551953.1250, style loss=500547562500000.0000, tv loss=77883472.0000
L-BFGS | iteration: 107, total loss=486846152835072.0000, content_loss=4086775390.6250, style loss=486841987500000.0000, tv loss=77919632.0000
L-BFGS | iteration: 108, total loss=479060182433792.0000, content_loss=4095316406.2500, style loss=479056012500000.0000, tv loss=77939200.0000
L-BFGS | iteration: 109, total loss=473994033627136.0000, content_loss=4089546093.7500, style loss=473989875000000.0000, tv loss=78005744.0000
L-BFGS | iteration: 110, total loss=467669862055936.0000, content_loss=4096291015.6250, style loss=467665687500000.0000, tv loss=77956480.0000
L-BFGS | iteration: 111, total loss=463288257216512.0000, content_loss=4099025781.2500, style loss=463284112500000.0000, tv loss=77967096.0000
L-BFGS | iteration: 112, total loss=453663067734016.0000, content_loss=4097981250.0000, style loss=453658912500000.0000, tv loss=78029528.0000
L-BFGS | iteration: 113, total loss=444768827998208.0000, content_loss=4102861718.7500, style loss=444764662500000.0000, tv loss=78053416.0000
L-BFGS | iteration: 114, total loss=438312049311744.0000, content_loss=4108649609.3750, style loss=438307875000000.0000, tv loss=78078320.0000
L-BFGS | iteration: 115, total loss=428111971745792.0000, content_loss=4125157812.5000, style loss=428107762500000.0000, tv loss=78115408.0000
L-BFGS | iteration: 116, total loss=422374600081408.0000, content_loss=4126337109.3750, style loss=422370412500000.0000, tv loss=78195440.0000
L-BFGS | iteration: 117, total loss=412951441833984.0000, content_loss=4130986718.7500, style loss=412947262500000.0000, tv loss=78296064.0000
L-BFGS | iteration: 118, total loss=407060088881152.0000, content_loss=4131417187.5000, style loss=407055900000000.0000, tv loss=78281528.0000
L-BFGS | iteration: 119, total loss=403930299236352.0000, content_loss=4137076562.5000, style loss=403926112500000.0000, tv loss=78193536.0000
L-BFGS | iteration: 120, total loss=398960350986240.0000, content_loss=4138445703.1250, style loss=398956162500000.0000, tv loss=78275056.0000
L-BFGS | iteration: 121, total loss=395375764570112.0000, content_loss=4142445703.1250, style loss=395371575000000.0000, tv loss=78359312.0000
L-BFGS | iteration: 122, total loss=391704809046016.0000, content_loss=4147814843.7500, style loss=391700587500000.0000, tv loss=78380928.0000
L-BFGS | iteration: 123, total loss=385806342553600.0000, content_loss=4154998437.5000, style loss=385802100000000.0000, tv loss=78395264.0000
L-BFGS | iteration: 124, total loss=376710977552384.0000, content_loss=4168678906.2500, style loss=376706737500000.0000, tv loss=78416768.0000
L-BFGS | iteration: 125, total loss=371972018012160.0000, content_loss=4168436328.1250, style loss=371967787500000.0000, tv loss=78470472.0000
L-BFGS | iteration: 126, total loss=365511380566016.0000, content_loss=4168561328.1250, style loss=365507137500000.0000, tv loss=78485296.0000
L-BFGS | iteration: 127, total loss=362007291232256.0000, content_loss=4173555078.1250, style loss=362003062500000.0000, tv loss=78525776.0000
L-BFGS | iteration: 128, total loss=358327141793792.0000, content_loss=4182937890.6250, style loss=358322887500000.0000, tv loss=78549104.0000
L-BFGS | iteration: 129, total loss=355136954171392.0000, content_loss=4176313281.2500, style loss=355132725000000.0000, tv loss=78570496.0000
L-BFGS | iteration: 130, total loss=350229886926848.0000, content_loss=4169170312.5000, style loss=350225662500000.0000, tv loss=78568184.0000
L-BFGS | iteration: 131, total loss=345418047160320.0000, content_loss=4171458593.7500, style loss=345413812500000.0000, tv loss=78590528.0000
L-BFGS | iteration: 132, total loss=338198542680064.0000, content_loss=4172269531.2500, style loss=338194312500000.0000, tv loss=78640408.0000
L-BFGS | iteration: 133, total loss=343853336887296.0000, content_loss=4172408203.1250, style loss=343849125000000.0000, tv loss=78728904.0000
L-BFGS | iteration: 134, total loss=336146756272128.0000, content_loss=4173266015.6250, style loss=336142537500000.0000, tv loss=78672992.0000
L-BFGS | iteration: 135, total loss=331857862328320.0000, content_loss=4187578515.6250, style loss=331853587500000.0000, tv loss=78674840.0000
L-BFGS | iteration: 136, total loss=328592579887104.0000, content_loss=4187933593.7500, style loss=328588312500000.0000, tv loss=78704968.0000
L-BFGS | iteration: 137, total loss=323983106899968.0000, content_loss=4189386718.7500, style loss=323978850000000.0000, tv loss=78744760.0000
L-BFGS | iteration: 138, total loss=318086183911424.0000, content_loss=4199094921.8750, style loss=318081937500000.0000, tv loss=78779344.0000
L-BFGS | iteration: 139, total loss=351841875394560.0000, content_loss=4201685546.8750, style loss=351837600000000.0000, tv loss=78940768.0000
L-BFGS | iteration: 140, total loss=316165930876928.0000, content_loss=4201415625.0000, style loss=316161675000000.0000, tv loss=78816192.0000
L-BFGS | iteration: 141, total loss=312431389704192.0000, content_loss=4207984375.0000, style loss=312427143750000.0000, tv loss=78823392.0000
L-BFGS | iteration: 142, total loss=307987306512384.0000, content_loss=4209582031.2500, style loss=307983056250000.0000, tv loss=78869688.0000
L-BFGS | iteration: 143, total loss=303714518695936.0000, content_loss=4216510546.8750, style loss=303710231250000.0000, tv loss=78883456.0000
L-BFGS | iteration: 144, total loss=306529467105280.0000, content_loss=4217053906.2500, style loss=306525187500000.0000, tv loss=78958224.0000
L-BFGS | iteration: 145, total loss=301286922649600.0000, content_loss=4217955078.1250, style loss=301282631250000.0000, tv loss=78916048.0000
L-BFGS | iteration: 146, total loss=296762543702016.0000, content_loss=4218732031.2500, style loss=296758237500000.0000, tv loss=78913304.0000
L-BFGS | iteration: 147, total loss=292528645472256.0000, content_loss=4224181250.0000, style loss=292524337500000.0000, tv loss=78945232.0000
L-BFGS | iteration: 148, total loss=293116921774080.0000, content_loss=4224808593.7500, style loss=293112637500000.0000, tv loss=79015520.0000
L-BFGS | iteration: 149, total loss=290345292136448.0000, content_loss=4225443750.0000, style loss=290340993750000.0000, tv loss=78980336.0000
L-BFGS | iteration: 150, total loss=287041052999680.0000, content_loss=4228385156.2500, style loss=287036756250000.0000, tv loss=78970944.0000
L-BFGS | iteration: 151, total loss=283218901204992.0000, content_loss=4228211718.7500, style loss=283214606250000.0000, tv loss=79007616.0000
L-BFGS | iteration: 152, total loss=280737802616832.0000, content_loss=4228194921.8750, style loss=280733493750000.0000, tv loss=79041488.0000
L-BFGS | iteration: 153, total loss=277818466369536.0000, content_loss=4232230859.3750, style loss=277814156250000.0000, tv loss=79015016.0000
L-BFGS | iteration: 154, total loss=276357623840768.0000, content_loss=4230463671.8750, style loss=276353306250000.0000, tv loss=79051016.0000
L-BFGS | iteration: 155, total loss=274449601396736.0000, content_loss=4231286328.1250, style loss=274445287500000.0000, tv loss=79097320.0000
L-BFGS | iteration: 156, total loss=271721928065024.0000, content_loss=4237285937.5000, style loss=271717593750000.0000, tv loss=79127320.0000
L-BFGS | iteration: 157, total loss=267767169155072.0000, content_loss=4248285937.5000, style loss=267762843750000.0000, tv loss=79149888.0000
L-BFGS | iteration: 158, total loss=266347565023232.0000, content_loss=4249255859.3750, style loss=266343243750000.0000, tv loss=79184488.0000
L-BFGS | iteration: 159, total loss=262246475235328.0000, content_loss=4253499609.3750, style loss=262242131250000.0000, tv loss=79156096.0000
L-BFGS | iteration: 160, total loss=261069486424064.0000, content_loss=4253957031.2500, style loss=261065137500000.0000, tv loss=79180064.0000
L-BFGS | iteration: 161, total loss=258052339007488.0000, content_loss=4256966796.8750, style loss=258048000000000.0000, tv loss=79277416.0000
L-BFGS | iteration: 162, total loss=255386070286336.0000, content_loss=4258530078.1250, style loss=255381731250000.0000, tv loss=79273488.0000
L-BFGS | iteration: 163, total loss=253776984276992.0000, content_loss=4259236718.7500, style loss=253772643750000.0000, tv loss=79276048.0000
L-BFGS | iteration: 164, total loss=252344679792640.0000, content_loss=4259636718.7500, style loss=252340331250000.0000, tv loss=79283568.0000
L-BFGS | iteration: 165, total loss=250454189539328.0000, content_loss=4262466015.6250, style loss=250449843750000.0000, tv loss=79252000.0000
L-BFGS | iteration: 166, total loss=248946186256384.0000, content_loss=4261707812.5000, style loss=248941837500000.0000, tv loss=79264288.0000
L-BFGS | iteration: 167, total loss=246434049818624.0000, content_loss=4260116015.6250, style loss=246429712500000.0000, tv loss=79306448.0000
L-BFGS | iteration: 168, total loss=244267574362112.0000, content_loss=4263324218.7500, style loss=244263225000000.0000, tv loss=79335472.0000
L-BFGS | iteration: 169, total loss=242784200032256.0000, content_loss=4266687890.6250, style loss=242779856250000.0000, tv loss=79354864.0000
L-BFGS | iteration: 170, total loss=240788164313088.0000, content_loss=4272936328.1250, style loss=240783806250000.0000, tv loss=79342384.0000
L-BFGS | iteration: 171, total loss=239252981940224.0000, content_loss=4274378515.6250, style loss=239248612500000.0000, tv loss=79367808.0000
L-BFGS | iteration: 172, total loss=236227999563776.0000, content_loss=4278480859.3750, style loss=236223637500000.0000, tv loss=79407544.0000
L-BFGS | iteration: 173, total loss=232799575474176.0000, content_loss=4275336328.1250, style loss=232795218750000.0000, tv loss=79400880.0000
L-BFGS | iteration: 174, total loss=231210018144256.0000, content_loss=4290000390.6250, style loss=231205631250000.0000, tv loss=79489472.0000
L-BFGS | iteration: 175, total loss=231479711891456.0000, content_loss=4298423437.5000, style loss=231475331250000.0000, tv loss=79461248.0000
L-BFGS | iteration: 176, total loss=229605277433856.0000, content_loss=4294010156.2500, style loss=229600893750000.0000, tv loss=79476648.0000
L-BFGS | iteration: 177, total loss=227993020530688.0000, content_loss=4284227734.3750, style loss=227988656250000.0000, tv loss=79426864.0000
L-BFGS | iteration: 178, total loss=226918993494016.0000, content_loss=4284225781.2500, style loss=226914637500000.0000, tv loss=79445488.0000
L-BFGS | iteration: 179, total loss=224471331897344.0000, content_loss=4283947656.2500, style loss=224466975000000.0000, tv loss=79502048.0000
L-BFGS | iteration: 180, total loss=222620335210496.0000, content_loss=4287145312.5000, style loss=222615956250000.0000, tv loss=79519584.0000
L-BFGS | iteration: 181, total loss=221502536417280.0000, content_loss=4288698046.8750, style loss=221498156250000.0000, tv loss=79535848.0000
L-BFGS | iteration: 182, total loss=220242752045056.0000, content_loss=4291354687.5000, style loss=220238381250000.0000, tv loss=79539216.0000
L-BFGS | iteration: 183, total loss=218631753433088.0000, content_loss=4294388281.2500, style loss=218627381250000.0000, tv loss=79535728.0000
L-BFGS | iteration: 184, total loss=216782115700736.0000, content_loss=4295005078.1250, style loss=216777731250000.0000, tv loss=79579296.0000
L-BFGS | iteration: 185, total loss=214905315655680.0000, content_loss=4302101171.8750, style loss=214900931250000.0000, tv loss=79561664.0000
L-BFGS | iteration: 186, total loss=214072310104064.0000, content_loss=4303112890.6250, style loss=214067925000000.0000, tv loss=79572576.0000
L-BFGS | iteration: 187, total loss=213108190609408.0000, content_loss=4306357031.2500, style loss=213103800000000.0000, tv loss=79594944.0000
L-BFGS | iteration: 188, total loss=212260957978624.0000, content_loss=4309266406.2500, style loss=212256562500000.0000, tv loss=79598784.0000
L-BFGS | iteration: 189, total loss=210511849324544.0000, content_loss=4314627343.7500, style loss=210507450000000.0000, tv loss=79620336.0000
L-BFGS | iteration: 190, total loss=207666584485888.0000, content_loss=4313426562.5000, style loss=207662193750000.0000, tv loss=79683096.0000
L-BFGS | iteration: 191, total loss=205692778577920.0000, content_loss=4316245312.5000, style loss=205688381250000.0000, tv loss=79688680.0000
L-BFGS | iteration: 192, total loss=204912268935168.0000, content_loss=4313007031.2500, style loss=204907875000000.0000, tv loss=79719120.0000
L-BFGS | iteration: 193, total loss=204046430371840.0000, content_loss=4312621484.3750, style loss=204042037500000.0000, tv loss=79703152.0000
L-BFGS | iteration: 194, total loss=203208911749120.0000, content_loss=4312181250.0000, style loss=203204512500000.0000, tv loss=79704048.0000
L-BFGS | iteration: 195, total loss=201013160050688.0000, content_loss=4317421093.7500, style loss=201008756250000.0000, tv loss=79721472.0000
L-BFGS | iteration: 196, total loss=198733438386176.0000, content_loss=4319688281.2500, style loss=198729037500000.0000, tv loss=79745056.0000
L-BFGS | iteration: 197, total loss=197889510866944.0000, content_loss=4338594531.2500, style loss=197885081250000.0000, tv loss=79733864.0000
L-BFGS | iteration: 198, total loss=196845481492480.0000, content_loss=4331064453.1250, style loss=196841062500000.0000, tv loss=79771024.0000
L-BFGS | iteration: 199, total loss=195308889833472.0000, content_loss=4322223437.5000, style loss=195304481250000.0000, tv loss=79756688.0000
L-BFGS | iteration: 200, total loss=194475498405888.0000, content_loss=4327832812.5000, style loss=194471081250000.0000, tv loss=79763400.0000
L-BFGS | iteration: 201, total loss=193639523287040.0000, content_loss=4330876953.1250, style loss=193635112500000.0000, tv loss=79777184.0000
L-BFGS | iteration: 202, total loss=192799991398400.0000, content_loss=4333129687.5000, style loss=192795581250000.0000, tv loss=79788736.0000
L-BFGS | iteration: 203, total loss=191093379432448.0000, content_loss=4334898437.5000, style loss=191088975000000.0000, tv loss=79806976.0000
L-BFGS | iteration: 204, total loss=189009951195136.0000, content_loss=4333457421.8750, style loss=189005531250000.0000, tv loss=79831920.0000
L-BFGS | iteration: 205, total loss=187980987760640.0000, content_loss=4333647656.2500, style loss=187976568750000.0000, tv loss=79851136.0000
L-BFGS | iteration: 206, total loss=186933468725248.0000, content_loss=4341288281.2500, style loss=186929043750000.0000, tv loss=79858688.0000
L-BFGS | iteration: 207, total loss=185821978165248.0000, content_loss=4340475000.0000, style loss=185817543750000.0000, tv loss=79893640.0000
L-BFGS | iteration: 208, total loss=184759409967104.0000, content_loss=4341132031.2500, style loss=184754981250000.0000, tv loss=79893272.0000
L-BFGS | iteration: 209, total loss=184299731025920.0000, content_loss=4342587500.0000, style loss=184295306250000.0000, tv loss=79919320.0000
L-BFGS | iteration: 210, total loss=183832217124864.0000, content_loss=4342312890.6250, style loss=183827793750000.0000, tv loss=79908688.0000
L-BFGS | iteration: 211, total loss=182941514727424.0000, content_loss=4345828906.2500, style loss=182937093750000.0000, tv loss=79897768.0000
L-BFGS | iteration: 212, total loss=182240545865728.0000, content_loss=4346199609.3750, style loss=182236125000000.0000, tv loss=79903424.0000
L-BFGS | iteration: 213, total loss=181854116249600.0000, content_loss=4340809765.6250, style loss=181849687500000.0000, tv loss=79985752.0000
L-BFGS | iteration: 214, total loss=180294959235072.0000, content_loss=4344518750.0000, style loss=180290531250000.0000, tv loss=79949656.0000
L-BFGS | iteration: 215, total loss=178431799066624.0000, content_loss=4343967968.7500, style loss=178427362500000.0000, tv loss=79945288.0000
L-BFGS | iteration: 216, total loss=177833942974464.0000, content_loss=4344552734.3750, style loss=177829518750000.0000, tv loss=79966336.0000
L-BFGS | iteration: 217, total loss=177011490291712.0000, content_loss=4351396875.0000, style loss=177007068750000.0000, tv loss=79964632.0000
L-BFGS | iteration: 218, total loss=176513408303104.0000, content_loss=4349964062.5000, style loss=176508975000000.0000, tv loss=79960376.0000
L-BFGS | iteration: 219, total loss=175483337572352.0000, content_loss=4347079687.5000, style loss=175478906250000.0000, tv loss=79976248.0000
L-BFGS | iteration: 220, total loss=174699002724352.0000, content_loss=4348422265.6250, style loss=174694575000000.0000, tv loss=79971328.0000
L-BFGS | iteration: 221, total loss=173790516477952.0000, content_loss=4352029296.8750, style loss=173786081250000.0000, tv loss=79997712.0000
L-BFGS | iteration: 222, total loss=172801667366912.0000, content_loss=4356641796.8750, style loss=172797225000000.0000, tv loss=80029536.0000
L-BFGS | iteration: 223, total loss=171846272024576.0000, content_loss=4358168359.3750, style loss=171841818750000.0000, tv loss=80047744.0000
L-BFGS | iteration: 224, total loss=171110742097920.0000, content_loss=4353712500.0000, style loss=171106293750000.0000, tv loss=80077120.0000
L-BFGS | iteration: 225, total loss=169938971000832.0000, content_loss=4354284765.6250, style loss=169934531250000.0000, tv loss=80059808.0000
L-BFGS | iteration: 226, total loss=169475315859456.0000, content_loss=4353410937.5000, style loss=169470881250000.0000, tv loss=80063576.0000
L-BFGS | iteration: 227, total loss=168575486656512.0000, content_loss=4352764062.5000, style loss=168571050000000.0000, tv loss=80073184.0000
L-BFGS | iteration: 228, total loss=168013433143296.0000, content_loss=4355259375.0000, style loss=168008981250000.0000, tv loss=80069520.0000
L-BFGS | iteration: 229, total loss=167076710842368.0000, content_loss=4357911718.7500, style loss=167072268750000.0000, tv loss=80077616.0000
L-BFGS | iteration: 230, total loss=165387043864576.0000, content_loss=4359798437.5000, style loss=165382593750000.0000, tv loss=80097424.0000
L-BFGS | iteration: 231, total loss=164301759315968.0000, content_loss=4366880078.1250, style loss=164297306250000.0000, tv loss=80086816.0000
L-BFGS | iteration: 232, total loss=163823994535936.0000, content_loss=4365983984.3750, style loss=163819556250000.0000, tv loss=80096344.0000
L-BFGS | iteration: 233, total loss=163375204007936.0000, content_loss=4365228515.6250, style loss=163370756250000.0000, tv loss=80100376.0000
L-BFGS | iteration: 234, total loss=161980077834240.0000, content_loss=4364001953.1250, style loss=161975625000000.0000, tv loss=80113304.0000
L-BFGS | iteration: 235, total loss=160868117512192.0000, content_loss=4362870703.1250, style loss=160863675000000.0000, tv loss=80144096.0000
L-BFGS | iteration: 236, total loss=160623069495296.0000, content_loss=4360537890.6250, style loss=160618631250000.0000, tv loss=80177512.0000
L-BFGS | iteration: 237, total loss=160234257514496.0000, content_loss=4361782812.5000, style loss=160229812500000.0000, tv loss=80163648.0000
L-BFGS | iteration: 238, total loss=159239922253824.0000, content_loss=4365928125.0000, style loss=159235481250000.0000, tv loss=80154320.0000
L-BFGS | iteration: 239, total loss=158139387215872.0000, content_loss=4371384765.6250, style loss=158134931250000.0000, tv loss=80193944.0000
L-BFGS | iteration: 240, total loss=157126764789760.0000, content_loss=4374775390.6250, style loss=157122300000000.0000, tv loss=80191024.0000
L-BFGS | iteration: 241, total loss=155982323777536.0000, content_loss=4374167187.5000, style loss=155977865625000.0000, tv loss=80200928.0000
L-BFGS | iteration: 242, total loss=155432282750976.0000, content_loss=4384512109.3750, style loss=155427825000000.0000, tv loss=80220544.0000
L-BFGS | iteration: 243, total loss=161091757801472.0000, content_loss=4381630468.7500, style loss=161087287500000.0000, tv loss=80324232.0000
L-BFGS | iteration: 244, total loss=154781779755008.0000, content_loss=4384689843.7500, style loss=154777321875000.0000, tv loss=80251408.0000
L-BFGS | iteration: 245, total loss=154212176494592.0000, content_loss=4383136328.1250, style loss=154207715625000.0000, tv loss=80252392.0000
L-BFGS | iteration: 246, total loss=153364608319488.0000, content_loss=4381754296.8750, style loss=153360140625000.0000, tv loss=80245744.0000
L-BFGS | iteration: 247, total loss=152818006622208.0000, content_loss=4381850390.6250, style loss=152813550000000.0000, tv loss=80246752.0000
L-BFGS | iteration: 248, total loss=151891937853440.0000, content_loss=4383175000.0000, style loss=151887468750000.0000, tv loss=80277632.0000
L-BFGS | iteration: 249, total loss=151150888222720.0000, content_loss=4387671484.3750, style loss=151146403125000.0000, tv loss=80282296.0000
L-BFGS | iteration: 250, total loss=150728656027648.0000, content_loss=4388256640.6250, style loss=150724171875000.0000, tv loss=80294112.0000
L-BFGS | iteration: 251, total loss=150334357897216.0000, content_loss=4389219921.8750, style loss=150329878125000.0000, tv loss=80295032.0000
L-BFGS | iteration: 252, total loss=149067543871488.0000, content_loss=4390530468.7500, style loss=149063071875000.0000, tv loss=80308488.0000
L-BFGS | iteration: 253, total loss=148108658868224.0000, content_loss=4389545703.1250, style loss=148104178125000.0000, tv loss=80302928.0000
L-BFGS | iteration: 254, total loss=147773550755840.0000, content_loss=4388482812.5000, style loss=147769068750000.0000, tv loss=80329832.0000
L-BFGS | iteration: 255, total loss=147004734832640.0000, content_loss=4391687109.3750, style loss=147000253125000.0000, tv loss=80326384.0000
L-BFGS | iteration: 256, total loss=146669375062016.0000, content_loss=4391314453.1250, style loss=146664900000000.0000, tv loss=80326056.0000
L-BFGS | iteration: 257, total loss=145894083133440.0000, content_loss=4392322265.6250, style loss=145889596875000.0000, tv loss=80342496.0000
L-BFGS | iteration: 258, total loss=145231768977408.0000, content_loss=4395332812.5000, style loss=145227290625000.0000, tv loss=80345872.0000
L-BFGS | iteration: 259, total loss=144651075977216.0000, content_loss=4397550390.6250, style loss=144646593750000.0000, tv loss=80364464.0000
L-BFGS | iteration: 260, total loss=144030201544704.0000, content_loss=4400339453.1250, style loss=144025725000000.0000, tv loss=80378688.0000
L-BFGS | iteration: 261, total loss=143435466014720.0000, content_loss=4399160156.2500, style loss=143430993750000.0000, tv loss=80395872.0000
L-BFGS | iteration: 262, total loss=142512601694208.0000, content_loss=4397565625.0000, style loss=142508128125000.0000, tv loss=80404352.0000
L-BFGS | iteration: 263, total loss=142015392120832.0000, content_loss=4398144921.8750, style loss=142010915625000.0000, tv loss=80415160.0000
L-BFGS | iteration: 264, total loss=141177269518336.0000, content_loss=4402836328.1250, style loss=141172790625000.0000, tv loss=80410512.0000
L-BFGS | iteration: 265, total loss=140554683809792.0000, content_loss=4400999609.3750, style loss=140550196875000.0000, tv loss=80430120.0000
L-BFGS | iteration: 266, total loss=139669064908800.0000, content_loss=4401983984.3750, style loss=139664578125000.0000, tv loss=80433584.0000
L-BFGS | iteration: 267, total loss=139256404115456.0000, content_loss=4403491015.6250, style loss=139251918750000.0000, tv loss=80460880.0000
L-BFGS | iteration: 268, total loss=138613509586944.0000, content_loss=4407865234.3750, style loss=138609018750000.0000, tv loss=80464432.0000
L-BFGS | iteration: 269, total loss=138305085636608.0000, content_loss=4407083984.3750, style loss=138300600000000.0000, tv loss=80465664.0000
L-BFGS | iteration: 270, total loss=137763785539584.0000, content_loss=4406160546.8750, style loss=137759296875000.0000, tv loss=80479152.0000
L-BFGS | iteration: 271, total loss=137319659077632.0000, content_loss=4407246875.0000, style loss=137315175000000.0000, tv loss=80473712.0000
L-BFGS | iteration: 272, total loss=136621198409728.0000, content_loss=4409827343.7500, style loss=136616700000000.0000, tv loss=80490664.0000
L-BFGS | iteration: 273, total loss=135772573270016.0000, content_loss=4412348046.8750, style loss=135768075000000.0000, tv loss=80509840.0000
L-BFGS | iteration: 274, total loss=135078986383360.0000, content_loss=4413018359.3750, style loss=135074493750000.0000, tv loss=80517344.0000
L-BFGS | iteration: 275, total loss=134499669114880.0000, content_loss=4415882812.5000, style loss=134495175000000.0000, tv loss=80514448.0000
L-BFGS | iteration: 276, total loss=134096244178944.0000, content_loss=4413824218.7500, style loss=134091750000000.0000, tv loss=80542944.0000
L-BFGS | iteration: 277, total loss=133716139573248.0000, content_loss=4413992578.1250, style loss=133711640625000.0000, tv loss=80544240.0000
L-BFGS | iteration: 278, total loss=133341168795648.0000, content_loss=4415039062.5000, style loss=133336668750000.0000, tv loss=80539184.0000
L-BFGS | iteration: 279, total loss=132532641202176.0000, content_loss=4416681250.0000, style loss=132528140625000.0000, tv loss=80558992.0000
L-BFGS | iteration: 280, total loss=131605423194112.0000, content_loss=4419839843.7500, style loss=131600915625000.0000, tv loss=80563344.0000
L-BFGS | iteration: 281, total loss=130970632060928.0000, content_loss=4418896484.3750, style loss=130966125000000.0000, tv loss=80582960.0000
L-BFGS | iteration: 282, total loss=130467743399936.0000, content_loss=4422294140.6250, style loss=130463240625000.0000, tv loss=80593312.0000
L-BFGS | iteration: 283, total loss=130235018248192.0000, content_loss=4421342968.7500, style loss=130230515625000.0000, tv loss=80614592.0000
L-BFGS | iteration: 284, total loss=129963126685696.0000, content_loss=4421987890.6250, style loss=129958621875000.0000, tv loss=80605136.0000
L-BFGS | iteration: 285, total loss=129675900747776.0000, content_loss=4421483984.3750, style loss=129671400000000.0000, tv loss=80603216.0000
L-BFGS | iteration: 286, total loss=128729380552704.0000, content_loss=4421849609.3750, style loss=128724871875000.0000, tv loss=80619680.0000
L-BFGS | iteration: 287, total loss=128195428876288.0000, content_loss=4419445703.1250, style loss=128190928125000.0000, tv loss=80629280.0000
L-BFGS | iteration: 288, total loss=127531478941696.0000, content_loss=4421427734.3750, style loss=127526971875000.0000, tv loss=80639856.0000
L-BFGS | iteration: 289, total loss=126822029197312.0000, content_loss=4421211718.7500, style loss=126817528125000.0000, tv loss=80663200.0000
L-BFGS | iteration: 290, total loss=126314006708224.0000, content_loss=4427019531.2500, style loss=126309496875000.0000, tv loss=80656440.0000
L-BFGS | iteration: 291, total loss=125975182442496.0000, content_loss=4426208203.1250, style loss=125970665625000.0000, tv loss=80665936.0000
L-BFGS | iteration: 292, total loss=125744738992128.0000, content_loss=4426946875.0000, style loss=125740228125000.0000, tv loss=80663560.0000
L-BFGS | iteration: 293, total loss=125359651553280.0000, content_loss=4427578125.0000, style loss=125355140625000.0000, tv loss=80666088.0000
L-BFGS | iteration: 294, total loss=124463144239104.0000, content_loss=4428668750.0000, style loss=124458628125000.0000, tv loss=80675744.0000
L-BFGS | iteration: 295, total loss=123769314082816.0000, content_loss=4430634765.6250, style loss=123764803125000.0000, tv loss=80696624.0000
L-BFGS | iteration: 296, total loss=123106890874880.0000, content_loss=4430794140.6250, style loss=123102375000000.0000, tv loss=80711568.0000
L-BFGS | iteration: 297, total loss=122552596824064.0000, content_loss=4435663671.8750, style loss=122548078125000.0000, tv loss=80715536.0000
L-BFGS | iteration: 298, total loss=123020261720064.0000, content_loss=4433925781.2500, style loss=123015740625000.0000, tv loss=80763184.0000
L-BFGS | iteration: 299, total loss=122254608302080.0000, content_loss=4435318750.0000, style loss=122250084375000.0000, tv loss=80735848.0000
L-BFGS | iteration: 300, total loss=122030548582400.0000, content_loss=4434985156.2500, style loss=122026031250000.0000, tv loss=80744680.0000
L-BFGS | iteration: 301, total loss=121461893234688.0000, content_loss=4434967187.5000, style loss=121457371875000.0000, tv loss=80748624.0000
L-BFGS | iteration: 302, total loss=120935944290304.0000, content_loss=4435352734.3750, style loss=120931425000000.0000, tv loss=80761760.0000
L-BFGS | iteration: 303, total loss=120595467468800.0000, content_loss=4436123046.8750, style loss=120590943750000.0000, tv loss=80772200.0000
L-BFGS | iteration: 304, total loss=120155870855168.0000, content_loss=4439495703.1250, style loss=120151350000000.0000, tv loss=80748864.0000
L-BFGS | iteration: 305, total loss=119935091081216.0000, content_loss=4439465234.3750, style loss=119930568750000.0000, tv loss=80763104.0000
L-BFGS | iteration: 306, total loss=119455187206144.0000, content_loss=4439073046.8750, style loss=119450662500000.0000, tv loss=80790352.0000
L-BFGS | iteration: 307, total loss=119081030123520.0000, content_loss=4440068359.3750, style loss=119076506250000.0000, tv loss=80799632.0000
L-BFGS | iteration: 308, total loss=118622181654528.0000, content_loss=4440608593.7500, style loss=118617656250000.0000, tv loss=80802936.0000
L-BFGS | iteration: 309, total loss=118177618984960.0000, content_loss=4441654296.8750, style loss=118173093750000.0000, tv loss=80793232.0000
L-BFGS | iteration: 310, total loss=117867659919360.0000, content_loss=4441997656.2500, style loss=117863128125000.0000, tv loss=80806496.0000
L-BFGS | iteration: 311, total loss=117356248432640.0000, content_loss=4443635546.8750, style loss=117351721875000.0000, tv loss=80821424.0000
L-BFGS | iteration: 312, total loss=116874826219520.0000, content_loss=4444858593.7500, style loss=116870296875000.0000, tv loss=80822584.0000
L-BFGS | iteration: 313, total loss=116170971676672.0000, content_loss=4451284765.6250, style loss=116166431250000.0000, tv loss=80843808.0000
L-BFGS | iteration: 314, total loss=115738530545664.0000, content_loss=4450526953.1250, style loss=115733990625000.0000, tv loss=80846368.0000
L-BFGS | iteration: 315, total loss=115779844440064.0000, content_loss=4449112109.3750, style loss=115775315625000.0000, tv loss=80862032.0000
L-BFGS | iteration: 316, total loss=115623916994560.0000, content_loss=4449977343.7500, style loss=115619390625000.0000, tv loss=80853840.0000
L-BFGS | iteration: 317, total loss=115183313747968.0000, content_loss=4452646875.0000, style loss=115178775000000.0000, tv loss=80860560.0000
L-BFGS | iteration: 318, total loss=114800667394048.0000, content_loss=4453328906.2500, style loss=114796125000000.0000, tv loss=80861392.0000
L-BFGS | iteration: 319, total loss=114366632427520.0000, content_loss=4453374609.3750, style loss=114362090625000.0000, tv loss=80873904.0000
L-BFGS | iteration: 320, total loss=113936212951040.0000, content_loss=4454221484.3750, style loss=113931675000000.0000, tv loss=80877088.0000
L-BFGS | iteration: 321, total loss=113726128652288.0000, content_loss=4453584375.0000, style loss=113721590625000.0000, tv loss=80887728.0000
L-BFGS | iteration: 322, total loss=113429171929088.0000, content_loss=4454251171.8750, style loss=113424637500000.0000, tv loss=80892024.0000
L-BFGS | iteration: 323, total loss=112914077843456.0000, content_loss=4455920703.1250, style loss=112909537500000.0000, tv loss=80899256.0000
L-BFGS | iteration: 324, total loss=112215784947712.0000, content_loss=4454798046.8750, style loss=112211250000000.0000, tv loss=80915744.0000
L-BFGS | iteration: 325, total loss=111798955016192.0000, content_loss=4460660546.8750, style loss=111794409375000.0000, tv loss=80915784.0000
L-BFGS | iteration: 326, total loss=111840738672640.0000, content_loss=4458774218.7500, style loss=111836193750000.0000, tv loss=80943096.0000
L-BFGS | iteration: 327, total loss=111519102664704.0000, content_loss=4460090234.3750, style loss=111514556250000.0000, tv loss=80929824.0000
L-BFGS | iteration: 328, total loss=111277871464448.0000, content_loss=4459109375.0000, style loss=111273328125000.0000, tv loss=80934944.0000
L-BFGS | iteration: 329, total loss=110899981451264.0000, content_loss=4458502343.7500, style loss=110895440625000.0000, tv loss=80941808.0000
L-BFGS | iteration: 330, total loss=110402964815872.0000, content_loss=4458375000.0000, style loss=110398425000000.0000, tv loss=80958368.0000
L-BFGS | iteration: 331, total loss=109885647749120.0000, content_loss=4462783203.1250, style loss=109881103125000.0000, tv loss=80966128.0000
L-BFGS | iteration: 332, total loss=109417043329024.0000, content_loss=4462560156.2500, style loss=109412493750000.0000, tv loss=80970240.0000
L-BFGS | iteration: 333, total loss=109773995376640.0000, content_loss=4459698437.5000, style loss=109769446875000.0000, tv loss=80998952.0000
L-BFGS | iteration: 334, total loss=109280963330048.0000, content_loss=4461732812.5000, style loss=109276415625000.0000, tv loss=80980944.0000
L-BFGS | iteration: 335, total loss=109005246562304.0000, content_loss=4463065625.0000, style loss=109000696875000.0000, tv loss=80985896.0000
L-BFGS | iteration: 336, total loss=108793878806528.0000, content_loss=4463926953.1250, style loss=108789328125000.0000, tv loss=80987552.0000
L-BFGS | iteration: 337, total loss=108303162015744.0000, content_loss=4463914843.7500, style loss=108298612500000.0000, tv loss=81007880.0000
L-BFGS | iteration: 338, total loss=107969136033792.0000, content_loss=4466634765.6250, style loss=107964590625000.0000, tv loss=81005712.0000
L-BFGS | iteration: 339, total loss=107780509794304.0000, content_loss=4465870703.1250, style loss=107775965625000.0000, tv loss=81012840.0000
L-BFGS | iteration: 340, total loss=107604986560512.0000, content_loss=4465522265.6250, style loss=107600437500000.0000, tv loss=81020912.0000
L-BFGS | iteration: 341, total loss=107341819150336.0000, content_loss=4466665625.0000, style loss=107337271875000.0000, tv loss=81024416.0000
L-BFGS | iteration: 342, total loss=106797893419008.0000, content_loss=4467599609.3750, style loss=106793334375000.0000, tv loss=81041392.0000
L-BFGS | iteration: 343, total loss=106444061933568.0000, content_loss=4469405078.1250, style loss=106439503125000.0000, tv loss=81037824.0000
L-BFGS | iteration: 344, total loss=106174980554752.0000, content_loss=4468703125.0000, style loss=106170421875000.0000, tv loss=81049624.0000
L-BFGS | iteration: 345, total loss=105986052325376.0000, content_loss=4469327734.3750, style loss=105981496875000.0000, tv loss=81051592.0000
L-BFGS | iteration: 346, total loss=105666077261824.0000, content_loss=4469403125.0000, style loss=105661518750000.0000, tv loss=81056040.0000
L-BFGS | iteration: 347, total loss=105054119919616.0000, content_loss=4473122265.6250, style loss=105049565625000.0000, tv loss=81069680.0000
L-BFGS | iteration: 348, total loss=104680835252224.0000, content_loss=4469757031.2500, style loss=104676281250000.0000, tv loss=81083864.0000
L-BFGS | iteration: 349, total loss=104536995790848.0000, content_loss=4472399609.3750, style loss=104532440625000.0000, tv loss=81070688.0000
L-BFGS | iteration: 350, total loss=104235257561088.0000, content_loss=4472880859.3750, style loss=104230706250000.0000, tv loss=81082640.0000
L-BFGS | iteration: 351, total loss=104120258134016.0000, content_loss=4472427343.7500, style loss=104115703125000.0000, tv loss=81089424.0000
L-BFGS | iteration: 352, total loss=103768028872704.0000, content_loss=4472251562.5000, style loss=103763475000000.0000, tv loss=81098768.0000
L-BFGS | iteration: 353, total loss=103294601003008.0000, content_loss=4473116796.8750, style loss=103290046875000.0000, tv loss=81120240.0000
L-BFGS | iteration: 354, total loss=102784917569536.0000, content_loss=4473099609.3750, style loss=102780365625000.0000, tv loss=81112744.0000
L-BFGS | iteration: 355, total loss=102506868768768.0000, content_loss=4477094921.8750, style loss=102502303125000.0000, tv loss=81168736.0000
L-BFGS | iteration: 356, total loss=102626783920128.0000, content_loss=4484199218.7500, style loss=102622209375000.0000, tv loss=81169472.0000
L-BFGS | iteration: 357, total loss=102200827183104.0000, content_loss=4480296875.0000, style loss=102196265625000.0000, tv loss=81168936.0000
L-BFGS | iteration: 358, total loss=101896035500032.0000, content_loss=4477839062.5000, style loss=101891475000000.0000, tv loss=81137728.0000
L-BFGS | iteration: 359, total loss=101594691534848.0000, content_loss=4477576562.5000, style loss=101590125000000.0000, tv loss=81145440.0000
L-BFGS | iteration: 360, total loss=101299253149696.0000, content_loss=4478478125.0000, style loss=101294690625000.0000, tv loss=81163136.0000
L-BFGS | iteration: 361, total loss=100998429278208.0000, content_loss=4481138281.2500, style loss=100993865625000.0000, tv loss=81173096.0000
L-BFGS | iteration: 362, total loss=100804056842240.0000, content_loss=4483761328.1250, style loss=100799484375000.0000, tv loss=81183984.0000
L-BFGS | iteration: 363, total loss=100490549395456.0000, content_loss=4487291015.6250, style loss=100485975000000.0000, tv loss=81189744.0000
L-BFGS | iteration: 364, total loss=100174860910592.0000, content_loss=4487502734.3750, style loss=100170290625000.0000, tv loss=81199312.0000
L-BFGS | iteration: 365, total loss=99870589321216.0000, content_loss=4487656640.6250, style loss=99866015625000.0000, tv loss=81192960.0000
L-BFGS | iteration: 366, total loss=99793749671936.0000, content_loss=4486221484.3750, style loss=99789178125000.0000, tv loss=81202936.0000
L-BFGS | iteration: 367, total loss=99621565104128.0000, content_loss=4486652343.7500, style loss=99616996875000.0000, tv loss=81201968.0000
L-BFGS | iteration: 368, total loss=99428568399872.0000, content_loss=4486699609.3750, style loss=99423993750000.0000, tv loss=81206352.0000
L-BFGS | iteration: 369, total loss=99061021540352.0000, content_loss=4486236328.1250, style loss=99056446875000.0000, tv loss=81220360.0000
L-BFGS | iteration: 370, total loss=98587065188352.0000, content_loss=4485718359.3750, style loss=98582493750000.0000, tv loss=81236752.0000
L-BFGS | iteration: 371, total loss=98156796706816.0000, content_loss=4486435546.8750, style loss=98152228125000.0000, tv loss=81246192.0000
L-BFGS | iteration: 372, total loss=97820019261440.0000, content_loss=4488205078.1250, style loss=97815450000000.0000, tv loss=81249888.0000
L-BFGS | iteration: 373, total loss=97364836614144.0000, content_loss=4491065234.3750, style loss=97360265625000.0000, tv loss=81254624.0000
L-BFGS | iteration: 374, total loss=97730856747008.0000, content_loss=4490134375.0000, style loss=97726284375000.0000, tv loss=81277616.0000
L-BFGS | iteration: 375, total loss=97283534225408.0000, content_loss=4491012500.0000, style loss=97278965625000.0000, tv loss=81262200.0000
L-BFGS | iteration: 376, total loss=97037102088192.0000, content_loss=4493386718.7500, style loss=97032525000000.0000, tv loss=81265928.0000
L-BFGS | iteration: 377, total loss=96707731783680.0000, content_loss=4493079687.5000, style loss=96703153125000.0000, tv loss=81284992.0000
L-BFGS | iteration: 378, total loss=96440252628992.0000, content_loss=4495252343.7500, style loss=96435675000000.0000, tv loss=81288832.0000
L-BFGS | iteration: 379, total loss=96311185506304.0000, content_loss=4494713281.2500, style loss=96306609375000.0000, tv loss=81307104.0000
L-BFGS | iteration: 380, total loss=96082948259840.0000, content_loss=4494445312.5000, style loss=96078365625000.0000, tv loss=81305248.0000
L-BFGS | iteration: 381, total loss=95961707708416.0000, content_loss=4494005468.7500, style loss=95957128125000.0000, tv loss=81310328.0000
L-BFGS | iteration: 382, total loss=95604143292416.0000, content_loss=4493887890.6250, style loss=95599565625000.0000, tv loss=81325104.0000
L-BFGS | iteration: 383, total loss=95228048441344.0000, content_loss=4494639453.1250, style loss=95223468750000.0000, tv loss=81332320.0000
L-BFGS | iteration: 384, total loss=94907444232192.0000, content_loss=4496391796.8750, style loss=94902862500000.0000, tv loss=81343200.0000
L-BFGS | iteration: 385, total loss=94836728266752.0000, content_loss=4495418359.3750, style loss=94832146875000.0000, tv loss=81358224.0000
L-BFGS | iteration: 386, total loss=94748849209344.0000, content_loss=4495878515.6250, style loss=94744265625000.0000, tv loss=81352176.0000
L-BFGS | iteration: 387, total loss=94476932481024.0000, content_loss=4496964843.7500, style loss=94472353125000.0000, tv loss=81343328.0000
L-BFGS | iteration: 388, total loss=94284892078080.0000, content_loss=4497451562.5000, style loss=94280315625000.0000, tv loss=81351088.0000
L-BFGS | iteration: 389, total loss=94001692672000.0000, content_loss=4497395312.5000, style loss=93997115625000.0000, tv loss=81368608.0000
L-BFGS | iteration: 390, total loss=93771115003904.0000, content_loss=4498606250.0000, style loss=93766537500000.0000, tv loss=81365624.0000
L-BFGS | iteration: 391, total loss=93639170588672.0000, content_loss=4498082812.5000, style loss=93634593750000.0000, tv loss=81372856.0000
L-BFGS | iteration: 392, total loss=93490365071360.0000, content_loss=4498439843.7500, style loss=93485784375000.0000, tv loss=81375896.0000
L-BFGS | iteration: 393, total loss=93275717369856.0000, content_loss=4499752343.7500, style loss=93271134375000.0000, tv loss=81378720.0000
L-BFGS | iteration: 394, total loss=92962897788928.0000, content_loss=4500428125.0000, style loss=92958318750000.0000, tv loss=81400488.0000
L-BFGS | iteration: 395, total loss=92622345469952.0000, content_loss=4506086328.1250, style loss=92617753125000.0000, tv loss=81400496.0000
L-BFGS | iteration: 396, total loss=92403922894848.0000, content_loss=4505077343.7500, style loss=92399334375000.0000, tv loss=81423936.0000
L-BFGS | iteration: 397, total loss=92184854396928.0000, content_loss=4504430468.7500, style loss=92180268750000.0000, tv loss=81442936.0000
L-BFGS | iteration: 398, total loss=92025957384192.0000, content_loss=4505822656.2500, style loss=92021371875000.0000, tv loss=81433696.0000
L-BFGS | iteration: 399, total loss=91936845201408.0000, content_loss=4507056640.6250, style loss=91932253125000.0000, tv loss=81428192.0000
L-BFGS | iteration: 400, total loss=91840971800576.0000, content_loss=4507860546.8750, style loss=91836384375000.0000, tv loss=81429912.0000
L-BFGS | iteration: 401, total loss=91652144234496.0000, content_loss=4508778515.6250, style loss=91647553125000.0000, tv loss=81433808.0000
L-BFGS | iteration: 402, total loss=91386753843200.0000, content_loss=4507262890.6250, style loss=91382165625000.0000, tv loss=81451952.0000
L-BFGS | iteration: 403, total loss=91105408319488.0000, content_loss=4508256640.6250, style loss=91100821875000.0000, tv loss=81446832.0000
L-BFGS | iteration: 404, total loss=90968439128064.0000, content_loss=4507692578.1250, style loss=90963853125000.0000, tv loss=81457936.0000
L-BFGS | iteration: 405, total loss=90822401851392.0000, content_loss=4507886718.7500, style loss=90817809375000.0000, tv loss=81466544.0000
L-BFGS | iteration: 406, total loss=90562472443904.0000, content_loss=4508735156.2500, style loss=90557887500000.0000, tv loss=81474264.0000
L-BFGS | iteration: 407, total loss=90230971432960.0000, content_loss=4510888671.8750, style loss=90226378125000.0000, tv loss=81481904.0000
L-BFGS | iteration: 408, total loss=90079439618048.0000, content_loss=4510685156.2500, style loss=90074840625000.0000, tv loss=81491024.0000
L-BFGS | iteration: 409, total loss=89801944465408.0000, content_loss=4512514453.1250, style loss=89797350000000.0000, tv loss=81486576.0000
L-BFGS | iteration: 410, total loss=89673766535168.0000, content_loss=4513055078.1250, style loss=89669165625000.0000, tv loss=81497104.0000
L-BFGS | iteration: 411, total loss=89317099700224.0000, content_loss=4515095312.5000, style loss=89312503125000.0000, tv loss=81513192.0000
L-BFGS | iteration: 412, total loss=89099096555520.0000, content_loss=4516373828.1250, style loss=89094496875000.0000, tv loss=81521664.0000
L-BFGS | iteration: 413, total loss=89014472278016.0000, content_loss=4515526953.1250, style loss=89009878125000.0000, tv loss=81529808.0000
L-BFGS | iteration: 414, total loss=88881521229824.0000, content_loss=4516539062.5000, style loss=88876921875000.0000, tv loss=81520680.0000
L-BFGS | iteration: 415, total loss=88767201280000.0000, content_loss=4516798437.5000, style loss=88762603125000.0000, tv loss=81521184.0000
L-BFGS | iteration: 416, total loss=88458987044864.0000, content_loss=4516305468.7500, style loss=88454390625000.0000, tv loss=81532560.0000
L-BFGS | iteration: 417, total loss=88184956387328.0000, content_loss=4516164843.7500, style loss=88180359375000.0000, tv loss=81544896.0000
L-BFGS | iteration: 418, total loss=87848640315392.0000, content_loss=4515783203.1250, style loss=87844040625000.0000, tv loss=81558568.0000
L-BFGS | iteration: 419, total loss=87628498075648.0000, content_loss=4517356640.6250, style loss=87623896875000.0000, tv loss=81566336.0000
L-BFGS | iteration: 420, total loss=87575456907264.0000, content_loss=4516249218.7500, style loss=87570862500000.0000, tv loss=81583328.0000
L-BFGS | iteration: 421, total loss=87510663299072.0000, content_loss=4516908984.3750, style loss=87506062500000.0000, tv loss=81576560.0000
L-BFGS | iteration: 422, total loss=87412701134848.0000, content_loss=4517704687.5000, style loss=87408093750000.0000, tv loss=81573560.0000
L-BFGS | iteration: 423, total loss=87110300205056.0000, content_loss=4518866796.8750, style loss=87105693750000.0000, tv loss=81582088.0000
L-BFGS | iteration: 424, total loss=86886802522112.0000, content_loss=4521362109.3750, style loss=86882193750000.0000, tv loss=81576960.0000
L-BFGS | iteration: 425, total loss=86768648978432.0000, content_loss=4520085546.8750, style loss=86764040625000.0000, tv loss=81590304.0000
L-BFGS | iteration: 426, total loss=86605708656640.0000, content_loss=4520480859.3750, style loss=86601103125000.0000, tv loss=81590400.0000
L-BFGS | iteration: 427, total loss=86513400414208.0000, content_loss=4520191406.2500, style loss=86508796875000.0000, tv loss=81596272.0000
L-BFGS | iteration: 428, total loss=86236517629952.0000, content_loss=4520775000.0000, style loss=86231915625000.0000, tv loss=81605904.0000
L-BFGS | iteration: 429, total loss=85992333639680.0000, content_loss=4521250781.2500, style loss=85987725000000.0000, tv loss=81614216.0000
L-BFGS | iteration: 430, total loss=85759231000576.0000, content_loss=4523234765.6250, style loss=85754625000000.0000, tv loss=81621536.0000
L-BFGS | iteration: 431, total loss=85553148067840.0000, content_loss=4523431250.0000, style loss=85548543750000.0000, tv loss=81628976.0000
L-BFGS | iteration: 432, total loss=85500769599488.0000, content_loss=4522524218.7500, style loss=85496165625000.0000, tv loss=81642192.0000
L-BFGS | iteration: 433, total loss=85324709494784.0000, content_loss=4523933203.1250, style loss=85320103125000.0000, tv loss=81640744.0000
L-BFGS | iteration: 434, total loss=85250327707648.0000, content_loss=4523680078.1250, style loss=85245721875000.0000, tv loss=81641136.0000
L-BFGS | iteration: 435, total loss=84974376058880.0000, content_loss=4523688671.8750, style loss=84969768750000.0000, tv loss=81651872.0000
L-BFGS | iteration: 436, total loss=84836702224384.0000, content_loss=4524539062.5000, style loss=84832096875000.0000, tv loss=81647120.0000
L-BFGS | iteration: 437, total loss=84689574428672.0000, content_loss=4524487890.6250, style loss=84684965625000.0000, tv loss=81651480.0000
L-BFGS | iteration: 438, total loss=84531054903296.0000, content_loss=4525847265.6250, style loss=84526443750000.0000, tv loss=81660680.0000
L-BFGS | iteration: 439, total loss=84318068146176.0000, content_loss=4527611328.1250, style loss=84313453125000.0000, tv loss=81664776.0000
L-BFGS | iteration: 440, total loss=84158885920768.0000, content_loss=4527491796.8750, style loss=84154275000000.0000, tv loss=81681656.0000
L-BFGS | iteration: 441, total loss=84007890976768.0000, content_loss=4527822656.2500, style loss=84003281250000.0000, tv loss=81688840.0000
L-BFGS | iteration: 442, total loss=83872532398080.0000, content_loss=4527262109.3750, style loss=83867915625000.0000, tv loss=81691864.0000
L-BFGS | iteration: 443, total loss=83590331236352.0000, content_loss=4526589062.5000, style loss=83585718750000.0000, tv loss=81698496.0000
L-BFGS | iteration: 444, total loss=83336466792448.0000, content_loss=4529323828.1250, style loss=83331853125000.0000, tv loss=81704400.0000
L-BFGS | iteration: 445, total loss=83258343686144.0000, content_loss=4529496875.0000, style loss=83253731250000.0000, tv loss=81725584.0000
L-BFGS | iteration: 446, total loss=83072426967040.0000, content_loss=4531663671.8750, style loss=83067815625000.0000, tv loss=81721920.0000
L-BFGS | iteration: 447, total loss=83006207295488.0000, content_loss=4531404687.5000, style loss=83001590625000.0000, tv loss=81720440.0000
L-BFGS | iteration: 448, total loss=82830122024960.0000, content_loss=4530460937.5000, style loss=82825509375000.0000, tv loss=81724328.0000
L-BFGS | iteration: 449, total loss=82688765591552.0000, content_loss=4530090625.0000, style loss=82684153125000.0000, tv loss=81723632.0000
L-BFGS | iteration: 450, total loss=82537107947520.0000, content_loss=4529921093.7500, style loss=82532493750000.0000, tv loss=81734080.0000
L-BFGS | iteration: 451, total loss=82385836179456.0000, content_loss=4530752343.7500, style loss=82381218750000.0000, tv loss=81741272.0000
L-BFGS | iteration: 452, total loss=82289920835584.0000, content_loss=4530767578.1250, style loss=82285303125000.0000, tv loss=81750144.0000
L-BFGS | iteration: 453, total loss=82155476615168.0000, content_loss=4531869140.6250, style loss=82150865625000.0000, tv loss=81752040.0000
L-BFGS | iteration: 454, total loss=81965415923712.0000, content_loss=4533472656.2500, style loss=81960806250000.0000, tv loss=81758632.0000
L-BFGS | iteration: 455, total loss=81714294554624.0000, content_loss=4534936328.1250, style loss=81709668750000.0000, tv loss=81763392.0000
L-BFGS | iteration: 456, total loss=81497306431488.0000, content_loss=4536380468.7500, style loss=81492684375000.0000, tv loss=81778928.0000
L-BFGS | iteration: 457, total loss=81568953532416.0000, content_loss=4534216796.8750, style loss=81564328125000.0000, tv loss=81793936.0000
L-BFGS | iteration: 458, total loss=81426640797696.0000, content_loss=4535560937.5000, style loss=81422015625000.0000, tv loss=81785536.0000
L-BFGS | iteration: 459, total loss=81316355768320.0000, content_loss=4535414843.7500, style loss=81311737500000.0000, tv loss=81776240.0000
L-BFGS | iteration: 460, total loss=81211246510080.0000, content_loss=4534546875.0000, style loss=81206625000000.0000, tv loss=81782248.0000
L-BFGS | iteration: 461, total loss=80983797792768.0000, content_loss=4534527734.3750, style loss=80979178125000.0000, tv loss=81789360.0000
L-BFGS | iteration: 462, total loss=80766448959488.0000, content_loss=4534344921.8750, style loss=80761828125000.0000, tv loss=81798008.0000
L-BFGS | iteration: 463, total loss=80708055859200.0000, content_loss=4533616015.6250, style loss=80703440625000.0000, tv loss=81809936.0000
L-BFGS | iteration: 464, total loss=80542699618304.0000, content_loss=4535896875.0000, style loss=80538075000000.0000, tv loss=81801808.0000
L-BFGS | iteration: 465, total loss=80465969020928.0000, content_loss=4536325390.6250, style loss=80461350000000.0000, tv loss=81801264.0000
L-BFGS | iteration: 466, total loss=80201778200576.0000, content_loss=4538662500.0000, style loss=80197153125000.0000, tv loss=81810576.0000
L-BFGS | iteration: 467, total loss=80071318568960.0000, content_loss=4539377343.7500, style loss=80066700000000.0000, tv loss=81809160.0000
L-BFGS | iteration: 468, total loss=79987835142144.0000, content_loss=4539034375.0000, style loss=79983215625000.0000, tv loss=81812192.0000
L-BFGS | iteration: 469, total loss=79897766658048.0000, content_loss=4539146093.7500, style loss=79893140625000.0000, tv loss=81817960.0000
L-BFGS | iteration: 470, total loss=79778623258624.0000, content_loss=4539828515.6250, style loss=79774003125000.0000, tv loss=81824264.0000
L-BFGS | iteration: 471, total loss=79554110554112.0000, content_loss=4540372265.6250, style loss=79549490625000.0000, tv loss=81844440.0000
L-BFGS | iteration: 472, total loss=79401077178368.0000, content_loss=4541723828.1250, style loss=79396453125000.0000, tv loss=81842896.0000
L-BFGS | iteration: 473, total loss=79302678806528.0000, content_loss=4541384765.6250, style loss=79298053125000.0000, tv loss=81847744.0000
L-BFGS | iteration: 474, total loss=79227349106688.0000, content_loss=4541475000.0000, style loss=79222725000000.0000, tv loss=81848576.0000
L-BFGS | iteration: 475, total loss=79027700236288.0000, content_loss=4542488671.8750, style loss=79023065625000.0000, tv loss=81846592.0000
L-BFGS | iteration: 476, total loss=78815200018432.0000, content_loss=4542174609.3750, style loss=78810581250000.0000, tv loss=81860080.0000
L-BFGS | iteration: 477, total loss=78617614745600.0000, content_loss=4543823046.8750, style loss=78612984375000.0000, tv loss=81857328.0000
L-BFGS | iteration: 478, total loss=78442921984000.0000, content_loss=4543698046.8750, style loss=78438295312500.0000, tv loss=81864808.0000
L-BFGS | iteration: 479, total loss=78453894283264.0000, content_loss=4542356250.0000, style loss=78449273437500.0000, tv loss=81882656.0000
L-BFGS | iteration: 480, total loss=78360269029376.0000, content_loss=4543187500.0000, style loss=78355635937500.0000, tv loss=81874032.0000
L-BFGS | iteration: 481, total loss=78217813688320.0000, content_loss=4544682812.5000, style loss=78213182812500.0000, tv loss=81884704.0000
L-BFGS | iteration: 482, total loss=78104752029696.0000, content_loss=4544829296.8750, style loss=78100120312500.0000, tv loss=81883472.0000
L-BFGS | iteration: 483, total loss=77955107651584.0000, content_loss=4545146093.7500, style loss=77950476562500.0000, tv loss=81887032.0000
L-BFGS | iteration: 484, total loss=77863722156032.0000, content_loss=4546377734.3750, style loss=77859089062500.0000, tv loss=81886528.0000
L-BFGS | iteration: 485, total loss=77784391090176.0000, content_loss=4545977734.3750, style loss=77779762500000.0000, tv loss=81894672.0000
L-BFGS | iteration: 486, total loss=77696109379584.0000, content_loss=4545641796.8750, style loss=77691482812500.0000, tv loss=81904352.0000
L-BFGS | iteration: 487, total loss=77537866678272.0000, content_loss=4546481640.6250, style loss=77533232812500.0000, tv loss=81912064.0000
L-BFGS | iteration: 488, total loss=77326465368064.0000, content_loss=4547478515.6250, style loss=77321835937500.0000, tv loss=81919680.0000
L-BFGS | iteration: 489, total loss=77136807329792.0000, content_loss=4548618359.3750, style loss=77132175000000.0000, tv loss=81927392.0000
L-BFGS | iteration: 490, total loss=77153232224256.0000, content_loss=4548015234.3750, style loss=77148600000000.0000, tv loss=81939408.0000
L-BFGS | iteration: 491, total loss=77079328587776.0000, content_loss=4548463671.8750, style loss=77074696875000.0000, tv loss=81933352.0000
