C:\Users\user\AppData\Roaming\Python\Python313\site-packages\torchvision\models\_utils.py:208: UserWarning: The parameter 'pretrained' is deprecated since 0.13 and may be removed in the future, please use 'weights' instead.
  warnings.warn(
C:\Users\user\AppData\Roaming\Python\Python313\site-packages\torchvision\models\_utils.py:223: UserWarning: Arguments other than a weight enum or `None` for 'weights' are deprecated since 0.13 and may be removed in the future. The current behavior is equivalent to passing `weights=VGG19_Weights.IMAGENET1K_V1`. You can also use `weights=VGG19_Weights.DEFAULT` to get the most up-to-date weights.
  warnings.warn(msg)
Using VGG19 in the optimization procedure.
L-BFGS | iteration: 000, total loss=323282531967303680.0000, content_loss=      0.0000, style loss=323282534400000000.0000, tv loss=19590112.0000
L-BFGS | iteration: 001, total loss=323282497607565312.0000, content_loss=     83.3719, style loss=323282496000000000.0000, tv loss=19590112.0000
L-BFGS | iteration: 002, total loss=323282188369920000.0000, content_loss=    120.3853, style loss=323282188800000000.0000, tv loss=19590116.0000
L-BFGS | iteration: 003, total loss=323280161145356288.0000, content_loss=    160.1247, style loss=323280153600000000.0000, tv loss=19590144.0000
L-BFGS | iteration: 004, total loss=323270299900444672.0000, content_loss=    240.1498, style loss=323270284800000000.0000, tv loss=19590286.0000
L-BFGS | iteration: 005, total loss=323215358678794240.0000, content_loss=    818.4986, style loss=323215372800000000.0000, tv loss=19591064.0000
L-BFGS | iteration: 006, total loss=322915776119963648.0000, content_loss=  14254.3912, style loss=322915776000000000.0000, tv loss=19595362.0000
L-BFGS | iteration: 007, total loss=321278568946466816.0000, content_loss= 397067.1654, style loss=321278572800000000.0000, tv loss=19619000.0000
L-BFGS | iteration: 008, total loss=312637885020897280.0000, content_loss=9441888.4277, style loss=312637881600000000.0000, tv loss=19752182.0000
L-BFGS | iteration: 009, total loss=272477003045666816.0000, content_loss=160498120.1172, style loss=272477011200000000.0000, tv loss=20635984.0000
L-BFGS | iteration: 010, total loss=250660974363672576.0000, content_loss=2082751171.8750, style loss=250660972800000000.0000, tv loss=29270368.0000
L-BFGS | iteration: 011, total loss=177197259572641792.0000, content_loss=1232630078.1250, style loss=177197260800000000.0000, tv loss=25268748.0000
L-BFGS | iteration: 012, total loss=138413447191724032.0000, content_loss=2012781445.3125, style loss=138413443200000000.0000, tv loss=28258984.0000
L-BFGS | iteration: 013, total loss=103999927243243520.0000, content_loss=2219114062.5000, style loss=103999929600000000.0000, tv loss=29709712.0000
L-BFGS | iteration: 014, total loss=84124905951461376.0000, content_loss=2421200000.0000, style loss=84124905600000000.0000, tv loss=30842620.0000
L-BFGS | iteration: 015, total loss=70496193037205504.0000, content_loss=2717748632.8125, style loss=70496188800000000.0000, tv loss=32393126.0000
L-BFGS | iteration: 016, total loss=60244050267078656.0000, content_loss=2797020898.4375, style loss=60244046400000000.0000, tv loss=33191890.0000
L-BFGS | iteration: 017, total loss=52053066597269504.0000, content_loss=2809840429.6875, style loss=52053062400000000.0000, tv loss=33500598.0000
L-BFGS | iteration: 018, total loss=45547587008200704.0000, content_loss=2866050195.3125, style loss=45547584000000000.0000, tv loss=33906768.0000
L-BFGS | iteration: 019, total loss=39698073479282688.0000, content_loss=2936957031.2500, style loss=39698071200000000.0000, tv loss=34327920.0000
L-BFGS | iteration: 020, total loss=34324755859374080.0000, content_loss=2979330664.0625, style loss=34324754400000000.0000, tv loss=34625632.0000
L-BFGS | iteration: 021, total loss=29931386567655424.0000, content_loss=3002681640.6250, style loss=29931384000000000.0000, tv loss=34870232.0000
L-BFGS | iteration: 022, total loss=26174108374925312.0000, content_loss=3002898242.1875, style loss=26174107200000000.0000, tv loss=35085624.0000
L-BFGS | iteration: 023, total loss=22921050752811008.0000, content_loss=3018418945.3125, style loss=22921048800000000.0000, tv loss=35405296.0000
L-BFGS | iteration: 024, total loss=20179276775030784.0000, content_loss=3030978906.2500, style loss=20179274400000000.0000, tv loss=35685968.0000
L-BFGS | iteration: 025, total loss=17891180192727040.0000, content_loss=3036241796.8750, style loss=17891176800000000.0000, tv loss=35892148.0000
L-BFGS | iteration: 026, total loss=15884312700256256.0000, content_loss=3054282031.2500, style loss=15884310000000000.0000, tv loss=36104392.0000
L-BFGS | iteration: 027, total loss=14063204690821120.0000, content_loss=3078327929.6875, style loss=14063202000000000.0000, tv loss=36340716.0000
L-BFGS | iteration: 028, total loss=12379623681687552.0000, content_loss=3116269140.6250, style loss=12379620000000000.0000, tv loss=36616000.0000
L-BFGS | iteration: 029, total loss=10827297946861568.0000, content_loss=3156237500.0000, style loss=10827295200000000.0000, tv loss=36854232.0000
L-BFGS | iteration: 030, total loss=9442579015794688.0000, content_loss=3201555468.7500, style loss=9442576200000000.0000, tv loss=37038572.0000
L-BFGS | iteration: 031, total loss=8285121299873792.0000, content_loss=3257455273.4375, style loss=8285118000000000.0000, tv loss=37192912.0000
L-BFGS | iteration: 032, total loss=7259524985520128.0000, content_loss=3412883984.3750, style loss=7259521800000000.0000, tv loss=37589252.0000
L-BFGS | iteration: 033, total loss=7417147600928768.0000, content_loss=3261001171.8750, style loss=7417144200000000.0000, tv loss=37459240.0000
L-BFGS | iteration: 034, total loss=6794038040592384.0000, content_loss=3338603515.6250, style loss=6794034600000000.0000, tv loss=37514320.0000
L-BFGS | iteration: 035, total loss=6414645862596608.0000, content_loss=3354399218.7500, style loss=6414642600000000.0000, tv loss=37561520.0000
L-BFGS | iteration: 036, total loss=7278960249405440.0000, content_loss=3483688671.8750, style loss=7278957000000000.0000, tv loss=38198824.0000
L-BFGS | iteration: 037, total loss=6056260906516480.0000, content_loss=3410291796.8750, style loss=6056257800000000.0000, tv loss=37814056.0000
L-BFGS | iteration: 038, total loss=5823818887069696.0000, content_loss=3457586328.1250, style loss=5823815400000000.0000, tv loss=37947912.0000
L-BFGS | iteration: 039, total loss=5374846091395072.0000, content_loss=3531804296.8750, style loss=5374842600000000.0000, tv loss=38110952.0000
L-BFGS | iteration: 040, total loss=4807785854271488.0000, content_loss=3536787890.6250, style loss=4807782300000000.0000, tv loss=38195928.0000
L-BFGS | iteration: 041, total loss=4439100224438272.0000, content_loss=3481339453.1250, style loss=4439096700000000.0000, tv loss=38291012.0000
L-BFGS | iteration: 042, total loss=4188278697754624.0000, content_loss=3551613671.8750, style loss=4188275100000000.0000, tv loss=38381968.0000
L-BFGS | iteration: 043, total loss=3999791910486016.0000, content_loss=3672026562.5000, style loss=3999788100000000.0000, tv loss=38332880.0000
L-BFGS | iteration: 044, total loss=3712194457894912.0000, content_loss=3597454687.5000, style loss=3712191000000000.0000, tv loss=38403128.0000
L-BFGS | iteration: 045, total loss=4394992520921088.0000, content_loss=3506374218.7500, style loss=4394988900000000.0000, tv loss=38670264.0000
L-BFGS | iteration: 046, total loss=3628969265987584.0000, content_loss=3572383593.7500, style loss=3628965900000000.0000, tv loss=38470936.0000
L-BFGS | iteration: 047, total loss=3564579384721408.0000, content_loss=3581328906.2500, style loss=3564576000000000.0000, tv loss=38501040.0000
L-BFGS | iteration: 048, total loss=3735800135024640.0000, content_loss=3638377343.7500, style loss=3735796500000000.0000, tv loss=38806392.0000
L-BFGS | iteration: 049, total loss=3358969636585472.0000, content_loss=3618305859.3750, style loss=3358966200000000.0000, tv loss=38632840.0000
L-BFGS | iteration: 050, total loss=3127553577451520.0000, content_loss=3656266406.2500, style loss=3127549800000000.0000, tv loss=38723500.0000
L-BFGS | iteration: 051, total loss=2988020558987264.0000, content_loss=3652519140.6250, style loss=2988016800000000.0000, tv loss=38734360.0000
L-BFGS | iteration: 052, total loss=2751241696313344.0000, content_loss=3669218359.3750, style loss=2751237900000000.0000, tv loss=38792076.0000
L-BFGS | iteration: 053, total loss=2671897544228864.0000, content_loss=3683126562.5000, style loss=2671893900000000.0000, tv loss=38658668.0000
L-BFGS | iteration: 054, total loss=2738062052294656.0000, content_loss=3658686328.1250, style loss=2738058300000000.0000, tv loss=38747168.0000
L-BFGS | iteration: 055, total loss=2536282878115840.0000, content_loss=3673465234.3750, style loss=2536279200000000.0000, tv loss=38697136.0000
L-BFGS | iteration: 056, total loss=2488828858204160.0000, content_loss=3683546875.0000, style loss=2488825200000000.0000, tv loss=38822020.0000
L-BFGS | iteration: 057, total loss=2407106904850432.0000, content_loss=3710001562.5000, style loss=2407103250000000.0000, tv loss=38932200.0000
L-BFGS | iteration: 058, total loss=2334645974728704.0000, content_loss=3719749218.7500, style loss=2334642300000000.0000, tv loss=39000044.0000
L-BFGS | iteration: 059, total loss=2239034365575168.0000, content_loss=3709704687.5000, style loss=2239030650000000.0000, tv loss=39051880.0000
L-BFGS | iteration: 060, total loss=2130280022278144.0000, content_loss=3681344921.8750, style loss=2130276450000000.0000, tv loss=38958812.0000
L-BFGS | iteration: 061, total loss=2002653324247040.0000, content_loss=3698538281.2500, style loss=2002649550000000.0000, tv loss=38923952.0000
L-BFGS | iteration: 062, total loss=1986584240979968.0000, content_loss=3731413671.8750, style loss=1986580500000000.0000, tv loss=39119452.0000
L-BFGS | iteration: 063, total loss=1961029319786496.0000, content_loss=3719958984.3750, style loss=1961025600000000.0000, tv loss=39037504.0000
L-BFGS | iteration: 064, total loss=1889850437402624.0000, content_loss=3763995703.1250, style loss=1889846700000000.0000, tv loss=39177056.0000
L-BFGS | iteration: 065, total loss=1806234671906816.0000, content_loss=3762710937.5000, style loss=1806230850000000.0000, tv loss=39198320.0000
L-BFGS | iteration: 066, total loss=1701955952967680.0000, content_loss=3762864062.5000, style loss=1701952200000000.0000, tv loss=39232200.0000
L-BFGS | iteration: 067, total loss=1618043834728448.0000, content_loss=3762564453.1250, style loss=1618040100000000.0000, tv loss=39332264.0000
L-BFGS | iteration: 068, total loss=1557211931213824.0000, content_loss=3836427343.7500, style loss=1557208050000000.0000, tv loss=39257272.0000
L-BFGS | iteration: 069, total loss=2447876881907712.0000, content_loss=3816954296.8750, style loss=2447873250000000.0000, tv loss=39453800.0000
L-BFGS | iteration: 070, total loss=1515472902160384.0000, content_loss=3837575390.6250, style loss=1515469050000000.0000, tv loss=39291688.0000
L-BFGS | iteration: 071, total loss=1496738254815232.0000, content_loss=3827848046.8750, style loss=1496734350000000.0000, tv loss=39342128.0000
L-BFGS | iteration: 072, total loss=1453868844056576.0000, content_loss=3798916015.6250, style loss=1453865100000000.0000, tv loss=39428400.0000
L-BFGS | iteration: 073, total loss=1414732699402240.0000, content_loss=3779617968.7500, style loss=1414728900000000.0000, tv loss=39452264.0000
L-BFGS | iteration: 074, total loss=1349756555100160.0000, content_loss=3775035937.5000, style loss=1349752800000000.0000, tv loss=39457740.0000
L-BFGS | iteration: 075, total loss=1285491362103296.0000, content_loss=3761529687.5000, style loss=1285487550000000.0000, tv loss=39488936.0000
L-BFGS | iteration: 076, total loss=1217927500005376.0000, content_loss=3816942187.5000, style loss=1217923800000000.0000, tv loss=39583528.0000
L-BFGS | iteration: 077, total loss=1181838097776640.0000, content_loss=3809668359.3750, style loss=1181834400000000.0000, tv loss=39584200.0000
L-BFGS | iteration: 078, total loss=1168412566880256.0000, content_loss=3792161718.7500, style loss=1168408800000000.0000, tv loss=39479864.0000
L-BFGS | iteration: 079, total loss=1173618738331648.0000, content_loss=3796603906.2500, style loss=1173614925000000.0000, tv loss=39668796.0000
L-BFGS | iteration: 080, total loss=1146778548174848.0000, content_loss=3795253125.0000, style loss=1146774750000000.0000, tv loss=39573360.0000
L-BFGS | iteration: 081, total loss=1131039506300928.0000, content_loss=3836916015.6250, style loss=1131035550000000.0000, tv loss=39770372.0000
L-BFGS | iteration: 082, total loss=1109834111909888.0000, content_loss=3820956250.0000, style loss=1109830200000000.0000, tv loss=39687184.0000
L-BFGS | iteration: 083, total loss=1092935495974912.0000, content_loss=3809680859.3750, style loss=1092931575000000.0000, tv loss=39653424.0000
L-BFGS | iteration: 084, total loss=1068287886622720.0000, content_loss=3803764062.5000, style loss=1068284025000000.0000, tv loss=39615880.0000
L-BFGS | iteration: 085, total loss=1028393680240640.0000, content_loss=3810451953.1250, style loss=1028389800000000.0000, tv loss=39630528.0000
L-BFGS | iteration: 086, total loss=974968783372288.0000, content_loss=3838159375.0000, style loss=974964900000000.0000, tv loss=39742656.0000
L-BFGS | iteration: 087, total loss=947404622790656.0000, content_loss=3846931640.6250, style loss=947400750000000.0000, tv loss=39838424.0000
L-BFGS | iteration: 088, total loss=941636951474176.0000, content_loss=3873057812.5000, style loss=941633025000000.0000, tv loss=40042732.0000
L-BFGS | iteration: 089, total loss=908629926477824.0000, content_loss=3868939062.5000, style loss=908625975000000.0000, tv loss=39937920.0000
L-BFGS | iteration: 090, total loss=887108717772800.0000, content_loss=3838315234.3750, style loss=887104800000000.0000, tv loss=39943404.0000
L-BFGS | iteration: 091, total loss=869885563371520.0000, content_loss=3833025781.2500, style loss=869881650000000.0000, tv loss=39922208.0000
L-BFGS | iteration: 092, total loss=878081434714112.0000, content_loss=3848272656.2500, style loss=878077575000000.0000, tv loss=39808652.0000
L-BFGS | iteration: 093, total loss=860175581839360.0000, content_loss=3839876953.1250, style loss=860171700000000.0000, tv loss=39879088.0000
L-BFGS | iteration: 094, total loss=849060474912768.0000, content_loss=3837719921.8750, style loss=849056550000000.0000, tv loss=39942496.0000
L-BFGS | iteration: 095, total loss=838018717974528.0000, content_loss=3846555859.3750, style loss=838014825000000.0000, tv loss=39991656.0000
L-BFGS | iteration: 096, total loss=824222410604544.0000, content_loss=3859812890.6250, style loss=824218425000000.0000, tv loss=40036696.0000
L-BFGS | iteration: 097, total loss=801444387094528.0000, content_loss=3873648046.8750, style loss=801440400000000.0000, tv loss=40069736.0000
L-BFGS | iteration: 098, total loss=782693298077696.0000, content_loss=3896213671.8750, style loss=782689350000000.0000, tv loss=40053456.0000
L-BFGS | iteration: 099, total loss=1044047695183872.0000, content_loss=3866352343.7500, style loss=1044043725000000.0000, tv loss=40171504.0000
L-BFGS | iteration: 100, total loss=774292207828992.0000, content_loss=3893123046.8750, style loss=774288225000000.0000, tv loss=40072376.0000
L-BFGS | iteration: 101, total loss=766332559687680.0000, content_loss=3887304687.5000, style loss=766328625000000.0000, tv loss=40061464.0000
L-BFGS | iteration: 102, total loss=751836709519360.0000, content_loss=3876396093.7500, style loss=751832775000000.0000, tv loss=40062480.0000
L-BFGS | iteration: 103, total loss=735982710161408.0000, content_loss=3868431640.6250, style loss=735978750000000.0000, tv loss=40076360.0000
L-BFGS | iteration: 104, total loss=734264119263232.0000, content_loss=3853230859.3750, style loss=734260200000000.0000, tv loss=40165032.0000
L-BFGS | iteration: 105, total loss=725262941552640.0000, content_loss=3861275781.2500, style loss=725259000000000.0000, tv loss=40124636.0000
L-BFGS | iteration: 106, total loss=706643855671296.0000, content_loss=3862473437.5000, style loss=706639875000000.0000, tv loss=40178148.0000
L-BFGS | iteration: 107, total loss=693252013424640.0000, content_loss=3878687109.3750, style loss=693248025000000.0000, tv loss=40191488.0000
L-BFGS | iteration: 108, total loss=690268487548928.0000, content_loss=3878121484.3750, style loss=690264525000000.0000, tv loss=40264200.0000
L-BFGS | iteration: 109, total loss=685910840573952.0000, content_loss=3879507031.2500, style loss=685906875000000.0000, tv loss=40234400.0000
L-BFGS | iteration: 110, total loss=678875482816512.0000, content_loss=3885290234.3750, style loss=678871500000000.0000, tv loss=40246268.0000
L-BFGS | iteration: 111, total loss=661675212537856.0000, content_loss=3900532031.2500, style loss=661671225000000.0000, tv loss=40279196.0000
L-BFGS | iteration: 112, total loss=651404133793792.0000, content_loss=3911642968.7500, style loss=651400200000000.0000, tv loss=40286004.0000
L-BFGS | iteration: 113, total loss=644317840408576.0000, content_loss=3900458984.3750, style loss=644313900000000.0000, tv loss=40373824.0000
L-BFGS | iteration: 114, total loss=639470701379584.0000, content_loss=3905782421.8750, style loss=639466725000000.0000, tv loss=40342532.0000
L-BFGS | iteration: 115, total loss=633767051919360.0000, content_loss=3901286328.1250, style loss=633763125000000.0000, tv loss=40344892.0000
L-BFGS | iteration: 116, total loss=622386126782464.0000, content_loss=3894256640.6250, style loss=622382175000000.0000, tv loss=40347528.0000
L-BFGS | iteration: 117, total loss=612517097242624.0000, content_loss=3880916796.8750, style loss=612513112500000.0000, tv loss=40395616.0000
L-BFGS | iteration: 118, total loss=595951139946496.0000, content_loss=3890234765.6250, style loss=595947187500000.0000, tv loss=40395824.0000
L-BFGS | iteration: 119, total loss=609734428196864.0000, content_loss=3898362890.6250, style loss=609730462500000.0000, tv loss=40454192.0000
L-BFGS | iteration: 120, total loss=592470136061952.0000, content_loss=3894292968.7500, style loss=592466175000000.0000, tv loss=40414576.0000
L-BFGS | iteration: 121, total loss=587573000929280.0000, content_loss=3907263281.2500, style loss=587569012500000.0000, tv loss=40412444.0000
L-BFGS | iteration: 122, total loss=580573546414080.0000, content_loss=3910660546.8750, style loss=580569600000000.0000, tv loss=40430908.0000
L-BFGS | iteration: 123, total loss=567999492784128.0000, content_loss=3908908984.3750, style loss=567995512500000.0000, tv loss=40500108.0000
L-BFGS | iteration: 124, total loss=558576737189888.0000, content_loss=3920576953.1250, style loss=558572775000000.0000, tv loss=40509536.0000
L-BFGS | iteration: 125, total loss=577320645558272.0000, content_loss=3906771093.7500, style loss=577316700000000.0000, tv loss=40605024.0000
L-BFGS | iteration: 126, total loss=552048487563264.0000, content_loss=3916854296.8750, style loss=552044512500000.0000, tv loss=40546176.0000
L-BFGS | iteration: 127, total loss=548946313216000.0000, content_loss=3917645312.5000, style loss=548942362500000.0000, tv loss=40553024.0000
L-BFGS | iteration: 128, total loss=540646356025344.0000, content_loss=3911132812.5000, style loss=540642412500000.0000, tv loss=40566952.0000
L-BFGS | iteration: 129, total loss=536401519050752.0000, content_loss=3916587890.6250, style loss=536397562500000.0000, tv loss=40565760.0000
L-BFGS | iteration: 130, total loss=531377145511936.0000, content_loss=3919115234.3750, style loss=531373200000000.0000, tv loss=40596528.0000
L-BFGS | iteration: 131, total loss=528877944307712.0000, content_loss=3924953125.0000, style loss=528873975000000.0000, tv loss=40642008.0000
L-BFGS | iteration: 132, total loss=526542656503808.0000, content_loss=3923662109.3750, style loss=526538700000000.0000, tv loss=40624224.0000
L-BFGS | iteration: 133, total loss=521430236135424.0000, content_loss=3929213671.8750, style loss=521426287500000.0000, tv loss=40623648.0000
L-BFGS | iteration: 134, total loss=514950472663040.0000, content_loss=3935298437.5000, style loss=514946512500000.0000, tv loss=40644576.0000
L-BFGS | iteration: 135, total loss=502601367945216.0000, content_loss=3930561718.7500, style loss=502597425000000.0000, tv loss=40700824.0000
L-BFGS | iteration: 136, total loss=497306277249024.0000, content_loss=3946646484.3750, style loss=497302275000000.0000, tv loss=40702848.0000
L-BFGS | iteration: 137, total loss=519061360345088.0000, content_loss=3928978125.0000, style loss=519057412500000.0000, tv loss=40803688.0000
L-BFGS | iteration: 138, total loss=492260462428160.0000, content_loss=3941668359.3750, style loss=492256500000000.0000, tv loss=40737356.0000
L-BFGS | iteration: 139, total loss=489154932637696.0000, content_loss=3937919140.6250, style loss=489150975000000.0000, tv loss=40746976.0000
L-BFGS | iteration: 140, total loss=483959934812160.0000, content_loss=3933574218.7500, style loss=483955987500000.0000, tv loss=40769792.0000
L-BFGS | iteration: 141, total loss=480414774853632.0000, content_loss=3934055859.3750, style loss=480410812500000.0000, tv loss=40770952.0000
L-BFGS | iteration: 142, total loss=473308181037056.0000, content_loss=3931973437.5000, style loss=473304225000000.0000, tv loss=40812724.0000
L-BFGS | iteration: 143, total loss=466153604382720.0000, content_loss=3939472656.2500, style loss=466149637500000.0000, tv loss=40818296.0000
L-BFGS | iteration: 144, total loss=462043085799424.0000, content_loss=3939119531.2500, style loss=462039112500000.0000, tv loss=40851472.0000
L-BFGS | iteration: 145, total loss=453940999094272.0000, content_loss=3945569140.6250, style loss=453937012500000.0000, tv loss=40890776.0000
L-BFGS | iteration: 146, total loss=448437199831040.0000, content_loss=3950062890.6250, style loss=448433212500000.0000, tv loss=40877156.0000
L-BFGS | iteration: 147, total loss=442089875701760.0000, content_loss=3956434375.0000, style loss=442085887500000.0000, tv loss=40891072.0000
L-BFGS | iteration: 148, total loss=533303438344192.0000, content_loss=3929857031.2500, style loss=533299462500000.0000, tv loss=41035836.0000
L-BFGS | iteration: 149, total loss=439324621406208.0000, content_loss=3952416796.8750, style loss=439320637500000.0000, tv loss=40920016.0000
L-BFGS | iteration: 150, total loss=437695117524992.0000, content_loss=3953434765.6250, style loss=437691112500000.0000, tv loss=40919916.0000
L-BFGS | iteration: 151, total loss=431673372049408.0000, content_loss=3954537500.0000, style loss=431669362500000.0000, tv loss=40962480.0000
L-BFGS | iteration: 152, total loss=428381883596800.0000, content_loss=3957844140.6250, style loss=428377875000000.0000, tv loss=40958168.0000
L-BFGS | iteration: 153, total loss=426535651639296.0000, content_loss=3957199609.3750, style loss=426531675000000.0000, tv loss=40970312.0000
L-BFGS | iteration: 154, total loss=424220798484480.0000, content_loss=3957818750.0000, style loss=424216800000000.0000, tv loss=41014780.0000
L-BFGS | iteration: 155, total loss=421085975674880.0000, content_loss=3962165625.0000, style loss=421081987500000.0000, tv loss=40998344.0000
L-BFGS | iteration: 156, total loss=418539731156992.0000, content_loss=3967248828.1250, style loss=418535737500000.0000, tv loss=41004080.0000
L-BFGS | iteration: 157, total loss=413080827723776.0000, content_loss=3973327343.7500, style loss=413076825000000.0000, tv loss=41035808.0000
L-BFGS | iteration: 158, total loss=406746455605248.0000, content_loss=3979444921.8750, style loss=406742437500000.0000, tv loss=41091868.0000
L-BFGS | iteration: 159, total loss=402904406032384.0000, content_loss=3963001562.5000, style loss=402900412500000.0000, tv loss=41063884.0000
L-BFGS | iteration: 160, total loss=397880569364480.0000, content_loss=3969401171.8750, style loss=397876575000000.0000, tv loss=41102224.0000
L-BFGS | iteration: 161, total loss=395795295633408.0000, content_loss=3968523437.5000, style loss=395791312500000.0000, tv loss=41161584.0000
L-BFGS | iteration: 162, total loss=393071044853760.0000, content_loss=3975219921.8750, style loss=393067050000000.0000, tv loss=41168160.0000
L-BFGS | iteration: 163, total loss=390042421821440.0000, content_loss=3970107031.2500, style loss=390038437500000.0000, tv loss=41158136.0000
L-BFGS | iteration: 164, total loss=387330451963904.0000, content_loss=3965481250.0000, style loss=387326475000000.0000, tv loss=41156520.0000
L-BFGS | iteration: 165, total loss=385262290993152.0000, content_loss=3967491796.8750, style loss=385258312500000.0000, tv loss=41145776.0000
L-BFGS | iteration: 166, total loss=382720978976768.0000, content_loss=3970164062.5000, style loss=382716975000000.0000, tv loss=41171004.0000
L-BFGS | iteration: 167, total loss=379512705515520.0000, content_loss=3978769531.2500, style loss=379508662500000.0000, tv loss=41190248.0000
L-BFGS | iteration: 168, total loss=376726077046784.0000, content_loss=3981644531.2500, style loss=376722037500000.0000, tv loss=41212016.0000
L-BFGS | iteration: 169, total loss=371354650017792.0000, content_loss=3981335546.8750, style loss=371350612500000.0000, tv loss=41234648.0000
L-BFGS | iteration: 170, total loss=364410526760960.0000, content_loss=3982436718.7500, style loss=364406512500000.0000, tv loss=41281360.0000
L-BFGS | iteration: 171, total loss=363052444680192.0000, content_loss=3989185937.5000, style loss=363048412500000.0000, tv loss=41272128.0000
L-BFGS | iteration: 172, total loss=480018127912960.0000, content_loss=3945624218.7500, style loss=480014137500000.0000, tv loss=41419096.0000
L-BFGS | iteration: 173, total loss=360285915316224.0000, content_loss=3983127734.3750, style loss=360281887500000.0000, tv loss=41296712.0000
L-BFGS | iteration: 174, total loss=357437815128064.0000, content_loss=3987416796.8750, style loss=357433800000000.0000, tv loss=41323952.0000
L-BFGS | iteration: 175, total loss=355117291274240.0000, content_loss=3986158984.3750, style loss=355113262500000.0000, tv loss=41331280.0000
L-BFGS | iteration: 176, total loss=352946587959296.0000, content_loss=3984634375.0000, style loss=352942575000000.0000, tv loss=41336232.0000
L-BFGS | iteration: 177, total loss=350013058187264.0000, content_loss=3984203906.2500, style loss=350009025000000.0000, tv loss=41385496.0000
L-BFGS | iteration: 178, total loss=346397803020288.0000, content_loss=3990198046.8750, style loss=346393762500000.0000, tv loss=41364104.0000
L-BFGS | iteration: 179, total loss=344579891003392.0000, content_loss=3990827734.3750, style loss=344575875000000.0000, tv loss=41384392.0000
L-BFGS | iteration: 180, total loss=342890559569920.0000, content_loss=3994241015.6250, style loss=342886537500000.0000, tv loss=41425756.0000
L-BFGS | iteration: 181, total loss=340317572169728.0000, content_loss=3998244531.2500, style loss=340313550000000.0000, tv loss=41420008.0000
L-BFGS | iteration: 182, total loss=338826178330624.0000, content_loss=4000708984.3750, style loss=338822137500000.0000, tv loss=41429508.0000
L-BFGS | iteration: 183, total loss=337439440764928.0000, content_loss=4000755859.3750, style loss=337435425000000.0000, tv loss=41497056.0000
L-BFGS | iteration: 184, total loss=335335443660800.0000, content_loss=4002496093.7500, style loss=335331412500000.0000, tv loss=41469776.0000
L-BFGS | iteration: 185, total loss=332207835054080.0000, content_loss=4003942187.5000, style loss=332203800000000.0000, tv loss=41472336.0000
L-BFGS | iteration: 186, total loss=329435534327808.0000, content_loss=4004578515.6250, style loss=329431500000000.0000, tv loss=41487720.0000
L-BFGS | iteration: 187, total loss=324549304385536.0000, content_loss=4009505468.7500, style loss=324545287500000.0000, tv loss=41504844.0000
L-BFGS | iteration: 188, total loss=328253210361856.0000, content_loss=4004909765.6250, style loss=328249200000000.0000, tv loss=41545264.0000
L-BFGS | iteration: 189, total loss=323764365557760.0000, content_loss=4008639062.5000, style loss=323760337500000.0000, tv loss=41517668.0000
L-BFGS | iteration: 190, total loss=321837535854592.0000, content_loss=4012589843.7500, style loss=321833475000000.0000, tv loss=41517276.0000
L-BFGS | iteration: 191, total loss=319276225396736.0000, content_loss=4009858984.3750, style loss=319272150000000.0000, tv loss=41535704.0000
L-BFGS | iteration: 192, total loss=316418260205568.0000, content_loss=4014296875.0000, style loss=316414200000000.0000, tv loss=41534408.0000
L-BFGS | iteration: 193, total loss=313896980185088.0000, content_loss=4009715234.3750, style loss=313892943750000.0000, tv loss=41577592.0000
L-BFGS | iteration: 194, total loss=311883546492928.0000, content_loss=4010145703.1250, style loss=311879493750000.0000, tv loss=41603388.0000
L-BFGS | iteration: 195, total loss=310613276360704.0000, content_loss=4009594921.8750, style loss=310609256250000.0000, tv loss=41608460.0000
L-BFGS | iteration: 196, total loss=309406893867008.0000, content_loss=4015004687.5000, style loss=309402843750000.0000, tv loss=41587440.0000
L-BFGS | iteration: 197, total loss=307801045860352.0000, content_loss=4018210546.8750, style loss=307797000000000.0000, tv loss=41596556.0000
L-BFGS | iteration: 198, total loss=304038016974848.0000, content_loss=4024167187.5000, style loss=304033950000000.0000, tv loss=41645200.0000
L-BFGS | iteration: 199, total loss=302033810751488.0000, content_loss=4028597265.6250, style loss=302029743750000.0000, tv loss=41665784.0000
L-BFGS | iteration: 200, total loss=300452860133376.0000, content_loss=4029110546.8750, style loss=300448800000000.0000, tv loss=41690004.0000
L-BFGS | iteration: 201, total loss=298904356651008.0000, content_loss=4030237109.3750, style loss=298900293750000.0000, tv loss=41691268.0000
L-BFGS | iteration: 202, total loss=296072329035776.0000, content_loss=4031876562.5000, style loss=296068256250000.0000, tv loss=41707448.0000
L-BFGS | iteration: 203, total loss=294224721346560.0000, content_loss=4028541406.2500, style loss=294220650000000.0000, tv loss=41743768.0000
L-BFGS | iteration: 204, total loss=291027051085824.0000, content_loss=4028225000.0000, style loss=291022987500000.0000, tv loss=41746704.0000
L-BFGS | iteration: 205, total loss=289689537871872.0000, content_loss=4027694921.8750, style loss=289685493750000.0000, tv loss=41755852.0000
L-BFGS | iteration: 206, total loss=286250242146304.0000, content_loss=4031660156.2500, style loss=286246181250000.0000, tv loss=41782336.0000
L-BFGS | iteration: 207, total loss=283560149778432.0000, content_loss=4026087890.6250, style loss=283556100000000.0000, tv loss=41801000.0000
L-BFGS | iteration: 208, total loss=282409601859584.0000, content_loss=4034241015.6250, style loss=282405543750000.0000, tv loss=41791516.0000
L-BFGS | iteration: 209, total loss=280480658227200.0000, content_loss=4033869921.8750, style loss=280476600000000.0000, tv loss=41835200.0000
L-BFGS | iteration: 210, total loss=279424465371136.0000, content_loss=4036438671.8750, style loss=279420393750000.0000, tv loss=41825352.0000
L-BFGS | iteration: 211, total loss=278694891356160.0000, content_loss=4034560937.5000, style loss=278690831250000.0000, tv loss=41829028.0000
L-BFGS | iteration: 212, total loss=276542441652224.0000, content_loss=4029299218.7500, style loss=276538387500000.0000, tv loss=41861536.0000
L-BFGS | iteration: 213, total loss=275179997495296.0000, content_loss=4031008593.7500, style loss=275175937500000.0000, tv loss=41861488.0000
L-BFGS | iteration: 214, total loss=273522408554496.0000, content_loss=4033109765.6250, style loss=273518343750000.0000, tv loss=41883480.0000
L-BFGS | iteration: 215, total loss=270036472168448.0000, content_loss=4030901562.5000, style loss=270032400000000.0000, tv loss=41944860.0000
L-BFGS | iteration: 216, total loss=269672607907840.0000, content_loss=4046298437.5000, style loss=269668537500000.0000, tv loss=41925204.0000
L-BFGS | iteration: 217, total loss=267484926050304.0000, content_loss=4042960546.8750, style loss=267480843750000.0000, tv loss=41939488.0000
L-BFGS | iteration: 218, total loss=266773840527360.0000, content_loss=4041639062.5000, style loss=266769750000000.0000, tv loss=41954944.0000
L-BFGS | iteration: 219, total loss=266027053088768.0000, content_loss=4042493359.3750, style loss=266022956250000.0000, tv loss=41954992.0000
L-BFGS | iteration: 220, total loss=263919650209792.0000, content_loss=4042328906.2500, style loss=263915550000000.0000, tv loss=41962412.0000
L-BFGS | iteration: 221, total loss=261758275026944.0000, content_loss=4048267187.5000, style loss=261754181250000.0000, tv loss=41991852.0000
L-BFGS | iteration: 222, total loss=260177492180992.0000, content_loss=4049158984.3750, style loss=260173406250000.0000, tv loss=41996760.0000
L-BFGS | iteration: 223, total loss=258637729628160.0000, content_loss=4051004687.5000, style loss=258633637500000.0000, tv loss=41992448.0000
L-BFGS | iteration: 224, total loss=257947967946752.0000, content_loss=4049573437.5000, style loss=257943881250000.0000, tv loss=42035664.0000
L-BFGS | iteration: 225, total loss=256801211678720.0000, content_loss=4052085546.8750, style loss=256797093750000.0000, tv loss=42039492.0000
L-BFGS | iteration: 226, total loss=255944902574080.0000, content_loss=4053258593.7500, style loss=255940800000000.0000, tv loss=42042392.0000
L-BFGS | iteration: 227, total loss=253709992853504.0000, content_loss=4049281250.0000, style loss=253705893750000.0000, tv loss=42072020.0000
L-BFGS | iteration: 228, total loss=252527148793856.0000, content_loss=4048387109.3750, style loss=252523050000000.0000, tv loss=42052832.0000
L-BFGS | iteration: 229, total loss=251585946976256.0000, content_loss=4046022265.6250, style loss=251581856250000.0000, tv loss=42061068.0000
L-BFGS | iteration: 230, total loss=249797831294976.0000, content_loss=4048243750.0000, style loss=249793743750000.0000, tv loss=42103888.0000
L-BFGS | iteration: 231, total loss=248262447595520.0000, content_loss=4053856640.6250, style loss=248258343750000.0000, tv loss=42098804.0000
L-BFGS | iteration: 232, total loss=247426086600704.0000, content_loss=4052927343.7500, style loss=247421981250000.0000, tv loss=42099048.0000
L-BFGS | iteration: 233, total loss=246539914051584.0000, content_loss=4051249218.7500, style loss=246535818750000.0000, tv loss=42117760.0000
L-BFGS | iteration: 234, total loss=245674947903488.0000, content_loss=4052592968.7500, style loss=245670843750000.0000, tv loss=42111760.0000
L-BFGS | iteration: 235, total loss=244707909173248.0000, content_loss=4054748046.8750, style loss=244703793750000.0000, tv loss=42125940.0000
L-BFGS | iteration: 236, total loss=242776163745792.0000, content_loss=4058040234.3750, style loss=242772056250000.0000, tv loss=42154336.0000
L-BFGS | iteration: 237, total loss=241333792931840.0000, content_loss=4060293359.3750, style loss=241329675000000.0000, tv loss=42172220.0000
L-BFGS | iteration: 238, total loss=240634015252480.0000, content_loss=4057575000.0000, style loss=240629906250000.0000, tv loss=42184488.0000
L-BFGS | iteration: 239, total loss=239572705345536.0000, content_loss=4058108203.1250, style loss=239568600000000.0000, tv loss=42174648.0000
L-BFGS | iteration: 240, total loss=238154292396032.0000, content_loss=4058323437.5000, style loss=238150181250000.0000, tv loss=42191456.0000
L-BFGS | iteration: 241, total loss=236015600009216.0000, content_loss=4065408593.7500, style loss=236011481250000.0000, tv loss=42213176.0000
L-BFGS | iteration: 242, total loss=234587456274432.0000, content_loss=4064265625.0000, style loss=234583350000000.0000, tv loss=42231220.0000
L-BFGS | iteration: 243, total loss=234357289648128.0000, content_loss=4057179687.5000, style loss=234353175000000.0000, tv loss=42269536.0000
L-BFGS | iteration: 244, total loss=234012769517568.0000, content_loss=4060301171.8750, style loss=234008662500000.0000, tv loss=42253864.0000
L-BFGS | iteration: 245, total loss=233321044901888.0000, content_loss=4060846484.3750, style loss=233316937500000.0000, tv loss=42257904.0000
L-BFGS | iteration: 246, total loss=231509608890368.0000, content_loss=4062739062.5000, style loss=231505500000000.0000, tv loss=42268096.0000
L-BFGS | iteration: 247, total loss=229499044102144.0000, content_loss=4066635156.2500, style loss=229494937500000.0000, tv loss=42296016.0000
L-BFGS | iteration: 248, total loss=227547350564864.0000, content_loss=4070428125.0000, style loss=227543231250000.0000, tv loss=42296116.0000
L-BFGS | iteration: 249, total loss=229473945387008.0000, content_loss=4066200781.2500, style loss=229469831250000.0000, tv loss=42342372.0000
L-BFGS | iteration: 250, total loss=227125068038144.0000, content_loss=4069457812.5000, style loss=227120943750000.0000, tv loss=42311408.0000
L-BFGS | iteration: 251, total loss=226398815911936.0000, content_loss=4072760937.5000, style loss=226394681250000.0000, tv loss=42326168.0000
L-BFGS | iteration: 252, total loss=225115878981632.0000, content_loss=4071013281.2500, style loss=225111750000000.0000, tv loss=42337504.0000
L-BFGS | iteration: 253, total loss=223505266245632.0000, content_loss=4072280468.7500, style loss=223501143750000.0000, tv loss=42351920.0000
L-BFGS | iteration: 254, total loss=221918225498112.0000, content_loss=4071192187.5000, style loss=221914106250000.0000, tv loss=42368860.0000
L-BFGS | iteration: 255, total loss=221467941797888.0000, content_loss=4068664843.7500, style loss=221463806250000.0000, tv loss=42387456.0000
L-BFGS | iteration: 256, total loss=220062564745216.0000, content_loss=4074062109.3750, style loss=220058437500000.0000, tv loss=42372084.0000
L-BFGS | iteration: 257, total loss=219351831543808.0000, content_loss=4073517968.7500, style loss=219347700000000.0000, tv loss=42387380.0000
L-BFGS | iteration: 258, total loss=218239988662272.0000, content_loss=4073702343.7500, style loss=218235862500000.0000, tv loss=42409384.0000
L-BFGS | iteration: 259, total loss=217289173499904.0000, content_loss=4075200000.0000, style loss=217285050000000.0000, tv loss=42417328.0000
L-BFGS | iteration: 260, total loss=216549432492032.0000, content_loss=4073131250.0000, style loss=216545306250000.0000, tv loss=42426896.0000
L-BFGS | iteration: 261, total loss=215687603683328.0000, content_loss=4074356250.0000, style loss=215683481250000.0000, tv loss=42417424.0000
L-BFGS | iteration: 262, total loss=214850001174528.0000, content_loss=4073957812.5000, style loss=214845881250000.0000, tv loss=42425920.0000
L-BFGS | iteration: 263, total loss=212995850371072.0000, content_loss=4074919921.8750, style loss=212991731250000.0000, tv loss=42450012.0000
L-BFGS | iteration: 264, total loss=211392485392384.0000, content_loss=4078968750.0000, style loss=211388362500000.0000, tv loss=42493344.0000
L-BFGS | iteration: 265, total loss=210327299948544.0000, content_loss=4082403515.6250, style loss=210323175000000.0000, tv loss=42497288.0000
L-BFGS | iteration: 266, total loss=211349216952320.0000, content_loss=4075615625.0000, style loss=211345087500000.0000, tv loss=42521852.0000
L-BFGS | iteration: 267, total loss=209768987754496.0000, content_loss=4079864062.5000, style loss=209764856250000.0000, tv loss=42507140.0000
L-BFGS | iteration: 268, total loss=209278187077632.0000, content_loss=4080009375.0000, style loss=209274056250000.0000, tv loss=42504816.0000
L-BFGS | iteration: 269, total loss=208416005947392.0000, content_loss=4079781250.0000, style loss=208411875000000.0000, tv loss=42503308.0000
L-BFGS | iteration: 270, total loss=207502788526080.0000, content_loss=4080321093.7500, style loss=207498656250000.0000, tv loss=42510400.0000
L-BFGS | iteration: 271, total loss=206271122767872.0000, content_loss=4081292968.7500, style loss=206266987500000.0000, tv loss=42547092.0000
L-BFGS | iteration: 272, total loss=205318613106688.0000, content_loss=4087114062.5000, style loss=205314468750000.0000, tv loss=42542668.0000
L-BFGS | iteration: 273, total loss=204632760516608.0000, content_loss=4085122656.2500, style loss=204628631250000.0000, tv loss=42552784.0000
L-BFGS | iteration: 274, total loss=204184708186112.0000, content_loss=4084174609.3750, style loss=204180581250000.0000, tv loss=42558528.0000
L-BFGS | iteration: 275, total loss=203580409643008.0000, content_loss=4083833593.7500, style loss=203576287500000.0000, tv loss=42561272.0000
L-BFGS | iteration: 276, total loss=202133794193408.0000, content_loss=4082208203.1250, style loss=202129668750000.0000, tv loss=42581040.0000
L-BFGS | iteration: 277, total loss=201277602529280.0000, content_loss=4084480078.1250, style loss=201273468750000.0000, tv loss=42577396.0000
L-BFGS | iteration: 278, total loss=200525916143616.0000, content_loss=4083077734.3750, style loss=200521781250000.0000, tv loss=42592328.0000
L-BFGS | iteration: 279, total loss=200075481448448.0000, content_loss=4085141015.6250, style loss=200071350000000.0000, tv loss=42596056.0000
L-BFGS | iteration: 280, total loss=199404527026176.0000, content_loss=4087276562.5000, style loss=199400381250000.0000, tv loss=42605436.0000
L-BFGS | iteration: 281, total loss=198078657200128.0000, content_loss=4085522265.6250, style loss=198074512500000.0000, tv loss=42626704.0000
L-BFGS | iteration: 282, total loss=196921582944256.0000, content_loss=4089753125.0000, style loss=196917431250000.0000, tv loss=42639088.0000
L-BFGS | iteration: 283, total loss=196168151728128.0000, content_loss=4086932812.5000, style loss=196164000000000.0000, tv loss=42645512.0000
L-BFGS | iteration: 284, total loss=195127276470272.0000, content_loss=4084817968.7500, style loss=195123150000000.0000, tv loss=42657656.0000
L-BFGS | iteration: 285, total loss=197386177609728.0000, content_loss=4077660546.8750, style loss=197382056250000.0000, tv loss=42700384.0000
L-BFGS | iteration: 286, total loss=194923668176896.0000, content_loss=4083225000.0000, style loss=194919543750000.0000, tv loss=42668624.0000
L-BFGS | iteration: 287, total loss=194292307984384.0000, content_loss=4085180468.7500, style loss=194288175000000.0000, tv loss=42675524.0000
L-BFGS | iteration: 288, total loss=193234638733312.0000, content_loss=4089651171.8750, style loss=193230487500000.0000, tv loss=42692484.0000
L-BFGS | iteration: 289, total loss=191521651425280.0000, content_loss=4095091015.6250, style loss=191517506250000.0000, tv loss=42714688.0000
L-BFGS | iteration: 290, total loss=190699064524800.0000, content_loss=4102661328.1250, style loss=190694906250000.0000, tv loss=42716428.0000
L-BFGS | iteration: 291, total loss=190126961459200.0000, content_loss=4100066015.6250, style loss=190122825000000.0000, tv loss=42743932.0000
L-BFGS | iteration: 292, total loss=189681442488320.0000, content_loss=4098867578.1250, style loss=189677306250000.0000, tv loss=42733852.0000
L-BFGS | iteration: 293, total loss=189372523610112.0000, content_loss=4097080468.7500, style loss=189368381250000.0000, tv loss=42735036.0000
L-BFGS | iteration: 294, total loss=188421825888256.0000, content_loss=4093668750.0000, style loss=188417681250000.0000, tv loss=42751640.0000
L-BFGS | iteration: 295, total loss=187593014640640.0000, content_loss=4093675390.6250, style loss=187588875000000.0000, tv loss=42754736.0000
L-BFGS | iteration: 296, total loss=186745379356672.0000, content_loss=4096620312.5000, style loss=186741243750000.0000, tv loss=42768600.0000
L-BFGS | iteration: 297, total loss=186386632146944.0000, content_loss=4098452734.3750, style loss=186382481250000.0000, tv loss=42785408.0000
L-BFGS | iteration: 298, total loss=185855868141568.0000, content_loss=4102364453.1250, style loss=185851706250000.0000, tv loss=42786204.0000
L-BFGS | iteration: 299, total loss=184861818093568.0000, content_loss=4106159765.6250, style loss=184857656250000.0000, tv loss=42802972.0000
L-BFGS | iteration: 300, total loss=183897061064704.0000, content_loss=4114949609.3750, style loss=183892893750000.0000, tv loss=42809888.0000
L-BFGS | iteration: 301, total loss=183494659538944.0000, content_loss=4109478906.2500, style loss=183490500000000.0000, tv loss=42831232.0000
L-BFGS | iteration: 302, total loss=183039929876480.0000, content_loss=4105009765.6250, style loss=183035775000000.0000, tv loss=42822328.0000
L-BFGS | iteration: 303, total loss=182507404263424.0000, content_loss=4107724609.3750, style loss=182503237500000.0000, tv loss=42828384.0000
L-BFGS | iteration: 304, total loss=182204055420928.0000, content_loss=4108232421.8750, style loss=182199900000000.0000, tv loss=42836048.0000
L-BFGS | iteration: 305, total loss=181917601234944.0000, content_loss=4108925390.6250, style loss=181913437500000.0000, tv loss=42842224.0000
L-BFGS | iteration: 306, total loss=181305182519296.0000, content_loss=4109735156.2500, style loss=181301025000000.0000, tv loss=42851408.0000
L-BFGS | iteration: 307, total loss=180312206213120.0000, content_loss=4107541406.2500, style loss=180308043750000.0000, tv loss=42872920.0000
L-BFGS | iteration: 308, total loss=179404709822464.0000, content_loss=4109794531.2500, style loss=179400543750000.0000, tv loss=42871052.0000
L-BFGS | iteration: 309, total loss=178958855307264.0000, content_loss=4103128125.0000, style loss=178954687500000.0000, tv loss=42899228.0000
L-BFGS | iteration: 310, total loss=178716592308224.0000, content_loss=4105675390.6250, style loss=178712437500000.0000, tv loss=42889600.0000
L-BFGS | iteration: 311, total loss=178287313682432.0000, content_loss=4104076171.8750, style loss=178283156250000.0000, tv loss=42898144.0000
L-BFGS | iteration: 312, total loss=177616929685504.0000, content_loss=4103478125.0000, style loss=177612768750000.0000, tv loss=42900320.0000
L-BFGS | iteration: 313, total loss=176740236263424.0000, content_loss=4106408593.7500, style loss=176736075000000.0000, tv loss=42925528.0000
L-BFGS | iteration: 314, total loss=175874112487424.0000, content_loss=4109386328.1250, style loss=175869956250000.0000, tv loss=42927224.0000
L-BFGS | iteration: 315, total loss=175969071529984.0000, content_loss=4107249218.7500, style loss=175964906250000.0000, tv loss=42944968.0000
L-BFGS | iteration: 316, total loss=175578816708608.0000, content_loss=4108645703.1250, style loss=175574662500000.0000, tv loss=42935932.0000
L-BFGS | iteration: 317, total loss=175136267304960.0000, content_loss=4110689843.7500, style loss=175132106250000.0000, tv loss=42939368.0000
L-BFGS | iteration: 318, total loss=174493347610624.0000, content_loss=4111335156.2500, style loss=174489187500000.0000, tv loss=42950696.0000
L-BFGS | iteration: 319, total loss=173474114961408.0000, content_loss=4113090625.0000, style loss=173469956250000.0000, tv loss=42967552.0000
L-BFGS | iteration: 320, total loss=172641948270592.0000, content_loss=4109126171.8750, style loss=172637793750000.0000, tv loss=42985720.0000
L-BFGS | iteration: 321, total loss=172156298199040.0000, content_loss=4110013671.8750, style loss=172152131250000.0000, tv loss=42984632.0000
L-BFGS | iteration: 322, total loss=173006315847680.0000, content_loss=4104683593.7500, style loss=173002162500000.0000, tv loss=43014000.0000
L-BFGS | iteration: 323, total loss=171883215454208.0000, content_loss=4108378906.2500, style loss=171879056250000.0000, tv loss=42995652.0000
L-BFGS | iteration: 324, total loss=171631993421824.0000, content_loss=4109251562.5000, style loss=171627825000000.0000, tv loss=42999408.0000
L-BFGS | iteration: 325, total loss=170718557896704.0000, content_loss=4113733593.7500, style loss=170714400000000.0000, tv loss=43012152.0000
L-BFGS | iteration: 326, total loss=170029366640640.0000, content_loss=4115005078.1250, style loss=170025206250000.0000, tv loss=43022960.0000
L-BFGS | iteration: 327, total loss=169977256607744.0000, content_loss=4111951171.8750, style loss=169973100000000.0000, tv loss=43049024.0000
L-BFGS | iteration: 328, total loss=169670200000512.0000, content_loss=4113623046.8750, style loss=169666031250000.0000, tv loss=43037440.0000
L-BFGS | iteration: 329, total loss=169166447312896.0000, content_loss=4115094140.6250, style loss=169162293750000.0000, tv loss=43036032.0000
L-BFGS | iteration: 330, total loss=168482926755840.0000, content_loss=4115468359.3750, style loss=168478762500000.0000, tv loss=43046472.0000
L-BFGS | iteration: 331, total loss=167788819775488.0000, content_loss=4115851171.8750, style loss=167784656250000.0000, tv loss=43059584.0000
L-BFGS | iteration: 332, total loss=167309024952320.0000, content_loss=4119482031.2500, style loss=167304843750000.0000, tv loss=43055040.0000
L-BFGS | iteration: 333, total loss=166940966387712.0000, content_loss=4117141796.8750, style loss=166936800000000.0000, tv loss=43074264.0000
L-BFGS | iteration: 334, total loss=166667564875776.0000, content_loss=4116769921.8750, style loss=166663406250000.0000, tv loss=43079968.0000
L-BFGS | iteration: 335, total loss=166231105601536.0000, content_loss=4117932031.2500, style loss=166226943750000.0000, tv loss=43086440.0000
L-BFGS | iteration: 336, total loss=165510876495872.0000, content_loss=4119364453.1250, style loss=165506700000000.0000, tv loss=43096516.0000
L-BFGS | iteration: 337, total loss=164899481190400.0000, content_loss=4121889453.1250, style loss=164895300000000.0000, tv loss=43123552.0000
L-BFGS | iteration: 338, total loss=164310097592320.0000, content_loss=4126364453.1250, style loss=164305912500000.0000, tv loss=43122200.0000
L-BFGS | iteration: 339, total loss=163944857600000.0000, content_loss=4123682812.5000, style loss=163940681250000.0000, tv loss=43129516.0000
L-BFGS | iteration: 340, total loss=163680851329024.0000, content_loss=4123098046.8750, style loss=163676681250000.0000, tv loss=43133048.0000
L-BFGS | iteration: 341, total loss=163346380750848.0000, content_loss=4124519921.8750, style loss=163342200000000.0000, tv loss=43142688.0000
L-BFGS | iteration: 342, total loss=162577413832704.0000, content_loss=4127662890.6250, style loss=162573243750000.0000, tv loss=43147520.0000
L-BFGS | iteration: 343, total loss=161919310757888.0000, content_loss=4130649218.7500, style loss=161915137500000.0000, tv loss=43162928.0000
L-BFGS | iteration: 344, total loss=162528491470848.0000, content_loss=4128900000.0000, style loss=162524306250000.0000, tv loss=43195688.0000
L-BFGS | iteration: 345, total loss=161701274058752.0000, content_loss=4130458593.7500, style loss=161697093750000.0000, tv loss=43175136.0000
L-BFGS | iteration: 346, total loss=161342392631296.0000, content_loss=4129615625.0000, style loss=161338218750000.0000, tv loss=43172416.0000
L-BFGS | iteration: 347, total loss=160561446780928.0000, content_loss=4127796875.0000, style loss=160557262500000.0000, tv loss=43188984.0000
L-BFGS | iteration: 348, total loss=159812058873856.0000, content_loss=4128702343.7500, style loss=159807881250000.0000, tv loss=43199044.0000
L-BFGS | iteration: 349, total loss=159192878940160.0000, content_loss=4127655859.3750, style loss=159188700000000.0000, tv loss=43212704.0000
L-BFGS | iteration: 350, total loss=158917833261056.0000, content_loss=4131674218.7500, style loss=158913656250000.0000, tv loss=43217824.0000
L-BFGS | iteration: 351, total loss=158755077488640.0000, content_loss=4130162109.3750, style loss=158750906250000.0000, tv loss=43244240.0000
L-BFGS | iteration: 352, total loss=158549103607808.0000, content_loss=4130937109.3750, style loss=158544918750000.0000, tv loss=43233704.0000
L-BFGS | iteration: 353, total loss=158299156643840.0000, content_loss=4131657421.8750, style loss=158294981250000.0000, tv loss=43232864.0000
L-BFGS | iteration: 354, total loss=157932104712192.0000, content_loss=4133470703.1250, style loss=157927931250000.0000, tv loss=43234864.0000
L-BFGS | iteration: 355, total loss=157314149515264.0000, content_loss=4135527734.3750, style loss=157309968750000.0000, tv loss=43243768.0000
L-BFGS | iteration: 356, total loss=156607040192512.0000, content_loss=4140507421.8750, style loss=156602850000000.0000, tv loss=43262496.0000
L-BFGS | iteration: 357, total loss=155982072119296.0000, content_loss=4140809765.6250, style loss=155977875000000.0000, tv loss=43265208.0000
L-BFGS | iteration: 358, total loss=156274700320768.0000, content_loss=4135311718.7500, style loss=156270525000000.0000, tv loss=43292132.0000
L-BFGS | iteration: 359, total loss=155750580092928.0000, content_loss=4138770312.5000, style loss=155746378125000.0000, tv loss=43276960.0000
L-BFGS | iteration: 360, total loss=155503267151872.0000, content_loss=4137929687.5000, style loss=155499075000000.0000, tv loss=43282464.0000
L-BFGS | iteration: 361, total loss=155127423959040.0000, content_loss=4136680859.3750, style loss=155123221875000.0000, tv loss=43288736.0000
L-BFGS | iteration: 362, total loss=154407043858432.0000, content_loss=4133850000.0000, style loss=154402865625000.0000, tv loss=43310984.0000
L-BFGS | iteration: 363, total loss=153662588452864.0000, content_loss=4135450781.2500, style loss=153658415625000.0000, tv loss=43312712.0000
L-BFGS | iteration: 364, total loss=153921829994496.0000, content_loss=4133867187.5000, style loss=153917653125000.0000, tv loss=43339380.0000
L-BFGS | iteration: 365, total loss=153423328575488.0000, content_loss=4135085156.2500, style loss=153419146875000.0000, tv loss=43324544.0000
L-BFGS | iteration: 366, total loss=153030322290688.0000, content_loss=4137714843.7500, style loss=153026128125000.0000, tv loss=43332288.0000
L-BFGS | iteration: 367, total loss=152511587549184.0000, content_loss=4139652343.7500, style loss=152507400000000.0000, tv loss=43337712.0000
L-BFGS | iteration: 368, total loss=151893145812992.0000, content_loss=4140697265.6250, style loss=151888950000000.0000, tv loss=43357880.0000
L-BFGS | iteration: 369, total loss=151272841805824.0000, content_loss=4138078515.6250, style loss=151268643750000.0000, tv loss=43371912.0000
L-BFGS | iteration: 370, total loss=151112485175296.0000, content_loss=4142570312.5000, style loss=151108293750000.0000, tv loss=43362772.0000
L-BFGS | iteration: 371, total loss=150623865536512.0000, content_loss=4140525781.2500, style loss=150619678125000.0000, tv loss=43379424.0000
L-BFGS | iteration: 372, total loss=150457536217088.0000, content_loss=4139701562.5000, style loss=150453346875000.0000, tv loss=43384876.0000
L-BFGS | iteration: 373, total loss=150176937279488.0000, content_loss=4139702343.7500, style loss=150172743750000.0000, tv loss=43387696.0000
L-BFGS | iteration: 374, total loss=149676103827456.0000, content_loss=4139915625.0000, style loss=149671903125000.0000, tv loss=43395616.0000
L-BFGS | iteration: 375, total loss=149090948087808.0000, content_loss=4140700781.2500, style loss=149086753125000.0000, tv loss=43410200.0000
L-BFGS | iteration: 376, total loss=148746813833216.0000, content_loss=4142346093.7500, style loss=148742615625000.0000, tv loss=43415280.0000
L-BFGS | iteration: 377, total loss=148353321009152.0000, content_loss=4146034375.0000, style loss=148349128125000.0000, tv loss=43416264.0000
L-BFGS | iteration: 378, total loss=148181958524928.0000, content_loss=4144036328.1250, style loss=148177771875000.0000, tv loss=43437716.0000
L-BFGS | iteration: 379, total loss=147865808666624.0000, content_loss=4144364062.5000, style loss=147861618750000.0000, tv loss=43441000.0000
L-BFGS | iteration: 380, total loss=147546404028416.0000, content_loss=4144268359.3750, style loss=147542203125000.0000, tv loss=43445808.0000
L-BFGS | iteration: 381, total loss=146900313440256.0000, content_loss=4145171484.3750, style loss=146896115625000.0000, tv loss=43464204.0000
L-BFGS | iteration: 382, total loss=146534620463104.0000, content_loss=4146273046.8750, style loss=146530425000000.0000, tv loss=43462896.0000
L-BFGS | iteration: 383, total loss=146344450719744.0000, content_loss=4145332421.8750, style loss=146340253125000.0000, tv loss=43478932.0000
L-BFGS | iteration: 384, total loss=146075696496640.0000, content_loss=4145880468.7500, style loss=146071500000000.0000, tv loss=43481984.0000
L-BFGS | iteration: 385, total loss=145758573559808.0000, content_loss=4146179687.5000, style loss=145754371875000.0000, tv loss=43484068.0000
L-BFGS | iteration: 386, total loss=145180665577472.0000, content_loss=4147111718.7500, style loss=145176468750000.0000, tv loss=43495860.0000
L-BFGS | iteration: 387, total loss=144518317867008.0000, content_loss=4149312890.6250, style loss=144514115625000.0000, tv loss=43499920.0000
L-BFGS | iteration: 388, total loss=144163479748608.0000, content_loss=4146553125.0000, style loss=144159290625000.0000, tv loss=43538984.0000
L-BFGS | iteration: 389, total loss=144697884409856.0000, content_loss=4150540234.3750, style loss=144693693750000.0000, tv loss=43540800.0000
L-BFGS | iteration: 390, total loss=143933329899520.0000, content_loss=4147978125.0000, style loss=143929143750000.0000, tv loss=43539500.0000
L-BFGS | iteration: 391, total loss=143655750860800.0000, content_loss=4149267578.1250, style loss=143651550000000.0000, tv loss=43534960.0000
L-BFGS | iteration: 392, total loss=143401290825728.0000, content_loss=4149815625.0000, style loss=143397093750000.0000, tv loss=43541560.0000
L-BFGS | iteration: 393, total loss=143164295872512.0000, content_loss=4150002734.3750, style loss=143160093750000.0000, tv loss=43549272.0000
L-BFGS | iteration: 394, total loss=142775869767680.0000, content_loss=4150416406.2500, style loss=142771678125000.0000, tv loss=43557892.0000
L-BFGS | iteration: 395, total loss=142246347276288.0000, content_loss=4150353515.6250, style loss=142242150000000.0000, tv loss=43573500.0000
L-BFGS | iteration: 396, total loss=141895720239104.0000, content_loss=4154219921.8750, style loss=141891515625000.0000, tv loss=43567456.0000
L-BFGS | iteration: 397, total loss=141673908666368.0000, content_loss=4153545703.1250, style loss=141669703125000.0000, tv loss=43577000.0000
L-BFGS | iteration: 398, total loss=141511656210432.0000, content_loss=4153066015.6250, style loss=141507450000000.0000, tv loss=43579664.0000
L-BFGS | iteration: 399, total loss=141245485678592.0000, content_loss=4153883593.7500, style loss=141241275000000.0000, tv loss=43580924.0000
L-BFGS | iteration: 400, total loss=140748343214080.0000, content_loss=4153381250.0000, style loss=140744128125000.0000, tv loss=43592560.0000
L-BFGS | iteration: 401, total loss=140282565754880.0000, content_loss=4155443750.0000, style loss=140278368750000.0000, tv loss=43605348.0000
L-BFGS | iteration: 402, total loss=140074570219520.0000, content_loss=4154512890.6250, style loss=140070375000000.0000, tv loss=43617912.0000
L-BFGS | iteration: 403, total loss=139783946895360.0000, content_loss=4155425000.0000, style loss=139779750000000.0000, tv loss=43614132.0000
L-BFGS | iteration: 404, total loss=139633388158976.0000, content_loss=4156135937.5000, style loss=139629196875000.0000, tv loss=43622240.0000
L-BFGS | iteration: 405, total loss=139199051202560.0000, content_loss=4155541015.6250, style loss=139194853125000.0000, tv loss=43639120.0000
L-BFGS | iteration: 406, total loss=138871694163968.0000, content_loss=4155816015.6250, style loss=138867496875000.0000, tv loss=43644772.0000
L-BFGS | iteration: 407, total loss=138652810215424.0000, content_loss=4154175390.6250, style loss=138648618750000.0000, tv loss=43653800.0000
L-BFGS | iteration: 408, total loss=138378687283200.0000, content_loss=4154510546.8750, style loss=138374493750000.0000, tv loss=43651596.0000
L-BFGS | iteration: 409, total loss=138184348401664.0000, content_loss=4155179687.5000, style loss=138180150000000.0000, tv loss=43656472.0000
L-BFGS | iteration: 410, total loss=137800972238848.0000, content_loss=4156656640.6250, style loss=137796768750000.0000, tv loss=43666808.0000
L-BFGS | iteration: 411, total loss=137588648181760.0000, content_loss=4160828515.6250, style loss=137584443750000.0000, tv loss=43677332.0000
L-BFGS | iteration: 412, total loss=137291196530688.0000, content_loss=4163702734.3750, style loss=137286993750000.0000, tv loss=43674984.0000
L-BFGS | iteration: 413, total loss=137048077893632.0000, content_loss=4160477343.7500, style loss=137043871875000.0000, tv loss=43689776.0000
L-BFGS | iteration: 414, total loss=136890556612608.0000, content_loss=4159854687.5000, style loss=136886353125000.0000, tv loss=43695196.0000
L-BFGS | iteration: 415, total loss=136689951440896.0000, content_loss=4159213671.8750, style loss=136685746875000.0000, tv loss=43700300.0000
L-BFGS | iteration: 416, total loss=136367451406336.0000, content_loss=4159393359.3750, style loss=136363246875000.0000, tv loss=43706112.0000
L-BFGS | iteration: 417, total loss=135950596308992.0000, content_loss=4160825781.2500, style loss=135946396875000.0000, tv loss=43715824.0000
L-BFGS | iteration: 418, total loss=135410328010752.0000, content_loss=4161814453.1250, style loss=135406125000000.0000, tv loss=43720848.0000
L-BFGS | iteration: 419, total loss=135428699062272.0000, content_loss=4164044921.8750, style loss=135424500000000.0000, tv loss=43750872.0000
L-BFGS | iteration: 420, total loss=135239393345536.0000, content_loss=4163113671.8750, style loss=135235190625000.0000, tv loss=43736392.0000
L-BFGS | iteration: 421, total loss=134936354881536.0000, content_loss=4168632421.8750, style loss=134932143750000.0000, tv loss=43748536.0000
L-BFGS | iteration: 422, total loss=134709224931328.0000, content_loss=4166908203.1250, style loss=134705015625000.0000, tv loss=43749968.0000
L-BFGS | iteration: 423, total loss=134389266644992.0000, content_loss=4164733593.7500, style loss=134385065625000.0000, tv loss=43754192.0000
L-BFGS | iteration: 424, total loss=134069601959936.0000, content_loss=4164026562.5000, style loss=134065396875000.0000, tv loss=43766504.0000
L-BFGS | iteration: 425, total loss=133716231847936.0000, content_loss=4163787500.0000, style loss=133712025000000.0000, tv loss=43777284.0000
L-BFGS | iteration: 426, total loss=133615266562048.0000, content_loss=4164451562.5000, style loss=133611065625000.0000, tv loss=43796056.0000
L-BFGS | iteration: 427, total loss=133433980354560.0000, content_loss=4166882812.5000, style loss=133429771875000.0000, tv loss=43791168.0000
L-BFGS | iteration: 428, total loss=133300618264576.0000, content_loss=4167413671.8750, style loss=133296403125000.0000, tv loss=43791668.0000
L-BFGS | iteration: 429, total loss=132979636568064.0000, content_loss=4167380078.1250, style loss=132975421875000.0000, tv loss=43797840.0000
L-BFGS | iteration: 430, total loss=132562689196032.0000, content_loss=4168003906.2500, style loss=132558478125000.0000, tv loss=43811060.0000
L-BFGS | iteration: 431, total loss=132138385014784.0000, content_loss=4169185156.2500, style loss=132134175000000.0000, tv loss=43819504.0000
L-BFGS | iteration: 432, total loss=131948290768896.0000, content_loss=4170555859.3750, style loss=131944078125000.0000, tv loss=43832272.0000
L-BFGS | iteration: 433, total loss=131742962810880.0000, content_loss=4174039062.5000, style loss=131738746875000.0000, tv loss=43837984.0000
L-BFGS | iteration: 434, total loss=131591833649152.0000, content_loss=4172535156.2500, style loss=131587621875000.0000, tv loss=43843720.0000
L-BFGS | iteration: 435, total loss=131365634834432.0000, content_loss=4169886328.1250, style loss=131361421875000.0000, tv loss=43846304.0000
L-BFGS | iteration: 436, total loss=131125276049408.0000, content_loss=4169661328.1250, style loss=131121065625000.0000, tv loss=43846828.0000
L-BFGS | iteration: 437, total loss=130733939097600.0000, content_loss=4170955078.1250, style loss=130729725000000.0000, tv loss=43863328.0000
L-BFGS | iteration: 438, total loss=130493278322688.0000, content_loss=4172958984.3750, style loss=130489068750000.0000, tv loss=43865492.0000
L-BFGS | iteration: 439, total loss=130292614430720.0000, content_loss=4173369140.6250, style loss=130288396875000.0000, tv loss=43873116.0000
L-BFGS | iteration: 440, total loss=130178512584704.0000, content_loss=4174064453.1250, style loss=130174293750000.0000, tv loss=43873616.0000
L-BFGS | iteration: 441, total loss=129938900385792.0000, content_loss=4173687890.6250, style loss=129934678125000.0000, tv loss=43882136.0000
L-BFGS | iteration: 442, total loss=129535274123264.0000, content_loss=4172773437.5000, style loss=129531065625000.0000, tv loss=43883668.0000
L-BFGS | iteration: 443, total loss=129223150796800.0000, content_loss=4171159375.0000, style loss=129218943750000.0000, tv loss=43911120.0000
L-BFGS | iteration: 444, total loss=129042476957696.0000, content_loss=4172848046.8750, style loss=129038268750000.0000, tv loss=43908180.0000
L-BFGS | iteration: 445, total loss=128856660901888.0000, content_loss=4170917968.7500, style loss=128852446875000.0000, tv loss=43917276.0000
L-BFGS | iteration: 446, total loss=128716336267264.0000, content_loss=4172660937.5000, style loss=128712121875000.0000, tv loss=43915896.0000
L-BFGS | iteration: 447, total loss=128526913110016.0000, content_loss=4174246875.0000, style loss=128522690625000.0000, tv loss=43922036.0000
L-BFGS | iteration: 448, total loss=128191385567232.0000, content_loss=4174909375.0000, style loss=128187168750000.0000, tv loss=43936248.0000
L-BFGS | iteration: 449, total loss=127858441715712.0000, content_loss=4174758984.3750, style loss=127854225000000.0000, tv loss=43955332.0000
L-BFGS | iteration: 450, total loss=127627536891904.0000, content_loss=4175619531.2500, style loss=127623318750000.0000, tv loss=43954736.0000
L-BFGS | iteration: 451, total loss=127499484790784.0000, content_loss=4175173828.1250, style loss=127495265625000.0000, tv loss=43961772.0000
L-BFGS | iteration: 452, total loss=127366248529920.0000, content_loss=4175198437.5000, style loss=127362028125000.0000, tv loss=43964936.0000
L-BFGS | iteration: 453, total loss=127176548548608.0000, content_loss=4176100390.6250, style loss=127172325000000.0000, tv loss=43967500.0000
L-BFGS | iteration: 454, total loss=126872167907328.0000, content_loss=4175799609.3750, style loss=126867946875000.0000, tv loss=43979992.0000
L-BFGS | iteration: 455, total loss=126562921873408.0000, content_loss=4178612890.6250, style loss=126558703125000.0000, tv loss=43981592.0000
L-BFGS | iteration: 456, total loss=126408621817856.0000, content_loss=4177175390.6250, style loss=126404400000000.0000, tv loss=43992112.0000
L-BFGS | iteration: 457, total loss=126222050787328.0000, content_loss=4176519140.6250, style loss=126217828125000.0000, tv loss=43994492.0000
L-BFGS | iteration: 458, total loss=126037132312576.0000, content_loss=4176092578.1250, style loss=126032915625000.0000, tv loss=43999872.0000
L-BFGS | iteration: 459, total loss=125693744644096.0000, content_loss=4173975390.6250, style loss=125689528125000.0000, tv loss=44012824.0000
L-BFGS | iteration: 460, total loss=125363510312960.0000, content_loss=4175978125.0000, style loss=125359293750000.0000, tv loss=44017784.0000
L-BFGS | iteration: 461, total loss=125205007564800.0000, content_loss=4174798828.1250, style loss=125200790625000.0000, tv loss=44031756.0000
L-BFGS | iteration: 462, total loss=124968725643264.0000, content_loss=4176315234.3750, style loss=124964503125000.0000, tv loss=44031480.0000
L-BFGS | iteration: 463, total loss=124865260552192.0000, content_loss=4177043750.0000, style loss=124861040625000.0000, tv loss=44033344.0000
L-BFGS | iteration: 464, total loss=124618669031424.0000, content_loss=4178245703.1250, style loss=124614450000000.0000, tv loss=44040648.0000
L-BFGS | iteration: 465, total loss=124354713092096.0000, content_loss=4178639843.7500, style loss=124350496875000.0000, tv loss=44048956.0000
L-BFGS | iteration: 466, total loss=123973207588864.0000, content_loss=4180901171.8750, style loss=123968990625000.0000, tv loss=44061352.0000
L-BFGS | iteration: 467, total loss=124387126673408.0000, content_loss=4178509765.6250, style loss=124382906250000.0000, tv loss=44090768.0000
L-BFGS | iteration: 468, total loss=123859231571968.0000, content_loss=4180226562.5000, style loss=123855009375000.0000, tv loss=44071840.0000
L-BFGS | iteration: 469, total loss=123627294949376.0000, content_loss=4181151953.1250, style loss=123623071875000.0000, tv loss=44076304.0000
L-BFGS | iteration: 470, total loss=123467466801152.0000, content_loss=4181558203.1250, style loss=123463246875000.0000, tv loss=44081444.0000
L-BFGS | iteration: 471, total loss=123169906098176.0000, content_loss=4182096093.7500, style loss=123165675000000.0000, tv loss=44092496.0000
L-BFGS | iteration: 472, total loss=122742422634496.0000, content_loss=4183505468.7500, style loss=122738193750000.0000, tv loss=44109916.0000
L-BFGS | iteration: 473, total loss=122444526387200.0000, content_loss=4180417968.7500, style loss=122440303125000.0000, tv loss=44119464.0000
L-BFGS | iteration: 474, total loss=122251999444992.0000, content_loss=4182979687.5000, style loss=122247768750000.0000, tv loss=44114216.0000
L-BFGS | iteration: 475, total loss=122681655558144.0000, content_loss=4184532421.8750, style loss=122677425000000.0000, tv loss=44133616.0000
L-BFGS | iteration: 476, total loss=122124752650240.0000, content_loss=4183816796.8750, style loss=122120521875000.0000, tv loss=44121156.0000
L-BFGS | iteration: 477, total loss=122027646124032.0000, content_loss=4184617578.1250, style loss=122023415625000.0000, tv loss=44126000.0000
L-BFGS | iteration: 478, total loss=121800759443456.0000, content_loss=4185434375.0000, style loss=121796531250000.0000, tv loss=44132736.0000
L-BFGS | iteration: 479, total loss=121492352270336.0000, content_loss=4185054296.8750, style loss=121488121875000.0000, tv loss=44152848.0000
L-BFGS | iteration: 480, total loss=121204211974144.0000, content_loss=4186710937.5000, style loss=121199981250000.0000, tv loss=44149696.0000
L-BFGS | iteration: 481, total loss=121033252143104.0000, content_loss=4184834765.6250, style loss=121029028125000.0000, tv loss=44155184.0000
L-BFGS | iteration: 482, total loss=120919913660416.0000, content_loss=4183205468.7500, style loss=120915684375000.0000, tv loss=44160368.0000
L-BFGS | iteration: 483, total loss=120774320979968.0000, content_loss=4184362500.0000, style loss=120770090625000.0000, tv loss=44163480.0000
L-BFGS | iteration: 484, total loss=120684151832576.0000, content_loss=4185566406.2500, style loss=120679921875000.0000, tv loss=44164544.0000
L-BFGS | iteration: 485, total loss=120577046085632.0000, content_loss=4185921093.7500, style loss=120572821875000.0000, tv loss=44169640.0000
L-BFGS | iteration: 486, total loss=120360343175168.0000, content_loss=4186835156.2500, style loss=120356118750000.0000, tv loss=44178412.0000
L-BFGS | iteration: 487, total loss=120044889571328.0000, content_loss=4185676953.1250, style loss=120040659375000.0000, tv loss=44193956.0000
L-BFGS | iteration: 488, total loss=119716416847872.0000, content_loss=4187620312.5000, style loss=119712187500000.0000, tv loss=44201872.0000
L-BFGS | iteration: 489, total loss=119857546788864.0000, content_loss=4185407421.8750, style loss=119853318750000.0000, tv loss=44220904.0000
L-BFGS | iteration: 490, total loss=119631129870336.0000, content_loss=4186885156.2500, style loss=119626903125000.0000, tv loss=44209796.0000
L-BFGS | iteration: 491, total loss=119522346401792.0000, content_loss=4187701562.5000, style loss=119518115625000.0000, tv loss=44210644.0000
L-BFGS | iteration: 492, total loss=119311473573888.0000, content_loss=4187668750.0000, style loss=119307243750000.0000, tv loss=44217048.0000
L-BFGS | iteration: 493, total loss=119003880095744.0000, content_loss=4190183593.7500, style loss=118999640625000.0000, tv loss=44230672.0000
L-BFGS | iteration: 494, total loss=118796429819904.0000, content_loss=4190660156.2500, style loss=118792190625000.0000, tv loss=44233160.0000
L-BFGS | iteration: 495, total loss=118758043549696.0000, content_loss=4189417578.1250, style loss=118753818750000.0000, tv loss=44247300.0000
L-BFGS | iteration: 496, total loss=118717258137600.0000, content_loss=4189967968.7500, style loss=118713028125000.0000, tv loss=44241808.0000
L-BFGS | iteration: 497, total loss=118623733547008.0000, content_loss=4190169921.8750, style loss=118619493750000.0000, tv loss=44244560.0000
L-BFGS | iteration: 498, total loss=118321240342528.0000, content_loss=4189999609.3750, style loss=118317009375000.0000, tv loss=44254112.0000
L-BFGS | iteration: 499, total loss=118011281276928.0000, content_loss=4189263671.8750, style loss=118007053125000.0000, tv loss=44263636.0000
