C:\Users\user\AppData\Roaming\Python\Python313\site-packages\torchvision\models\_utils.py:208: UserWarning: The parameter 'pretrained' is deprecated since 0.13 and may be removed in the future, please use 'weights' instead.
  warnings.warn(
C:\Users\user\AppData\Roaming\Python\Python313\site-packages\torchvision\models\_utils.py:223: UserWarning: Arguments other than a weight enum or `None` for 'weights' are deprecated since 0.13 and may be removed in the future. The current behavior is equivalent to passing `weights=VGG19_Weights.IMAGENET1K_V1`. You can also use `weights=VGG19_Weights.DEFAULT` to get the most up-to-date weights.
  warnings.warn(msg)
Using VGG19 in the optimization procedure.
L-BFGS | iteration: 000, total loss=37718982614056960.0000, content_loss=      0.0000, style loss=37718980800000000.0000, tv loss=4232183.0000
L-BFGS | iteration: 001, total loss=37718982614056960.0000, content_loss=     42.3467, style loss=37718980800000000.0000, tv loss=4232183.0000
L-BFGS | iteration: 002, total loss=37718931074449408.0000, content_loss=     52.2376, style loss=37718930400000000.0000, tv loss=4232183.5000
L-BFGS | iteration: 003, total loss=37718424268308480.0000, content_loss=     66.3658, style loss=37718426400000000.0000, tv loss=4232186.0000
L-BFGS | iteration: 004, total loss=37715645424467968.0000, content_loss=    143.4898, style loss=37715647200000000.0000, tv loss=4232198.0000
L-BFGS | iteration: 005, total loss=37700754772852736.0000, content_loss=   1758.2592, style loss=37700755200000000.0000, tv loss=4232266.0000
L-BFGS | iteration: 006, total loss=37619635725533184.0000, content_loss=  48961.4367, style loss=37619635200000000.0000, tv loss=4232640.5000
L-BFGS | iteration: 007, total loss=37204703230033920.0000, content_loss=1324765.4915, style loss=37204704000000000.0000, tv loss=4234724.0000
L-BFGS | iteration: 008, total loss=34727486352785408.0000, content_loss=74568414.3066, style loss=34727486400000000.0000, tv loss=4446517.0000
L-BFGS | iteration: 009, total loss=32002144919879680.0000, content_loss=209241674.8047, style loss=32002144800000000.0000, tv loss=4774768.0000
L-BFGS | iteration: 010, total loss=27792333940457472.0000, content_loss=474042187.5000, style loss=27792333600000000.0000, tv loss=5687812.5000
L-BFGS | iteration: 011, total loss=22618985702883328.0000, content_loss=1027818750.0000, style loss=22618984800000000.0000, tv loss=8087972.5000
L-BFGS | iteration: 012, total loss=20131873220984832.0000, content_loss=1076024804.6875, style loss=20131872000000000.0000, tv loss=9051904.0000
L-BFGS | iteration: 013, total loss=17241449351348224.0000, content_loss=1046259082.0312, style loss=17241448800000000.0000, tv loss=8751821.0000
L-BFGS | iteration: 014, total loss=14978736025763840.0000, content_loss=1301663769.5312, style loss=14978734800000000.0000, tv loss=9278408.0000
L-BFGS | iteration: 015, total loss=13230420195803136.0000, content_loss=1552244140.6250, style loss=13230418800000000.0000, tv loss=10056150.0000
L-BFGS | iteration: 016, total loss=11732368888954880.0000, content_loss=1523977148.4375, style loss=11732367600000000.0000, tv loss=10471890.0000
L-BFGS | iteration: 017, total loss=10423343387770880.0000, content_loss=1629764648.4375, style loss=10423341600000000.0000, tv loss=10967076.0000
L-BFGS | iteration: 018, total loss=9261499973369856.0000, content_loss=1659837500.0000, style loss=9261497400000000.0000, tv loss=11274782.0000
L-BFGS | iteration: 019, total loss=8280327579500544.0000, content_loss=1727439648.4375, style loss=8280325800000000.0000, tv loss=11663871.0000
L-BFGS | iteration: 020, total loss=7461796470325248.0000, content_loss=1737254101.5625, style loss=7461795000000000.0000, tv loss=11932504.0000
L-BFGS | iteration: 021, total loss=6764025345998848.0000, content_loss=1792063671.8750, style loss=6764023800000000.0000, tv loss=12203729.0000
L-BFGS | iteration: 022, total loss=6153636941922304.0000, content_loss=1768680664.0625, style loss=6153635400000000.0000, tv loss=12341396.0000
L-BFGS | iteration: 023, total loss=5640906430480384.0000, content_loss=1875701171.8750, style loss=5640904800000000.0000, tv loss=12690312.0000
L-BFGS | iteration: 024, total loss=5219179833589760.0000, content_loss=1787028710.9375, style loss=5219178000000000.0000, tv loss=12725756.0000
L-BFGS | iteration: 025, total loss=4829237068431360.0000, content_loss=1916720898.4375, style loss=4829235000000000.0000, tv loss=13056610.0000
L-BFGS | iteration: 026, total loss=4503236702633984.0000, content_loss=1845780664.0625, style loss=4503234900000000.0000, tv loss=13043692.0000
L-BFGS | iteration: 027, total loss=4188633032556544.0000, content_loss=1900014843.7500, style loss=4188631200000000.0000, tv loss=13232872.0000
L-BFGS | iteration: 028, total loss=3917190025707520.0000, content_loss=1901147656.2500, style loss=3917188200000000.0000, tv loss=13354573.0000
L-BFGS | iteration: 029, total loss=3665708416237568.0000, content_loss=1922285742.1875, style loss=3665706600000000.0000, tv loss=13485356.0000
L-BFGS | iteration: 030, total loss=3435476425900032.0000, content_loss=1928960937.5000, style loss=3435474600000000.0000, tv loss=13571158.0000
L-BFGS | iteration: 031, total loss=3228617110716416.0000, content_loss=1949213671.8750, style loss=3228615300000000.0000, tv loss=13668933.0000
L-BFGS | iteration: 032, total loss=3042277001789440.0000, content_loss=1946028515.6250, style loss=3042275100000000.0000, tv loss=13710858.0000
L-BFGS | iteration: 033, total loss=2872766722211840.0000, content_loss=1967070117.1875, style loss=2872764900000000.0000, tv loss=13807986.0000
L-BFGS | iteration: 034, total loss=2722137118867456.0000, content_loss=1956688085.9375, style loss=2722135200000000.0000, tv loss=13841054.0000
L-BFGS | iteration: 035, total loss=2580906246144000.0000, content_loss=1978110351.5625, style loss=2580904500000000.0000, tv loss=13925132.0000
L-BFGS | iteration: 036, total loss=2456206702542848.0000, content_loss=1952446484.3750, style loss=2456204850000000.0000, tv loss=13911722.0000
L-BFGS | iteration: 037, total loss=2339417146523648.0000, content_loss=1994309960.9375, style loss=2339415150000000.0000, tv loss=14052386.0000
L-BFGS | iteration: 038, total loss=2237085121511424.0000, content_loss=1946484375.0000, style loss=2237083050000000.0000, tv loss=13982151.0000
L-BFGS | iteration: 039, total loss=2137386045669376.0000, content_loss=2003120507.8125, style loss=2137384050000000.0000, tv loss=14143600.0000
L-BFGS | iteration: 040, total loss=2047079660650496.0000, content_loss=1977882617.1875, style loss=2047077600000000.0000, tv loss=14089851.0000
L-BFGS | iteration: 041, total loss=1956201373892608.0000, content_loss=1990522851.5625, style loss=1956199350000000.0000, tv loss=14180956.0000
L-BFGS | iteration: 042, total loss=1870952447082496.0000, content_loss=1998142773.4375, style loss=1870950450000000.0000, tv loss=14181534.0000
L-BFGS | iteration: 043, total loss=1791816600911872.0000, content_loss=2006285546.8750, style loss=1791814650000000.0000, tv loss=14257448.0000
L-BFGS | iteration: 044, total loss=1716296446115840.0000, content_loss=2002642578.1250, style loss=1716294450000000.0000, tv loss=14250811.0000
L-BFGS | iteration: 045, total loss=1646561209614336.0000, content_loss=2015286132.8125, style loss=1646559150000000.0000, tv loss=14323044.0000
L-BFGS | iteration: 046, total loss=1581397965799424.0000, content_loss=2008261328.1250, style loss=1581396000000000.0000, tv loss=14323220.0000
L-BFGS | iteration: 047, total loss=1518132963311616.0000, content_loss=2031837890.6250, style loss=1518130950000000.0000, tv loss=14404199.0000
L-BFGS | iteration: 048, total loss=1460521211527168.0000, content_loss=2010901757.8125, style loss=1460519250000000.0000, tv loss=14364604.0000
L-BFGS | iteration: 049, total loss=1407104569049088.0000, content_loss=2049644335.9375, style loss=1407102600000000.0000, tv loss=14482897.0000
L-BFGS | iteration: 050, total loss=1357652449820672.0000, content_loss=2024607812.5000, style loss=1357650450000000.0000, tv loss=14420146.0000
L-BFGS | iteration: 051, total loss=1307494211125248.0000, content_loss=2044951367.1875, style loss=1307492250000000.0000, tv loss=14513991.0000
L-BFGS | iteration: 052, total loss=1258955040882688.0000, content_loss=2046328320.3125, style loss=1258953000000000.0000, tv loss=14476786.0000
L-BFGS | iteration: 053, total loss=1213583006367744.0000, content_loss=2051434570.3125, style loss=1213581000000000.0000, tv loss=14583831.0000
L-BFGS | iteration: 054, total loss=1167631553921024.0000, content_loss=2061724218.7500, style loss=1167629550000000.0000, tv loss=14538654.0000
L-BFGS | iteration: 055, total loss=1125768910340096.0000, content_loss=2060014843.7500, style loss=1125766800000000.0000, tv loss=14624108.0000
L-BFGS | iteration: 056, total loss=1084827537244160.0000, content_loss=2066965820.3125, style loss=1084825425000000.0000, tv loss=14585761.0000
L-BFGS | iteration: 057, total loss=1046764463325184.0000, content_loss=2071382031.2500, style loss=1046762400000000.0000, tv loss=14641712.0000
L-BFGS | iteration: 058, total loss=1009705270902784.0000, content_loss=2078278125.0000, style loss=1009703175000000.0000, tv loss=14629515.0000
L-BFGS | iteration: 059, total loss=975036630433792.0000, content_loss=2084885156.2500, style loss=975034575000000.0000, tv loss=14674660.0000
L-BFGS | iteration: 060, total loss=941173363441664.0000, content_loss=2087258789.0625, style loss=941171250000000.0000, tv loss=14663257.0000
L-BFGS | iteration: 061, total loss=910276979326976.0000, content_loss=2104936523.4375, style loss=910274925000000.0000, tv loss=14721210.0000
L-BFGS | iteration: 062, total loss=880225831354368.0000, content_loss=2090706640.6250, style loss=880223775000000.0000, tv loss=14674178.0000
L-BFGS | iteration: 063, total loss=853688100847616.0000, content_loss=2125179687.5000, style loss=853685925000000.0000, tv loss=14753176.0000
L-BFGS | iteration: 064, total loss=829154442346496.0000, content_loss=2102305468.7500, style loss=829152375000000.0000, tv loss=14704488.0000
L-BFGS | iteration: 065, total loss=803553954234368.0000, content_loss=2119872460.9375, style loss=803551800000000.0000, tv loss=14744155.0000
L-BFGS | iteration: 066, total loss=778638513405952.0000, content_loss=2125635156.2500, style loss=778636350000000.0000, tv loss=14746640.0000
L-BFGS | iteration: 067, total loss=754639309897728.0000, content_loss=2135910156.2500, style loss=754637175000000.0000, tv loss=14799746.0000
L-BFGS | iteration: 068, total loss=730796872695808.0000, content_loss=2139131445.3125, style loss=730794750000000.0000, tv loss=14763580.0000
L-BFGS | iteration: 069, total loss=711524884676608.0000, content_loss=2140869726.5625, style loss=711522750000000.0000, tv loss=14860739.0000
L-BFGS | iteration: 070, total loss=690141316251648.0000, content_loss=2150504882.8125, style loss=690139200000000.0000, tv loss=14786299.0000
L-BFGS | iteration: 071, total loss=669947252441088.0000, content_loss=2148692968.7500, style loss=669945075000000.0000, tv loss=14823366.0000
L-BFGS | iteration: 072, total loss=649471532728320.0000, content_loss=2151557617.1875, style loss=649469400000000.0000, tv loss=14826761.0000
L-BFGS | iteration: 073, total loss=630640114401280.0000, content_loss=2161126757.8125, style loss=630637950000000.0000, tv loss=14851480.0000
L-BFGS | iteration: 074, total loss=611536166977536.0000, content_loss=2159681835.9375, style loss=611533987500000.0000, tv loss=14836799.0000
L-BFGS | iteration: 075, total loss=592491074027520.0000, content_loss=2179291796.8750, style loss=592488900000000.0000, tv loss=14878042.0000
L-BFGS | iteration: 076, total loss=577331852738560.0000, content_loss=2153057812.5000, style loss=577329712500000.0000, tv loss=14825234.0000
L-BFGS | iteration: 077, total loss=562149478891520.0000, content_loss=2178185156.2500, style loss=562147312500000.0000, tv loss=14871780.0000
L-BFGS | iteration: 078, total loss=549157236375552.0000, content_loss=2177360937.5000, style loss=549155062500000.0000, tv loss=14874955.0000
L-BFGS | iteration: 079, total loss=533850140704768.0000, content_loss=2182622265.6250, style loss=533847975000000.0000, tv loss=14891824.0000
L-BFGS | iteration: 080, total loss=519927970660352.0000, content_loss=2188471484.3750, style loss=519925800000000.0000, tv loss=14883021.0000
L-BFGS | iteration: 081, total loss=509006909014016.0000, content_loss=2192577734.3750, style loss=509004712500000.0000, tv loss=14930338.0000
L-BFGS | iteration: 082, total loss=495130708541440.0000, content_loss=2193187890.6250, style loss=495128512500000.0000, tv loss=14881804.0000
L-BFGS | iteration: 083, total loss=482837270626304.0000, content_loss=2195815039.0625, style loss=482835075000000.0000, tv loss=14923172.0000
L-BFGS | iteration: 084, total loss=471804640493568.0000, content_loss=2198217773.4375, style loss=471802425000000.0000, tv loss=14876704.0000
L-BFGS | iteration: 085, total loss=458979062841344.0000, content_loss=2212082226.5625, style loss=458976862500000.0000, tv loss=14913396.0000
L-BFGS | iteration: 086, total loss=447693063192576.0000, content_loss=2203575585.9375, style loss=447690862500000.0000, tv loss=14897614.0000
L-BFGS | iteration: 087, total loss=437839435137024.0000, content_loss=2229723632.8125, style loss=437837212500000.0000, tv loss=14935216.0000
L-BFGS | iteration: 088, total loss=428932679598080.0000, content_loss=2220378515.6250, style loss=428930475000000.0000, tv loss=14909300.0000
L-BFGS | iteration: 089, total loss=419920126935040.0000, content_loss=2220735546.8750, style loss=419917912500000.0000, tv loss=14923524.0000
L-BFGS | iteration: 090, total loss=410664304640000.0000, content_loss=2235243750.0000, style loss=410662050000000.0000, tv loss=14906523.0000
L-BFGS | iteration: 091, total loss=402368172654592.0000, content_loss=2222534960.9375, style loss=402365962500000.0000, tv loss=14931025.0000
L-BFGS | iteration: 092, total loss=393013331230720.0000, content_loss=2231029687.5000, style loss=393011100000000.0000, tv loss=14910517.0000
L-BFGS | iteration: 093, total loss=385859559882752.0000, content_loss=2242273046.8750, style loss=385857300000000.0000, tv loss=14912927.0000
L-BFGS | iteration: 094, total loss=377218454781952.0000, content_loss=2247311328.1250, style loss=377216212500000.0000, tv loss=14926308.0000
L-BFGS | iteration: 095, total loss=369342961156096.0000, content_loss=2247998242.1875, style loss=369340725000000.0000, tv loss=14909306.0000
L-BFGS | iteration: 096, total loss=359711966756864.0000, content_loss=2252825781.2500, style loss=359709712500000.0000, tv loss=14905464.0000
L-BFGS | iteration: 097, total loss=351109147262976.0000, content_loss=2263215039.0625, style loss=351106912500000.0000, tv loss=14903146.0000
L-BFGS | iteration: 098, total loss=345466298433536.0000, content_loss=2251147656.2500, style loss=345464062500000.0000, tv loss=14894510.0000
L-BFGS | iteration: 099, total loss=338336954712064.0000, content_loss=2262336132.8125, style loss=338334712500000.0000, tv loss=14886256.0000
L-BFGS | iteration: 100, total loss=334635062001664.0000, content_loss=2275630273.4375, style loss=334632787500000.0000, tv loss=14928382.0000
L-BFGS | iteration: 101, total loss=329279137120256.0000, content_loss=2275738085.9375, style loss=329276850000000.0000, tv loss=14904837.0000
L-BFGS | iteration: 102, total loss=323521397915648.0000, content_loss=2271659765.6250, style loss=323519100000000.0000, tv loss=14890593.0000
L-BFGS | iteration: 103, total loss=317260711329792.0000, content_loss=2279748632.8125, style loss=317258437500000.0000, tv loss=14900978.0000
L-BFGS | iteration: 104, total loss=311174474235904.0000, content_loss=2271426562.5000, style loss=311172206250000.0000, tv loss=14866724.0000
L-BFGS | iteration: 105, total loss=306980673552384.0000, content_loss=2300978710.9375, style loss=306978356250000.0000, tv loss=14928999.0000
L-BFGS | iteration: 106, total loss=302508169756672.0000, content_loss=2286192773.4375, style loss=302505900000000.0000, tv loss=14873360.0000
L-BFGS | iteration: 107, total loss=299527965769728.0000, content_loss=2282440625.0000, style loss=299525681250000.0000, tv loss=14849790.0000
L-BFGS | iteration: 108, total loss=297503559778304.0000, content_loss=2280759375.0000, style loss=297501281250000.0000, tv loss=14868538.0000
L-BFGS | iteration: 109, total loss=291898023477248.0000, content_loss=2297149414.0625, style loss=291895743750000.0000, tv loss=14884061.0000
L-BFGS | iteration: 110, total loss=289058479669248.0000, content_loss=2297933593.7500, style loss=289056187500000.0000, tv loss=14879202.0000
L-BFGS | iteration: 111, total loss=285193680191488.0000, content_loss=2288066992.1875, style loss=285191400000000.0000, tv loss=14870102.0000
L-BFGS | iteration: 112, total loss=280315016773632.0000, content_loss=2298212890.6250, style loss=280312706250000.0000, tv loss=14857643.0000
L-BFGS | iteration: 113, total loss=277720000888832.0000, content_loss=2303233007.8125, style loss=277717687500000.0000, tv loss=14867977.0000
L-BFGS | iteration: 114, total loss=274282164781056.0000, content_loss=2302512304.6875, style loss=274279856250000.0000, tv loss=14875957.0000
L-BFGS | iteration: 115, total loss=269846218539008.0000, content_loss=2310575976.5625, style loss=269843887500000.0000, tv loss=14873830.0000
L-BFGS | iteration: 116, total loss=266844120285184.0000, content_loss=2308435937.5000, style loss=266841787500000.0000, tv loss=14853823.0000
L-BFGS | iteration: 117, total loss=262667751129088.0000, content_loss=2306613476.5625, style loss=262665431250000.0000, tv loss=14851053.0000
L-BFGS | iteration: 118, total loss=258358489645056.0000, content_loss=2318902148.4375, style loss=258356156250000.0000, tv loss=14850224.0000
L-BFGS | iteration: 119, total loss=255584980959232.0000, content_loss=2310731250.0000, style loss=255582656250000.0000, tv loss=14837340.0000
L-BFGS | iteration: 120, total loss=252674217869312.0000, content_loss=2317490625.0000, style loss=252671887500000.0000, tv loss=14848694.0000
L-BFGS | iteration: 121, total loss=249985736114176.0000, content_loss=2322509179.6875, style loss=249983400000000.0000, tv loss=14834668.0000
L-BFGS | iteration: 122, total loss=247252241088512.0000, content_loss=2324702734.3750, style loss=247249893750000.0000, tv loss=14824601.0000
L-BFGS | iteration: 123, total loss=245066471833600.0000, content_loss=2326514257.8125, style loss=245064131250000.0000, tv loss=14864446.0000
L-BFGS | iteration: 124, total loss=241781711044608.0000, content_loss=2328792968.7500, style loss=241779356250000.0000, tv loss=14846215.0000
L-BFGS | iteration: 125, total loss=238563824238592.0000, content_loss=2324720898.4375, style loss=238561481250000.0000, tv loss=14822393.0000
L-BFGS | iteration: 126, total loss=235651098214400.0000, content_loss=2335286523.4375, style loss=235648743750000.0000, tv loss=14826526.0000
L-BFGS | iteration: 127, total loss=233522069504000.0000, content_loss=2332110742.1875, style loss=233519718750000.0000, tv loss=14819009.0000
L-BFGS | iteration: 128, total loss=230891989237760.0000, content_loss=2332295117.1875, style loss=230889637500000.0000, tv loss=14809647.0000
L-BFGS | iteration: 129, total loss=228036741955584.0000, content_loss=2342899609.3750, style loss=228034368750000.0000, tv loss=14818130.0000
L-BFGS | iteration: 130, total loss=225526014803968.0000, content_loss=2334834960.9375, style loss=225523668750000.0000, tv loss=14801543.0000
L-BFGS | iteration: 131, total loss=223286189359104.0000, content_loss=2345083984.3750, style loss=223283831250000.0000, tv loss=14809815.0000
L-BFGS | iteration: 132, total loss=221018564067328.0000, content_loss=2346589257.8125, style loss=221016206250000.0000, tv loss=14796924.0000
L-BFGS | iteration: 133, total loss=220520985395200.0000, content_loss=2340931054.6875, style loss=220518618750000.0000, tv loss=14808238.0000
L-BFGS | iteration: 134, total loss=219344634118144.0000, content_loss=2344177734.3750, style loss=219342262500000.0000, tv loss=14801506.0000
L-BFGS | iteration: 135, total loss=217097426698240.0000, content_loss=2346771093.7500, style loss=217095056250000.0000, tv loss=14796632.0000
L-BFGS | iteration: 136, total loss=215040691011584.0000, content_loss=2350224023.4375, style loss=215038331250000.0000, tv loss=14782554.0000
L-BFGS | iteration: 137, total loss=212885942829056.0000, content_loss=2352287109.3750, style loss=212883581250000.0000, tv loss=14780935.0000
L-BFGS | iteration: 138, total loss=211323833024512.0000, content_loss=2347936523.4375, style loss=211321462500000.0000, tv loss=14776161.0000
L-BFGS | iteration: 139, total loss=209200072359936.0000, content_loss=2353675976.5625, style loss=209197706250000.0000, tv loss=14774052.0000
L-BFGS | iteration: 140, total loss=207581674995712.0000, content_loss=2358821679.6875, style loss=207579300000000.0000, tv loss=14784508.0000
L-BFGS | iteration: 141, total loss=205356647055360.0000, content_loss=2354434960.9375, style loss=205354275000000.0000, tv loss=14763942.0000
L-BFGS | iteration: 142, total loss=203211394777088.0000, content_loss=2362997265.6250, style loss=203209012500000.0000, tv loss=14765846.0000
L-BFGS | iteration: 143, total loss=201928122302464.0000, content_loss=2361879492.1875, style loss=201925743750000.0000, tv loss=14765152.0000
L-BFGS | iteration: 144, total loss=199861102182400.0000, content_loss=2359345703.1250, style loss=199858725000000.0000, tv loss=14754944.0000
L-BFGS | iteration: 145, total loss=197794669264896.0000, content_loss=2367067968.7500, style loss=197792287500000.0000, tv loss=14760833.0000
L-BFGS | iteration: 146, total loss=196250292977664.0000, content_loss=2362691601.5625, style loss=196247906250000.0000, tv loss=14738558.0000
L-BFGS | iteration: 147, total loss=194791883145216.0000, content_loss=2366762890.6250, style loss=194789493750000.0000, tv loss=14747777.0000
L-BFGS | iteration: 148, total loss=193104615309312.0000, content_loss=2375712695.3125, style loss=193102218750000.0000, tv loss=14755696.0000
L-BFGS | iteration: 149, total loss=191792720904192.0000, content_loss=2370039257.8125, style loss=191790337500000.0000, tv loss=14741617.0000
L-BFGS | iteration: 150, total loss=190458680573952.0000, content_loss=2369408984.3750, style loss=190456293750000.0000, tv loss=14730779.0000
L-BFGS | iteration: 151, total loss=188804983947264.0000, content_loss=2373213476.5625, style loss=188802600000000.0000, tv loss=14737336.0000
L-BFGS | iteration: 152, total loss=187087567454208.0000, content_loss=2377818164.0625, style loss=187085175000000.0000, tv loss=14737276.0000
L-BFGS | iteration: 153, total loss=185677224345600.0000, content_loss=2375065625.0000, style loss=185674818750000.0000, tv loss=14725286.0000
L-BFGS | iteration: 154, total loss=183748146495488.0000, content_loss=2377108398.4375, style loss=183745743750000.0000, tv loss=14724004.0000
L-BFGS | iteration: 155, total loss=181839771729920.0000, content_loss=2381253320.3125, style loss=181837368750000.0000, tv loss=14717960.0000
L-BFGS | iteration: 156, total loss=180301334577152.0000, content_loss=2380316796.8750, style loss=180298931250000.0000, tv loss=14723756.0000
L-BFGS | iteration: 157, total loss=178738738233344.0000, content_loss=2383041992.1875, style loss=178736343750000.0000, tv loss=14701922.0000
L-BFGS | iteration: 158, total loss=177999030779904.0000, content_loss=2385845507.8125, style loss=177996637500000.0000, tv loss=14720461.0000
L-BFGS | iteration: 159, total loss=176695692754944.0000, content_loss=2388891210.9375, style loss=176693287500000.0000, tv loss=14723592.0000
L-BFGS | iteration: 160, total loss=175514459308032.0000, content_loss=2386293164.0625, style loss=175512056250000.0000, tv loss=14699206.0000
L-BFGS | iteration: 161, total loss=174236538765312.0000, content_loss=2387113085.9375, style loss=174234131250000.0000, tv loss=14695885.0000
L-BFGS | iteration: 162, total loss=172817236623360.0000, content_loss=2388472851.5625, style loss=172814831250000.0000, tv loss=14690845.0000
L-BFGS | iteration: 163, total loss=171583524044800.0000, content_loss=2395561914.0625, style loss=171581100000000.0000, tv loss=14698381.0000
L-BFGS | iteration: 164, total loss=170495035047936.0000, content_loss=2391997460.9375, style loss=170492625000000.0000, tv loss=14696022.0000
L-BFGS | iteration: 165, total loss=169494441885696.0000, content_loss=2395165429.6875, style loss=169492031250000.0000, tv loss=14687202.0000
L-BFGS | iteration: 166, total loss=168794815201280.0000, content_loss=2397791406.2500, style loss=168792393750000.0000, tv loss=14693146.0000
L-BFGS | iteration: 167, total loss=167607911055360.0000, content_loss=2398873632.8125, style loss=167605500000000.0000, tv loss=14692266.0000
L-BFGS | iteration: 168, total loss=166525696737280.0000, content_loss=2396095312.5000, style loss=166523287500000.0000, tv loss=14681332.0000
L-BFGS | iteration: 169, total loss=165478379028480.0000, content_loss=2398369921.8750, style loss=165475968750000.0000, tv loss=14679435.0000
L-BFGS | iteration: 170, total loss=164376015273984.0000, content_loss=2401190820.3125, style loss=164373600000000.0000, tv loss=14680636.0000
L-BFGS | iteration: 171, total loss=163289438879744.0000, content_loss=2403442578.1250, style loss=163287018750000.0000, tv loss=14682551.0000
L-BFGS | iteration: 172, total loss=162430948737024.0000, content_loss=2405513085.9375, style loss=162428531250000.0000, tv loss=14679221.0000
L-BFGS | iteration: 173, total loss=161491944734720.0000, content_loss=2407262695.3125, style loss=161489531250000.0000, tv loss=14671482.0000
L-BFGS | iteration: 174, total loss=161054579490816.0000, content_loss=2407995312.5000, style loss=161052150000000.0000, tv loss=14686200.0000
L-BFGS | iteration: 175, total loss=159919667937280.0000, content_loss=2411407617.1875, style loss=159917231250000.0000, tv loss=14677274.0000
L-BFGS | iteration: 176, total loss=159269500485632.0000, content_loss=2408902539.0625, style loss=159267075000000.0000, tv loss=14666168.0000
L-BFGS | iteration: 177, total loss=158487514447872.0000, content_loss=2408533593.7500, style loss=158485087500000.0000, tv loss=14664072.0000
L-BFGS | iteration: 178, total loss=157599261523968.0000, content_loss=2409846289.0625, style loss=157596825000000.0000, tv loss=14666579.0000
L-BFGS | iteration: 179, total loss=156399908683776.0000, content_loss=2415475000.0000, style loss=156397471875000.0000, tv loss=14670956.0000
L-BFGS | iteration: 180, total loss=155366398623744.0000, content_loss=2415172070.3125, style loss=155363971875000.0000, tv loss=14663356.0000
L-BFGS | iteration: 181, total loss=154621825777664.0000, content_loss=2420717382.8125, style loss=154619400000000.0000, tv loss=14672466.0000
L-BFGS | iteration: 182, total loss=153750467510272.0000, content_loss=2422234570.3125, style loss=153748040625000.0000, tv loss=14668625.0000
L-BFGS | iteration: 183, total loss=153149977395200.0000, content_loss=2417076367.1875, style loss=153147543750000.0000, tv loss=14662355.0000
L-BFGS | iteration: 184, total loss=152442566082560.0000, content_loss=2418128515.6250, style loss=152440125000000.0000, tv loss=14658898.0000
L-BFGS | iteration: 185, total loss=151527872266240.0000, content_loss=2419022265.6250, style loss=151525443750000.0000, tv loss=14661217.0000
L-BFGS | iteration: 186, total loss=150711778148352.0000, content_loss=2424100976.5625, style loss=150709350000000.0000, tv loss=14661013.0000
L-BFGS | iteration: 187, total loss=150111657132032.0000, content_loss=2423887109.3750, style loss=150109218750000.0000, tv loss=14662248.0000
L-BFGS | iteration: 188, total loss=149212767453184.0000, content_loss=2424517968.7500, style loss=149210315625000.0000, tv loss=14662140.0000
L-BFGS | iteration: 189, total loss=148349713907712.0000, content_loss=2429228320.3125, style loss=148347271875000.0000, tv loss=14663278.0000
L-BFGS | iteration: 190, total loss=147673357221888.0000, content_loss=2427208398.4375, style loss=147670903125000.0000, tv loss=14656824.0000
L-BFGS | iteration: 191, total loss=146848371179520.0000, content_loss=2429916210.9375, style loss=146845921875000.0000, tv loss=14664944.0000
L-BFGS | iteration: 192, total loss=146166595452928.0000, content_loss=2427103320.3125, style loss=146164153125000.0000, tv loss=14648589.0000
L-BFGS | iteration: 193, total loss=145627426062336.0000, content_loss=2434472265.6250, style loss=145624968750000.0000, tv loss=14668076.0000
L-BFGS | iteration: 194, total loss=145034351476736.0000, content_loss=2437358398.4375, style loss=145031896875000.0000, tv loss=14670362.0000
L-BFGS | iteration: 195, total loss=144458792304640.0000, content_loss=2432393554.6875, style loss=144456346875000.0000, tv loss=14661530.0000
L-BFGS | iteration: 196, total loss=144046693548032.0000, content_loss=2431547656.2500, style loss=144044240625000.0000, tv loss=14659423.0000
L-BFGS | iteration: 197, total loss=143452897542144.0000, content_loss=2432907226.5625, style loss=143450446875000.0000, tv loss=14658809.0000
L-BFGS | iteration: 198, total loss=142606671544320.0000, content_loss=2435752929.6875, style loss=142604221875000.0000, tv loss=14663958.0000
L-BFGS | iteration: 199, total loss=141753449447424.0000, content_loss=2438146679.6875, style loss=141750993750000.0000, tv loss=14659367.0000
L-BFGS | iteration: 200, total loss=141171447824384.0000, content_loss=2438099218.7500, style loss=141168993750000.0000, tv loss=14672154.0000
L-BFGS | iteration: 201, total loss=140401231003648.0000, content_loss=2440031835.9375, style loss=140398771875000.0000, tv loss=14668336.0000
L-BFGS | iteration: 202, total loss=139614580899840.0000, content_loss=2441134375.0000, style loss=139612125000000.0000, tv loss=14668628.0000
L-BFGS | iteration: 203, total loss=138799434694656.0000, content_loss=2443360937.5000, style loss=138796978125000.0000, tv loss=14666359.0000
L-BFGS | iteration: 204, total loss=138082502311936.0000, content_loss=2441926562.5000, style loss=138080043750000.0000, tv loss=14667915.0000
L-BFGS | iteration: 205, total loss=137517009469440.0000, content_loss=2445153710.9375, style loss=137514553125000.0000, tv loss=14669426.0000
L-BFGS | iteration: 206, total loss=136997939183616.0000, content_loss=2446363281.2500, style loss=136995468750000.0000, tv loss=14663106.0000
L-BFGS | iteration: 207, total loss=136731458273280.0000, content_loss=2442925390.6250, style loss=136729003125000.0000, tv loss=14670002.0000
L-BFGS | iteration: 208, total loss=136050387189760.0000, content_loss=2446026367.1875, style loss=136047918750000.0000, tv loss=14670119.0000
L-BFGS | iteration: 209, total loss=135650040872960.0000, content_loss=2446360742.1875, style loss=135647578125000.0000, tv loss=14666345.0000
L-BFGS | iteration: 210, total loss=135004864643072.0000, content_loss=2447471679.6875, style loss=135002400000000.0000, tv loss=14671319.0000
L-BFGS | iteration: 211, total loss=134335403393024.0000, content_loss=2449334570.3125, style loss=134332940625000.0000, tv loss=14666696.0000
L-BFGS | iteration: 212, total loss=133843864518656.0000, content_loss=2450334179.6875, style loss=133841400000000.0000, tv loss=14672089.0000
L-BFGS | iteration: 213, total loss=133194963746816.0000, content_loss=2450524414.0625, style loss=133192500000000.0000, tv loss=14674922.0000
L-BFGS | iteration: 214, total loss=132571740504064.0000, content_loss=2454416406.2500, style loss=132569268750000.0000, tv loss=14678550.0000
L-BFGS | iteration: 215, total loss=132118512402432.0000, content_loss=2452924804.6875, style loss=132116043750000.0000, tv loss=14674812.0000
L-BFGS | iteration: 216, total loss=131590206259200.0000, content_loss=2452645898.4375, style loss=131587743750000.0000, tv loss=14673351.0000
L-BFGS | iteration: 217, total loss=130978794176512.0000, content_loss=2454007421.8750, style loss=130976315625000.0000, tv loss=14681242.0000
L-BFGS | iteration: 218, total loss=130405952913408.0000, content_loss=2454945703.1250, style loss=130403475000000.0000, tv loss=14672202.0000
L-BFGS | iteration: 219, total loss=129911192813568.0000, content_loss=2457703906.2500, style loss=129908718750000.0000, tv loss=14690410.0000
L-BFGS | iteration: 220, total loss=129344777224192.0000, content_loss=2458033398.4375, style loss=129342300000000.0000, tv loss=14686797.0000
L-BFGS | iteration: 221, total loss=128833902608384.0000, content_loss=2460098828.1250, style loss=128831428125000.0000, tv loss=14685790.0000
L-BFGS | iteration: 222, total loss=128282024476672.0000, content_loss=2459488085.9375, style loss=128279550000000.0000, tv loss=14683162.0000
L-BFGS | iteration: 223, total loss=127704301043712.0000, content_loss=2462461328.1250, style loss=127701815625000.0000, tv loss=14689227.0000
L-BFGS | iteration: 224, total loss=127089776787456.0000, content_loss=2460783203.1250, style loss=127087303125000.0000, tv loss=14685982.0000
L-BFGS | iteration: 225, total loss=126600972599296.0000, content_loss=2465428320.3125, style loss=126598490625000.0000, tv loss=14695116.0000
L-BFGS | iteration: 226, total loss=126147039854592.0000, content_loss=2463341406.2500, style loss=126144553125000.0000, tv loss=14692068.0000
L-BFGS | iteration: 227, total loss=125710404419584.0000, content_loss=2464374609.3750, style loss=125707921875000.0000, tv loss=14695685.0000
L-BFGS | iteration: 228, total loss=125203883491328.0000, content_loss=2465717187.5000, style loss=125201400000000.0000, tv loss=14693942.0000
L-BFGS | iteration: 229, total loss=124827226603520.0000, content_loss=2469335156.2500, style loss=124824740625000.0000, tv loss=14703044.0000
L-BFGS | iteration: 230, total loss=124510539874304.0000, content_loss=2466594726.5625, style loss=124508053125000.0000, tv loss=14706290.0000
L-BFGS | iteration: 231, total loss=124172176982016.0000, content_loss=2466444335.9375, style loss=124169690625000.0000, tv loss=14691124.0000
L-BFGS | iteration: 232, total loss=123815208157184.0000, content_loss=2468414257.8125, style loss=123812728125000.0000, tv loss=14697470.0000
L-BFGS | iteration: 233, total loss=123358180016128.0000, content_loss=2469309375.0000, style loss=123355696875000.0000, tv loss=14702526.0000
L-BFGS | iteration: 234, total loss=122857489170432.0000, content_loss=2469682617.1875, style loss=122855006250000.0000, tv loss=14710346.0000
L-BFGS | iteration: 235, total loss=122340985798656.0000, content_loss=2471845312.5000, style loss=122338490625000.0000, tv loss=14708395.0000
L-BFGS | iteration: 236, total loss=121934146699264.0000, content_loss=2471789843.7500, style loss=121931653125000.0000, tv loss=14709323.0000
L-BFGS | iteration: 237, total loss=121486035648512.0000, content_loss=2472947070.3125, style loss=121483546875000.0000, tv loss=14709275.0000
L-BFGS | iteration: 238, total loss=121168862380032.0000, content_loss=2472956640.6250, style loss=121166371875000.0000, tv loss=14711499.0000
L-BFGS | iteration: 239, total loss=120785813372928.0000, content_loss=2474326171.8750, style loss=120783318750000.0000, tv loss=14708235.0000
L-BFGS | iteration: 240, total loss=120435010174976.0000, content_loss=2474569335.9375, style loss=120432515625000.0000, tv loss=14715248.0000
L-BFGS | iteration: 241, total loss=120005798658048.0000, content_loss=2475836132.8125, style loss=120003309375000.0000, tv loss=14719730.0000
L-BFGS | iteration: 242, total loss=119509931261952.0000, content_loss=2477265820.3125, style loss=119507437500000.0000, tv loss=14720746.0000
L-BFGS | iteration: 243, total loss=119026328010752.0000, content_loss=2479666210.9375, style loss=119023828125000.0000, tv loss=14721808.0000
L-BFGS | iteration: 244, total loss=118589264756736.0000, content_loss=2478284179.6875, style loss=118586775000000.0000, tv loss=14718818.0000
L-BFGS | iteration: 245, total loss=118258040569856.0000, content_loss=2480675976.5625, style loss=118255537500000.0000, tv loss=14724830.0000
L-BFGS | iteration: 246, total loss=117875226443776.0000, content_loss=2481095507.8125, style loss=117872728125000.0000, tv loss=14723564.0000
L-BFGS | iteration: 247, total loss=117597924229120.0000, content_loss=2481376953.1250, style loss=117595425000000.0000, tv loss=14734143.0000
L-BFGS | iteration: 248, total loss=117176237293568.0000, content_loss=2483207031.2500, style loss=117173737500000.0000, tv loss=14729622.0000
L-BFGS | iteration: 249, total loss=116904983265280.0000, content_loss=2481878906.2500, style loss=116902481250000.0000, tv loss=14728402.0000
L-BFGS | iteration: 250, total loss=116578414755840.0000, content_loss=2483070898.4375, style loss=116575912500000.0000, tv loss=14737608.0000
L-BFGS | iteration: 251, total loss=116199023181824.0000, content_loss=2483930859.3750, style loss=116196525000000.0000, tv loss=14737026.0000
L-BFGS | iteration: 252, total loss=115774425399296.0000, content_loss=2484977148.4375, style loss=115771921875000.0000, tv loss=14739722.0000
L-BFGS | iteration: 253, total loss=115320576540672.0000, content_loss=2485672070.3125, style loss=115318078125000.0000, tv loss=14743699.0000
L-BFGS | iteration: 254, total loss=114938894876672.0000, content_loss=2487446093.7500, style loss=114936384375000.0000, tv loss=14742492.0000
L-BFGS | iteration: 255, total loss=114608442441728.0000, content_loss=2488675000.0000, style loss=114605934375000.0000, tv loss=14748314.0000
L-BFGS | iteration: 256, total loss=114292527464448.0000, content_loss=2487898242.1875, style loss=114290015625000.0000, tv loss=14748635.0000
L-BFGS | iteration: 257, total loss=113953082441728.0000, content_loss=2490671484.3750, style loss=113950575000000.0000, tv loss=14755620.0000
L-BFGS | iteration: 258, total loss=113634223063040.0000, content_loss=2489813867.1875, style loss=113631712500000.0000, tv loss=14751024.0000
L-BFGS | iteration: 259, total loss=113342458888192.0000, content_loss=2491124414.0625, style loss=113339953125000.0000, tv loss=14763725.0000
L-BFGS | iteration: 260, total loss=112982159785984.0000, content_loss=2494927539.0625, style loss=112979653125000.0000, tv loss=14764732.0000
L-BFGS | iteration: 261, total loss=112716828114944.0000, content_loss=2491600976.5625, style loss=112714321875000.0000, tv loss=14759562.0000
L-BFGS | iteration: 262, total loss=112440868077568.0000, content_loss=2492326171.8750, style loss=112438359375000.0000, tv loss=14762233.0000
L-BFGS | iteration: 263, total loss=112062508302336.0000, content_loss=2493921289.0625, style loss=112060003125000.0000, tv loss=14769486.0000
L-BFGS | iteration: 264, total loss=111692847513600.0000, content_loss=2495280859.3750, style loss=111690337500000.0000, tv loss=14771208.0000
L-BFGS | iteration: 265, total loss=111408238821376.0000, content_loss=2495288671.8750, style loss=111405731250000.0000, tv loss=14774146.0000
L-BFGS | iteration: 266, total loss=111067988492288.0000, content_loss=2496298242.1875, style loss=111065475000000.0000, tv loss=14775030.0000
L-BFGS | iteration: 267, total loss=110715255914496.0000, content_loss=2497113867.1875, style loss=110712740625000.0000, tv loss=14785673.0000
L-BFGS | iteration: 268, total loss=110345729343488.0000, content_loss=2498076953.1250, style loss=110343215625000.0000, tv loss=14775669.0000
L-BFGS | iteration: 269, total loss=110012894543872.0000, content_loss=2497960351.5625, style loss=110010375000000.0000, tv loss=14795258.0000
L-BFGS | iteration: 270, total loss=109684505706496.0000, content_loss=2499569335.9375, style loss=109681987500000.0000, tv loss=14792559.0000
L-BFGS | iteration: 271, total loss=109480553480192.0000, content_loss=2499099218.7500, style loss=109478034375000.0000, tv loss=14791707.0000
L-BFGS | iteration: 272, total loss=109189611388928.0000, content_loss=2500585156.2500, style loss=109187090625000.0000, tv loss=14790308.0000
L-BFGS | iteration: 273, total loss=108917996650496.0000, content_loss=2501226953.1250, style loss=108915478125000.0000, tv loss=14797774.0000
L-BFGS | iteration: 274, total loss=108591159705600.0000, content_loss=2501569335.9375, style loss=108588646875000.0000, tv loss=14807482.0000
L-BFGS | iteration: 275, total loss=108262192054272.0000, content_loss=2503844335.9375, style loss=108259678125000.0000, tv loss=14809347.0000
L-BFGS | iteration: 276, total loss=107984906616832.0000, content_loss=2503696875.0000, style loss=107982393750000.0000, tv loss=14808126.0000
L-BFGS | iteration: 277, total loss=107648053673984.0000, content_loss=2504353710.9375, style loss=107645531250000.0000, tv loss=14813651.0000
L-BFGS | iteration: 278, total loss=107355081539584.0000, content_loss=2505136914.0625, style loss=107352553125000.0000, tv loss=14811146.0000
L-BFGS | iteration: 279, total loss=107129570590720.0000, content_loss=2506088671.8750, style loss=107127046875000.0000, tv loss=14821646.0000
L-BFGS | iteration: 280, total loss=106893783597056.0000, content_loss=2507414062.5000, style loss=106891256250000.0000, tv loss=14820040.0000
L-BFGS | iteration: 281, total loss=106655706513408.0000, content_loss=2507053906.2500, style loss=106653178125000.0000, tv loss=14824749.0000
L-BFGS | iteration: 282, total loss=106432636649472.0000, content_loss=2507555273.4375, style loss=106430109375000.0000, tv loss=14827322.0000
L-BFGS | iteration: 283, total loss=106104264589312.0000, content_loss=2507641210.9375, style loss=106101740625000.0000, tv loss=14830001.0000
L-BFGS | iteration: 284, total loss=105783677157376.0000, content_loss=2511785742.1875, style loss=105781153125000.0000, tv loss=14837485.0000
L-BFGS | iteration: 285, total loss=105567821496320.0000, content_loss=2509536328.1250, style loss=105565293750000.0000, tv loss=14833340.0000
L-BFGS | iteration: 286, total loss=105364649410560.0000, content_loss=2510800976.5625, style loss=105362128125000.0000, tv loss=14836233.0000
L-BFGS | iteration: 287, total loss=105105315594240.0000, content_loss=2512853320.3125, style loss=105102778125000.0000, tv loss=14846388.0000
L-BFGS | iteration: 288, total loss=104858036207616.0000, content_loss=2512847265.6250, style loss=104855503125000.0000, tv loss=14838444.0000
L-BFGS | iteration: 289, total loss=104623624945664.0000, content_loss=2514657421.8750, style loss=104621090625000.0000, tv loss=14851130.0000
L-BFGS | iteration: 290, total loss=104350970019840.0000, content_loss=2515407031.2500, style loss=104348437500000.0000, tv loss=14858723.0000
L-BFGS | iteration: 291, total loss=104060338307072.0000, content_loss=2514985937.5000, style loss=104057803125000.0000, tv loss=14858976.0000
L-BFGS | iteration: 292, total loss=103758449082368.0000, content_loss=2515599218.7500, style loss=103755918750000.0000, tv loss=14860276.0000
L-BFGS | iteration: 293, total loss=103496640626688.0000, content_loss=2516716015.6250, style loss=103494103125000.0000, tv loss=14863952.0000
L-BFGS | iteration: 294, total loss=103233926201344.0000, content_loss=2516835351.5625, style loss=103231396875000.0000, tv loss=14864714.0000
L-BFGS | iteration: 295, total loss=102992401399808.0000, content_loss=2517295507.8125, style loss=102989868750000.0000, tv loss=14870514.0000
L-BFGS | iteration: 296, total loss=102718622400512.0000, content_loss=2519185742.1875, style loss=102716090625000.0000, tv loss=14872118.0000
L-BFGS | iteration: 297, total loss=102497372864512.0000, content_loss=2517129101.5625, style loss=102494840625000.0000, tv loss=14878926.0000
L-BFGS | iteration: 298, total loss=102244884152320.0000, content_loss=2518562890.6250, style loss=102242353125000.0000, tv loss=14879057.0000
L-BFGS | iteration: 299, total loss=102044018933760.0000, content_loss=2520642187.5000, style loss=102041484375000.0000, tv loss=14885931.0000
L-BFGS | iteration: 300, total loss=101812552073216.0000, content_loss=2520770703.1250, style loss=101810015625000.0000, tv loss=14885633.0000
L-BFGS | iteration: 301, total loss=101541096718336.0000, content_loss=2521800781.2500, style loss=101538553125000.0000, tv loss=14890692.0000
L-BFGS | iteration: 302, total loss=101264457203712.0000, content_loss=2520815820.3125, style loss=101261915625000.0000, tv loss=14887468.0000
L-BFGS | iteration: 303, total loss=101033887924224.0000, content_loss=2524050195.3125, style loss=101031346875000.0000, tv loss=14896362.0000
L-BFGS | iteration: 304, total loss=100828484468736.0000, content_loss=2522785351.5625, style loss=100825940625000.0000, tv loss=14896468.0000
L-BFGS | iteration: 305, total loss=100575953813504.0000, content_loss=2522842968.7500, style loss=100573415625000.0000, tv loss=14901598.0000
L-BFGS | iteration: 306, total loss=100315772747776.0000, content_loss=2523827734.3750, style loss=100313231250000.0000, tv loss=14904371.0000
L-BFGS | iteration: 307, total loss=100063443419136.0000, content_loss=2524882421.8750, style loss=100060903125000.0000, tv loss=14916623.0000
L-BFGS | iteration: 308, total loss=99822078001152.0000, content_loss=2524923242.1875, style loss=99819534375000.0000, tv loss=14907970.0000
L-BFGS | iteration: 309, total loss=99671720591360.0000, content_loss=2525249023.4375, style loss=99669178125000.0000, tv loss=14920734.0000
L-BFGS | iteration: 310, total loss=99483278901248.0000, content_loss=2526938867.1875, style loss=99480740625000.0000, tv loss=14923676.0000
L-BFGS | iteration: 311, total loss=99320103698432.0000, content_loss=2525552148.4375, style loss=99317559375000.0000, tv loss=14920260.0000
L-BFGS | iteration: 312, total loss=99108417175552.0000, content_loss=2525114257.8125, style loss=99105871875000.0000, tv loss=14923498.0000
L-BFGS | iteration: 313, total loss=98876681879552.0000, content_loss=2526382031.2500, style loss=98874140625000.0000, tv loss=14930288.0000
L-BFGS | iteration: 314, total loss=98607181070336.0000, content_loss=2527486328.1250, style loss=98604637500000.0000, tv loss=14932688.0000
L-BFGS | iteration: 315, total loss=98355984203776.0000, content_loss=2528248437.5000, style loss=98353443750000.0000, tv loss=14940805.0000
L-BFGS | iteration: 316, total loss=98120792801280.0000, content_loss=2528932812.5000, style loss=98118253125000.0000, tv loss=14940221.0000
L-BFGS | iteration: 317, total loss=97938156027904.0000, content_loss=2529268750.0000, style loss=97935609375000.0000, tv loss=14951012.0000
L-BFGS | iteration: 318, total loss=97712460529664.0000, content_loss=2529944335.9375, style loss=97709906250000.0000, tv loss=14951801.0000
L-BFGS | iteration: 319, total loss=97561490751488.0000, content_loss=2529494140.6250, style loss=97558940625000.0000, tv loss=14956892.0000
L-BFGS | iteration: 320, total loss=97368401772544.0000, content_loss=2530280078.1250, style loss=97365853125000.0000, tv loss=14953720.0000
L-BFGS | iteration: 321, total loss=97205973155840.0000, content_loss=2530480078.1250, style loss=97203421875000.0000, tv loss=14957338.0000
L-BFGS | iteration: 322, total loss=96995133882368.0000, content_loss=2531179492.1875, style loss=96992587500000.0000, tv loss=14965868.0000
L-BFGS | iteration: 323, total loss=96757493006336.0000, content_loss=2532650390.6250, style loss=96754940625000.0000, tv loss=14969379.0000
L-BFGS | iteration: 324, total loss=96536537071616.0000, content_loss=2532047265.6250, style loss=96533990625000.0000, tv loss=14973956.0000
L-BFGS | iteration: 325, total loss=96343431315456.0000, content_loss=2534055468.7500, style loss=96340884375000.0000, tv loss=14977350.0000
L-BFGS | iteration: 326, total loss=96170231726080.0000, content_loss=2533641992.1875, style loss=96167681250000.0000, tv loss=14977805.0000
L-BFGS | iteration: 327, total loss=95964375285760.0000, content_loss=2534332226.5625, style loss=95961825000000.0000, tv loss=14987636.0000
L-BFGS | iteration: 328, total loss=95773836443648.0000, content_loss=2533906640.6250, style loss=95771287500000.0000, tv loss=14980678.0000
L-BFGS | iteration: 329, total loss=95587751952384.0000, content_loss=2535716796.8750, style loss=95585203125000.0000, tv loss=14996692.0000
L-BFGS | iteration: 330, total loss=95414904684544.0000, content_loss=2537434960.9375, style loss=95412356250000.0000, tv loss=15000474.0000
L-BFGS | iteration: 331, total loss=95284377944064.0000, content_loss=2534891796.8750, style loss=95281828125000.0000, tv loss=14999133.0000
L-BFGS | iteration: 332, total loss=95153205280768.0000, content_loss=2535524804.6875, style loss=95150653125000.0000, tv loss=14997264.0000
L-BFGS | iteration: 333, total loss=94937852936192.0000, content_loss=2536879101.5625, style loss=94935300000000.0000, tv loss=15004162.0000
L-BFGS | iteration: 334, total loss=94730822090752.0000, content_loss=2536695898.4375, style loss=94728271875000.0000, tv loss=15009623.0000
L-BFGS | iteration: 335, total loss=94521777979392.0000, content_loss=2539077343.7500, style loss=94519218750000.0000, tv loss=15013802.0000
L-BFGS | iteration: 336, total loss=94332447096832.0000, content_loss=2538072070.3125, style loss=94329890625000.0000, tv loss=15017856.0000
L-BFGS | iteration: 337, total loss=94167720001536.0000, content_loss=2539056054.6875, style loss=94165162500000.0000, tv loss=15020953.0000
L-BFGS | iteration: 338, total loss=93979009875968.0000, content_loss=2539994726.5625, style loss=93976453125000.0000, tv loss=15025534.0000
L-BFGS | iteration: 339, total loss=93815163584512.0000, content_loss=2539014453.1250, style loss=93812606250000.0000, tv loss=15034148.0000
L-BFGS | iteration: 340, total loss=93637744525312.0000, content_loss=2539550976.5625, style loss=93635184375000.0000, tv loss=15030100.0000
L-BFGS | iteration: 341, total loss=93491380092928.0000, content_loss=2540748242.1875, style loss=93488821875000.0000, tv loss=15042698.0000
L-BFGS | iteration: 342, total loss=93322047651840.0000, content_loss=2539812890.6250, style loss=93319490625000.0000, tv loss=15041295.0000
L-BFGS | iteration: 343, total loss=93137179508736.0000, content_loss=2541439648.4375, style loss=93134625000000.0000, tv loss=15046682.0000
L-BFGS | iteration: 344, total loss=92953200558080.0000, content_loss=2540721875.0000, style loss=92950640625000.0000, tv loss=15046920.0000
L-BFGS | iteration: 345, total loss=92746798858240.0000, content_loss=2542492968.7500, style loss=92744240625000.0000, tv loss=15057321.0000
L-BFGS | iteration: 346, total loss=92552963293184.0000, content_loss=2541796289.0625, style loss=92550403125000.0000, tv loss=15056266.0000
L-BFGS | iteration: 347, total loss=92385375682560.0000, content_loss=2543303320.3125, style loss=92382815625000.0000, tv loss=15065432.0000
L-BFGS | iteration: 348, total loss=92207210037248.0000, content_loss=2544013867.1875, style loss=92204653125000.0000, tv loss=15066090.0000
L-BFGS | iteration: 349, total loss=92082077171712.0000, content_loss=2542191210.9375, style loss=92079515625000.0000, tv loss=15072044.0000
L-BFGS | iteration: 350, total loss=91925654798336.0000, content_loss=2543257617.1875, style loss=91923093750000.0000, tv loss=15069908.0000
L-BFGS | iteration: 351, total loss=91793249009664.0000, content_loss=2544257421.8750, style loss=91790690625000.0000, tv loss=15074918.0000
L-BFGS | iteration: 352, total loss=91614940758016.0000, content_loss=2544270312.5000, style loss=91612378125000.0000, tv loss=15080521.0000
L-BFGS | iteration: 353, total loss=91436162744320.0000, content_loss=2545565429.6875, style loss=91433606250000.0000, tv loss=15084558.0000
L-BFGS | iteration: 354, total loss=91278121369600.0000, content_loss=2545160351.5625, style loss=91275562500000.0000, tv loss=15085532.0000
L-BFGS | iteration: 355, total loss=91097783074816.0000, content_loss=2545330664.0625, style loss=91095225000000.0000, tv loss=15090558.0000
L-BFGS | iteration: 356, total loss=90935958437888.0000, content_loss=2546195312.5000, style loss=90933393750000.0000, tv loss=15095094.0000
L-BFGS | iteration: 357, total loss=90784518897664.0000, content_loss=2546683398.4375, style loss=90781950000000.0000, tv loss=15100968.0000
L-BFGS | iteration: 358, total loss=90649093210112.0000, content_loss=2546857421.8750, style loss=90646528125000.0000, tv loss=15100221.0000
L-BFGS | iteration: 359, total loss=90547012239360.0000, content_loss=2547659375.0000, style loss=90544443750000.0000, tv loss=15112768.0000
L-BFGS | iteration: 360, total loss=90396763881472.0000, content_loss=2548457226.5625, style loss=90394200000000.0000, tv loss=15107373.0000
L-BFGS | iteration: 361, total loss=90278375456768.0000, content_loss=2548043164.0625, style loss=90275812500000.0000, tv loss=15107973.0000
L-BFGS | iteration: 362, total loss=90109294673920.0000, content_loss=2547815039.0625, style loss=90106725000000.0000, tv loss=15115985.0000
L-BFGS | iteration: 363, total loss=89955682484224.0000, content_loss=2549383398.4375, style loss=89953115625000.0000, tv loss=15118156.0000
L-BFGS | iteration: 364, total loss=89830096633856.0000, content_loss=2549090234.3750, style loss=89827528125000.0000, tv loss=15119942.0000
L-BFGS | iteration: 365, total loss=89669924552704.0000, content_loss=2549279687.5000, style loss=89667356250000.0000, tv loss=15129301.0000
L-BFGS | iteration: 366, total loss=89511908343808.0000, content_loss=2550753710.9375, style loss=89509340625000.0000, tv loss=15127422.0000
L-BFGS | iteration: 367, total loss=89367221633024.0000, content_loss=2550549218.7500, style loss=89364656250000.0000, tv loss=15138190.0000
L-BFGS | iteration: 368, total loss=89188292624384.0000, content_loss=2550645703.1250, style loss=89185725000000.0000, tv loss=15138516.0000
L-BFGS | iteration: 369, total loss=89026879029248.0000, content_loss=2552827343.7500, style loss=89024315625000.0000, tv loss=15147656.0000
L-BFGS | iteration: 370, total loss=88896117407744.0000, content_loss=2550561718.7500, style loss=88893553125000.0000, tv loss=15143492.0000
L-BFGS | iteration: 371, total loss=88776160313344.0000, content_loss=2552228320.3125, style loss=88773590625000.0000, tv loss=15151236.0000
L-BFGS | iteration: 372, total loss=88644979261440.0000, content_loss=2553955664.0625, style loss=88642415625000.0000, tv loss=15154660.0000
L-BFGS | iteration: 373, total loss=88547050651648.0000, content_loss=2552984765.6250, style loss=88544484375000.0000, tv loss=15159920.0000
L-BFGS | iteration: 374, total loss=88416507133952.0000, content_loss=2553328125.0000, style loss=88413937500000.0000, tv loss=15160292.0000
L-BFGS | iteration: 375, total loss=88285963616256.0000, content_loss=2554077929.6875, style loss=88283400000000.0000, tv loss=15163846.0000
L-BFGS | iteration: 376, total loss=88142182875136.0000, content_loss=2553837109.3750, style loss=88139615625000.0000, tv loss=15167845.0000
L-BFGS | iteration: 377, total loss=87995910717440.0000, content_loss=2554780664.0625, style loss=87993337500000.0000, tv loss=15172194.0000
L-BFGS | iteration: 378, total loss=87845293260800.0000, content_loss=2555127343.7500, style loss=87842718750000.0000, tv loss=15175534.0000
L-BFGS | iteration: 379, total loss=87701151809536.0000, content_loss=2555912304.6875, style loss=87698578125000.0000, tv loss=15181517.0000
L-BFGS | iteration: 380, total loss=87575373021184.0000, content_loss=2555879687.5000, style loss=87572793750000.0000, tv loss=15184537.0000
L-BFGS | iteration: 381, total loss=87442069651456.0000, content_loss=2556505078.1250, style loss=87439490625000.0000, tv loss=15187811.0000
L-BFGS | iteration: 382, total loss=87323949662208.0000, content_loss=2556002734.3750, style loss=87321375000000.0000, tv loss=15196718.0000
L-BFGS | iteration: 383, total loss=87188993736704.0000, content_loss=2556666406.2500, style loss=87186421875000.0000, tv loss=15191714.0000
L-BFGS | iteration: 384, total loss=87077123260416.0000, content_loss=2557911914.0625, style loss=87074550000000.0000, tv loss=15203742.0000
L-BFGS | iteration: 385, total loss=86939248099328.0000, content_loss=2557422265.6250, style loss=86936671875000.0000, tv loss=15207382.0000
L-BFGS | iteration: 386, total loss=86803931463680.0000, content_loss=2558833789.0625, style loss=86801353125000.0000, tv loss=15212526.0000
L-BFGS | iteration: 387, total loss=86680610537472.0000, content_loss=2558237109.3750, style loss=86678034375000.0000, tv loss=15210734.0000
L-BFGS | iteration: 388, total loss=86533851840512.0000, content_loss=2558410351.5625, style loss=86531278125000.0000, tv loss=15217585.0000
L-BFGS | iteration: 389, total loss=86382898839552.0000, content_loss=2558960546.8750, style loss=86380321875000.0000, tv loss=15219843.0000
L-BFGS | iteration: 390, total loss=86253512949760.0000, content_loss=2558791210.9375, style loss=86250937500000.0000, tv loss=15229415.0000
L-BFGS | iteration: 391, total loss=86124143837184.0000, content_loss=2559519140.6250, style loss=86121571875000.0000, tv loss=15228699.0000
L-BFGS | iteration: 392, total loss=86024797552640.0000, content_loss=2559676171.8750, style loss=86022225000000.0000, tv loss=15235744.0000
L-BFGS | iteration: 393, total loss=85906459459584.0000, content_loss=2560099609.3750, style loss=85903884375000.0000, tv loss=15237512.0000
L-BFGS | iteration: 394, total loss=85771780358144.0000, content_loss=2559855664.0625, style loss=85769203125000.0000, tv loss=15240488.0000
L-BFGS | iteration: 395, total loss=85633016004608.0000, content_loss=2560478125.0000, style loss=85630443750000.0000, tv loss=15244990.0000
L-BFGS | iteration: 396, total loss=85502866751488.0000, content_loss=2561080664.0625, style loss=85500290625000.0000, tv loss=15248254.0000
L-BFGS | iteration: 397, total loss=85369471107072.0000, content_loss=2561052148.4375, style loss=85366893750000.0000, tv loss=15251911.0000
L-BFGS | iteration: 398, total loss=85244933832704.0000, content_loss=2561922656.2500, style loss=85242356250000.0000, tv loss=15255914.0000
L-BFGS | iteration: 399, total loss=85123223519232.0000, content_loss=2561359570.3125, style loss=85120650000000.0000, tv loss=15261956.0000
L-BFGS | iteration: 400, total loss=85001605480448.0000, content_loss=2561950976.5625, style loss=84999028125000.0000, tv loss=15261431.0000
L-BFGS | iteration: 401, total loss=84902787678208.0000, content_loss=2562336523.4375, style loss=84900215625000.0000, tv loss=15273053.0000
L-BFGS | iteration: 402, total loss=84789281423360.0000, content_loss=2562167773.4375, style loss=84786703125000.0000, tv loss=15269782.0000
L-BFGS | iteration: 403, total loss=84693894561792.0000, content_loss=2562321289.0625, style loss=84691321875000.0000, tv loss=15273708.0000
L-BFGS | iteration: 404, total loss=84602098024448.0000, content_loss=2562840625.0000, style loss=84599512500000.0000, tv loss=15274991.0000
L-BFGS | iteration: 405, total loss=84489791340544.0000, content_loss=2562181250.0000, style loss=84487218750000.0000, tv loss=15279411.0000
L-BFGS | iteration: 406, total loss=84386359803904.0000, content_loss=2563942773.4375, style loss=84383775000000.0000, tv loss=15283138.0000
L-BFGS | iteration: 407, total loss=84293757960192.0000, content_loss=2563388671.8750, style loss=84291178125000.0000, tv loss=15284664.0000
L-BFGS | iteration: 408, total loss=84177735122944.0000, content_loss=2562950390.6250, style loss=84175153125000.0000, tv loss=15287806.0000
L-BFGS | iteration: 409, total loss=84065847869440.0000, content_loss=2564128906.2500, style loss=84063262500000.0000, tv loss=15289805.0000
L-BFGS | iteration: 410, total loss=83955252461568.0000, content_loss=2563835742.1875, style loss=83952665625000.0000, tv loss=15295668.0000
L-BFGS | iteration: 411, total loss=83827628179456.0000, content_loss=2564187304.6875, style loss=83825043750000.0000, tv loss=15297796.0000
L-BFGS | iteration: 412, total loss=83714272919552.0000, content_loss=2565162500.0000, style loss=83711690625000.0000, tv loss=15308135.0000
L-BFGS | iteration: 413, total loss=83603786563584.0000, content_loss=2564625000.0000, style loss=83601206250000.0000, tv loss=15302485.0000
L-BFGS | iteration: 414, total loss=83502435401728.0000, content_loss=2565283789.0625, style loss=83499853125000.0000, tv loss=15313436.0000
L-BFGS | iteration: 415, total loss=83397577801728.0000, content_loss=2565401562.5000, style loss=83394993750000.0000, tv loss=15313308.0000
L-BFGS | iteration: 416, total loss=83305336668160.0000, content_loss=2565856445.3125, style loss=83302753125000.0000, tv loss=15317966.0000
L-BFGS | iteration: 417, total loss=83204530765824.0000, content_loss=2566909179.6875, style loss=83201943750000.0000, tv loss=15319640.0000
L-BFGS | iteration: 418, total loss=83107298410496.0000, content_loss=2566104492.1875, style loss=83104715625000.0000, tv loss=15322764.0000
L-BFGS | iteration: 419, total loss=83008329613312.0000, content_loss=2567593554.6875, style loss=83005743750000.0000, tv loss=15328515.0000
L-BFGS | iteration: 420, total loss=82904394760192.0000, content_loss=2567471289.0625, style loss=82901812500000.0000, tv loss=15331038.0000
L-BFGS | iteration: 421, total loss=82783280037888.0000, content_loss=2567406250.0000, style loss=82780696875000.0000, tv loss=15334498.0000
L-BFGS | iteration: 422, total loss=82674026807296.0000, content_loss=2568395117.1875, style loss=82671440625000.0000, tv loss=15337460.0000
L-BFGS | iteration: 423, total loss=82576920281088.0000, content_loss=2568232031.2500, style loss=82574334375000.0000, tv loss=15342402.0000
L-BFGS | iteration: 424, total loss=82477154566144.0000, content_loss=2568497851.5625, style loss=82474575000000.0000, tv loss=15342931.0000
L-BFGS | iteration: 425, total loss=82376080228352.0000, content_loss=2568972265.6250, style loss=82373493750000.0000, tv loss=15352053.0000
L-BFGS | iteration: 426, total loss=82281674833920.0000, content_loss=2568856835.9375, style loss=82279087500000.0000, tv loss=15347518.0000
L-BFGS | iteration: 427, total loss=82196463353856.0000, content_loss=2569299609.3750, style loss=82193878125000.0000, tv loss=15358255.0000
L-BFGS | iteration: 428, total loss=82097385504768.0000, content_loss=2570173046.8750, style loss=82094803125000.0000, tv loss=15362316.0000
L-BFGS | iteration: 429, total loss=82010051706880.0000, content_loss=2569308593.7500, style loss=82007465625000.0000, tv loss=15360170.0000
L-BFGS | iteration: 430, total loss=81920067108864.0000, content_loss=2569491601.5625, style loss=81917484375000.0000, tv loss=15361160.0000
L-BFGS | iteration: 431, total loss=81815880597504.0000, content_loss=2569877929.6875, style loss=81813300000000.0000, tv loss=15368514.0000
L-BFGS | iteration: 432, total loss=81709345275904.0000, content_loss=2570199023.4375, style loss=81706762500000.0000, tv loss=15369891.0000
L-BFGS | iteration: 433, total loss=81608631648256.0000, content_loss=2570718164.0625, style loss=81606046875000.0000, tv loss=15375739.0000
L-BFGS | iteration: 434, total loss=81498271121408.0000, content_loss=2571121289.0625, style loss=81495675000000.0000, tv loss=15378311.0000
L-BFGS | iteration: 435, total loss=81400862605312.0000, content_loss=2570802734.3750, style loss=81398278125000.0000, tv loss=15382436.0000
L-BFGS | iteration: 436, total loss=81304695603200.0000, content_loss=2571861328.1250, style loss=81302100000000.0000, tv loss=15386384.0000
L-BFGS | iteration: 437, total loss=81208193056768.0000, content_loss=2571002343.7500, style loss=81205612500000.0000, tv loss=15388262.0000
L-BFGS | iteration: 438, total loss=81115775762432.0000, content_loss=2572292578.1250, style loss=81113184375000.0000, tv loss=15395477.0000
L-BFGS | iteration: 439, total loss=81025606615040.0000, content_loss=2572262500.0000, style loss=81023015625000.0000, tv loss=15395000.0000
L-BFGS | iteration: 440, total loss=80966978633728.0000, content_loss=2571640234.3750, style loss=80964384375000.0000, tv loss=15404675.0000
L-BFGS | iteration: 441, total loss=80867145809920.0000, content_loss=2573169726.5625, style loss=80864550000000.0000, tv loss=15401149.0000
L-BFGS | iteration: 442, total loss=80804835229696.0000, content_loss=2572900000.0000, style loss=80802243750000.0000, tv loss=15402439.0000
L-BFGS | iteration: 443, total loss=80712929640448.0000, content_loss=2572439453.1250, style loss=80710340625000.0000, tv loss=15409054.0000
L-BFGS | iteration: 444, total loss=80622508834816.0000, content_loss=2572986914.0625, style loss=80619918750000.0000, tv loss=15410686.0000
L-BFGS | iteration: 445, total loss=80526375387136.0000, content_loss=2573503125.0000, style loss=80523787500000.0000, tv loss=15412517.0000
L-BFGS | iteration: 446, total loss=80428564217856.0000, content_loss=2573391796.8750, style loss=80425968750000.0000, tv loss=15419659.0000
L-BFGS | iteration: 447, total loss=80334670528512.0000, content_loss=2574035156.2500, style loss=80332078125000.0000, tv loss=15419038.0000
L-BFGS | iteration: 448, total loss=80242454560768.0000, content_loss=2574419335.9375, style loss=80239865625000.0000, tv loss=15431073.0000
L-BFGS | iteration: 449, total loss=80152545460224.0000, content_loss=2574122070.3125, style loss=80149950000000.0000, tv loss=15426617.0000
L-BFGS | iteration: 450, total loss=80068726489088.0000, content_loss=2574693750.0000, style loss=80066137500000.0000, tv loss=15433105.0000
L-BFGS | iteration: 451, total loss=79992381767680.0000, content_loss=2574370507.8125, style loss=79989787500000.0000, tv loss=15438711.0000
L-BFGS | iteration: 452, total loss=79908898340864.0000, content_loss=2574170703.1250, style loss=79906303125000.0000, tv loss=15436644.0000
L-BFGS | iteration: 453, total loss=79841814642688.0000, content_loss=2574932812.5000, style loss=79839225000000.0000, tv loss=15449252.0000
L-BFGS | iteration: 454, total loss=79756477333504.0000, content_loss=2575332812.5000, style loss=79753884375000.0000, tv loss=15446622.0000
L-BFGS | iteration: 455, total loss=79686734446592.0000, content_loss=2574412109.3750, style loss=79684143750000.0000, tv loss=15446888.0000
L-BFGS | iteration: 456, total loss=79608091246592.0000, content_loss=2574714257.8125, style loss=79605496875000.0000, tv loss=15452393.0000
L-BFGS | iteration: 457, total loss=79518551244800.0000, content_loss=2575315234.3750, style loss=79515956250000.0000, tv loss=15457448.0000
