C:\Users\user\AppData\Roaming\Python\Python313\site-packages\torchvision\models\_utils.py:208: UserWarning: The parameter 'pretrained' is deprecated since 0.13 and may be removed in the future, please use 'weights' instead.
  warnings.warn(
C:\Users\user\AppData\Roaming\Python\Python313\site-packages\torchvision\models\_utils.py:223: UserWarning: Arguments other than a weight enum or `None` for 'weights' are deprecated since 0.13 and may be removed in the future. The current behavior is equivalent to passing `weights=VGG19_Weights.IMAGENET1K_V1`. You can also use `weights=VGG19_Weights.DEFAULT` to get the most up-to-date weights.
  warnings.warn(msg)
Using VGG19 in the optimization procedure.
L-BFGS | iteration: 000, total loss=36776915897417728.0000, content_loss=      0.0000, style loss=36776916000000000.0000, tv loss=3043441.0000
L-BFGS | iteration: 001, total loss=36776903012515840.0000, content_loss=     27.7871, style loss=36776901600000000.0000, tv loss=3043441.5000
L-BFGS | iteration: 002, total loss=36776838588006400.0000, content_loss=     34.8842, style loss=36776839200000000.0000, tv loss=3043445.0000
L-BFGS | iteration: 003, total loss=36776396206374912.0000, content_loss=     47.8533, style loss=36776397600000000.0000, tv loss=3043462.0000
L-BFGS | iteration: 004, total loss=36773939485081600.0000, content_loss=    141.5108, style loss=36773940000000000.0000, tv loss=3043557.0000
L-BFGS | iteration: 005, total loss=36760466172674048.0000, content_loss=   2201.8170, style loss=36760466400000000.0000, tv loss=3044079.5000
L-BFGS | iteration: 006, total loss=36689788190851072.0000, content_loss=  59781.4739, style loss=36689786400000000.0000, tv loss=3046954.0000
L-BFGS | iteration: 007, total loss=35908248024383488.0000, content_loss=10223461.1511, style loss=35908248000000000.0000, tv loss=3109963.2500
L-BFGS | iteration: 008, total loss=35050059871551488.0000, content_loss=40300173.9502, style loss=35050060800000000.0000, tv loss=3206246.5000
L-BFGS | iteration: 009, total loss=33810654716493824.0000, content_loss=110821362.3047, style loss=33810655200000000.0000, tv loss=3439795.5000
L-BFGS | iteration: 010, total loss=31842170273005568.0000, content_loss=247893066.4062, style loss=31842170400000000.0000, tv loss=3970733.2500
L-BFGS | iteration: 011, total loss=27937486655193088.0000, content_loss=577687792.9688, style loss=27937485600000000.0000, tv loss=5407021.0000
L-BFGS | iteration: 012, total loss=28902372533075968.0000, content_loss=1839711328.1250, style loss=28902369600000000.0000, tv loss=10001772.0000
L-BFGS | iteration: 013, total loss=24629895833321472.0000, content_loss=1161800585.9375, style loss=24629894400000000.0000, tv loss=7718911.0000
L-BFGS | iteration: 014, total loss=22805213337354240.0000, content_loss=1276048632.8125, style loss=22805210400000000.0000, tv loss=8928038.0000
L-BFGS | iteration: 015, total loss=19749835880005632.0000, content_loss=1229973339.8438, style loss=19749834000000000.0000, tv loss=8665303.0000
L-BFGS | iteration: 016, total loss=17232515819372544.0000, content_loss=1493947265.6250, style loss=17232514800000000.0000, tv loss=9107902.0000
L-BFGS | iteration: 017, total loss=15327355299954688.0000, content_loss=1780131640.6250, style loss=15327352800000000.0000, tv loss=9901221.0000
L-BFGS | iteration: 018, total loss=13710464395509760.0000, content_loss=1670198242.1875, style loss=13710462000000000.0000, tv loss=10173678.0000
L-BFGS | iteration: 019, total loss=12361378660614144.0000, content_loss=1885624218.7500, style loss=12361376400000000.0000, tv loss=10873180.0000
L-BFGS | iteration: 020, total loss=11117793428635648.0000, content_loss=1749377539.0625, style loss=11117791200000000.0000, tv loss=10845101.0000
L-BFGS | iteration: 021, total loss=9997283705749504.0000, content_loss=1974560546.8750, style loss=9997281600000000.0000, tv loss=11375386.0000
L-BFGS | iteration: 022, total loss=9066393567756288.0000, content_loss=1867491015.6250, style loss=9066391800000000.0000, tv loss=11391202.0000
L-BFGS | iteration: 023, total loss=8211255915446272.0000, content_loss=1955833984.3750, style loss=8211253800000000.0000, tv loss=11705578.0000
L-BFGS | iteration: 024, total loss=7459410079121408.0000, content_loss=1955816015.6250, style loss=7459408200000000.0000, tv loss=11936888.0000
L-BFGS | iteration: 025, total loss=6798277710184448.0000, content_loss=1989325195.3125, style loss=6798275400000000.0000, tv loss=12239552.0000
L-BFGS | iteration: 026, total loss=6217572361961472.0000, content_loss=2012745507.8125, style loss=6217570200000000.0000, tv loss=12433138.0000
L-BFGS | iteration: 027, total loss=5705746478006272.0000, content_loss=2024316796.8750, style loss=5705744400000000.0000, tv loss=12563738.0000
L-BFGS | iteration: 028, total loss=5260874302357504.0000, content_loss=2040001367.1875, style loss=5260872000000000.0000, tv loss=12708549.0000
L-BFGS | iteration: 029, total loss=4874337983135744.0000, content_loss=2058636523.4375, style loss=4874335800000000.0000, tv loss=12872739.0000
L-BFGS | iteration: 030, total loss=4533885589258240.0000, content_loss=2076022265.6250, style loss=4533883200000000.0000, tv loss=13002756.0000
L-BFGS | iteration: 031, total loss=4224329042624512.0000, content_loss=2090081445.3125, style loss=4224327000000000.0000, tv loss=13102009.0000
L-BFGS | iteration: 032, total loss=3949974853255168.0000, content_loss=2102076953.1250, style loss=3949972800000000.0000, tv loss=13203535.0000
L-BFGS | iteration: 033, total loss=3704319098486784.0000, content_loss=2123312500.0000, style loss=3704316900000000.0000, tv loss=13313196.0000
L-BFGS | iteration: 034, total loss=3482214528450560.0000, content_loss=2121048632.8125, style loss=3482212500000000.0000, tv loss=13367856.0000
L-BFGS | iteration: 035, total loss=3277643357093888.0000, content_loss=2163294726.5625, style loss=3277641300000000.0000, tv loss=13503323.0000
L-BFGS | iteration: 036, total loss=3096531028672512.0000, content_loss=2113921484.3750, style loss=3096528900000000.0000, tv loss=13470476.0000
L-BFGS | iteration: 037, total loss=2935960186650624.0000, content_loss=2212648242.1875, style loss=2935958100000000.0000, tv loss=13724242.0000
L-BFGS | iteration: 038, total loss=2792671756156928.0000, content_loss=2122127343.7500, style loss=2792669700000000.0000, tv loss=13577204.0000
L-BFGS | iteration: 039, total loss=2643817853353984.0000, content_loss=2169395312.5000, style loss=2643815700000000.0000, tv loss=13686726.0000
L-BFGS | iteration: 040, total loss=2515100636282880.0000, content_loss=2185257226.5625, style loss=2515098450000000.0000, tv loss=13760204.0000
L-BFGS | iteration: 041, total loss=2388823229071360.0000, content_loss=2186025390.6250, style loss=2388821100000000.0000, tv loss=13811158.0000
L-BFGS | iteration: 042, total loss=2269992758280192.0000, content_loss=2207452929.6875, style loss=2269990650000000.0000, tv loss=13879130.0000
L-BFGS | iteration: 043, total loss=2160867839836160.0000, content_loss=2200784179.6875, style loss=2160865650000000.0000, tv loss=13878128.0000
L-BFGS | iteration: 044, total loss=2058262547529728.0000, content_loss=2216128906.2500, style loss=2058260250000000.0000, tv loss=13937842.0000
L-BFGS | iteration: 045, total loss=1963658645078016.0000, content_loss=2210151562.5000, style loss=1963656450000000.0000, tv loss=13931055.0000
L-BFGS | iteration: 046, total loss=1875664563077120.0000, content_loss=2230333398.4375, style loss=1875662250000000.0000, tv loss=13991640.0000
L-BFGS | iteration: 047, total loss=1793749873065984.0000, content_loss=2209632031.2500, style loss=1793747700000000.0000, tv loss=13970714.0000
L-BFGS | iteration: 048, total loss=1718339911024640.0000, content_loss=2246999218.7500, style loss=1718337600000000.0000, tv loss=14051808.0000
L-BFGS | iteration: 049, total loss=1651568604610560.0000, content_loss=2205106835.9375, style loss=1651566450000000.0000, tv loss=13976914.0000
L-BFGS | iteration: 050, total loss=1584981042266112.0000, content_loss=2249285742.1875, style loss=1584978750000000.0000, tv loss=14100781.0000
L-BFGS | iteration: 051, total loss=1524412339716096.0000, content_loss=2219913281.2500, style loss=1524410100000000.0000, tv loss=14015186.0000
L-BFGS | iteration: 052, total loss=1464936974778368.0000, content_loss=2239415039.0625, style loss=1464934650000000.0000, tv loss=14093684.0000
L-BFGS | iteration: 053, total loss=1407914707255296.0000, content_loss=2237940234.3750, style loss=1407912450000000.0000, tv loss=14062644.0000
L-BFGS | iteration: 054, total loss=1353400969068544.0000, content_loss=2239287500.0000, style loss=1353398700000000.0000, tv loss=14122257.0000
L-BFGS | iteration: 055, total loss=1300528847912960.0000, content_loss=2245796093.7500, style loss=1300526550000000.0000, tv loss=14087771.0000
L-BFGS | iteration: 056, total loss=1251565415432192.0000, content_loss=2247248046.8750, style loss=1251563175000000.0000, tv loss=14144413.0000
L-BFGS | iteration: 057, total loss=1203096977932288.0000, content_loss=2246040039.0625, style loss=1203094725000000.0000, tv loss=14093667.0000
L-BFGS | iteration: 058, total loss=1157866274684928.0000, content_loss=2263282421.8750, style loss=1157864025000000.0000, tv loss=14155151.0000
L-BFGS | iteration: 059, total loss=1116342061105152.0000, content_loss=2246953320.3125, style loss=1116339825000000.0000, tv loss=14103971.0000
L-BFGS | iteration: 060, total loss=1076158481301504.0000, content_loss=2274810742.1875, style loss=1076156175000000.0000, tv loss=14183002.0000
L-BFGS | iteration: 061, total loss=1038912390692864.0000, content_loss=2253656640.6250, style loss=1038910125000000.0000, tv loss=14109072.0000
L-BFGS | iteration: 062, total loss=1004278311288832.0000, content_loss=2281782617.1875, style loss=1004276025000000.0000, tv loss=14176780.0000
L-BFGS | iteration: 063, total loss=971725277757440.0000, content_loss=2269725390.6250, style loss=971723025000000.0000, tv loss=14150163.0000
L-BFGS | iteration: 064, total loss=938420490731520.0000, content_loss=2285813476.5625, style loss=938418225000000.0000, tv loss=14151586.0000
L-BFGS | iteration: 065, total loss=908024805851136.0000, content_loss=2278277734.3750, style loss=908022525000000.0000, tv loss=14175663.0000
L-BFGS | iteration: 066, total loss=877761056997376.0000, content_loss=2294986718.7500, style loss=877758750000000.0000, tv loss=14156751.0000
L-BFGS | iteration: 067, total loss=851776840400896.0000, content_loss=2279254882.8125, style loss=851774550000000.0000, tv loss=14207902.0000
L-BFGS | iteration: 068, total loss=826327615668224.0000, content_loss=2296547460.9375, style loss=826325325000000.0000, tv loss=14149624.0000
L-BFGS | iteration: 069, total loss=802632683749376.0000, content_loss=2299053906.2500, style loss=802630425000000.0000, tv loss=14217116.0000
L-BFGS | iteration: 070, total loss=774702712750080.0000, content_loss=2285627734.3750, style loss=774700425000000.0000, tv loss=14172382.0000
L-BFGS | iteration: 071, total loss=751673299435520.0000, content_loss=2316129296.8750, style loss=751670925000000.0000, tv loss=14205289.0000
L-BFGS | iteration: 072, total loss=732981601763328.0000, content_loss=2284949414.0625, style loss=732979350000000.0000, tv loss=14150214.0000
L-BFGS | iteration: 073, total loss=711558640435200.0000, content_loss=2297742187.5000, style loss=711556350000000.0000, tv loss=14157583.0000
L-BFGS | iteration: 074, total loss=692505829965824.0000, content_loss=2313310937.5000, style loss=692503575000000.0000, tv loss=14188206.0000
L-BFGS | iteration: 075, total loss=671388281077760.0000, content_loss=2303549023.4375, style loss=671385975000000.0000, tv loss=14171008.0000
L-BFGS | iteration: 076, total loss=651920335175680.0000, content_loss=2327140625.0000, style loss=651918000000000.0000, tv loss=14216732.0000
L-BFGS | iteration: 077, total loss=633999785459712.0000, content_loss=2308302343.7500, style loss=633997500000000.0000, tv loss=14162278.0000
L-BFGS | iteration: 078, total loss=616664022384640.0000, content_loss=2324809960.9375, style loss=616661700000000.0000, tv loss=14199348.0000
L-BFGS | iteration: 079, total loss=599357585883136.0000, content_loss=2316600195.3125, style loss=599355262500000.0000, tv loss=14159944.0000
L-BFGS | iteration: 080, total loss=582878735892480.0000, content_loss=2322694921.8750, style loss=582876375000000.0000, tv loss=14196838.0000
L-BFGS | iteration: 081, total loss=565831742259200.0000, content_loss=2330370898.4375, style loss=565829400000000.0000, tv loss=14170093.0000
L-BFGS | iteration: 082, total loss=554559097274368.0000, content_loss=2315204882.8125, style loss=554556787500000.0000, tv loss=14195188.0000
L-BFGS | iteration: 083, total loss=539169793245184.0000, content_loss=2325485156.2500, style loss=539167462500000.0000, tv loss=14184178.0000
L-BFGS | iteration: 084, total loss=527646328881152.0000, content_loss=2329985937.5000, style loss=527644012500000.0000, tv loss=14158740.0000
L-BFGS | iteration: 085, total loss=512715781046272.0000, content_loss=2329058398.4375, style loss=512713462500000.0000, tv loss=14187170.0000
L-BFGS | iteration: 086, total loss=498885516591104.0000, content_loss=2342343554.6875, style loss=498883162500000.0000, tv loss=14162973.0000
L-BFGS | iteration: 087, total loss=488042301227008.0000, content_loss=2338822460.9375, style loss=488039962500000.0000, tv loss=14173065.0000
L-BFGS | iteration: 088, total loss=474636735217664.0000, content_loss=2340035937.5000, style loss=474634387500000.0000, tv loss=14173628.0000
L-BFGS | iteration: 089, total loss=462356316422144.0000, content_loss=2345546484.3750, style loss=462353962500000.0000, tv loss=14169716.0000
L-BFGS | iteration: 090, total loss=450480664739840.0000, content_loss=2346564843.7500, style loss=450478312500000.0000, tv loss=14171296.0000
L-BFGS | iteration: 091, total loss=438284635340800.0000, content_loss=2351999609.3750, style loss=438282300000000.0000, tv loss=14174838.0000
L-BFGS | iteration: 092, total loss=429346909061120.0000, content_loss=2354792773.4375, style loss=429344550000000.0000, tv loss=14154772.0000
L-BFGS | iteration: 093, total loss=418857323855872.0000, content_loss=2360125976.5625, style loss=418854975000000.0000, tv loss=14154868.0000
L-BFGS | iteration: 094, total loss=410668834488320.0000, content_loss=2352028125.0000, style loss=410666475000000.0000, tv loss=14167559.0000
L-BFGS | iteration: 095, total loss=401246045339648.0000, content_loss=2365640039.0625, style loss=401243662500000.0000, tv loss=14163061.0000
L-BFGS | iteration: 096, total loss=393180667183104.0000, content_loss=2357064257.8125, style loss=393178312500000.0000, tv loss=14157006.0000
L-BFGS | iteration: 097, total loss=384923592556544.0000, content_loss=2371970703.1250, style loss=384921225000000.0000, tv loss=14167732.0000
L-BFGS | iteration: 098, total loss=378214518095872.0000, content_loss=2352077929.6875, style loss=378212175000000.0000, tv loss=14108522.0000
L-BFGS | iteration: 099, total loss=373144711856128.0000, content_loss=2378605273.4375, style loss=373142325000000.0000, tv loss=14202650.0000
L-BFGS | iteration: 100, total loss=366746418544640.0000, content_loss=2381795117.1875, style loss=366744037500000.0000, tv loss=14151214.0000
L-BFGS | iteration: 101, total loss=363375372533760.0000, content_loss=2357079492.1875, style loss=363373012500000.0000, tv loss=14102331.0000
L-BFGS | iteration: 102, total loss=357094855278592.0000, content_loss=2364580468.7500, style loss=357092512500000.0000, tv loss=14128240.0000
L-BFGS | iteration: 103, total loss=352231039696896.0000, content_loss=2376158593.7500, style loss=352228650000000.0000, tv loss=14148965.0000
L-BFGS | iteration: 104, total loss=346120811184128.0000, content_loss=2381264453.1250, style loss=346118437500000.0000, tv loss=14155731.0000
L-BFGS | iteration: 105, total loss=338915802218496.0000, content_loss=2384559960.9375, style loss=338913412500000.0000, tv loss=14148940.0000
L-BFGS | iteration: 106, total loss=331852527173632.0000, content_loss=2385724023.4375, style loss=331850137500000.0000, tv loss=14147163.0000
L-BFGS | iteration: 107, total loss=326262358802432.0000, content_loss=2386362500.0000, style loss=326259975000000.0000, tv loss=14117417.0000
L-BFGS | iteration: 108, total loss=320929284489216.0000, content_loss=2389064648.4375, style loss=320926912500000.0000, tv loss=14117538.0000
L-BFGS | iteration: 109, total loss=319092481327104.0000, content_loss=2381441601.5625, style loss=319090087500000.0000, tv loss=14148594.0000
L-BFGS | iteration: 110, total loss=313094123290624.0000, content_loss=2389763476.5625, style loss=313091756250000.0000, tv loss=14137064.0000
L-BFGS | iteration: 111, total loss=309573323849728.0000, content_loss=2391944726.5625, style loss=309570956250000.0000, tv loss=14118551.0000
L-BFGS | iteration: 112, total loss=304331282710528.0000, content_loss=2393008398.4375, style loss=304328887500000.0000, tv loss=14118175.0000
L-BFGS | iteration: 113, total loss=298707157254144.0000, content_loss=2400421679.6875, style loss=298704731250000.0000, tv loss=14099754.0000
L-BFGS | iteration: 114, total loss=294177980022784.0000, content_loss=2400116015.6250, style loss=294175556250000.0000, tv loss=14114686.0000
L-BFGS | iteration: 115, total loss=289176624824320.0000, content_loss=2401350585.9375, style loss=289174200000000.0000, tv loss=14089681.0000
L-BFGS | iteration: 116, total loss=285737261989888.0000, content_loss=2407753515.6250, style loss=285734831250000.0000, tv loss=14098442.0000
L-BFGS | iteration: 117, total loss=281492223688704.0000, content_loss=2409239453.1250, style loss=281489793750000.0000, tv loss=14104420.0000
L-BFGS | iteration: 118, total loss=278050193276928.0000, content_loss=2404301953.1250, style loss=278047781250000.0000, tv loss=14083522.0000
L-BFGS | iteration: 119, total loss=274372728193024.0000, content_loss=2415169921.8750, style loss=274370287500000.0000, tv loss=14088465.0000
L-BFGS | iteration: 120, total loss=271285368127488.0000, content_loss=2408312500.0000, style loss=271282931250000.0000, tv loss=14080772.0000
L-BFGS | iteration: 121, total loss=267548494921728.0000, content_loss=2414132031.2500, style loss=267546056250000.0000, tv loss=14085668.0000
L-BFGS | iteration: 122, total loss=263622609600512.0000, content_loss=2412306640.6250, style loss=263620181250000.0000, tv loss=14060662.0000
L-BFGS | iteration: 123, total loss=260520955346944.0000, content_loss=2425597460.9375, style loss=260518500000000.0000, tv loss=14105392.0000
L-BFGS | iteration: 124, total loss=257322177789952.0000, content_loss=2418184960.9375, style loss=257319750000000.0000, tv loss=14056306.0000
L-BFGS | iteration: 125, total loss=255280172498944.0000, content_loss=2417462500.0000, style loss=255277743750000.0000, tv loss=14058860.0000
L-BFGS | iteration: 126, total loss=252157982932992.0000, content_loss=2425377148.4375, style loss=252155531250000.0000, tv loss=14071874.0000
L-BFGS | iteration: 127, total loss=249623214030848.0000, content_loss=2421208789.0625, style loss=249620775000000.0000, tv loss=14068120.0000
L-BFGS | iteration: 128, total loss=246173331881984.0000, content_loss=2425369531.2500, style loss=246170887500000.0000, tv loss=14067430.0000
L-BFGS | iteration: 129, total loss=242402954575872.0000, content_loss=2426033398.4375, style loss=242400506250000.0000, tv loss=14061721.0000
L-BFGS | iteration: 130, total loss=238918796574720.0000, content_loss=2433129101.5625, style loss=238916343750000.0000, tv loss=14061249.0000
L-BFGS | iteration: 131, total loss=235845814583296.0000, content_loss=2426124804.6875, style loss=235843368750000.0000, tv loss=14043799.0000
L-BFGS | iteration: 132, total loss=233433368363008.0000, content_loss=2433175781.2500, style loss=233430918750000.0000, tv loss=14055785.0000
L-BFGS | iteration: 133, total loss=230928244801536.0000, content_loss=2438836328.1250, style loss=230925787500000.0000, tv loss=14050792.0000
L-BFGS | iteration: 134, total loss=231214950645760.0000, content_loss=2425591406.2500, style loss=231212493750000.0000, tv loss=14065255.0000
L-BFGS | iteration: 135, total loss=229495470555136.0000, content_loss=2432674414.0625, style loss=229493025000000.0000, tv loss=14056260.0000
L-BFGS | iteration: 136, total loss=227132282241024.0000, content_loss=2432238281.2500, style loss=227129831250000.0000, tv loss=14055106.0000
L-BFGS | iteration: 137, total loss=224483394715648.0000, content_loss=2438087695.3125, style loss=224480943750000.0000, tv loss=14050394.0000
L-BFGS | iteration: 138, total loss=221779159154688.0000, content_loss=2439115234.3750, style loss=221776706250000.0000, tv loss=14057567.0000
L-BFGS | iteration: 139, total loss=219146444865536.0000, content_loss=2444320117.1875, style loss=219143981250000.0000, tv loss=14044708.0000
L-BFGS | iteration: 140, total loss=216589899137024.0000, content_loss=2443767382.8125, style loss=216587437500000.0000, tv loss=14045610.0000
L-BFGS | iteration: 141, total loss=214812940304384.0000, content_loss=2443350390.6250, style loss=214810481250000.0000, tv loss=14048466.0000
L-BFGS | iteration: 142, total loss=212730803912704.0000, content_loss=2446375585.9375, style loss=212728331250000.0000, tv loss=14036100.0000
L-BFGS | iteration: 143, total loss=211514791297024.0000, content_loss=2443142187.5000, style loss=211512318750000.0000, tv loss=14057015.0000
L-BFGS | iteration: 144, total loss=209174302556160.0000, content_loss=2446700976.5625, style loss=209171831250000.0000, tv loss=14046923.0000
L-BFGS | iteration: 145, total loss=207650226700288.0000, content_loss=2449510546.8750, style loss=207647756250000.0000, tv loss=14040174.0000
L-BFGS | iteration: 146, total loss=205782670901248.0000, content_loss=2450394921.8750, style loss=205780200000000.0000, tv loss=14039146.0000
L-BFGS | iteration: 147, total loss=203666074107904.0000, content_loss=2453100000.0000, style loss=203663606250000.0000, tv loss=14042961.0000
L-BFGS | iteration: 148, total loss=201320954855424.0000, content_loss=2450746093.7500, style loss=201318487500000.0000, tv loss=14033854.0000
L-BFGS | iteration: 149, total loss=199528074444800.0000, content_loss=2463749414.0625, style loss=199525593750000.0000, tv loss=14055308.0000
L-BFGS | iteration: 150, total loss=197947174158336.0000, content_loss=2453582031.2500, style loss=197944706250000.0000, tv loss=14031766.0000
L-BFGS | iteration: 151, total loss=196770218901504.0000, content_loss=2454165625.0000, style loss=196767750000000.0000, tv loss=14029155.0000
L-BFGS | iteration: 152, total loss=195644971024384.0000, content_loss=2453666796.8750, style loss=195642506250000.0000, tv loss=14045240.0000
L-BFGS | iteration: 153, total loss=193648465543168.0000, content_loss=2459484179.6875, style loss=193645987500000.0000, tv loss=14032984.0000
L-BFGS | iteration: 154, total loss=192496759996416.0000, content_loss=2460042382.8125, style loss=192494268750000.0000, tv loss=14035502.0000
L-BFGS | iteration: 155, total loss=190757013028864.0000, content_loss=2457165820.3125, style loss=190754550000000.0000, tv loss=14033855.0000
L-BFGS | iteration: 156, total loss=189058605121536.0000, content_loss=2463777343.7500, style loss=189056118750000.0000, tv loss=14044432.0000
L-BFGS | iteration: 157, total loss=187721242902528.0000, content_loss=2463270117.1875, style loss=187718756250000.0000, tv loss=14034806.0000
L-BFGS | iteration: 158, total loss=185879909892096.0000, content_loss=2462282812.5000, style loss=185877431250000.0000, tv loss=14034304.0000
L-BFGS | iteration: 159, total loss=184344727519232.0000, content_loss=2466080859.3750, style loss=184342237500000.0000, tv loss=14028160.0000
L-BFGS | iteration: 160, total loss=183254007152640.0000, content_loss=2468324414.0625, style loss=183251531250000.0000, tv loss=14047212.0000
L-BFGS | iteration: 161, total loss=181707231723520.0000, content_loss=2467314062.5000, style loss=181704750000000.0000, tv loss=14046390.0000
L-BFGS | iteration: 162, total loss=180190521065472.0000, content_loss=2470751171.8750, style loss=180188043750000.0000, tv loss=14052346.0000
L-BFGS | iteration: 163, total loss=178845659430912.0000, content_loss=2469312500.0000, style loss=178843181250000.0000, tv loss=14034919.0000
L-BFGS | iteration: 164, total loss=177473954250752.0000, content_loss=2470282812.5000, style loss=177471468750000.0000, tv loss=14045696.0000
L-BFGS | iteration: 165, total loss=175945113665536.0000, content_loss=2476244726.5625, style loss=175942612500000.0000, tv loss=14049537.0000
L-BFGS | iteration: 166, total loss=174891269619712.0000, content_loss=2469057812.5000, style loss=174888787500000.0000, tv loss=14040997.0000
L-BFGS | iteration: 167, total loss=173744026812416.0000, content_loss=2470615429.6875, style loss=173741550000000.0000, tv loss=14040250.0000
L-BFGS | iteration: 168, total loss=172497026678784.0000, content_loss=2476667382.8125, style loss=172494525000000.0000, tv loss=14054082.0000
L-BFGS | iteration: 169, total loss=171243550539776.0000, content_loss=2474005468.7500, style loss=171241068750000.0000, tv loss=14053330.0000
L-BFGS | iteration: 170, total loss=170026178969600.0000, content_loss=2478761718.7500, style loss=170023687500000.0000, tv loss=14052386.0000
L-BFGS | iteration: 171, total loss=168644206133248.0000, content_loss=2477103125.0000, style loss=168641700000000.0000, tv loss=14050406.0000
L-BFGS | iteration: 172, total loss=167413916106752.0000, content_loss=2479470312.5000, style loss=167411418750000.0000, tv loss=14055090.0000
L-BFGS | iteration: 173, total loss=166062729461760.0000, content_loss=2477802343.7500, style loss=166060237500000.0000, tv loss=14049654.0000
L-BFGS | iteration: 174, total loss=165066045390848.0000, content_loss=2482288671.8750, style loss=165063543750000.0000, tv loss=14064062.0000
L-BFGS | iteration: 175, total loss=164134205259776.0000, content_loss=2481817773.4375, style loss=164131706250000.0000, tv loss=14057897.0000
L-BFGS | iteration: 176, total loss=163425837645824.0000, content_loss=2478219335.9375, style loss=163423331250000.0000, tv loss=14062903.0000
L-BFGS | iteration: 177, total loss=162390599532544.0000, content_loss=2483722851.5625, style loss=162388106250000.0000, tv loss=14053774.0000
L-BFGS | iteration: 178, total loss=161567559647232.0000, content_loss=2484746875.0000, style loss=161565056250000.0000, tv loss=14064893.0000
L-BFGS | iteration: 179, total loss=160557420249088.0000, content_loss=2483847460.9375, style loss=160554918750000.0000, tv loss=14068805.0000
L-BFGS | iteration: 180, total loss=159488174718976.0000, content_loss=2484971679.6875, style loss=159485681250000.0000, tv loss=14071507.0000
L-BFGS | iteration: 181, total loss=158354336907264.0000, content_loss=2486227539.0625, style loss=158351831250000.0000, tv loss=14064739.0000
L-BFGS | iteration: 182, total loss=157144884183040.0000, content_loss=2487590039.0625, style loss=157142390625000.0000, tv loss=14083588.0000
L-BFGS | iteration: 183, total loss=156087600807936.0000, content_loss=2488351757.8125, style loss=156085096875000.0000, tv loss=14069584.0000
L-BFGS | iteration: 184, total loss=155206142656512.0000, content_loss=2490607617.1875, style loss=155203650000000.0000, tv loss=14075870.0000
L-BFGS | iteration: 185, total loss=154265360269312.0000, content_loss=2488807812.5000, style loss=154262868750000.0000, tv loss=14085208.0000
L-BFGS | iteration: 186, total loss=153246496718848.0000, content_loss=2492770312.5000, style loss=153243975000000.0000, tv loss=14088197.0000
L-BFGS | iteration: 187, total loss=152536266833920.0000, content_loss=2487503710.9375, style loss=152533771875000.0000, tv loss=14091033.0000
L-BFGS | iteration: 188, total loss=151644775907328.0000, content_loss=2489753515.6250, style loss=151642275000000.0000, tv loss=14083075.0000
L-BFGS | iteration: 189, total loss=150942263541760.0000, content_loss=2496923046.8750, style loss=150939740625000.0000, tv loss=14098116.0000
L-BFGS | iteration: 190, total loss=150298840530944.0000, content_loss=2494915820.3125, style loss=150296315625000.0000, tv loss=14097228.0000
L-BFGS | iteration: 191, total loss=149215300812800.0000, content_loss=2494464257.8125, style loss=149212790625000.0000, tv loss=14103298.0000
L-BFGS | iteration: 192, total loss=148110521139200.0000, content_loss=2495216210.9375, style loss=148108003125000.0000, tv loss=14099204.0000
L-BFGS | iteration: 193, total loss=147220540162048.0000, content_loss=2496567382.8125, style loss=147218015625000.0000, tv loss=14111944.0000
L-BFGS | iteration: 194, total loss=146343729299456.0000, content_loss=2497512890.6250, style loss=146341218750000.0000, tv loss=14107822.0000
L-BFGS | iteration: 195, total loss=145712469770240.0000, content_loss=2496174609.3750, style loss=145709953125000.0000, tv loss=14118481.0000
L-BFGS | iteration: 196, total loss=144860287860736.0000, content_loss=2498574023.4375, style loss=144857765625000.0000, tv loss=14122482.0000
L-BFGS | iteration: 197, total loss=144022668574720.0000, content_loss=2497633789.0625, style loss=144020146875000.0000, tv loss=14120258.0000
L-BFGS | iteration: 198, total loss=143126983344128.0000, content_loss=2500090039.0625, style loss=143124468750000.0000, tv loss=14130148.0000
L-BFGS | iteration: 199, total loss=142319110062080.0000, content_loss=2497874609.3750, style loss=142316596875000.0000, tv loss=14127858.0000
L-BFGS | iteration: 200, total loss=141544824766464.0000, content_loss=2501378320.3125, style loss=141542315625000.0000, tv loss=14135443.0000
L-BFGS | iteration: 201, total loss=140752772399104.0000, content_loss=2500411328.1250, style loss=140750250000000.0000, tv loss=14138813.0000
L-BFGS | iteration: 202, total loss=139864762744832.0000, content_loss=2504292968.7500, style loss=139862240625000.0000, tv loss=14144930.0000
L-BFGS | iteration: 203, total loss=139254667673600.0000, content_loss=2497887890.6250, style loss=139252153125000.0000, tv loss=14150448.0000
L-BFGS | iteration: 204, total loss=138586867367936.0000, content_loss=2500526367.1875, style loss=138584353125000.0000, tv loss=14139985.0000
L-BFGS | iteration: 205, total loss=138014403592192.0000, content_loss=2506707031.2500, style loss=138011878125000.0000, tv loss=14162138.0000
L-BFGS | iteration: 206, total loss=137577264840704.0000, content_loss=2504777148.4375, style loss=137574740625000.0000, tv loss=14157638.0000
L-BFGS | iteration: 207, total loss=136720485974016.0000, content_loss=2503025000.0000, style loss=136717968750000.0000, tv loss=14158360.0000
L-BFGS | iteration: 208, total loss=135946225844224.0000, content_loss=2504963281.2500, style loss=135943696875000.0000, tv loss=14159742.0000
L-BFGS | iteration: 209, total loss=135067871477760.0000, content_loss=2506014843.7500, style loss=135065343750000.0000, tv loss=14171062.0000
L-BFGS | iteration: 210, total loss=134291212206080.0000, content_loss=2508917968.7500, style loss=134288690625000.0000, tv loss=14162493.0000
L-BFGS | iteration: 211, total loss=133599965741056.0000, content_loss=2507866210.9375, style loss=133597443750000.0000, tv loss=14179195.0000
L-BFGS | iteration: 212, total loss=133043868139520.0000, content_loss=2508843359.3750, style loss=133041346875000.0000, tv loss=14187072.0000
L-BFGS | iteration: 213, total loss=132226272460800.0000, content_loss=2508158398.4375, style loss=132223743750000.0000, tv loss=14184953.0000
L-BFGS | iteration: 214, total loss=131654580436992.0000, content_loss=2514248437.5000, style loss=131652046875000.0000, tv loss=14207298.0000
L-BFGS | iteration: 215, total loss=131100638707712.0000, content_loss=2510362890.6250, style loss=131098115625000.0000, tv loss=14198523.0000
L-BFGS | iteration: 216, total loss=130670361837568.0000, content_loss=2507773437.5000, style loss=130667840625000.0000, tv loss=14178578.0000
L-BFGS | iteration: 217, total loss=130579387383808.0000, content_loss=2508134960.9375, style loss=130576865625000.0000, tv loss=14203582.0000
L-BFGS | iteration: 218, total loss=130362978074624.0000, content_loss=2508400000.0000, style loss=130360453125000.0000, tv loss=14192220.0000
L-BFGS | iteration: 219, total loss=129799053901824.0000, content_loss=2512586523.4375, style loss=129796518750000.0000, tv loss=14206831.0000
L-BFGS | iteration: 220, total loss=129269640462336.0000, content_loss=2513808398.4375, style loss=129267103125000.0000, tv loss=14212678.0000
L-BFGS | iteration: 221, total loss=128534102147072.0000, content_loss=2512948437.5000, style loss=128531568750000.0000, tv loss=14221483.0000
L-BFGS | iteration: 222, total loss=127823863873536.0000, content_loss=2516116601.5625, style loss=127821328125000.0000, tv loss=14223312.0000
L-BFGS | iteration: 223, total loss=127281481646080.0000, content_loss=2513508007.8125, style loss=127278946875000.0000, tv loss=14229436.0000
L-BFGS | iteration: 224, total loss=126593808728064.0000, content_loss=2514730078.1250, style loss=126591271875000.0000, tv loss=14226540.0000
L-BFGS | iteration: 225, total loss=126099476447232.0000, content_loss=2516061914.0625, style loss=126096946875000.0000, tv loss=14240524.0000
L-BFGS | iteration: 226, total loss=125498583678976.0000, content_loss=2517585742.1875, style loss=125496046875000.0000, tv loss=14239535.0000
L-BFGS | iteration: 227, total loss=125007816556544.0000, content_loss=2517900585.9375, style loss=125005284375000.0000, tv loss=14244865.0000
L-BFGS | iteration: 228, total loss=124381372088320.0000, content_loss=2517484570.3125, style loss=124378837500000.0000, tv loss=14250696.0000
L-BFGS | iteration: 229, total loss=123803355054080.0000, content_loss=2521647460.9375, style loss=123800812500000.0000, tv loss=14255413.0000
L-BFGS | iteration: 230, total loss=123299199713280.0000, content_loss=2519589843.7500, style loss=123296662500000.0000, tv loss=14259056.0000
L-BFGS | iteration: 231, total loss=122782100750336.0000, content_loss=2520133593.7500, style loss=122779565625000.0000, tv loss=14261948.0000
L-BFGS | iteration: 232, total loss=122197129560064.0000, content_loss=2521376562.5000, style loss=122194584375000.0000, tv loss=14274270.0000
L-BFGS | iteration: 233, total loss=121707394236416.0000, content_loss=2522245117.1875, style loss=121704853125000.0000, tv loss=14265594.0000
L-BFGS | iteration: 234, total loss=121246784159744.0000, content_loss=2523380078.1250, style loss=121244240625000.0000, tv loss=14282572.0000
L-BFGS | iteration: 235, total loss=120793153404928.0000, content_loss=2524380664.0625, style loss=120790612500000.0000, tv loss=14288361.0000
L-BFGS | iteration: 236, total loss=120250360135680.0000, content_loss=2523987890.6250, style loss=120247818750000.0000, tv loss=14288952.0000
L-BFGS | iteration: 237, total loss=119645298229248.0000, content_loss=2527098046.8750, style loss=119642756250000.0000, tv loss=14300305.0000
L-BFGS | iteration: 238, total loss=119182255456256.0000, content_loss=2521439257.8125, style loss=119179715625000.0000, tv loss=14293168.0000
L-BFGS | iteration: 239, total loss=118699415568384.0000, content_loss=2524918359.3750, style loss=118696875000000.0000, tv loss=14295791.0000
L-BFGS | iteration: 240, total loss=118343721811968.0000, content_loss=2527419921.8750, style loss=118341178125000.0000, tv loss=14314832.0000
L-BFGS | iteration: 241, total loss=117865596321792.0000, content_loss=2526755468.7500, style loss=117863053125000.0000, tv loss=14315091.0000
L-BFGS | iteration: 242, total loss=117360300130304.0000, content_loss=2530771484.3750, style loss=117357750000000.0000, tv loss=14323208.0000
L-BFGS | iteration: 243, total loss=116913011163136.0000, content_loss=2528150585.9375, style loss=116910468750000.0000, tv loss=14319930.0000
L-BFGS | iteration: 244, total loss=116472760238080.0000, content_loss=2529868554.6875, style loss=116470209375000.0000, tv loss=14334084.0000
L-BFGS | iteration: 245, total loss=115970844655616.0000, content_loss=2530670507.8125, style loss=115968290625000.0000, tv loss=14332156.0000
L-BFGS | iteration: 246, total loss=115521752137728.0000, content_loss=2530330468.7500, style loss=115519200000000.0000, tv loss=14344920.0000
L-BFGS | iteration: 247, total loss=115136152993792.0000, content_loss=2531795507.8125, style loss=115133606250000.0000, tv loss=14343622.0000
L-BFGS | iteration: 248, total loss=114905743097856.0000, content_loss=2531534375.0000, style loss=114903196875000.0000, tv loss=14357728.0000
L-BFGS | iteration: 249, total loss=114445804109824.0000, content_loss=2533019335.9375, style loss=114443250000000.0000, tv loss=14352793.0000
L-BFGS | iteration: 250, total loss=114156573294592.0000, content_loss=2534004296.8750, style loss=114154021875000.0000, tv loss=14357490.0000
L-BFGS | iteration: 251, total loss=113664329777152.0000, content_loss=2533080664.0625, style loss=113661778125000.0000, tv loss=14369501.0000
L-BFGS | iteration: 252, total loss=113247550177280.0000, content_loss=2535147265.6250, style loss=113245003125000.0000, tv loss=14371438.0000
L-BFGS | iteration: 253, total loss=112802232532992.0000, content_loss=2535009375.0000, style loss=112799681250000.0000, tv loss=14375784.0000
L-BFGS | iteration: 254, total loss=112251402977280.0000, content_loss=2536337695.3125, style loss=112248853125000.0000, tv loss=14388712.0000
L-BFGS | iteration: 255, total loss=111803820408832.0000, content_loss=2533285546.8750, style loss=111801271875000.0000, tv loss=14383646.0000
L-BFGS | iteration: 256, total loss=111439100510208.0000, content_loss=2536816992.1875, style loss=111436546875000.0000, tv loss=14397211.0000
L-BFGS | iteration: 257, total loss=111134577262592.0000, content_loss=2538204882.8125, style loss=111132018750000.0000, tv loss=14402582.0000
L-BFGS | iteration: 258, total loss=110716145106944.0000, content_loss=2538361132.8125, style loss=110713584375000.0000, tv loss=14412596.0000
L-BFGS | iteration: 259, total loss=110334446665728.0000, content_loss=2538635351.5625, style loss=110331890625000.0000, tv loss=14406964.0000
L-BFGS | iteration: 260, total loss=110051758964736.0000, content_loss=2537540234.3750, style loss=110049206250000.0000, tv loss=14426854.0000
L-BFGS | iteration: 261, total loss=109646119436288.0000, content_loss=2539300000.0000, style loss=109643559375000.0000, tv loss=14423857.0000
L-BFGS | iteration: 262, total loss=109357987528704.0000, content_loss=2537727539.0625, style loss=109355428125000.0000, tv loss=14421598.0000
L-BFGS | iteration: 263, total loss=109018458619904.0000, content_loss=2538900781.2500, style loss=109015903125000.0000, tv loss=14430572.0000
L-BFGS | iteration: 264, total loss=108564752367616.0000, content_loss=2537818945.3125, style loss=108562190625000.0000, tv loss=14437700.0000
L-BFGS | iteration: 265, total loss=108097381072896.0000, content_loss=2543039257.8125, style loss=108094818750000.0000, tv loss=14445282.0000
L-BFGS | iteration: 266, total loss=107754446389248.0000, content_loss=2539267578.1250, style loss=107751890625000.0000, tv loss=14451933.0000
L-BFGS | iteration: 267, total loss=107442633441280.0000, content_loss=2539760937.5000, style loss=107440078125000.0000, tv loss=14454075.0000
L-BFGS | iteration: 268, total loss=107212257099776.0000, content_loss=2541718164.0625, style loss=107209696875000.0000, tv loss=14471406.0000
L-BFGS | iteration: 269, total loss=106856227799040.0000, content_loss=2542839453.1250, style loss=106853671875000.0000, tv loss=14462156.0000
L-BFGS | iteration: 270, total loss=106618989576192.0000, content_loss=2542751367.1875, style loss=106616428125000.0000, tv loss=14467297.0000
L-BFGS | iteration: 271, total loss=106323148537856.0000, content_loss=2539145117.1875, style loss=106320590625000.0000, tv loss=14479735.0000
L-BFGS | iteration: 272, total loss=105950878892032.0000, content_loss=2543178320.3125, style loss=105948318750000.0000, tv loss=14480218.0000
L-BFGS | iteration: 273, total loss=105728471728128.0000, content_loss=2543875976.5625, style loss=105725915625000.0000, tv loss=14480892.0000
L-BFGS | iteration: 274, total loss=105356118196224.0000, content_loss=2543103710.9375, style loss=105353559375000.0000, tv loss=14494824.0000
L-BFGS | iteration: 275, total loss=104972742033408.0000, content_loss=2544245703.1250, style loss=104970187500000.0000, tv loss=14490300.0000
L-BFGS | iteration: 276, total loss=104706235957248.0000, content_loss=2546499609.3750, style loss=104703665625000.0000, tv loss=14505932.0000
L-BFGS | iteration: 277, total loss=104375162765312.0000, content_loss=2543517382.8125, style loss=104372606250000.0000, tv loss=14511630.0000
L-BFGS | iteration: 278, total loss=104057704284160.0000, content_loss=2546679492.1875, style loss=104055140625000.0000, tv loss=14516827.0000
L-BFGS | iteration: 279, total loss=103846772736000.0000, content_loss=2546257421.8750, style loss=103844203125000.0000, tv loss=14517036.0000
L-BFGS | iteration: 280, total loss=103494140821504.0000, content_loss=2543930468.7500, style loss=103491581250000.0000, tv loss=14520807.0000
L-BFGS | iteration: 281, total loss=103167052218368.0000, content_loss=2546581640.6250, style loss=103164487500000.0000, tv loss=14520988.0000
L-BFGS | iteration: 282, total loss=102936835260416.0000, content_loss=2548278515.6250, style loss=102934265625000.0000, tv loss=14532518.0000
L-BFGS | iteration: 283, total loss=102605376192512.0000, content_loss=2547462890.6250, style loss=102602812500000.0000, tv loss=14540574.0000
L-BFGS | iteration: 284, total loss=102300156690432.0000, content_loss=2549167578.1250, style loss=102297590625000.0000, tv loss=14544066.0000
L-BFGS | iteration: 285, total loss=102012913975296.0000, content_loss=2547829296.8750, style loss=102010350000000.0000, tv loss=14548012.0000
L-BFGS | iteration: 286, total loss=101694356586496.0000, content_loss=2548379101.5625, style loss=101691787500000.0000, tv loss=14553864.0000
L-BFGS | iteration: 287, total loss=101375874695168.0000, content_loss=2548095703.1250, style loss=101373309375000.0000, tv loss=14558500.0000
L-BFGS | iteration: 288, total loss=101143694802944.0000, content_loss=2549374804.6875, style loss=101141128125000.0000, tv loss=14571380.0000
L-BFGS | iteration: 289, total loss=100905642885120.0000, content_loss=2549827929.6875, style loss=100903078125000.0000, tv loss=14563816.0000
L-BFGS | iteration: 290, total loss=100687421636608.0000, content_loss=2548052343.7500, style loss=100684856250000.0000, tv loss=14573511.0000
L-BFGS | iteration: 291, total loss=100491967070208.0000, content_loss=2550280273.4375, style loss=100489396875000.0000, tv loss=14579452.0000
L-BFGS | iteration: 292, total loss=100249855066112.0000, content_loss=2550734765.6250, style loss=100247287500000.0000, tv loss=14580262.0000
L-BFGS | iteration: 293, total loss=99951891709952.0000, content_loss=2549875976.5625, style loss=99949321875000.0000, tv loss=14589026.0000
L-BFGS | iteration: 294, total loss=99631195226112.0000, content_loss=2549806640.6250, style loss=99628631250000.0000, tv loss=14587582.0000
L-BFGS | iteration: 295, total loss=99330690121728.0000, content_loss=2551333398.4375, style loss=99328125000000.0000, tv loss=14611053.0000
L-BFGS | iteration: 296, total loss=99013768511488.0000, content_loss=2551285742.1875, style loss=99011203125000.0000, tv loss=14602884.0000
L-BFGS | iteration: 297, total loss=98791856275456.0000, content_loss=2551024414.0625, style loss=98789287500000.0000, tv loss=14607183.0000
L-BFGS | iteration: 298, total loss=98517188083712.0000, content_loss=2551596093.7500, style loss=98514618750000.0000, tv loss=14621897.0000
L-BFGS | iteration: 299, total loss=98241530036224.0000, content_loss=2552185546.8750, style loss=98238965625000.0000, tv loss=14619811.0000
L-BFGS | iteration: 300, total loss=98045362438144.0000, content_loss=2552808984.3750, style loss=98042793750000.0000, tv loss=14633676.0000
L-BFGS | iteration: 301, total loss=97795532914688.0000, content_loss=2553729296.8750, style loss=97792968750000.0000, tv loss=14630223.0000
L-BFGS | iteration: 302, total loss=97597721149440.0000, content_loss=2552256250.0000, style loss=97595156250000.0000, tv loss=14630724.0000
L-BFGS | iteration: 303, total loss=97405924016128.0000, content_loss=2552674218.7500, style loss=97403353125000.0000, tv loss=14639218.0000
L-BFGS | iteration: 304, total loss=97120610680832.0000, content_loss=2551716601.5625, style loss=97118043750000.0000, tv loss=14646344.0000
L-BFGS | iteration: 305, total loss=96802573385728.0000, content_loss=2555022851.5625, style loss=96799996875000.0000, tv loss=14652126.0000
L-BFGS | iteration: 306, total loss=96583622328320.0000, content_loss=2552924218.7500, style loss=96581053125000.0000, tv loss=14654300.0000
L-BFGS | iteration: 307, total loss=96343825580032.0000, content_loss=2553850000.0000, style loss=96341259375000.0000, tv loss=14659360.0000
L-BFGS | iteration: 308, total loss=96087125786624.0000, content_loss=2554662500.0000, style loss=96084553125000.0000, tv loss=14670998.0000
L-BFGS | iteration: 309, total loss=95841272463360.0000, content_loss=2555473632.8125, style loss=95838693750000.0000, tv loss=14665917.0000
L-BFGS | iteration: 310, total loss=95617724448768.0000, content_loss=2555858203.1250, style loss=95615146875000.0000, tv loss=14682398.0000
L-BFGS | iteration: 311, total loss=95384370151424.0000, content_loss=2555544531.2500, style loss=95381793750000.0000, tv loss=14684701.0000
L-BFGS | iteration: 312, total loss=95182271807488.0000, content_loss=2556747265.6250, style loss=95179696875000.0000, tv loss=14686954.0000
L-BFGS | iteration: 313, total loss=94975610060800.0000, content_loss=2557186914.0625, style loss=94973034375000.0000, tv loss=14688528.0000
L-BFGS | iteration: 314, total loss=94751483232256.0000, content_loss=2556539648.4375, style loss=94748906250000.0000, tv loss=14696926.0000
L-BFGS | iteration: 315, total loss=94488944967680.0000, content_loss=2558894335.9375, style loss=94486368750000.0000, tv loss=14705188.0000
L-BFGS | iteration: 316, total loss=94241975959552.0000, content_loss=2556516406.2500, style loss=94239403125000.0000, tv loss=14708580.0000
L-BFGS | iteration: 317, total loss=93995568988160.0000, content_loss=2559554101.5625, style loss=93992990625000.0000, tv loss=14716180.0000
L-BFGS | iteration: 318, total loss=93800240250880.0000, content_loss=2558332226.5625, style loss=93797662500000.0000, tv loss=14721417.0000
L-BFGS | iteration: 319, total loss=93563153022976.0000, content_loss=2558775000.0000, style loss=93560578125000.0000, tv loss=14723540.0000
L-BFGS | iteration: 320, total loss=93341299507200.0000, content_loss=2558686523.4375, style loss=93338728125000.0000, tv loss=14735810.0000
L-BFGS | iteration: 321, total loss=93104732372992.0000, content_loss=2559167382.8125, style loss=93102159375000.0000, tv loss=14731296.0000
L-BFGS | iteration: 322, total loss=92950256156672.0000, content_loss=2560245312.5000, style loss=92947678125000.0000, tv loss=14747332.0000
L-BFGS | iteration: 323, total loss=92758987505664.0000, content_loss=2561544726.5625, style loss=92756409375000.0000, tv loss=14749627.0000
L-BFGS | iteration: 324, total loss=92547066101760.0000, content_loss=2560664648.4375, style loss=92544487500000.0000, tv loss=14748854.0000
L-BFGS | iteration: 325, total loss=92296951365632.0000, content_loss=2561466796.8750, style loss=92294371875000.0000, tv loss=14759964.0000
L-BFGS | iteration: 326, total loss=92031384813568.0000, content_loss=2561896289.0625, style loss=92028806250000.0000, tv loss=14762868.0000
L-BFGS | iteration: 327, total loss=91813843042304.0000, content_loss=2562709375.0000, style loss=91811268750000.0000, tv loss=14771412.0000
L-BFGS | iteration: 328, total loss=91640886722560.0000, content_loss=2562224023.4375, style loss=91638309375000.0000, tv loss=14774224.0000
L-BFGS | iteration: 329, total loss=91471663333376.0000, content_loss=2562837109.3750, style loss=91469081250000.0000, tv loss=14774950.0000
L-BFGS | iteration: 330, total loss=91336816459776.0000, content_loss=2561848046.8750, style loss=91334240625000.0000, tv loss=14789965.0000
L-BFGS | iteration: 331, total loss=91132855844864.0000, content_loss=2563438281.2500, style loss=91130268750000.0000, tv loss=14787848.0000
L-BFGS | iteration: 332, total loss=90978589343744.0000, content_loss=2563604296.8750, style loss=90976003125000.0000, tv loss=14789606.0000
L-BFGS | iteration: 333, total loss=90779829665792.0000, content_loss=2562608984.3750, style loss=90777253125000.0000, tv loss=14805043.0000
L-BFGS | iteration: 334, total loss=90582126952448.0000, content_loss=2564412109.3750, style loss=90579543750000.0000, tv loss=14803130.0000
L-BFGS | iteration: 335, total loss=90435485696000.0000, content_loss=2564591992.1875, style loss=90432900000000.0000, tv loss=14805355.0000
L-BFGS | iteration: 336, total loss=90249996795904.0000, content_loss=2563565625.0000, style loss=90247415625000.0000, tv loss=14819896.0000
L-BFGS | iteration: 337, total loss=90045616750592.0000, content_loss=2565523437.5000, style loss=90043031250000.0000, tv loss=14814671.0000
L-BFGS | iteration: 338, total loss=89918537728000.0000, content_loss=2566200195.3125, style loss=89915953125000.0000, tv loss=14821996.0000
L-BFGS | iteration: 339, total loss=89735800291328.0000, content_loss=2564444531.2500, style loss=89733215625000.0000, tv loss=14831494.0000
L-BFGS | iteration: 340, total loss=89559664689152.0000, content_loss=2566433593.7500, style loss=89557078125000.0000, tv loss=14836978.0000
L-BFGS | iteration: 341, total loss=89416789917696.0000, content_loss=2566066992.1875, style loss=89414203125000.0000, tv loss=14835289.0000
L-BFGS | iteration: 342, total loss=89211445182464.0000, content_loss=2566241406.2500, style loss=89208862500000.0000, tv loss=14848304.0000
L-BFGS | iteration: 343, total loss=89017030803456.0000, content_loss=2565198828.1250, style loss=89014443750000.0000, tv loss=14839144.0000
L-BFGS | iteration: 344, total loss=88852228210688.0000, content_loss=2568030859.3750, style loss=88849640625000.0000, tv loss=14854058.0000
L-BFGS | iteration: 345, total loss=88691561201664.0000, content_loss=2567629492.1875, style loss=88688981250000.0000, tv loss=14859748.0000
L-BFGS | iteration: 346, total loss=88500602929152.0000, content_loss=2567577539.0625, style loss=88498021875000.0000, tv loss=14863098.0000
L-BFGS | iteration: 347, total loss=88307623002112.0000, content_loss=2566749023.4375, style loss=88305037500000.0000, tv loss=14868110.0000
L-BFGS | iteration: 348, total loss=88124617129984.0000, content_loss=2567789062.5000, style loss=88122037500000.0000, tv loss=14868998.0000
L-BFGS | iteration: 349, total loss=87946526982144.0000, content_loss=2568276953.1250, style loss=87943940625000.0000, tv loss=14871994.0000
L-BFGS | iteration: 350, total loss=87802184204288.0000, content_loss=2566985156.2500, style loss=87799603125000.0000, tv loss=14880160.0000
L-BFGS | iteration: 351, total loss=87638807674880.0000, content_loss=2569422070.3125, style loss=87636225000000.0000, tv loss=14879320.0000
L-BFGS | iteration: 352, total loss=87504136962048.0000, content_loss=2569414062.5000, style loss=87501553125000.0000, tv loss=14888994.0000
L-BFGS | iteration: 353, total loss=87324956295168.0000, content_loss=2568167187.5000, style loss=87322368750000.0000, tv loss=14895202.0000
L-BFGS | iteration: 354, total loss=87148745195520.0000, content_loss=2569115820.3125, style loss=87146165625000.0000, tv loss=14898772.0000
L-BFGS | iteration: 355, total loss=86974656413696.0000, content_loss=2570030859.3750, style loss=86972071875000.0000, tv loss=14901672.0000
L-BFGS | iteration: 356, total loss=86771945701376.0000, content_loss=2568418164.0625, style loss=86769365625000.0000, tv loss=14906924.0000
L-BFGS | iteration: 357, total loss=86616227971072.0000, content_loss=2572052343.7500, style loss=86613637500000.0000, tv loss=14912196.0000
L-BFGS | iteration: 358, total loss=86485189525504.0000, content_loss=2571080273.4375, style loss=86482603125000.0000, tv loss=14913694.0000
L-BFGS | iteration: 359, total loss=86306075967488.0000, content_loss=2569537304.6875, style loss=86303493750000.0000, tv loss=14920430.0000
L-BFGS | iteration: 360, total loss=86150911885312.0000, content_loss=2570906445.3125, style loss=86148328125000.0000, tv loss=14922548.0000
L-BFGS | iteration: 361, total loss=86023799308288.0000, content_loss=2571717773.4375, style loss=86021203125000.0000, tv loss=14937555.0000
L-BFGS | iteration: 362, total loss=85870052900864.0000, content_loss=2571784765.6250, style loss=85867462500000.0000, tv loss=14933549.0000
L-BFGS | iteration: 363, total loss=85730416132096.0000, content_loss=2572838281.2500, style loss=85727821875000.0000, tv loss=14942216.0000
L-BFGS | iteration: 364, total loss=85591953768448.0000, content_loss=2571969726.5625, style loss=85589362500000.0000, tv loss=14941952.0000
L-BFGS | iteration: 365, total loss=85413578407936.0000, content_loss=2572061132.8125, style loss=85410984375000.0000, tv loss=14947863.0000
L-BFGS | iteration: 366, total loss=85226822828032.0000, content_loss=2572530468.7500, style loss=85224234375000.0000, tv loss=14953443.0000
L-BFGS | iteration: 367, total loss=85053254139904.0000, content_loss=2571269726.5625, style loss=85050665625000.0000, tv loss=14956624.0000
L-BFGS | iteration: 368, total loss=84907434967040.0000, content_loss=2573397265.6250, style loss=84904846875000.0000, tv loss=14965290.0000
L-BFGS | iteration: 369, total loss=84803508502528.0000, content_loss=2573419531.2500, style loss=84800915625000.0000, tv loss=14970464.0000
L-BFGS | iteration: 370, total loss=84659509657600.0000, content_loss=2573611132.8125, style loss=84656915625000.0000, tv loss=14970358.0000
L-BFGS | iteration: 371, total loss=84534108356608.0000, content_loss=2573926562.5000, style loss=84531515625000.0000, tv loss=14981976.0000
L-BFGS | iteration: 372, total loss=84397290160128.0000, content_loss=2574565625.0000, style loss=84394696875000.0000, tv loss=14977810.0000
L-BFGS | iteration: 373, total loss=84268717965312.0000, content_loss=2574526562.5000, style loss=84266128125000.0000, tv loss=14984466.0000
L-BFGS | iteration: 374, total loss=84141798326272.0000, content_loss=2574670312.5000, style loss=84139209375000.0000, tv loss=14987562.0000
L-BFGS | iteration: 375, total loss=83967667601408.0000, content_loss=2574911718.7500, style loss=83965078125000.0000, tv loss=14993684.0000
L-BFGS | iteration: 376, total loss=83793419436032.0000, content_loss=2575939453.1250, style loss=83790825000000.0000, tv loss=15001887.0000
L-BFGS | iteration: 377, total loss=83656517353472.0000, content_loss=2575162500.0000, style loss=83653921875000.0000, tv loss=15001866.0000
L-BFGS | iteration: 378, total loss=83526015778816.0000, content_loss=2576264648.4375, style loss=83523421875000.0000, tv loss=15008987.0000
L-BFGS | iteration: 379, total loss=83384508350464.0000, content_loss=2575639257.8125, style loss=83381915625000.0000, tv loss=15012037.0000
L-BFGS | iteration: 380, total loss=83238118752256.0000, content_loss=2577088476.5625, style loss=83235525000000.0000, tv loss=15021441.0000
L-BFGS | iteration: 381, total loss=83106467938304.0000, content_loss=2576045898.4375, style loss=83103871875000.0000, tv loss=15021929.0000
L-BFGS | iteration: 382, total loss=82967326097408.0000, content_loss=2576672460.9375, style loss=82964737500000.0000, tv loss=15019702.0000
L-BFGS | iteration: 383, total loss=82903782391808.0000, content_loss=2578587500.0000, style loss=82901193750000.0000, tv loss=15045347.0000
L-BFGS | iteration: 384, total loss=82751772426240.0000, content_loss=2578532421.8750, style loss=82749178125000.0000, tv loss=15036037.0000
L-BFGS | iteration: 385, total loss=82639381856256.0000, content_loss=2577727343.7500, style loss=82636790625000.0000, tv loss=15034546.0000
L-BFGS | iteration: 386, total loss=82493151641600.0000, content_loss=2577641992.1875, style loss=82490559375000.0000, tv loss=15042079.0000
L-BFGS | iteration: 387, total loss=82346451664896.0000, content_loss=2578505273.4375, style loss=82343859375000.0000, tv loss=15051919.0000
L-BFGS | iteration: 388, total loss=82197428043776.0000, content_loss=2578112109.3750, style loss=82194834375000.0000, tv loss=15051234.0000
L-BFGS | iteration: 389, total loss=82044268838912.0000, content_loss=2578984960.9375, style loss=82041675000000.0000, tv loss=15057686.0000
L-BFGS | iteration: 390, total loss=81922566914048.0000, content_loss=2579216210.9375, style loss=81919978125000.0000, tv loss=15066122.0000
L-BFGS | iteration: 391, total loss=81789984964608.0000, content_loss=2579457617.1875, style loss=81787396875000.0000, tv loss=15068444.0000
L-BFGS | iteration: 392, total loss=81643259822080.0000, content_loss=2580167187.5000, style loss=81640659375000.0000, tv loss=15080940.0000
L-BFGS | iteration: 393, total loss=81508094181376.0000, content_loss=2580285937.5000, style loss=81505490625000.0000, tv loss=15078108.0000
L-BFGS | iteration: 394, total loss=81411742629888.0000, content_loss=2580343359.3750, style loss=81409143750000.0000, tv loss=15086651.0000
L-BFGS | iteration: 395, total loss=81301818310656.0000, content_loss=2581173242.1875, style loss=81299221875000.0000, tv loss=15087248.0000
L-BFGS | iteration: 396, total loss=81188219781120.0000, content_loss=2580438085.9375, style loss=81185615625000.0000, tv loss=15089384.0000
L-BFGS | iteration: 397, total loss=81061325307904.0000, content_loss=2581045507.8125, style loss=81058725000000.0000, tv loss=15094356.0000
L-BFGS | iteration: 398, total loss=80921747259392.0000, content_loss=2580713671.8750, style loss=80919150000000.0000, tv loss=15101214.0000
L-BFGS | iteration: 399, total loss=80789265973248.0000, content_loss=2582148828.1250, style loss=80786662500000.0000, tv loss=15106502.0000
L-BFGS | iteration: 400, total loss=80677194170368.0000, content_loss=2581827148.4375, style loss=80674593750000.0000, tv loss=15108980.0000
L-BFGS | iteration: 401, total loss=80547749560320.0000, content_loss=2581431835.9375, style loss=80545153125000.0000, tv loss=15114051.0000
L-BFGS | iteration: 402, total loss=80421752668160.0000, content_loss=2583020117.1875, style loss=80419153125000.0000, tv loss=15119061.0000
L-BFGS | iteration: 403, total loss=80302928035840.0000, content_loss=2581973242.1875, style loss=80300325000000.0000, tv loss=15121702.0000
L-BFGS | iteration: 404, total loss=80190898176000.0000, content_loss=2583082421.8750, style loss=80188293750000.0000, tv loss=15127944.0000
L-BFGS | iteration: 405, total loss=80079564570624.0000, content_loss=2582688867.1875, style loss=80076965625000.0000, tv loss=15126771.0000
L-BFGS | iteration: 406, total loss=79988204240896.0000, content_loss=2583418945.3125, style loss=79985606250000.0000, tv loss=15145482.0000
L-BFGS | iteration: 407, total loss=79876753195008.0000, content_loss=2584207617.1875, style loss=79874156250000.0000, tv loss=15140017.0000
L-BFGS | iteration: 408, total loss=79781173395456.0000, content_loss=2583065429.6875, style loss=79778568750000.0000, tv loss=15140708.0000
L-BFGS | iteration: 409, total loss=79693185286144.0000, content_loss=2583009765.6250, style loss=79690584375000.0000, tv loss=15147794.0000
L-BFGS | iteration: 410, total loss=79587245555712.0000, content_loss=2583136132.8125, style loss=79584646875000.0000, tv loss=15151124.0000
L-BFGS | iteration: 411, total loss=79439421505536.0000, content_loss=2583843554.6875, style loss=79436821875000.0000, tv loss=15156408.0000
L-BFGS | iteration: 412, total loss=79296479625216.0000, content_loss=2584158593.7500, style loss=79293881250000.0000, tv loss=15162214.0000
L-BFGS | iteration: 413, total loss=79176363147264.0000, content_loss=2585188671.8750, style loss=79173759375000.0000, tv loss=15165138.0000
L-BFGS | iteration: 414, total loss=79068099772416.0000, content_loss=2585118359.3750, style loss=79065496875000.0000, tv loss=15171258.0000
L-BFGS | iteration: 415, total loss=78976647168000.0000, content_loss=2584730468.7500, style loss=78974043750000.0000, tv loss=15176416.0000
L-BFGS | iteration: 416, total loss=78863468068864.0000, content_loss=2584792968.7500, style loss=78860868750000.0000, tv loss=15176190.0000
L-BFGS | iteration: 417, total loss=78762821550080.0000, content_loss=2585380664.0625, style loss=78760218750000.0000, tv loss=15191032.0000
L-BFGS | iteration: 418, total loss=78641933320192.0000, content_loss=2585381250.0000, style loss=78639332812500.0000, tv loss=15187530.0000
L-BFGS | iteration: 419, total loss=78544851959808.0000, content_loss=2585079882.8125, style loss=78542250000000.0000, tv loss=15194651.0000
L-BFGS | iteration: 420, total loss=78439860142080.0000, content_loss=2586338671.8750, style loss=78437259375000.0000, tv loss=15195836.0000
L-BFGS | iteration: 421, total loss=78337921777664.0000, content_loss=2585052539.0625, style loss=78335325000000.0000, tv loss=15201330.0000
L-BFGS | iteration: 422, total loss=78234305691648.0000, content_loss=2586482031.2500, style loss=78231707812500.0000, tv loss=15205917.0000
L-BFGS | iteration: 423, total loss=78134296707072.0000, content_loss=2586236132.8125, style loss=78131700000000.0000, tv loss=15207698.0000
L-BFGS | iteration: 424, total loss=78041409650688.0000, content_loss=2586076953.1250, style loss=78038807812500.0000, tv loss=15216776.0000
L-BFGS | iteration: 425, total loss=77937508352000.0000, content_loss=2586805468.7500, style loss=77934909375000.0000, tv loss=15217466.0000
L-BFGS | iteration: 426, total loss=77845074280448.0000, content_loss=2586107812.5000, style loss=77842471875000.0000, tv loss=15221499.0000
L-BFGS | iteration: 427, total loss=77735762329600.0000, content_loss=2586208398.4375, style loss=77733159375000.0000, tv loss=15225518.0000
L-BFGS | iteration: 428, total loss=77627104690176.0000, content_loss=2587056445.3125, style loss=77624507812500.0000, tv loss=15230219.0000
L-BFGS | iteration: 429, total loss=77513137061888.0000, content_loss=2587197851.5625, style loss=77510535937500.0000, tv loss=15234653.0000
L-BFGS | iteration: 430, total loss=77404118712320.0000, content_loss=2587669335.9375, style loss=77401514062500.0000, tv loss=15240116.0000
L-BFGS | iteration: 431, total loss=77307146403840.0000, content_loss=2587596093.7500, style loss=77304548437500.0000, tv loss=15243100.0000
L-BFGS | iteration: 432, total loss=77217530904576.0000, content_loss=2587848242.1875, style loss=77214932812500.0000, tv loss=15251301.0000
L-BFGS | iteration: 433, total loss=77112992071680.0000, content_loss=2587917968.7500, style loss=77110382812500.0000, tv loss=15249748.0000
L-BFGS | iteration: 434, total loss=77024794247168.0000, content_loss=2587805273.4375, style loss=77022196875000.0000, tv loss=15260300.0000
L-BFGS | iteration: 435, total loss=76926169382912.0000, content_loss=2587997460.9375, style loss=76923557812500.0000, tv loss=15256973.0000
L-BFGS | iteration: 436, total loss=76828718923776.0000, content_loss=2588021093.7500, style loss=76826114062500.0000, tv loss=15266094.0000
L-BFGS | iteration: 437, total loss=76718308065280.0000, content_loss=2588498828.1250, style loss=76715700000000.0000, tv loss=15268091.0000
L-BFGS | iteration: 438, total loss=76615497285632.0000, content_loss=2588836132.8125, style loss=76612884375000.0000, tv loss=15274238.0000
L-BFGS | iteration: 439, total loss=76508769026048.0000, content_loss=2588348242.1875, style loss=76506159375000.0000, tv loss=15277400.0000
L-BFGS | iteration: 440, total loss=76415470927872.0000, content_loss=2589771875.0000, style loss=76412859375000.0000, tv loss=15284168.0000
L-BFGS | iteration: 441, total loss=76338673221632.0000, content_loss=2588588671.8750, style loss=76336064062500.0000, tv loss=15283698.0000
L-BFGS | iteration: 442, total loss=76263226081280.0000, content_loss=2589039648.4375, style loss=76260614062500.0000, tv loss=15286194.0000
L-BFGS | iteration: 443, total loss=76185102974976.0000, content_loss=2589692578.1250, style loss=76182496875000.0000, tv loss=15296850.0000
L-BFGS | iteration: 444, total loss=76089825165312.0000, content_loss=2590039257.8125, style loss=76087214062500.0000, tv loss=15295368.0000
L-BFGS | iteration: 445, total loss=75989472247808.0000, content_loss=2590200585.9375, style loss=75986859375000.0000, tv loss=15304176.0000
L-BFGS | iteration: 446, total loss=75893791784960.0000, content_loss=2590512695.3125, style loss=75891182812500.0000, tv loss=15302386.0000
L-BFGS | iteration: 447, total loss=75803219984384.0000, content_loss=2590894335.9375, style loss=75800610937500.0000, tv loss=15310190.0000
L-BFGS | iteration: 448, total loss=75704502845440.0000, content_loss=2591092382.8125, style loss=75701896875000.0000, tv loss=15313611.0000
L-BFGS | iteration: 449, total loss=75604141539328.0000, content_loss=2591073828.1250, style loss=75601532812500.0000, tv loss=15316504.0000
L-BFGS | iteration: 450, total loss=75509870362624.0000, content_loss=2591741406.2500, style loss=75507262500000.0000, tv loss=15323300.0000
L-BFGS | iteration: 451, total loss=75421437657088.0000, content_loss=2591136718.7500, style loss=75418832812500.0000, tv loss=15325728.0000
L-BFGS | iteration: 452, total loss=75335555088384.0000, content_loss=2591930468.7500, style loss=75332948437500.0000, tv loss=15328408.0000
L-BFGS | iteration: 453, total loss=75259629797376.0000, content_loss=2591152148.4375, style loss=75257020312500.0000, tv loss=15337208.0000
L-BFGS | iteration: 454, total loss=75190843211776.0000, content_loss=2592058398.4375, style loss=75188235937500.0000, tv loss=15332596.0000
L-BFGS | iteration: 455, total loss=75116503367680.0000, content_loss=2593188476.5625, style loss=75113896875000.0000, tv loss=15342226.0000
L-BFGS | iteration: 456, total loss=75037021306880.0000, content_loss=2592772851.5625, style loss=75034410937500.0000, tv loss=15346224.0000
L-BFGS | iteration: 457, total loss=74955005886464.0000, content_loss=2592902148.4375, style loss=74952398437500.0000, tv loss=15349292.0000
L-BFGS | iteration: 458, total loss=74858528505856.0000, content_loss=2593055273.4375, style loss=74855920312500.0000, tv loss=15350364.0000
