C:\Users\user\AppData\Roaming\Python\Python313\site-packages\torchvision\models\_utils.py:208: UserWarning: The parameter 'pretrained' is deprecated since 0.13 and may be removed in the future, please use 'weights' instead.
  warnings.warn(
C:\Users\user\AppData\Roaming\Python\Python313\site-packages\torchvision\models\_utils.py:223: UserWarning: Arguments other than a weight enum or `None` for 'weights' are deprecated since 0.13 and may be removed in the future. The current behavior is equivalent to passing `weights=VGG19_Weights.IMAGENET1K_V1`. You can also use `weights=VGG19_Weights.DEFAULT` to get the most up-to-date weights.
  warnings.warn(msg)
Using VGG19 in the optimization procedure.
L-BFGS | iteration: 000, total loss=362294200953208832.0000, content_loss=      0.0000, style loss=362294208000000000.0000, tv loss=3572966.0000
L-BFGS | iteration: 001, total loss=362293822996086784.0000, content_loss=    157.0070, style loss=362293824000000000.0000, tv loss=3572967.0000
L-BFGS | iteration: 002, total loss=362294063514255360.0000, content_loss=    205.0228, style loss=362294054400000000.0000, tv loss=3572975.7500
L-BFGS | iteration: 003, total loss=362290730619633664.0000, content_loss=    256.6480, style loss=362290713600000000.0000, tv loss=3573019.5000
L-BFGS | iteration: 004, total loss=362278017516437504.0000, content_loss=    537.3919, style loss=362278003200000000.0000, tv loss=3573261.0000
L-BFGS | iteration: 005, total loss=362204968712667136.0000, content_loss=   6702.7278, style loss=362204966400000000.0000, tv loss=3574589.0000
L-BFGS | iteration: 006, total loss=361793785723617280.0000, content_loss= 190218.0433, style loss=361793779200000000.0000, tv loss=3581901.0000
L-BFGS | iteration: 007, total loss=359640082962972672.0000, content_loss=5440331.2683, style loss=359640076800000000.0000, tv loss=3622144.5000
L-BFGS | iteration: 008, total loss=328378184246493184.0000, content_loss=343934155.2734, style loss=328378176000000000.0000, tv loss=4504864.5000
L-BFGS | iteration: 009, total loss=283393074745311232.0000, content_loss=826530078.1250, style loss=283393075200000000.0000, tv loss=6500282.5000
L-BFGS | iteration: 010, total loss=201792870829522944.0000, content_loss=1826607031.2500, style loss=201792864000000000.0000, tv loss=12556446.0000
L-BFGS | iteration: 011, total loss=163615009614594048.0000, content_loss=3150249609.3750, style loss=163615008000000000.0000, tv loss=21179844.0000
L-BFGS | iteration: 012, total loss=128087143221297152.0000, content_loss=3261388085.9375, style loss=128087145600000000.0000, tv loss=24220732.0000
L-BFGS | iteration: 013, total loss=107839937243512832.0000, content_loss=3401197656.2500, style loss=107839939200000000.0000, tv loss=26179040.0000
L-BFGS | iteration: 014, total loss=92635993533841408.0000, content_loss=3852948828.1250, style loss=92635996800000000.0000, tv loss=29327904.0000
L-BFGS | iteration: 015, total loss=81508119816962048.0000, content_loss=4392785937.5000, style loss=81508108800000000.0000, tv loss=32539324.0000
L-BFGS | iteration: 016, total loss=72015340149669888.0000, content_loss=4605247265.6250, style loss=72015336000000000.0000, tv loss=33722324.0000
L-BFGS | iteration: 017, total loss=64141363721011200.0000, content_loss=4666340234.3750, style loss=64141358400000000.0000, tv loss=34035380.0000
L-BFGS | iteration: 018, total loss=57406515698466816.0000, content_loss=4869329296.8750, style loss=57406512000000000.0000, tv loss=35125368.0000
L-BFGS | iteration: 019, total loss=51592963930718208.0000, content_loss=5062437109.3750, style loss=51592958400000000.0000, tv loss=36323288.0000
L-BFGS | iteration: 020, total loss=46462616905711616.0000, content_loss=5133064843.7500, style loss=46462612800000000.0000, tv loss=37037016.0000
L-BFGS | iteration: 021, total loss=41970596510171136.0000, content_loss=5167798046.8750, style loss=41970590400000000.0000, tv loss=37669256.0000
L-BFGS | iteration: 022, total loss=37995909220401152.0000, content_loss=5215708203.1250, style loss=37995904800000000.0000, tv loss=38299780.0000
L-BFGS | iteration: 023, total loss=34464322969141248.0000, content_loss=5289005468.7500, style loss=34464319200000000.0000, tv loss=38987832.0000
L-BFGS | iteration: 024, total loss=31209665471709184.0000, content_loss=5370571484.3750, style loss=31209660000000000.0000, tv loss=39524584.0000
L-BFGS | iteration: 025, total loss=28098880788758528.0000, content_loss=5499189453.1250, style loss=28098873600000000.0000, tv loss=40175688.0000
L-BFGS | iteration: 026, total loss=25314064796221440.0000, content_loss=5565676562.5000, style loss=25314057600000000.0000, tv loss=40465424.0000
L-BFGS | iteration: 027, total loss=22889538577760256.0000, content_loss=5688039453.1250, style loss=22889532000000000.0000, tv loss=41132752.0000
L-BFGS | iteration: 028, total loss=20888708735565824.0000, content_loss=5621729687.5000, style loss=20888702400000000.0000, tv loss=41137360.0000
L-BFGS | iteration: 029, total loss=19206874704379904.0000, content_loss=5817499218.7500, style loss=19206867600000000.0000, tv loss=42387416.0000
L-BFGS | iteration: 030, total loss=17574888063631360.0000, content_loss=5685577343.7500, style loss=17574883200000000.0000, tv loss=42005844.0000
L-BFGS | iteration: 031, total loss=16253102214610944.0000, content_loss=5773767578.1250, style loss=16253096400000000.0000, tv loss=42393816.0000
L-BFGS | iteration: 032, total loss=15223762836258816.0000, content_loss=5828348046.8750, style loss=15223758000000000.0000, tv loss=42908100.0000
L-BFGS | iteration: 033, total loss=14049863448657920.0000, content_loss=5879919140.6250, style loss=14049858000000000.0000, tv loss=43349216.0000
L-BFGS | iteration: 034, total loss=12912987752890368.0000, content_loss=5900665625.0000, style loss=12912982800000000.0000, tv loss=43255016.0000
L-BFGS | iteration: 035, total loss=12361638506135552.0000, content_loss=5901489062.5000, style loss=12361633200000000.0000, tv loss=43256520.0000
L-BFGS | iteration: 036, total loss=11782002604769280.0000, content_loss=5968254687.5000, style loss=11781996000000000.0000, tv loss=43862968.0000
L-BFGS | iteration: 037, total loss=10614068926742528.0000, content_loss=6000636718.7500, style loss=10614062400000000.0000, tv loss=43715256.0000
L-BFGS | iteration: 038, total loss=10359780019273728.0000, content_loss=6000115234.3750, style loss=10359774000000000.0000, tv loss=43665096.0000
L-BFGS | iteration: 039, total loss=9947670391029760.0000, content_loss=6034230859.3750, style loss=9947664000000000.0000, tv loss=43845456.0000
L-BFGS | iteration: 040, total loss=9310509845184512.0000, content_loss=6087785546.8750, style loss=9310503600000000.0000, tv loss=44103544.0000
L-BFGS | iteration: 041, total loss=8618390897819648.0000, content_loss=6140340234.3750, style loss=8618385000000000.0000, tv loss=44253452.0000
L-BFGS | iteration: 042, total loss=8504444341714944.0000, content_loss=6118304296.8750, style loss=8504438400000000.0000, tv loss=44384120.0000
L-BFGS | iteration: 043, total loss=8400093279420416.0000, content_loss=6128266015.6250, style loss=8400087600000000.0000, tv loss=44326696.0000
L-BFGS | iteration: 044, total loss=8092094732173312.0000, content_loss=6110132421.8750, style loss=8092089000000000.0000, tv loss=44386392.0000
L-BFGS | iteration: 045, total loss=7561975508762624.0000, content_loss=6115738671.8750, style loss=7561969800000000.0000, tv loss=44518264.0000
L-BFGS | iteration: 046, total loss=7026533210259456.0000, content_loss=6144290234.3750, style loss=7026527400000000.0000, tv loss=44394460.0000
L-BFGS | iteration: 047, total loss=7114229999992832.0000, content_loss=6194799218.7500, style loss=7114223400000000.0000, tv loss=44547452.0000
L-BFGS | iteration: 048, total loss=6912317144956928.0000, content_loss=6170421484.3750, style loss=6912311400000000.0000, tv loss=44458408.0000
L-BFGS | iteration: 049, total loss=6670318823276544.0000, content_loss=6253635156.2500, style loss=6670312200000000.0000, tv loss=44697588.0000
L-BFGS | iteration: 050, total loss=6345514605871104.0000, content_loss=6289546093.7500, style loss=6345508200000000.0000, tv loss=44653356.0000
L-BFGS | iteration: 051, total loss=6006600884027392.0000, content_loss=6342294921.8750, style loss=6006594600000000.0000, tv loss=45117896.0000
L-BFGS | iteration: 052, total loss=5803410813091840.0000, content_loss=6249299218.7500, style loss=5803404600000000.0000, tv loss=44740616.0000
L-BFGS | iteration: 053, total loss=5679003327266816.0000, content_loss=6182433593.7500, style loss=5678997000000000.0000, tv loss=44100864.0000
L-BFGS | iteration: 054, total loss=5426511863611392.0000, content_loss=6232056250.0000, style loss=5426505600000000.0000, tv loss=44624528.0000
L-BFGS | iteration: 055, total loss=5252683262853120.0000, content_loss=6281110937.5000, style loss=5252676600000000.0000, tv loss=44884104.0000
L-BFGS | iteration: 056, total loss=5055670428631040.0000, content_loss=6366264062.5000, style loss=5055664200000000.0000, tv loss=45238456.0000
L-BFGS | iteration: 057, total loss=4759933476143104.0000, content_loss=6361189062.5000, style loss=4759927200000000.0000, tv loss=45018240.0000
L-BFGS | iteration: 058, total loss=4642285195100160.0000, content_loss=6310814453.1250, style loss=4642278900000000.0000, tv loss=44762864.0000
L-BFGS | iteration: 059, total loss=4317307299954688.0000, content_loss=6312440625.0000, style loss=4317300900000000.0000, tv loss=44509836.0000
L-BFGS | iteration: 060, total loss=4174313611591680.0000, content_loss=6347517187.5000, style loss=4174307100000000.0000, tv loss=44823912.0000
L-BFGS | iteration: 061, total loss=4067345035165696.0000, content_loss=6444848437.5000, style loss=4067338500000000.0000, tv loss=45403336.0000
L-BFGS | iteration: 062, total loss=3958681288835072.0000, content_loss=6424588671.8750, style loss=3958674900000000.0000, tv loss=45210740.0000
L-BFGS | iteration: 063, total loss=3840308232060928.0000, content_loss=6399469921.8750, style loss=3840301800000000.0000, tv loss=44609864.0000
L-BFGS | iteration: 064, total loss=3705716305035264.0000, content_loss=6402471484.3750, style loss=3705709800000000.0000, tv loss=44815040.0000
L-BFGS | iteration: 065, total loss=3556618394402816.0000, content_loss=6483469921.8750, style loss=3556611900000000.0000, tv loss=45285912.0000
L-BFGS | iteration: 066, total loss=3423296972390400.0000, content_loss=6461658203.1250, style loss=3423290400000000.0000, tv loss=45276152.0000
L-BFGS | iteration: 067, total loss=3348164841046016.0000, content_loss=6400877734.3750, style loss=3348158400000000.0000, tv loss=45080520.0000
L-BFGS | iteration: 068, total loss=3233749059764224.0000, content_loss=6449458203.1250, style loss=3233742600000000.0000, tv loss=44957160.0000
L-BFGS | iteration: 069, total loss=3152152465768448.0000, content_loss=6477356640.6250, style loss=3152145900000000.0000, tv loss=45007780.0000
L-BFGS | iteration: 070, total loss=3110185266577408.0000, content_loss=6434660937.5000, style loss=3110178900000000.0000, tv loss=45207156.0000
L-BFGS | iteration: 071, total loss=3036207676129280.0000, content_loss=6458529296.8750, style loss=3036201300000000.0000, tv loss=45113336.0000
L-BFGS | iteration: 072, total loss=2899771060649984.0000, content_loss=6471900781.2500, style loss=2899764600000000.0000, tv loss=45277488.0000
L-BFGS | iteration: 073, total loss=2795445231288320.0000, content_loss=6496862500.0000, style loss=2795438700000000.0000, tv loss=45133464.0000
L-BFGS | iteration: 074, total loss=2700012400148480.0000, content_loss=6540216015.6250, style loss=2700006000000000.0000, tv loss=44977184.0000
L-BFGS | iteration: 075, total loss=4491740954230784.0000, content_loss=6437125781.2500, style loss=4491734400000000.0000, tv loss=45357056.0000
L-BFGS | iteration: 076, total loss=2636430241169408.0000, content_loss=6530619921.8750, style loss=2636423700000000.0000, tv loss=45025864.0000
L-BFGS | iteration: 077, total loss=2586198988029952.0000, content_loss=6530922265.6250, style loss=2586192600000000.0000, tv loss=45240672.0000
L-BFGS | iteration: 078, total loss=2514023136362496.0000, content_loss=6541564062.5000, style loss=2514016650000000.0000, tv loss=45486528.0000
L-BFGS | iteration: 079, total loss=2437525742288896.0000, content_loss=6545484765.6250, style loss=2437519200000000.0000, tv loss=45544840.0000
L-BFGS | iteration: 080, total loss=2320114221318144.0000, content_loss=6558913281.2500, style loss=2320107900000000.0000, tv loss=45469284.0000
L-BFGS | iteration: 081, total loss=2208045371228160.0000, content_loss=6542783984.3750, style loss=2208038850000000.0000, tv loss=45494132.0000
L-BFGS | iteration: 082, total loss=2303112861712384.0000, content_loss=6525796875.0000, style loss=2303106300000000.0000, tv loss=45647684.0000
L-BFGS | iteration: 083, total loss=2178616926404608.0000, content_loss=6539862890.6250, style loss=2178610350000000.0000, tv loss=45543916.0000
L-BFGS | iteration: 084, total loss=2125376243367936.0000, content_loss=6555847656.2500, style loss=2125369650000000.0000, tv loss=45516576.0000
L-BFGS | iteration: 085, total loss=2051326041128960.0000, content_loss=6541269140.6250, style loss=2051319450000000.0000, tv loss=45486968.0000
L-BFGS | iteration: 086, total loss=1986566121586688.0000, content_loss=6581132812.5000, style loss=1986559500000000.0000, tv loss=45567068.0000
L-BFGS | iteration: 087, total loss=2197409690025984.0000, content_loss=6558590625.0000, style loss=2197403100000000.0000, tv loss=45786152.0000
L-BFGS | iteration: 088, total loss=1955771877163008.0000, content_loss=6580080468.7500, style loss=1955765250000000.0000, tv loss=45627368.0000
L-BFGS | iteration: 089, total loss=1907178482958336.0000, content_loss=6582514843.7500, style loss=1907171850000000.0000, tv loss=45578256.0000
L-BFGS | iteration: 090, total loss=1848228983078912.0000, content_loss=6615006250.0000, style loss=1848222450000000.0000, tv loss=45582416.0000
L-BFGS | iteration: 091, total loss=1849215214944256.0000, content_loss=6611808593.7500, style loss=1849208700000000.0000, tv loss=45716568.0000
L-BFGS | iteration: 092, total loss=1820803066757120.0000, content_loss=6616298437.5000, style loss=1820796450000000.0000, tv loss=45650028.0000
L-BFGS | iteration: 093, total loss=1763214668857344.0000, content_loss=6617339843.7500, style loss=1763208150000000.0000, tv loss=45731376.0000
L-BFGS | iteration: 094, total loss=1688392446246912.0000, content_loss=6619569531.2500, style loss=1688385900000000.0000, tv loss=45807892.0000
L-BFGS | iteration: 095, total loss=1691530054074368.0000, content_loss=6592461718.7500, style loss=1691523450000000.0000, tv loss=45913960.0000
L-BFGS | iteration: 096, total loss=1669402651000832.0000, content_loss=6606696875.0000, style loss=1669396050000000.0000, tv loss=45859712.0000
L-BFGS | iteration: 097, total loss=1626520623775744.0000, content_loss=6601692968.7500, style loss=1626514050000000.0000, tv loss=45885824.0000
L-BFGS | iteration: 098, total loss=1576547202891776.0000, content_loss=6629350781.2500, style loss=1576540650000000.0000, tv loss=45979592.0000
L-BFGS | iteration: 099, total loss=1541910573350912.0000, content_loss=6629189843.7500, style loss=1541904000000000.0000, tv loss=46046044.0000
L-BFGS | iteration: 100, total loss=1494928597188608.0000, content_loss=6647197656.2500, style loss=1494921900000000.0000, tv loss=45998832.0000
L-BFGS | iteration: 101, total loss=1470521371787264.0000, content_loss=6676882031.2500, style loss=1470514650000000.0000, tv loss=46103388.0000
L-BFGS | iteration: 102, total loss=1444172418514944.0000, content_loss=6717363281.2500, style loss=1444165650000000.0000, tv loss=46150968.0000
L-BFGS | iteration: 103, total loss=1410802133237760.0000, content_loss=6692876562.5000, style loss=1410795450000000.0000, tv loss=46157672.0000
L-BFGS | iteration: 104, total loss=1387083713216512.0000, content_loss=6653030468.7500, style loss=1387077000000000.0000, tv loss=46141752.0000
L-BFGS | iteration: 105, total loss=1368320074842112.0000, content_loss=6642165625.0000, style loss=1368313500000000.0000, tv loss=46118508.0000
L-BFGS | iteration: 106, total loss=1337339536211968.0000, content_loss=6634159375.0000, style loss=1337332950000000.0000, tv loss=46204136.0000
L-BFGS | iteration: 107, total loss=1304507329806336.0000, content_loss=6660543750.0000, style loss=1304500650000000.0000, tv loss=46229112.0000
L-BFGS | iteration: 108, total loss=1276255034933248.0000, content_loss=6671689843.7500, style loss=1276248300000000.0000, tv loss=46280424.0000
L-BFGS | iteration: 109, total loss=1228328165965824.0000, content_loss=6696602343.7500, style loss=1228321425000000.0000, tv loss=46367568.0000
L-BFGS | iteration: 110, total loss=1228484529618944.0000, content_loss=6690357812.5000, style loss=1228477800000000.0000, tv loss=46440280.0000
L-BFGS | iteration: 111, total loss=1211096086085632.0000, content_loss=6694984375.0000, style loss=1211089350000000.0000, tv loss=46403620.0000
L-BFGS | iteration: 112, total loss=1181394910838784.0000, content_loss=6720238281.2500, style loss=1181388150000000.0000, tv loss=46385968.0000
L-BFGS | iteration: 113, total loss=1156481147731968.0000, content_loss=6700014843.7500, style loss=1156474425000000.0000, tv loss=46584756.0000
L-BFGS | iteration: 114, total loss=1138139758329856.0000, content_loss=6699820312.5000, style loss=1138133025000000.0000, tv loss=46535432.0000
L-BFGS | iteration: 115, total loss=1120059757953024.0000, content_loss=6695475781.2500, style loss=1120053000000000.0000, tv loss=46536036.0000
L-BFGS | iteration: 116, total loss=1100748981010432.0000, content_loss=6712319531.2500, style loss=1100742225000000.0000, tv loss=46557832.0000
L-BFGS | iteration: 117, total loss=1081527928619008.0000, content_loss=6713987500.0000, style loss=1081521150000000.0000, tv loss=46624804.0000
L-BFGS | iteration: 118, total loss=1050724288954368.0000, content_loss=6710146875.0000, style loss=1050717525000000.0000, tv loss=46668424.0000
L-BFGS | iteration: 119, total loss=1052823185784832.0000, content_loss=6704711718.7500, style loss=1052816400000000.0000, tv loss=46795872.0000
L-BFGS | iteration: 120, total loss=1040199538704384.0000, content_loss=6709257031.2500, style loss=1040192775000000.0000, tv loss=46732216.0000
L-BFGS | iteration: 121, total loss=1019284121714688.0000, content_loss=6725445312.5000, style loss=1019277375000000.0000, tv loss=46764440.0000
L-BFGS | iteration: 122, total loss=999696990470144.0000, content_loss=6714445312.5000, style loss=999690225000000.0000, tv loss=46784512.0000
L-BFGS | iteration: 123, total loss=981739128225792.0000, content_loss=6735002343.7500, style loss=981732375000000.0000, tv loss=46803836.0000
L-BFGS | iteration: 124, total loss=985885315170304.0000, content_loss=6731371093.7500, style loss=985878525000000.0000, tv loss=46926268.0000
L-BFGS | iteration: 125, total loss=970987147362304.0000, content_loss=6735460156.2500, style loss=970980375000000.0000, tv loss=46863096.0000
L-BFGS | iteration: 126, total loss=955248105488384.0000, content_loss=6735188281.2500, style loss=955241325000000.0000, tv loss=46874336.0000
L-BFGS | iteration: 127, total loss=933640930328576.0000, content_loss=6739314843.7500, style loss=933634125000000.0000, tv loss=46924664.0000
L-BFGS | iteration: 128, total loss=918271524077568.0000, content_loss=6739137500.0000, style loss=918264750000000.0000, tv loss=47011384.0000
L-BFGS | iteration: 129, total loss=896912987258880.0000, content_loss=6758508593.7500, style loss=896906175000000.0000, tv loss=47038192.0000
L-BFGS | iteration: 130, total loss=887361449754624.0000, content_loss=6759699218.7500, style loss=887354625000000.0000, tv loss=47101148.0000
L-BFGS | iteration: 131, total loss=867679963447296.0000, content_loss=6769413281.2500, style loss=867673125000000.0000, tv loss=47199264.0000
L-BFGS | iteration: 132, total loss=851629066682368.0000, content_loss=6760135156.2500, style loss=851622225000000.0000, tv loss=47164888.0000
L-BFGS | iteration: 133, total loss=837316088168448.0000, content_loss=6761648437.5000, style loss=837309225000000.0000, tv loss=47149032.0000
L-BFGS | iteration: 134, total loss=827075275522048.0000, content_loss=6750177343.7500, style loss=827068425000000.0000, tv loss=47293148.0000
L-BFGS | iteration: 135, total loss=815996340273152.0000, content_loss=6766315625.0000, style loss=815989500000000.0000, tv loss=47296144.0000
L-BFGS | iteration: 136, total loss=809035540463616.0000, content_loss=6775126562.5000, style loss=809028675000000.0000, tv loss=47325156.0000
L-BFGS | iteration: 137, total loss=798047873269760.0000, content_loss=6782200781.2500, style loss=798041025000000.0000, tv loss=47442512.0000
L-BFGS | iteration: 138, total loss=782643704627200.0000, content_loss=6796789843.7500, style loss=782636850000000.0000, tv loss=47365000.0000
L-BFGS | iteration: 139, total loss=775718271188992.0000, content_loss=6793982812.5000, style loss=775711425000000.0000, tv loss=47389584.0000
L-BFGS | iteration: 140, total loss=770942603100160.0000, content_loss=6785450781.2500, style loss=770935725000000.0000, tv loss=47521852.0000
L-BFGS | iteration: 141, total loss=766033992351744.0000, content_loss=6790739062.5000, style loss=766027125000000.0000, tv loss=47470488.0000
L-BFGS | iteration: 142, total loss=755207252213760.0000, content_loss=6790732812.5000, style loss=755200425000000.0000, tv loss=47508004.0000
L-BFGS | iteration: 143, total loss=742101629272064.0000, content_loss=6800599218.7500, style loss=742094775000000.0000, tv loss=47543064.0000
L-BFGS | iteration: 144, total loss=724161752203264.0000, content_loss=6794956250.0000, style loss=724154925000000.0000, tv loss=47607464.0000
L-BFGS | iteration: 145, total loss=736003312582656.0000, content_loss=6802307812.5000, style loss=735996450000000.0000, tv loss=47725104.0000
L-BFGS | iteration: 146, total loss=719022823833600.0000, content_loss=6799546093.7500, style loss=719016000000000.0000, tv loss=47653032.0000
L-BFGS | iteration: 147, total loss=709763880976384.0000, content_loss=6829109375.0000, style loss=709756950000000.0000, tv loss=47650576.0000
L-BFGS | iteration: 148, total loss=698698635935744.0000, content_loss=6817746875.0000, style loss=698691750000000.0000, tv loss=47721984.0000
L-BFGS | iteration: 149, total loss=689123274784768.0000, content_loss=6809080468.7500, style loss=689116425000000.0000, tv loss=47773528.0000
L-BFGS | iteration: 150, total loss=688617408167936.0000, content_loss=6798496875.0000, style loss=688610550000000.0000, tv loss=47876636.0000
L-BFGS | iteration: 151, total loss=684742072598528.0000, content_loss=6804114843.7500, style loss=684735225000000.0000, tv loss=47829528.0000
L-BFGS | iteration: 152, total loss=676757594177536.0000, content_loss=6809954687.5000, style loss=676750725000000.0000, tv loss=47836004.0000
L-BFGS | iteration: 153, total loss=664896236683264.0000, content_loss=6820896093.7500, style loss=664889325000000.0000, tv loss=47863328.0000
L-BFGS | iteration: 154, total loss=654333301489664.0000, content_loss=6829315625.0000, style loss=654326400000000.0000, tv loss=47939312.0000
L-BFGS | iteration: 155, total loss=643444284325888.0000, content_loss=6854592968.7500, style loss=643437375000000.0000, tv loss=47944200.0000
L-BFGS | iteration: 156, total loss=638845448093696.0000, content_loss=6854308593.7500, style loss=638838525000000.0000, tv loss=48012224.0000
L-BFGS | iteration: 157, total loss=632023160979456.0000, content_loss=6855312500.0000, style loss=632016225000000.0000, tv loss=48042796.0000
L-BFGS | iteration: 158, total loss=622066889916416.0000, content_loss=6853933593.7500, style loss=622059975000000.0000, tv loss=48063768.0000
L-BFGS | iteration: 159, total loss=610435380281344.0000, content_loss=6846342187.5000, style loss=610428487500000.0000, tv loss=48190840.0000
L-BFGS | iteration: 160, total loss=597657382813696.0000, content_loss=6856500000.0000, style loss=597650475000000.0000, tv loss=48171060.0000
L-BFGS | iteration: 161, total loss=608478083153920.0000, content_loss=6840718750.0000, style loss=608471175000000.0000, tv loss=48294868.0000
L-BFGS | iteration: 162, total loss=592459801296896.0000, content_loss=6851767187.5000, style loss=592452900000000.0000, tv loss=48220504.0000
L-BFGS | iteration: 163, total loss=586095532179456.0000, content_loss=6854005468.7500, style loss=586088587500000.0000, tv loss=48272672.0000
L-BFGS | iteration: 164, total loss=578647522017280.0000, content_loss=6858919531.2500, style loss=578640600000000.0000, tv loss=48283684.0000
L-BFGS | iteration: 165, total loss=572022602072064.0000, content_loss=6868943750.0000, style loss=572015662500000.0000, tv loss=48357372.0000
L-BFGS | iteration: 166, total loss=562929619435520.0000, content_loss=6885725000.0000, style loss=562922700000000.0000, tv loss=48383040.0000
L-BFGS | iteration: 167, total loss=557916989947904.0000, content_loss=6874614062.5000, style loss=557910075000000.0000, tv loss=48400484.0000
L-BFGS | iteration: 168, total loss=551563089149952.0000, content_loss=6878675781.2500, style loss=551556187500000.0000, tv loss=48412928.0000
L-BFGS | iteration: 169, total loss=547836433268736.0000, content_loss=6882317187.5000, style loss=547829512500000.0000, tv loss=48530172.0000
L-BFGS | iteration: 170, total loss=542499701522432.0000, content_loss=6889039062.5000, style loss=542492775000000.0000, tv loss=48505880.0000
L-BFGS | iteration: 171, total loss=537543678361600.0000, content_loss=6892286718.7500, style loss=537536775000000.0000, tv loss=48522152.0000
L-BFGS | iteration: 172, total loss=529417499574272.0000, content_loss=6902642968.7500, style loss=529410562500000.0000, tv loss=48655164.0000
L-BFGS | iteration: 173, total loss=523064806735872.0000, content_loss=6911322656.2500, style loss=523057875000000.0000, tv loss=48617240.0000
L-BFGS | iteration: 174, total loss=520002931261440.0000, content_loss=6915046875.0000, style loss=519996000000000.0000, tv loss=48638432.0000
L-BFGS | iteration: 175, total loss=516847438921728.0000, content_loss=6914235156.2500, style loss=516840487500000.0000, tv loss=48716456.0000
L-BFGS | iteration: 176, total loss=512574516887552.0000, content_loss=6914909375.0000, style loss=512567587500000.0000, tv loss=48687484.0000
L-BFGS | iteration: 177, total loss=509700244242432.0000, content_loss=6913038281.2500, style loss=509693287500000.0000, tv loss=48704224.0000
L-BFGS | iteration: 178, total loss=503051399987200.0000, content_loss=6909084375.0000, style loss=503044462500000.0000, tv loss=48778660.0000
L-BFGS | iteration: 179, total loss=494569745547264.0000, content_loss=6912639843.7500, style loss=494562787500000.0000, tv loss=48835236.0000
L-BFGS | iteration: 180, total loss=490683135688704.0000, content_loss=6912102343.7500, style loss=490676175000000.0000, tv loss=48898720.0000
L-BFGS | iteration: 181, total loss=483951143550976.0000, content_loss=6927537500.0000, style loss=483944212500000.0000, tv loss=48837356.0000
L-BFGS | iteration: 182, total loss=480398400290816.0000, content_loss=6921861718.7500, style loss=480391462500000.0000, tv loss=48897968.0000
L-BFGS | iteration: 183, total loss=477705623568384.0000, content_loss=6917079687.5000, style loss=477698662500000.0000, tv loss=48953400.0000
L-BFGS | iteration: 184, total loss=473864144420864.0000, content_loss=6914157812.5000, style loss=473857200000000.0000, tv loss=49007496.0000
L-BFGS | iteration: 185, total loss=467076619698176.0000, content_loss=6914014843.7500, style loss=467069662500000.0000, tv loss=49078152.0000
L-BFGS | iteration: 186, total loss=460540853878784.0000, content_loss=6921965625.0000, style loss=460533900000000.0000, tv loss=49118448.0000
L-BFGS | iteration: 187, total loss=458530876293120.0000, content_loss=6917553906.2500, style loss=458523937500000.0000, tv loss=49166288.0000
L-BFGS | iteration: 188, total loss=456854798860288.0000, content_loss=6920106250.0000, style loss=456847837500000.0000, tv loss=49147836.0000
L-BFGS | iteration: 189, total loss=453514522263552.0000, content_loss=6926202343.7500, style loss=453507562500000.0000, tv loss=49117072.0000
L-BFGS | iteration: 190, total loss=448862703583232.0000, content_loss=6935703906.2500, style loss=448855725000000.0000, tv loss=49155816.0000
L-BFGS | iteration: 191, total loss=441288830746624.0000, content_loss=6933512500.0000, style loss=441281850000000.0000, tv loss=49201392.0000
L-BFGS | iteration: 192, total loss=435943576174592.0000, content_loss=6953555468.7500, style loss=435936600000000.0000, tv loss=49250104.0000
L-BFGS | iteration: 193, total loss=435089112563712.0000, content_loss=6946691406.2500, style loss=435082125000000.0000, tv loss=49356560.0000
L-BFGS | iteration: 194, total loss=433393338679296.0000, content_loss=6949876562.5000, style loss=433386375000000.0000, tv loss=49312152.0000
L-BFGS | iteration: 195, total loss=431293401661440.0000, content_loss=6944046875.0000, style loss=431286412500000.0000, tv loss=49307512.0000
L-BFGS | iteration: 196, total loss=427451184316416.0000, content_loss=6942400781.2500, style loss=427444200000000.0000, tv loss=49322592.0000
L-BFGS | iteration: 197, total loss=421318407225344.0000, content_loss=6940389062.5000, style loss=421311412500000.0000, tv loss=49391048.0000
L-BFGS | iteration: 198, total loss=414553263308800.0000, content_loss=6954850000.0000, style loss=414546300000000.0000, tv loss=49404668.0000
L-BFGS | iteration: 199, total loss=410081061502976.0000, content_loss=6953344531.2500, style loss=410074087500000.0000, tv loss=49536568.0000
L-BFGS | iteration: 200, total loss=407560653897728.0000, content_loss=6960800000.0000, style loss=407553675000000.0000, tv loss=49580788.0000
L-BFGS | iteration: 201, total loss=402848101695488.0000, content_loss=6962878906.2500, style loss=402841087500000.0000, tv loss=49572356.0000
L-BFGS | iteration: 202, total loss=400812622741504.0000, content_loss=6967792187.5000, style loss=400805625000000.0000, tv loss=49550024.0000
L-BFGS | iteration: 203, total loss=398108403957760.0000, content_loss=6972082812.5000, style loss=398101387500000.0000, tv loss=49583340.0000
L-BFGS | iteration: 204, total loss=393694922407936.0000, content_loss=6978127343.7500, style loss=393687900000000.0000, tv loss=49622404.0000
L-BFGS | iteration: 205, total loss=387996440330240.0000, content_loss=6977561718.7500, style loss=387989437500000.0000, tv loss=49709080.0000
L-BFGS | iteration: 206, total loss=381683475939328.0000, content_loss=6984670312.5000, style loss=381676462500000.0000, tv loss=49763624.0000
L-BFGS | iteration: 207, total loss=383218826084352.0000, content_loss=6975500000.0000, style loss=383211825000000.0000, tv loss=49830736.0000
L-BFGS | iteration: 208, total loss=380368007987200.0000, content_loss=6981117968.7500, style loss=380361000000000.0000, tv loss=49792760.0000
L-BFGS | iteration: 209, total loss=378521339822080.0000, content_loss=6980025781.2500, style loss=378514312500000.0000, tv loss=49783608.0000
L-BFGS | iteration: 210, total loss=374371898097664.0000, content_loss=6983734375.0000, style loss=374364900000000.0000, tv loss=49836596.0000
L-BFGS | iteration: 211, total loss=370529210990592.0000, content_loss=6982785937.5000, style loss=370522200000000.0000, tv loss=49850816.0000
L-BFGS | iteration: 212, total loss=368199325450240.0000, content_loss=6981082812.5000, style loss=368192325000000.0000, tv loss=49919920.0000
L-BFGS | iteration: 213, total loss=364777712910336.0000, content_loss=6991558593.7500, style loss=364770712500000.0000, tv loss=49958192.0000
L-BFGS | iteration: 214, total loss=362196068466688.0000, content_loss=6994000781.2500, style loss=362189062500000.0000, tv loss=49969240.0000
L-BFGS | iteration: 215, total loss=359462690881536.0000, content_loss=6997565625.0000, style loss=359455650000000.0000, tv loss=50024324.0000
L-BFGS | iteration: 216, total loss=355711406047232.0000, content_loss=7008718750.0000, style loss=355704375000000.0000, tv loss=50019368.0000
L-BFGS | iteration: 217, total loss=354203201437696.0000, content_loss=7006750781.2500, style loss=354196162500000.0000, tv loss=50069504.0000
L-BFGS | iteration: 218, total loss=352033236320256.0000, content_loss=7003773437.5000, style loss=352026187500000.0000, tv loss=50115088.0000
L-BFGS | iteration: 219, total loss=348621421674496.0000, content_loss=7004966406.2500, style loss=348614362500000.0000, tv loss=50150920.0000
L-BFGS | iteration: 220, total loss=345492672217088.0000, content_loss=7006599218.7500, style loss=345485625000000.0000, tv loss=50177492.0000
L-BFGS | iteration: 221, total loss=343736064147456.0000, content_loss=7005817187.5000, style loss=343729012500000.0000, tv loss=50218312.0000
L-BFGS | iteration: 222, total loss=341467381891072.0000, content_loss=7011251562.5000, style loss=341460337500000.0000, tv loss=50200904.0000
L-BFGS | iteration: 223, total loss=339059616514048.0000, content_loss=7013868750.0000, style loss=339052575000000.0000, tv loss=50230184.0000
L-BFGS | iteration: 224, total loss=334060106809344.0000, content_loss=7014878906.2500, style loss=334053075000000.0000, tv loss=50293288.0000
L-BFGS | iteration: 225, total loss=330074242940928.0000, content_loss=7024056250.0000, style loss=330067162500000.0000, tv loss=50348168.0000
L-BFGS | iteration: 226, total loss=331935440175104.0000, content_loss=7019837500.0000, style loss=331928362500000.0000, tv loss=50427892.0000
L-BFGS | iteration: 227, total loss=328918863183872.0000, content_loss=7022910156.2500, style loss=328911787500000.0000, tv loss=50381648.0000
L-BFGS | iteration: 228, total loss=327139370991616.0000, content_loss=7024776562.5000, style loss=327132300000000.0000, tv loss=50377236.0000
L-BFGS | iteration: 229, total loss=323286818881536.0000, content_loss=7024499218.7500, style loss=323279737500000.0000, tv loss=50435840.0000
L-BFGS | iteration: 230, total loss=319696830201856.0000, content_loss=7035908593.7500, style loss=319689712500000.0000, tv loss=50476616.0000
L-BFGS | iteration: 231, total loss=319077448941568.0000, content_loss=7030374218.7500, style loss=319070325000000.0000, tv loss=50568292.0000
L-BFGS | iteration: 232, total loss=318132925235200.0000, content_loss=7033147656.2500, style loss=318125812500000.0000, tv loss=50531360.0000
L-BFGS | iteration: 233, total loss=315725797392384.0000, content_loss=7029888281.2500, style loss=315718687500000.0000, tv loss=50554776.0000
L-BFGS | iteration: 234, total loss=313848963792896.0000, content_loss=7032067968.7500, style loss=313841850000000.0000, tv loss=50573436.0000
L-BFGS | iteration: 235, total loss=310454261907456.0000, content_loss=7029522656.2500, style loss=310447181250000.0000, tv loss=50625520.0000
L-BFGS | iteration: 236, total loss=307745110622208.0000, content_loss=7036291406.2500, style loss=307737993750000.0000, tv loss=50636864.0000
L-BFGS | iteration: 237, total loss=306993961107456.0000, content_loss=7032940625.0000, style loss=306986831250000.0000, tv loss=50702288.0000
L-BFGS | iteration: 238, total loss=305381066670080.0000, content_loss=7036363281.2500, style loss=305373937500000.0000, tv loss=50676528.0000
L-BFGS | iteration: 239, total loss=304350811389952.0000, content_loss=7037938281.2500, style loss=304343700000000.0000, tv loss=50678624.0000
L-BFGS | iteration: 240, total loss=300566878093312.0000, content_loss=7039707031.2500, style loss=300559781250000.0000, tv loss=50736136.0000
L-BFGS | iteration: 241, total loss=297521578508288.0000, content_loss=7041267968.7500, style loss=297514481250000.0000, tv loss=50764024.0000
L-BFGS | iteration: 242, total loss=295013653151744.0000, content_loss=7040866406.2500, style loss=295006556250000.0000, tv loss=50818924.0000
L-BFGS | iteration: 243, total loss=291827223625728.0000, content_loss=7047092187.5000, style loss=291820106250000.0000, tv loss=50853528.0000
L-BFGS | iteration: 244, total loss=290297141526528.0000, content_loss=7048615625.0000, style loss=290290031250000.0000, tv loss=50888360.0000
L-BFGS | iteration: 245, total loss=286438214074368.0000, content_loss=7060728125.0000, style loss=286431093750000.0000, tv loss=50944336.0000
L-BFGS | iteration: 246, total loss=288096843202560.0000, content_loss=7049034375.0000, style loss=288089737500000.0000, tv loss=51076544.0000
L-BFGS | iteration: 247, total loss=284955577942016.0000, content_loss=7056184375.0000, style loss=284948456250000.0000, tv loss=51002884.0000
L-BFGS | iteration: 248, total loss=282799034597376.0000, content_loss=7052778125.0000, style loss=282791906250000.0000, tv loss=51090864.0000
L-BFGS | iteration: 249, total loss=280525403062272.0000, content_loss=7057303125.0000, style loss=280518281250000.0000, tv loss=51063560.0000
L-BFGS | iteration: 250, total loss=279110261669888.0000, content_loss=7060799218.7500, style loss=279103143750000.0000, tv loss=51045560.0000
L-BFGS | iteration: 251, total loss=278128710647808.0000, content_loss=7061972656.2500, style loss=278121600000000.0000, tv loss=51101696.0000
L-BFGS | iteration: 252, total loss=276365895008256.0000, content_loss=7064128906.2500, style loss=276358781250000.0000, tv loss=51101704.0000
L-BFGS | iteration: 253, total loss=274498053996544.0000, content_loss=7064574218.7500, style loss=274490943750000.0000, tv loss=51135352.0000
L-BFGS | iteration: 254, total loss=271833462996992.0000, content_loss=7066939062.5000, style loss=271826343750000.0000, tv loss=51178944.0000
L-BFGS | iteration: 255, total loss=269210664042496.0000, content_loss=7065262500.0000, style loss=269203556250000.0000, tv loss=51236984.0000
L-BFGS | iteration: 256, total loss=268260587077632.0000, content_loss=7076958593.7500, style loss=268253456250000.0000, tv loss=51234076.0000
L-BFGS | iteration: 257, total loss=266333220503552.0000, content_loss=7075076562.5000, style loss=266326087500000.0000, tv loss=51274004.0000
L-BFGS | iteration: 258, total loss=265558884876288.0000, content_loss=7074330468.7500, style loss=265551750000000.0000, tv loss=51267128.0000
L-BFGS | iteration: 259, total loss=263724262752256.0000, content_loss=7070603125.0000, style loss=263717156250000.0000, tv loss=51294064.0000
L-BFGS | iteration: 260, total loss=261361409982464.0000, content_loss=7074396093.7500, style loss=261354281250000.0000, tv loss=51338520.0000
L-BFGS | iteration: 261, total loss=259066857259008.0000, content_loss=7068178125.0000, style loss=259059750000000.0000, tv loss=51411324.0000
L-BFGS | iteration: 262, total loss=256798862868480.0000, content_loss=7085062500.0000, style loss=256791731250000.0000, tv loss=51436268.0000
L-BFGS | iteration: 263, total loss=256744303362048.0000, content_loss=7089796875.0000, style loss=256737150000000.0000, tv loss=51508908.0000
L-BFGS | iteration: 264, total loss=255699636453376.0000, content_loss=7088583593.7500, style loss=255692493750000.0000, tv loss=51475780.0000
L-BFGS | iteration: 265, total loss=254643795918848.0000, content_loss=7088746875.0000, style loss=254636643750000.0000, tv loss=51476264.0000
L-BFGS | iteration: 266, total loss=253372150054912.0000, content_loss=7090775781.2500, style loss=253365000000000.0000, tv loss=51505132.0000
L-BFGS | iteration: 267, total loss=251348784250880.0000, content_loss=7090279687.5000, style loss=251341631250000.0000, tv loss=51528664.0000
L-BFGS | iteration: 268, total loss=249330283839488.0000, content_loss=7096167187.5000, style loss=249323137500000.0000, tv loss=51584216.0000
L-BFGS | iteration: 269, total loss=251196396797952.0000, content_loss=7092575000.0000, style loss=251189250000000.0000, tv loss=51675264.0000
L-BFGS | iteration: 270, total loss=248715935744000.0000, content_loss=7095241406.2500, style loss=248708793750000.0000, tv loss=51618400.0000
L-BFGS | iteration: 271, total loss=247702642229248.0000, content_loss=7095514843.7500, style loss=247695487500000.0000, tv loss=51609440.0000
L-BFGS | iteration: 272, total loss=246393432178688.0000, content_loss=7095599218.7500, style loss=246386287500000.0000, tv loss=51632648.0000
L-BFGS | iteration: 273, total loss=244271382790144.0000, content_loss=7094951562.5000, style loss=244264237500000.0000, tv loss=51658452.0000
L-BFGS | iteration: 274, total loss=241828032937984.0000, content_loss=7097094531.2500, style loss=241820887500000.0000, tv loss=51720616.0000
L-BFGS | iteration: 275, total loss=241032021147648.0000, content_loss=7091503125.0000, style loss=241024875000000.0000, tv loss=51777776.0000
L-BFGS | iteration: 276, total loss=239077727141888.0000, content_loss=7094276562.5000, style loss=239070581250000.0000, tv loss=51755904.0000
L-BFGS | iteration: 277, total loss=238154929930240.0000, content_loss=7098317187.5000, style loss=238147781250000.0000, tv loss=51790324.0000
L-BFGS | iteration: 278, total loss=237096606367744.0000, content_loss=7100638281.2500, style loss=237089456250000.0000, tv loss=51825312.0000
L-BFGS | iteration: 279, total loss=236188774432768.0000, content_loss=7106071093.7500, style loss=236181618750000.0000, tv loss=51840056.0000
L-BFGS | iteration: 280, total loss=235082853908480.0000, content_loss=7107458593.7500, style loss=235075687500000.0000, tv loss=51887052.0000
L-BFGS | iteration: 281, total loss=233565774151680.0000, content_loss=7110128125.0000, style loss=233558606250000.0000, tv loss=51884096.0000
L-BFGS | iteration: 282, total loss=232725621506048.0000, content_loss=7110927343.7500, style loss=232718456250000.0000, tv loss=51900448.0000
L-BFGS | iteration: 283, total loss=230764062965760.0000, content_loss=7114765625.0000, style loss=230756906250000.0000, tv loss=51940548.0000
L-BFGS | iteration: 284, total loss=229839118270464.0000, content_loss=7105643750.0000, style loss=229831950000000.0000, tv loss=52025656.0000
L-BFGS | iteration: 285, total loss=228818124013568.0000, content_loss=7116826562.5000, style loss=228810956250000.0000, tv loss=51995064.0000
L-BFGS | iteration: 286, total loss=227319096541184.0000, content_loss=7120184375.0000, style loss=227311931250000.0000, tv loss=52025980.0000
L-BFGS | iteration: 287, total loss=226847052791808.0000, content_loss=7116766406.2500, style loss=226839881250000.0000, tv loss=52036496.0000
L-BFGS | iteration: 288, total loss=226125330513920.0000, content_loss=7114025000.0000, style loss=226118175000000.0000, tv loss=52051900.0000
L-BFGS | iteration: 289, total loss=224956747087872.0000, content_loss=7114400000.0000, style loss=224949581250000.0000, tv loss=52076484.0000
L-BFGS | iteration: 290, total loss=222885012570112.0000, content_loss=7116399218.7500, style loss=222877856250000.0000, tv loss=52152896.0000
L-BFGS | iteration: 291, total loss=221831705395200.0000, content_loss=7119108593.7500, style loss=221824537500000.0000, tv loss=52151056.0000
L-BFGS | iteration: 292, total loss=220561653366784.0000, content_loss=7120235156.2500, style loss=220554487500000.0000, tv loss=52199796.0000
L-BFGS | iteration: 293, total loss=220023339614208.0000, content_loss=7122903125.0000, style loss=220016156250000.0000, tv loss=52205196.0000
L-BFGS | iteration: 294, total loss=218920388657152.0000, content_loss=7124096093.7500, style loss=218913206250000.0000, tv loss=52220664.0000
L-BFGS | iteration: 295, total loss=216469874933760.0000, content_loss=7130740625.0000, style loss=216462693750000.0000, tv loss=52287808.0000
L-BFGS | iteration: 296, total loss=214883924705280.0000, content_loss=7132236718.7500, style loss=214876743750000.0000, tv loss=52301960.0000
L-BFGS | iteration: 297, total loss=216808489484288.0000, content_loss=7121004687.5000, style loss=216801318750000.0000, tv loss=52398824.0000
L-BFGS | iteration: 298, total loss=214160893804544.0000, content_loss=7128445312.5000, style loss=214153706250000.0000, tv loss=52340856.0000
L-BFGS | iteration: 299, total loss=213502421630976.0000, content_loss=7129291406.2500, style loss=213495243750000.0000, tv loss=52353636.0000
L-BFGS | iteration: 300, total loss=212091206107136.0000, content_loss=7130698437.5000, style loss=212084025000000.0000, tv loss=52393492.0000
L-BFGS | iteration: 301, total loss=210313861398528.0000, content_loss=7133139062.5000, style loss=210306675000000.0000, tv loss=52436184.0000
L-BFGS | iteration: 302, total loss=210399727190016.0000, content_loss=7129441406.2500, style loss=210392550000000.0000, tv loss=52547344.0000
L-BFGS | iteration: 303, total loss=209276106702848.0000, content_loss=7131932031.2500, style loss=209268918750000.0000, tv loss=52495800.0000
L-BFGS | iteration: 304, total loss=207851603623936.0000, content_loss=7137363281.2500, style loss=207844425000000.0000, tv loss=52533928.0000
L-BFGS | iteration: 305, total loss=207058662064128.0000, content_loss=7138885156.2500, style loss=207051468750000.0000, tv loss=52530932.0000
L-BFGS | iteration: 306, total loss=206461409951744.0000, content_loss=7142178125.0000, style loss=206454206250000.0000, tv loss=52523600.0000
L-BFGS | iteration: 307, total loss=205669340807168.0000, content_loss=7142943750.0000, style loss=205662150000000.0000, tv loss=52573372.0000
L-BFGS | iteration: 308, total loss=204873295462400.0000, content_loss=7144368750.0000, style loss=204866100000000.0000, tv loss=52593076.0000
L-BFGS | iteration: 309, total loss=203794973458432.0000, content_loss=7147933593.7500, style loss=203787768750000.0000, tv loss=52622648.0000
L-BFGS | iteration: 310, total loss=203344672980992.0000, content_loss=7147965625.0000, style loss=203337468750000.0000, tv loss=52656536.0000
L-BFGS | iteration: 311, total loss=202534736101376.0000, content_loss=7148651562.5000, style loss=202527543750000.0000, tv loss=52663416.0000
L-BFGS | iteration: 312, total loss=201635527655424.0000, content_loss=7147225000.0000, style loss=201628331250000.0000, tv loss=52692520.0000
L-BFGS | iteration: 313, total loss=199893649981440.0000, content_loss=7148345312.5000, style loss=199886456250000.0000, tv loss=52720352.0000
L-BFGS | iteration: 314, total loss=200504760074240.0000, content_loss=7140762500.0000, style loss=200497556250000.0000, tv loss=52892392.0000
L-BFGS | iteration: 315, total loss=198939496153088.0000, content_loss=7145784375.0000, style loss=198932306250000.0000, tv loss=52799820.0000
L-BFGS | iteration: 316, total loss=197921739898880.0000, content_loss=7150501562.5000, style loss=197914537500000.0000, tv loss=52790624.0000
L-BFGS | iteration: 317, total loss=200469561475072.0000, content_loss=7145675781.2500, style loss=200462362500000.0000, tv loss=52841936.0000
L-BFGS | iteration: 318, total loss=197127187726336.0000, content_loss=7149842968.7500, style loss=197119987500000.0000, tv loss=52809872.0000
L-BFGS | iteration: 319, total loss=196659405389824.0000, content_loss=7152564843.7500, style loss=196652212500000.0000, tv loss=52818864.0000
L-BFGS | iteration: 320, total loss=195332092723200.0000, content_loss=7152600000.0000, style loss=195324900000000.0000, tv loss=52862680.0000
L-BFGS | iteration: 321, total loss=194202281443328.0000, content_loss=7156652343.7500, style loss=194195062500000.0000, tv loss=52891668.0000
L-BFGS | iteration: 322, total loss=193797279449088.0000, content_loss=7150677343.7500, style loss=193790081250000.0000, tv loss=52957608.0000
L-BFGS | iteration: 323, total loss=193555804979200.0000, content_loss=7153089062.5000, style loss=193548600000000.0000, tv loss=52934900.0000
L-BFGS | iteration: 324, total loss=192806232522752.0000, content_loss=7150150000.0000, style loss=192799031250000.0000, tv loss=52942232.0000
L-BFGS | iteration: 325, total loss=191418354106368.0000, content_loss=7150439843.7500, style loss=191411156250000.0000, tv loss=52978040.0000
L-BFGS | iteration: 326, total loss=189972963393536.0000, content_loss=7155558593.7500, style loss=189965756250000.0000, tv loss=53016936.0000
L-BFGS | iteration: 327, total loss=188440666701824.0000, content_loss=7160546093.7500, style loss=188433450000000.0000, tv loss=53140424.0000
L-BFGS | iteration: 328, total loss=188100693196800.0000, content_loss=7177189062.5000, style loss=188093456250000.0000, tv loss=53132128.0000
L-BFGS | iteration: 329, total loss=186944390692864.0000, content_loss=7174001562.5000, style loss=186937162500000.0000, tv loss=53169600.0000
L-BFGS | iteration: 330, total loss=186329858048000.0000, content_loss=7168433593.7500, style loss=186322650000000.0000, tv loss=53152068.0000
L-BFGS | iteration: 331, total loss=185693129146368.0000, content_loss=7168496093.7500, style loss=185685918750000.0000, tv loss=53163024.0000
L-BFGS | iteration: 332, total loss=184375480156160.0000, content_loss=7164839062.5000, style loss=184368262500000.0000, tv loss=53236648.0000
L-BFGS | iteration: 333, total loss=183523684122624.0000, content_loss=7168076562.5000, style loss=183516468750000.0000, tv loss=53222964.0000
L-BFGS | iteration: 334, total loss=183054626717696.0000, content_loss=7167978125.0000, style loss=183047418750000.0000, tv loss=53247532.0000
L-BFGS | iteration: 335, total loss=182462508433408.0000, content_loss=7166471875.0000, style loss=182455293750000.0000, tv loss=53287464.0000
L-BFGS | iteration: 336, total loss=181601820475392.0000, content_loss=7169894531.2500, style loss=181594612500000.0000, tv loss=53303432.0000
L-BFGS | iteration: 337, total loss=180764956164096.0000, content_loss=7171819531.2500, style loss=180757743750000.0000, tv loss=53330944.0000
L-BFGS | iteration: 338, total loss=179855647834112.0000, content_loss=7173750000.0000, style loss=179848425000000.0000, tv loss=53351512.0000
L-BFGS | iteration: 339, total loss=178767460827136.0000, content_loss=7177775781.2500, style loss=178760231250000.0000, tv loss=53404032.0000
L-BFGS | iteration: 340, total loss=177607031128064.0000, content_loss=7173485937.5000, style loss=177599793750000.0000, tv loss=53427624.0000
L-BFGS | iteration: 341, total loss=177400872697856.0000, content_loss=7173067187.5000, style loss=177393637500000.0000, tv loss=53497000.0000
L-BFGS | iteration: 342, total loss=177161461825536.0000, content_loss=7173483593.7500, style loss=177154237500000.0000, tv loss=53469768.0000
L-BFGS | iteration: 343, total loss=176652793413632.0000, content_loss=7179445312.5000, style loss=176645568750000.0000, tv loss=53497688.0000
L-BFGS | iteration: 344, total loss=176029435953152.0000, content_loss=7175411718.7500, style loss=176022206250000.0000, tv loss=53510648.0000
L-BFGS | iteration: 345, total loss=175512781586432.0000, content_loss=7173730468.7500, style loss=175505550000000.0000, tv loss=53510488.0000
L-BFGS | iteration: 346, total loss=174934806495232.0000, content_loss=7173778125.0000, style loss=174927581250000.0000, tv loss=53536908.0000
L-BFGS | iteration: 347, total loss=174296584421376.0000, content_loss=7178736718.7500, style loss=174289350000000.0000, tv loss=53547528.0000
L-BFGS | iteration: 348, total loss=173809508286464.0000, content_loss=7179322656.2500, style loss=173802281250000.0000, tv loss=53583744.0000
L-BFGS | iteration: 349, total loss=173259349819392.0000, content_loss=7181461718.7500, style loss=173252118750000.0000, tv loss=53596424.0000
L-BFGS | iteration: 350, total loss=172632704024576.0000, content_loss=7181898437.5000, style loss=172625475000000.0000, tv loss=53619892.0000
L-BFGS | iteration: 351, total loss=171631741763584.0000, content_loss=7181608593.7500, style loss=171624506250000.0000, tv loss=53661484.0000
L-BFGS | iteration: 352, total loss=170774711238656.0000, content_loss=7184185156.2500, style loss=170767481250000.0000, tv loss=53686184.0000
L-BFGS | iteration: 353, total loss=170697804480512.0000, content_loss=7183382812.5000, style loss=170690568750000.0000, tv loss=53738176.0000
L-BFGS | iteration: 354, total loss=170499783000064.0000, content_loss=7183890625.0000, style loss=170492550000000.0000, tv loss=53715904.0000
L-BFGS | iteration: 355, total loss=170117967118336.0000, content_loss=7186209375.0000, style loss=170110743750000.0000, tv loss=53719344.0000
L-BFGS | iteration: 356, total loss=169340024389632.0000, content_loss=7188246875.0000, style loss=169332787500000.0000, tv loss=53739544.0000
L-BFGS | iteration: 357, total loss=168269050806272.0000, content_loss=7193399218.7500, style loss=168261806250000.0000, tv loss=53763092.0000
L-BFGS | iteration: 358, total loss=167369909469184.0000, content_loss=7192692187.5000, style loss=167362668750000.0000, tv loss=53841224.0000
L-BFGS | iteration: 359, total loss=166876776759296.0000, content_loss=7195119531.2500, style loss=166869525000000.0000, tv loss=53828656.0000
L-BFGS | iteration: 360, total loss=166396679946240.0000, content_loss=7193585937.5000, style loss=166389431250000.0000, tv loss=53851252.0000
L-BFGS | iteration: 361, total loss=166119033798656.0000, content_loss=7193453125.0000, style loss=166111781250000.0000, tv loss=53861768.0000
L-BFGS | iteration: 362, total loss=165187076227072.0000, content_loss=7194563281.2500, style loss=165179831250000.0000, tv loss=53895944.0000
L-BFGS | iteration: 363, total loss=164290115928064.0000, content_loss=7193123437.5000, style loss=164282868750000.0000, tv loss=53930464.0000
L-BFGS | iteration: 364, total loss=163436893831168.0000, content_loss=7196631250.0000, style loss=163429650000000.0000, tv loss=53985112.0000
L-BFGS | iteration: 365, total loss=162751695552512.0000, content_loss=7202903125.0000, style loss=162744450000000.0000, tv loss=53977840.0000
L-BFGS | iteration: 366, total loss=162351609282560.0000, content_loss=7200310937.5000, style loss=162344362500000.0000, tv loss=54013608.0000
L-BFGS | iteration: 367, total loss=161998297890816.0000, content_loss=7199166406.2500, style loss=161991056250000.0000, tv loss=54021708.0000
L-BFGS | iteration: 368, total loss=161609066479616.0000, content_loss=7200609375.0000, style loss=161601825000000.0000, tv loss=54035552.0000
L-BFGS | iteration: 369, total loss=160754317656064.0000, content_loss=7205997656.2500, style loss=160747050000000.0000, tv loss=54084500.0000
L-BFGS | iteration: 370, total loss=160142704246784.0000, content_loss=7209395312.5000, style loss=160135443750000.0000, tv loss=54090532.0000
L-BFGS | iteration: 371, total loss=159789023756288.0000, content_loss=7209891406.2500, style loss=159781762500000.0000, tv loss=54131812.0000
L-BFGS | iteration: 372, total loss=159393819656192.0000, content_loss=7210261718.7500, style loss=159386550000000.0000, tv loss=54138028.0000
L-BFGS | iteration: 373, total loss=158872534777856.0000, content_loss=7209467968.7500, style loss=158865262500000.0000, tv loss=54159072.0000
L-BFGS | iteration: 374, total loss=157784414879744.0000, content_loss=7209500000.0000, style loss=157777143750000.0000, tv loss=54202196.0000
L-BFGS | iteration: 375, total loss=157465597444096.0000, content_loss=7203110156.2500, style loss=157458356250000.0000, tv loss=54254408.0000
L-BFGS | iteration: 376, total loss=157128526397440.0000, content_loss=7206060937.5000, style loss=157121268750000.0000, tv loss=54234216.0000
L-BFGS | iteration: 377, total loss=156742247776256.0000, content_loss=7205515625.0000, style loss=156735000000000.0000, tv loss=54221680.0000
L-BFGS | iteration: 378, total loss=156310117023744.0000, content_loss=7204894531.2500, style loss=156302868750000.0000, tv loss=54267000.0000
L-BFGS | iteration: 379, total loss=156065471660032.0000, content_loss=7208012500.0000, style loss=156058200000000.0000, tv loss=54269324.0000
L-BFGS | iteration: 380, total loss=155792086925312.0000, content_loss=7209456250.0000, style loss=155784815625000.0000, tv loss=54276696.0000
L-BFGS | iteration: 381, total loss=155072696680448.0000, content_loss=7212281250.0000, style loss=155065425000000.0000, tv loss=54344536.0000
L-BFGS | iteration: 382, total loss=154552619761664.0000, content_loss=7215871093.7500, style loss=154545346875000.0000, tv loss=54324060.0000
L-BFGS | iteration: 383, total loss=154267071545344.0000, content_loss=7216082031.2500, style loss=154259803125000.0000, tv loss=54339880.0000
L-BFGS | iteration: 384, total loss=153870894366720.0000, content_loss=7214067968.7500, style loss=153863625000000.0000, tv loss=54395296.0000
L-BFGS | iteration: 385, total loss=153411416752128.0000, content_loss=7215232812.5000, style loss=153404146875000.0000, tv loss=54383932.0000
L-BFGS | iteration: 386, total loss=153126355075072.0000, content_loss=7215307812.5000, style loss=153119090625000.0000, tv loss=54389016.0000
L-BFGS | iteration: 387, total loss=152487344472064.0000, content_loss=7215042187.5000, style loss=152480071875000.0000, tv loss=54424212.0000
L-BFGS | iteration: 388, total loss=152078919925760.0000, content_loss=7216878125.0000, style loss=152071650000000.0000, tv loss=54427304.0000
L-BFGS | iteration: 389, total loss=151797113028608.0000, content_loss=7217326562.5000, style loss=151789846875000.0000, tv loss=54452036.0000
L-BFGS | iteration: 390, total loss=151055123873792.0000, content_loss=7219472656.2500, style loss=151047853125000.0000, tv loss=54479912.0000
L-BFGS | iteration: 391, total loss=150475135516672.0000, content_loss=7216002343.7500, style loss=150467878125000.0000, tv loss=54567720.0000
L-BFGS | iteration: 392, total loss=149987505733632.0000, content_loss=7222627343.7500, style loss=149980228125000.0000, tv loss=54547968.0000
L-BFGS | iteration: 393, total loss=149533161947136.0000, content_loss=7223769531.2500, style loss=149525878125000.0000, tv loss=54556888.0000
L-BFGS | iteration: 394, total loss=149354484596736.0000, content_loss=7222694531.2500, style loss=149347200000000.0000, tv loss=54571076.0000
L-BFGS | iteration: 395, total loss=148997616435200.0000, content_loss=7221484375.0000, style loss=148990350000000.0000, tv loss=54597512.0000
L-BFGS | iteration: 396, total loss=148559680765952.0000, content_loss=7221735937.5000, style loss=148552415625000.0000, tv loss=54618376.0000
L-BFGS | iteration: 397, total loss=147780379082752.0000, content_loss=7223267968.7500, style loss=147773100000000.0000, tv loss=54662008.0000
L-BFGS | iteration: 398, total loss=147306724720640.0000, content_loss=7226207031.2500, style loss=147299446875000.0000, tv loss=54673488.0000
L-BFGS | iteration: 399, total loss=146962070372352.0000, content_loss=7226188281.2500, style loss=146954793750000.0000, tv loss=54714244.0000
L-BFGS | iteration: 400, total loss=146737742217216.0000, content_loss=7227656250.0000, style loss=146730468750000.0000, tv loss=54696560.0000
L-BFGS | iteration: 401, total loss=146462864310272.0000, content_loss=7229381250.0000, style loss=146455575000000.0000, tv loss=54699924.0000
L-BFGS | iteration: 402, total loss=145640310964224.0000, content_loss=7234264062.5000, style loss=145633021875000.0000, tv loss=54756648.0000
L-BFGS | iteration: 403, total loss=145107433029632.0000, content_loss=7234891406.2500, style loss=145100146875000.0000, tv loss=54761728.0000
L-BFGS | iteration: 404, total loss=144718990147584.0000, content_loss=7237548437.5000, style loss=144711703125000.0000, tv loss=54789932.0000
L-BFGS | iteration: 405, total loss=144515046309888.0000, content_loss=7237383593.7500, style loss=144507768750000.0000, tv loss=54843384.0000
L-BFGS | iteration: 406, total loss=144035620585472.0000, content_loss=7238379687.5000, style loss=144028340625000.0000, tv loss=54825808.0000
L-BFGS | iteration: 407, total loss=143846994345984.0000, content_loss=7238288281.2500, style loss=143839715625000.0000, tv loss=54837224.0000
L-BFGS | iteration: 408, total loss=143404377833472.0000, content_loss=7237778125.0000, style loss=143397103125000.0000, tv loss=54871940.0000
L-BFGS | iteration: 409, total loss=143160537776128.0000, content_loss=7238007031.2500, style loss=143153250000000.0000, tv loss=54873296.0000
L-BFGS | iteration: 410, total loss=142690658287616.0000, content_loss=7237572656.2500, style loss=142683375000000.0000, tv loss=54893256.0000
L-BFGS | iteration: 411, total loss=141939810762752.0000, content_loss=7238985156.2500, style loss=141932521875000.0000, tv loss=54939228.0000
L-BFGS | iteration: 412, total loss=141365795094528.0000, content_loss=7240556250.0000, style loss=141358500000000.0000, tv loss=54964288.0000
L-BFGS | iteration: 413, total loss=141182067802112.0000, content_loss=7245950000.0000, style loss=141174768750000.0000, tv loss=54956664.0000
L-BFGS | iteration: 414, total loss=140767670566912.0000, content_loss=7246277343.7500, style loss=140760365625000.0000, tv loss=55000224.0000
L-BFGS | iteration: 415, total loss=140598136799232.0000, content_loss=7246027343.7500, style loss=140590828125000.0000, tv loss=55004552.0000
L-BFGS | iteration: 416, total loss=140194971910144.0000, content_loss=7245901562.5000, style loss=140187665625000.0000, tv loss=55020352.0000
L-BFGS | iteration: 417, total loss=139644905717760.0000, content_loss=7245480468.7500, style loss=139637596875000.0000, tv loss=55045560.0000
L-BFGS | iteration: 418, total loss=139207079100416.0000, content_loss=7244721875.0000, style loss=139199775000000.0000, tv loss=55089388.0000
L-BFGS | iteration: 419, total loss=138707059343360.0000, content_loss=7246600781.2500, style loss=138699750000000.0000, tv loss=55085952.0000
L-BFGS | iteration: 420, total loss=138482747965440.0000, content_loss=7245809375.0000, style loss=138475443750000.0000, tv loss=55108580.0000
L-BFGS | iteration: 421, total loss=138184650391552.0000, content_loss=7247013281.2500, style loss=138177346875000.0000, tv loss=55126156.0000
L-BFGS | iteration: 422, total loss=137741908049920.0000, content_loss=7247839062.5000, style loss=137734603125000.0000, tv loss=55154104.0000
L-BFGS | iteration: 423, total loss=137199475490816.0000, content_loss=7249936718.7500, style loss=137192165625000.0000, tv loss=55178648.0000
L-BFGS | iteration: 424, total loss=136916099923968.0000, content_loss=7249219531.2500, style loss=136908796875000.0000, tv loss=55210732.0000
L-BFGS | iteration: 425, total loss=136521751461888.0000, content_loss=7250358593.7500, style loss=136514446875000.0000, tv loss=55202632.0000
L-BFGS | iteration: 426, total loss=136324669505536.0000, content_loss=7250329687.5000, style loss=136317365625000.0000, tv loss=55219276.0000
L-BFGS | iteration: 427, total loss=135743204753408.0000, content_loss=7250803125.0000, style loss=135735900000000.0000, tv loss=55257208.0000
L-BFGS | iteration: 428, total loss=135234259517440.0000, content_loss=7252050000.0000, style loss=135226940625000.0000, tv loss=55288696.0000
L-BFGS | iteration: 429, total loss=135004831088640.0000, content_loss=7251739843.7500, style loss=134997525000000.0000, tv loss=55314948.0000
L-BFGS | iteration: 430, total loss=134666182983680.0000, content_loss=7255067968.7500, style loss=134658871875000.0000, tv loss=55301372.0000
L-BFGS | iteration: 431, total loss=134402008940544.0000, content_loss=7254807031.2500, style loss=134394693750000.0000, tv loss=55320380.0000
L-BFGS | iteration: 432, total loss=133819185233920.0000, content_loss=7254687500.0000, style loss=133811868750000.0000, tv loss=55361880.0000
L-BFGS | iteration: 433, total loss=133395971571712.0000, content_loss=7253608593.7500, style loss=133388653125000.0000, tv loss=55382624.0000
L-BFGS | iteration: 434, total loss=133152928432128.0000, content_loss=7252308593.7500, style loss=133145615625000.0000, tv loss=55410960.0000
L-BFGS | iteration: 435, total loss=132831518916608.0000, content_loss=7253816406.2500, style loss=132824203125000.0000, tv loss=55405552.0000
L-BFGS | iteration: 436, total loss=132570851311616.0000, content_loss=7254088281.2500, style loss=132563540625000.0000, tv loss=55421588.0000
L-BFGS | iteration: 437, total loss=131980234588160.0000, content_loss=7254354687.5000, style loss=131972915625000.0000, tv loss=55455800.0000
L-BFGS | iteration: 438, total loss=131359183994880.0000, content_loss=7255866406.2500, style loss=131351868750000.0000, tv loss=55499764.0000
L-BFGS | iteration: 439, total loss=132068071702528.0000, content_loss=7251851562.5000, style loss=132060768750000.0000, tv loss=55561260.0000
L-BFGS | iteration: 440, total loss=131203533373440.0000, content_loss=7254825000.0000, style loss=131196215625000.0000, tv loss=55520696.0000
L-BFGS | iteration: 441, total loss=130925056753664.0000, content_loss=7256182031.2500, style loss=130917740625000.0000, tv loss=55518624.0000
L-BFGS | iteration: 442, total loss=130549632991232.0000, content_loss=7257452343.7500, style loss=130542318750000.0000, tv loss=55536812.0000
L-BFGS | iteration: 443, total loss=130033574215680.0000, content_loss=7261208593.7500, style loss=130026253125000.0000, tv loss=55569336.0000
L-BFGS | iteration: 444, total loss=129512197062656.0000, content_loss=7263232812.5000, style loss=129504871875000.0000, tv loss=55590824.0000
L-BFGS | iteration: 445, total loss=129548142247936.0000, content_loss=7263336718.7500, style loss=129540815625000.0000, tv loss=55645652.0000
L-BFGS | iteration: 446, total loss=129363894861824.0000, content_loss=7263496093.7500, style loss=129356568750000.0000, tv loss=55618576.0000
L-BFGS | iteration: 447, total loss=129081148440576.0000, content_loss=7266589843.7500, style loss=129073828125000.0000, tv loss=55635700.0000
L-BFGS | iteration: 448, total loss=128751828467712.0000, content_loss=7266081250.0000, style loss=128744503125000.0000, tv loss=55641464.0000
L-BFGS | iteration: 449, total loss=128295572078592.0000, content_loss=7267368750.0000, style loss=128288250000000.0000, tv loss=55663880.0000
L-BFGS | iteration: 450, total loss=127910585303040.0000, content_loss=7268482031.2500, style loss=127903265625000.0000, tv loss=55698112.0000
L-BFGS | iteration: 451, total loss=127668087422976.0000, content_loss=7271464062.5000, style loss=127660753125000.0000, tv loss=55694512.0000
L-BFGS | iteration: 452, total loss=127410498437120.0000, content_loss=7271357031.2500, style loss=127403165625000.0000, tv loss=55719856.0000
L-BFGS | iteration: 453, total loss=127235260416000.0000, content_loss=7271240625.0000, style loss=127227928125000.0000, tv loss=55730744.0000
L-BFGS | iteration: 454, total loss=127009581694976.0000, content_loss=7271468750.0000, style loss=127002253125000.0000, tv loss=55741108.0000
L-BFGS | iteration: 455, total loss=126533771460608.0000, content_loss=7271801562.5000, style loss=126526443750000.0000, tv loss=55772540.0000
L-BFGS | iteration: 456, total loss=125915950481408.0000, content_loss=7273054687.5000, style loss=125908621875000.0000, tv loss=55805596.0000
L-BFGS | iteration: 457, total loss=125478761398272.0000, content_loss=7270885937.5000, style loss=125471428125000.0000, tv loss=55873488.0000
L-BFGS | iteration: 458, total loss=125114712588288.0000, content_loss=7273798437.5000, style loss=125107378125000.0000, tv loss=55875968.0000
L-BFGS | iteration: 459, total loss=124878439055360.0000, content_loss=7272948437.5000, style loss=124871109375000.0000, tv loss=55888552.0000
L-BFGS | iteration: 460, total loss=124782339162112.0000, content_loss=7273387500.0000, style loss=124775006250000.0000, tv loss=55884808.0000
L-BFGS | iteration: 461, total loss=124549731450880.0000, content_loss=7273935156.2500, style loss=124542403125000.0000, tv loss=55895176.0000
L-BFGS | iteration: 462, total loss=124045844545536.0000, content_loss=7276176562.5000, style loss=124038515625000.0000, tv loss=55919436.0000
L-BFGS | iteration: 463, total loss=123641975013376.0000, content_loss=7275304687.5000, style loss=123634640625000.0000, tv loss=55953760.0000
L-BFGS | iteration: 464, total loss=123185643126784.0000, content_loss=7276698437.5000, style loss=123178312500000.0000, tv loss=55968808.0000
L-BFGS | iteration: 465, total loss=123018617552896.0000, content_loss=7272385156.2500, style loss=123011287500000.0000, tv loss=56030960.0000
L-BFGS | iteration: 466, total loss=122652740026368.0000, content_loss=7273547656.2500, style loss=122645409375000.0000, tv loss=56031804.0000
L-BFGS | iteration: 467, total loss=122469348278272.0000, content_loss=7274135937.5000, style loss=122462015625000.0000, tv loss=56029480.0000
L-BFGS | iteration: 468, total loss=122318688878592.0000, content_loss=7275555468.7500, style loss=122311359375000.0000, tv loss=56033776.0000
L-BFGS | iteration: 469, total loss=122201055428608.0000, content_loss=7276760156.2500, style loss=122193721875000.0000, tv loss=56038808.0000
L-BFGS | iteration: 470, total loss=121902756528128.0000, content_loss=7276842968.7500, style loss=121895428125000.0000, tv loss=56064608.0000
L-BFGS | iteration: 471, total loss=121558253174784.0000, content_loss=7281203906.2500, style loss=121550915625000.0000, tv loss=56080400.0000
L-BFGS | iteration: 472, total loss=121352010858496.0000, content_loss=7279503125.0000, style loss=121344675000000.0000, tv loss=56117024.0000
L-BFGS | iteration: 473, total loss=121096930066432.0000, content_loss=7279134375.0000, style loss=121089590625000.0000, tv loss=56112928.0000
L-BFGS | iteration: 474, total loss=120940885180416.0000, content_loss=7279953906.2500, style loss=120933543750000.0000, tv loss=56121252.0000
L-BFGS | iteration: 475, total loss=120601238831104.0000, content_loss=7281246875.0000, style loss=120593896875000.0000, tv loss=56144880.0000
L-BFGS | iteration: 476, total loss=120063730384896.0000, content_loss=7281132812.5000, style loss=120056390625000.0000, tv loss=56190216.0000
L-BFGS | iteration: 477, total loss=119632664985600.0000, content_loss=7283435937.5000, style loss=119625328125000.0000, tv loss=56218536.0000
L-BFGS | iteration: 478, total loss=119893684912128.0000, content_loss=7279711718.7500, style loss=119886346875000.0000, tv loss=56269080.0000
L-BFGS | iteration: 479, total loss=119519720767488.0000, content_loss=7282213281.2500, style loss=119512378125000.0000, tv loss=56238428.0000
L-BFGS | iteration: 480, total loss=119309913292800.0000, content_loss=7282048437.5000, style loss=119302575000000.0000, tv loss=56241316.0000
L-BFGS | iteration: 481, total loss=118977137213440.0000, content_loss=7282453906.2500, style loss=118969800000000.0000, tv loss=56260480.0000
L-BFGS | iteration: 482, total loss=118536139702272.0000, content_loss=7282069531.2500, style loss=118528800000000.0000, tv loss=56273516.0000
L-BFGS | iteration: 483, total loss=118128302358528.0000, content_loss=7283390625.0000, style loss=118120959375000.0000, tv loss=56308680.0000
L-BFGS | iteration: 484, total loss=117850480050176.0000, content_loss=7284241406.2500, style loss=117843140625000.0000, tv loss=56322172.0000
L-BFGS | iteration: 485, total loss=117614978269184.0000, content_loss=7287741406.2500, style loss=117607631250000.0000, tv loss=56328868.0000
L-BFGS | iteration: 486, total loss=117808461512704.0000, content_loss=7284921093.7500, style loss=117801121875000.0000, tv loss=56391948.0000
L-BFGS | iteration: 487, total loss=117457264050176.0000, content_loss=7286641406.2500, style loss=117449915625000.0000, tv loss=56357332.0000
L-BFGS | iteration: 488, total loss=117296353771520.0000, content_loss=7286403125.0000, style loss=117289003125000.0000, tv loss=56365644.0000
L-BFGS | iteration: 489, total loss=116914152013824.0000, content_loss=7287192968.7500, style loss=116906803125000.0000, tv loss=56385696.0000
L-BFGS | iteration: 490, total loss=116718630338560.0000, content_loss=7287906250.0000, style loss=116711278125000.0000, tv loss=56386488.0000
L-BFGS | iteration: 491, total loss=116520264925184.0000, content_loss=7287879687.5000, style loss=116512912500000.0000, tv loss=56410512.0000
