C:\Users\user\AppData\Roaming\Python\Python313\site-packages\torchvision\models\_utils.py:208: UserWarning: The parameter 'pretrained' is deprecated since 0.13 and may be removed in the future, please use 'weights' instead.
  warnings.warn(
C:\Users\user\AppData\Roaming\Python\Python313\site-packages\torchvision\models\_utils.py:223: UserWarning: Arguments other than a weight enum or `None` for 'weights' are deprecated since 0.13 and may be removed in the future. The current behavior is equivalent to passing `weights=VGG19_Weights.IMAGENET1K_V1`. You can also use `weights=VGG19_Weights.DEFAULT` to get the most up-to-date weights.
  warnings.warn(msg)
Using VGG19 in the optimization procedure.
L-BFGS | iteration: 000, total loss=452989719672782848.0000, content_loss=      0.0000, style loss=452989708800000000.0000, tv loss=3043441.0000
L-BFGS | iteration: 001, total loss=452989616593567744.0000, content_loss=     26.9104, style loss=452989632000000000.0000, tv loss=3043442.2500
L-BFGS | iteration: 002, total loss=452989479154614272.0000, content_loss=     35.3336, style loss=452989478400000000.0000, tv loss=3043448.5000
L-BFGS | iteration: 003, total loss=452988173484556288.0000, content_loss=     46.2251, style loss=452988172800000000.0000, tv loss=3043481.0000
L-BFGS | iteration: 004, total loss=452981404616097792.0000, content_loss=     96.0937, style loss=452981414400000000.0000, tv loss=3043661.5000
L-BFGS | iteration: 005, total loss=452943505824677888.0000, content_loss=   1037.0191, style loss=452943513600000000.0000, tv loss=3044655.5000
L-BFGS | iteration: 006, total loss=452737794071068672.0000, content_loss=  27907.1420, style loss=452737804800000000.0000, tv loss=3050126.0000
L-BFGS | iteration: 007, total loss=451676730990526464.0000, content_loss= 784488.7257, style loss=451676736000000000.0000, tv loss=3080239.5000
L-BFGS | iteration: 008, total loss=438418751063326720.0000, content_loss=79982098.3887, style loss=438418752000000000.0000, tv loss=3707657.5000
L-BFGS | iteration: 009, total loss=384690737414930432.0000, content_loss=387108154.2969, style loss=384690739200000000.0000, tv loss=6991494.5000
L-BFGS | iteration: 010, total loss=195781376904003584.0000, content_loss=2867671289.0625, style loss=195781382400000000.0000, tv loss=23727206.0000
L-BFGS | iteration: 011, total loss=135891906251980800.0000, content_loss=3500950390.6250, style loss=135891907200000000.0000, tv loss=30250702.0000
L-BFGS | iteration: 012, total loss=154492636516843520.0000, content_loss=1723348046.8750, style loss=154492636800000000.0000, tv loss=23363556.0000
L-BFGS | iteration: 013, total loss=103548801058340864.0000, content_loss=2674583593.7500, style loss=103548796800000000.0000, tv loss=27618916.0000
L-BFGS | iteration: 014, total loss=82681221414387712.0000, content_loss=3045916601.5625, style loss=82681219200000000.0000, tv loss=29467060.0000
L-BFGS | iteration: 015, total loss=70054962456952832.0000, content_loss=3713148046.8750, style loss=70054958400000000.0000, tv loss=32272056.0000
L-BFGS | iteration: 016, total loss=56914166417457152.0000, content_loss=3594317578.1250, style loss=56914161600000000.0000, tv loss=32201860.0000
L-BFGS | iteration: 017, total loss=48687336950595584.0000, content_loss=3417627343.7500, style loss=48687331200000000.0000, tv loss=31839184.0000
L-BFGS | iteration: 018, total loss=42442415847505920.0000, content_loss=3442285937.5000, style loss=42442411200000000.0000, tv loss=32249080.0000
L-BFGS | iteration: 019, total loss=36658460699394048.0000, content_loss=3585056640.6250, style loss=36658456800000000.0000, tv loss=33189264.0000
L-BFGS | iteration: 020, total loss=32178434000027648.0000, content_loss=3726681640.6250, style loss=32178429600000000.0000, tv loss=34043360.0000
L-BFGS | iteration: 021, total loss=28014018677440512.0000, content_loss=3725991796.8750, style loss=28014014400000000.0000, tv loss=34168552.0000
L-BFGS | iteration: 022, total loss=24396530932776960.0000, content_loss=3655666406.2500, style loss=24396525600000000.0000, tv loss=34000196.0000
L-BFGS | iteration: 023, total loss=21406299539374080.0000, content_loss=3609836718.7500, style loss=21406296000000000.0000, tv loss=34006824.0000
L-BFGS | iteration: 024, total loss=18827770826063872.0000, content_loss=3631396484.3750, style loss=18827766000000000.0000, tv loss=34349788.0000
L-BFGS | iteration: 025, total loss=16674915247718400.0000, content_loss=3654166406.2500, style loss=16674912000000000.0000, tv loss=34727764.0000
L-BFGS | iteration: 026, total loss=14840002139652096.0000, content_loss=3638630859.3750, style loss=14839999200000000.0000, tv loss=34936304.0000
L-BFGS | iteration: 027, total loss=13207945705684992.0000, content_loss=3608530859.3750, style loss=13207942800000000.0000, tv loss=35071736.0000
L-BFGS | iteration: 028, total loss=11671179563630592.0000, content_loss=3606276562.5000, style loss=11671176000000000.0000, tv loss=35350144.0000
L-BFGS | iteration: 029, total loss=10175216684630016.0000, content_loss=3585920312.5000, style loss=10175214000000000.0000, tv loss=35562784.0000
L-BFGS | iteration: 030, total loss=8869033914925056.0000, content_loss=3610549218.7500, style loss=8869030200000000.0000, tv loss=35763688.0000
L-BFGS | iteration: 031, total loss=7894203040268288.0000, content_loss=3581970703.1250, style loss=7894199400000000.0000, tv loss=35687528.0000
L-BFGS | iteration: 032, total loss=7395995423866880.0000, content_loss=3837752343.7500, style loss=7395991800000000.0000, tv loss=36596152.0000
L-BFGS | iteration: 033, total loss=6466893602881536.0000, content_loss=3700907031.2500, style loss=6466890000000000.0000, tv loss=36206092.0000
L-BFGS | iteration: 034, total loss=6787651961094144.0000, content_loss=3637953125.0000, style loss=6787648200000000.0000, tv loss=36219744.0000
L-BFGS | iteration: 035, total loss=6285826371616768.0000, content_loss=3675964062.5000, style loss=6285822600000000.0000, tv loss=36204944.0000
L-BFGS | iteration: 036, total loss=6030581297053696.0000, content_loss=3694043750.0000, style loss=6030577800000000.0000, tv loss=36350828.0000
L-BFGS | iteration: 037, total loss=5863896300650496.0000, content_loss=3806805859.3750, style loss=5863892400000000.0000, tv loss=37078212.0000
L-BFGS | iteration: 038, total loss=5545423938781184.0000, content_loss=3761203125.0000, style loss=5545420200000000.0000, tv loss=36762232.0000
L-BFGS | iteration: 039, total loss=5000794705231872.0000, content_loss=3821039843.7500, style loss=5000791200000000.0000, tv loss=37105376.0000
L-BFGS | iteration: 040, total loss=4670428505178112.0000, content_loss=3786971093.7500, style loss=4670424600000000.0000, tv loss=36980760.0000
L-BFGS | iteration: 041, total loss=5093271256694784.0000, content_loss=3738533984.3750, style loss=5093267400000000.0000, tv loss=37159604.0000
L-BFGS | iteration: 042, total loss=4437791870025728.0000, content_loss=3767670312.5000, style loss=4437788100000000.0000, tv loss=37044832.0000
L-BFGS | iteration: 043, total loss=4270034742411264.0000, content_loss=3774883203.1250, style loss=4270031100000000.0000, tv loss=37185020.0000
L-BFGS | iteration: 044, total loss=3989278098980864.0000, content_loss=3785109765.6250, style loss=3989274300000000.0000, tv loss=37568280.0000
L-BFGS | iteration: 045, total loss=3676825402212352.0000, content_loss=3793311718.7500, style loss=3676821600000000.0000, tv loss=37600288.0000
L-BFGS | iteration: 046, total loss=3676018753667072.0000, content_loss=3752353125.0000, style loss=3676014900000000.0000, tv loss=37584464.0000
L-BFGS | iteration: 047, total loss=3550726236143616.0000, content_loss=3772234375.0000, style loss=3550722600000000.0000, tv loss=37587756.0000
L-BFGS | iteration: 048, total loss=3460112626745344.0000, content_loss=3773695312.5000, style loss=3460108800000000.0000, tv loss=37526808.0000
L-BFGS | iteration: 049, total loss=3277115612987392.0000, content_loss=3821819921.8750, style loss=3277111800000000.0000, tv loss=37598712.0000
L-BFGS | iteration: 050, total loss=3044037401509888.0000, content_loss=3868272656.2500, style loss=3044033700000000.0000, tv loss=37746356.0000
L-BFGS | iteration: 051, total loss=2865262072168448.0000, content_loss=3842130078.1250, style loss=2865258300000000.0000, tv loss=37953264.0000
L-BFGS | iteration: 052, total loss=2672222082695168.0000, content_loss=3814781640.6250, style loss=2672218200000000.0000, tv loss=38079036.0000
L-BFGS | iteration: 053, total loss=3317769357492224.0000, content_loss=3768061328.1250, style loss=3317765700000000.0000, tv loss=38118324.0000
L-BFGS | iteration: 054, total loss=2625926361776128.0000, content_loss=3805289453.1250, style loss=2625922500000000.0000, tv loss=38083400.0000
L-BFGS | iteration: 055, total loss=2532968505540608.0000, content_loss=3807895312.5000, style loss=2532964800000000.0000, tv loss=37892220.0000
L-BFGS | iteration: 056, total loss=2464721475207168.0000, content_loss=3839736718.7500, style loss=2464717650000000.0000, tv loss=37978120.0000
L-BFGS | iteration: 057, total loss=2331275230707712.0000, content_loss=3913329296.8750, style loss=2331271200000000.0000, tv loss=38277840.0000
L-BFGS | iteration: 058, total loss=2220461584809984.0000, content_loss=3956101171.8750, style loss=2220457650000000.0000, tv loss=38382580.0000
L-BFGS | iteration: 059, total loss=2168187940503552.0000, content_loss=3918424218.7500, style loss=2168184000000000.0000, tv loss=38397424.0000
L-BFGS | iteration: 060, total loss=2095590108299264.0000, content_loss=3874205078.1250, style loss=2095586250000000.0000, tv loss=38223568.0000
L-BFGS | iteration: 061, total loss=2049675431510016.0000, content_loss=3862394140.6250, style loss=2049671550000000.0000, tv loss=38237408.0000
L-BFGS | iteration: 062, total loss=2020925591519232.0000, content_loss=3879643750.0000, style loss=2020921650000000.0000, tv loss=38425084.0000
L-BFGS | iteration: 063, total loss=1955622492831744.0000, content_loss=3877259375.0000, style loss=1955618550000000.0000, tv loss=38343032.0000
L-BFGS | iteration: 064, total loss=1865448446492672.0000, content_loss=3911414843.7500, style loss=1865444550000000.0000, tv loss=38489336.0000
L-BFGS | iteration: 065, total loss=1798126444740608.0000, content_loss=3903224218.7500, style loss=1798122600000000.0000, tv loss=38514408.0000
L-BFGS | iteration: 066, total loss=1718733705838592.0000, content_loss=3933170312.5000, style loss=1718729850000000.0000, tv loss=38536616.0000
L-BFGS | iteration: 067, total loss=3885140711309312.0000, content_loss=3914788671.8750, style loss=3885136800000000.0000, tv loss=39060984.0000
L-BFGS | iteration: 068, total loss=1687102882316288.0000, content_loss=3936497265.6250, style loss=1687099050000000.0000, tv loss=38603528.0000
L-BFGS | iteration: 069, total loss=1655752439627776.0000, content_loss=3941657031.2500, style loss=1655748600000000.0000, tv loss=38686772.0000
L-BFGS | iteration: 070, total loss=1596655300247552.0000, content_loss=3934937890.6250, style loss=1596651450000000.0000, tv loss=38851208.0000
L-BFGS | iteration: 071, total loss=1550604258246656.0000, content_loss=3933378125.0000, style loss=1550600400000000.0000, tv loss=38821440.0000
L-BFGS | iteration: 072, total loss=1523785140273152.0000, content_loss=3903414453.1250, style loss=1523781300000000.0000, tv loss=38777468.0000
L-BFGS | iteration: 073, total loss=1492873589555200.0000, content_loss=3925788671.8750, style loss=1492869750000000.0000, tv loss=38757576.0000
L-BFGS | iteration: 074, total loss=1471258361331712.0000, content_loss=3938281640.6250, style loss=1471254450000000.0000, tv loss=38801184.0000
L-BFGS | iteration: 075, total loss=1961430093922304.0000, content_loss=3924375781.2500, style loss=1961426250000000.0000, tv loss=39208612.0000
L-BFGS | iteration: 076, total loss=1421062810107904.0000, content_loss=3940567968.7500, style loss=1421058900000000.0000, tv loss=38926080.0000
L-BFGS | iteration: 077, total loss=1372979040616448.0000, content_loss=3955701171.8750, style loss=1372975200000000.0000, tv loss=39017156.0000
L-BFGS | iteration: 078, total loss=1324170226958336.0000, content_loss=3965178125.0000, style loss=1324166250000000.0000, tv loss=39045508.0000
L-BFGS | iteration: 079, total loss=1418989280428032.0000, content_loss=3947160156.2500, style loss=1418985450000000.0000, tv loss=39199140.0000
L-BFGS | iteration: 080, total loss=1305804812582912.0000, content_loss=3961293359.3750, style loss=1305800850000000.0000, tv loss=39095188.0000
L-BFGS | iteration: 081, total loss=1258784450150400.0000, content_loss=3953521093.7500, style loss=1258780500000000.0000, tv loss=39126616.0000
L-BFGS | iteration: 082, total loss=1197860339056640.0000, content_loss=3962989062.5000, style loss=1197856350000000.0000, tv loss=39152552.0000
L-BFGS | iteration: 083, total loss=1171380255064064.0000, content_loss=3957252734.3750, style loss=1171376325000000.0000, tv loss=39247840.0000
L-BFGS | iteration: 084, total loss=1137587318161408.0000, content_loss=3976830468.7500, style loss=1137583350000000.0000, tv loss=39346456.0000
L-BFGS | iteration: 085, total loss=1204062406049792.0000, content_loss=3989711328.1250, style loss=1204058400000000.0000, tv loss=39452800.0000
L-BFGS | iteration: 086, total loss=1120569047121920.0000, content_loss=3983780859.3750, style loss=1120565025000000.0000, tv loss=39381784.0000
L-BFGS | iteration: 087, total loss=1098989923467264.0000, content_loss=3997541406.2500, style loss=1098985800000000.0000, tv loss=39320880.0000
L-BFGS | iteration: 088, total loss=1079789205061632.0000, content_loss=3992935937.5000, style loss=1079785200000000.0000, tv loss=39320140.0000
L-BFGS | iteration: 089, total loss=1047522994814976.0000, content_loss=3979489843.7500, style loss=1047519000000000.0000, tv loss=39373280.0000
L-BFGS | iteration: 090, total loss=1013534032920576.0000, content_loss=3976697265.6250, style loss=1013529975000000.0000, tv loss=39434812.0000
L-BFGS | iteration: 091, total loss=1179351982800896.0000, content_loss=3957608203.1250, style loss=1179348150000000.0000, tv loss=39677856.0000
L-BFGS | iteration: 092, total loss=1002095394160640.0000, content_loss=3973219531.2500, style loss=1002091350000000.0000, tv loss=39494036.0000
L-BFGS | iteration: 093, total loss=984414557306880.0000, content_loss=3987153515.6250, style loss=984410550000000.0000, tv loss=39543192.0000
L-BFGS | iteration: 094, total loss=954228654735360.0000, content_loss=4004329687.5000, style loss=954224550000000.0000, tv loss=39614752.0000
L-BFGS | iteration: 095, total loss=920898165014528.0000, content_loss=4007290234.3750, style loss=920894100000000.0000, tv loss=39706108.0000
L-BFGS | iteration: 096, total loss=873180541485056.0000, content_loss=4006154296.8750, style loss=873176475000000.0000, tv loss=39720044.0000
L-BFGS | iteration: 097, total loss=868457419636736.0000, content_loss=4045962500.0000, style loss=868453350000000.0000, tv loss=40024272.0000
L-BFGS | iteration: 098, total loss=1272756247199744.0000, content_loss=4007820312.5000, style loss=1272752250000000.0000, tv loss=40298644.0000
L-BFGS | iteration: 099, total loss=860020963016704.0000, content_loss=4041674609.3750, style loss=860016900000000.0000, tv loss=40063344.0000
L-BFGS | iteration: 100, total loss=830755458514944.0000, content_loss=4013606640.6250, style loss=830751375000000.0000, tv loss=39780664.0000
L-BFGS | iteration: 101, total loss=817946993623040.0000, content_loss=4022039062.5000, style loss=817942875000000.0000, tv loss=39840612.0000
L-BFGS | iteration: 102, total loss=801181119021056.0000, content_loss=4028818750.0000, style loss=801177000000000.0000, tv loss=39960992.0000
L-BFGS | iteration: 103, total loss=786233223544832.0000, content_loss=4029759375.0000, style loss=786229125000000.0000, tv loss=39973368.0000
L-BFGS | iteration: 104, total loss=773268864761856.0000, content_loss=4025433593.7500, style loss=773264775000000.0000, tv loss=39985476.0000
L-BFGS | iteration: 105, total loss=756811288281088.0000, content_loss=4013776953.1250, style loss=756807225000000.0000, tv loss=39947584.0000
L-BFGS | iteration: 106, total loss=737786663534592.0000, content_loss=4016867578.1250, style loss=737782575000000.0000, tv loss=39963036.0000
L-BFGS | iteration: 107, total loss=809157477269504.0000, content_loss=4003998046.8750, style loss=809153400000000.0000, tv loss=40164840.0000
L-BFGS | iteration: 108, total loss=729539722346496.0000, content_loss=4015046093.7500, style loss=729535650000000.0000, tv loss=40024252.0000
L-BFGS | iteration: 109, total loss=719529764192256.0000, content_loss=4021976171.8750, style loss=719525700000000.0000, tv loss=40096384.0000
L-BFGS | iteration: 110, total loss=702386200903680.0000, content_loss=4031254687.5000, style loss=702382125000000.0000, tv loss=40188924.0000
L-BFGS | iteration: 111, total loss=686939955003392.0000, content_loss=4022298828.1250, style loss=686935875000000.0000, tv loss=40249768.0000
L-BFGS | iteration: 112, total loss=666270223564800.0000, content_loss=4016718750.0000, style loss=666266100000000.0000, tv loss=40253384.0000
L-BFGS | iteration: 113, total loss=658897039785984.0000, content_loss=4028273828.1250, style loss=658892925000000.0000, tv loss=40293608.0000
L-BFGS | iteration: 114, total loss=658959048376320.0000, content_loss=4052560156.2500, style loss=658954950000000.0000, tv loss=40279676.0000
L-BFGS | iteration: 115, total loss=653704290107392.0000, content_loss=4040140234.3750, style loss=653700225000000.0000, tv loss=40286792.0000
L-BFGS | iteration: 116, total loss=645872081698816.0000, content_loss=4034907812.5000, style loss=645867975000000.0000, tv loss=40307680.0000
L-BFGS | iteration: 117, total loss=634916492541952.0000, content_loss=4027482031.2500, style loss=634912425000000.0000, tv loss=40360320.0000
L-BFGS | iteration: 118, total loss=627178572087296.0000, content_loss=4030858593.7500, style loss=627174487500000.0000, tv loss=40349956.0000
L-BFGS | iteration: 119, total loss=620086641557504.0000, content_loss=4037801562.5000, style loss=620082562500000.0000, tv loss=40376104.0000
L-BFGS | iteration: 120, total loss=616637380165632.0000, content_loss=4046778906.2500, style loss=616633275000000.0000, tv loss=40440616.0000
L-BFGS | iteration: 121, total loss=612837072306176.0000, content_loss=4044610546.8750, style loss=612832987500000.0000, tv loss=40415244.0000
L-BFGS | iteration: 122, total loss=605449325903872.0000, content_loss=4053582421.8750, style loss=605445262500000.0000, tv loss=40418296.0000
L-BFGS | iteration: 123, total loss=596728461918208.0000, content_loss=4046873437.5000, style loss=596724375000000.0000, tv loss=40440264.0000
L-BFGS | iteration: 124, total loss=582168522784768.0000, content_loss=4033833593.7500, style loss=582164400000000.0000, tv loss=40484844.0000
L-BFGS | iteration: 125, total loss=572051056230400.0000, content_loss=4037808984.3750, style loss=572046975000000.0000, tv loss=40517812.0000
L-BFGS | iteration: 126, total loss=567880374550528.0000, content_loss=4058188281.2500, style loss=567876300000000.0000, tv loss=40529968.0000
L-BFGS | iteration: 127, total loss=582597549752320.0000, content_loss=4038454687.5000, style loss=582593475000000.0000, tv loss=40609940.0000
L-BFGS | iteration: 128, total loss=562136057118720.0000, content_loss=4051251171.8750, style loss=562131975000000.0000, tv loss=40559552.0000
L-BFGS | iteration: 129, total loss=555267632660480.0000, content_loss=4041341406.2500, style loss=555263587500000.0000, tv loss=40561480.0000
L-BFGS | iteration: 130, total loss=551334784794624.0000, content_loss=4043696484.3750, style loss=551330700000000.0000, tv loss=40571760.0000
L-BFGS | iteration: 131, total loss=538589301571584.0000, content_loss=4048466406.2500, style loss=538585200000000.0000, tv loss=40641784.0000
L-BFGS | iteration: 132, total loss=532590675099648.0000, content_loss=4064433203.1250, style loss=532586587500000.0000, tv loss=40626012.0000
L-BFGS | iteration: 133, total loss=527519593791488.0000, content_loss=4063287890.6250, style loss=527515500000000.0000, tv loss=40649704.0000
L-BFGS | iteration: 134, total loss=524803496738816.0000, content_loss=4061958593.7500, style loss=524799412500000.0000, tv loss=40702476.0000
L-BFGS | iteration: 135, total loss=520038163415040.0000, content_loss=4065268750.0000, style loss=520034062500000.0000, tv loss=40690968.0000
L-BFGS | iteration: 136, total loss=515024191750144.0000, content_loss=4070307031.2500, style loss=515020087500000.0000, tv loss=40704672.0000
L-BFGS | iteration: 137, total loss=505811117801472.0000, content_loss=4077754296.8750, style loss=505806975000000.0000, tv loss=40753664.0000
L-BFGS | iteration: 138, total loss=498735796715520.0000, content_loss=4082360156.2500, style loss=498731662500000.0000, tv loss=40759084.0000
L-BFGS | iteration: 139, total loss=493604753637376.0000, content_loss=4082523046.8750, style loss=493600612500000.0000, tv loss=40788880.0000
L-BFGS | iteration: 140, total loss=485174336815104.0000, content_loss=4083896484.3750, style loss=485170200000000.0000, tv loss=40812188.0000
L-BFGS | iteration: 141, total loss=483683781836800.0000, content_loss=4079854687.5000, style loss=483679650000000.0000, tv loss=40853192.0000
L-BFGS | iteration: 142, total loss=482434617442304.0000, content_loss=4081829296.8750, style loss=482430487500000.0000, tv loss=40837564.0000
L-BFGS | iteration: 143, total loss=475954384207872.0000, content_loss=4081301562.5000, style loss=475950262500000.0000, tv loss=40850712.0000
L-BFGS | iteration: 144, total loss=466949414846464.0000, content_loss=4069473828.1250, style loss=466945312500000.0000, tv loss=40901436.0000
L-BFGS | iteration: 145, total loss=462703537684480.0000, content_loss=4093693359.3750, style loss=462699412500000.0000, tv loss=40904512.0000
L-BFGS | iteration: 146, total loss=458214625771520.0000, content_loss=4082639843.7500, style loss=458210512500000.0000, tv loss=40959588.0000
L-BFGS | iteration: 147, total loss=452921749667840.0000, content_loss=4074988281.2500, style loss=452917650000000.0000, tv loss=40947376.0000
L-BFGS | iteration: 148, total loss=450266285473792.0000, content_loss=4077570703.1250, style loss=450262162500000.0000, tv loss=40961120.0000
L-BFGS | iteration: 149, total loss=444683331305472.0000, content_loss=4081108984.3750, style loss=444679200000000.0000, tv loss=41011248.0000
L-BFGS | iteration: 150, total loss=440445104553984.0000, content_loss=4088432421.8750, style loss=440440987500000.0000, tv loss=41011600.0000
L-BFGS | iteration: 151, total loss=437296088219648.0000, content_loss=4080964062.5000, style loss=437291962500000.0000, tv loss=41036584.0000
L-BFGS | iteration: 152, total loss=433340591112192.0000, content_loss=4075037500.0000, style loss=433336500000000.0000, tv loss=41064880.0000
L-BFGS | iteration: 153, total loss=426861599391744.0000, content_loss=4076251953.1250, style loss=426857512500000.0000, tv loss=41078476.0000
L-BFGS | iteration: 154, total loss=424500910882816.0000, content_loss=4083089062.5000, style loss=424496775000000.0000, tv loss=41139440.0000
L-BFGS | iteration: 155, total loss=417783380705280.0000, content_loss=4098225390.6250, style loss=417779250000000.0000, tv loss=41121664.0000
L-BFGS | iteration: 156, total loss=414943803342848.0000, content_loss=4095750390.6250, style loss=414939675000000.0000, tv loss=41119772.0000
L-BFGS | iteration: 157, total loss=410304500465664.0000, content_loss=4091384375.0000, style loss=410300362500000.0000, tv loss=41173632.0000
L-BFGS | iteration: 158, total loss=406570093510656.0000, content_loss=4090398046.8750, style loss=406565962500000.0000, tv loss=41165668.0000
L-BFGS | iteration: 159, total loss=403242500489216.0000, content_loss=4093347656.2500, style loss=403238362500000.0000, tv loss=41195168.0000
L-BFGS | iteration: 160, total loss=399562116169728.0000, content_loss=4096690234.3750, style loss=399558000000000.0000, tv loss=41239384.0000
L-BFGS | iteration: 161, total loss=395675506311168.0000, content_loss=4097791406.2500, style loss=395671387500000.0000, tv loss=41249364.0000
L-BFGS | iteration: 162, total loss=392587089281024.0000, content_loss=4086553515.6250, style loss=392582962500000.0000, tv loss=41277232.0000
L-BFGS | iteration: 163, total loss=387843700555776.0000, content_loss=4088792187.5000, style loss=387839587500000.0000, tv loss=41253792.0000
L-BFGS | iteration: 164, total loss=386001763565568.0000, content_loss=4090972656.2500, style loss=385997625000000.0000, tv loss=41269288.0000
L-BFGS | iteration: 165, total loss=382468649648128.0000, content_loss=4100674218.7500, style loss=382464525000000.0000, tv loss=41305688.0000
L-BFGS | iteration: 166, total loss=379019723800576.0000, content_loss=4109666796.8750, style loss=379015612500000.0000, tv loss=41318328.0000
L-BFGS | iteration: 167, total loss=375915435524096.0000, content_loss=4110098437.5000, style loss=375911325000000.0000, tv loss=41338064.0000
L-BFGS | iteration: 168, total loss=371731097190400.0000, content_loss=4113532031.2500, style loss=371726925000000.0000, tv loss=41345656.0000
L-BFGS | iteration: 169, total loss=369156163633152.0000, content_loss=4114636328.1250, style loss=369151987500000.0000, tv loss=41377336.0000
L-BFGS | iteration: 170, total loss=365804478529536.0000, content_loss=4114786328.1250, style loss=365800312500000.0000, tv loss=41392064.0000
L-BFGS | iteration: 171, total loss=363743464652800.0000, content_loss=4107646484.3750, style loss=363739350000000.0000, tv loss=41408016.0000
L-BFGS | iteration: 172, total loss=360043551653888.0000, content_loss=4104196093.7500, style loss=360039412500000.0000, tv loss=41409712.0000
L-BFGS | iteration: 173, total loss=356478527471616.0000, content_loss=4102656250.0000, style loss=356474400000000.0000, tv loss=41449904.0000
L-BFGS | iteration: 174, total loss=350891043454976.0000, content_loss=4100204296.8750, style loss=350886900000000.0000, tv loss=41474860.0000
L-BFGS | iteration: 175, total loss=345412242243584.0000, content_loss=4103655859.3750, style loss=345408112500000.0000, tv loss=41574784.0000
L-BFGS | iteration: 176, total loss=343068330950656.0000, content_loss=4121504687.5000, style loss=343064175000000.0000, tv loss=41530056.0000
L-BFGS | iteration: 177, total loss=340110339997696.0000, content_loss=4114755468.7500, style loss=340106175000000.0000, tv loss=41543352.0000
L-BFGS | iteration: 178, total loss=343975005257728.0000, content_loss=4118580468.7500, style loss=343970850000000.0000, tv loss=41524824.0000
L-BFGS | iteration: 179, total loss=339166319607808.0000, content_loss=4115761328.1250, style loss=339162150000000.0000, tv loss=41538200.0000
L-BFGS | iteration: 180, total loss=337240731418624.0000, content_loss=4116898828.1250, style loss=337236562500000.0000, tv loss=41566884.0000
L-BFGS | iteration: 181, total loss=335474929434624.0000, content_loss=4119286718.7500, style loss=335470762500000.0000, tv loss=41581192.0000
L-BFGS | iteration: 182, total loss=331325051502592.0000, content_loss=4122338671.8750, style loss=331320900000000.0000, tv loss=41607780.0000
L-BFGS | iteration: 183, total loss=326519419305984.0000, content_loss=4119630078.1250, style loss=326515275000000.0000, tv loss=41627400.0000
L-BFGS | iteration: 184, total loss=324350125277184.0000, content_loss=4118362109.3750, style loss=324345975000000.0000, tv loss=41642440.0000
L-BFGS | iteration: 185, total loss=322702132903936.0000, content_loss=4126324609.3750, style loss=322697962500000.0000, tv loss=41638312.0000
L-BFGS | iteration: 186, total loss=320229305483264.0000, content_loss=4118776171.8750, style loss=320225137500000.0000, tv loss=41664604.0000
L-BFGS | iteration: 187, total loss=318610203475968.0000, content_loss=4117750781.2500, style loss=318606037500000.0000, tv loss=41684204.0000
L-BFGS | iteration: 188, total loss=316903859945472.0000, content_loss=4118678906.2500, style loss=316899712500000.0000, tv loss=41710328.0000
L-BFGS | iteration: 189, total loss=314092904513536.0000, content_loss=4126592187.5000, style loss=314088750000000.0000, tv loss=41724976.0000
L-BFGS | iteration: 190, total loss=311853414612992.0000, content_loss=4127823828.1250, style loss=311849250000000.0000, tv loss=41739000.0000
L-BFGS | iteration: 191, total loss=309019038187520.0000, content_loss=4130281640.6250, style loss=309014887500000.0000, tv loss=41740740.0000
L-BFGS | iteration: 192, total loss=307370508943360.0000, content_loss=4125005859.3750, style loss=307366350000000.0000, tv loss=41775176.0000
L-BFGS | iteration: 193, total loss=305350532136960.0000, content_loss=4124011718.7500, style loss=305346356250000.0000, tv loss=41788600.0000
L-BFGS | iteration: 194, total loss=303933662691328.0000, content_loss=4125023046.8750, style loss=303929493750000.0000, tv loss=41801696.0000
L-BFGS | iteration: 195, total loss=301008387309568.0000, content_loss=4124375390.6250, style loss=301004231250000.0000, tv loss=41827712.0000
L-BFGS | iteration: 196, total loss=298940863873024.0000, content_loss=4129395312.5000, style loss=298936706250000.0000, tv loss=41827408.0000
L-BFGS | iteration: 197, total loss=298395403026432.0000, content_loss=4119876562.5000, style loss=298391250000000.0000, tv loss=41861928.0000
L-BFGS | iteration: 198, total loss=297756191096832.0000, content_loss=4123916015.6250, style loss=297752043750000.0000, tv loss=41848176.0000
L-BFGS | iteration: 199, total loss=296429046202368.0000, content_loss=4119497265.6250, style loss=296424900000000.0000, tv loss=41855968.0000
L-BFGS | iteration: 200, total loss=294693275435008.0000, content_loss=4119419531.2500, style loss=294689100000000.0000, tv loss=41871244.0000
L-BFGS | iteration: 201, total loss=291637238431744.0000, content_loss=4116375390.6250, style loss=291633093750000.0000, tv loss=41879664.0000
L-BFGS | iteration: 202, total loss=288447688343552.0000, content_loss=4137351171.8750, style loss=288443531250000.0000, tv loss=41939828.0000
L-BFGS | iteration: 203, total loss=285505870626816.0000, content_loss=4129968359.3750, style loss=285501693750000.0000, tv loss=41928088.0000
L-BFGS | iteration: 204, total loss=294502216499200.0000, content_loss=4111002734.3750, style loss=294498056250000.0000, tv loss=41981104.0000
L-BFGS | iteration: 205, total loss=284807971995648.0000, content_loss=4125776562.5000, style loss=284803800000000.0000, tv loss=41940904.0000
L-BFGS | iteration: 206, total loss=282885739249664.0000, content_loss=4127037109.3750, style loss=282881587500000.0000, tv loss=41953784.0000
L-BFGS | iteration: 207, total loss=280342028091392.0000, content_loss=4127798828.1250, style loss=280337850000000.0000, tv loss=41975840.0000
L-BFGS | iteration: 208, total loss=277524311441408.0000, content_loss=4128261328.1250, style loss=277520137500000.0000, tv loss=42020976.0000
L-BFGS | iteration: 209, total loss=276468974223360.0000, content_loss=4133559375.0000, style loss=276464793750000.0000, tv loss=42028248.0000
L-BFGS | iteration: 210, total loss=275665513349120.0000, content_loss=4126239843.7500, style loss=275661337500000.0000, tv loss=42056480.0000
L-BFGS | iteration: 211, total loss=274656581910528.0000, content_loss=4129526171.8750, style loss=274652400000000.0000, tv loss=42037704.0000
L-BFGS | iteration: 212, total loss=273953113243648.0000, content_loss=4130567968.7500, style loss=273948937500000.0000, tv loss=42039792.0000
L-BFGS | iteration: 213, total loss=271304225718272.0000, content_loss=4136302734.3750, style loss=271300031250000.0000, tv loss=42069984.0000
L-BFGS | iteration: 214, total loss=269487085453312.0000, content_loss=4139568359.3750, style loss=269482893750000.0000, tv loss=42062124.0000
L-BFGS | iteration: 215, total loss=268481995997184.0000, content_loss=4139215625.0000, style loss=268477800000000.0000, tv loss=42075904.0000
L-BFGS | iteration: 216, total loss=267431205404672.0000, content_loss=4133509375.0000, style loss=267427031250000.0000, tv loss=42112464.0000
L-BFGS | iteration: 217, total loss=266302232985600.0000, content_loss=4136799218.7500, style loss=266298037500000.0000, tv loss=42098064.0000
L-BFGS | iteration: 218, total loss=264408420843520.0000, content_loss=4135078125.0000, style loss=264404250000000.0000, tv loss=42111044.0000
L-BFGS | iteration: 219, total loss=263001785499648.0000, content_loss=4134884375.0000, style loss=262997606250000.0000, tv loss=42129520.0000
L-BFGS | iteration: 220, total loss=260762580811776.0000, content_loss=4135362500.0000, style loss=260758406250000.0000, tv loss=42153892.0000
L-BFGS | iteration: 221, total loss=258135503667200.0000, content_loss=4141200781.2500, style loss=258131306250000.0000, tv loss=42197728.0000
L-BFGS | iteration: 222, total loss=273998529167360.0000, content_loss=4129725000.0000, style loss=273994350000000.0000, tv loss=42292284.0000
L-BFGS | iteration: 223, total loss=257377492271104.0000, content_loss=4139339843.7500, style loss=257373300000000.0000, tv loss=42218816.0000
L-BFGS | iteration: 224, total loss=256355675930624.0000, content_loss=4141500781.2500, style loss=256351481250000.0000, tv loss=42208080.0000
L-BFGS | iteration: 225, total loss=254421581692928.0000, content_loss=4145853515.6250, style loss=254417381250000.0000, tv loss=42220860.0000
L-BFGS | iteration: 226, total loss=252870695845888.0000, content_loss=4149936718.7500, style loss=252866493750000.0000, tv loss=42213976.0000
L-BFGS | iteration: 227, total loss=251979272028160.0000, content_loss=4148312500.0000, style loss=251975081250000.0000, tv loss=42250784.0000
L-BFGS | iteration: 228, total loss=250098546114560.0000, content_loss=4149046484.3750, style loss=250094343750000.0000, tv loss=42252816.0000
L-BFGS | iteration: 229, total loss=249607040794624.0000, content_loss=4147710546.8750, style loss=249602850000000.0000, tv loss=42259256.0000
L-BFGS | iteration: 230, total loss=248058419871744.0000, content_loss=4147443750.0000, style loss=248054231250000.0000, tv loss=42279256.0000
L-BFGS | iteration: 231, total loss=246195075153920.0000, content_loss=4146703906.2500, style loss=246190875000000.0000, tv loss=42297148.0000
L-BFGS | iteration: 232, total loss=244781678592000.0000, content_loss=4148692187.5000, style loss=244777481250000.0000, tv loss=42332976.0000
L-BFGS | iteration: 233, total loss=243781941067776.0000, content_loss=4153438671.8750, style loss=243777731250000.0000, tv loss=42334928.0000
L-BFGS | iteration: 234, total loss=242791481344000.0000, content_loss=4148762109.3750, style loss=242787281250000.0000, tv loss=42350600.0000
L-BFGS | iteration: 235, total loss=242010401275904.0000, content_loss=4146016796.8750, style loss=242006212500000.0000, tv loss=42355156.0000
L-BFGS | iteration: 236, total loss=240777728884736.0000, content_loss=4144552734.3750, style loss=240773531250000.0000, tv loss=42363168.0000
L-BFGS | iteration: 237, total loss=238805768470528.0000, content_loss=4145103515.6250, style loss=238801575000000.0000, tv loss=42377112.0000
L-BFGS | iteration: 238, total loss=237563885387776.0000, content_loss=4151172265.6250, style loss=237559687500000.0000, tv loss=42424728.0000
L-BFGS | iteration: 239, total loss=237679950168064.0000, content_loss=4159953906.2500, style loss=237675731250000.0000, tv loss=42405336.0000
L-BFGS | iteration: 240, total loss=236441170870272.0000, content_loss=4155383593.7500, style loss=236436956250000.0000, tv loss=42415960.0000
L-BFGS | iteration: 241, total loss=234971671298048.0000, content_loss=4151700000.0000, style loss=234967481250000.0000, tv loss=42428276.0000
L-BFGS | iteration: 242, total loss=234225068408832.0000, content_loss=4152569921.8750, style loss=234220856250000.0000, tv loss=42440108.0000
L-BFGS | iteration: 243, total loss=232878008958976.0000, content_loss=4154081640.6250, style loss=232873800000000.0000, tv loss=42465488.0000
L-BFGS | iteration: 244, total loss=231362170716160.0000, content_loss=4155621875.0000, style loss=231357956250000.0000, tv loss=42475472.0000
L-BFGS | iteration: 245, total loss=230531983736832.0000, content_loss=4151865625.0000, style loss=230527781250000.0000, tv loss=42501248.0000
L-BFGS | iteration: 246, total loss=229197020659712.0000, content_loss=4151081640.6250, style loss=229192818750000.0000, tv loss=42502148.0000
L-BFGS | iteration: 247, total loss=228131298344960.0000, content_loss=4149663281.2500, style loss=228127106250000.0000, tv loss=42505784.0000
L-BFGS | iteration: 248, total loss=226570413277184.0000, content_loss=4152669531.2500, style loss=226566206250000.0000, tv loss=42520800.0000
L-BFGS | iteration: 249, total loss=225520562208768.0000, content_loss=4156168750.0000, style loss=225516356250000.0000, tv loss=42532368.0000
L-BFGS | iteration: 250, total loss=225798812336128.0000, content_loss=4153026562.5000, style loss=225794606250000.0000, tv loss=42561068.0000
L-BFGS | iteration: 251, total loss=225028637458432.0000, content_loss=4154941406.2500, style loss=225024431250000.0000, tv loss=42546132.0000
L-BFGS | iteration: 252, total loss=224413349838848.0000, content_loss=4157148828.1250, style loss=224409131250000.0000, tv loss=42546428.0000
L-BFGS | iteration: 253, total loss=223456780091392.0000, content_loss=4160377343.7500, style loss=223452562500000.0000, tv loss=42555408.0000
L-BFGS | iteration: 254, total loss=222571983273984.0000, content_loss=4162664843.7500, style loss=222567768750000.0000, tv loss=42560656.0000
L-BFGS | iteration: 255, total loss=221509700288512.0000, content_loss=4160571484.3750, style loss=221505487500000.0000, tv loss=42599128.0000
L-BFGS | iteration: 256, total loss=220150880010240.0000, content_loss=4160743750.0000, style loss=220146675000000.0000, tv loss=42597896.0000
L-BFGS | iteration: 257, total loss=219800840175616.0000, content_loss=4159519921.8750, style loss=219796631250000.0000, tv loss=42603816.0000
L-BFGS | iteration: 258, total loss=219357737123840.0000, content_loss=4158969921.8750, style loss=219353531250000.0000, tv loss=42609232.0000
L-BFGS | iteration: 259, total loss=218264835719168.0000, content_loss=4158730468.7500, style loss=218260631250000.0000, tv loss=42618824.0000
L-BFGS | iteration: 260, total loss=216361645113344.0000, content_loss=4162007421.8750, style loss=216357431250000.0000, tv loss=42637736.0000
L-BFGS | iteration: 261, total loss=215006582931456.0000, content_loss=4158939062.5000, style loss=215002368750000.0000, tv loss=42662028.0000
L-BFGS | iteration: 262, total loss=213916114223104.0000, content_loss=4166941406.2500, style loss=213911906250000.0000, tv loss=42654156.0000
L-BFGS | iteration: 263, total loss=213934401388544.0000, content_loss=4166769531.2500, style loss=213930187500000.0000, tv loss=42690900.0000
L-BFGS | iteration: 264, total loss=213299199213568.0000, content_loss=4167045312.5000, style loss=213294993750000.0000, tv loss=42673640.0000
L-BFGS | iteration: 265, total loss=212863864012800.0000, content_loss=4166003906.2500, style loss=212859656250000.0000, tv loss=42685824.0000
L-BFGS | iteration: 266, total loss=211876961058816.0000, content_loss=4163355078.1250, style loss=211872750000000.0000, tv loss=42696528.0000
L-BFGS | iteration: 267, total loss=210725339398144.0000, content_loss=4164587500.0000, style loss=210721125000000.0000, tv loss=42717088.0000
L-BFGS | iteration: 268, total loss=209535448907776.0000, content_loss=4161053125.0000, style loss=209531231250000.0000, tv loss=42721560.0000
L-BFGS | iteration: 269, total loss=209066760601600.0000, content_loss=4165389453.1250, style loss=209062556250000.0000, tv loss=42709616.0000
L-BFGS | iteration: 270, total loss=207998504927232.0000, content_loss=4166224218.7500, style loss=207994293750000.0000, tv loss=42746216.0000
L-BFGS | iteration: 271, total loss=207683563028480.0000, content_loss=4165998046.8750, style loss=207679350000000.0000, tv loss=42752072.0000
L-BFGS | iteration: 272, total loss=206812187983872.0000, content_loss=4164902343.7500, style loss=206807981250000.0000, tv loss=42757440.0000
L-BFGS | iteration: 273, total loss=205313395392512.0000, content_loss=4163356640.6250, style loss=205309181250000.0000, tv loss=42784036.0000
L-BFGS | iteration: 274, total loss=204238781153280.0000, content_loss=4165406640.6250, style loss=204234562500000.0000, tv loss=42790544.0000
L-BFGS | iteration: 275, total loss=204279147134976.0000, content_loss=4161399609.3750, style loss=204274931250000.0000, tv loss=42812640.0000
L-BFGS | iteration: 276, total loss=203686978519040.0000, content_loss=4163336718.7500, style loss=203682768750000.0000, tv loss=42802184.0000
L-BFGS | iteration: 277, total loss=203120864919552.0000, content_loss=4164554296.8750, style loss=203116650000000.0000, tv loss=42802336.0000
L-BFGS | iteration: 278, total loss=202241084489728.0000, content_loss=4167138671.8750, style loss=202236881250000.0000, tv loss=42813200.0000
L-BFGS | iteration: 279, total loss=201367746510848.0000, content_loss=4168646875.0000, style loss=201363543750000.0000, tv loss=42830012.0000
L-BFGS | iteration: 280, total loss=200321670316032.0000, content_loss=4174007421.8750, style loss=200317443750000.0000, tv loss=42833600.0000
L-BFGS | iteration: 281, total loss=200072629321728.0000, content_loss=4173308203.1250, style loss=200068406250000.0000, tv loss=42851112.0000
L-BFGS | iteration: 282, total loss=199448097456128.0000, content_loss=4173791406.2500, style loss=199443862500000.0000, tv loss=42851936.0000
L-BFGS | iteration: 283, total loss=198838144991232.0000, content_loss=4175453125.0000, style loss=198833925000000.0000, tv loss=42854944.0000
L-BFGS | iteration: 284, total loss=197829632983040.0000, content_loss=4177446484.3750, style loss=197825400000000.0000, tv loss=42868552.0000
L-BFGS | iteration: 285, total loss=196692540391424.0000, content_loss=4176960546.8750, style loss=196688306250000.0000, tv loss=42893280.0000
L-BFGS | iteration: 286, total loss=195996403367936.0000, content_loss=4180812109.3750, style loss=195992175000000.0000, tv loss=42903304.0000
L-BFGS | iteration: 287, total loss=195869416620032.0000, content_loss=4175666796.8750, style loss=195865181250000.0000, tv loss=42939208.0000
L-BFGS | iteration: 288, total loss=195398815711232.0000, content_loss=4178330859.3750, style loss=195394593750000.0000, tv loss=42923672.0000
L-BFGS | iteration: 289, total loss=194785306476544.0000, content_loss=4175498046.8750, style loss=194781075000000.0000, tv loss=42924524.0000
L-BFGS | iteration: 290, total loss=194238084022272.0000, content_loss=4174774218.7500, style loss=194233856250000.0000, tv loss=42925200.0000
L-BFGS | iteration: 291, total loss=193119832244224.0000, content_loss=4172392187.5000, style loss=193115606250000.0000, tv loss=42946204.0000
L-BFGS | iteration: 292, total loss=192061189914624.0000, content_loss=4176694921.8750, style loss=192056962500000.0000, tv loss=42945124.0000
L-BFGS | iteration: 293, total loss=191870466523136.0000, content_loss=4175632421.8750, style loss=191866237500000.0000, tv loss=42968744.0000
L-BFGS | iteration: 294, total loss=191631592521728.0000, content_loss=4176244921.8750, style loss=191627362500000.0000, tv loss=42959332.0000
L-BFGS | iteration: 295, total loss=191085376700416.0000, content_loss=4177480078.1250, style loss=191081156250000.0000, tv loss=42968928.0000
L-BFGS | iteration: 296, total loss=190280875638784.0000, content_loss=4179731640.6250, style loss=190276650000000.0000, tv loss=42979120.0000
L-BFGS | iteration: 297, total loss=189304995315712.0000, content_loss=4178163671.8750, style loss=189300768750000.0000, tv loss=43002024.0000
L-BFGS | iteration: 298, total loss=188432932405248.0000, content_loss=4181093359.3750, style loss=188428706250000.0000, tv loss=43008384.0000
L-BFGS | iteration: 299, total loss=188229038899200.0000, content_loss=4180475781.2500, style loss=188224818750000.0000, tv loss=43026092.0000
L-BFGS | iteration: 300, total loss=187832442290176.0000, content_loss=4182001953.1250, style loss=187828218750000.0000, tv loss=43017008.0000
L-BFGS | iteration: 301, total loss=187475020480512.0000, content_loss=4182592187.5000, style loss=187470787500000.0000, tv loss=43016980.0000
L-BFGS | iteration: 302, total loss=186479829581824.0000, content_loss=4184459375.0000, style loss=186475593750000.0000, tv loss=43028984.0000
L-BFGS | iteration: 303, total loss=185434843906048.0000, content_loss=4186269531.2500, style loss=185430600000000.0000, tv loss=43042880.0000
L-BFGS | iteration: 304, total loss=184296979562496.0000, content_loss=4186499609.3750, style loss=184292737500000.0000, tv loss=43067596.0000
L-BFGS | iteration: 305, total loss=183364401233920.0000, content_loss=4187679296.8750, style loss=183360150000000.0000, tv loss=43072408.0000
L-BFGS | iteration: 306, total loss=184250104020992.0000, content_loss=4181619531.2500, style loss=184245881250000.0000, tv loss=43105376.0000
L-BFGS | iteration: 307, total loss=182938830372864.0000, content_loss=4185708203.1250, style loss=182934600000000.0000, tv loss=43085628.0000
L-BFGS | iteration: 308, total loss=182638602092544.0000, content_loss=4186079687.5000, style loss=182634356250000.0000, tv loss=43087208.0000
L-BFGS | iteration: 309, total loss=182031719858176.0000, content_loss=4187025000.0000, style loss=182027475000000.0000, tv loss=43093964.0000
L-BFGS | iteration: 310, total loss=181046343630848.0000, content_loss=4191222656.2500, style loss=181042106250000.0000, tv loss=43106024.0000
L-BFGS | iteration: 311, total loss=180144031399936.0000, content_loss=4191642187.5000, style loss=180139781250000.0000, tv loss=43138064.0000
L-BFGS | iteration: 312, total loss=179747048914944.0000, content_loss=4197681250.0000, style loss=179742806250000.0000, tv loss=43127232.0000
L-BFGS | iteration: 313, total loss=179277370753024.0000, content_loss=4194114453.1250, style loss=179273118750000.0000, tv loss=43145640.0000
L-BFGS | iteration: 314, total loss=178802055446528.0000, content_loss=4192741015.6250, style loss=178797806250000.0000, tv loss=43149080.0000
L-BFGS | iteration: 315, total loss=178526590337024.0000, content_loss=4191737890.6250, style loss=178522350000000.0000, tv loss=43155468.0000
L-BFGS | iteration: 316, total loss=177872966778880.0000, content_loss=4191757812.5000, style loss=177868725000000.0000, tv loss=43173216.0000
L-BFGS | iteration: 317, total loss=177324687360000.0000, content_loss=4194008203.1250, style loss=177320437500000.0000, tv loss=43160288.0000
L-BFGS | iteration: 318, total loss=177043148898304.0000, content_loss=4194354687.5000, style loss=177038906250000.0000, tv loss=43167344.0000
L-BFGS | iteration: 319, total loss=176428901466112.0000, content_loss=4191591796.8750, style loss=176424656250000.0000, tv loss=43194184.0000
L-BFGS | iteration: 320, total loss=175866277527552.0000, content_loss=4193502343.7500, style loss=175862025000000.0000, tv loss=43191152.0000
L-BFGS | iteration: 321, total loss=175437233782784.0000, content_loss=4193161718.7500, style loss=175432987500000.0000, tv loss=43189004.0000
L-BFGS | iteration: 322, total loss=175894530359296.0000, content_loss=4194959765.6250, style loss=175890281250000.0000, tv loss=43218652.0000
L-BFGS | iteration: 323, total loss=174749686693888.0000, content_loss=4195037500.0000, style loss=174745443750000.0000, tv loss=43203176.0000
L-BFGS | iteration: 324, total loss=174291400261632.0000, content_loss=4195789062.5000, style loss=174287156250000.0000, tv loss=43199064.0000
L-BFGS | iteration: 325, total loss=173904098230272.0000, content_loss=4192043750.0000, style loss=173899856250000.0000, tv loss=43210056.0000
L-BFGS | iteration: 326, total loss=173343722438656.0000, content_loss=4190204687.5000, style loss=173339475000000.0000, tv loss=43225324.0000
L-BFGS | iteration: 327, total loss=173015040000000.0000, content_loss=4188078515.6250, style loss=173010787500000.0000, tv loss=43237436.0000
L-BFGS | iteration: 328, total loss=172542190944256.0000, content_loss=4190010937.5000, style loss=172537950000000.0000, tv loss=43236304.0000
L-BFGS | iteration: 329, total loss=172027902164992.0000, content_loss=4192975390.6250, style loss=172023656250000.0000, tv loss=43250032.0000
L-BFGS | iteration: 330, total loss=171072255164416.0000, content_loss=4194638671.8750, style loss=171068006250000.0000, tv loss=43261952.0000
L-BFGS | iteration: 331, total loss=171114533748736.0000, content_loss=4194201953.1250, style loss=171110287500000.0000, tv loss=43294992.0000
L-BFGS | iteration: 332, total loss=170706595741696.0000, content_loss=4194800390.6250, style loss=170702343750000.0000, tv loss=43279224.0000
L-BFGS | iteration: 333, total loss=170109846945792.0000, content_loss=4198592968.7500, style loss=170105606250000.0000, tv loss=43293696.0000
L-BFGS | iteration: 334, total loss=169706371678208.0000, content_loss=4194014062.5000, style loss=169702125000000.0000, tv loss=43293612.0000
L-BFGS | iteration: 335, total loss=169352741519360.0000, content_loss=4190874609.3750, style loss=169348500000000.0000, tv loss=43288672.0000
L-BFGS | iteration: 336, total loss=169001174958080.0000, content_loss=4188998437.5000, style loss=168996937500000.0000, tv loss=43301140.0000
L-BFGS | iteration: 337, total loss=168516481187840.0000, content_loss=4191258593.7500, style loss=168512231250000.0000, tv loss=43311456.0000
L-BFGS | iteration: 338, total loss=167768049582080.0000, content_loss=4194241015.6250, style loss=167763806250000.0000, tv loss=43325920.0000
L-BFGS | iteration: 339, total loss=166994032721920.0000, content_loss=4201143359.3750, style loss=166989787500000.0000, tv loss=43337976.0000
L-BFGS | iteration: 340, total loss=167299008954368.0000, content_loss=4197010156.2500, style loss=167294756250000.0000, tv loss=43352368.0000
L-BFGS | iteration: 341, total loss=166699676467200.0000, content_loss=4199616015.6250, style loss=166695431250000.0000, tv loss=43344316.0000
L-BFGS | iteration: 342, total loss=166288617897984.0000, content_loss=4197894921.8750, style loss=166284375000000.0000, tv loss=43332924.0000
L-BFGS | iteration: 343, total loss=166047462195200.0000, content_loss=4199145312.5000, style loss=166043212500000.0000, tv loss=43341928.0000
L-BFGS | iteration: 344, total loss=165740422365184.0000, content_loss=4201258203.1250, style loss=165736181250000.0000, tv loss=43351976.0000
L-BFGS | iteration: 345, total loss=165424842932224.0000, content_loss=4202816015.6250, style loss=165420581250000.0000, tv loss=43361480.0000
L-BFGS | iteration: 346, total loss=164816870178816.0000, content_loss=4204869531.2500, style loss=164812612500000.0000, tv loss=43375292.0000
L-BFGS | iteration: 347, total loss=164638964580352.0000, content_loss=4201569531.2500, style loss=164634712500000.0000, tv loss=43387552.0000
L-BFGS | iteration: 348, total loss=163882530242560.0000, content_loss=4201284765.6250, style loss=163878281250000.0000, tv loss=43378024.0000
L-BFGS | iteration: 349, total loss=163678636736512.0000, content_loss=4200404687.5000, style loss=163674393750000.0000, tv loss=43384856.0000
L-BFGS | iteration: 350, total loss=163169699889152.0000, content_loss=4198990625.0000, style loss=163165462500000.0000, tv loss=43401016.0000
L-BFGS | iteration: 351, total loss=162838802857984.0000, content_loss=4199634375.0000, style loss=162834562500000.0000, tv loss=43406920.0000
L-BFGS | iteration: 352, total loss=162417392746496.0000, content_loss=4198301171.8750, style loss=162413156250000.0000, tv loss=43417440.0000
L-BFGS | iteration: 353, total loss=161861395808256.0000, content_loss=4201449218.7500, style loss=161857143750000.0000, tv loss=43419036.0000
L-BFGS | iteration: 354, total loss=161402136297472.0000, content_loss=4203054687.5000, style loss=161397881250000.0000, tv loss=43431768.0000
L-BFGS | iteration: 355, total loss=160824681299968.0000, content_loss=4208200000.0000, style loss=160820418750000.0000, tv loss=43440824.0000
L-BFGS | iteration: 356, total loss=161006445658112.0000, content_loss=4205837890.6250, style loss=161002181250000.0000, tv loss=43458200.0000
L-BFGS | iteration: 357, total loss=160640886898688.0000, content_loss=4207359765.6250, style loss=160636631250000.0000, tv loss=43448648.0000
L-BFGS | iteration: 358, total loss=160362083123200.0000, content_loss=4206264453.1250, style loss=160357818750000.0000, tv loss=43448708.0000
L-BFGS | iteration: 359, total loss=159632223895552.0000, content_loss=4201741015.6250, style loss=159627975000000.0000, tv loss=43462780.0000
L-BFGS | iteration: 360, total loss=159163367817216.0000, content_loss=4205072656.2500, style loss=159159112500000.0000, tv loss=43461656.0000
L-BFGS | iteration: 361, total loss=158747846508544.0000, content_loss=4202125000.0000, style loss=158743593750000.0000, tv loss=43480280.0000
L-BFGS | iteration: 362, total loss=158374603784192.0000, content_loss=4202473437.5000, style loss=158370356250000.0000, tv loss=43483768.0000
L-BFGS | iteration: 363, total loss=158171079376896.0000, content_loss=4204120312.5000, style loss=158166825000000.0000, tv loss=43489068.0000
L-BFGS | iteration: 364, total loss=157739888148480.0000, content_loss=4206451171.8750, style loss=157735631250000.0000, tv loss=43494912.0000
L-BFGS | iteration: 365, total loss=157182968463360.0000, content_loss=4204400781.2500, style loss=157178700000000.0000, tv loss=43507336.0000
L-BFGS | iteration: 366, total loss=156634085064704.0000, content_loss=4207726953.1250, style loss=156629821875000.0000, tv loss=43505176.0000
L-BFGS | iteration: 367, total loss=156483056566272.0000, content_loss=4204508593.7500, style loss=156478800000000.0000, tv loss=43513408.0000
L-BFGS | iteration: 368, total loss=156240810344448.0000, content_loss=4203814843.7500, style loss=156236550000000.0000, tv loss=43512792.0000
L-BFGS | iteration: 369, total loss=155951705358336.0000, content_loss=4203339843.7500, style loss=155947443750000.0000, tv loss=43516136.0000
L-BFGS | iteration: 370, total loss=155367086489600.0000, content_loss=4205200390.6250, style loss=155362828125000.0000, tv loss=43531196.0000
L-BFGS | iteration: 371, total loss=154684555788288.0000, content_loss=4203635546.8750, style loss=154680300000000.0000, tv loss=43542920.0000
L-BFGS | iteration: 372, total loss=154246133579776.0000, content_loss=4209000781.2500, style loss=154241878125000.0000, tv loss=43551908.0000
L-BFGS | iteration: 373, total loss=154065459740672.0000, content_loss=4207036718.7500, style loss=154061203125000.0000, tv loss=43567204.0000
L-BFGS | iteration: 374, total loss=153822307549184.0000, content_loss=4206867187.5000, style loss=153818053125000.0000, tv loss=43560320.0000
L-BFGS | iteration: 375, total loss=153605529141248.0000, content_loss=4206787500.0000, style loss=153601265625000.0000, tv loss=43560912.0000
L-BFGS | iteration: 376, total loss=152997858377728.0000, content_loss=4208512890.6250, style loss=152993596875000.0000, tv loss=43572096.0000
L-BFGS | iteration: 377, total loss=152537307021312.0000, content_loss=4210174218.7500, style loss=152533050000000.0000, tv loss=43583260.0000
L-BFGS | iteration: 378, total loss=152055951917056.0000, content_loss=4211500390.6250, style loss=152051690625000.0000, tv loss=43591616.0000
L-BFGS | iteration: 379, total loss=151524617486336.0000, content_loss=4212722656.2500, style loss=151520353125000.0000, tv loss=43604152.0000
L-BFGS | iteration: 380, total loss=151488328368128.0000, content_loss=4212026953.1250, style loss=151484071875000.0000, tv loss=43615536.0000
L-BFGS | iteration: 381, total loss=151398066946048.0000, content_loss=4212438281.2500, style loss=151393800000000.0000, tv loss=43610532.0000
L-BFGS | iteration: 382, total loss=151139681042432.0000, content_loss=4214423437.5000, style loss=151135425000000.0000, tv loss=43607576.0000
L-BFGS | iteration: 383, total loss=150907434041344.0000, content_loss=4213523046.8750, style loss=150903178125000.0000, tv loss=43610504.0000
L-BFGS | iteration: 384, total loss=150353433591808.0000, content_loss=4211581640.6250, style loss=150349171875000.0000, tv loss=43626660.0000
L-BFGS | iteration: 385, total loss=149945696911360.0000, content_loss=4211441015.6250, style loss=149941443750000.0000, tv loss=43631896.0000
L-BFGS | iteration: 386, total loss=149741887291392.0000, content_loss=4210892968.7500, style loss=149737621875000.0000, tv loss=43645568.0000
L-BFGS | iteration: 387, total loss=149416811954176.0000, content_loss=4213756640.6250, style loss=149412543750000.0000, tv loss=43644216.0000
L-BFGS | iteration: 388, total loss=149135223160832.0000, content_loss=4214853906.2500, style loss=149130965625000.0000, tv loss=43650412.0000
L-BFGS | iteration: 389, total loss=148797128704000.0000, content_loss=4214440625.0000, style loss=148792865625000.0000, tv loss=43654708.0000
L-BFGS | iteration: 390, total loss=148527569174528.0000, content_loss=4213598437.5000, style loss=148523315625000.0000, tv loss=43662992.0000
L-BFGS | iteration: 391, total loss=148162513731584.0000, content_loss=4213476171.8750, style loss=148158253125000.0000, tv loss=43669136.0000
L-BFGS | iteration: 392, total loss=147848259698688.0000, content_loss=4214852343.7500, style loss=147844003125000.0000, tv loss=43673632.0000
L-BFGS | iteration: 393, total loss=147186935398400.0000, content_loss=4218622265.6250, style loss=147182671875000.0000, tv loss=43690056.0000
L-BFGS | iteration: 394, total loss=146873184681984.0000, content_loss=4218405468.7500, style loss=146868918750000.0000, tv loss=43687004.0000
L-BFGS | iteration: 395, total loss=146976616218624.0000, content_loss=4221032031.2500, style loss=146972343750000.0000, tv loss=43675776.0000
L-BFGS | iteration: 396, total loss=146686320050176.0000, content_loss=4219701562.5000, style loss=146682046875000.0000, tv loss=43682320.0000
L-BFGS | iteration: 397, total loss=146371797581824.0000, content_loss=4219507421.8750, style loss=146367525000000.0000, tv loss=43702888.0000
L-BFGS | iteration: 398, total loss=146150422216704.0000, content_loss=4218549609.3750, style loss=146146153125000.0000, tv loss=43709072.0000
L-BFGS | iteration: 399, total loss=145883127611392.0000, content_loss=4218453906.2500, style loss=145878871875000.0000, tv loss=43717108.0000
L-BFGS | iteration: 400, total loss=145440393658368.0000, content_loss=4218810156.2500, style loss=145436128125000.0000, tv loss=43728712.0000
L-BFGS | iteration: 401, total loss=145102903181312.0000, content_loss=4220450781.2500, style loss=145098618750000.0000, tv loss=43732180.0000
L-BFGS | iteration: 402, total loss=144933889507328.0000, content_loss=4219533593.7500, style loss=144929615625000.0000, tv loss=43746256.0000
L-BFGS | iteration: 403, total loss=144785142710272.0000, content_loss=4220693750.0000, style loss=144780871875000.0000, tv loss=43743224.0000
L-BFGS | iteration: 404, total loss=144633392791552.0000, content_loss=4221376171.8750, style loss=144629118750000.0000, tv loss=43743892.0000
L-BFGS | iteration: 405, total loss=144120278417408.0000, content_loss=4222027734.3750, style loss=144115996875000.0000, tv loss=43757400.0000
L-BFGS | iteration: 406, total loss=143644510126080.0000, content_loss=4221017968.7500, style loss=143640225000000.0000, tv loss=43763912.0000
L-BFGS | iteration: 407, total loss=143259221360640.0000, content_loss=4220622656.2500, style loss=143254950000000.0000, tv loss=43784260.0000
L-BFGS | iteration: 408, total loss=142985081651200.0000, content_loss=4220991406.2500, style loss=142980796875000.0000, tv loss=43786576.0000
L-BFGS | iteration: 409, total loss=142843867824128.0000, content_loss=4218831640.6250, style loss=142839600000000.0000, tv loss=43790808.0000
L-BFGS | iteration: 410, total loss=142686564646912.0000, content_loss=4220247265.6250, style loss=142682278125000.0000, tv loss=43787308.0000
L-BFGS | iteration: 411, total loss=142443026579456.0000, content_loss=4221022265.6250, style loss=142438753125000.0000, tv loss=43793684.0000
L-BFGS | iteration: 412, total loss=141903454535680.0000, content_loss=4223699609.3750, style loss=141899175000000.0000, tv loss=43797908.0000
L-BFGS | iteration: 413, total loss=141546955472896.0000, content_loss=4220517968.7500, style loss=141542671875000.0000, tv loss=43817120.0000
L-BFGS | iteration: 414, total loss=141310883266560.0000, content_loss=4221605468.7500, style loss=141306600000000.0000, tv loss=43820088.0000
L-BFGS | iteration: 415, total loss=141277664378880.0000, content_loss=4220070312.5000, style loss=141273393750000.0000, tv loss=43832024.0000
L-BFGS | iteration: 416, total loss=141164401393664.0000, content_loss=4220965234.3750, style loss=141160115625000.0000, tv loss=43826808.0000
L-BFGS | iteration: 417, total loss=140974718189568.0000, content_loss=4221367578.1250, style loss=140970440625000.0000, tv loss=43825900.0000
L-BFGS | iteration: 418, total loss=140685629980672.0000, content_loss=4221934765.6250, style loss=140681371875000.0000, tv loss=43833156.0000
L-BFGS | iteration: 419, total loss=140115724730368.0000, content_loss=4222414062.5000, style loss=140111465625000.0000, tv loss=43845448.0000
L-BFGS | iteration: 420, total loss=139826468749312.0000, content_loss=4224537109.3750, style loss=139822200000000.0000, tv loss=43853224.0000
L-BFGS | iteration: 421, total loss=139945133998080.0000, content_loss=4221167578.1250, style loss=139940868750000.0000, tv loss=43870736.0000
L-BFGS | iteration: 422, total loss=139669291401216.0000, content_loss=4223264843.7500, style loss=139665028125000.0000, tv loss=43861320.0000
L-BFGS | iteration: 423, total loss=139530376052736.0000, content_loss=4223412890.6250, style loss=139526118750000.0000, tv loss=43859392.0000
L-BFGS | iteration: 424, total loss=139296208060416.0000, content_loss=4223348046.8750, style loss=139291950000000.0000, tv loss=43862200.0000
L-BFGS | iteration: 425, total loss=139058189697024.0000, content_loss=4222953515.6250, style loss=139053928125000.0000, tv loss=43862600.0000
L-BFGS | iteration: 426, total loss=138650830503936.0000, content_loss=4222137890.6250, style loss=138646565625000.0000, tv loss=43880216.0000
L-BFGS | iteration: 427, total loss=138377697427456.0000, content_loss=4224395312.5000, style loss=138373425000000.0000, tv loss=43874232.0000
L-BFGS | iteration: 428, total loss=138183031390208.0000, content_loss=4223248046.8750, style loss=138178771875000.0000, tv loss=43879888.0000
L-BFGS | iteration: 429, total loss=138079859900416.0000, content_loss=4223155859.3750, style loss=138075600000000.0000, tv loss=43888060.0000
L-BFGS | iteration: 430, total loss=137932136513536.0000, content_loss=4223596093.7500, style loss=137927878125000.0000, tv loss=43891820.0000
L-BFGS | iteration: 431, total loss=137541948801024.0000, content_loss=4223494140.6250, style loss=137537690625000.0000, tv loss=43906660.0000
L-BFGS | iteration: 432, total loss=137235068354560.0000, content_loss=4224007812.5000, style loss=137230800000000.0000, tv loss=43914592.0000
L-BFGS | iteration: 433, total loss=137149009625088.0000, content_loss=4221880468.7500, style loss=137144746875000.0000, tv loss=43924360.0000
L-BFGS | iteration: 434, total loss=136967790526464.0000, content_loss=4223707031.2500, style loss=136963518750000.0000, tv loss=43916968.0000
L-BFGS | iteration: 435, total loss=136845820166144.0000, content_loss=4224557031.2500, style loss=136841550000000.0000, tv loss=43918376.0000
L-BFGS | iteration: 436, total loss=136531037650944.0000, content_loss=4224473046.8750, style loss=136526765625000.0000, tv loss=43926480.0000
L-BFGS | iteration: 437, total loss=136258214952960.0000, content_loss=4225530859.3750, style loss=136253943750000.0000, tv loss=43930660.0000
L-BFGS | iteration: 438, total loss=135990920347648.0000, content_loss=4225763671.8750, style loss=135986653125000.0000, tv loss=43935176.0000
L-BFGS | iteration: 439, total loss=135662246297600.0000, content_loss=4227064453.1250, style loss=135657975000000.0000, tv loss=43945164.0000
L-BFGS | iteration: 440, total loss=135583066226688.0000, content_loss=4226502343.7500, style loss=135578793750000.0000, tv loss=43954116.0000
L-BFGS | iteration: 441, total loss=135348134871040.0000, content_loss=4228017968.7500, style loss=135343865625000.0000, tv loss=43948960.0000
L-BFGS | iteration: 442, total loss=135155113000960.0000, content_loss=4228212890.6250, style loss=135150843750000.0000, tv loss=43954708.0000
L-BFGS | iteration: 443, total loss=134754095595520.0000, content_loss=4228597656.2500, style loss=134749828125000.0000, tv loss=43966360.0000
L-BFGS | iteration: 444, total loss=134397579755520.0000, content_loss=4223442187.5000, style loss=134393315625000.0000, tv loss=43985192.0000
L-BFGS | iteration: 445, total loss=134126141177856.0000, content_loss=4226867187.5000, style loss=134121871875000.0000, tv loss=43982480.0000
L-BFGS | iteration: 446, total loss=133985212563456.0000, content_loss=4228514843.7500, style loss=133980946875000.0000, tv loss=43986568.0000
L-BFGS | iteration: 447, total loss=133869701431296.0000, content_loss=4229287890.6250, style loss=133865428125000.0000, tv loss=43988056.0000
L-BFGS | iteration: 448, total loss=133720937857024.0000, content_loss=4230246093.7500, style loss=133716665625000.0000, tv loss=43992880.0000
L-BFGS | iteration: 449, total loss=133450673684480.0000, content_loss=4230580078.1250, style loss=133446403125000.0000, tv loss=43998312.0000
L-BFGS | iteration: 450, total loss=133093285429248.0000, content_loss=4231851953.1250, style loss=133089018750000.0000, tv loss=44011856.0000
L-BFGS | iteration: 451, total loss=132841417474048.0000, content_loss=4230516015.6250, style loss=132837150000000.0000, tv loss=44012400.0000
L-BFGS | iteration: 452, total loss=132752967991296.0000, content_loss=4228061328.1250, style loss=132748696875000.0000, tv loss=44023576.0000
L-BFGS | iteration: 453, total loss=132599120920576.0000, content_loss=4229308593.7500, style loss=132594853125000.0000, tv loss=44022052.0000
L-BFGS | iteration: 454, total loss=132455944159232.0000, content_loss=4229389843.7500, style loss=132451678125000.0000, tv loss=44024356.0000
L-BFGS | iteration: 455, total loss=132110719385600.0000, content_loss=4229269531.2500, style loss=132106453125000.0000, tv loss=44035000.0000
L-BFGS | iteration: 456, total loss=131844045537280.0000, content_loss=4228890234.3750, style loss=131839771875000.0000, tv loss=44045044.0000
L-BFGS | iteration: 457, total loss=131664311222272.0000, content_loss=4229796484.3750, style loss=131660043750000.0000, tv loss=44043672.0000
L-BFGS | iteration: 458, total loss=131530932355072.0000, content_loss=4228622656.2500, style loss=131526665625000.0000, tv loss=44052796.0000
L-BFGS | iteration: 459, total loss=131408316071936.0000, content_loss=4227591015.6250, style loss=131404050000000.0000, tv loss=44056312.0000
L-BFGS | iteration: 460, total loss=131248798302208.0000, content_loss=4227308203.1250, style loss=131244525000000.0000, tv loss=44057940.0000
L-BFGS | iteration: 461, total loss=130976420200448.0000, content_loss=4225923828.1250, style loss=130972153125000.0000, tv loss=44070088.0000
L-BFGS | iteration: 462, total loss=130653660119040.0000, content_loss=4228592578.1250, style loss=130649390625000.0000, tv loss=44074344.0000
L-BFGS | iteration: 463, total loss=130545916837888.0000, content_loss=4227326562.5000, style loss=130541643750000.0000, tv loss=44089840.0000
L-BFGS | iteration: 464, total loss=130392598249472.0000, content_loss=4229139453.1250, style loss=130388325000000.0000, tv loss=44088548.0000
L-BFGS | iteration: 465, total loss=130301095313408.0000, content_loss=4230000390.6250, style loss=130296825000000.0000, tv loss=44089492.0000
L-BFGS | iteration: 466, total loss=129995817091072.0000, content_loss=4230438671.8750, style loss=129991546875000.0000, tv loss=44096856.0000
L-BFGS | iteration: 467, total loss=129744385343488.0000, content_loss=4230728125.0000, style loss=129740118750000.0000, tv loss=44099948.0000
L-BFGS | iteration: 468, total loss=129498162921472.0000, content_loss=4230641406.2500, style loss=129493893750000.0000, tv loss=44109272.0000
L-BFGS | iteration: 469, total loss=129218646114304.0000, content_loss=4231651953.1250, style loss=129214378125000.0000, tv loss=44112948.0000
L-BFGS | iteration: 470, total loss=129145816219648.0000, content_loss=4231098046.8750, style loss=129141543750000.0000, tv loss=44125048.0000
L-BFGS | iteration: 471, total loss=128979528843264.0000, content_loss=4232435937.5000, style loss=128975250000000.0000, tv loss=44125160.0000
L-BFGS | iteration: 472, total loss=128859219427328.0000, content_loss=4232987890.6250, style loss=128854940625000.0000, tv loss=44126572.0000
L-BFGS | iteration: 473, total loss=128592352641024.0000, content_loss=4233543750.0000, style loss=128588071875000.0000, tv loss=44133752.0000
L-BFGS | iteration: 474, total loss=128229998329856.0000, content_loss=4230439453.1250, style loss=128225728125000.0000, tv loss=44138400.0000
L-BFGS | iteration: 475, total loss=128016332095488.0000, content_loss=4232064453.1250, style loss=128012053125000.0000, tv loss=44140696.0000
L-BFGS | iteration: 476, total loss=127883422990336.0000, content_loss=4231814843.7500, style loss=127879153125000.0000, tv loss=44155280.0000
L-BFGS | iteration: 477, total loss=127792129769472.0000, content_loss=4232502734.3750, style loss=127787850000000.0000, tv loss=44154900.0000
L-BFGS | iteration: 478, total loss=127522998059008.0000, content_loss=4233569140.6250, style loss=127518721875000.0000, tv loss=44164632.0000
L-BFGS | iteration: 479, total loss=127264503103488.0000, content_loss=4237066406.2500, style loss=127260225000000.0000, tv loss=44165792.0000
L-BFGS | iteration: 480, total loss=127041844281344.0000, content_loss=4235004687.5000, style loss=127037568750000.0000, tv loss=44181040.0000
L-BFGS | iteration: 481, total loss=126872629280768.0000, content_loss=4233058593.7500, style loss=126868350000000.0000, tv loss=44189616.0000
L-BFGS | iteration: 482, total loss=126754156969984.0000, content_loss=4232745703.1250, style loss=126749878125000.0000, tv loss=44191376.0000
L-BFGS | iteration: 483, total loss=126651740454912.0000, content_loss=4233876953.1250, style loss=126647465625000.0000, tv loss=44187628.0000
L-BFGS | iteration: 484, total loss=126516197326848.0000, content_loss=4233428125.0000, style loss=126511921875000.0000, tv loss=44192344.0000
L-BFGS | iteration: 485, total loss=126276895506432.0000, content_loss=4233154687.5000, style loss=126272615625000.0000, tv loss=44199296.0000
L-BFGS | iteration: 486, total loss=126011823882240.0000, content_loss=4232741406.2500, style loss=126007546875000.0000, tv loss=44209392.0000
L-BFGS | iteration: 487, total loss=125767715389440.0000, content_loss=4234875390.6250, style loss=125763440625000.0000, tv loss=44215592.0000
L-BFGS | iteration: 488, total loss=125714103795712.0000, content_loss=4233057031.2500, style loss=125709825000000.0000, tv loss=44224576.0000
L-BFGS | iteration: 489, total loss=125668234887168.0000, content_loss=4233857421.8750, style loss=125663953125000.0000, tv loss=44221160.0000
L-BFGS | iteration: 490, total loss=125581823836160.0000, content_loss=4234066015.6250, style loss=125577543750000.0000, tv loss=44218912.0000
L-BFGS | iteration: 491, total loss=125364768604160.0000, content_loss=4234062890.6250, style loss=125360493750000.0000, tv loss=44224700.0000
L-BFGS | iteration: 492, total loss=125104243605504.0000, content_loss=4234157812.5000, style loss=125099962500000.0000, tv loss=44227016.0000
L-BFGS | iteration: 493, total loss=124847174713344.0000, content_loss=4234577343.7500, style loss=124842900000000.0000, tv loss=44245708.0000
L-BFGS | iteration: 494, total loss=124671752142848.0000, content_loss=4236397265.6250, style loss=124667475000000.0000, tv loss=44246120.0000
L-BFGS | iteration: 495, total loss=124522602692608.0000, content_loss=4234749609.3750, style loss=124518328125000.0000, tv loss=44250968.0000
L-BFGS | iteration: 496, total loss=124437164720128.0000, content_loss=4235446093.7500, style loss=124432884375000.0000, tv loss=44251984.0000
