C:\Users\user\AppData\Roaming\Python\Python313\site-packages\torchvision\models\_utils.py:208: UserWarning: The parameter 'pretrained' is deprecated since 0.13 and may be removed in the future, please use 'weights' instead.
  warnings.warn(
C:\Users\user\AppData\Roaming\Python\Python313\site-packages\torchvision\models\_utils.py:223: UserWarning: Arguments other than a weight enum or `None` for 'weights' are deprecated since 0.13 and may be removed in the future. The current behavior is equivalent to passing `weights=VGG19_Weights.IMAGENET1K_V1`. You can also use `weights=VGG19_Weights.DEFAULT` to get the most up-to-date weights.
  warnings.warn(msg)
Using VGG19 in the optimization procedure.
L-BFGS | iteration: 000, total loss=111972760934154240.0000, content_loss=      0.0000, style loss=111972758400000000.0000, tv loss=3043441.0000
L-BFGS | iteration: 001, total loss=111972717984481280.0000, content_loss=     27.8100, style loss=111972720000000000.0000, tv loss=3043442.5000
L-BFGS | iteration: 002, total loss=111972597725396992.0000, content_loss=     36.3052, style loss=111972595200000000.0000, tv loss=3043449.5000
L-BFGS | iteration: 003, total loss=111971893350760448.0000, content_loss=     44.9583, style loss=111971894400000000.0000, tv loss=3043487.5000
L-BFGS | iteration: 004, total loss=111968139549343744.0000, content_loss=     94.2078, style loss=111968140800000000.0000, tv loss=3043696.7500
L-BFGS | iteration: 005, total loss=111947326137827328.0000, content_loss=   1192.2959, style loss=111947328000000000.0000, tv loss=3044848.5000
L-BFGS | iteration: 006, total loss=111833088597688320.0000, content_loss=  32967.7820, style loss=111833088000000000.0000, tv loss=3051187.2500
L-BFGS | iteration: 007, total loss=111210387059245056.0000, content_loss= 942392.0631, style loss=111210384000000000.0000, tv loss=3086078.0000
L-BFGS | iteration: 008, total loss=108129942025273344.0000, content_loss=21257608.0322, style loss=108129945600000000.0000, tv loss=3284080.0000
L-BFGS | iteration: 009, total loss=82181622228582400.0000, content_loss=248721508.7891, style loss=82181625600000000.0000, tv loss=6117873.0000
L-BFGS | iteration: 010, total loss=488172717372080128.0000, content_loss=2977478125.0000, style loss=488172710400000000.0000, tv loss=27287348.0000
L-BFGS | iteration: 011, total loss=28207620770758656.0000, content_loss=1054897070.3125, style loss=28207620000000000.0000, tv loss=14682749.0000
L-BFGS | iteration: 012, total loss=17255750518702080.0000, content_loss=997461230.4688, style loss=17255749200000000.0000, tv loss=15903567.0000
L-BFGS | iteration: 013, total loss=11846332624928768.0000, content_loss=1135913183.5938, style loss=11846331600000000.0000, tv loss=17834500.0000
L-BFGS | iteration: 014, total loss=7115388030550016.0000, content_loss=1143577246.0938, style loss=7115386800000000.0000, tv loss=18660986.0000
L-BFGS | iteration: 015, total loss=5960501389426688.0000, content_loss=1233062988.2812, style loss=5960500200000000.0000, tv loss=19989372.0000
L-BFGS | iteration: 016, total loss=4605329149001728.0000, content_loss=1182362695.3125, style loss=4605327900000000.0000, tv loss=19845068.0000
L-BFGS | iteration: 017, total loss=3990132529037312.0000, content_loss=1176076855.4688, style loss=3990131400000000.0000, tv loss=20034432.0000
L-BFGS | iteration: 018, total loss=2898297349996544.0000, content_loss=1261561718.7500, style loss=2898296100000000.0000, tv loss=20699346.0000
L-BFGS | iteration: 019, total loss=2284879920234496.0000, content_loss=1277441796.8750, style loss=2284878450000000.0000, tv loss=20759436.0000
L-BFGS | iteration: 020, total loss=2075374905196544.0000, content_loss=1390033398.4375, style loss=2075373600000000.0000, tv loss=21561354.0000
L-BFGS | iteration: 021, total loss=1853314627010560.0000, content_loss=1359631738.2812, style loss=1853313300000000.0000, tv loss=21197912.0000
L-BFGS | iteration: 022, total loss=1749611299471360.0000, content_loss=1367153808.5938, style loss=1749609900000000.0000, tv loss=21256440.0000
L-BFGS | iteration: 023, total loss=1577373581443072.0000, content_loss=1441827246.0938, style loss=1577372100000000.0000, tv loss=22019924.0000
L-BFGS | iteration: 024, total loss=1426905039372288.0000, content_loss=1408398437.5000, style loss=1426903650000000.0000, tv loss=21679436.0000
L-BFGS | iteration: 025, total loss=1205102593441792.0000, content_loss=1414965039.0625, style loss=1205101125000000.0000, tv loss=21678472.0000
L-BFGS | iteration: 026, total loss=1089538982150144.0000, content_loss=1458503613.2812, style loss=1089537525000000.0000, tv loss=21953624.0000
L-BFGS | iteration: 027, total loss=973306966573056.0000, content_loss=1442210839.8438, style loss=973305525000000.0000, tv loss=21826608.0000
L-BFGS | iteration: 028, total loss=877882054279168.0000, content_loss=1434467968.7500, style loss=877880625000000.0000, tv loss=21972732.0000
L-BFGS | iteration: 029, total loss=777872599941120.0000, content_loss=1445829394.5312, style loss=777871125000000.0000, tv loss=22080166.0000
L-BFGS | iteration: 030, total loss=681799013367808.0000, content_loss=1426290234.3750, style loss=681797625000000.0000, tv loss=22097056.0000
L-BFGS | iteration: 031, total loss=615326676942848.0000, content_loss=1437450000.0000, style loss=615325275000000.0000, tv loss=22036258.0000
L-BFGS | iteration: 032, total loss=704546301018112.0000, content_loss=1475245312.5000, style loss=704544825000000.0000, tv loss=22467652.0000
L-BFGS | iteration: 033, total loss=586925199065088.0000, content_loss=1452227246.0938, style loss=586923712500000.0000, tv loss=22178070.0000
L-BFGS | iteration: 034, total loss=559192763006976.0000, content_loss=1456837890.6250, style loss=559191300000000.0000, tv loss=22194774.0000
L-BFGS | iteration: 035, total loss=504536384929792.0000, content_loss=1469690234.3750, style loss=504534862500000.0000, tv loss=22213624.0000
L-BFGS | iteration: 036, total loss=474207775358976.0000, content_loss=1450204101.5625, style loss=474206287500000.0000, tv loss=22297964.0000
L-BFGS | iteration: 037, total loss=436072760737792.0000, content_loss=1468570605.4688, style loss=436071262500000.0000, tv loss=22248928.0000
L-BFGS | iteration: 038, total loss=440505770967040.0000, content_loss=1497867089.8438, style loss=440504212500000.0000, tv loss=22465592.0000
L-BFGS | iteration: 039, total loss=416734301388800.0000, content_loss=1484328222.6562, style loss=416732775000000.0000, tv loss=22349146.0000
L-BFGS | iteration: 040, total loss=402077624827904.0000, content_loss=1483539843.7500, style loss=402076125000000.0000, tv loss=22355476.0000
L-BFGS | iteration: 041, total loss=368976144105472.0000, content_loss=1483242089.8438, style loss=368974650000000.0000, tv loss=22377660.0000
L-BFGS | iteration: 042, total loss=336170277928960.0000, content_loss=1495750097.6562, style loss=336168750000000.0000, tv loss=22420482.0000
L-BFGS | iteration: 043, total loss=340550641254400.0000, content_loss=1503212402.3438, style loss=340549087500000.0000, tv loss=22567910.0000
L-BFGS | iteration: 044, total loss=324001595392000.0000, content_loss=1499696972.6562, style loss=324000037500000.0000, tv loss=22487404.0000
L-BFGS | iteration: 045, total loss=307939424337920.0000, content_loss=1498540136.7188, style loss=307937887500000.0000, tv loss=22463256.0000
L-BFGS | iteration: 046, total loss=292673734836224.0000, content_loss=1508327832.0312, style loss=292672200000000.0000, tv loss=22516518.0000
L-BFGS | iteration: 047, total loss=274701830062080.0000, content_loss=1516422558.5938, style loss=274700306250000.0000, tv loss=22560768.0000
L-BFGS | iteration: 048, total loss=256000300941312.0000, content_loss=1518687792.9688, style loss=255998756250000.0000, tv loss=22627194.0000
L-BFGS | iteration: 049, total loss=242925833289728.0000, content_loss=1526846777.3438, style loss=242924287500000.0000, tv loss=22608470.0000
L-BFGS | iteration: 050, total loss=236880952033280.0000, content_loss=1535667480.4688, style loss=236879400000000.0000, tv loss=22731302.0000
L-BFGS | iteration: 051, total loss=229852858810368.0000, content_loss=1530880175.7812, style loss=229851318750000.0000, tv loss=22675506.0000
L-BFGS | iteration: 052, total loss=223769272516608.0000, content_loss=1530051269.5312, style loss=223767731250000.0000, tv loss=22675800.0000
L-BFGS | iteration: 053, total loss=214228791197696.0000, content_loss=1533605859.3750, style loss=214227243750000.0000, tv loss=22724950.0000
L-BFGS | iteration: 054, total loss=202613085700096.0000, content_loss=1531295019.5312, style loss=202611543750000.0000, tv loss=22780436.0000
L-BFGS | iteration: 055, total loss=192112075210752.0000, content_loss=1542595898.4375, style loss=192110512500000.0000, tv loss=22844786.0000
L-BFGS | iteration: 056, total loss=184699079098368.0000, content_loss=1540950878.9062, style loss=184697512500000.0000, tv loss=22857504.0000
L-BFGS | iteration: 057, total loss=175957914681344.0000, content_loss=1546353027.3438, style loss=175956356250000.0000, tv loss=22949864.0000
L-BFGS | iteration: 058, total loss=169930431397888.0000, content_loss=1544330664.0625, style loss=169928868750000.0000, tv loss=22866996.0000
L-BFGS | iteration: 059, total loss=165247860080640.0000, content_loss=1545855175.7812, style loss=165246300000000.0000, tv loss=22935108.0000
L-BFGS | iteration: 060, total loss=161225136668672.0000, content_loss=1549251367.1875, style loss=161223581250000.0000, tv loss=23001044.0000
L-BFGS | iteration: 061, total loss=157018048430080.0000, content_loss=1549970507.8125, style loss=157016493750000.0000, tv loss=23019624.0000
L-BFGS | iteration: 062, total loss=151288864047104.0000, content_loss=1551988574.2188, style loss=151287290625000.0000, tv loss=23050894.0000
L-BFGS | iteration: 063, total loss=145365248507904.0000, content_loss=1553483593.7500, style loss=145363668750000.0000, tv loss=23075516.0000
L-BFGS | iteration: 064, total loss=141197184073728.0000, content_loss=1556541699.2188, style loss=141195600000000.0000, tv loss=23095340.0000
L-BFGS | iteration: 065, total loss=139016003387392.0000, content_loss=1557687500.0000, style loss=139014421875000.0000, tv loss=23190200.0000
L-BFGS | iteration: 066, total loss=133190534561792.0000, content_loss=1564068652.3438, style loss=133188946875000.0000, tv loss=23149358.0000
L-BFGS | iteration: 067, total loss=130444641173504.0000, content_loss=1565523632.8125, style loss=130443046875000.0000, tv loss=23188748.0000
L-BFGS | iteration: 068, total loss=126668710608896.0000, content_loss=1566050878.9062, style loss=126667115625000.0000, tv loss=23249714.0000
L-BFGS | iteration: 069, total loss=123559313670144.0000, content_loss=1566603125.0000, style loss=123557718750000.0000, tv loss=23265172.0000
L-BFGS | iteration: 070, total loss=118658344943616.0000, content_loss=1563613476.5625, style loss=118656759375000.0000, tv loss=23360468.0000
L-BFGS | iteration: 071, total loss=114547222380544.0000, content_loss=1566837890.6250, style loss=114545625000000.0000, tv loss=23348956.0000
L-BFGS | iteration: 072, total loss=111381646934016.0000, content_loss=1568337207.0312, style loss=111380053125000.0000, tv loss=23372760.0000
L-BFGS | iteration: 073, total loss=108286074421248.0000, content_loss=1570620410.1562, style loss=108284484375000.0000, tv loss=23431540.0000
L-BFGS | iteration: 074, total loss=105776119021568.0000, content_loss=1576352734.3750, style loss=105774515625000.0000, tv loss=23449460.0000
L-BFGS | iteration: 075, total loss=103587346644992.0000, content_loss=1580456152.3438, style loss=103585743750000.0000, tv loss=23572062.0000
L-BFGS | iteration: 076, total loss=101173021376512.0000, content_loss=1580352148.4375, style loss=101171418750000.0000, tv loss=23517600.0000
L-BFGS | iteration: 077, total loss=99344204169216.0000, content_loss=1580745507.8125, style loss=99342600000000.0000, tv loss=23534510.0000
L-BFGS | iteration: 078, total loss=95797769142272.0000, content_loss=1585761328.1250, style loss=95796159375000.0000, tv loss=23614506.0000
L-BFGS | iteration: 079, total loss=93862282395648.0000, content_loss=1584491503.9062, style loss=93860671875000.0000, tv loss=23674424.0000
L-BFGS | iteration: 080, total loss=92245973794816.0000, content_loss=1586878710.9375, style loss=92244365625000.0000, tv loss=23658316.0000
L-BFGS | iteration: 081, total loss=90558169088000.0000, content_loss=1591477343.7500, style loss=90556546875000.0000, tv loss=23702026.0000
L-BFGS | iteration: 082, total loss=89138657230848.0000, content_loss=1592124121.0938, style loss=89137040625000.0000, tv loss=23717040.0000
L-BFGS | iteration: 083, total loss=86376515108864.0000, content_loss=1596062500.0000, style loss=86374893750000.0000, tv loss=23780880.0000
L-BFGS | iteration: 084, total loss=84474272415744.0000, content_loss=1593285449.2188, style loss=84472650000000.0000, tv loss=23793824.0000
L-BFGS | iteration: 085, total loss=82898984108032.0000, content_loss=1594276464.8438, style loss=82897368750000.0000, tv loss=23807168.0000
L-BFGS | iteration: 086, total loss=81408362020864.0000, content_loss=1594419042.9688, style loss=81406743750000.0000, tv loss=23852704.0000
L-BFGS | iteration: 087, total loss=80003773497344.0000, content_loss=1595375195.3125, style loss=80002153125000.0000, tv loss=23860518.0000
L-BFGS | iteration: 088, total loss=78486433693696.0000, content_loss=1592885644.5312, style loss=78484814062500.0000, tv loss=23952852.0000
L-BFGS | iteration: 089, total loss=76755704479744.0000, content_loss=1593132128.9062, style loss=76754085937500.0000, tv loss=23948892.0000
L-BFGS | iteration: 090, total loss=75363229106176.0000, content_loss=1594695703.1250, style loss=75361607812500.0000, tv loss=23973044.0000
L-BFGS | iteration: 091, total loss=73248310034432.0000, content_loss=1600442480.4688, style loss=73246682812500.0000, tv loss=24035534.0000
L-BFGS | iteration: 092, total loss=71982989180928.0000, content_loss=1605364941.4062, style loss=71981357812500.0000, tv loss=24076318.0000
L-BFGS | iteration: 093, total loss=70570632806400.0000, content_loss=1606850000.0000, style loss=70569000000000.0000, tv loss=24087294.0000
L-BFGS | iteration: 094, total loss=69893030412288.0000, content_loss=1606246191.4062, style loss=69891398437500.0000, tv loss=24117136.0000
L-BFGS | iteration: 095, total loss=69147803254784.0000, content_loss=1606791894.5312, style loss=69146170312500.0000, tv loss=24098278.0000
L-BFGS | iteration: 096, total loss=67953504550912.0000, content_loss=1606526269.5312, style loss=67951875000000.0000, tv loss=24141632.0000
L-BFGS | iteration: 097, total loss=66970191921152.0000, content_loss=1607045312.5000, style loss=66968559375000.0000, tv loss=24167728.0000
L-BFGS | iteration: 098, total loss=66091837554688.0000, content_loss=1609153222.6562, style loss=66090201562500.0000, tv loss=24169040.0000
L-BFGS | iteration: 099, total loss=64763925102592.0000, content_loss=1612795410.1562, style loss=64762284375000.0000, tv loss=24201770.0000
L-BFGS | iteration: 100, total loss=63212754042880.0000, content_loss=1620838769.5312, style loss=63211110937500.0000, tv loss=24261108.0000
L-BFGS | iteration: 101, total loss=62055893696512.0000, content_loss=1622718847.6562, style loss=62054245312500.0000, tv loss=24257306.0000
L-BFGS | iteration: 102, total loss=61471589400576.0000, content_loss=1623640039.0625, style loss=61469939062500.0000, tv loss=24307758.0000
L-BFGS | iteration: 103, total loss=60551581401088.0000, content_loss=1625103320.3125, style loss=60549932812500.0000, tv loss=24320124.0000
L-BFGS | iteration: 104, total loss=59512245452800.0000, content_loss=1624909960.9375, style loss=59510596875000.0000, tv loss=24345306.0000
L-BFGS | iteration: 105, total loss=58458212663296.0000, content_loss=1627522558.5938, style loss=58456560937500.0000, tv loss=24416548.0000
L-BFGS | iteration: 106, total loss=57381811650560.0000, content_loss=1625349316.4062, style loss=57380160937500.0000, tv loss=24412952.0000
L-BFGS | iteration: 107, total loss=56727219208192.0000, content_loss=1626606542.9688, style loss=56725565625000.0000, tv loss=24424936.0000
L-BFGS | iteration: 108, total loss=55527509852160.0000, content_loss=1626052832.0312, style loss=55525856250000.0000, tv loss=24451642.0000
L-BFGS | iteration: 109, total loss=55287339810816.0000, content_loss=1634733886.7188, style loss=55285678125000.0000, tv loss=24536460.0000
L-BFGS | iteration: 110, total loss=54598345687040.0000, content_loss=1632355078.1250, style loss=54596690625000.0000, tv loss=24480258.0000
L-BFGS | iteration: 111, total loss=54336491094016.0000, content_loss=1623216992.1875, style loss=54334842187500.0000, tv loss=24505904.0000
L-BFGS | iteration: 112, total loss=53536779927552.0000, content_loss=1627449707.0312, style loss=53535126562500.0000, tv loss=24518880.0000
L-BFGS | iteration: 113, total loss=53084000616448.0000, content_loss=1628526855.4688, style loss=53082346875000.0000, tv loss=24540998.0000
L-BFGS | iteration: 114, total loss=52342586081280.0000, content_loss=1628053906.2500, style loss=52340934375000.0000, tv loss=24577272.0000
L-BFGS | iteration: 115, total loss=51038811848704.0000, content_loss=1627891210.9375, style loss=51037157812500.0000, tv loss=24617816.0000
L-BFGS | iteration: 116, total loss=50428125380608.0000, content_loss=1624373632.8125, style loss=50426475000000.0000, tv loss=24672928.0000
L-BFGS | iteration: 117, total loss=49655014490112.0000, content_loss=1626842382.8125, style loss=49653360937500.0000, tv loss=24643664.0000
L-BFGS | iteration: 118, total loss=49319491141632.0000, content_loss=1627879199.2188, style loss=49317839062500.0000, tv loss=24671340.0000
L-BFGS | iteration: 119, total loss=48837028741120.0000, content_loss=1630009765.6250, style loss=48835373437500.0000, tv loss=24662240.0000
L-BFGS | iteration: 120, total loss=48229051793408.0000, content_loss=1632582519.5312, style loss=48227395312500.0000, tv loss=24685760.0000
L-BFGS | iteration: 121, total loss=47502510260224.0000, content_loss=1633548437.5000, style loss=47500851562500.0000, tv loss=24732988.0000
L-BFGS | iteration: 122, total loss=46930558189568.0000, content_loss=1635829492.1875, style loss=46928896875000.0000, tv loss=24765326.0000
L-BFGS | iteration: 123, total loss=46425933086720.0000, content_loss=1636695312.5000, style loss=46424273437500.0000, tv loss=24768124.0000
L-BFGS | iteration: 124, total loss=45892535058432.0000, content_loss=1637670312.5000, style loss=45890873437500.0000, tv loss=24808960.0000
L-BFGS | iteration: 125, total loss=45301863809024.0000, content_loss=1639256640.6250, style loss=45300196875000.0000, tv loss=24798564.0000
L-BFGS | iteration: 126, total loss=44766544789504.0000, content_loss=1638567578.1250, style loss=44764879687500.0000, tv loss=24814958.0000
L-BFGS | iteration: 127, total loss=44051529203712.0000, content_loss=1637552246.0938, style loss=44049867187500.0000, tv loss=24869548.0000
L-BFGS | iteration: 128, total loss=43525215354880.0000, content_loss=1637219238.2812, style loss=43523554687500.0000, tv loss=24867744.0000
L-BFGS | iteration: 129, total loss=43187594854400.0000, content_loss=1636723925.7812, style loss=43185932812500.0000, tv loss=24880660.0000
L-BFGS | iteration: 130, total loss=42402383396864.0000, content_loss=1637932812.5000, style loss=42400720312500.0000, tv loss=24927730.0000
L-BFGS | iteration: 131, total loss=42203606941696.0000, content_loss=1635747558.5938, style loss=42201946875000.0000, tv loss=24946468.0000
L-BFGS | iteration: 132, total loss=41632757972992.0000, content_loss=1637398046.8750, style loss=41631098437500.0000, tv loss=24959190.0000
L-BFGS | iteration: 133, total loss=41340473704448.0000, content_loss=1640335742.1875, style loss=41338809375000.0000, tv loss=24942940.0000
L-BFGS | iteration: 134, total loss=41055588188160.0000, content_loss=1640276171.8750, style loss=41053921875000.0000, tv loss=24985116.0000
L-BFGS | iteration: 135, total loss=40752939794432.0000, content_loss=1640509375.0000, style loss=40751273437500.0000, tv loss=24986620.0000
L-BFGS | iteration: 136, total loss=40212004601856.0000, content_loss=1640451562.5000, style loss=40210340625000.0000, tv loss=25012360.0000
L-BFGS | iteration: 137, total loss=39738593509376.0000, content_loss=1640611132.8125, style loss=39736926562500.0000, tv loss=25034288.0000
L-BFGS | iteration: 138, total loss=39005752131584.0000, content_loss=1642035156.2500, style loss=39004085156250.0000, tv loss=25101916.0000
L-BFGS | iteration: 139, total loss=38576293150720.0000, content_loss=1642978710.9375, style loss=38574623437500.0000, tv loss=25089438.0000
L-BFGS | iteration: 140, total loss=38287607595008.0000, content_loss=1642828710.9375, style loss=38285936718750.0000, tv loss=25114088.0000
L-BFGS | iteration: 141, total loss=38062377664512.0000, content_loss=1643267578.1250, style loss=38060707031250.0000, tv loss=25117542.0000
L-BFGS | iteration: 142, total loss=37808240590848.0000, content_loss=1644024804.6875, style loss=37806569531250.0000, tv loss=25127164.0000
L-BFGS | iteration: 143, total loss=37243225899008.0000, content_loss=1644229492.1875, style loss=37241557031250.0000, tv loss=25156140.0000
L-BFGS | iteration: 144, total loss=36799858606080.0000, content_loss=1644645507.8125, style loss=36798187500000.0000, tv loss=25196996.0000
L-BFGS | iteration: 145, total loss=36498598526976.0000, content_loss=1645503906.2500, style loss=36496928906250.0000, tv loss=25190860.0000
L-BFGS | iteration: 146, total loss=36221837377536.0000, content_loss=1645478125.0000, style loss=36220169531250.0000, tv loss=25226844.0000
L-BFGS | iteration: 147, total loss=35916202639360.0000, content_loss=1647611523.4375, style loss=35914530468750.0000, tv loss=25230980.0000
L-BFGS | iteration: 148, total loss=35522542043136.0000, content_loss=1649012890.6250, style loss=35520869531250.0000, tv loss=25247292.0000
L-BFGS | iteration: 149, total loss=35172697243648.0000, content_loss=1651273242.1875, style loss=35171022656250.0000, tv loss=25268592.0000
L-BFGS | iteration: 150, total loss=34884156391424.0000, content_loss=1651748632.8125, style loss=34882478906250.0000, tv loss=25271772.0000
L-BFGS | iteration: 151, total loss=34669269614592.0000, content_loss=1651312500.0000, style loss=34667594531250.0000, tv loss=25299688.0000
L-BFGS | iteration: 152, total loss=34388628733952.0000, content_loss=1651019335.9375, style loss=34386953906250.0000, tv loss=25297496.0000
L-BFGS | iteration: 153, total loss=34077310713856.0000, content_loss=1651284375.0000, style loss=34075635937500.0000, tv loss=25318798.0000
L-BFGS | iteration: 154, total loss=33626756481024.0000, content_loss=1651476562.5000, style loss=33625080468750.0000, tv loss=25345190.0000
L-BFGS | iteration: 155, total loss=33295318384640.0000, content_loss=1652275585.9375, style loss=33293641406250.0000, tv loss=25355100.0000
L-BFGS | iteration: 156, total loss=32956779331584.0000, content_loss=1652705468.7500, style loss=32955100781250.0000, tv loss=25380828.0000
L-BFGS | iteration: 157, total loss=32662204973056.0000, content_loss=1653761914.0625, style loss=32660524218750.0000, tv loss=25387640.0000
L-BFGS | iteration: 158, total loss=32424109015040.0000, content_loss=1653470312.5000, style loss=32422432031250.0000, tv loss=25415740.0000
L-BFGS | iteration: 159, total loss=32134095962112.0000, content_loss=1653721875.0000, style loss=32132416406250.0000, tv loss=25418780.0000
L-BFGS | iteration: 160, total loss=31828576567296.0000, content_loss=1653223242.1875, style loss=31826899218750.0000, tv loss=25442796.0000
L-BFGS | iteration: 161, total loss=31538058100736.0000, content_loss=1653464648.4375, style loss=31536379687500.0000, tv loss=25446242.0000
L-BFGS | iteration: 162, total loss=31282490769408.0000, content_loss=1654399804.6875, style loss=31280810156250.0000, tv loss=25459424.0000
L-BFGS | iteration: 163, total loss=30993710841856.0000, content_loss=1654223632.8125, style loss=30992032031250.0000, tv loss=25470670.0000
L-BFGS | iteration: 164, total loss=30746202865664.0000, content_loss=1655609179.6875, style loss=30744522656250.0000, tv loss=25501628.0000
L-BFGS | iteration: 165, total loss=30539113299968.0000, content_loss=1657166601.5625, style loss=30537431250000.0000, tv loss=25497962.0000
L-BFGS | iteration: 166, total loss=30333955211264.0000, content_loss=1654851171.8750, style loss=30332275781250.0000, tv loss=25532536.0000
L-BFGS | iteration: 167, total loss=30171178467328.0000, content_loss=1654744921.8750, style loss=30169497656250.0000, tv loss=25531120.0000
L-BFGS | iteration: 168, total loss=29934844116992.0000, content_loss=1654659960.9375, style loss=29933163281250.0000, tv loss=25534828.0000
L-BFGS | iteration: 169, total loss=29663546048512.0000, content_loss=1655487109.3750, style loss=29661867187500.0000, tv loss=25568908.0000
L-BFGS | iteration: 170, total loss=29355656871936.0000, content_loss=1655931445.3125, style loss=29353975781250.0000, tv loss=25573270.0000
L-BFGS | iteration: 171, total loss=29140252098560.0000, content_loss=1657983789.0625, style loss=29138568750000.0000, tv loss=25581276.0000
L-BFGS | iteration: 172, total loss=28855723098112.0000, content_loss=1658986914.0625, style loss=28854039843750.0000, tv loss=25620104.0000
L-BFGS | iteration: 173, total loss=28633443860480.0000, content_loss=1660866601.5625, style loss=28631758593750.0000, tv loss=25611352.0000
L-BFGS | iteration: 174, total loss=28486582403072.0000, content_loss=1660984179.6875, style loss=28484896875000.0000, tv loss=25639772.0000
L-BFGS | iteration: 175, total loss=28299155734528.0000, content_loss=1660841210.9375, style loss=28297469531250.0000, tv loss=25648118.0000
L-BFGS | iteration: 176, total loss=28162146697216.0000, content_loss=1659937500.0000, style loss=28160460937500.0000, tv loss=25654784.0000
L-BFGS | iteration: 177, total loss=27893623160832.0000, content_loss=1660256640.6250, style loss=27891937500000.0000, tv loss=25669072.0000
L-BFGS | iteration: 178, total loss=27697751261184.0000, content_loss=1659895898.4375, style loss=27696065625000.0000, tv loss=25704552.0000
L-BFGS | iteration: 179, total loss=27467498651648.0000, content_loss=1661292968.7500, style loss=27465813281250.0000, tv loss=25692700.0000
L-BFGS | iteration: 180, total loss=27346700599296.0000, content_loss=1662018554.6875, style loss=27345011718750.0000, tv loss=25705832.0000
L-BFGS | iteration: 181, total loss=27241538912256.0000, content_loss=1662202148.4375, style loss=27239850000000.0000, tv loss=25696540.0000
L-BFGS | iteration: 182, total loss=27132315041792.0000, content_loss=1661867382.8125, style loss=27130628906250.0000, tv loss=25707516.0000
L-BFGS | iteration: 183, total loss=26893145341952.0000, content_loss=1660688671.8750, style loss=26891458593750.0000, tv loss=25731626.0000
L-BFGS | iteration: 184, total loss=26703451652096.0000, content_loss=1661127539.0625, style loss=26701764843750.0000, tv loss=25739120.0000
L-BFGS | iteration: 185, total loss=26466756591616.0000, content_loss=1660937304.6875, style loss=26465069531250.0000, tv loss=25753564.0000
L-BFGS | iteration: 186, total loss=26282800709632.0000, content_loss=1663264257.8125, style loss=26281113281250.0000, tv loss=25758134.0000
L-BFGS | iteration: 187, total loss=26161455300608.0000, content_loss=1663850585.9375, style loss=26159767968750.0000, tv loss=25770640.0000
L-BFGS | iteration: 188, total loss=25997105692672.0000, content_loss=1664574609.3750, style loss=25995414843750.0000, tv loss=25776096.0000
L-BFGS | iteration: 189, total loss=25864387428352.0000, content_loss=1664958593.7500, style loss=25862697656250.0000, tv loss=25800556.0000
L-BFGS | iteration: 190, total loss=25675461296128.0000, content_loss=1664696093.7500, style loss=25673770312500.0000, tv loss=25808028.0000
L-BFGS | iteration: 191, total loss=25468174598144.0000, content_loss=1664494335.9375, style loss=25466484375000.0000, tv loss=25820472.0000
L-BFGS | iteration: 192, total loss=25283415506944.0000, content_loss=1664577148.4375, style loss=25281724218750.0000, tv loss=25836406.0000
L-BFGS | iteration: 193, total loss=25109800681472.0000, content_loss=1664914062.5000, style loss=25108110937500.0000, tv loss=25844204.0000
L-BFGS | iteration: 194, total loss=24967865434112.0000, content_loss=1665824218.7500, style loss=24966175781250.0000, tv loss=25849908.0000
L-BFGS | iteration: 195, total loss=24789815132160.0000, content_loss=1666145117.1875, style loss=24788125781250.0000, tv loss=25868172.0000
L-BFGS | iteration: 196, total loss=24674993963008.0000, content_loss=1667101367.1875, style loss=24673300781250.0000, tv loss=25861036.0000
L-BFGS | iteration: 197, total loss=24559893872640.0000, content_loss=1665675195.3125, style loss=24558203906250.0000, tv loss=25890040.0000
L-BFGS | iteration: 198, total loss=24469802319872.0000, content_loss=1665431250.0000, style loss=24468112500000.0000, tv loss=25886592.0000
L-BFGS | iteration: 199, total loss=24371817086976.0000, content_loss=1665123437.5000, style loss=24370127343750.0000, tv loss=25888470.0000
L-BFGS | iteration: 200, total loss=24197088673792.0000, content_loss=1665867382.8125, style loss=24195398437500.0000, tv loss=25900392.0000
L-BFGS | iteration: 201, total loss=24027663958016.0000, content_loss=1665341406.2500, style loss=24025973437500.0000, tv loss=25919544.0000
L-BFGS | iteration: 202, total loss=23908740759552.0000, content_loss=1667259960.9375, style loss=23907049218750.0000, tv loss=25923960.0000
L-BFGS | iteration: 203, total loss=23814838681600.0000, content_loss=1668764648.4375, style loss=23813144531250.0000, tv loss=25927730.0000
L-BFGS | iteration: 204, total loss=23686434258944.0000, content_loss=1669011523.4375, style loss=23684739843750.0000, tv loss=25947826.0000
L-BFGS | iteration: 205, total loss=23532809486336.0000, content_loss=1670250000.0000, style loss=23531114062500.0000, tv loss=25949486.0000
L-BFGS | iteration: 206, total loss=23424013434880.0000, content_loss=1669587890.6250, style loss=23422319531250.0000, tv loss=25966292.0000
L-BFGS | iteration: 207, total loss=23312396713984.0000, content_loss=1669029882.8125, style loss=23310703125000.0000, tv loss=25968836.0000
L-BFGS | iteration: 208, total loss=23172229365760.0000, content_loss=1669454882.8125, style loss=23170535156250.0000, tv loss=25978354.0000
L-BFGS | iteration: 209, total loss=23012868882432.0000, content_loss=1670716015.6250, style loss=23011171875000.0000, tv loss=25989952.0000
L-BFGS | iteration: 210, total loss=22909286350848.0000, content_loss=1671611718.7500, style loss=22907589843750.0000, tv loss=25994926.0000
L-BFGS | iteration: 211, total loss=22814088232960.0000, content_loss=1672413867.1875, style loss=22812391406250.0000, tv loss=26003380.0000
L-BFGS | iteration: 212, total loss=22652974530560.0000, content_loss=1673208593.7500, style loss=22651275000000.0000, tv loss=26016796.0000
L-BFGS | iteration: 213, total loss=22523840299008.0000, content_loss=1673469140.6250, style loss=22522141406250.0000, tv loss=26044056.0000
L-BFGS | iteration: 214, total loss=22507694325760.0000, content_loss=1673882812.5000, style loss=22505995312500.0000, tv loss=26024206.0000
L-BFGS | iteration: 215, total loss=22384312582144.0000, content_loss=1672830078.1250, style loss=22382613281250.0000, tv loss=26038092.0000
L-BFGS | iteration: 216, total loss=22331822964736.0000, content_loss=1672566601.5625, style loss=22330125000000.0000, tv loss=26046798.0000
L-BFGS | iteration: 217, total loss=22239682494464.0000, content_loss=1672147460.9375, style loss=22237985156250.0000, tv loss=26056632.0000
L-BFGS | iteration: 218, total loss=22114220376064.0000, content_loss=1672160546.8750, style loss=22112524218750.0000, tv loss=26065100.0000
L-BFGS | iteration: 219, total loss=21965435830272.0000, content_loss=1672368554.6875, style loss=21963738281250.0000, tv loss=26085208.0000
L-BFGS | iteration: 220, total loss=21831710932992.0000, content_loss=1673306250.0000, style loss=21830013281250.0000, tv loss=26084170.0000
L-BFGS | iteration: 221, total loss=21750454681600.0000, content_loss=1674137500.0000, style loss=21748755468750.0000, tv loss=26088178.0000
L-BFGS | iteration: 222, total loss=21637128781824.0000, content_loss=1674884765.6250, style loss=21635428125000.0000, tv loss=26096044.0000
L-BFGS | iteration: 223, total loss=21513415688192.0000, content_loss=1677618164.0625, style loss=21511713281250.0000, tv loss=26128300.0000
L-BFGS | iteration: 224, total loss=21389367050240.0000, content_loss=1676762109.3750, style loss=21387663281250.0000, tv loss=26119180.0000
L-BFGS | iteration: 225, total loss=21354636115968.0000, content_loss=1675177539.0625, style loss=21352935937500.0000, tv loss=26137154.0000
L-BFGS | iteration: 226, total loss=21271028957184.0000, content_loss=1676086914.0625, style loss=21269327343750.0000, tv loss=26129392.0000
L-BFGS | iteration: 227, total loss=21223658487808.0000, content_loss=1676646484.3750, style loss=21221957812500.0000, tv loss=26132420.0000
L-BFGS | iteration: 228, total loss=21118748459008.0000, content_loss=1677402929.6875, style loss=21117044531250.0000, tv loss=26144944.0000
L-BFGS | iteration: 229, total loss=21016457773056.0000, content_loss=1677574804.6875, style loss=21014753906250.0000, tv loss=26156828.0000
L-BFGS | iteration: 230, total loss=20890989363200.0000, content_loss=1678198437.5000, style loss=20889285937500.0000, tv loss=26176482.0000
L-BFGS | iteration: 231, total loss=20784026222592.0000, content_loss=1677822265.6250, style loss=20782324218750.0000, tv loss=26175384.0000
L-BFGS | iteration: 232, total loss=20712605614080.0000, content_loss=1677912695.3125, style loss=20710903125000.0000, tv loss=26179892.0000
L-BFGS | iteration: 233, total loss=20601475432448.0000, content_loss=1678522460.9375, style loss=20599771875000.0000, tv loss=26190548.0000
L-BFGS | iteration: 234, total loss=20493843300352.0000, content_loss=1678849218.7500, style loss=20492137500000.0000, tv loss=26201800.0000
L-BFGS | iteration: 235, total loss=20401216290816.0000, content_loss=1679307031.2500, style loss=20399510156250.0000, tv loss=26215892.0000
L-BFGS | iteration: 236, total loss=20351293587456.0000, content_loss=1681148828.1250, style loss=20349585937500.0000, tv loss=26213664.0000
L-BFGS | iteration: 237, total loss=20271792652288.0000, content_loss=1680250781.2500, style loss=20270085937500.0000, tv loss=26232832.0000
L-BFGS | iteration: 238, total loss=20229545525248.0000, content_loss=1680084570.3125, style loss=20227837500000.0000, tv loss=26230472.0000
L-BFGS | iteration: 239, total loss=20130369110016.0000, content_loss=1679959375.0000, style loss=20128661718750.0000, tv loss=26234424.0000
L-BFGS | iteration: 240, total loss=20005817155584.0000, content_loss=1680274609.3750, style loss=20004110156250.0000, tv loss=26248188.0000
L-BFGS | iteration: 241, total loss=19897201459200.0000, content_loss=1679951562.5000, style loss=19895493750000.0000, tv loss=26263280.0000
L-BFGS | iteration: 242, total loss=19820575719424.0000, content_loss=1680521875.0000, style loss=19818869531250.0000, tv loss=26267600.0000
L-BFGS | iteration: 243, total loss=19737962610688.0000, content_loss=1680496484.3750, style loss=19736254687500.0000, tv loss=26283904.0000
L-BFGS | iteration: 244, total loss=19649200652288.0000, content_loss=1680733593.7500, style loss=19647493359375.0000, tv loss=26283676.0000
L-BFGS | iteration: 245, total loss=19569712300032.0000, content_loss=1680781054.6875, style loss=19568006250000.0000, tv loss=26303256.0000
L-BFGS | iteration: 246, total loss=19494246285312.0000, content_loss=1681214257.8125, style loss=19492537500000.0000, tv loss=26310184.0000
L-BFGS | iteration: 247, total loss=19404890832896.0000, content_loss=1680803125.0000, style loss=19403184375000.0000, tv loss=26320634.0000
L-BFGS | iteration: 248, total loss=19313450811392.0000, content_loss=1680956640.6250, style loss=19311740625000.0000, tv loss=26329936.0000
L-BFGS | iteration: 249, total loss=19239503134720.0000, content_loss=1681232226.5625, style loss=19237794140625.0000, tv loss=26340180.0000
L-BFGS | iteration: 250, total loss=19134842667008.0000, content_loss=1681637304.6875, style loss=19133133984375.0000, tv loss=26360320.0000
L-BFGS | iteration: 251, total loss=19048064614400.0000, content_loss=1682213476.5625, style loss=19046355468750.0000, tv loss=26366522.0000
L-BFGS | iteration: 252, total loss=18996239794176.0000, content_loss=1682495117.1875, style loss=18994531640625.0000, tv loss=26374174.0000
L-BFGS | iteration: 253, total loss=18925039386624.0000, content_loss=1684529296.8750, style loss=18923328515625.0000, tv loss=26370676.0000
L-BFGS | iteration: 254, total loss=18868793769984.0000, content_loss=1683914062.5000, style loss=18867083203125.0000, tv loss=26401982.0000
L-BFGS | iteration: 255, total loss=18801854775296.0000, content_loss=1684257812.5000, style loss=18800143359375.0000, tv loss=26394944.0000
L-BFGS | iteration: 256, total loss=18741177876480.0000, content_loss=1684591406.2500, style loss=18739466015625.0000, tv loss=26397014.0000
L-BFGS | iteration: 257, total loss=18646971711488.0000, content_loss=1685192773.4375, style loss=18645258984375.0000, tv loss=26409496.0000
L-BFGS | iteration: 258, total loss=18567112163328.0000, content_loss=1685569921.8750, style loss=18565399218750.0000, tv loss=26419364.0000
L-BFGS | iteration: 259, total loss=18491079917568.0000, content_loss=1685725585.9375, style loss=18489365625000.0000, tv loss=26426240.0000
L-BFGS | iteration: 260, total loss=18448843276288.0000, content_loss=1685775976.5625, style loss=18447130078125.0000, tv loss=26432620.0000
L-BFGS | iteration: 261, total loss=18381648429056.0000, content_loss=1685860546.8750, style loss=18379934765625.0000, tv loss=26441280.0000
L-BFGS | iteration: 262, total loss=18271289999360.0000, content_loss=1685599804.6875, style loss=18269576953125.0000, tv loss=26470420.0000
L-BFGS | iteration: 263, total loss=18202243366912.0000, content_loss=1685992382.8125, style loss=18200530078125.0000, tv loss=26461656.0000
L-BFGS | iteration: 264, total loss=18149231558656.0000, content_loss=1685837304.6875, style loss=18147519140625.0000, tv loss=26478918.0000
L-BFGS | iteration: 265, total loss=18109754769408.0000, content_loss=1686129296.8750, style loss=18108041015625.0000, tv loss=26480720.0000
L-BFGS | iteration: 266, total loss=18052515102720.0000, content_loss=1685741992.1875, style loss=18050801953125.0000, tv loss=26485340.0000
L-BFGS | iteration: 267, total loss=17969138630656.0000, content_loss=1686034765.6250, style loss=17967425390625.0000, tv loss=26492840.0000
L-BFGS | iteration: 268, total loss=17895528595456.0000, content_loss=1685056445.3125, style loss=17893817578125.0000, tv loss=26508834.0000
L-BFGS | iteration: 269, total loss=17834931388416.0000, content_loss=1685125000.0000, style loss=17833218750000.0000, tv loss=26511424.0000
L-BFGS | iteration: 270, total loss=17759266144256.0000, content_loss=1685161328.1250, style loss=17757551953125.0000, tv loss=26527644.0000
L-BFGS | iteration: 271, total loss=17688873140224.0000, content_loss=1685686328.1250, style loss=17687159765625.0000, tv loss=26526680.0000
L-BFGS | iteration: 272, total loss=17636106698752.0000, content_loss=1685649023.4375, style loss=17634393750000.0000, tv loss=26542612.0000
L-BFGS | iteration: 273, total loss=17587484229632.0000, content_loss=1686121679.6875, style loss=17585771484375.0000, tv loss=26543404.0000
L-BFGS | iteration: 274, total loss=17520883924992.0000, content_loss=1686436914.0625, style loss=17519171484375.0000, tv loss=26551414.0000
L-BFGS | iteration: 275, total loss=17439805931520.0000, content_loss=1687109765.6250, style loss=17438092968750.0000, tv loss=26562514.0000
L-BFGS | iteration: 276, total loss=17369003982848.0000, content_loss=1686972070.3125, style loss=17367290625000.0000, tv loss=26573396.0000
L-BFGS | iteration: 277, total loss=17312096714752.0000, content_loss=1686941210.9375, style loss=17310383203125.0000, tv loss=26583346.0000
L-BFGS | iteration: 278, total loss=17245856071680.0000, content_loss=1686883984.3750, style loss=17244142968750.0000, tv loss=26590630.0000
L-BFGS | iteration: 279, total loss=17188949852160.0000, content_loss=1686272460.9375, style loss=17187237890625.0000, tv loss=26610346.0000
L-BFGS | iteration: 280, total loss=17158074531840.0000, content_loss=1686593359.3750, style loss=17156362500000.0000, tv loss=26603642.0000
L-BFGS | iteration: 281, total loss=17105218961408.0000, content_loss=1686186718.7500, style loss=17103506250000.0000, tv loss=26615112.0000
L-BFGS | iteration: 282, total loss=17072812720128.0000, content_loss=1686011914.0625, style loss=17071100390625.0000, tv loss=26620824.0000
L-BFGS | iteration: 283, total loss=17025845952512.0000, content_loss=1685774023.4375, style loss=17024133984375.0000, tv loss=26627592.0000
L-BFGS | iteration: 284, total loss=16947427147776.0000, content_loss=1686010351.5625, style loss=16945714453125.0000, tv loss=26637250.0000
L-BFGS | iteration: 285, total loss=16879360933888.0000, content_loss=1685462500.0000, style loss=16877649609375.0000, tv loss=26651368.0000
L-BFGS | iteration: 286, total loss=16832192839680.0000, content_loss=1685663476.5625, style loss=16830480468750.0000, tv loss=26652654.0000
L-BFGS | iteration: 287, total loss=16782550106112.0000, content_loss=1685828125.0000, style loss=16780837500000.0000, tv loss=26666786.0000
L-BFGS | iteration: 288, total loss=16729841336320.0000, content_loss=1686716796.8750, style loss=16728127734375.0000, tv loss=26667140.0000
L-BFGS | iteration: 289, total loss=16678687604736.0000, content_loss=1686843554.6875, style loss=16676974218750.0000, tv loss=26682672.0000
L-BFGS | iteration: 290, total loss=16621219348480.0000, content_loss=1687616406.2500, style loss=16619505468750.0000, tv loss=26689700.0000
L-BFGS | iteration: 291, total loss=16570226049024.0000, content_loss=1687767187.5000, style loss=16568511328125.0000, tv loss=26699844.0000
L-BFGS | iteration: 292, total loss=16523947147264.0000, content_loss=1687593750.0000, style loss=16522233984375.0000, tv loss=26702690.0000
L-BFGS | iteration: 293, total loss=16460594282496.0000, content_loss=1687765820.3125, style loss=16458880078125.0000, tv loss=26716062.0000
L-BFGS | iteration: 294, total loss=16407994564608.0000, content_loss=1687374804.6875, style loss=16406281640625.0000, tv loss=26719056.0000
L-BFGS | iteration: 295, total loss=16359732805632.0000, content_loss=1687404882.8125, style loss=16358019140625.0000, tv loss=26734998.0000
L-BFGS | iteration: 296, total loss=16312926470144.0000, content_loss=1688637500.0000, style loss=16311212109375.0000, tv loss=26737972.0000
L-BFGS | iteration: 297, total loss=16281045565440.0000, content_loss=1688618554.6875, style loss=16279330078125.0000, tv loss=26747152.0000
L-BFGS | iteration: 298, total loss=16239488401408.0000, content_loss=1688885156.2500, style loss=16237771875000.0000, tv loss=26750262.0000
L-BFGS | iteration: 299, total loss=16174519681024.0000, content_loss=1689393359.3750, style loss=16172803125000.0000, tv loss=26761416.0000
L-BFGS | iteration: 300, total loss=16108274843648.0000, content_loss=1689133593.7500, style loss=16106558203125.0000, tv loss=26772044.0000
L-BFGS | iteration: 301, total loss=16057246941184.0000, content_loss=1689465820.3125, style loss=16055530078125.0000, tv loss=26775188.0000
L-BFGS | iteration: 302, total loss=16012987596800.0000, content_loss=1689502539.0625, style loss=16011270703125.0000, tv loss=26788792.0000
L-BFGS | iteration: 303, total loss=15967172165632.0000, content_loss=1689940234.3750, style loss=15965455078125.0000, tv loss=26789030.0000
L-BFGS | iteration: 304, total loss=15925860368384.0000, content_loss=1689606250.0000, style loss=15924144140625.0000, tv loss=26802472.0000
L-BFGS | iteration: 305, total loss=15877669912576.0000, content_loss=1690012695.3125, style loss=15875951953125.0000, tv loss=26810652.0000
L-BFGS | iteration: 306, total loss=15817904226304.0000, content_loss=1689724804.6875, style loss=15816187500000.0000, tv loss=26817780.0000
L-BFGS | iteration: 307, total loss=15767919656960.0000, content_loss=1690146679.6875, style loss=15766202343750.0000, tv loss=26826620.0000
L-BFGS | iteration: 308, total loss=15730747637760.0000, content_loss=1690203320.3125, style loss=15729030468750.0000, tv loss=26830288.0000
L-BFGS | iteration: 309, total loss=15676439789568.0000, content_loss=1689696093.7500, style loss=15674723437500.0000, tv loss=26847796.0000
L-BFGS | iteration: 310, total loss=15613769547776.0000, content_loss=1689747460.9375, style loss=15612052734375.0000, tv loss=26855036.0000
L-BFGS | iteration: 311, total loss=15578122158080.0000, content_loss=1689354882.8125, style loss=15576405468750.0000, tv loss=26870552.0000
L-BFGS | iteration: 312, total loss=15541282537472.0000, content_loss=1689645703.1250, style loss=15539566406250.0000, tv loss=26871236.0000
L-BFGS | iteration: 313, total loss=15495379025920.0000, content_loss=1690447851.5625, style loss=15493661718750.0000, tv loss=26878258.0000
L-BFGS | iteration: 314, total loss=15440449372160.0000, content_loss=1690962500.0000, style loss=15438731250000.0000, tv loss=26884596.0000
L-BFGS | iteration: 315, total loss=15393243529216.0000, content_loss=1691279296.8750, style loss=15391524609375.0000, tv loss=26891098.0000
L-BFGS | iteration: 316, total loss=15347376717824.0000, content_loss=1691492187.5000, style loss=15345658593750.0000, tv loss=26904270.0000
L-BFGS | iteration: 317, total loss=15302552190976.0000, content_loss=1691467773.4375, style loss=15300833203125.0000, tv loss=26908400.0000
L-BFGS | iteration: 318, total loss=15251649069056.0000, content_loss=1691098828.1250, style loss=15249930468750.0000, tv loss=26930260.0000
L-BFGS | iteration: 319, total loss=15209923084288.0000, content_loss=1691910546.8750, style loss=15208203515625.0000, tv loss=26929368.0000
L-BFGS | iteration: 320, total loss=15177181298688.0000, content_loss=1691640625.0000, style loss=15175462500000.0000, tv loss=26939032.0000
L-BFGS | iteration: 321, total loss=15152390864896.0000, content_loss=1691704296.8750, style loss=15150672656250.0000, tv loss=26941440.0000
L-BFGS | iteration: 322, total loss=15115128668160.0000, content_loss=1691905078.1250, style loss=15113409375000.0000, tv loss=26946756.0000
L-BFGS | iteration: 323, total loss=15063133978624.0000, content_loss=1692279687.5000, style loss=15061414453125.0000, tv loss=26956604.0000
L-BFGS | iteration: 324, total loss=15017853321216.0000, content_loss=1692283593.7500, style loss=15016133203125.0000, tv loss=26965874.0000
L-BFGS | iteration: 325, total loss=14980506189824.0000, content_loss=1692338281.2500, style loss=14978786718750.0000, tv loss=26968448.0000
L-BFGS | iteration: 326, total loss=14954355752960.0000, content_loss=1692017382.8125, style loss=14952636328125.0000, tv loss=26983084.0000
L-BFGS | iteration: 327, total loss=14913415151616.0000, content_loss=1692136132.8125, style loss=14911695703125.0000, tv loss=26985780.0000
L-BFGS | iteration: 328, total loss=14863196749824.0000, content_loss=1691967968.7500, style loss=14861477343750.0000, tv loss=26995330.0000
L-BFGS | iteration: 329, total loss=14816632635392.0000, content_loss=1692355468.7500, style loss=14814912890625.0000, tv loss=27008288.0000
L-BFGS | iteration: 330, total loss=14780494512128.0000, content_loss=1692382226.5625, style loss=14778774609375.0000, tv loss=27007864.0000
L-BFGS | iteration: 331, total loss=14747966636032.0000, content_loss=1692407226.5625, style loss=14746246875000.0000, tv loss=27017868.0000
L-BFGS | iteration: 332, total loss=14712266817536.0000, content_loss=1693017773.4375, style loss=14710545703125.0000, tv loss=27019924.0000
L-BFGS | iteration: 333, total loss=14675806781440.0000, content_loss=1692791210.9375, style loss=14674087500000.0000, tv loss=27031218.0000
L-BFGS | iteration: 334, total loss=14630920388608.0000, content_loss=1693041796.8750, style loss=14629200000000.0000, tv loss=27037008.0000
L-BFGS | iteration: 335, total loss=14585454133248.0000, content_loss=1693229882.8125, style loss=14583733593750.0000, tv loss=27046744.0000
L-BFGS | iteration: 336, total loss=14544892067840.0000, content_loss=1693390039.0625, style loss=14543171484375.0000, tv loss=27060348.0000
L-BFGS | iteration: 337, total loss=14515936690176.0000, content_loss=1693689062.5000, style loss=14514215625000.0000, tv loss=27057160.0000
L-BFGS | iteration: 338, total loss=14482374918144.0000, content_loss=1693410937.5000, style loss=14480654296875.0000, tv loss=27072014.0000
L-BFGS | iteration: 339, total loss=14451846676480.0000, content_loss=1693607226.5625, style loss=14450125781250.0000, tv loss=27075384.0000
L-BFGS | iteration: 340, total loss=14408364326912.0000, content_loss=1693669726.5625, style loss=14406643359375.0000, tv loss=27083508.0000
L-BFGS | iteration: 341, total loss=14366107762688.0000, content_loss=1692831445.3125, style loss=14364387890625.0000, tv loss=27098800.0000
L-BFGS | iteration: 342, total loss=14327781261312.0000, content_loss=1693175000.0000, style loss=14326060546875.0000, tv loss=27101588.0000
L-BFGS | iteration: 343, total loss=14299171913728.0000, content_loss=1693336914.0625, style loss=14297451562500.0000, tv loss=27104896.0000
L-BFGS | iteration: 344, total loss=14265317588992.0000, content_loss=1693440820.3125, style loss=14263597265625.0000, tv loss=27111292.0000
L-BFGS | iteration: 345, total loss=14223706947584.0000, content_loss=1693363867.1875, style loss=14221986328125.0000, tv loss=27123152.0000
L-BFGS | iteration: 346, total loss=14192309436416.0000, content_loss=1693869726.5625, style loss=14190588281250.0000, tv loss=27122748.0000
L-BFGS | iteration: 347, total loss=14170344914944.0000, content_loss=1693659570.3125, style loss=14168623828125.0000, tv loss=27143716.0000
L-BFGS | iteration: 348, total loss=14144136806400.0000, content_loss=1694045507.8125, style loss=14142414843750.0000, tv loss=27138534.0000
L-BFGS | iteration: 349, total loss=14117837471744.0000, content_loss=1694261132.8125, style loss=14116115625000.0000, tv loss=27138552.0000
L-BFGS | iteration: 350, total loss=14076481634304.0000, content_loss=1694524023.4375, style loss=14074760156250.0000, tv loss=27145762.0000
L-BFGS | iteration: 351, total loss=14035247431680.0000, content_loss=1694508007.8125, style loss=14033525390625.0000, tv loss=27161944.0000
L-BFGS | iteration: 352, total loss=14003580436480.0000, content_loss=1694520312.5000, style loss=14001858984375.0000, tv loss=27169614.0000
L-BFGS | iteration: 353, total loss=13977199312896.0000, content_loss=1694526562.5000, style loss=13975477734375.0000, tv loss=27171448.0000
L-BFGS | iteration: 354, total loss=13940231766016.0000, content_loss=1694401171.8750, style loss=13938509765625.0000, tv loss=27185916.0000
L-BFGS | iteration: 355, total loss=13905555357696.0000, content_loss=1694575195.3125, style loss=13903833984375.0000, tv loss=27186684.0000
L-BFGS | iteration: 356, total loss=13879012753408.0000, content_loss=1694462890.6250, style loss=13877291015625.0000, tv loss=27195860.0000
L-BFGS | iteration: 357, total loss=13848370216960.0000, content_loss=1694721289.0625, style loss=13846648828125.0000, tv loss=27201260.0000
L-BFGS | iteration: 358, total loss=13819068809216.0000, content_loss=1694533984.3750, style loss=13817347265625.0000, tv loss=27210744.0000
L-BFGS | iteration: 359, total loss=13776290054144.0000, content_loss=1694954296.8750, style loss=13774567968750.0000, tv loss=27215284.0000
L-BFGS | iteration: 360, total loss=13738817093632.0000, content_loss=1694779492.1875, style loss=13737094921875.0000, tv loss=27228864.0000
L-BFGS | iteration: 361, total loss=13701324210176.0000, content_loss=1694944531.2500, style loss=13699601953125.0000, tv loss=27233672.0000
L-BFGS | iteration: 362, total loss=13677307625472.0000, content_loss=1694755078.1250, style loss=13675585546875.0000, tv loss=27245036.0000
L-BFGS | iteration: 363, total loss=13653300477952.0000, content_loss=1694961718.7500, style loss=13651578515625.0000, tv loss=27246874.0000
L-BFGS | iteration: 364, total loss=13619773308928.0000, content_loss=1695069140.6250, style loss=13618050000000.0000, tv loss=27259054.0000
L-BFGS | iteration: 365, total loss=13585496408064.0000, content_loss=1695984570.3125, style loss=13583773828125.0000, tv loss=27263144.0000
L-BFGS | iteration: 366, total loss=13556677345280.0000, content_loss=1696081250.0000, style loss=13554953906250.0000, tv loss=27272808.0000
L-BFGS | iteration: 367, total loss=13524769177600.0000, content_loss=1696549414.0625, style loss=13523044921875.0000, tv loss=27279454.0000
L-BFGS | iteration: 368, total loss=13490668437504.0000, content_loss=1696618359.3750, style loss=13488944531250.0000, tv loss=27289494.0000
L-BFGS | iteration: 369, total loss=13458561040384.0000, content_loss=1696635156.2500, style loss=13456837500000.0000, tv loss=27291552.0000
L-BFGS | iteration: 370, total loss=13434011779072.0000, content_loss=1696412890.6250, style loss=13432287890625.0000, tv loss=27308928.0000
L-BFGS | iteration: 371, total loss=13412401676288.0000, content_loss=1696857617.1875, style loss=13410677343750.0000, tv loss=27299652.0000
L-BFGS | iteration: 372, total loss=13395953713152.0000, content_loss=1696621484.3750, style loss=13394230078125.0000, tv loss=27301990.0000
L-BFGS | iteration: 373, total loss=13371254505472.0000, content_loss=1696317968.7500, style loss=13369530468750.0000, tv loss=27310992.0000
L-BFGS | iteration: 374, total loss=13348890476544.0000, content_loss=1696598437.5000, style loss=13347166406250.0000, tv loss=27314656.0000
L-BFGS | iteration: 375, total loss=13307179171840.0000, content_loss=1695794335.9375, style loss=13305455859375.0000, tv loss=27330592.0000
L-BFGS | iteration: 376, total loss=13276797730816.0000, content_loss=1696913085.9375, style loss=13275073828125.0000, tv loss=27332756.0000
L-BFGS | iteration: 377, total loss=13258298753024.0000, content_loss=1696934570.3125, style loss=13256574609375.0000, tv loss=27335288.0000
L-BFGS | iteration: 378, total loss=13228396511232.0000, content_loss=1696740429.6875, style loss=13226673046875.0000, tv loss=27347660.0000
L-BFGS | iteration: 379, total loss=13200078667776.0000, content_loss=1696987304.6875, style loss=13198354687500.0000, tv loss=27348988.0000
L-BFGS | iteration: 380, total loss=13172190740480.0000, content_loss=1697077539.0625, style loss=13170466406250.0000, tv loss=27364532.0000
L-BFGS | iteration: 381, total loss=13149094805504.0000, content_loss=1697611328.1250, style loss=13147369921875.0000, tv loss=27363870.0000
L-BFGS | iteration: 382, total loss=13131673763840.0000, content_loss=1697782812.5000, style loss=13129948828125.0000, tv loss=27367686.0000
L-BFGS | iteration: 383, total loss=13099799150592.0000, content_loss=1697953906.2500, style loss=13098073828125.0000, tv loss=27375204.0000
L-BFGS | iteration: 384, total loss=13071765471232.0000, content_loss=1698316015.6250, style loss=13070039062500.0000, tv loss=27383940.0000
L-BFGS | iteration: 385, total loss=13042334040064.0000, content_loss=1698505273.4375, style loss=13040608593750.0000, tv loss=27387066.0000
L-BFGS | iteration: 386, total loss=13023494275072.0000, content_loss=1698337500.0000, style loss=13021768359375.0000, tv loss=27395510.0000
L-BFGS | iteration: 387, total loss=13006144536576.0000, content_loss=1698543945.3125, style loss=13004418750000.0000, tv loss=27395396.0000
L-BFGS | iteration: 388, total loss=12980762705920.0000, content_loss=1698494140.6250, style loss=12979037109375.0000, tv loss=27407568.0000
L-BFGS | iteration: 389, total loss=12948904869888.0000, content_loss=1698764257.8125, style loss=12947178515625.0000, tv loss=27410940.0000
L-BFGS | iteration: 390, total loss=12920263016448.0000, content_loss=1698952148.4375, style loss=12918536718750.0000, tv loss=27425540.0000
L-BFGS | iteration: 391, total loss=12898531278848.0000, content_loss=1699180273.4375, style loss=12896805468750.0000, tv loss=27423744.0000
L-BFGS | iteration: 392, total loss=12875142791168.0000, content_loss=1698885937.5000, style loss=12873417187500.0000, tv loss=27432186.0000
L-BFGS | iteration: 393, total loss=12856970969088.0000, content_loss=1698798046.8750, style loss=12855244921875.0000, tv loss=27431954.0000
L-BFGS | iteration: 394, total loss=12837086822400.0000, content_loss=1698769726.5625, style loss=12835360546875.0000, tv loss=27440012.0000
L-BFGS | iteration: 395, total loss=12803211526144.0000, content_loss=1698031445.3125, style loss=12801486328125.0000, tv loss=27450704.0000
L-BFGS | iteration: 396, total loss=12778491346944.0000, content_loss=1698829882.8125, style loss=12776765625000.0000, tv loss=27461718.0000
L-BFGS | iteration: 397, total loss=12756496416768.0000, content_loss=1698997460.9375, style loss=12754770703125.0000, tv loss=27460880.0000
L-BFGS | iteration: 398, total loss=12730251608064.0000, content_loss=1698695898.4375, style loss=12728525390625.0000, tv loss=27469436.0000
L-BFGS | iteration: 399, total loss=12704799522816.0000, content_loss=1699243359.3750, style loss=12703072265625.0000, tv loss=27470264.0000
L-BFGS | iteration: 400, total loss=12679688224768.0000, content_loss=1699208007.8125, style loss=12677962500000.0000, tv loss=27479264.0000
L-BFGS | iteration: 401, total loss=12651666079744.0000, content_loss=1698968945.3125, style loss=12649940625000.0000, tv loss=27485148.0000
L-BFGS | iteration: 402, total loss=12628023836672.0000, content_loss=1699059960.9375, style loss=12626298046875.0000, tv loss=27494624.0000
L-BFGS | iteration: 403, total loss=12604569288704.0000, content_loss=1699220507.8125, style loss=12602841796875.0000, tv loss=27496204.0000
L-BFGS | iteration: 404, total loss=12584113668096.0000, content_loss=1699214648.4375, style loss=12582387890625.0000, tv loss=27507336.0000
L-BFGS | iteration: 405, total loss=12565805531136.0000, content_loss=1699439648.4375, style loss=12564078515625.0000, tv loss=27504844.0000
L-BFGS | iteration: 406, total loss=12547979739136.0000, content_loss=1699175390.6250, style loss=12546254296875.0000, tv loss=27510300.0000
L-BFGS | iteration: 407, total loss=12522790846464.0000, content_loss=1699394140.6250, style loss=12521063671875.0000, tv loss=27515928.0000
L-BFGS | iteration: 408, total loss=12498860244992.0000, content_loss=1698838476.5625, style loss=12497133984375.0000, tv loss=27528122.0000
L-BFGS | iteration: 409, total loss=12478641602560.0000, content_loss=1699065625.0000, style loss=12476915625000.0000, tv loss=27528580.0000
L-BFGS | iteration: 410, total loss=12458512089088.0000, content_loss=1699135546.8750, style loss=12456786328125.0000, tv loss=27536730.0000
L-BFGS | iteration: 411, total loss=12441429737472.0000, content_loss=1699336523.4375, style loss=12439702734375.0000, tv loss=27538228.0000
L-BFGS | iteration: 412, total loss=12422333071360.0000, content_loss=1699338085.9375, style loss=12420605859375.0000, tv loss=27544604.0000
L-BFGS | iteration: 413, total loss=12395243110400.0000, content_loss=1699514453.1250, style loss=12393515625000.0000, tv loss=27553044.0000
L-BFGS | iteration: 414, total loss=12373224062976.0000, content_loss=1699499414.0625, style loss=12371497265625.0000, tv loss=27560628.0000
L-BFGS | iteration: 415, total loss=12353632468992.0000, content_loss=1699690234.3750, style loss=12351905859375.0000, tv loss=27559454.0000
L-BFGS | iteration: 416, total loss=12335382003712.0000, content_loss=1699585351.5625, style loss=12333655078125.0000, tv loss=27569088.0000
L-BFGS | iteration: 417, total loss=12316347203584.0000, content_loss=1699583398.4375, style loss=12314620312500.0000, tv loss=27568138.0000
L-BFGS | iteration: 418, total loss=12296207204352.0000, content_loss=1699556445.3125, style loss=12294480468750.0000, tv loss=27573084.0000
L-BFGS | iteration: 419, total loss=12268365414400.0000, content_loss=1699713671.8750, style loss=12266637890625.0000, tv loss=27583852.0000
L-BFGS | iteration: 420, total loss=12248100634624.0000, content_loss=1700031250.0000, style loss=12246373828125.0000, tv loss=27586888.0000
L-BFGS | iteration: 421, total loss=12233060909056.0000, content_loss=1700223046.8750, style loss=12231333984375.0000, tv loss=27592204.0000
L-BFGS | iteration: 422, total loss=12209551835136.0000, content_loss=1700598437.5000, style loss=12207823828125.0000, tv loss=27596688.0000
L-BFGS | iteration: 423, total loss=12188238479360.0000, content_loss=1700529492.1875, style loss=12186510937500.0000, tv loss=27609160.0000
L-BFGS | iteration: 424, total loss=12169463726080.0000, content_loss=1700673046.8750, style loss=12167735156250.0000, tv loss=27606872.0000
L-BFGS | iteration: 425, total loss=12153179340800.0000, content_loss=1700131054.6875, style loss=12151451953125.0000, tv loss=27613136.0000
L-BFGS | iteration: 426, total loss=12134061703168.0000, content_loss=1699909179.6875, style loss=12132335156250.0000, tv loss=27618112.0000
L-BFGS | iteration: 427, total loss=12111142977536.0000, content_loss=1699658593.7500, style loss=12109415625000.0000, tv loss=27626970.0000
L-BFGS | iteration: 428, total loss=12090135805952.0000, content_loss=1699758984.3750, style loss=12088408593750.0000, tv loss=27632676.0000
L-BFGS | iteration: 429, total loss=12073823109120.0000, content_loss=1700009570.3125, style loss=12072096093750.0000, tv loss=27635460.0000
L-BFGS | iteration: 430, total loss=12054648848384.0000, content_loss=1700416992.1875, style loss=12052920703125.0000, tv loss=27644056.0000
L-BFGS | iteration: 431, total loss=12035792306176.0000, content_loss=1700612695.3125, style loss=12034064062500.0000, tv loss=27643548.0000
L-BFGS | iteration: 432, total loss=12018205589504.0000, content_loss=1700216406.2500, style loss=12016478906250.0000, tv loss=27652616.0000
L-BFGS | iteration: 433, total loss=12002249408512.0000, content_loss=1700170703.1250, style loss=12000522656250.0000, tv loss=27652404.0000
L-BFGS | iteration: 434, total loss=11988043300864.0000, content_loss=1699681054.6875, style loss=11986316015625.0000, tv loss=27657432.0000
L-BFGS | iteration: 435, total loss=11968233603072.0000, content_loss=1699486914.0625, style loss=11966506640625.0000, tv loss=27662460.0000
L-BFGS | iteration: 436, total loss=11943788150784.0000, content_loss=1699387109.3750, style loss=11942061328125.0000, tv loss=27669340.0000
L-BFGS | iteration: 437, total loss=11923952238592.0000, content_loss=1699580664.0625, style loss=11922225000000.0000, tv loss=27676516.0000
L-BFGS | iteration: 438, total loss=11909048827904.0000, content_loss=1699942382.8125, style loss=11907322265625.0000, tv loss=27678284.0000
L-BFGS | iteration: 439, total loss=11892791705600.0000, content_loss=1700357226.5625, style loss=11891063671875.0000, tv loss=27686606.0000
L-BFGS | iteration: 440, total loss=11875079159808.0000, content_loss=1700890039.0625, style loss=11873350781250.0000, tv loss=27686036.0000
L-BFGS | iteration: 441, total loss=11857522851840.0000, content_loss=1700609375.0000, style loss=11855794921875.0000, tv loss=27696296.0000
L-BFGS | iteration: 442, total loss=11839103565824.0000, content_loss=1700789062.5000, style loss=11837375390625.0000, tv loss=27699328.0000
L-BFGS | iteration: 443, total loss=11819654578176.0000, content_loss=1700663671.8750, style loss=11817926953125.0000, tv loss=27704820.0000
L-BFGS | iteration: 444, total loss=11799732682752.0000, content_loss=1700816796.8750, style loss=11798005078125.0000, tv loss=27709626.0000
L-BFGS | iteration: 445, total loss=11784402501632.0000, content_loss=1701142382.8125, style loss=11782674609375.0000, tv loss=27712360.0000
L-BFGS | iteration: 446, total loss=11769273647104.0000, content_loss=1701213476.5625, style loss=11767545703125.0000, tv loss=27718598.0000
L-BFGS | iteration: 447, total loss=11746984067072.0000, content_loss=1701551757.8125, style loss=11745255468750.0000, tv loss=27724012.0000
L-BFGS | iteration: 448, total loss=11724378865664.0000, content_loss=1701049218.7500, style loss=11722651171875.0000, tv loss=27734360.0000
L-BFGS | iteration: 449, total loss=11706738671616.0000, content_loss=1701376171.8750, style loss=11705009765625.0000, tv loss=27733422.0000
L-BFGS | iteration: 450, total loss=11691316215808.0000, content_loss=1701198242.1875, style loss=11689587890625.0000, tv loss=27743626.0000
L-BFGS | iteration: 451, total loss=11677079699456.0000, content_loss=1701128906.2500, style loss=11675351953125.0000, tv loss=27741322.0000
L-BFGS | iteration: 452, total loss=11663719792640.0000, content_loss=1701127343.7500, style loss=11661991406250.0000, tv loss=27745704.0000
L-BFGS | iteration: 453, total loss=11651799580672.0000, content_loss=1701163281.2500, style loss=11650071093750.0000, tv loss=27749500.0000
L-BFGS | iteration: 454, total loss=11636947550208.0000, content_loss=1701187695.3125, style loss=11635219921875.0000, tv loss=27753598.0000
L-BFGS | iteration: 455, total loss=11612265119744.0000, content_loss=1701308398.4375, style loss=11610536718750.0000, tv loss=27762284.0000
L-BFGS | iteration: 456, total loss=11593310011392.0000, content_loss=1701306054.6875, style loss=11591581640625.0000, tv loss=27768278.0000
L-BFGS | iteration: 457, total loss=11582205591552.0000, content_loss=1701505273.4375, style loss=11580476953125.0000, tv loss=27769492.0000
L-BFGS | iteration: 458, total loss=11565202931712.0000, content_loss=1701457421.8750, style loss=11563474218750.0000, tv loss=27778760.0000
L-BFGS | iteration: 459, total loss=11548624945152.0000, content_loss=1702131640.6250, style loss=11546895703125.0000, tv loss=27779310.0000
L-BFGS | iteration: 460, total loss=11532526157824.0000, content_loss=1702179101.5625, style loss=11530796484375.0000, tv loss=27789540.0000
L-BFGS | iteration: 461, total loss=11518363041792.0000, content_loss=1702355468.7500, style loss=11516633203125.0000, tv loss=27793400.0000
L-BFGS | iteration: 462, total loss=11503111503872.0000, content_loss=1702445703.1250, style loss=11501380078125.0000, tv loss=27798484.0000
