C:\Users\user\AppData\Roaming\Python\Python313\site-packages\torchvision\models\_utils.py:208: UserWarning: The parameter 'pretrained' is deprecated since 0.13 and may be removed in the future, please use 'weights' instead.
  warnings.warn(
C:\Users\user\AppData\Roaming\Python\Python313\site-packages\torchvision\models\_utils.py:223: UserWarning: Arguments other than a weight enum or `None` for 'weights' are deprecated since 0.13 and may be removed in the future. The current behavior is equivalent to passing `weights=VGG19_Weights.IMAGENET1K_V1`. You can also use `weights=VGG19_Weights.DEFAULT` to get the most up-to-date weights.
  warnings.warn(msg)
Using VGG19 in the optimization procedure.
L-BFGS | iteration: 000, total loss=459633621762834432.0000, content_loss=      0.0000, style loss=459633638400000000.0000, tv loss=5634247.0000
L-BFGS | iteration: 001, total loss=459633553043357696.0000, content_loss=     42.4384, style loss=459633561600000000.0000, tv loss=5634248.0000
L-BFGS | iteration: 002, total loss=459633381244665856.0000, content_loss=     56.9191, style loss=459633369600000000.0000, tv loss=5634253.0000
L-BFGS | iteration: 003, total loss=459632384812253184.0000, content_loss=     77.2469, style loss=459632371200000000.0000, tv loss=5634281.0000
L-BFGS | iteration: 004, total loss=459626612376207360.0000, content_loss=    129.9279, style loss=459626611200000000.0000, tv loss=5634434.0000
L-BFGS | iteration: 005, total loss=459595310654554112.0000, content_loss=    877.9429, style loss=459595315200000000.0000, tv loss=5635275.0000
L-BFGS | iteration: 006, total loss=459424061718528000.0000, content_loss=  21296.1078, style loss=459424051200000000.0000, tv loss=5639903.5000
L-BFGS | iteration: 007, total loss=458489751712825344.0000, content_loss= 586801.5289, style loss=458489740800000000.0000, tv loss=5665381.0000
L-BFGS | iteration: 008, total loss=453799578706116608.0000, content_loss=11988299.5605, style loss=453799564800000000.0000, tv loss=5810952.0000
L-BFGS | iteration: 009, total loss=414543577620676608.0000, content_loss=282363549.8047, style loss=414543590400000000.0000, tv loss=8641668.0000
L-BFGS | iteration: 010, total loss=287074548912750592.0000, content_loss=1341877343.7500, style loss=287074540800000000.0000, tv loss=18669000.0000
L-BFGS | iteration: 011, total loss=460243288041174597632.0000, content_loss=91231168750.0000, style loss=460243284787200000000.0000, tv loss=211217920.0000
L-BFGS | iteration: 012, total loss=         nan, content_loss=         nan, style loss=         nan, tv loss=         nan
L-BFGS | iteration: 013, total loss=         nan, content_loss=         nan, style loss=         nan, tv loss=         nan
L-BFGS | iteration: 014, total loss=         nan, content_loss=         nan, style loss=         nan, tv loss=         nan
L-BFGS | iteration: 015, total loss=         nan, content_loss=         nan, style loss=         nan, tv loss=         nan
L-BFGS | iteration: 016, total loss=         nan, content_loss=         nan, style loss=         nan, tv loss=         nan
L-BFGS | iteration: 017, total loss=         nan, content_loss=         nan, style loss=         nan, tv loss=         nan
L-BFGS | iteration: 018, total loss=         nan, content_loss=         nan, style loss=         nan, tv loss=         nan
L-BFGS | iteration: 019, total loss=         nan, content_loss=         nan, style loss=         nan, tv loss=         nan
L-BFGS | iteration: 020, total loss=         nan, content_loss=         nan, style loss=         nan, tv loss=         nan
L-BFGS | iteration: 021, total loss=         nan, content_loss=         nan, style loss=         nan, tv loss=         nan
L-BFGS | iteration: 022, total loss=         nan, content_loss=         nan, style loss=         nan, tv loss=         nan
L-BFGS | iteration: 023, total loss=         nan, content_loss=         nan, style loss=         nan, tv loss=         nan
L-BFGS | iteration: 024, total loss=         nan, content_loss=         nan, style loss=         nan, tv loss=         nan
L-BFGS | iteration: 025, total loss=         nan, content_loss=         nan, style loss=         nan, tv loss=         nan
L-BFGS | iteration: 026, total loss=         nan, content_loss=         nan, style loss=         nan, tv loss=         nan
L-BFGS | iteration: 027, total loss=         nan, content_loss=         nan, style loss=         nan, tv loss=         nan
L-BFGS | iteration: 028, total loss=         nan, content_loss=         nan, style loss=         nan, tv loss=         nan
L-BFGS | iteration: 029, total loss=         nan, content_loss=         nan, style loss=         nan, tv loss=         nan
L-BFGS | iteration: 030, total loss=         nan, content_loss=         nan, style loss=         nan, tv loss=         nan
L-BFGS | iteration: 031, total loss=         nan, content_loss=         nan, style loss=         nan, tv loss=         nan
L-BFGS | iteration: 032, total loss=         nan, content_loss=         nan, style loss=         nan, tv loss=         nan
L-BFGS | iteration: 033, total loss=         nan, content_loss=         nan, style loss=         nan, tv loss=         nan
L-BFGS | iteration: 034, total loss=         nan, content_loss=         nan, style loss=         nan, tv loss=         nan
L-BFGS | iteration: 035, total loss=         nan, content_loss=         nan, style loss=         nan, tv loss=         nan
L-BFGS | iteration: 036, total loss=         nan, content_loss=         nan, style loss=         nan, tv loss=         nan
L-BFGS | iteration: 037, total loss=         nan, content_loss=         nan, style loss=         nan, tv loss=         nan
L-BFGS | iteration: 038, total loss=         nan, content_loss=         nan, style loss=         nan, tv loss=         nan
L-BFGS | iteration: 039, total loss=         nan, content_loss=         nan, style loss=         nan, tv loss=         nan
L-BFGS | iteration: 040, total loss=         nan, content_loss=         nan, style loss=         nan, tv loss=         nan
L-BFGS | iteration: 041, total loss=         nan, content_loss=         nan, style loss=         nan, tv loss=         nan
L-BFGS | iteration: 042, total loss=         nan, content_loss=         nan, style loss=         nan, tv loss=         nan
L-BFGS | iteration: 043, total loss=         nan, content_loss=         nan, style loss=         nan, tv loss=         nan
L-BFGS | iteration: 044, total loss=         nan, content_loss=         nan, style loss=         nan, tv loss=         nan
L-BFGS | iteration: 045, total loss=         nan, content_loss=         nan, style loss=         nan, tv loss=         nan
L-BFGS | iteration: 046, total loss=         nan, content_loss=         nan, style loss=         nan, tv loss=         nan
L-BFGS | iteration: 047, total loss=         nan, content_loss=         nan, style loss=         nan, tv loss=         nan
L-BFGS | iteration: 048, total loss=         nan, content_loss=         nan, style loss=         nan, tv loss=         nan
L-BFGS | iteration: 049, total loss=         nan, content_loss=         nan, style loss=         nan, tv loss=         nan
L-BFGS | iteration: 050, total loss=         nan, content_loss=         nan, style loss=         nan, tv loss=         nan
L-BFGS | iteration: 051, total loss=         nan, content_loss=         nan, style loss=         nan, tv loss=         nan
L-BFGS | iteration: 052, total loss=         nan, content_loss=         nan, style loss=         nan, tv loss=         nan
L-BFGS | iteration: 053, total loss=         nan, content_loss=         nan, style loss=         nan, tv loss=         nan
L-BFGS | iteration: 054, total loss=         nan, content_loss=         nan, style loss=         nan, tv loss=         nan
L-BFGS | iteration: 055, total loss=         nan, content_loss=         nan, style loss=         nan, tv loss=         nan
L-BFGS | iteration: 056, total loss=         nan, content_loss=         nan, style loss=         nan, tv loss=         nan
L-BFGS | iteration: 057, total loss=         nan, content_loss=         nan, style loss=         nan, tv loss=         nan
L-BFGS | iteration: 058, total loss=         nan, content_loss=         nan, style loss=         nan, tv loss=         nan
L-BFGS | iteration: 059, total loss=         nan, content_loss=         nan, style loss=         nan, tv loss=         nan
L-BFGS | iteration: 060, total loss=         nan, content_loss=         nan, style loss=         nan, tv loss=         nan
L-BFGS | iteration: 061, total loss=         nan, content_loss=         nan, style loss=         nan, tv loss=         nan
L-BFGS | iteration: 062, total loss=         nan, content_loss=         nan, style loss=         nan, tv loss=         nan
L-BFGS | iteration: 063, total loss=         nan, content_loss=         nan, style loss=         nan, tv loss=         nan
L-BFGS | iteration: 064, total loss=         nan, content_loss=         nan, style loss=         nan, tv loss=         nan
L-BFGS | iteration: 065, total loss=         nan, content_loss=         nan, style loss=         nan, tv loss=         nan
L-BFGS | iteration: 066, total loss=         nan, content_loss=         nan, style loss=         nan, tv loss=         nan
L-BFGS | iteration: 067, total loss=         nan, content_loss=         nan, style loss=         nan, tv loss=         nan
L-BFGS | iteration: 068, total loss=         nan, content_loss=         nan, style loss=         nan, tv loss=         nan
L-BFGS | iteration: 069, total loss=         nan, content_loss=         nan, style loss=         nan, tv loss=         nan
L-BFGS | iteration: 070, total loss=         nan, content_loss=         nan, style loss=         nan, tv loss=         nan
L-BFGS | iteration: 071, total loss=         nan, content_loss=         nan, style loss=         nan, tv loss=         nan
L-BFGS | iteration: 072, total loss=         nan, content_loss=         nan, style loss=         nan, tv loss=         nan
L-BFGS | iteration: 073, total loss=         nan, content_loss=         nan, style loss=         nan, tv loss=         nan
L-BFGS | iteration: 074, total loss=         nan, content_loss=         nan, style loss=         nan, tv loss=         nan
L-BFGS | iteration: 075, total loss=         nan, content_loss=         nan, style loss=         nan, tv loss=         nan
L-BFGS | iteration: 076, total loss=         nan, content_loss=         nan, style loss=         nan, tv loss=         nan
L-BFGS | iteration: 077, total loss=         nan, content_loss=         nan, style loss=         nan, tv loss=         nan
L-BFGS | iteration: 078, total loss=         nan, content_loss=         nan, style loss=         nan, tv loss=         nan
L-BFGS | iteration: 079, total loss=         nan, content_loss=         nan, style loss=         nan, tv loss=         nan
L-BFGS | iteration: 080, total loss=         nan, content_loss=         nan, style loss=         nan, tv loss=         nan
L-BFGS | iteration: 081, total loss=         nan, content_loss=         nan, style loss=         nan, tv loss=         nan
L-BFGS | iteration: 082, total loss=         nan, content_loss=         nan, style loss=         nan, tv loss=         nan
L-BFGS | iteration: 083, total loss=         nan, content_loss=         nan, style loss=         nan, tv loss=         nan
L-BFGS | iteration: 084, total loss=         nan, content_loss=         nan, style loss=         nan, tv loss=         nan
L-BFGS | iteration: 085, total loss=         nan, content_loss=         nan, style loss=         nan, tv loss=         nan
L-BFGS | iteration: 086, total loss=         nan, content_loss=         nan, style loss=         nan, tv loss=         nan
L-BFGS | iteration: 087, total loss=         nan, content_loss=         nan, style loss=         nan, tv loss=         nan
L-BFGS | iteration: 088, total loss=         nan, content_loss=         nan, style loss=         nan, tv loss=         nan
L-BFGS | iteration: 089, total loss=         nan, content_loss=         nan, style loss=         nan, tv loss=         nan
L-BFGS | iteration: 090, total loss=         nan, content_loss=         nan, style loss=         nan, tv loss=         nan
L-BFGS | iteration: 091, total loss=         nan, content_loss=         nan, style loss=         nan, tv loss=         nan
L-BFGS | iteration: 092, total loss=         nan, content_loss=         nan, style loss=         nan, tv loss=         nan
L-BFGS | iteration: 093, total loss=         nan, content_loss=         nan, style loss=         nan, tv loss=         nan
L-BFGS | iteration: 094, total loss=         nan, content_loss=         nan, style loss=         nan, tv loss=         nan
L-BFGS | iteration: 095, total loss=         nan, content_loss=         nan, style loss=         nan, tv loss=         nan
L-BFGS | iteration: 096, total loss=         nan, content_loss=         nan, style loss=         nan, tv loss=         nan
L-BFGS | iteration: 097, total loss=         nan, content_loss=         nan, style loss=         nan, tv loss=         nan
L-BFGS | iteration: 098, total loss=         nan, content_loss=         nan, style loss=         nan, tv loss=         nan
L-BFGS | iteration: 099, total loss=         nan, content_loss=         nan, style loss=         nan, tv loss=         nan
L-BFGS | iteration: 100, total loss=         nan, content_loss=         nan, style loss=         nan, tv loss=         nan
L-BFGS | iteration: 101, total loss=         nan, content_loss=         nan, style loss=         nan, tv loss=         nan
L-BFGS | iteration: 102, total loss=         nan, content_loss=         nan, style loss=         nan, tv loss=         nan
L-BFGS | iteration: 103, total loss=         nan, content_loss=         nan, style loss=         nan, tv loss=         nan
L-BFGS | iteration: 104, total loss=         nan, content_loss=         nan, style loss=         nan, tv loss=         nan
L-BFGS | iteration: 105, total loss=         nan, content_loss=         nan, style loss=         nan, tv loss=         nan
L-BFGS | iteration: 106, total loss=         nan, content_loss=         nan, style loss=         nan, tv loss=         nan
L-BFGS | iteration: 107, total loss=         nan, content_loss=         nan, style loss=         nan, tv loss=         nan
L-BFGS | iteration: 108, total loss=         nan, content_loss=         nan, style loss=         nan, tv loss=         nan
L-BFGS | iteration: 109, total loss=         nan, content_loss=         nan, style loss=         nan, tv loss=         nan
L-BFGS | iteration: 110, total loss=         nan, content_loss=         nan, style loss=         nan, tv loss=         nan
L-BFGS | iteration: 111, total loss=         nan, content_loss=         nan, style loss=         nan, tv loss=         nan
L-BFGS | iteration: 112, total loss=         nan, content_loss=         nan, style loss=         nan, tv loss=         nan
L-BFGS | iteration: 113, total loss=         nan, content_loss=         nan, style loss=         nan, tv loss=         nan
L-BFGS | iteration: 114, total loss=         nan, content_loss=         nan, style loss=         nan, tv loss=         nan
L-BFGS | iteration: 115, total loss=         nan, content_loss=         nan, style loss=         nan, tv loss=         nan
L-BFGS | iteration: 116, total loss=         nan, content_loss=         nan, style loss=         nan, tv loss=         nan
L-BFGS | iteration: 117, total loss=         nan, content_loss=         nan, style loss=         nan, tv loss=         nan
L-BFGS | iteration: 118, total loss=         nan, content_loss=         nan, style loss=         nan, tv loss=         nan
L-BFGS | iteration: 119, total loss=         nan, content_loss=         nan, style loss=         nan, tv loss=         nan
L-BFGS | iteration: 120, total loss=         nan, content_loss=         nan, style loss=         nan, tv loss=         nan
L-BFGS | iteration: 121, total loss=         nan, content_loss=         nan, style loss=         nan, tv loss=         nan
L-BFGS | iteration: 122, total loss=         nan, content_loss=         nan, style loss=         nan, tv loss=         nan
L-BFGS | iteration: 123, total loss=         nan, content_loss=         nan, style loss=         nan, tv loss=         nan
L-BFGS | iteration: 124, total loss=         nan, content_loss=         nan, style loss=         nan, tv loss=         nan
L-BFGS | iteration: 125, total loss=         nan, content_loss=         nan, style loss=         nan, tv loss=         nan
L-BFGS | iteration: 126, total loss=         nan, content_loss=         nan, style loss=         nan, tv loss=         nan
L-BFGS | iteration: 127, total loss=         nan, content_loss=         nan, style loss=         nan, tv loss=         nan
L-BFGS | iteration: 128, total loss=         nan, content_loss=         nan, style loss=         nan, tv loss=         nan
L-BFGS | iteration: 129, total loss=         nan, content_loss=         nan, style loss=         nan, tv loss=         nan
L-BFGS | iteration: 130, total loss=         nan, content_loss=         nan, style loss=         nan, tv loss=         nan
L-BFGS | iteration: 131, total loss=         nan, content_loss=         nan, style loss=         nan, tv loss=         nan
L-BFGS | iteration: 132, total loss=         nan, content_loss=         nan, style loss=         nan, tv loss=         nan
L-BFGS | iteration: 133, total loss=         nan, content_loss=         nan, style loss=         nan, tv loss=         nan
L-BFGS | iteration: 134, total loss=         nan, content_loss=         nan, style loss=         nan, tv loss=         nan
L-BFGS | iteration: 135, total loss=         nan, content_loss=         nan, style loss=         nan, tv loss=         nan
L-BFGS | iteration: 136, total loss=         nan, content_loss=         nan, style loss=         nan, tv loss=         nan
L-BFGS | iteration: 137, total loss=         nan, content_loss=         nan, style loss=         nan, tv loss=         nan
L-BFGS | iteration: 138, total loss=         nan, content_loss=         nan, style loss=         nan, tv loss=         nan
L-BFGS | iteration: 139, total loss=         nan, content_loss=         nan, style loss=         nan, tv loss=         nan
L-BFGS | iteration: 140, total loss=         nan, content_loss=         nan, style loss=         nan, tv loss=         nan
L-BFGS | iteration: 141, total loss=         nan, content_loss=         nan, style loss=         nan, tv loss=         nan
L-BFGS | iteration: 142, total loss=         nan, content_loss=         nan, style loss=         nan, tv loss=         nan
L-BFGS | iteration: 143, total loss=         nan, content_loss=         nan, style loss=         nan, tv loss=         nan
L-BFGS | iteration: 144, total loss=         nan, content_loss=         nan, style loss=         nan, tv loss=         nan
L-BFGS | iteration: 145, total loss=         nan, content_loss=         nan, style loss=         nan, tv loss=         nan
L-BFGS | iteration: 146, total loss=         nan, content_loss=         nan, style loss=         nan, tv loss=         nan
L-BFGS | iteration: 147, total loss=         nan, content_loss=         nan, style loss=         nan, tv loss=         nan
L-BFGS | iteration: 148, total loss=         nan, content_loss=         nan, style loss=         nan, tv loss=         nan
L-BFGS | iteration: 149, total loss=         nan, content_loss=         nan, style loss=         nan, tv loss=         nan
L-BFGS | iteration: 150, total loss=         nan, content_loss=         nan, style loss=         nan, tv loss=         nan
L-BFGS | iteration: 151, total loss=         nan, content_loss=         nan, style loss=         nan, tv loss=         nan
L-BFGS | iteration: 152, total loss=         nan, content_loss=         nan, style loss=         nan, tv loss=         nan
L-BFGS | iteration: 153, total loss=         nan, content_loss=         nan, style loss=         nan, tv loss=         nan
L-BFGS | iteration: 154, total loss=         nan, content_loss=         nan, style loss=         nan, tv loss=         nan
L-BFGS | iteration: 155, total loss=         nan, content_loss=         nan, style loss=         nan, tv loss=         nan
L-BFGS | iteration: 156, total loss=         nan, content_loss=         nan, style loss=         nan, tv loss=         nan
L-BFGS | iteration: 157, total loss=         nan, content_loss=         nan, style loss=         nan, tv loss=         nan
L-BFGS | iteration: 158, total loss=         nan, content_loss=         nan, style loss=         nan, tv loss=         nan
L-BFGS | iteration: 159, total loss=         nan, content_loss=         nan, style loss=         nan, tv loss=         nan
L-BFGS | iteration: 160, total loss=         nan, content_loss=         nan, style loss=         nan, tv loss=         nan
L-BFGS | iteration: 161, total loss=         nan, content_loss=         nan, style loss=         nan, tv loss=         nan
L-BFGS | iteration: 162, total loss=         nan, content_loss=         nan, style loss=         nan, tv loss=         nan
L-BFGS | iteration: 163, total loss=         nan, content_loss=         nan, style loss=         nan, tv loss=         nan
L-BFGS | iteration: 164, total loss=         nan, content_loss=         nan, style loss=         nan, tv loss=         nan
L-BFGS | iteration: 165, total loss=         nan, content_loss=         nan, style loss=         nan, tv loss=         nan
L-BFGS | iteration: 166, total loss=         nan, content_loss=         nan, style loss=         nan, tv loss=         nan
L-BFGS | iteration: 167, total loss=         nan, content_loss=         nan, style loss=         nan, tv loss=         nan
L-BFGS | iteration: 168, total loss=         nan, content_loss=         nan, style loss=         nan, tv loss=         nan
L-BFGS | iteration: 169, total loss=         nan, content_loss=         nan, style loss=         nan, tv loss=         nan
L-BFGS | iteration: 170, total loss=         nan, content_loss=         nan, style loss=         nan, tv loss=         nan
L-BFGS | iteration: 171, total loss=         nan, content_loss=         nan, style loss=         nan, tv loss=         nan
L-BFGS | iteration: 172, total loss=         nan, content_loss=         nan, style loss=         nan, tv loss=         nan
L-BFGS | iteration: 173, total loss=         nan, content_loss=         nan, style loss=         nan, tv loss=         nan
L-BFGS | iteration: 174, total loss=         nan, content_loss=         nan, style loss=         nan, tv loss=         nan
L-BFGS | iteration: 175, total loss=         nan, content_loss=         nan, style loss=         nan, tv loss=         nan
L-BFGS | iteration: 176, total loss=         nan, content_loss=         nan, style loss=         nan, tv loss=         nan
L-BFGS | iteration: 177, total loss=         nan, content_loss=         nan, style loss=         nan, tv loss=         nan
L-BFGS | iteration: 178, total loss=         nan, content_loss=         nan, style loss=         nan, tv loss=         nan
L-BFGS | iteration: 179, total loss=         nan, content_loss=         nan, style loss=         nan, tv loss=         nan
L-BFGS | iteration: 180, total loss=         nan, content_loss=         nan, style loss=         nan, tv loss=         nan
L-BFGS | iteration: 181, total loss=         nan, content_loss=         nan, style loss=         nan, tv loss=         nan
L-BFGS | iteration: 182, total loss=         nan, content_loss=         nan, style loss=         nan, tv loss=         nan
L-BFGS | iteration: 183, total loss=         nan, content_loss=         nan, style loss=         nan, tv loss=         nan
L-BFGS | iteration: 184, total loss=         nan, content_loss=         nan, style loss=         nan, tv loss=         nan
L-BFGS | iteration: 185, total loss=         nan, content_loss=         nan, style loss=         nan, tv loss=         nan
L-BFGS | iteration: 186, total loss=         nan, content_loss=         nan, style loss=         nan, tv loss=         nan
L-BFGS | iteration: 187, total loss=         nan, content_loss=         nan, style loss=         nan, tv loss=         nan
L-BFGS | iteration: 188, total loss=         nan, content_loss=         nan, style loss=         nan, tv loss=         nan
L-BFGS | iteration: 189, total loss=         nan, content_loss=         nan, style loss=         nan, tv loss=         nan
L-BFGS | iteration: 190, total loss=         nan, content_loss=         nan, style loss=         nan, tv loss=         nan
L-BFGS | iteration: 191, total loss=         nan, content_loss=         nan, style loss=         nan, tv loss=         nan
L-BFGS | iteration: 192, total loss=         nan, content_loss=         nan, style loss=         nan, tv loss=         nan
L-BFGS | iteration: 193, total loss=         nan, content_loss=         nan, style loss=         nan, tv loss=         nan
L-BFGS | iteration: 194, total loss=         nan, content_loss=         nan, style loss=         nan, tv loss=         nan
L-BFGS | iteration: 195, total loss=         nan, content_loss=         nan, style loss=         nan, tv loss=         nan
L-BFGS | iteration: 196, total loss=         nan, content_loss=         nan, style loss=         nan, tv loss=         nan
L-BFGS | iteration: 197, total loss=         nan, content_loss=         nan, style loss=         nan, tv loss=         nan
L-BFGS | iteration: 198, total loss=         nan, content_loss=         nan, style loss=         nan, tv loss=         nan
L-BFGS | iteration: 199, total loss=         nan, content_loss=         nan, style loss=         nan, tv loss=         nan
L-BFGS | iteration: 200, total loss=         nan, content_loss=         nan, style loss=         nan, tv loss=         nan
L-BFGS | iteration: 201, total loss=         nan, content_loss=         nan, style loss=         nan, tv loss=         nan
L-BFGS | iteration: 202, total loss=         nan, content_loss=         nan, style loss=         nan, tv loss=         nan
L-BFGS | iteration: 203, total loss=         nan, content_loss=         nan, style loss=         nan, tv loss=         nan
L-BFGS | iteration: 204, total loss=         nan, content_loss=         nan, style loss=         nan, tv loss=         nan
L-BFGS | iteration: 205, total loss=         nan, content_loss=         nan, style loss=         nan, tv loss=         nan
L-BFGS | iteration: 206, total loss=         nan, content_loss=         nan, style loss=         nan, tv loss=         nan
L-BFGS | iteration: 207, total loss=         nan, content_loss=         nan, style loss=         nan, tv loss=         nan
L-BFGS | iteration: 208, total loss=         nan, content_loss=         nan, style loss=         nan, tv loss=         nan
L-BFGS | iteration: 209, total loss=         nan, content_loss=         nan, style loss=         nan, tv loss=         nan
L-BFGS | iteration: 210, total loss=         nan, content_loss=         nan, style loss=         nan, tv loss=         nan
L-BFGS | iteration: 211, total loss=         nan, content_loss=         nan, style loss=         nan, tv loss=         nan
L-BFGS | iteration: 212, total loss=         nan, content_loss=         nan, style loss=         nan, tv loss=         nan
L-BFGS | iteration: 213, total loss=         nan, content_loss=         nan, style loss=         nan, tv loss=         nan
L-BFGS | iteration: 214, total loss=         nan, content_loss=         nan, style loss=         nan, tv loss=         nan
L-BFGS | iteration: 215, total loss=         nan, content_loss=         nan, style loss=         nan, tv loss=         nan
L-BFGS | iteration: 216, total loss=         nan, content_loss=         nan, style loss=         nan, tv loss=         nan
L-BFGS | iteration: 217, total loss=         nan, content_loss=         nan, style loss=         nan, tv loss=         nan
L-BFGS | iteration: 218, total loss=         nan, content_loss=         nan, style loss=         nan, tv loss=         nan
L-BFGS | iteration: 219, total loss=         nan, content_loss=         nan, style loss=         nan, tv loss=         nan
L-BFGS | iteration: 220, total loss=         nan, content_loss=         nan, style loss=         nan, tv loss=         nan
L-BFGS | iteration: 221, total loss=         nan, content_loss=         nan, style loss=         nan, tv loss=         nan
L-BFGS | iteration: 222, total loss=         nan, content_loss=         nan, style loss=         nan, tv loss=         nan
L-BFGS | iteration: 223, total loss=         nan, content_loss=         nan, style loss=         nan, tv loss=         nan
L-BFGS | iteration: 224, total loss=         nan, content_loss=         nan, style loss=         nan, tv loss=         nan
L-BFGS | iteration: 225, total loss=         nan, content_loss=         nan, style loss=         nan, tv loss=         nan
L-BFGS | iteration: 226, total loss=         nan, content_loss=         nan, style loss=         nan, tv loss=         nan
L-BFGS | iteration: 227, total loss=         nan, content_loss=         nan, style loss=         nan, tv loss=         nan
L-BFGS | iteration: 228, total loss=         nan, content_loss=         nan, style loss=         nan, tv loss=         nan
L-BFGS | iteration: 229, total loss=         nan, content_loss=         nan, style loss=         nan, tv loss=         nan
L-BFGS | iteration: 230, total loss=         nan, content_loss=         nan, style loss=         nan, tv loss=         nan
L-BFGS | iteration: 231, total loss=         nan, content_loss=         nan, style loss=         nan, tv loss=         nan
L-BFGS | iteration: 232, total loss=         nan, content_loss=         nan, style loss=         nan, tv loss=         nan
L-BFGS | iteration: 233, total loss=         nan, content_loss=         nan, style loss=         nan, tv loss=         nan
L-BFGS | iteration: 234, total loss=         nan, content_loss=         nan, style loss=         nan, tv loss=         nan
L-BFGS | iteration: 235, total loss=         nan, content_loss=         nan, style loss=         nan, tv loss=         nan
L-BFGS | iteration: 236, total loss=         nan, content_loss=         nan, style loss=         nan, tv loss=         nan
L-BFGS | iteration: 237, total loss=         nan, content_loss=         nan, style loss=         nan, tv loss=         nan
L-BFGS | iteration: 238, total loss=         nan, content_loss=         nan, style loss=         nan, tv loss=         nan
L-BFGS | iteration: 239, total loss=         nan, content_loss=         nan, style loss=         nan, tv loss=         nan
L-BFGS | iteration: 240, total loss=         nan, content_loss=         nan, style loss=         nan, tv loss=         nan
L-BFGS | iteration: 241, total loss=         nan, content_loss=         nan, style loss=         nan, tv loss=         nan
L-BFGS | iteration: 242, total loss=         nan, content_loss=         nan, style loss=         nan, tv loss=         nan
L-BFGS | iteration: 243, total loss=         nan, content_loss=         nan, style loss=         nan, tv loss=         nan
L-BFGS | iteration: 244, total loss=         nan, content_loss=         nan, style loss=         nan, tv loss=         nan
L-BFGS | iteration: 245, total loss=         nan, content_loss=         nan, style loss=         nan, tv loss=         nan
L-BFGS | iteration: 246, total loss=         nan, content_loss=         nan, style loss=         nan, tv loss=         nan
L-BFGS | iteration: 247, total loss=         nan, content_loss=         nan, style loss=         nan, tv loss=         nan
L-BFGS | iteration: 248, total loss=         nan, content_loss=         nan, style loss=         nan, tv loss=         nan
L-BFGS | iteration: 249, total loss=         nan, content_loss=         nan, style loss=         nan, tv loss=         nan
L-BFGS | iteration: 250, total loss=         nan, content_loss=         nan, style loss=         nan, tv loss=         nan
L-BFGS | iteration: 251, total loss=         nan, content_loss=         nan, style loss=         nan, tv loss=         nan
L-BFGS | iteration: 252, total loss=         nan, content_loss=         nan, style loss=         nan, tv loss=         nan
L-BFGS | iteration: 253, total loss=         nan, content_loss=         nan, style loss=         nan, tv loss=         nan
L-BFGS | iteration: 254, total loss=         nan, content_loss=         nan, style loss=         nan, tv loss=         nan
L-BFGS | iteration: 255, total loss=         nan, content_loss=         nan, style loss=         nan, tv loss=         nan
L-BFGS | iteration: 256, total loss=         nan, content_loss=         nan, style loss=         nan, tv loss=         nan
L-BFGS | iteration: 257, total loss=         nan, content_loss=         nan, style loss=         nan, tv loss=         nan
L-BFGS | iteration: 258, total loss=         nan, content_loss=         nan, style loss=         nan, tv loss=         nan
L-BFGS | iteration: 259, total loss=         nan, content_loss=         nan, style loss=         nan, tv loss=         nan
L-BFGS | iteration: 260, total loss=         nan, content_loss=         nan, style loss=         nan, tv loss=         nan
L-BFGS | iteration: 261, total loss=         nan, content_loss=         nan, style loss=         nan, tv loss=         nan
L-BFGS | iteration: 262, total loss=         nan, content_loss=         nan, style loss=         nan, tv loss=         nan
L-BFGS | iteration: 263, total loss=         nan, content_loss=         nan, style loss=         nan, tv loss=         nan
L-BFGS | iteration: 264, total loss=         nan, content_loss=         nan, style loss=         nan, tv loss=         nan
L-BFGS | iteration: 265, total loss=         nan, content_loss=         nan, style loss=         nan, tv loss=         nan
L-BFGS | iteration: 266, total loss=         nan, content_loss=         nan, style loss=         nan, tv loss=         nan
L-BFGS | iteration: 267, total loss=         nan, content_loss=         nan, style loss=         nan, tv loss=         nan
L-BFGS | iteration: 268, total loss=         nan, content_loss=         nan, style loss=         nan, tv loss=         nan
L-BFGS | iteration: 269, total loss=         nan, content_loss=         nan, style loss=         nan, tv loss=         nan
L-BFGS | iteration: 270, total loss=         nan, content_loss=         nan, style loss=         nan, tv loss=         nan
L-BFGS | iteration: 271, total loss=         nan, content_loss=         nan, style loss=         nan, tv loss=         nan
L-BFGS | iteration: 272, total loss=         nan, content_loss=         nan, style loss=         nan, tv loss=         nan
L-BFGS | iteration: 273, total loss=         nan, content_loss=         nan, style loss=         nan, tv loss=         nan
L-BFGS | iteration: 274, total loss=         nan, content_loss=         nan, style loss=         nan, tv loss=         nan
L-BFGS | iteration: 275, total loss=         nan, content_loss=         nan, style loss=         nan, tv loss=         nan
L-BFGS | iteration: 276, total loss=         nan, content_loss=         nan, style loss=         nan, tv loss=         nan
L-BFGS | iteration: 277, total loss=         nan, content_loss=         nan, style loss=         nan, tv loss=         nan
L-BFGS | iteration: 278, total loss=         nan, content_loss=         nan, style loss=         nan, tv loss=         nan
L-BFGS | iteration: 279, total loss=         nan, content_loss=         nan, style loss=         nan, tv loss=         nan
L-BFGS | iteration: 280, total loss=         nan, content_loss=         nan, style loss=         nan, tv loss=         nan
L-BFGS | iteration: 281, total loss=         nan, content_loss=         nan, style loss=         nan, tv loss=         nan
L-BFGS | iteration: 282, total loss=         nan, content_loss=         nan, style loss=         nan, tv loss=         nan
L-BFGS | iteration: 283, total loss=         nan, content_loss=         nan, style loss=         nan, tv loss=         nan
L-BFGS | iteration: 284, total loss=         nan, content_loss=         nan, style loss=         nan, tv loss=         nan
L-BFGS | iteration: 285, total loss=         nan, content_loss=         nan, style loss=         nan, tv loss=         nan
L-BFGS | iteration: 286, total loss=         nan, content_loss=         nan, style loss=         nan, tv loss=         nan
L-BFGS | iteration: 287, total loss=         nan, content_loss=         nan, style loss=         nan, tv loss=         nan
L-BFGS | iteration: 288, total loss=         nan, content_loss=         nan, style loss=         nan, tv loss=         nan
L-BFGS | iteration: 289, total loss=         nan, content_loss=         nan, style loss=         nan, tv loss=         nan
L-BFGS | iteration: 290, total loss=         nan, content_loss=         nan, style loss=         nan, tv loss=         nan
L-BFGS | iteration: 291, total loss=         nan, content_loss=         nan, style loss=         nan, tv loss=         nan
L-BFGS | iteration: 292, total loss=         nan, content_loss=         nan, style loss=         nan, tv loss=         nan
L-BFGS | iteration: 293, total loss=         nan, content_loss=         nan, style loss=         nan, tv loss=         nan
L-BFGS | iteration: 294, total loss=         nan, content_loss=         nan, style loss=         nan, tv loss=         nan
L-BFGS | iteration: 295, total loss=         nan, content_loss=         nan, style loss=         nan, tv loss=         nan
L-BFGS | iteration: 296, total loss=         nan, content_loss=         nan, style loss=         nan, tv loss=         nan
L-BFGS | iteration: 297, total loss=         nan, content_loss=         nan, style loss=         nan, tv loss=         nan
L-BFGS | iteration: 298, total loss=         nan, content_loss=         nan, style loss=         nan, tv loss=         nan
L-BFGS | iteration: 299, total loss=         nan, content_loss=         nan, style loss=         nan, tv loss=         nan
L-BFGS | iteration: 300, total loss=         nan, content_loss=         nan, style loss=         nan, tv loss=         nan
L-BFGS | iteration: 301, total loss=         nan, content_loss=         nan, style loss=         nan, tv loss=         nan
L-BFGS | iteration: 302, total loss=         nan, content_loss=         nan, style loss=         nan, tv loss=         nan
L-BFGS | iteration: 303, total loss=         nan, content_loss=         nan, style loss=         nan, tv loss=         nan
L-BFGS | iteration: 304, total loss=         nan, content_loss=         nan, style loss=         nan, tv loss=         nan
L-BFGS | iteration: 305, total loss=         nan, content_loss=         nan, style loss=         nan, tv loss=         nan
L-BFGS | iteration: 306, total loss=         nan, content_loss=         nan, style loss=         nan, tv loss=         nan
L-BFGS | iteration: 307, total loss=         nan, content_loss=         nan, style loss=         nan, tv loss=         nan
L-BFGS | iteration: 308, total loss=         nan, content_loss=         nan, style loss=         nan, tv loss=         nan
L-BFGS | iteration: 309, total loss=         nan, content_loss=         nan, style loss=         nan, tv loss=         nan
L-BFGS | iteration: 310, total loss=         nan, content_loss=         nan, style loss=         nan, tv loss=         nan
L-BFGS | iteration: 311, total loss=         nan, content_loss=         nan, style loss=         nan, tv loss=         nan
L-BFGS | iteration: 312, total loss=         nan, content_loss=         nan, style loss=         nan, tv loss=         nan
L-BFGS | iteration: 313, total loss=         nan, content_loss=         nan, style loss=         nan, tv loss=         nan
L-BFGS | iteration: 314, total loss=         nan, content_loss=         nan, style loss=         nan, tv loss=         nan
L-BFGS | iteration: 315, total loss=         nan, content_loss=         nan, style loss=         nan, tv loss=         nan
L-BFGS | iteration: 316, total loss=         nan, content_loss=         nan, style loss=         nan, tv loss=         nan
L-BFGS | iteration: 317, total loss=         nan, content_loss=         nan, style loss=         nan, tv loss=         nan
L-BFGS | iteration: 318, total loss=         nan, content_loss=         nan, style loss=         nan, tv loss=         nan
L-BFGS | iteration: 319, total loss=         nan, content_loss=         nan, style loss=         nan, tv loss=         nan
L-BFGS | iteration: 320, total loss=         nan, content_loss=         nan, style loss=         nan, tv loss=         nan
L-BFGS | iteration: 321, total loss=         nan, content_loss=         nan, style loss=         nan, tv loss=         nan
L-BFGS | iteration: 322, total loss=         nan, content_loss=         nan, style loss=         nan, tv loss=         nan
L-BFGS | iteration: 323, total loss=         nan, content_loss=         nan, style loss=         nan, tv loss=         nan
L-BFGS | iteration: 324, total loss=         nan, content_loss=         nan, style loss=         nan, tv loss=         nan
L-BFGS | iteration: 325, total loss=         nan, content_loss=         nan, style loss=         nan, tv loss=         nan
L-BFGS | iteration: 326, total loss=         nan, content_loss=         nan, style loss=         nan, tv loss=         nan
L-BFGS | iteration: 327, total loss=         nan, content_loss=         nan, style loss=         nan, tv loss=         nan
L-BFGS | iteration: 328, total loss=         nan, content_loss=         nan, style loss=         nan, tv loss=         nan
L-BFGS | iteration: 329, total loss=         nan, content_loss=         nan, style loss=         nan, tv loss=         nan
L-BFGS | iteration: 330, total loss=         nan, content_loss=         nan, style loss=         nan, tv loss=         nan
L-BFGS | iteration: 331, total loss=         nan, content_loss=         nan, style loss=         nan, tv loss=         nan
L-BFGS | iteration: 332, total loss=         nan, content_loss=         nan, style loss=         nan, tv loss=         nan
L-BFGS | iteration: 333, total loss=         nan, content_loss=         nan, style loss=         nan, tv loss=         nan
L-BFGS | iteration: 334, total loss=         nan, content_loss=         nan, style loss=         nan, tv loss=         nan
L-BFGS | iteration: 335, total loss=         nan, content_loss=         nan, style loss=         nan, tv loss=         nan
L-BFGS | iteration: 336, total loss=         nan, content_loss=         nan, style loss=         nan, tv loss=         nan
L-BFGS | iteration: 337, total loss=         nan, content_loss=         nan, style loss=         nan, tv loss=         nan
L-BFGS | iteration: 338, total loss=         nan, content_loss=         nan, style loss=         nan, tv loss=         nan
L-BFGS | iteration: 339, total loss=         nan, content_loss=         nan, style loss=         nan, tv loss=         nan
L-BFGS | iteration: 340, total loss=         nan, content_loss=         nan, style loss=         nan, tv loss=         nan
L-BFGS | iteration: 341, total loss=         nan, content_loss=         nan, style loss=         nan, tv loss=         nan
L-BFGS | iteration: 342, total loss=         nan, content_loss=         nan, style loss=         nan, tv loss=         nan
L-BFGS | iteration: 343, total loss=         nan, content_loss=         nan, style loss=         nan, tv loss=         nan
L-BFGS | iteration: 344, total loss=         nan, content_loss=         nan, style loss=         nan, tv loss=         nan
L-BFGS | iteration: 345, total loss=         nan, content_loss=         nan, style loss=         nan, tv loss=         nan
L-BFGS | iteration: 346, total loss=         nan, content_loss=         nan, style loss=         nan, tv loss=         nan
L-BFGS | iteration: 347, total loss=         nan, content_loss=         nan, style loss=         nan, tv loss=         nan
L-BFGS | iteration: 348, total loss=         nan, content_loss=         nan, style loss=         nan, tv loss=         nan
L-BFGS | iteration: 349, total loss=         nan, content_loss=         nan, style loss=         nan, tv loss=         nan
L-BFGS | iteration: 350, total loss=         nan, content_loss=         nan, style loss=         nan, tv loss=         nan
L-BFGS | iteration: 351, total loss=         nan, content_loss=         nan, style loss=         nan, tv loss=         nan
L-BFGS | iteration: 352, total loss=         nan, content_loss=         nan, style loss=         nan, tv loss=         nan
L-BFGS | iteration: 353, total loss=         nan, content_loss=         nan, style loss=         nan, tv loss=         nan
L-BFGS | iteration: 354, total loss=         nan, content_loss=         nan, style loss=         nan, tv loss=         nan
L-BFGS | iteration: 355, total loss=         nan, content_loss=         nan, style loss=         nan, tv loss=         nan
L-BFGS | iteration: 356, total loss=         nan, content_loss=         nan, style loss=         nan, tv loss=         nan
L-BFGS | iteration: 357, total loss=         nan, content_loss=         nan, style loss=         nan, tv loss=         nan
L-BFGS | iteration: 358, total loss=         nan, content_loss=         nan, style loss=         nan, tv loss=         nan
L-BFGS | iteration: 359, total loss=         nan, content_loss=         nan, style loss=         nan, tv loss=         nan
L-BFGS | iteration: 360, total loss=         nan, content_loss=         nan, style loss=         nan, tv loss=         nan
L-BFGS | iteration: 361, total loss=         nan, content_loss=         nan, style loss=         nan, tv loss=         nan
L-BFGS | iteration: 362, total loss=         nan, content_loss=         nan, style loss=         nan, tv loss=         nan
L-BFGS | iteration: 363, total loss=         nan, content_loss=         nan, style loss=         nan, tv loss=         nan
L-BFGS | iteration: 364, total loss=         nan, content_loss=         nan, style loss=         nan, tv loss=         nan
L-BFGS | iteration: 365, total loss=         nan, content_loss=         nan, style loss=         nan, tv loss=         nan
L-BFGS | iteration: 366, total loss=         nan, content_loss=         nan, style loss=         nan, tv loss=         nan
L-BFGS | iteration: 367, total loss=         nan, content_loss=         nan, style loss=         nan, tv loss=         nan
L-BFGS | iteration: 368, total loss=         nan, content_loss=         nan, style loss=         nan, tv loss=         nan
L-BFGS | iteration: 369, total loss=         nan, content_loss=         nan, style loss=         nan, tv loss=         nan
L-BFGS | iteration: 370, total loss=         nan, content_loss=         nan, style loss=         nan, tv loss=         nan
L-BFGS | iteration: 371, total loss=         nan, content_loss=         nan, style loss=         nan, tv loss=         nan
L-BFGS | iteration: 372, total loss=         nan, content_loss=         nan, style loss=         nan, tv loss=         nan
L-BFGS | iteration: 373, total loss=         nan, content_loss=         nan, style loss=         nan, tv loss=         nan
L-BFGS | iteration: 374, total loss=         nan, content_loss=         nan, style loss=         nan, tv loss=         nan
L-BFGS | iteration: 375, total loss=         nan, content_loss=         nan, style loss=         nan, tv loss=         nan
L-BFGS | iteration: 376, total loss=         nan, content_loss=         nan, style loss=         nan, tv loss=         nan
L-BFGS | iteration: 377, total loss=         nan, content_loss=         nan, style loss=         nan, tv loss=         nan
L-BFGS | iteration: 378, total loss=         nan, content_loss=         nan, style loss=         nan, tv loss=         nan
L-BFGS | iteration: 379, total loss=         nan, content_loss=         nan, style loss=         nan, tv loss=         nan
L-BFGS | iteration: 380, total loss=         nan, content_loss=         nan, style loss=         nan, tv loss=         nan
L-BFGS | iteration: 381, total loss=         nan, content_loss=         nan, style loss=         nan, tv loss=         nan
L-BFGS | iteration: 382, total loss=         nan, content_loss=         nan, style loss=         nan, tv loss=         nan
L-BFGS | iteration: 383, total loss=         nan, content_loss=         nan, style loss=         nan, tv loss=         nan
L-BFGS | iteration: 384, total loss=         nan, content_loss=         nan, style loss=         nan, tv loss=         nan
L-BFGS | iteration: 385, total loss=         nan, content_loss=         nan, style loss=         nan, tv loss=         nan
L-BFGS | iteration: 386, total loss=         nan, content_loss=         nan, style loss=         nan, tv loss=         nan
L-BFGS | iteration: 387, total loss=         nan, content_loss=         nan, style loss=         nan, tv loss=         nan
L-BFGS | iteration: 388, total loss=         nan, content_loss=         nan, style loss=         nan, tv loss=         nan
L-BFGS | iteration: 389, total loss=         nan, content_loss=         nan, style loss=         nan, tv loss=         nan
L-BFGS | iteration: 390, total loss=         nan, content_loss=         nan, style loss=         nan, tv loss=         nan
L-BFGS | iteration: 391, total loss=         nan, content_loss=         nan, style loss=         nan, tv loss=         nan
L-BFGS | iteration: 392, total loss=         nan, content_loss=         nan, style loss=         nan, tv loss=         nan
L-BFGS | iteration: 393, total loss=         nan, content_loss=         nan, style loss=         nan, tv loss=         nan
L-BFGS | iteration: 394, total loss=         nan, content_loss=         nan, style loss=         nan, tv loss=         nan
L-BFGS | iteration: 395, total loss=         nan, content_loss=         nan, style loss=         nan, tv loss=         nan
L-BFGS | iteration: 396, total loss=         nan, content_loss=         nan, style loss=         nan, tv loss=         nan
L-BFGS | iteration: 397, total loss=         nan, content_loss=         nan, style loss=         nan, tv loss=         nan
L-BFGS | iteration: 398, total loss=         nan, content_loss=         nan, style loss=         nan, tv loss=         nan
L-BFGS | iteration: 399, total loss=         nan, content_loss=         nan, style loss=         nan, tv loss=         nan
L-BFGS | iteration: 400, total loss=         nan, content_loss=         nan, style loss=         nan, tv loss=         nan
L-BFGS | iteration: 401, total loss=         nan, content_loss=         nan, style loss=         nan, tv loss=         nan
L-BFGS | iteration: 402, total loss=         nan, content_loss=         nan, style loss=         nan, tv loss=         nan
L-BFGS | iteration: 403, total loss=         nan, content_loss=         nan, style loss=         nan, tv loss=         nan
L-BFGS | iteration: 404, total loss=         nan, content_loss=         nan, style loss=         nan, tv loss=         nan
L-BFGS | iteration: 405, total loss=         nan, content_loss=         nan, style loss=         nan, tv loss=         nan
L-BFGS | iteration: 406, total loss=         nan, content_loss=         nan, style loss=         nan, tv loss=         nan
L-BFGS | iteration: 407, total loss=         nan, content_loss=         nan, style loss=         nan, tv loss=         nan
L-BFGS | iteration: 408, total loss=         nan, content_loss=         nan, style loss=         nan, tv loss=         nan
L-BFGS | iteration: 409, total loss=         nan, content_loss=         nan, style loss=         nan, tv loss=         nan
L-BFGS | iteration: 410, total loss=         nan, content_loss=         nan, style loss=         nan, tv loss=         nan
L-BFGS | iteration: 411, total loss=         nan, content_loss=         nan, style loss=         nan, tv loss=         nan
L-BFGS | iteration: 412, total loss=         nan, content_loss=         nan, style loss=         nan, tv loss=         nan
L-BFGS | iteration: 413, total loss=         nan, content_loss=         nan, style loss=         nan, tv loss=         nan
L-BFGS | iteration: 414, total loss=         nan, content_loss=         nan, style loss=         nan, tv loss=         nan
L-BFGS | iteration: 415, total loss=         nan, content_loss=         nan, style loss=         nan, tv loss=         nan
L-BFGS | iteration: 416, total loss=         nan, content_loss=         nan, style loss=         nan, tv loss=         nan
L-BFGS | iteration: 417, total loss=         nan, content_loss=         nan, style loss=         nan, tv loss=         nan
L-BFGS | iteration: 418, total loss=         nan, content_loss=         nan, style loss=         nan, tv loss=         nan
L-BFGS | iteration: 419, total loss=         nan, content_loss=         nan, style loss=         nan, tv loss=         nan
L-BFGS | iteration: 420, total loss=         nan, content_loss=         nan, style loss=         nan, tv loss=         nan
L-BFGS | iteration: 421, total loss=         nan, content_loss=         nan, style loss=         nan, tv loss=         nan
L-BFGS | iteration: 422, total loss=         nan, content_loss=         nan, style loss=         nan, tv loss=         nan
L-BFGS | iteration: 423, total loss=         nan, content_loss=         nan, style loss=         nan, tv loss=         nan
L-BFGS | iteration: 424, total loss=         nan, content_loss=         nan, style loss=         nan, tv loss=         nan
L-BFGS | iteration: 425, total loss=         nan, content_loss=         nan, style loss=         nan, tv loss=         nan
L-BFGS | iteration: 426, total loss=         nan, content_loss=         nan, style loss=         nan, tv loss=         nan
L-BFGS | iteration: 427, total loss=         nan, content_loss=         nan, style loss=         nan, tv loss=         nan
L-BFGS | iteration: 428, total loss=         nan, content_loss=         nan, style loss=         nan, tv loss=         nan
L-BFGS | iteration: 429, total loss=         nan, content_loss=         nan, style loss=         nan, tv loss=         nan
L-BFGS | iteration: 430, total loss=         nan, content_loss=         nan, style loss=         nan, tv loss=         nan
L-BFGS | iteration: 431, total loss=         nan, content_loss=         nan, style loss=         nan, tv loss=         nan
L-BFGS | iteration: 432, total loss=         nan, content_loss=         nan, style loss=         nan, tv loss=         nan
L-BFGS | iteration: 433, total loss=         nan, content_loss=         nan, style loss=         nan, tv loss=         nan
L-BFGS | iteration: 434, total loss=         nan, content_loss=         nan, style loss=         nan, tv loss=         nan
L-BFGS | iteration: 435, total loss=         nan, content_loss=         nan, style loss=         nan, tv loss=         nan
L-BFGS | iteration: 436, total loss=         nan, content_loss=         nan, style loss=         nan, tv loss=         nan
L-BFGS | iteration: 437, total loss=         nan, content_loss=         nan, style loss=         nan, tv loss=         nan
L-BFGS | iteration: 438, total loss=         nan, content_loss=         nan, style loss=         nan, tv loss=         nan
L-BFGS | iteration: 439, total loss=         nan, content_loss=         nan, style loss=         nan, tv loss=         nan
L-BFGS | iteration: 440, total loss=         nan, content_loss=         nan, style loss=         nan, tv loss=         nan
L-BFGS | iteration: 441, total loss=         nan, content_loss=         nan, style loss=         nan, tv loss=         nan
L-BFGS | iteration: 442, total loss=         nan, content_loss=         nan, style loss=         nan, tv loss=         nan
L-BFGS | iteration: 443, total loss=         nan, content_loss=         nan, style loss=         nan, tv loss=         nan
L-BFGS | iteration: 444, total loss=         nan, content_loss=         nan, style loss=         nan, tv loss=         nan
L-BFGS | iteration: 445, total loss=         nan, content_loss=         nan, style loss=         nan, tv loss=         nan
L-BFGS | iteration: 446, total loss=         nan, content_loss=         nan, style loss=         nan, tv loss=         nan
L-BFGS | iteration: 447, total loss=         nan, content_loss=         nan, style loss=         nan, tv loss=         nan
L-BFGS | iteration: 448, total loss=         nan, content_loss=         nan, style loss=         nan, tv loss=         nan
L-BFGS | iteration: 449, total loss=         nan, content_loss=         nan, style loss=         nan, tv loss=         nan
D:\Documentos\Nacho\ATARRAIAredesNeuronales\NST-repoDeInternet\Neural-Style-Transfer\_nst_batch_tmp.py:75: RuntimeWarning: invalid value encountered in cast
  dump_img = np.clip(dump_img, 0, 255).astype('uint8')
L-BFGS | iteration: 450, total loss=         nan, content_loss=         nan, style loss=         nan, tv loss=         nan
L-BFGS | iteration: 451, total loss=         nan, content_loss=         nan, style loss=         nan, tv loss=         nan
L-BFGS | iteration: 452, total loss=         nan, content_loss=         nan, style loss=         nan, tv loss=         nan
L-BFGS | iteration: 453, total loss=         nan, content_loss=         nan, style loss=         nan, tv loss=         nan
L-BFGS | iteration: 454, total loss=         nan, content_loss=         nan, style loss=         nan, tv loss=         nan
L-BFGS | iteration: 455, total loss=         nan, content_loss=         nan, style loss=         nan, tv loss=         nan
L-BFGS | iteration: 456, total loss=         nan, content_loss=         nan, style loss=         nan, tv loss=         nan
L-BFGS | iteration: 457, total loss=         nan, content_loss=         nan, style loss=         nan, tv loss=         nan
L-BFGS | iteration: 458, total loss=         nan, content_loss=         nan, style loss=         nan, tv loss=         nan
L-BFGS | iteration: 459, total loss=         nan, content_loss=         nan, style loss=         nan, tv loss=         nan
L-BFGS | iteration: 460, total loss=         nan, content_loss=         nan, style loss=         nan, tv loss=         nan
L-BFGS | iteration: 461, total loss=         nan, content_loss=         nan, style loss=         nan, tv loss=         nan
L-BFGS | iteration: 462, total loss=         nan, content_loss=         nan, style loss=         nan, tv loss=         nan
L-BFGS | iteration: 463, total loss=         nan, content_loss=         nan, style loss=         nan, tv loss=         nan
L-BFGS | iteration: 464, total loss=         nan, content_loss=         nan, style loss=         nan, tv loss=         nan
L-BFGS | iteration: 465, total loss=         nan, content_loss=         nan, style loss=         nan, tv loss=         nan
L-BFGS | iteration: 466, total loss=         nan, content_loss=         nan, style loss=         nan, tv loss=         nan
L-BFGS | iteration: 467, total loss=         nan, content_loss=         nan, style loss=         nan, tv loss=         nan
L-BFGS | iteration: 468, total loss=         nan, content_loss=         nan, style loss=         nan, tv loss=         nan
L-BFGS | iteration: 469, total loss=         nan, content_loss=         nan, style loss=         nan, tv loss=         nan
L-BFGS | iteration: 470, total loss=         nan, content_loss=         nan, style loss=         nan, tv loss=         nan
L-BFGS | iteration: 471, total loss=         nan, content_loss=         nan, style loss=         nan, tv loss=         nan
L-BFGS | iteration: 472, total loss=         nan, content_loss=         nan, style loss=         nan, tv loss=         nan
L-BFGS | iteration: 473, total loss=         nan, content_loss=         nan, style loss=         nan, tv loss=         nan
L-BFGS | iteration: 474, total loss=         nan, content_loss=         nan, style loss=         nan, tv loss=         nan
L-BFGS | iteration: 475, total loss=         nan, content_loss=         nan, style loss=         nan, tv loss=         nan
L-BFGS | iteration: 476, total loss=         nan, content_loss=         nan, style loss=         nan, tv loss=         nan
L-BFGS | iteration: 477, total loss=         nan, content_loss=         nan, style loss=         nan, tv loss=         nan
L-BFGS | iteration: 478, total loss=         nan, content_loss=         nan, style loss=         nan, tv loss=         nan
L-BFGS | iteration: 479, total loss=         nan, content_loss=         nan, style loss=         nan, tv loss=         nan
L-BFGS | iteration: 480, total loss=         nan, content_loss=         nan, style loss=         nan, tv loss=         nan
L-BFGS | iteration: 481, total loss=         nan, content_loss=         nan, style loss=         nan, tv loss=         nan
L-BFGS | iteration: 482, total loss=         nan, content_loss=         nan, style loss=         nan, tv loss=         nan
L-BFGS | iteration: 483, total loss=         nan, content_loss=         nan, style loss=         nan, tv loss=         nan
L-BFGS | iteration: 484, total loss=         nan, content_loss=         nan, style loss=         nan, tv loss=         nan
L-BFGS | iteration: 485, total loss=         nan, content_loss=         nan, style loss=         nan, tv loss=         nan
L-BFGS | iteration: 486, total loss=         nan, content_loss=         nan, style loss=         nan, tv loss=         nan
L-BFGS | iteration: 487, total loss=         nan, content_loss=         nan, style loss=         nan, tv loss=         nan
L-BFGS | iteration: 488, total loss=         nan, content_loss=         nan, style loss=         nan, tv loss=         nan
L-BFGS | iteration: 489, total loss=         nan, content_loss=         nan, style loss=         nan, tv loss=         nan
L-BFGS | iteration: 490, total loss=         nan, content_loss=         nan, style loss=         nan, tv loss=         nan
L-BFGS | iteration: 491, total loss=         nan, content_loss=         nan, style loss=         nan, tv loss=         nan
L-BFGS | iteration: 492, total loss=         nan, content_loss=         nan, style loss=         nan, tv loss=         nan
L-BFGS | iteration: 493, total loss=         nan, content_loss=         nan, style loss=         nan, tv loss=         nan
L-BFGS | iteration: 494, total loss=         nan, content_loss=         nan, style loss=         nan, tv loss=         nan
L-BFGS | iteration: 495, total loss=         nan, content_loss=         nan, style loss=         nan, tv loss=         nan
L-BFGS | iteration: 496, total loss=         nan, content_loss=         nan, style loss=         nan, tv loss=         nan
L-BFGS | iteration: 497, total loss=         nan, content_loss=         nan, style loss=         nan, tv loss=         nan
L-BFGS | iteration: 498, total loss=         nan, content_loss=         nan, style loss=         nan, tv loss=         nan
L-BFGS | iteration: 499, total loss=         nan, content_loss=         nan, style loss=         nan, tv loss=         nan
L-BFGS | iteration: 500, total loss=         nan, content_loss=         nan, style loss=         nan, tv loss=         nan
L-BFGS | iteration: 501, total loss=         nan, content_loss=         nan, style loss=         nan, tv loss=         nan
L-BFGS | iteration: 502, total loss=         nan, content_loss=         nan, style loss=         nan, tv loss=         nan
L-BFGS | iteration: 503, total loss=         nan, content_loss=         nan, style loss=         nan, tv loss=         nan
L-BFGS | iteration: 504, total loss=         nan, content_loss=         nan, style loss=         nan, tv loss=         nan
L-BFGS | iteration: 505, total loss=         nan, content_loss=         nan, style loss=         nan, tv loss=         nan
L-BFGS | iteration: 506, total loss=         nan, content_loss=         nan, style loss=         nan, tv loss=         nan
L-BFGS | iteration: 507, total loss=         nan, content_loss=         nan, style loss=         nan, tv loss=         nan
L-BFGS | iteration: 508, total loss=         nan, content_loss=         nan, style loss=         nan, tv loss=         nan
L-BFGS | iteration: 509, total loss=         nan, content_loss=         nan, style loss=         nan, tv loss=         nan
L-BFGS | iteration: 510, total loss=         nan, content_loss=         nan, style loss=         nan, tv loss=         nan
L-BFGS | iteration: 511, total loss=         nan, content_loss=         nan, style loss=         nan, tv loss=         nan
L-BFGS | iteration: 512, total loss=         nan, content_loss=         nan, style loss=         nan, tv loss=         nan
L-BFGS | iteration: 513, total loss=         nan, content_loss=         nan, style loss=         nan, tv loss=         nan
L-BFGS | iteration: 514, total loss=         nan, content_loss=         nan, style loss=         nan, tv loss=         nan
L-BFGS | iteration: 515, total loss=         nan, content_loss=         nan, style loss=         nan, tv loss=         nan
L-BFGS | iteration: 516, total loss=         nan, content_loss=         nan, style loss=         nan, tv loss=         nan
L-BFGS | iteration: 517, total loss=         nan, content_loss=         nan, style loss=         nan, tv loss=         nan
L-BFGS | iteration: 518, total loss=         nan, content_loss=         nan, style loss=         nan, tv loss=         nan
L-BFGS | iteration: 519, total loss=         nan, content_loss=         nan, style loss=         nan, tv loss=         nan
L-BFGS | iteration: 520, total loss=         nan, content_loss=         nan, style loss=         nan, tv loss=         nan
L-BFGS | iteration: 521, total loss=         nan, content_loss=         nan, style loss=         nan, tv loss=         nan
L-BFGS | iteration: 522, total loss=         nan, content_loss=         nan, style loss=         nan, tv loss=         nan
L-BFGS | iteration: 523, total loss=         nan, content_loss=         nan, style loss=         nan, tv loss=         nan
L-BFGS | iteration: 524, total loss=         nan, content_loss=         nan, style loss=         nan, tv loss=         nan
L-BFGS | iteration: 525, total loss=         nan, content_loss=         nan, style loss=         nan, tv loss=         nan
L-BFGS | iteration: 526, total loss=         nan, content_loss=         nan, style loss=         nan, tv loss=         nan
L-BFGS | iteration: 527, total loss=         nan, content_loss=         nan, style loss=         nan, tv loss=         nan
L-BFGS | iteration: 528, total loss=         nan, content_loss=         nan, style loss=         nan, tv loss=         nan
L-BFGS | iteration: 529, total loss=         nan, content_loss=         nan, style loss=         nan, tv loss=         nan
L-BFGS | iteration: 530, total loss=         nan, content_loss=         nan, style loss=         nan, tv loss=         nan
L-BFGS | iteration: 531, total loss=         nan, content_loss=         nan, style loss=         nan, tv loss=         nan
L-BFGS | iteration: 532, total loss=         nan, content_loss=         nan, style loss=         nan, tv loss=         nan
L-BFGS | iteration: 533, total loss=         nan, content_loss=         nan, style loss=         nan, tv loss=         nan
L-BFGS | iteration: 534, total loss=         nan, content_loss=         nan, style loss=         nan, tv loss=         nan
L-BFGS | iteration: 535, total loss=         nan, content_loss=         nan, style loss=         nan, tv loss=         nan
L-BFGS | iteration: 536, total loss=         nan, content_loss=         nan, style loss=         nan, tv loss=         nan
L-BFGS | iteration: 537, total loss=         nan, content_loss=         nan, style loss=         nan, tv loss=         nan
L-BFGS | iteration: 538, total loss=         nan, content_loss=         nan, style loss=         nan, tv loss=         nan
L-BFGS | iteration: 539, total loss=         nan, content_loss=         nan, style loss=         nan, tv loss=         nan
L-BFGS | iteration: 540, total loss=         nan, content_loss=         nan, style loss=         nan, tv loss=         nan
L-BFGS | iteration: 541, total loss=         nan, content_loss=         nan, style loss=         nan, tv loss=         nan
L-BFGS | iteration: 542, total loss=         nan, content_loss=         nan, style loss=         nan, tv loss=         nan
L-BFGS | iteration: 543, total loss=         nan, content_loss=         nan, style loss=         nan, tv loss=         nan
L-BFGS | iteration: 544, total loss=         nan, content_loss=         nan, style loss=         nan, tv loss=         nan
L-BFGS | iteration: 545, total loss=         nan, content_loss=         nan, style loss=         nan, tv loss=         nan
L-BFGS | iteration: 546, total loss=         nan, content_loss=         nan, style loss=         nan, tv loss=         nan
L-BFGS | iteration: 547, total loss=         nan, content_loss=         nan, style loss=         nan, tv loss=         nan
L-BFGS | iteration: 548, total loss=         nan, content_loss=         nan, style loss=         nan, tv loss=         nan
L-BFGS | iteration: 549, total loss=         nan, content_loss=         nan, style loss=         nan, tv loss=         nan
L-BFGS | iteration: 550, total loss=         nan, content_loss=         nan, style loss=         nan, tv loss=         nan
L-BFGS | iteration: 551, total loss=         nan, content_loss=         nan, style loss=         nan, tv loss=         nan
L-BFGS | iteration: 552, total loss=         nan, content_loss=         nan, style loss=         nan, tv loss=         nan
L-BFGS | iteration: 553, total loss=         nan, content_loss=         nan, style loss=         nan, tv loss=         nan
L-BFGS | iteration: 554, total loss=         nan, content_loss=         nan, style loss=         nan, tv loss=         nan
L-BFGS | iteration: 555, total loss=         nan, content_loss=         nan, style loss=         nan, tv loss=         nan
L-BFGS | iteration: 556, total loss=         nan, content_loss=         nan, style loss=         nan, tv loss=         nan
L-BFGS | iteration: 557, total loss=         nan, content_loss=         nan, style loss=         nan, tv loss=         nan
L-BFGS | iteration: 558, total loss=         nan, content_loss=         nan, style loss=         nan, tv loss=         nan
L-BFGS | iteration: 559, total loss=         nan, content_loss=         nan, style loss=         nan, tv loss=         nan
L-BFGS | iteration: 560, total loss=         nan, content_loss=         nan, style loss=         nan, tv loss=         nan
L-BFGS | iteration: 561, total loss=         nan, content_loss=         nan, style loss=         nan, tv loss=         nan
L-BFGS | iteration: 562, total loss=         nan, content_loss=         nan, style loss=         nan, tv loss=         nan
