C:\Users\user\AppData\Roaming\Python\Python313\site-packages\torchvision\models\_utils.py:208: UserWarning: The parameter 'pretrained' is deprecated since 0.13 and may be removed in the future, please use 'weights' instead.
  warnings.warn(
C:\Users\user\AppData\Roaming\Python\Python313\site-packages\torchvision\models\_utils.py:223: UserWarning: Arguments other than a weight enum or `None` for 'weights' are deprecated since 0.13 and may be removed in the future. The current behavior is equivalent to passing `weights=VGG19_Weights.IMAGENET1K_V1`. You can also use `weights=VGG19_Weights.DEFAULT` to get the most up-to-date weights.
  warnings.warn(msg)
Using VGG19 in the optimization procedure.
L-BFGS | iteration: 000, total loss=74399407776202752.0000, content_loss=      0.0000, style loss=74399409600000000.0000, tv loss=13714633.0000
L-BFGS | iteration: 001, total loss=74399407776202752.0000, content_loss=     62.1828, style loss=74399409600000000.0000, tv loss=13714633.0000
L-BFGS | iteration: 002, total loss=74399321876856832.0000, content_loss=     85.5595, style loss=74399318400000000.0000, tv loss=13714635.0000
L-BFGS | iteration: 003, total loss=74399004049276928.0000, content_loss=    110.5812, style loss=74399001600000000.0000, tv loss=13714649.0000
L-BFGS | iteration: 004, total loss=74397079903928320.0000, content_loss=    158.8109, style loss=74397081600000000.0000, tv loss=13714721.0000
L-BFGS | iteration: 005, total loss=74386308125949952.0000, content_loss=    788.3010, style loss=74386305600000000.0000, tv loss=13715118.0000
L-BFGS | iteration: 006, total loss=74327930930462720.0000, content_loss=  16601.4150, style loss=74327932800000000.0000, tv loss=13717302.0000
L-BFGS | iteration: 007, total loss=74017275945943040.0000, content_loss= 372580.6236, style loss=74017276800000000.0000, tv loss=13729322.0000
L-BFGS | iteration: 008, total loss=72653872937566208.0000, content_loss=5451723.0988, style loss=72653875200000000.0000, tv loss=13798570.0000
L-BFGS | iteration: 009, total loss=67337008367796224.0000, content_loss=83991131.5918, style loss=67337006400000000.0000, tv loss=14339564.0000
L-BFGS | iteration: 010, total loss=52128185575276544.0000, content_loss=465058740.2344, style loss=52128187200000000.0000, tv loss=17321684.0000
L-BFGS | iteration: 011, total loss=86630211914825728.0000, content_loss=1693419335.9375, style loss=86630208000000000.0000, tv loss=29785448.0000
L-BFGS | iteration: 012, total loss=40240493489029120.0000, content_loss=990420605.4688, style loss=40240492800000000.0000, tv loss=22105156.0000
L-BFGS | iteration: 013, total loss=32892274744492032.0000, content_loss=1421852148.4375, style loss=32892273600000000.0000, tv loss=24299398.0000
L-BFGS | iteration: 014, total loss=23367433146335232.0000, content_loss=1723198046.8750, style loss=23367432000000000.0000, tv loss=25312970.0000
L-BFGS | iteration: 015, total loss=17274706356862976.0000, content_loss=1825128515.6250, style loss=17274704400000000.0000, tv loss=26126706.0000
L-BFGS | iteration: 016, total loss=13045084840787968.0000, content_loss=2016198828.1250, style loss=13045082400000000.0000, tv loss=26964164.0000
L-BFGS | iteration: 017, total loss=10500712928641024.0000, content_loss=1948066992.1875, style loss=10500710400000000.0000, tv loss=27115824.0000
L-BFGS | iteration: 018, total loss=9638910560829440.0000, content_loss=2263016015.6250, style loss=9638908200000000.0000, tv loss=28657522.0000
L-BFGS | iteration: 019, total loss=8153431160127488.0000, content_loss=2127769921.8750, style loss=8153428800000000.0000, tv loss=27567884.0000
L-BFGS | iteration: 020, total loss=7507668868530176.0000, content_loss=2133993750.0000, style loss=7507666800000000.0000, tv loss=27456936.0000
L-BFGS | iteration: 021, total loss=6334321921097728.0000, content_loss=2159655664.0625, style loss=6334320000000000.0000, tv loss=27701048.0000
L-BFGS | iteration: 022, total loss=5648547177299968.0000, content_loss=2300469726.5625, style loss=5648545200000000.0000, tv loss=28107560.0000
L-BFGS | iteration: 023, total loss=5248954157498368.0000, content_loss=2196250195.3125, style loss=5248951800000000.0000, tv loss=28035472.0000
L-BFGS | iteration: 024, total loss=4889225950396416.0000, content_loss=2241177148.4375, style loss=4889223900000000.0000, tv loss=27998430.0000
L-BFGS | iteration: 025, total loss=4410664856584192.0000, content_loss=2303599023.4375, style loss=4410662400000000.0000, tv loss=28292586.0000
L-BFGS | iteration: 026, total loss=4054474091921408.0000, content_loss=2313431835.9375, style loss=4054471800000000.0000, tv loss=28418908.0000
L-BFGS | iteration: 027, total loss=3748661146157056.0000, content_loss=2358444335.9375, style loss=3748658700000000.0000, tv loss=28603768.0000
L-BFGS | iteration: 028, total loss=3476676704993280.0000, content_loss=2352958789.0625, style loss=3476674200000000.0000, tv loss=28708014.0000
L-BFGS | iteration: 029, total loss=3266500332879872.0000, content_loss=2404695898.4375, style loss=3266497800000000.0000, tv loss=28646072.0000
L-BFGS | iteration: 030, total loss=3134539878629376.0000, content_loss=2334596679.6875, style loss=3134537400000000.0000, tv loss=28731072.0000
L-BFGS | iteration: 031, total loss=2967915548639232.0000, content_loss=2387257812.5000, style loss=2967913200000000.0000, tv loss=28770550.0000
L-BFGS | iteration: 032, total loss=2862313577119744.0000, content_loss=2411964843.7500, style loss=2862311100000000.0000, tv loss=28674224.0000
L-BFGS | iteration: 033, total loss=2715451196964864.0000, content_loss=2415038671.8750, style loss=2715448800000000.0000, tv loss=28889568.0000
L-BFGS | iteration: 034, total loss=2572047876096000.0000, content_loss=2450299609.3750, style loss=2572045500000000.0000, tv loss=28976718.0000
L-BFGS | iteration: 035, total loss=2462218851450880.0000, content_loss=2435912109.3750, style loss=2462216400000000.0000, tv loss=28906034.0000
L-BFGS | iteration: 036, total loss=2351486273060864.0000, content_loss=2482625195.3125, style loss=2351483850000000.0000, tv loss=29016646.0000
L-BFGS | iteration: 037, total loss=2294050749153280.0000, content_loss=2434835937.5000, style loss=2294048400000000.0000, tv loss=28919308.0000
L-BFGS | iteration: 038, total loss=2215843555442688.0000, content_loss=2470970703.1250, style loss=2215841100000000.0000, tv loss=29006952.0000
L-BFGS | iteration: 039, total loss=2153299167936512.0000, content_loss=2490779882.8125, style loss=2153296650000000.0000, tv loss=29237292.0000
L-BFGS | iteration: 040, total loss=2078544456843264.0000, content_loss=2496142187.5000, style loss=2078541900000000.0000, tv loss=29132972.0000
L-BFGS | iteration: 041, total loss=2004832885932032.0000, content_loss=2499260156.2500, style loss=2004830400000000.0000, tv loss=29340580.0000
L-BFGS | iteration: 042, total loss=1937387940741120.0000, content_loss=2526863281.2500, style loss=1937385450000000.0000, tv loss=29134280.0000
L-BFGS | iteration: 043, total loss=1888815618719744.0000, content_loss=2497430664.0625, style loss=1888813050000000.0000, tv loss=29222494.0000
L-BFGS | iteration: 044, total loss=1840594812928000.0000, content_loss=2519794726.5625, style loss=1840592250000000.0000, tv loss=29382916.0000
L-BFGS | iteration: 045, total loss=1793223202701312.0000, content_loss=2523528320.3125, style loss=1793220600000000.0000, tv loss=29302118.0000
L-BFGS | iteration: 046, total loss=1727311158181888.0000, content_loss=2520422070.3125, style loss=1727308650000000.0000, tv loss=29326270.0000
L-BFGS | iteration: 047, total loss=1669533781721088.0000, content_loss=2541259375.0000, style loss=1669531200000000.0000, tv loss=29438792.0000
L-BFGS | iteration: 048, total loss=1625547008376832.0000, content_loss=2524140429.6875, style loss=1625544450000000.0000, tv loss=29458640.0000
L-BFGS | iteration: 049, total loss=1577858107441152.0000, content_loss=2548919335.9375, style loss=1577855550000000.0000, tv loss=29523980.0000
L-BFGS | iteration: 050, total loss=1545985826226176.0000, content_loss=2533633789.0625, style loss=1545983250000000.0000, tv loss=29604224.0000
L-BFGS | iteration: 051, total loss=1502786105638912.0000, content_loss=2546149218.7500, style loss=1502783550000000.0000, tv loss=29610766.0000
L-BFGS | iteration: 052, total loss=1461989687689216.0000, content_loss=2572145312.5000, style loss=1461987150000000.0000, tv loss=29699474.0000
L-BFGS | iteration: 053, total loss=1435361695760384.0000, content_loss=2541925195.3125, style loss=1435359150000000.0000, tv loss=29652478.0000
L-BFGS | iteration: 054, total loss=1403480421957632.0000, content_loss=2560862500.0000, style loss=1403477850000000.0000, tv loss=29702296.0000
L-BFGS | iteration: 055, total loss=1375665274224640.0000, content_loss=2571922851.5625, style loss=1375662750000000.0000, tv loss=29845078.0000
L-BFGS | iteration: 056, total loss=1342603958157312.0000, content_loss=2559432421.8750, style loss=1342601400000000.0000, tv loss=29776142.0000
L-BFGS | iteration: 057, total loss=1309800474345472.0000, content_loss=2585621875.0000, style loss=1309797900000000.0000, tv loss=29977456.0000
L-BFGS | iteration: 058, total loss=1286144465567744.0000, content_loss=2570199414.0625, style loss=1286141850000000.0000, tv loss=29955706.0000
L-BFGS | iteration: 059, total loss=1257195983339520.0000, content_loss=2568975390.6250, style loss=1257193425000000.0000, tv loss=29898880.0000
L-BFGS | iteration: 060, total loss=1232504484790272.0000, content_loss=2575748437.5000, style loss=1232501925000000.0000, tv loss=30155658.0000
L-BFGS | iteration: 061, total loss=1205690198654976.0000, content_loss=2600026757.8125, style loss=1205687625000000.0000, tv loss=30051950.0000
L-BFGS | iteration: 062, total loss=1188493820690432.0000, content_loss=2568491406.2500, style loss=1188491325000000.0000, tv loss=30163108.0000
L-BFGS | iteration: 063, total loss=1169030236864512.0000, content_loss=2582653710.9375, style loss=1169027625000000.0000, tv loss=30233348.0000
L-BFGS | iteration: 064, total loss=1146685535289344.0000, content_loss=2591552929.6875, style loss=1146682950000000.0000, tv loss=30230844.0000
L-BFGS | iteration: 065, total loss=1119617778974720.0000, content_loss=2581982812.5000, style loss=1119615225000000.0000, tv loss=30325786.0000
L-BFGS | iteration: 066, total loss=1091447960895488.0000, content_loss=2596887304.6875, style loss=1091445375000000.0000, tv loss=30402008.0000
L-BFGS | iteration: 067, total loss=1067908922867712.0000, content_loss=2589105859.3750, style loss=1067906325000000.0000, tv loss=30440112.0000
L-BFGS | iteration: 068, total loss=1042448423845888.0000, content_loss=2600039648.4375, style loss=1042445775000000.0000, tv loss=30530760.0000
L-BFGS | iteration: 069, total loss=1027431406239744.0000, content_loss=2575654296.8750, style loss=1027428825000000.0000, tv loss=30558742.0000
L-BFGS | iteration: 070, total loss=1010071551082496.0000, content_loss=2601046875.0000, style loss=1010068950000000.0000, tv loss=30561104.0000
L-BFGS | iteration: 071, total loss=996840434565120.0000, content_loss=2600373437.5000, style loss=996837825000000.0000, tv loss=30767702.0000
L-BFGS | iteration: 072, total loss=977039226044416.0000, content_loss=2599544531.2500, style loss=977036625000000.0000, tv loss=30746988.0000
L-BFGS | iteration: 073, total loss=955623713800192.0000, content_loss=2608919726.5625, style loss=955621125000000.0000, tv loss=30875910.0000
L-BFGS | iteration: 074, total loss=935912296939520.0000, content_loss=2605809570.3125, style loss=935909700000000.0000, tv loss=30766188.0000
L-BFGS | iteration: 075, total loss=914125739786240.0000, content_loss=2606694140.6250, style loss=914123100000000.0000, tv loss=30986306.0000
L-BFGS | iteration: 076, total loss=893073085169664.0000, content_loss=2621884179.6875, style loss=893070450000000.0000, tv loss=31012940.0000
L-BFGS | iteration: 077, total loss=886354347032576.0000, content_loss=2587243554.6875, style loss=886351725000000.0000, tv loss=31120864.0000
L-BFGS | iteration: 078, total loss=869705241853952.0000, content_loss=2610925585.9375, style loss=869702625000000.0000, tv loss=31061740.0000
L-BFGS | iteration: 079, total loss=859997340696576.0000, content_loss=2616663867.1875, style loss=859994700000000.0000, tv loss=31116080.0000
L-BFGS | iteration: 080, total loss=846342498811904.0000, content_loss=2615366796.8750, style loss=846339900000000.0000, tv loss=31210316.0000
L-BFGS | iteration: 081, total loss=828898422030336.0000, content_loss=2617152343.7500, style loss=828895800000000.0000, tv loss=31331598.0000
L-BFGS | iteration: 082, total loss=809375849512960.0000, content_loss=2622927734.3750, style loss=809373225000000.0000, tv loss=31352954.0000
L-BFGS | iteration: 083, total loss=793423065907200.0000, content_loss=2619804101.5625, style loss=793420425000000.0000, tv loss=31362960.0000
L-BFGS | iteration: 084, total loss=775321926238208.0000, content_loss=2620591015.6250, style loss=775319325000000.0000, tv loss=31442556.0000
L-BFGS | iteration: 085, total loss=759731798933504.0000, content_loss=2613361523.4375, style loss=759729150000000.0000, tv loss=31567070.0000
L-BFGS | iteration: 086, total loss=749587220398080.0000, content_loss=2640387304.6875, style loss=749584575000000.0000, tv loss=31482318.0000
L-BFGS | iteration: 087, total loss=739800734760960.0000, content_loss=2618989062.5000, style loss=739798125000000.0000, tv loss=31595482.0000
L-BFGS | iteration: 088, total loss=731519433834496.0000, content_loss=2624973437.5000, style loss=731516850000000.0000, tv loss=31694508.0000
L-BFGS | iteration: 089, total loss=721697917370368.0000, content_loss=2622945898.4375, style loss=721695300000000.0000, tv loss=31591012.0000
L-BFGS | iteration: 090, total loss=707644583051264.0000, content_loss=2629362304.6875, style loss=707641950000000.0000, tv loss=31736524.0000
L-BFGS | iteration: 091, total loss=693496356798464.0000, content_loss=2630474414.0625, style loss=693493725000000.0000, tv loss=31760734.0000
L-BFGS | iteration: 092, total loss=679375645179904.0000, content_loss=2639170703.1250, style loss=679373025000000.0000, tv loss=31830768.0000
L-BFGS | iteration: 093, total loss=667864797282304.0000, content_loss=2627216210.9375, style loss=667862175000000.0000, tv loss=31878410.0000
L-BFGS | iteration: 094, total loss=656978867126272.0000, content_loss=2641212500.0000, style loss=656976225000000.0000, tv loss=31885634.0000
L-BFGS | iteration: 095, total loss=649794125037568.0000, content_loss=2634149218.7500, style loss=649791525000000.0000, tv loss=31971306.0000
L-BFGS | iteration: 096, total loss=638319784361984.0000, content_loss=2635083789.0625, style loss=638317200000000.0000, tv loss=32008572.0000
L-BFGS | iteration: 097, total loss=626369641840640.0000, content_loss=2640331835.9375, style loss=626367000000000.0000, tv loss=32052740.0000
L-BFGS | iteration: 098, total loss=615110720618496.0000, content_loss=2642114453.1250, style loss=615108075000000.0000, tv loss=32056896.0000
L-BFGS | iteration: 099, total loss=602942675615744.0000, content_loss=2636655859.3750, style loss=602940075000000.0000, tv loss=32165246.0000
L-BFGS | iteration: 100, total loss=592333099761664.0000, content_loss=2647114453.1250, style loss=592330462500000.0000, tv loss=32152630.0000
L-BFGS | iteration: 101, total loss=584149106688000.0000, content_loss=2639279882.8125, style loss=584146462500000.0000, tv loss=32185798.0000
L-BFGS | iteration: 102, total loss=574503952318464.0000, content_loss=2644828906.2500, style loss=574501312500000.0000, tv loss=32250584.0000
L-BFGS | iteration: 103, total loss=569027130818560.0000, content_loss=2631250976.5625, style loss=569024512500000.0000, tv loss=32272054.0000
L-BFGS | iteration: 104, total loss=560206006190080.0000, content_loss=2649937500.0000, style loss=560203312500000.0000, tv loss=32260966.0000
L-BFGS | iteration: 105, total loss=555450705641472.0000, content_loss=2648661132.8125, style loss=555448012500000.0000, tv loss=32343748.0000
L-BFGS | iteration: 106, total loss=548755422052352.0000, content_loss=2630813281.2500, style loss=548752762500000.0000, tv loss=32348662.0000
L-BFGS | iteration: 107, total loss=540339702071296.0000, content_loss=2651054492.1875, style loss=540337012500000.0000, tv loss=32400822.0000
L-BFGS | iteration: 108, total loss=535986182291456.0000, content_loss=2650960546.8750, style loss=535983487500000.0000, tv loss=32384030.0000
L-BFGS | iteration: 109, total loss=528666350059520.0000, content_loss=2637198632.8125, style loss=528663675000000.0000, tv loss=32440948.0000
L-BFGS | iteration: 110, total loss=519640006524928.0000, content_loss=2656808007.8125, style loss=519637312500000.0000, tv loss=32392872.0000
L-BFGS | iteration: 111, total loss=515110191759360.0000, content_loss=2652355664.0625, style loss=515107500000000.0000, tv loss=32484336.0000
L-BFGS | iteration: 112, total loss=508363133681664.0000, content_loss=2644749804.6875, style loss=508360462500000.0000, tv loss=32549318.0000
L-BFGS | iteration: 113, total loss=501210234748928.0000, content_loss=2655403320.3125, style loss=501207562500000.0000, tv loss=32601362.0000
L-BFGS | iteration: 114, total loss=495457260273664.0000, content_loss=2650758984.3750, style loss=495454575000000.0000, tv loss=32484252.0000
L-BFGS | iteration: 115, total loss=487532810731520.0000, content_loss=2656905859.3750, style loss=487530112500000.0000, tv loss=32539356.0000
L-BFGS | iteration: 116, total loss=480141239123968.0000, content_loss=2653503125.0000, style loss=480138562500000.0000, tv loss=32599556.0000
L-BFGS | iteration: 117, total loss=472348356509696.0000, content_loss=2661424609.3750, style loss=472345687500000.0000, tv loss=32667146.0000
L-BFGS | iteration: 118, total loss=465723067465728.0000, content_loss=2653693945.3125, style loss=465720375000000.0000, tv loss=32671044.0000
L-BFGS | iteration: 119, total loss=459046440140800.0000, content_loss=2662720117.1875, style loss=459043762500000.0000, tv loss=32689434.0000
L-BFGS | iteration: 120, total loss=456890400112640.0000, content_loss=2649361132.8125, style loss=456887700000000.0000, tv loss=32787808.0000
L-BFGS | iteration: 121, total loss=450012681076736.0000, content_loss=2660289648.4375, style loss=450010012500000.0000, tv loss=32720164.0000
L-BFGS | iteration: 122, total loss=445473504624640.0000, content_loss=2661141210.9375, style loss=445470825000000.0000, tv loss=32714844.0000
L-BFGS | iteration: 123, total loss=438817345503232.0000, content_loss=2657148828.1250, style loss=438814650000000.0000, tv loss=32800524.0000
L-BFGS | iteration: 124, total loss=431911440744448.0000, content_loss=2666462890.6250, style loss=431908762500000.0000, tv loss=32786188.0000
L-BFGS | iteration: 125, total loss=426451396460544.0000, content_loss=2661192968.7500, style loss=426448725000000.0000, tv loss=32810056.0000
L-BFGS | iteration: 126, total loss=420904110653440.0000, content_loss=2664670507.8125, style loss=420901425000000.0000, tv loss=32842576.0000
L-BFGS | iteration: 127, total loss=417643290951680.0000, content_loss=2651354882.8125, style loss=417640612500000.0000, tv loss=32864834.0000
L-BFGS | iteration: 128, total loss=411999536152576.0000, content_loss=2665501953.1250, style loss=411996862500000.0000, tv loss=32873328.0000
L-BFGS | iteration: 129, total loss=408750292729856.0000, content_loss=2665931835.9375, style loss=408747600000000.0000, tv loss=32906920.0000
L-BFGS | iteration: 130, total loss=404569477611520.0000, content_loss=2651993554.6875, style loss=404566800000000.0000, tv loss=32920714.0000
L-BFGS | iteration: 131, total loss=398588970532864.0000, content_loss=2671862890.6250, style loss=398586262500000.0000, tv loss=32927532.0000
L-BFGS | iteration: 132, total loss=396225731887104.0000, content_loss=2670077539.0625, style loss=396223012500000.0000, tv loss=32946028.0000
L-BFGS | iteration: 133, total loss=393299349209088.0000, content_loss=2653869726.5625, style loss=393296662500000.0000, tv loss=32975542.0000
L-BFGS | iteration: 134, total loss=387150868643840.0000, content_loss=2668637500.0000, style loss=387148162500000.0000, tv loss=32983238.0000
L-BFGS | iteration: 135, total loss=384014670102528.0000, content_loss=2668065625.0000, style loss=384011962500000.0000, tv loss=32988628.0000
L-BFGS | iteration: 136, total loss=378976438583296.0000, content_loss=2660163476.5625, style loss=378973762500000.0000, tv loss=33057416.0000
L-BFGS | iteration: 137, total loss=373364057178112.0000, content_loss=2674118554.6875, style loss=373361325000000.0000, tv loss=33012784.0000
L-BFGS | iteration: 138, total loss=370549444313088.0000, content_loss=2670296679.6875, style loss=370546725000000.0000, tv loss=33066352.0000
L-BFGS | iteration: 139, total loss=365755589722112.0000, content_loss=2664991406.2500, style loss=365752912500000.0000, tv loss=33099924.0000
L-BFGS | iteration: 140, total loss=361338484293632.0000, content_loss=2673176367.1875, style loss=361335750000000.0000, tv loss=33144948.0000
L-BFGS | iteration: 141, total loss=358156316180480.0000, content_loss=2668839648.4375, style loss=358153612500000.0000, tv loss=33033706.0000
L-BFGS | iteration: 142, total loss=352841965240320.0000, content_loss=2673262500.0000, style loss=352839262500000.0000, tv loss=33092104.0000
L-BFGS | iteration: 143, total loss=347506173018112.0000, content_loss=2672802343.7500, style loss=347503462500000.0000, tv loss=33168988.0000
L-BFGS | iteration: 144, total loss=342117566119936.0000, content_loss=2678519726.5625, style loss=342114862500000.0000, tv loss=33196480.0000
L-BFGS | iteration: 145, total loss=338073619529728.0000, content_loss=2671465234.3750, style loss=338070900000000.0000, tv loss=33218856.0000
L-BFGS | iteration: 146, total loss=334759179845632.0000, content_loss=2680658593.7500, style loss=334756462500000.0000, tv loss=33219396.0000
L-BFGS | iteration: 147, total loss=336526055571456.0000, content_loss=2663913476.5625, style loss=336523387500000.0000, tv loss=33291540.0000
L-BFGS | iteration: 148, total loss=332637130457088.0000, content_loss=2674522656.2500, style loss=332634412500000.0000, tv loss=33248652.0000
L-BFGS | iteration: 149, total loss=330109139550208.0000, content_loss=2676008984.3750, style loss=330106425000000.0000, tv loss=33232272.0000
L-BFGS | iteration: 150, total loss=325414304088064.0000, content_loss=2676530078.1250, style loss=325411575000000.0000, tv loss=33222992.0000
L-BFGS | iteration: 151, total loss=320248465063936.0000, content_loss=2677844921.8750, style loss=320245762500000.0000, tv loss=33297526.0000
L-BFGS | iteration: 152, total loss=315586278064128.0000, content_loss=2682083593.7500, style loss=315583575000000.0000, tv loss=33249668.0000
L-BFGS | iteration: 153, total loss=313011076071424.0000, content_loss=2673120898.4375, style loss=313008356250000.0000, tv loss=33392260.0000
L-BFGS | iteration: 154, total loss=309883803009024.0000, content_loss=2689477148.4375, style loss=309881100000000.0000, tv loss=33407176.0000
L-BFGS | iteration: 155, total loss=307228942794752.0000, content_loss=2681410937.5000, style loss=307226231250000.0000, tv loss=33317486.0000
L-BFGS | iteration: 156, total loss=305404252782592.0000, content_loss=2679954101.5625, style loss=305401537500000.0000, tv loss=33307210.0000
L-BFGS | iteration: 157, total loss=302064311730176.0000, content_loss=2673643945.3125, style loss=302061600000000.0000, tv loss=33330970.0000
L-BFGS | iteration: 158, total loss=298011003453440.0000, content_loss=2684135546.8750, style loss=298008281250000.0000, tv loss=33348420.0000
L-BFGS | iteration: 159, total loss=295747857678336.0000, content_loss=2684347070.3125, style loss=295745156250000.0000, tv loss=33443340.0000
L-BFGS | iteration: 160, total loss=292110557249536.0000, content_loss=2684357226.5625, style loss=292107843750000.0000, tv loss=33458900.0000
L-BFGS | iteration: 161, total loss=287929574359040.0000, content_loss=2681386328.1250, style loss=287926856250000.0000, tv loss=33500432.0000
L-BFGS | iteration: 162, total loss=284262947356672.0000, content_loss=2690499023.4375, style loss=284260237500000.0000, tv loss=33499556.0000
L-BFGS | iteration: 163, total loss=282442585866240.0000, content_loss=2678960351.5625, style loss=282439856250000.0000, tv loss=33489108.0000
L-BFGS | iteration: 164, total loss=280155968765952.0000, content_loss=2682697851.5625, style loss=280153256250000.0000, tv loss=33469664.0000
L-BFGS | iteration: 165, total loss=277079966875648.0000, content_loss=2685423242.1875, style loss=277077243750000.0000, tv loss=33523918.0000
L-BFGS | iteration: 166, total loss=273669678956544.0000, content_loss=2687650390.6250, style loss=273666956250000.0000, tv loss=33538044.0000
L-BFGS | iteration: 167, total loss=269908311015424.0000, content_loss=2687157812.5000, style loss=269905593750000.0000, tv loss=33563704.0000
L-BFGS | iteration: 168, total loss=265735515406336.0000, content_loss=2684649804.6875, style loss=265732800000000.0000, tv loss=33610864.0000
L-BFGS | iteration: 169, total loss=263250423840768.0000, content_loss=2695693359.3750, style loss=263247693750000.0000, tv loss=33601232.0000
L-BFGS | iteration: 170, total loss=261828454121472.0000, content_loss=2681410156.2500, style loss=261825731250000.0000, tv loss=33627164.0000
L-BFGS | iteration: 171, total loss=259546199097344.0000, content_loss=2686531250.0000, style loss=259543481250000.0000, tv loss=33624596.0000
L-BFGS | iteration: 172, total loss=257858780266496.0000, content_loss=2688131445.3125, style loss=257856056250000.0000, tv loss=33627860.0000
L-BFGS | iteration: 173, total loss=255000680857600.0000, content_loss=2679803125.0000, style loss=254997956250000.0000, tv loss=33683040.0000
L-BFGS | iteration: 174, total loss=251563733942272.0000, content_loss=2692778125.0000, style loss=251561006250000.0000, tv loss=33664200.0000
L-BFGS | iteration: 175, total loss=250028031475712.0000, content_loss=2689907226.5625, style loss=250025306250000.0000, tv loss=33680756.0000
L-BFGS | iteration: 176, total loss=247539299254272.0000, content_loss=2684382421.8750, style loss=247536581250000.0000, tv loss=33729672.0000
L-BFGS | iteration: 177, total loss=245031189348352.0000, content_loss=2690892382.8125, style loss=245028468750000.0000, tv loss=33729108.0000
L-BFGS | iteration: 178, total loss=242915683074048.0000, content_loss=2688888671.8750, style loss=242912962500000.0000, tv loss=33732608.0000
L-BFGS | iteration: 179, total loss=239851609784320.0000, content_loss=2692335156.2500, style loss=239848893750000.0000, tv loss=33773568.0000
L-BFGS | iteration: 180, total loss=236827499823104.0000, content_loss=2691147460.9375, style loss=236824781250000.0000, tv loss=33733500.0000
L-BFGS | iteration: 181, total loss=234105312641024.0000, content_loss=2692883203.1250, style loss=234102581250000.0000, tv loss=33870316.0000
L-BFGS | iteration: 182, total loss=231030770368512.0000, content_loss=2693120898.4375, style loss=231028031250000.0000, tv loss=33783332.0000
L-BFGS | iteration: 183, total loss=228819449413632.0000, content_loss=2687953125.0000, style loss=228816731250000.0000, tv loss=33809708.0000
L-BFGS | iteration: 184, total loss=226145496727552.0000, content_loss=2693490039.0625, style loss=226142756250000.0000, tv loss=33898684.0000
L-BFGS | iteration: 185, total loss=223874499215360.0000, content_loss=2693462109.3750, style loss=223871756250000.0000, tv loss=33864524.0000
L-BFGS | iteration: 186, total loss=221616738926592.0000, content_loss=2696152929.6875, style loss=221614012500000.0000, tv loss=33854840.0000
L-BFGS | iteration: 187, total loss=220565193359360.0000, content_loss=2683719140.6250, style loss=220562475000000.0000, tv loss=33911704.0000
L-BFGS | iteration: 188, total loss=217506237120512.0000, content_loss=2694189843.7500, style loss=217503506250000.0000, tv loss=33929612.0000
L-BFGS | iteration: 189, total loss=216397246365696.0000, content_loss=2694070312.5000, style loss=216394518750000.0000, tv loss=33929356.0000
L-BFGS | iteration: 190, total loss=214296403378176.0000, content_loss=2685473437.5000, style loss=214293693750000.0000, tv loss=33950352.0000
L-BFGS | iteration: 191, total loss=211512341823488.0000, content_loss=2700071484.3750, style loss=211509600000000.0000, tv loss=33921196.0000
L-BFGS | iteration: 192, total loss=210266113441792.0000, content_loss=2696618945.3125, style loss=210263381250000.0000, tv loss=33960296.0000
L-BFGS | iteration: 193, total loss=208703047335936.0000, content_loss=2691565820.3125, style loss=208700325000000.0000, tv loss=34027040.0000
L-BFGS | iteration: 194, total loss=206447803629568.0000, content_loss=2694449609.3750, style loss=206445075000000.0000, tv loss=34046236.0000
L-BFGS | iteration: 195, total loss=203733837283328.0000, content_loss=2692178515.6250, style loss=203731125000000.0000, tv loss=34003728.0000
L-BFGS | iteration: 196, total loss=201101374652416.0000, content_loss=2696333984.3750, style loss=201098643750000.0000, tv loss=34041976.0000
L-BFGS | iteration: 197, total loss=198873914015744.0000, content_loss=2696817187.5000, style loss=198871181250000.0000, tv loss=34065688.0000
L-BFGS | iteration: 198, total loss=196427561041920.0000, content_loss=2696192382.8125, style loss=196424831250000.0000, tv loss=34104492.0000
L-BFGS | iteration: 199, total loss=193975839358976.0000, content_loss=2703574804.6875, style loss=193973100000000.0000, tv loss=34096816.0000
L-BFGS | iteration: 200, total loss=192861781884928.0000, content_loss=2693606054.6875, style loss=192859050000000.0000, tv loss=34124304.0000
L-BFGS | iteration: 201, total loss=191300544495616.0000, content_loss=2697356250.0000, style loss=191297812500000.0000, tv loss=34136192.0000
L-BFGS | iteration: 202, total loss=189628661366784.0000, content_loss=2698343164.0625, style loss=189625931250000.0000, tv loss=34138432.0000
L-BFGS | iteration: 203, total loss=187753069281280.0000, content_loss=2699476367.1875, style loss=187750331250000.0000, tv loss=34139884.0000
L-BFGS | iteration: 204, total loss=185394377261056.0000, content_loss=2700295507.8125, style loss=185391637500000.0000, tv loss=34181416.0000
L-BFGS | iteration: 205, total loss=182641303224320.0000, content_loss=2699427343.7500, style loss=182638575000000.0000, tv loss=34193412.0000
L-BFGS | iteration: 206, total loss=180543144591360.0000, content_loss=2709292773.4375, style loss=180540412500000.0000, tv loss=34246896.0000
L-BFGS | iteration: 207, total loss=180627013894144.0000, content_loss=2694622070.3125, style loss=180624281250000.0000, tv loss=34261816.0000
L-BFGS | iteration: 208, total loss=179634020810752.0000, content_loss=2702247070.3125, style loss=179631281250000.0000, tv loss=34253536.0000
L-BFGS | iteration: 209, total loss=178656898973696.0000, content_loss=2699100976.5625, style loss=178654162500000.0000, tv loss=34189432.0000
L-BFGS | iteration: 210, total loss=177021070082048.0000, content_loss=2699325000.0000, style loss=177018337500000.0000, tv loss=34227088.0000
L-BFGS | iteration: 211, total loss=174663200145408.0000, content_loss=2701041015.6250, style loss=174660468750000.0000, tv loss=34281632.0000
L-BFGS | iteration: 212, total loss=172702715346944.0000, content_loss=2704184179.6875, style loss=172699987500000.0000, tv loss=34300436.0000
L-BFGS | iteration: 213, total loss=171489856847872.0000, content_loss=2696727343.7500, style loss=171487125000000.0000, tv loss=34308304.0000
L-BFGS | iteration: 214, total loss=169935363899392.0000, content_loss=2702437109.3750, style loss=169932637500000.0000, tv loss=34290360.0000
L-BFGS | iteration: 215, total loss=168370552963072.0000, content_loss=2704213476.5625, style loss=168367818750000.0000, tv loss=34335632.0000
L-BFGS | iteration: 216, total loss=166845889904640.0000, content_loss=2704547070.3125, style loss=166843162500000.0000, tv loss=34361092.0000
L-BFGS | iteration: 217, total loss=165003768365056.0000, content_loss=2696142187.5000, style loss=165001031250000.0000, tv loss=34399200.0000
L-BFGS | iteration: 218, total loss=163129820446720.0000, content_loss=2706119531.2500, style loss=163127081250000.0000, tv loss=34387632.0000
L-BFGS | iteration: 219, total loss=162103574921216.0000, content_loss=2702097851.5625, style loss=162100837500000.0000, tv loss=34391412.0000
L-BFGS | iteration: 220, total loss=160922190479360.0000, content_loss=2700058203.1250, style loss=160919456250000.0000, tv loss=34412448.0000
L-BFGS | iteration: 221, total loss=159582915657728.0000, content_loss=2702270507.8125, style loss=159580181250000.0000, tv loss=34421280.0000
L-BFGS | iteration: 222, total loss=157349499109376.0000, content_loss=2702702148.4375, style loss=157346756250000.0000, tv loss=34452624.0000
L-BFGS | iteration: 223, total loss=155092527349760.0000, content_loss=2705861718.7500, style loss=155089800000000.0000, tv loss=34455404.0000
L-BFGS | iteration: 224, total loss=153459265372160.0000, content_loss=2703774414.0625, style loss=153456525000000.0000, tv loss=34492132.0000
L-BFGS | iteration: 225, total loss=151618955771904.0000, content_loss=2707449609.3750, style loss=151616221875000.0000, tv loss=34488568.0000
L-BFGS | iteration: 226, total loss=153323638358016.0000, content_loss=2689874609.3750, style loss=153320915625000.0000, tv loss=34549112.0000
L-BFGS | iteration: 227, total loss=150855625998336.0000, content_loss=2701484375.0000, style loss=150852890625000.0000, tv loss=34510576.0000
L-BFGS | iteration: 228, total loss=149843238453248.0000, content_loss=2703283007.8125, style loss=149840503125000.0000, tv loss=34537744.0000
L-BFGS | iteration: 229, total loss=148344294866944.0000, content_loss=2703564257.8125, style loss=148341553125000.0000, tv loss=34541788.0000
L-BFGS | iteration: 230, total loss=146286904868864.0000, content_loss=2701829882.8125, style loss=146284171875000.0000, tv loss=34580888.0000
L-BFGS | iteration: 231, total loss=144334087258112.0000, content_loss=2706494921.8750, style loss=144331350000000.0000, tv loss=34560256.0000
L-BFGS | iteration: 232, total loss=143350439084032.0000, content_loss=2700320898.4375, style loss=143347696875000.0000, tv loss=34609168.0000
L-BFGS | iteration: 233, total loss=142020307845120.0000, content_loss=2707187500.0000, style loss=142017571875000.0000, tv loss=34623700.0000
L-BFGS | iteration: 234, total loss=140973174685696.0000, content_loss=2703108789.0625, style loss=140970440625000.0000, tv loss=34570952.0000
L-BFGS | iteration: 235, total loss=139831325753344.0000, content_loss=2704484179.6875, style loss=139828593750000.0000, tv loss=34590320.0000
L-BFGS | iteration: 236, total loss=138254678491136.0000, content_loss=2704354687.5000, style loss=138251943750000.0000, tv loss=34642528.0000
L-BFGS | iteration: 237, total loss=136150857547776.0000, content_loss=2704383007.8125, style loss=136148118750000.0000, tv loss=34675128.0000
L-BFGS | iteration: 238, total loss=134273956839424.0000, content_loss=2710138476.5625, style loss=134271215625000.0000, tv loss=34708680.0000
L-BFGS | iteration: 239, total loss=136388229988352.0000, content_loss=2692330468.7500, style loss=136385503125000.0000, tv loss=34740804.0000
L-BFGS | iteration: 240, total loss=133769600172032.0000, content_loss=2704904101.5625, style loss=133766868750000.0000, tv loss=34718128.0000
L-BFGS | iteration: 241, total loss=133000582922240.0000, content_loss=2704299414.0625, style loss=132997846875000.0000, tv loss=34681296.0000
L-BFGS | iteration: 242, total loss=131663875014656.0000, content_loss=2705321484.3750, style loss=131661140625000.0000, tv loss=34700688.0000
L-BFGS | iteration: 243, total loss=129964863127552.0000, content_loss=2704355468.7500, style loss=129962128125000.0000, tv loss=34718292.0000
L-BFGS | iteration: 244, total loss=128382268342272.0000, content_loss=2708750781.2500, style loss=128379525000000.0000, tv loss=34762748.0000
L-BFGS | iteration: 245, total loss=127322057342976.0000, content_loss=2704146289.0625, style loss=127319325000000.0000, tv loss=34774240.0000
L-BFGS | iteration: 246, total loss=126492163964928.0000, content_loss=2707013671.8750, style loss=126489421875000.0000, tv loss=34764936.0000
L-BFGS | iteration: 247, total loss=125553822662656.0000, content_loss=2701479492.1875, style loss=125551087500000.0000, tv loss=34814792.0000
L-BFGS | iteration: 248, total loss=124497470423040.0000, content_loss=2709928710.9375, style loss=124494731250000.0000, tv loss=34816364.0000
L-BFGS | iteration: 249, total loss=123781175574528.0000, content_loss=2708861328.1250, style loss=123778434375000.0000, tv loss=34810644.0000
L-BFGS | iteration: 250, total loss=122898937282560.0000, content_loss=2701113281.2500, style loss=122896200000000.0000, tv loss=34815048.0000
L-BFGS | iteration: 251, total loss=121701882920960.0000, content_loss=2707908789.0625, style loss=121699143750000.0000, tv loss=34804392.0000
L-BFGS | iteration: 252, total loss=120869816893440.0000, content_loss=2708316406.2500, style loss=120867075000000.0000, tv loss=34828424.0000
L-BFGS | iteration: 253, total loss=119669407088640.0000, content_loss=2704005664.0625, style loss=119666671875000.0000, tv loss=34874168.0000
L-BFGS | iteration: 254, total loss=118328068669440.0000, content_loss=2712181445.3125, style loss=118325325000000.0000, tv loss=34892036.0000
L-BFGS | iteration: 255, total loss=117534330191872.0000, content_loss=2707694726.5625, style loss=117531590625000.0000, tv loss=34874792.0000
L-BFGS | iteration: 256, total loss=116717657260032.0000, content_loss=2706225390.6250, style loss=116714915625000.0000, tv loss=34866440.0000
L-BFGS | iteration: 257, total loss=115375681306624.0000, content_loss=2705337304.6875, style loss=115372940625000.0000, tv loss=34887908.0000
L-BFGS | iteration: 258, total loss=113782961471488.0000, content_loss=2709257617.1875, style loss=113780221875000.0000, tv loss=34893948.0000
L-BFGS | iteration: 259, total loss=112722364596224.0000, content_loss=2708261132.8125, style loss=112719618750000.0000, tv loss=34959660.0000
L-BFGS | iteration: 260, total loss=111513121587200.0000, content_loss=2711743359.3750, style loss=111510375000000.0000, tv loss=34950768.0000
L-BFGS | iteration: 261, total loss=112387633971200.0000, content_loss=2697504882.8125, style loss=112384903125000.0000, tv loss=34949104.0000
L-BFGS | iteration: 262, total loss=110886257688576.0000, content_loss=2706384179.6875, style loss=110883515625000.0000, tv loss=34948920.0000
L-BFGS | iteration: 263, total loss=110178083012608.0000, content_loss=2707590625.0000, style loss=110175337500000.0000, tv loss=34958032.0000
L-BFGS | iteration: 264, total loss=109108040564736.0000, content_loss=2709228320.3125, style loss=109105293750000.0000, tv loss=34975280.0000
L-BFGS | iteration: 265, total loss=107794887868416.0000, content_loss=2708328906.2500, style loss=107792146875000.0000, tv loss=34988528.0000
L-BFGS | iteration: 266, total loss=106198686760960.0000, content_loss=2710065625.0000, style loss=106195940625000.0000, tv loss=35018200.0000
L-BFGS | iteration: 267, total loss=104999342309376.0000, content_loss=2709941601.5625, style loss=104996596875000.0000, tv loss=35010952.0000
L-BFGS | iteration: 268, total loss=104370700025856.0000, content_loss=2706204101.5625, style loss=104367956250000.0000, tv loss=35030712.0000
L-BFGS | iteration: 269, total loss=103620297097216.0000, content_loss=2711851953.1250, style loss=103617553125000.0000, tv loss=35036240.0000
L-BFGS | iteration: 270, total loss=102820309106688.0000, content_loss=2709675585.9375, style loss=102817565625000.0000, tv loss=35042036.0000
L-BFGS | iteration: 271, total loss=102010422558720.0000, content_loss=2707432421.8750, style loss=102007678125000.0000, tv loss=35045320.0000
L-BFGS | iteration: 272, total loss=101292106055680.0000, content_loss=2708153320.3125, style loss=101289365625000.0000, tv loss=35058160.0000
L-BFGS | iteration: 273, total loss=100780140920832.0000, content_loss=2703207812.5000, style loss=100777406250000.0000, tv loss=35078400.0000
L-BFGS | iteration: 274, total loss=100299146526720.0000, content_loss=2706398046.8750, style loss=100296403125000.0000, tv loss=35069720.0000
L-BFGS | iteration: 275, total loss=99273538535424.0000, content_loss=2712354296.8750, style loss=99270796875000.0000, tv loss=35077996.0000
L-BFGS | iteration: 276, total loss=98454667788288.0000, content_loss=2710460351.5625, style loss=98451928125000.0000, tv loss=35111936.0000
L-BFGS | iteration: 277, total loss=97544159887360.0000, content_loss=2710739257.8125, style loss=97541418750000.0000, tv loss=35088856.0000
L-BFGS | iteration: 278, total loss=96950556819456.0000, content_loss=2705793750.0000, style loss=96947812500000.0000, tv loss=35120624.0000
L-BFGS | iteration: 279, total loss=95917684293632.0000, content_loss=2712258789.0625, style loss=95914940625000.0000, tv loss=35137940.0000
L-BFGS | iteration: 280, total loss=95290375798784.0000, content_loss=2710241601.5625, style loss=95287631250000.0000, tv loss=35106964.0000
L-BFGS | iteration: 281, total loss=94500051484672.0000, content_loss=2707798632.8125, style loss=94497309375000.0000, tv loss=35115544.0000
L-BFGS | iteration: 282, total loss=93516789186560.0000, content_loss=2709556445.3125, style loss=93514050000000.0000, tv loss=35115736.0000
L-BFGS | iteration: 283, total loss=92895218499584.0000, content_loss=2706641992.1875, style loss=92892478125000.0000, tv loss=35181808.0000
L-BFGS | iteration: 284, total loss=91726307917824.0000, content_loss=2714711718.7500, style loss=91723556250000.0000, tv loss=35194036.0000
L-BFGS | iteration: 285, total loss=91203932520448.0000, content_loss=2711808398.4375, style loss=91201190625000.0000, tv loss=35170472.0000
L-BFGS | iteration: 286, total loss=90569149775872.0000, content_loss=2707838476.5625, style loss=90566409375000.0000, tv loss=35148488.0000
L-BFGS | iteration: 287, total loss=89905677991936.0000, content_loss=2708781250.0000, style loss=89902931250000.0000, tv loss=35136004.0000
L-BFGS | iteration: 288, total loss=89103349579776.0000, content_loss=2705866406.2500, style loss=89100609375000.0000, tv loss=35186552.0000
L-BFGS | iteration: 289, total loss=87950729674752.0000, content_loss=2712530078.1250, style loss=87947990625000.0000, tv loss=35210660.0000
L-BFGS | iteration: 290, total loss=87439578234880.0000, content_loss=2710792578.1250, style loss=87436837500000.0000, tv loss=35199184.0000
L-BFGS | iteration: 291, total loss=86561257422848.0000, content_loss=2708635937.5000, style loss=86558512500000.0000, tv loss=35189344.0000
L-BFGS | iteration: 292, total loss=85745154916352.0000, content_loss=2712105078.1250, style loss=85742409375000.0000, tv loss=35190976.0000
L-BFGS | iteration: 293, total loss=85512773697536.0000, content_loss=2707439843.7500, style loss=85510031250000.0000, tv loss=35257768.0000
L-BFGS | iteration: 294, total loss=85199022981120.0000, content_loss=2709873046.8750, style loss=85196278125000.0000, tv loss=35230432.0000
L-BFGS | iteration: 295, total loss=84340558004224.0000, content_loss=2712025390.6250, style loss=84337818750000.0000, tv loss=35263296.0000
L-BFGS | iteration: 296, total loss=83497091858432.0000, content_loss=2711539062.5000, style loss=83494350000000.0000, tv loss=35244824.0000
L-BFGS | iteration: 297, total loss=82541553909760.0000, content_loss=2708515820.3125, style loss=82538812500000.0000, tv loss=35255840.0000
L-BFGS | iteration: 298, total loss=81622279913472.0000, content_loss=2714323046.8750, style loss=81619528125000.0000, tv loss=35251472.0000
L-BFGS | iteration: 299, total loss=81307564507136.0000, content_loss=2708870117.1875, style loss=81304818750000.0000, tv loss=35263512.0000
L-BFGS | iteration: 300, total loss=80702150279168.0000, content_loss=2711570117.1875, style loss=80699409375000.0000, tv loss=35272584.0000
L-BFGS | iteration: 301, total loss=80011591680000.0000, content_loss=2712751757.8125, style loss=80008846875000.0000, tv loss=35290396.0000
L-BFGS | iteration: 302, total loss=79014362349568.0000, content_loss=2710241601.5625, style loss=79011618750000.0000, tv loss=35302216.0000
L-BFGS | iteration: 303, total loss=77999835709440.0000, content_loss=2714300976.5625, style loss=77997084375000.0000, tv loss=35314464.0000
L-BFGS | iteration: 304, total loss=77420778487808.0000, content_loss=2710035546.8750, style loss=77418032812500.0000, tv loss=35312464.0000
L-BFGS | iteration: 305, total loss=76894309449728.0000, content_loss=2711656445.3125, style loss=76891570312500.0000, tv loss=35302040.0000
L-BFGS | iteration: 306, total loss=76414942445568.0000, content_loss=2708788281.2500, style loss=76412198437500.0000, tv loss=35329008.0000
L-BFGS | iteration: 307, total loss=75596877004800.0000, content_loss=2713897070.3125, style loss=75594126562500.0000, tv loss=35337500.0000
L-BFGS | iteration: 308, total loss=75113642852352.0000, content_loss=2711716015.6250, style loss=75110901562500.0000, tv loss=35342656.0000
L-BFGS | iteration: 309, total loss=74406525140992.0000, content_loss=2711368554.6875, style loss=74403782812500.0000, tv loss=35353112.0000
L-BFGS | iteration: 310, total loss=73498584154112.0000, content_loss=2713300390.6250, style loss=73495837500000.0000, tv loss=35359588.0000
L-BFGS | iteration: 311, total loss=72614559088640.0000, content_loss=2712740039.0625, style loss=72611812500000.0000, tv loss=35366896.0000
L-BFGS | iteration: 312, total loss=72207468331008.0000, content_loss=2709430664.0625, style loss=72204721875000.0000, tv loss=35365204.0000
L-BFGS | iteration: 313, total loss=71681594884096.0000, content_loss=2716536718.7500, style loss=71678845312500.0000, tv loss=35342584.0000
L-BFGS | iteration: 314, total loss=71081415147520.0000, content_loss=2713269335.9375, style loss=71078671875000.0000, tv loss=35367800.0000
L-BFGS | iteration: 315, total loss=70766615855104.0000, content_loss=2710833203.1250, style loss=70763873437500.0000, tv loss=35374720.0000
L-BFGS | iteration: 316, total loss=70281292939264.0000, content_loss=2709995898.4375, style loss=70278548437500.0000, tv loss=35393464.0000
L-BFGS | iteration: 317, total loss=69637978980352.0000, content_loss=2709136718.7500, style loss=69635235937500.0000, tv loss=35398944.0000
L-BFGS | iteration: 318, total loss=68764825550848.0000, content_loss=2711866210.9375, style loss=68762076562500.0000, tv loss=35397296.0000
L-BFGS | iteration: 319, total loss=68159260327936.0000, content_loss=2714035546.8750, style loss=68156512500000.0000, tv loss=35407980.0000
L-BFGS | iteration: 320, total loss=67776089686016.0000, content_loss=2707444921.8750, style loss=67773346875000.0000, tv loss=35394504.0000
L-BFGS | iteration: 321, total loss=67152665116672.0000, content_loss=2710401562.5000, style loss=67149923437500.0000, tv loss=35373536.0000
L-BFGS | iteration: 322, total loss=66668659212288.0000, content_loss=2712321289.0625, style loss=66665910937500.0000, tv loss=35422168.0000
L-BFGS | iteration: 323, total loss=66227078692864.0000, content_loss=2710894335.9375, style loss=66224334375000.0000, tv loss=35432864.0000
L-BFGS | iteration: 324, total loss=65491561349120.0000, content_loss=2712076757.8125, style loss=65488814062500.0000, tv loss=35453708.0000
L-BFGS | iteration: 325, total loss=64580596269056.0000, content_loss=2712365234.3750, style loss=64577850000000.0000, tv loss=35440080.0000
L-BFGS | iteration: 326, total loss=64008505786368.0000, content_loss=2707823242.1875, style loss=64005764062500.0000, tv loss=35421880.0000
L-BFGS | iteration: 327, total loss=63343284977664.0000, content_loss=2711891796.8750, style loss=63340537500000.0000, tv loss=35405792.0000
L-BFGS | iteration: 328, total loss=62973225730048.0000, content_loss=2711009375.0000, style loss=62970482812500.0000, tv loss=35425448.0000
L-BFGS | iteration: 329, total loss=62420374519808.0000, content_loss=2711220703.1250, style loss=62417629687500.0000, tv loss=35456736.0000
L-BFGS | iteration: 330, total loss=61886905188352.0000, content_loss=2709316601.5625, style loss=61884164062500.0000, tv loss=35468752.0000
L-BFGS | iteration: 331, total loss=61175903551488.0000, content_loss=2712103515.6250, style loss=61173154687500.0000, tv loss=35476152.0000
L-BFGS | iteration: 332, total loss=60639456264192.0000, content_loss=2710695117.1875, style loss=60636712500000.0000, tv loss=35463236.0000
L-BFGS | iteration: 333, total loss=60003088072704.0000, content_loss=2711432421.8750, style loss=60000346875000.0000, tv loss=35452928.0000
L-BFGS | iteration: 334, total loss=59515311489024.0000, content_loss=2708736132.8125, style loss=59512570312500.0000, tv loss=35443416.0000
L-BFGS | iteration: 335, total loss=58931422429184.0000, content_loss=2712623046.8750, style loss=58928676562500.0000, tv loss=35435464.0000
L-BFGS | iteration: 336, total loss=58524411363328.0000, content_loss=2711184570.3125, style loss=58521670312500.0000, tv loss=35469836.0000
L-BFGS | iteration: 337, total loss=58155102896128.0000, content_loss=2712771484.3750, style loss=58152356250000.0000, tv loss=35489672.0000
L-BFGS | iteration: 338, total loss=57862151733248.0000, content_loss=2707215820.3125, style loss=57859410937500.0000, tv loss=35490144.0000
L-BFGS | iteration: 339, total loss=57404200845312.0000, content_loss=2710769921.8750, style loss=57401456250000.0000, tv loss=35476780.0000
L-BFGS | iteration: 340, total loss=57084792012800.0000, content_loss=2711795703.1250, style loss=57082045312500.0000, tv loss=35477552.0000
L-BFGS | iteration: 341, total loss=56531026444288.0000, content_loss=2710657617.1875, style loss=56528282812500.0000, tv loss=35469008.0000
L-BFGS | iteration: 342, total loss=55810017198080.0000, content_loss=2711159375.0000, style loss=55807275000000.0000, tv loss=35477608.0000
L-BFGS | iteration: 343, total loss=55222449733632.0000, content_loss=2713176953.1250, style loss=55219701562500.0000, tv loss=35460944.0000
L-BFGS | iteration: 344, total loss=55736340054016.0000, content_loss=2703939453.1250, style loss=55733601562500.0000, tv loss=35493152.0000
L-BFGS | iteration: 345, total loss=54892462866432.0000, content_loss=2709793750.0000, style loss=54889720312500.0000, tv loss=35473872.0000
L-BFGS | iteration: 346, total loss=54563281305600.0000, content_loss=2711700390.6250, style loss=54560535937500.0000, tv loss=35508320.0000
L-BFGS | iteration: 347, total loss=54180785946624.0000, content_loss=2711712890.6250, style loss=54178040625000.0000, tv loss=35498040.0000
L-BFGS | iteration: 348, total loss=53491808600064.0000, content_loss=2709529296.8750, style loss=53489067187500.0000, tv loss=35479108.0000
L-BFGS | iteration: 349, total loss=52944548397056.0000, content_loss=2713700195.3125, style loss=52941801562500.0000, tv loss=35467304.0000
L-BFGS | iteration: 350, total loss=52780874072064.0000, content_loss=2708705273.4375, style loss=52778132812500.0000, tv loss=35479932.0000
L-BFGS | iteration: 351, total loss=52350752391168.0000, content_loss=2711503125.0000, style loss=52348007812500.0000, tv loss=35487864.0000
L-BFGS | iteration: 352, total loss=52059189542912.0000, content_loss=2711877343.7500, style loss=52056440625000.0000, tv loss=35490136.0000
L-BFGS | iteration: 353, total loss=51618112339968.0000, content_loss=2708301757.8125, style loss=51615370312500.0000, tv loss=35496180.0000
L-BFGS | iteration: 354, total loss=50992745807872.0000, content_loss=2714446679.6875, style loss=50989996875000.0000, tv loss=35490408.0000
L-BFGS | iteration: 355, total loss=50753842446336.0000, content_loss=2712379882.8125, style loss=50751093750000.0000, tv loss=35485892.0000
L-BFGS | iteration: 356, total loss=50487038574592.0000, content_loss=2709608593.7500, style loss=50484295312500.0000, tv loss=35482948.0000
L-BFGS | iteration: 357, total loss=50211137257472.0000, content_loss=2710291406.2500, style loss=50208393750000.0000, tv loss=35479352.0000
L-BFGS | iteration: 358, total loss=49665831600128.0000, content_loss=2710886523.4375, style loss=49663087500000.0000, tv loss=35484192.0000
L-BFGS | iteration: 359, total loss=49101899038720.0000, content_loss=2712704882.8125, style loss=49099153125000.0000, tv loss=35475456.0000
L-BFGS | iteration: 360, total loss=48718749368320.0000, content_loss=2712048242.1875, style loss=48716001562500.0000, tv loss=35493324.0000
L-BFGS | iteration: 361, total loss=48182792814592.0000, content_loss=2713189648.4375, style loss=48180046875000.0000, tv loss=35502576.0000
L-BFGS | iteration: 362, total loss=48402192662528.0000, content_loss=2704659179.6875, style loss=48399454687500.0000, tv loss=35493576.0000
L-BFGS | iteration: 363, total loss=47952500359168.0000, content_loss=2709794335.9375, style loss=47949759375000.0000, tv loss=35498040.0000
L-BFGS | iteration: 364, total loss=47604868055040.0000, content_loss=2710345507.8125, style loss=47602125000000.0000, tv loss=35488172.0000
L-BFGS | iteration: 365, total loss=47244371820544.0000, content_loss=2711065429.6875, style loss=47241628125000.0000, tv loss=35488592.0000
L-BFGS | iteration: 366, total loss=46784957120512.0000, content_loss=2712032617.1875, style loss=46782210937500.0000, tv loss=35490200.0000
L-BFGS | iteration: 367, total loss=46314951802880.0000, content_loss=2710676367.1875, style loss=46312209375000.0000, tv loss=35493832.0000
L-BFGS | iteration: 368, total loss=45858385035264.0000, content_loss=2713151367.1875, style loss=45855637500000.0000, tv loss=35501352.0000
L-BFGS | iteration: 369, total loss=45592734597120.0000, content_loss=2709456250.0000, style loss=45589992187500.0000, tv loss=35504328.0000
L-BFGS | iteration: 370, total loss=45140232110080.0000, content_loss=2710436718.7500, style loss=45137489062500.0000, tv loss=35493856.0000
L-BFGS | iteration: 371, total loss=44836430282752.0000, content_loss=2710678125.0000, style loss=44833687500000.0000, tv loss=35495784.0000
L-BFGS | iteration: 372, total loss=44473237110784.0000, content_loss=2713640039.0625, style loss=44470490625000.0000, tv loss=35495984.0000
L-BFGS | iteration: 373, total loss=44157376659456.0000, content_loss=2711220507.8125, style loss=44154632812500.0000, tv loss=35484824.0000
L-BFGS | iteration: 374, total loss=43769642614784.0000, content_loss=2712539062.5000, style loss=43766896875000.0000, tv loss=35472824.0000
L-BFGS | iteration: 375, total loss=43457468956672.0000, content_loss=2711883398.4375, style loss=43454723437500.0000, tv loss=35486676.0000
L-BFGS | iteration: 376, total loss=42940281913344.0000, content_loss=2710783203.1250, style loss=42937537500000.0000, tv loss=35497936.0000
L-BFGS | iteration: 377, total loss=42625679753216.0000, content_loss=2713797656.2500, style loss=42622931250000.0000, tv loss=35508340.0000
L-BFGS | iteration: 378, total loss=42554619854848.0000, content_loss=2707907812.5000, style loss=42551878125000.0000, tv loss=35489520.0000
L-BFGS | iteration: 379, total loss=42418242060288.0000, content_loss=2710599804.6875, style loss=42415500000000.0000, tv loss=35496952.0000
L-BFGS | iteration: 380, total loss=42217607528448.0000, content_loss=2710645312.5000, style loss=42214865625000.0000, tv loss=35470280.0000
L-BFGS | iteration: 381, total loss=41909821112320.0000, content_loss=2711719140.6250, style loss=41907075000000.0000, tv loss=35468128.0000
L-BFGS | iteration: 382, total loss=41446228885504.0000, content_loss=2712358593.7500, style loss=41443481250000.0000, tv loss=35476420.0000
L-BFGS | iteration: 383, total loss=41009069162496.0000, content_loss=2715503125.0000, style loss=41006320312500.0000, tv loss=35482464.0000
L-BFGS | iteration: 384, total loss=40919952785408.0000, content_loss=2709540234.3750, style loss=40917210937500.0000, tv loss=35469472.0000
L-BFGS | iteration: 385, total loss=40814851915776.0000, content_loss=2712121875.0000, style loss=40812103125000.0000, tv loss=35474312.0000
L-BFGS | iteration: 386, total loss=40606508253184.0000, content_loss=2711245312.5000, style loss=40603767187500.0000, tv loss=35465816.0000
L-BFGS | iteration: 387, total loss=40284167602176.0000, content_loss=2711103515.6250, style loss=40281426562500.0000, tv loss=35472976.0000
L-BFGS | iteration: 388, total loss=39810479685632.0000, content_loss=2711125390.6250, style loss=39807735937500.0000, tv loss=35473344.0000
L-BFGS | iteration: 389, total loss=39432312848384.0000, content_loss=2713854101.5625, style loss=39429567187500.0000, tv loss=35473252.0000
L-BFGS | iteration: 390, total loss=39187214499840.0000, content_loss=2712328515.6250, style loss=39184467187500.0000, tv loss=35463524.0000
L-BFGS | iteration: 391, total loss=38995316703232.0000, content_loss=2712921679.6875, style loss=38992567968750.0000, tv loss=35451732.0000
L-BFGS | iteration: 392, total loss=38990279344128.0000, content_loss=2708528320.3125, style loss=38987538281250.0000, tv loss=35452280.0000
L-BFGS | iteration: 393, total loss=38844875407360.0000, content_loss=2710797851.5625, style loss=38842132031250.0000, tv loss=35451696.0000
L-BFGS | iteration: 394, total loss=38625316175872.0000, content_loss=2711881445.3125, style loss=38622569531250.0000, tv loss=35459404.0000
L-BFGS | iteration: 395, total loss=38400925106176.0000, content_loss=2712604882.8125, style loss=38398178906250.0000, tv loss=35458512.0000
L-BFGS | iteration: 396, total loss=38095663661056.0000, content_loss=2711797851.5625, style loss=38092917187500.0000, tv loss=35455536.0000
L-BFGS | iteration: 397, total loss=37646613086208.0000, content_loss=2711328320.3125, style loss=37643868750000.0000, tv loss=35449008.0000
L-BFGS | iteration: 398, total loss=37282019016704.0000, content_loss=2714253125.0000, style loss=37279272656250.0000, tv loss=35445388.0000
L-BFGS | iteration: 399, total loss=37496024989696.0000, content_loss=2707507812.5000, style loss=37493280468750.0000, tv loss=35438216.0000
L-BFGS | iteration: 400, total loss=37117400973312.0000, content_loss=2711672265.6250, style loss=37114654687500.0000, tv loss=35441672.0000
L-BFGS | iteration: 401, total loss=36959397347328.0000, content_loss=2711654296.8750, style loss=36956648437500.0000, tv loss=35438560.0000
L-BFGS | iteration: 402, total loss=36680216084480.0000, content_loss=2711435937.5000, style loss=36677475000000.0000, tv loss=35435448.0000
L-BFGS | iteration: 403, total loss=36336199270400.0000, content_loss=2712532226.5625, style loss=36333450000000.0000, tv loss=35437296.0000
L-BFGS | iteration: 404, total loss=36022847012864.0000, content_loss=2711379101.5625, style loss=36020104687500.0000, tv loss=35429984.0000
L-BFGS | iteration: 405, total loss=35726989197312.0000, content_loss=2712774609.3750, style loss=35724243750000.0000, tv loss=35435168.0000
L-BFGS | iteration: 406, total loss=35812091625472.0000, content_loss=2709033984.3750, style loss=35809350000000.0000, tv loss=35437756.0000
L-BFGS | iteration: 407, total loss=35632520888320.0000, content_loss=2711345898.4375, style loss=35629778906250.0000, tv loss=35435980.0000
L-BFGS | iteration: 408, total loss=35391608455168.0000, content_loss=2712062695.3125, style loss=35388862500000.0000, tv loss=35432964.0000
L-BFGS | iteration: 409, total loss=35023057059840.0000, content_loss=2712212304.6875, style loss=35020310156250.0000, tv loss=35427848.0000
L-BFGS | iteration: 410, total loss=34649071943680.0000, content_loss=2713618945.3125, style loss=34646322656250.0000, tv loss=35408072.0000
L-BFGS | iteration: 411, total loss=34459527151616.0000, content_loss=2709235546.8750, style loss=34456781250000.0000, tv loss=35414444.0000
L-BFGS | iteration: 412, total loss=34316465733632.0000, content_loss=2712190039.0625, style loss=34313718750000.0000, tv loss=35421436.0000
L-BFGS | iteration: 413, total loss=34089553887232.0000, content_loss=2711350585.9375, style loss=34086806250000.0000, tv loss=35407508.0000
L-BFGS | iteration: 414, total loss=33946297434112.0000, content_loss=2712005664.0625, style loss=33943549218750.0000, tv loss=35401640.0000
L-BFGS | iteration: 415, total loss=33755225915392.0000, content_loss=2711480078.1250, style loss=33752479687500.0000, tv loss=35396900.0000
L-BFGS | iteration: 416, total loss=33449595371520.0000, content_loss=2711953125.0000, style loss=33446847656250.0000, tv loss=35392876.0000
L-BFGS | iteration: 417, total loss=33063358693376.0000, content_loss=2712272070.3125, style loss=33060611718750.0000, tv loss=35398240.0000
L-BFGS | iteration: 418, total loss=32789357395968.0000, content_loss=2711461718.7500, style loss=32786610937500.0000, tv loss=35382736.0000
L-BFGS | iteration: 419, total loss=32735561252864.0000, content_loss=2708187109.3750, style loss=32732817187500.0000, tv loss=35389208.0000
L-BFGS | iteration: 420, total loss=32575993151488.0000, content_loss=2710131054.6875, style loss=32573247656250.0000, tv loss=35385816.0000
L-BFGS | iteration: 421, total loss=32349486055424.0000, content_loss=2713567968.7500, style loss=32346735937500.0000, tv loss=35385000.0000
L-BFGS | iteration: 422, total loss=32231131185152.0000, content_loss=2709912695.3125, style loss=32228385937500.0000, tv loss=35363448.0000
L-BFGS | iteration: 423, total loss=32112006660096.0000, content_loss=2710450585.9375, style loss=32109262500000.0000, tv loss=35351824.0000
L-BFGS | iteration: 424, total loss=31934923145216.0000, content_loss=2710573437.5000, style loss=31932175781250.0000, tv loss=35359812.0000
L-BFGS | iteration: 425, total loss=31739294515200.0000, content_loss=2709627148.4375, style loss=31736550000000.0000, tv loss=35368836.0000
L-BFGS | iteration: 426, total loss=31501804634112.0000, content_loss=2713249804.6875, style loss=31499055468750.0000, tv loss=35373688.0000
L-BFGS | iteration: 427, total loss=31323907424256.0000, content_loss=2711858007.8125, style loss=31321160156250.0000, tv loss=35358056.0000
L-BFGS | iteration: 428, total loss=31153241194496.0000, content_loss=2709893554.6875, style loss=31150495312500.0000, tv loss=35338184.0000
L-BFGS | iteration: 429, total loss=30986857349120.0000, content_loss=2710468750.0000, style loss=30984112500000.0000, tv loss=35327488.0000
L-BFGS | iteration: 430, total loss=30748214034432.0000, content_loss=2710393554.6875, style loss=30745469531250.0000, tv loss=35326680.0000
L-BFGS | iteration: 431, total loss=30479398993920.0000, content_loss=2712016796.8750, style loss=30476650781250.0000, tv loss=35331112.0000
L-BFGS | iteration: 432, total loss=30331405074432.0000, content_loss=2710025781.2500, style loss=30328659375000.0000, tv loss=35323024.0000
L-BFGS | iteration: 433, total loss=30135575117824.0000, content_loss=2709969335.9375, style loss=30132829687500.0000, tv loss=35314112.0000
L-BFGS | iteration: 434, total loss=30061245759488.0000, content_loss=2707557421.8750, style loss=30058502343750.0000, tv loss=35305112.0000
L-BFGS | iteration: 435, total loss=29970627821568.0000, content_loss=2708950781.2500, style loss=29967883593750.0000, tv loss=35308344.0000
L-BFGS | iteration: 436, total loss=29776051961856.0000, content_loss=2711556445.3125, style loss=29773305468750.0000, tv loss=35311080.0000
L-BFGS | iteration: 437, total loss=29659546779648.0000, content_loss=2710053906.2500, style loss=29656802343750.0000, tv loss=35307920.0000
L-BFGS | iteration: 438, total loss=29495442538496.0000, content_loss=2710862304.6875, style loss=29492695312500.0000, tv loss=35302744.0000
L-BFGS | iteration: 439, total loss=29268308393984.0000, content_loss=2711078906.2500, style loss=29265560156250.0000, tv loss=35291048.0000
L-BFGS | iteration: 440, total loss=28947190382592.0000, content_loss=2710933398.4375, style loss=28944442968750.0000, tv loss=35280012.0000
L-BFGS | iteration: 441, total loss=28701146218496.0000, content_loss=2711391015.6250, style loss=28698398437500.0000, tv loss=35276160.0000
L-BFGS | iteration: 442, total loss=28521520955392.0000, content_loss=2711304492.1875, style loss=28518773437500.0000, tv loss=35273108.0000
L-BFGS | iteration: 443, total loss=28381617848320.0000, content_loss=2711004492.1875, style loss=28378870312500.0000, tv loss=35269352.0000
L-BFGS | iteration: 444, total loss=28186050035712.0000, content_loss=2709551171.8750, style loss=28183305468750.0000, tv loss=35259960.0000
L-BFGS | iteration: 445, total loss=28089413271552.0000, content_loss=2712108789.0625, style loss=28086665625000.0000, tv loss=35256040.0000
L-BFGS | iteration: 446, total loss=28058692091904.0000, content_loss=2708183007.8125, style loss=28055948437500.0000, tv loss=35251240.0000
L-BFGS | iteration: 447, total loss=27977718956032.0000, content_loss=2710046093.7500, style loss=27974974218750.0000, tv loss=35253108.0000
L-BFGS | iteration: 448, total loss=27845705334784.0000, content_loss=2710518359.3750, style loss=27842960156250.0000, tv loss=35252680.0000
L-BFGS | iteration: 449, total loss=27719349829632.0000, content_loss=2710186328.1250, style loss=27716603906250.0000, tv loss=35246740.0000
L-BFGS | iteration: 450, total loss=27487805374464.0000, content_loss=2710122460.9375, style loss=27485060156250.0000, tv loss=35237624.0000
L-BFGS | iteration: 451, total loss=27232311443456.0000, content_loss=2710862695.3125, style loss=27229563281250.0000, tv loss=35230016.0000
L-BFGS | iteration: 452, total loss=27005986799616.0000, content_loss=2710446093.7500, style loss=27003241406250.0000, tv loss=35224488.0000
L-BFGS | iteration: 453, total loss=26702616985600.0000, content_loss=2711019335.9375, style loss=26699868750000.0000, tv loss=35212296.0000
L-BFGS | iteration: 454, total loss=27038213734400.0000, content_loss=2705141796.8750, style loss=27035472656250.0000, tv loss=35202544.0000
L-BFGS | iteration: 455, total loss=26626414870528.0000, content_loss=2709334765.6250, style loss=26623668750000.0000, tv loss=35208512.0000
L-BFGS | iteration: 456, total loss=26458271514624.0000, content_loss=2709823437.5000, style loss=26455525781250.0000, tv loss=35207188.0000
L-BFGS | iteration: 457, total loss=26271887130624.0000, content_loss=2710129492.1875, style loss=26269141406250.0000, tv loss=35197968.0000
L-BFGS | iteration: 458, total loss=26099545276416.0000, content_loss=2711109570.3125, style loss=26096798437500.0000, tv loss=35190248.0000
L-BFGS | iteration: 459, total loss=25944874024960.0000, content_loss=2710273437.5000, style loss=25942129687500.0000, tv loss=35186312.0000
L-BFGS | iteration: 460, total loss=25742201061376.0000, content_loss=2711695117.1875, style loss=25739453906250.0000, tv loss=35183484.0000
L-BFGS | iteration: 461, total loss=25626027229184.0000, content_loss=2709274218.7500, style loss=25623281250000.0000, tv loss=35168984.0000
L-BFGS | iteration: 462, total loss=25548403245056.0000, content_loss=2711636914.0625, style loss=25545656250000.0000, tv loss=35166576.0000
L-BFGS | iteration: 463, total loss=25403429224448.0000, content_loss=2710805664.0625, style loss=25400681250000.0000, tv loss=35164124.0000
L-BFGS | iteration: 464, total loss=25292286459904.0000, content_loss=2709274414.0625, style loss=25289540625000.0000, tv loss=35158844.0000
L-BFGS | iteration: 465, total loss=25152985235456.0000, content_loss=2711071484.3750, style loss=25150237500000.0000, tv loss=35158504.0000
L-BFGS | iteration: 466, total loss=24995034038272.0000, content_loss=2710814453.1250, style loss=24992287500000.0000, tv loss=35147344.0000
L-BFGS | iteration: 467, total loss=24778700226560.0000, content_loss=2710389453.1250, style loss=24775954687500.0000, tv loss=35136192.0000
L-BFGS | iteration: 468, total loss=24561936498688.0000, content_loss=2711881054.6875, style loss=24559188281250.0000, tv loss=35126544.0000
L-BFGS | iteration: 469, total loss=24414238277632.0000, content_loss=2710419335.9375, style loss=24411492187500.0000, tv loss=35124648.0000
L-BFGS | iteration: 470, total loss=24271797616640.0000, content_loss=2712060156.2500, style loss=24269050781250.0000, tv loss=35121624.0000
L-BFGS | iteration: 471, total loss=24432579969024.0000, content_loss=2708551171.8750, style loss=24429834375000.0000, tv loss=35100696.0000
L-BFGS | iteration: 472, total loss=24187217379328.0000, content_loss=2710923437.5000, style loss=24184469531250.0000, tv loss=35112312.0000
L-BFGS | iteration: 473, total loss=24095766872064.0000, content_loss=2711498828.1250, style loss=24093018750000.0000, tv loss=35103932.0000
L-BFGS | iteration: 474, total loss=23949131907072.0000, content_loss=2711506445.3125, style loss=23946384375000.0000, tv loss=35092496.0000
L-BFGS | iteration: 475, total loss=23753857695744.0000, content_loss=2711462695.3125, style loss=23751110156250.0000, tv loss=35084392.0000
L-BFGS | iteration: 476, total loss=23543389618176.0000, content_loss=2712207226.5625, style loss=23540641406250.0000, tv loss=35074952.0000
L-BFGS | iteration: 477, total loss=23410562301952.0000, content_loss=2709783789.0625, style loss=23407816406250.0000, tv loss=35068480.0000
