C:\Users\user\AppData\Roaming\Python\Python313\site-packages\torchvision\models\_utils.py:208: UserWarning: The parameter 'pretrained' is deprecated since 0.13 and may be removed in the future, please use 'weights' instead.
  warnings.warn(
C:\Users\user\AppData\Roaming\Python\Python313\site-packages\torchvision\models\_utils.py:223: UserWarning: Arguments other than a weight enum or `None` for 'weights' are deprecated since 0.13 and may be removed in the future. The current behavior is equivalent to passing `weights=VGG19_Weights.IMAGENET1K_V1`. You can also use `weights=VGG19_Weights.DEFAULT` to get the most up-to-date weights.
  warnings.warn(msg)
Using VGG19 in the optimization procedure.
L-BFGS | iteration: 000, total loss=98832136693350400.0000, content_loss=      0.0000, style loss=98832134400000000.0000, tv loss=13714633.0000
L-BFGS | iteration: 001, total loss=98832102333612032.0000, content_loss=     60.9525, style loss=98832105600000000.0000, tv loss=13714633.0000
L-BFGS | iteration: 002, total loss=98832042204069888.0000, content_loss=     87.8466, style loss=98832038400000000.0000, tv loss=13714639.0000
L-BFGS | iteration: 003, total loss=98831569757667328.0000, content_loss=    107.3566, style loss=98831568000000000.0000, tv loss=13714664.0000
L-BFGS | iteration: 004, total loss=98828958417551360.0000, content_loss=    151.3369, style loss=98828956800000000.0000, tv loss=13714801.0000
L-BFGS | iteration: 005, total loss=98814140780380160.0000, content_loss=    454.0698, style loss=98814144000000000.0000, tv loss=13715557.0000
L-BFGS | iteration: 006, total loss=98733464114692096.0000, content_loss=   7536.0157, style loss=98733465600000000.0000, tv loss=13719719.0000
L-BFGS | iteration: 007, total loss=98290893504643072.0000, content_loss= 205259.1085, style loss=98290896000000000.0000, tv loss=13742628.0000
L-BFGS | iteration: 008, total loss=95956819297435648.0000, content_loss=4489700.3174, style loss=95956819200000000.0000, tv loss=13871899.0000
L-BFGS | iteration: 009, total loss=85833478301548544.0000, content_loss=72152178.9551, style loss=85833475200000000.0000, tv loss=14761807.0000
L-BFGS | iteration: 010, total loss=40941221698338816.0000, content_loss=580968017.5781, style loss=40941220800000000.0000, tv loss=21734030.0000
L-BFGS | iteration: 011, total loss=332847527214710784.0000, content_loss=2304383203.1250, style loss=332847513600000000.0000, tv loss=42395336.0000
L-BFGS | iteration: 012, total loss=25543111107149824.0000, content_loss=985932714.8438, style loss=25543111200000000.0000, tv loss=26807964.0000
L-BFGS | iteration: 013, total loss=17125857822769152.0000, content_loss=1163152636.7188, style loss=17125856400000000.0000, tv loss=28709310.0000
L-BFGS | iteration: 014, total loss=9916382628020224.0000, content_loss=1313756152.3438, style loss=9916381800000000.0000, tv loss=31281116.0000
L-BFGS | iteration: 015, total loss=5573708982779904.0000, content_loss=1421957910.1562, style loss=5573707200000000.0000, tv loss=34059808.0000
L-BFGS | iteration: 016, total loss=3197013667610624.0000, content_loss=1498976757.8125, style loss=3197012100000000.0000, tv loss=36158396.0000
L-BFGS | iteration: 017, total loss=3247467990614016.0000, content_loss=1640759375.0000, style loss=3247466400000000.0000, tv loss=38028336.0000
L-BFGS | iteration: 018, total loss=2721368319721472.0000, content_loss=1567736621.0938, style loss=2721366600000000.0000, tv loss=37071168.0000
L-BFGS | iteration: 019, total loss=2132467502809088.0000, content_loss=1582709472.6562, style loss=2132465850000000.0000, tv loss=37093256.0000
L-BFGS | iteration: 020, total loss=1704266779590656.0000, content_loss=1668677734.3750, style loss=1704265200000000.0000, tv loss=37500340.0000
L-BFGS | iteration: 021, total loss=1367781861752832.0000, content_loss=1772399414.0625, style loss=1367780100000000.0000, tv loss=38295084.0000
L-BFGS | iteration: 022, total loss=1056198962970624.0000, content_loss=1881634765.6250, style loss=1056197025000000.0000, tv loss=39167344.0000
L-BFGS | iteration: 023, total loss=896829570940928.0000, content_loss=1932518554.6875, style loss=896827575000000.0000, tv loss=39501636.0000
L-BFGS | iteration: 024, total loss=805672245526528.0000, content_loss=1936348437.5000, style loss=805670250000000.0000, tv loss=39735776.0000
L-BFGS | iteration: 025, total loss=739840664535040.0000, content_loss=1917196875.0000, style loss=739838625000000.0000, tv loss=39624592.0000
L-BFGS | iteration: 026, total loss=727019448958976.0000, content_loss=1970926953.1250, style loss=727017450000000.0000, tv loss=40423832.0000
L-BFGS | iteration: 027, total loss=692582938050560.0000, content_loss=1947155664.0625, style loss=692580900000000.0000, tv loss=40060816.0000
L-BFGS | iteration: 028, total loss=637472534953984.0000, content_loss=1959573242.1875, style loss=637470525000000.0000, tv loss=40118996.0000
L-BFGS | iteration: 029, total loss=560094404149248.0000, content_loss=1978234375.0000, style loss=560092387500000.0000, tv loss=40256156.0000
L-BFGS | iteration: 030, total loss=490586129825792.0000, content_loss=1984505468.7500, style loss=490584112500000.0000, tv loss=40488952.0000
L-BFGS | iteration: 031, total loss=404053678882816.0000, content_loss=1986814062.5000, style loss=404051662500000.0000, tv loss=40605616.0000
L-BFGS | iteration: 032, total loss=478410132422656.0000, content_loss=2038987890.6250, style loss=478408050000000.0000, tv loss=41610952.0000
L-BFGS | iteration: 033, total loss=379368387903488.0000, content_loss=2006790625.0000, style loss=379366350000000.0000, tv loss=40944112.0000
L-BFGS | iteration: 034, total loss=345706179067904.0000, content_loss=2029455273.4375, style loss=345704137500000.0000, tv loss=40983584.0000
L-BFGS | iteration: 035, total loss=317092066754560.0000, content_loss=2046543554.6875, style loss=317089987500000.0000, tv loss=41228184.0000
L-BFGS | iteration: 036, total loss=293059375923200.0000, content_loss=2052958593.7500, style loss=293057287500000.0000, tv loss=41242520.0000
L-BFGS | iteration: 037, total loss=272146391629824.0000, content_loss=2065603710.9375, style loss=272144287500000.0000, tv loss=41447996.0000
L-BFGS | iteration: 038, total loss=239451355742208.0000, content_loss=2087921679.6875, style loss=239449237500000.0000, tv loss=41569456.0000
L-BFGS | iteration: 039, total loss=225378962505728.0000, content_loss=2096936132.8125, style loss=225376837500000.0000, tv loss=41728032.0000
L-BFGS | iteration: 040, total loss=204603383611392.0000, content_loss=2103354687.5000, style loss=204601256250000.0000, tv loss=41678032.0000
L-BFGS | iteration: 041, total loss=201996674007040.0000, content_loss=2110588671.8750, style loss=201994518750000.0000, tv loss=41922920.0000
L-BFGS | iteration: 042, total loss=194740309983232.0000, content_loss=2107500781.2500, style loss=194738156250000.0000, tv loss=41803300.0000
L-BFGS | iteration: 043, total loss=184542178574336.0000, content_loss=2108724218.7500, style loss=184540031250000.0000, tv loss=41754384.0000
L-BFGS | iteration: 044, total loss=173603349856256.0000, content_loss=2116616796.8750, style loss=173601206250000.0000, tv loss=41861612.0000
L-BFGS | iteration: 045, total loss=163348125581312.0000, content_loss=2118077343.7500, style loss=163345968750000.0000, tv loss=41960212.0000
L-BFGS | iteration: 046, total loss=151177228451840.0000, content_loss=2135700390.6250, style loss=151175053125000.0000, tv loss=42045992.0000
L-BFGS | iteration: 047, total loss=144066926870528.0000, content_loss=2138958789.0625, style loss=144064753125000.0000, tv loss=42213648.0000
L-BFGS | iteration: 048, total loss=140371803766784.0000, content_loss=2138556054.6875, style loss=140369625000000.0000, tv loss=42037200.0000
L-BFGS | iteration: 049, total loss=133034254794752.0000, content_loss=2148357226.5625, style loss=133032065625000.0000, tv loss=42137976.0000
L-BFGS | iteration: 050, total loss=129890137407488.0000, content_loss=2152507421.8750, style loss=129887943750000.0000, tv loss=42204728.0000
L-BFGS | iteration: 051, total loss=125495697997824.0000, content_loss=2154769531.2500, style loss=125493496875000.0000, tv loss=42248428.0000
L-BFGS | iteration: 052, total loss=116230899892224.0000, content_loss=2159977539.0625, style loss=116228700000000.0000, tv loss=42343688.0000
L-BFGS | iteration: 053, total loss=112442478690304.0000, content_loss=2168249218.7500, style loss=112440271875000.0000, tv loss=42444064.0000
L-BFGS | iteration: 054, total loss=104811714314240.0000, content_loss=2171696484.3750, style loss=104809500000000.0000, tv loss=42549404.0000
L-BFGS | iteration: 055, total loss=102133173059584.0000, content_loss=2169484765.6250, style loss=102130959375000.0000, tv loss=42470740.0000
L-BFGS | iteration: 056, total loss=99464991735808.0000, content_loss=2174358398.4375, style loss=99462778125000.0000, tv loss=42535912.0000
L-BFGS | iteration: 057, total loss=95158246834176.0000, content_loss=2183729296.8750, style loss=95156025000000.0000, tv loss=42663616.0000
L-BFGS | iteration: 058, total loss=90387544801280.0000, content_loss=2187854296.8750, style loss=90385312500000.0000, tv loss=42684940.0000
L-BFGS | iteration: 059, total loss=86239050989568.0000, content_loss=2190972656.2500, style loss=86236818750000.0000, tv loss=42779944.0000
L-BFGS | iteration: 060, total loss=83470181203968.0000, content_loss=2191693750.0000, style loss=83467950000000.0000, tv loss=42742264.0000
L-BFGS | iteration: 061, total loss=81248559038464.0000, content_loss=2197068750.0000, style loss=81246318750000.0000, tv loss=42840820.0000
L-BFGS | iteration: 062, total loss=78642486968320.0000, content_loss=2204851367.1875, style loss=78640237500000.0000, tv loss=42905412.0000
L-BFGS | iteration: 063, total loss=74429962911744.0000, content_loss=2212333007.8125, style loss=74427707812500.0000, tv loss=42968256.0000
L-BFGS | iteration: 064, total loss=72515816783872.0000, content_loss=2220940820.3125, style loss=72513548437500.0000, tv loss=42973024.0000
L-BFGS | iteration: 065, total loss=70354705842176.0000, content_loss=2220273828.1250, style loss=70352446875000.0000, tv loss=43018908.0000
L-BFGS | iteration: 066, total loss=68829526884352.0000, content_loss=2215127343.7500, style loss=68827270312500.0000, tv loss=42982644.0000
L-BFGS | iteration: 067, total loss=67411537559552.0000, content_loss=2215212890.6250, style loss=67409282812500.0000, tv loss=43049240.0000
L-BFGS | iteration: 068, total loss=65641193144320.0000, content_loss=2216452734.3750, style loss=65638935937500.0000, tv loss=43068940.0000
L-BFGS | iteration: 069, total loss=63552018710528.0000, content_loss=2215180664.0625, style loss=63549764062500.0000, tv loss=43085232.0000
L-BFGS | iteration: 070, total loss=62019248062464.0000, content_loss=2218146875.0000, style loss=62016989062500.0000, tv loss=43134664.0000
L-BFGS | iteration: 071, total loss=60330789044224.0000, content_loss=2219695507.8125, style loss=60328528125000.0000, tv loss=43169256.0000
L-BFGS | iteration: 072, total loss=58094990131200.0000, content_loss=2223372265.6250, style loss=58092726562500.0000, tv loss=43251752.0000
L-BFGS | iteration: 073, total loss=56498419924992.0000, content_loss=2228594140.6250, style loss=56496150000000.0000, tv loss=43259232.0000
L-BFGS | iteration: 074, total loss=55509214298112.0000, content_loss=2228864257.8125, style loss=55506946875000.0000, tv loss=43362016.0000
L-BFGS | iteration: 075, total loss=54392015290368.0000, content_loss=2226884179.6875, style loss=54389746875000.0000, tv loss=43325680.0000
L-BFGS | iteration: 076, total loss=53197561397248.0000, content_loss=2227514257.8125, style loss=53195292187500.0000, tv loss=43324752.0000
L-BFGS | iteration: 077, total loss=51573120040960.0000, content_loss=2230176953.1250, style loss=51570848437500.0000, tv loss=43358480.0000
L-BFGS | iteration: 078, total loss=50738185109504.0000, content_loss=2233009179.6875, style loss=50735910937500.0000, tv loss=43400652.0000
L-BFGS | iteration: 079, total loss=49012942045184.0000, content_loss=2235626757.8125, style loss=49010662500000.0000, tv loss=43417872.0000
L-BFGS | iteration: 080, total loss=48277269512192.0000, content_loss=2237334765.6250, style loss=48274992187500.0000, tv loss=43447584.0000
L-BFGS | iteration: 081, total loss=47376479813632.0000, content_loss=2238632812.5000, style loss=47374200000000.0000, tv loss=43444288.0000
L-BFGS | iteration: 082, total loss=47388685238272.0000, content_loss=2240120312.5000, style loss=47386401562500.0000, tv loss=43573820.0000
L-BFGS | iteration: 083, total loss=46724110352384.0000, content_loss=2239691406.2500, style loss=46721826562500.0000, tv loss=43509932.0000
L-BFGS | iteration: 084, total loss=45800834990080.0000, content_loss=2240931445.3125, style loss=45798553125000.0000, tv loss=43514200.0000
L-BFGS | iteration: 085, total loss=44498000281600.0000, content_loss=2241541210.9375, style loss=44495718750000.0000, tv loss=43541624.0000
L-BFGS | iteration: 086, total loss=43471851225088.0000, content_loss=2248082617.1875, style loss=43469559375000.0000, tv loss=43593252.0000
L-BFGS | iteration: 087, total loss=42731615289344.0000, content_loss=2249161523.4375, style loss=42729323437500.0000, tv loss=43630076.0000
L-BFGS | iteration: 088, total loss=41788484091904.0000, content_loss=2250550390.6250, style loss=41786189062500.0000, tv loss=43646164.0000
L-BFGS | iteration: 089, total loss=41539791224832.0000, content_loss=2252273632.8125, style loss=41537498437500.0000, tv loss=43762660.0000
L-BFGS | iteration: 090, total loss=40668558786560.0000, content_loss=2251335351.5625, style loss=40666265625000.0000, tv loss=43708920.0000
L-BFGS | iteration: 091, total loss=40065992491008.0000, content_loss=2250919140.6250, style loss=40063696875000.0000, tv loss=43704816.0000
L-BFGS | iteration: 092, total loss=38928652435456.0000, content_loss=2251541015.6250, style loss=38926357031250.0000, tv loss=43724988.0000
L-BFGS | iteration: 093, total loss=38845500358656.0000, content_loss=2251876953.1250, style loss=38843205468750.0000, tv loss=43824596.0000
L-BFGS | iteration: 094, total loss=38338127986688.0000, content_loss=2251745898.4375, style loss=38335835156250.0000, tv loss=43774448.0000
L-BFGS | iteration: 095, total loss=37714464342016.0000, content_loss=2253944726.5625, style loss=37712167968750.0000, tv loss=43815336.0000
L-BFGS | iteration: 096, total loss=37076447789056.0000, content_loss=2256207617.1875, style loss=37074147656250.0000, tv loss=43823760.0000
L-BFGS | iteration: 097, total loss=36286316412928.0000, content_loss=2259106640.6250, style loss=36284013281250.0000, tv loss=43856256.0000
L-BFGS | iteration: 098, total loss=35052043894784.0000, content_loss=2261040625.0000, style loss=35049738281250.0000, tv loss=43933788.0000
L-BFGS | iteration: 099, total loss=34417951113216.0000, content_loss=2265136328.1250, style loss=34415641406250.0000, tv loss=44000968.0000
L-BFGS | iteration: 100, total loss=33766762348544.0000, content_loss=2263120312.5000, style loss=33764456250000.0000, tv loss=44007736.0000
L-BFGS | iteration: 101, total loss=33390306787328.0000, content_loss=2261995117.1875, style loss=33388000781250.0000, tv loss=43996752.0000
L-BFGS | iteration: 102, total loss=33485553139712.0000, content_loss=2260383398.4375, style loss=33483248437500.0000, tv loss=44103168.0000
L-BFGS | iteration: 103, total loss=33101816266752.0000, content_loss=2261219335.9375, style loss=33099510937500.0000, tv loss=44046768.0000
L-BFGS | iteration: 104, total loss=32544026263552.0000, content_loss=2261979101.5625, style loss=32541719531250.0000, tv loss=44046228.0000
L-BFGS | iteration: 105, total loss=31759221653504.0000, content_loss=2264463281.2500, style loss=31756912500000.0000, tv loss=44082024.0000
L-BFGS | iteration: 106, total loss=31082233724928.0000, content_loss=2267224804.6875, style loss=31079922656250.0000, tv loss=44134672.0000
L-BFGS | iteration: 107, total loss=30608214458368.0000, content_loss=2270088085.9375, style loss=30605901562500.0000, tv loss=44152160.0000
L-BFGS | iteration: 108, total loss=30308890050560.0000, content_loss=2270421093.7500, style loss=30306574218750.0000, tv loss=44152688.0000
L-BFGS | iteration: 109, total loss=29986234826752.0000, content_loss=2270705078.1250, style loss=29983919531250.0000, tv loss=44232320.0000
L-BFGS | iteration: 110, total loss=29503432687616.0000, content_loss=2270953320.3125, style loss=29501116406250.0000, tv loss=44189800.0000
L-BFGS | iteration: 111, total loss=29196535463936.0000, content_loss=2271481445.3125, style loss=29194221093750.0000, tv loss=44206380.0000
L-BFGS | iteration: 112, total loss=28572815196160.0000, content_loss=2273079296.8750, style loss=28570497656250.0000, tv loss=44278224.0000
L-BFGS | iteration: 113, total loss=28263527219200.0000, content_loss=2274223632.8125, style loss=28261209375000.0000, tv loss=44291760.0000
L-BFGS | iteration: 114, total loss=27667380305920.0000, content_loss=2276442578.1250, style loss=27665060156250.0000, tv loss=44335600.0000
L-BFGS | iteration: 115, total loss=27018987044864.0000, content_loss=2281663671.8750, style loss=27016661718750.0000, tv loss=44408140.0000
L-BFGS | iteration: 116, total loss=26451696943104.0000, content_loss=2281951367.1875, style loss=26449371093750.0000, tv loss=44395068.0000
L-BFGS | iteration: 117, total loss=26187837472768.0000, content_loss=2282722460.9375, style loss=26185511718750.0000, tv loss=44435300.0000
L-BFGS | iteration: 118, total loss=25856340656128.0000, content_loss=2285232617.1875, style loss=25854011718750.0000, tv loss=44440084.0000
L-BFGS | iteration: 119, total loss=25504264486912.0000, content_loss=2284076757.8125, style loss=25501935937500.0000, tv loss=44470160.0000
L-BFGS | iteration: 120, total loss=25275423260672.0000, content_loss=2283608203.1250, style loss=25273094531250.0000, tv loss=44466892.0000
L-BFGS | iteration: 121, total loss=24940138987520.0000, content_loss=2284162500.0000, style loss=24937811718750.0000, tv loss=44492144.0000
L-BFGS | iteration: 122, total loss=24630349791232.0000, content_loss=2286674609.3750, style loss=24628019531250.0000, tv loss=44547244.0000
L-BFGS | iteration: 123, total loss=24253013426176.0000, content_loss=2287329296.8750, style loss=24250680468750.0000, tv loss=44550728.0000
L-BFGS | iteration: 124, total loss=23988031979520.0000, content_loss=2288313671.8750, style loss=23985700781250.0000, tv loss=44585680.0000
L-BFGS | iteration: 125, total loss=23779403104256.0000, content_loss=2289167187.5000, style loss=23777069531250.0000, tv loss=44584512.0000
L-BFGS | iteration: 126, total loss=23537490329600.0000, content_loss=2290687304.6875, style loss=23535157031250.0000, tv loss=44633248.0000
L-BFGS | iteration: 127, total loss=23212450643968.0000, content_loss=2291349609.3750, style loss=23210114062500.0000, tv loss=44642272.0000
L-BFGS | iteration: 128, total loss=22858635935744.0000, content_loss=2292289843.7500, style loss=22856299218750.0000, tv loss=44655020.0000
L-BFGS | iteration: 129, total loss=22572355813376.0000, content_loss=2291204687.5000, style loss=22570019531250.0000, tv loss=44716600.0000
L-BFGS | iteration: 130, total loss=22225086316544.0000, content_loss=2292240234.3750, style loss=22222750781250.0000, tv loss=44696868.0000
L-BFGS | iteration: 131, total loss=22018969829376.0000, content_loss=2293392382.8125, style loss=22016632031250.0000, tv loss=44726016.0000
L-BFGS | iteration: 132, total loss=21868228640768.0000, content_loss=2293073632.8125, style loss=21865891406250.0000, tv loss=44725136.0000
L-BFGS | iteration: 133, total loss=21619959398400.0000, content_loss=2292765234.3750, style loss=21617622656250.0000, tv loss=44748880.0000
L-BFGS | iteration: 134, total loss=21231537487872.0000, content_loss=2293588085.9375, style loss=21229200000000.0000, tv loss=44790380.0000
L-BFGS | iteration: 135, total loss=20959979372544.0000, content_loss=2293429492.1875, style loss=20957641406250.0000, tv loss=44814816.0000
L-BFGS | iteration: 136, total loss=20800937656320.0000, content_loss=2293959765.6250, style loss=20798599218750.0000, tv loss=44828548.0000
L-BFGS | iteration: 137, total loss=20443910111232.0000, content_loss=2296135546.8750, style loss=20441568750000.0000, tv loss=44869760.0000
L-BFGS | iteration: 138, total loss=20265438281728.0000, content_loss=2294779101.5625, style loss=20263099218750.0000, tv loss=44894416.0000
L-BFGS | iteration: 139, total loss=20024871878656.0000, content_loss=2295012500.0000, style loss=20022534375000.0000, tv loss=44923232.0000
L-BFGS | iteration: 140, total loss=19993123094528.0000, content_loss=2296502343.7500, style loss=19990783593750.0000, tv loss=44875552.0000
L-BFGS | iteration: 141, total loss=19776189497344.0000, content_loss=2295219921.8750, style loss=19773850781250.0000, tv loss=44913232.0000
L-BFGS | iteration: 142, total loss=19665503911936.0000, content_loss=2294653125.0000, style loss=19663164843750.0000, tv loss=44934520.0000
L-BFGS | iteration: 143, total loss=19482590314496.0000, content_loss=2294422460.9375, style loss=19480252734375.0000, tv loss=44954712.0000
L-BFGS | iteration: 144, total loss=19198583504896.0000, content_loss=2295308398.4375, style loss=19196244140625.0000, tv loss=44986956.0000
L-BFGS | iteration: 145, total loss=18883478028288.0000, content_loss=2296341992.1875, style loss=18881137500000.0000, tv loss=45037704.0000
L-BFGS | iteration: 146, total loss=18571453267968.0000, content_loss=2299155273.4375, style loss=18569111718750.0000, tv loss=45046704.0000
L-BFGS | iteration: 147, total loss=18447727591424.0000, content_loss=2299553320.3125, style loss=18445383984375.0000, tv loss=45061720.0000
L-BFGS | iteration: 148, total loss=18290109841408.0000, content_loss=2300258789.0625, style loss=18287764453125.0000, tv loss=45053104.0000
L-BFGS | iteration: 149, total loss=18137405718528.0000, content_loss=2300855859.3750, style loss=18135059765625.0000, tv loss=45105948.0000
L-BFGS | iteration: 150, total loss=17981872537600.0000, content_loss=2301088476.5625, style loss=17979525000000.0000, tv loss=45120112.0000
L-BFGS | iteration: 151, total loss=17713695031296.0000, content_loss=2302159960.9375, style loss=17711347265625.0000, tv loss=45142372.0000
L-BFGS | iteration: 152, total loss=17538486370304.0000, content_loss=2304038085.9375, style loss=17536137890625.0000, tv loss=45180672.0000
L-BFGS | iteration: 153, total loss=17362855133184.0000, content_loss=2305022656.2500, style loss=17360505468750.0000, tv loss=45186824.0000
L-BFGS | iteration: 154, total loss=17180116647936.0000, content_loss=2306106250.0000, style loss=17177765625000.0000, tv loss=45209376.0000
L-BFGS | iteration: 155, total loss=17072805380096.0000, content_loss=2306977343.7500, style loss=17070453515625.0000, tv loss=45202268.0000
L-BFGS | iteration: 156, total loss=16932941070336.0000, content_loss=2308075390.6250, style loss=16930587890625.0000, tv loss=45255120.0000
L-BFGS | iteration: 157, total loss=16779828002816.0000, content_loss=2307794531.2500, style loss=16777475390625.0000, tv loss=45246608.0000
L-BFGS | iteration: 158, total loss=16607250219008.0000, content_loss=2308184765.6250, style loss=16604896875000.0000, tv loss=45255320.0000
L-BFGS | iteration: 159, total loss=16403755171840.0000, content_loss=2309616210.9375, style loss=16401399609375.0000, tv loss=45281576.0000
L-BFGS | iteration: 160, total loss=16226344501248.0000, content_loss=2310388476.5625, style loss=16223989453125.0000, tv loss=45307328.0000
L-BFGS | iteration: 161, total loss=16085794422784.0000, content_loss=2311625390.6250, style loss=16083437109375.0000, tv loss=45327468.0000
L-BFGS | iteration: 162, total loss=15998918852608.0000, content_loss=2312141796.8750, style loss=15996561328125.0000, tv loss=45328624.0000
L-BFGS | iteration: 163, total loss=15890970050560.0000, content_loss=2312786132.8125, style loss=15888611718750.0000, tv loss=45366048.0000
L-BFGS | iteration: 164, total loss=15745234763776.0000, content_loss=2313728320.3125, style loss=15742875000000.0000, tv loss=45360688.0000
L-BFGS | iteration: 165, total loss=15599952461824.0000, content_loss=2313750195.3125, style loss=15597592968750.0000, tv loss=45372100.0000
L-BFGS | iteration: 166, total loss=15438771650560.0000, content_loss=2313844531.2500, style loss=15436412109375.0000, tv loss=45390968.0000
L-BFGS | iteration: 167, total loss=15307255054336.0000, content_loss=2313559765.6250, style loss=15304897265625.0000, tv loss=45399376.0000
L-BFGS | iteration: 168, total loss=15203355852800.0000, content_loss=2314024609.3750, style loss=15200996484375.0000, tv loss=45420688.0000
L-BFGS | iteration: 169, total loss=15085255786496.0000, content_loss=2314440234.3750, style loss=15082896093750.0000, tv loss=45423184.0000
L-BFGS | iteration: 170, total loss=14998029991936.0000, content_loss=2314746289.0625, style loss=14995669921875.0000, tv loss=45451576.0000
L-BFGS | iteration: 171, total loss=14865246715904.0000, content_loss=2314759960.9375, style loss=14862885937500.0000, tv loss=45459108.0000
L-BFGS | iteration: 172, total loss=14675294027776.0000, content_loss=2315164648.4375, style loss=14672933203125.0000, tv loss=45477300.0000
L-BFGS | iteration: 173, total loss=14525204004864.0000, content_loss=2315507421.8750, style loss=14522844140625.0000, tv loss=45495208.0000
L-BFGS | iteration: 174, total loss=14400476938240.0000, content_loss=2315747656.2500, style loss=14398116796875.0000, tv loss=45504200.0000
L-BFGS | iteration: 175, total loss=14300160720896.0000, content_loss=2315965039.0625, style loss=14297799609375.0000, tv loss=45505336.0000
L-BFGS | iteration: 176, total loss=14228055392256.0000, content_loss=2316072070.3125, style loss=14225694140625.0000, tv loss=45541612.0000
L-BFGS | iteration: 177, total loss=14119402995712.0000, content_loss=2316788671.8750, style loss=14117041406250.0000, tv loss=45531144.0000
L-BFGS | iteration: 178, total loss=14032874504192.0000, content_loss=2316880859.3750, style loss=14030512500000.0000, tv loss=45542276.0000
L-BFGS | iteration: 179, total loss=13913217302528.0000, content_loss=2317294726.5625, style loss=13910854687500.0000, tv loss=45567984.0000
L-BFGS | iteration: 180, total loss=13790647156736.0000, content_loss=2317765039.0625, style loss=13788284765625.0000, tv loss=45580704.0000
L-BFGS | iteration: 181, total loss=13655806574592.0000, content_loss=2318714257.8125, style loss=13653442968750.0000, tv loss=45594832.0000
L-BFGS | iteration: 182, total loss=13558955900928.0000, content_loss=2318457812.5000, style loss=13556591015625.0000, tv loss=45613224.0000
L-BFGS | iteration: 183, total loss=13464670044160.0000, content_loss=2318720703.1250, style loss=13462306640625.0000, tv loss=45612636.0000
L-BFGS | iteration: 184, total loss=13377925545984.0000, content_loss=2318859375.0000, style loss=13375560937500.0000, tv loss=45647280.0000
L-BFGS | iteration: 185, total loss=13279506202624.0000, content_loss=2318738085.9375, style loss=13277142187500.0000, tv loss=45651488.0000
L-BFGS | iteration: 186, total loss=13163507482624.0000, content_loss=2319472460.9375, style loss=13161141796875.0000, tv loss=45660464.0000
L-BFGS | iteration: 187, total loss=13061249302528.0000, content_loss=2319209960.9375, style loss=13058883984375.0000, tv loss=45679768.0000
L-BFGS | iteration: 188, total loss=12974579253248.0000, content_loss=2320061132.8125, style loss=12972212109375.0000, tv loss=45683840.0000
L-BFGS | iteration: 189, total loss=12888515280896.0000, content_loss=2320620117.1875, style loss=12886148437500.0000, tv loss=45700624.0000
L-BFGS | iteration: 190, total loss=12803300655104.0000, content_loss=2321212109.3750, style loss=12800933203125.0000, tv loss=45702596.0000
L-BFGS | iteration: 191, total loss=12749672284160.0000, content_loss=2320873242.1875, style loss=12747305859375.0000, tv loss=45747996.0000
L-BFGS | iteration: 192, total loss=12659419250688.0000, content_loss=2320919140.6250, style loss=12657052734375.0000, tv loss=45730696.0000
L-BFGS | iteration: 193, total loss=12609541636096.0000, content_loss=2320987890.6250, style loss=12607175390625.0000, tv loss=45734376.0000
L-BFGS | iteration: 194, total loss=12532908556288.0000, content_loss=2321521093.7500, style loss=12530540625000.0000, tv loss=45742880.0000
L-BFGS | iteration: 195, total loss=12405790736384.0000, content_loss=2322539062.5000, style loss=12403421484375.0000, tv loss=45773312.0000
L-BFGS | iteration: 196, total loss=12307788726272.0000, content_loss=2323116406.2500, style loss=12305419921875.0000, tv loss=45780128.0000
L-BFGS | iteration: 197, total loss=12240485875712.0000, content_loss=2323809375.0000, style loss=12238115625000.0000, tv loss=45778656.0000
L-BFGS | iteration: 198, total loss=12166092554240.0000, content_loss=2323967968.7500, style loss=12163722656250.0000, tv loss=45792496.0000
L-BFGS | iteration: 199, total loss=12083571720192.0000, content_loss=2324884960.9375, style loss=12081200390625.0000, tv loss=45789280.0000
L-BFGS | iteration: 200, total loss=11999642648576.0000, content_loss=2325067187.5000, style loss=11997271875000.0000, tv loss=45804720.0000
L-BFGS | iteration: 201, total loss=11921435656192.0000, content_loss=2325129296.8750, style loss=11919064453125.0000, tv loss=45814688.0000
L-BFGS | iteration: 202, total loss=11894368763904.0000, content_loss=2325282031.2500, style loss=11891996484375.0000, tv loss=45839376.0000
L-BFGS | iteration: 203, total loss=11838777458688.0000, content_loss=2325619726.5625, style loss=11836405078125.0000, tv loss=45826320.0000
L-BFGS | iteration: 204, total loss=11787664621568.0000, content_loss=2326123437.5000, style loss=11785292578125.0000, tv loss=45826064.0000
L-BFGS | iteration: 205, total loss=11693915635712.0000, content_loss=2327165039.0625, style loss=11691542578125.0000, tv loss=45834680.0000
L-BFGS | iteration: 206, total loss=11589272993792.0000, content_loss=2328222265.6250, style loss=11586898828125.0000, tv loss=45861492.0000
L-BFGS | iteration: 207, total loss=11503343239168.0000, content_loss=2328241601.5625, style loss=11500968750000.0000, tv loss=45874664.0000
L-BFGS | iteration: 208, total loss=11445780611072.0000, content_loss=2328959375.0000, style loss=11443405078125.0000, tv loss=45873796.0000
L-BFGS | iteration: 209, total loss=11400600616960.0000, content_loss=2329146679.6875, style loss=11398225781250.0000, tv loss=45884952.0000
L-BFGS | iteration: 210, total loss=11338675912704.0000, content_loss=2328925390.6250, style loss=11336300390625.0000, tv loss=45887604.0000
L-BFGS | iteration: 211, total loss=11261902323712.0000, content_loss=2329375390.6250, style loss=11259527343750.0000, tv loss=45902368.0000
L-BFGS | iteration: 212, total loss=11193442893824.0000, content_loss=2329673046.8750, style loss=11191066406250.0000, tv loss=45905828.0000
L-BFGS | iteration: 213, total loss=11134914527232.0000, content_loss=2329435156.2500, style loss=11132538281250.0000, tv loss=45918372.0000
L-BFGS | iteration: 214, total loss=11050483187712.0000, content_loss=2329602734.3750, style loss=11048107031250.0000, tv loss=45926192.0000
L-BFGS | iteration: 215, total loss=10986128932864.0000, content_loss=2328959960.9375, style loss=10983753515625.0000, tv loss=45951876.0000
L-BFGS | iteration: 216, total loss=10941761585152.0000, content_loss=2328892578.1250, style loss=10939386328125.0000, tv loss=45945376.0000
L-BFGS | iteration: 217, total loss=10898324324352.0000, content_loss=2328858203.1250, style loss=10895949609375.0000, tv loss=45956560.0000
L-BFGS | iteration: 218, total loss=10855999602688.0000, content_loss=2329249804.6875, style loss=10853625000000.0000, tv loss=45963080.0000
L-BFGS | iteration: 219, total loss=10773461991424.0000, content_loss=2329506835.9375, style loss=10771086328125.0000, tv loss=45981680.0000
L-BFGS | iteration: 220, total loss=10707293700096.0000, content_loss=2330571875.0000, style loss=10704916406250.0000, tv loss=45991640.0000
L-BFGS | iteration: 221, total loss=10645547253760.0000, content_loss=2330250585.9375, style loss=10643171484375.0000, tv loss=46001256.0000
L-BFGS | iteration: 222, total loss=10593382694912.0000, content_loss=2329902929.6875, style loss=10591006640625.0000, tv loss=46002408.0000
L-BFGS | iteration: 223, total loss=10566254985216.0000, content_loss=2329346875.0000, style loss=10563880078125.0000, tv loss=46021440.0000
L-BFGS | iteration: 224, total loss=10525353181184.0000, content_loss=2329705664.0625, style loss=10522976953125.0000, tv loss=46019536.0000
L-BFGS | iteration: 225, total loss=10462471127040.0000, content_loss=2330060351.5625, style loss=10460095312500.0000, tv loss=46026720.0000
L-BFGS | iteration: 226, total loss=10389469265920.0000, content_loss=2331538085.9375, style loss=10387091015625.0000, tv loss=46045844.0000
L-BFGS | iteration: 227, total loss=10328225087488.0000, content_loss=2331593554.6875, style loss=10325846484375.0000, tv loss=46059440.0000
L-BFGS | iteration: 228, total loss=10288097132544.0000, content_loss=2332127539.0625, style loss=10285719140625.0000, tv loss=46063112.0000
L-BFGS | iteration: 229, total loss=10237161504768.0000, content_loss=2332382031.2500, style loss=10234783593750.0000, tv loss=46083184.0000
L-BFGS | iteration: 230, total loss=10192018210816.0000, content_loss=2332718750.0000, style loss=10189639453125.0000, tv loss=46077200.0000
L-BFGS | iteration: 231, total loss=10145201389568.0000, content_loss=2332697656.2500, style loss=10142821875000.0000, tv loss=46087248.0000
L-BFGS | iteration: 232, total loss=10088772272128.0000, content_loss=2332843359.3750, style loss=10086392578125.0000, tv loss=46096928.0000
L-BFGS | iteration: 233, total loss=10044943892480.0000, content_loss=2333094140.6250, style loss=10042564453125.0000, tv loss=46110600.0000
L-BFGS | iteration: 234, total loss=9992569618432.0000, content_loss=2333812500.0000, style loss=9990189843750.0000, tv loss=46112648.0000
L-BFGS | iteration: 235, total loss=9945699319808.0000, content_loss=2333831250.0000, style loss=9943319531250.0000, tv loss=46134376.0000
L-BFGS | iteration: 236, total loss=9897040150528.0000, content_loss=2334232812.5000, style loss=9894659765625.0000, tv loss=46132728.0000
L-BFGS | iteration: 237, total loss=9850200260608.0000, content_loss=2334195898.4375, style loss=9847819921875.0000, tv loss=46144448.0000
L-BFGS | iteration: 238, total loss=9785601687552.0000, content_loss=2334126953.1250, style loss=9783221484375.0000, tv loss=46163136.0000
L-BFGS | iteration: 239, total loss=9740901941248.0000, content_loss=2334378515.6250, style loss=9738521484375.0000, tv loss=46168840.0000
L-BFGS | iteration: 240, total loss=9709542178816.0000, content_loss=2334736718.7500, style loss=9707160937500.0000, tv loss=46169996.0000
L-BFGS | iteration: 241, total loss=9640094990336.0000, content_loss=2335104882.8125, style loss=9637713867187.5000, tv loss=46188628.0000
L-BFGS | iteration: 242, total loss=9601233715200.0000, content_loss=2335814843.7500, style loss=9598850976562.5000, tv loss=46185828.0000
L-BFGS | iteration: 243, total loss=9568270680064.0000, content_loss=2335826562.5000, style loss=9565888476562.5000, tv loss=46200080.0000
L-BFGS | iteration: 244, total loss=9535412502528.0000, content_loss=2336084960.9375, style loss=9533029687500.0000, tv loss=46205200.0000
L-BFGS | iteration: 245, total loss=9507394551808.0000, content_loss=2336167578.1250, style loss=9505012500000.0000, tv loss=46209596.0000
L-BFGS | iteration: 246, total loss=9450012278784.0000, content_loss=2337302343.7500, style loss=9447629296875.0000, tv loss=46215792.0000
L-BFGS | iteration: 247, total loss=9411706748928.0000, content_loss=2337124609.3750, style loss=9409323046875.0000, tv loss=46242728.0000
L-BFGS | iteration: 248, total loss=9361298554880.0000, content_loss=2337959375.0000, style loss=9358914257812.5000, tv loss=46229064.0000
L-BFGS | iteration: 249, total loss=9330695864320.0000, content_loss=2338675585.9375, style loss=9328311914062.5000, tv loss=46239772.0000
L-BFGS | iteration: 250, total loss=9299977830400.0000, content_loss=2339161328.1250, style loss=9297592382812.5000, tv loss=46248612.0000
L-BFGS | iteration: 251, total loss=9252606312448.0000, content_loss=2338641796.8750, style loss=9250221679687.5000, tv loss=46265440.0000
L-BFGS | iteration: 252, total loss=9207598284800.0000, content_loss=2339466015.6250, style loss=9205212304687.5000, tv loss=46271944.0000
L-BFGS | iteration: 253, total loss=9175454187520.0000, content_loss=2339244726.5625, style loss=9173068359375.0000, tv loss=46273532.0000
L-BFGS | iteration: 254, total loss=9134543994880.0000, content_loss=2339126757.8125, style loss=9132158789062.5000, tv loss=46281124.0000
L-BFGS | iteration: 255, total loss=9094663503872.0000, content_loss=2339718554.6875, style loss=9092278125000.0000, tv loss=46286892.0000
L-BFGS | iteration: 256, total loss=9054399234048.0000, content_loss=2340346679.6875, style loss=9052012500000.0000, tv loss=46305344.0000
L-BFGS | iteration: 257, total loss=9016530960384.0000, content_loss=2341516796.8750, style loss=9014143359375.0000, tv loss=46307916.0000
L-BFGS | iteration: 258, total loss=8991424905216.0000, content_loss=2341679687.5000, style loss=8989037109375.0000, tv loss=46321688.0000
L-BFGS | iteration: 259, total loss=8956182265856.0000, content_loss=2341878320.3125, style loss=8953794726562.5000, tv loss=46328944.0000
L-BFGS | iteration: 260, total loss=8905364078592.0000, content_loss=2341819140.6250, style loss=8902976367187.5000, tv loss=46345812.0000
L-BFGS | iteration: 261, total loss=8860747169792.0000, content_loss=2341463281.2500, style loss=8858359570312.5000, tv loss=46351584.0000
L-BFGS | iteration: 262, total loss=8828334637056.0000, content_loss=2341761328.1250, style loss=8825946679687.5000, tv loss=46365040.0000
L-BFGS | iteration: 263, total loss=8793117687808.0000, content_loss=2341968164.0625, style loss=8790729492187.5000, tv loss=46372972.0000
L-BFGS | iteration: 264, total loss=8750022787072.0000, content_loss=2342776757.8125, style loss=8747634375000.0000, tv loss=46395528.0000
L-BFGS | iteration: 265, total loss=8706152988672.0000, content_loss=2342819921.8750, style loss=8703764062500.0000, tv loss=46399480.0000
L-BFGS | iteration: 266, total loss=8672827670528.0000, content_loss=2343418164.0625, style loss=8670437695312.5000, tv loss=46401752.0000
L-BFGS | iteration: 267, total loss=8650138583040.0000, content_loss=2343375000.0000, style loss=8647748437500.0000, tv loss=46427496.0000
L-BFGS | iteration: 268, total loss=8625372266496.0000, content_loss=2343960742.1875, style loss=8622981445312.5000, tv loss=46408320.0000
L-BFGS | iteration: 269, total loss=8599097049088.0000, content_loss=2344071484.3750, style loss=8596706250000.0000, tv loss=46415688.0000
L-BFGS | iteration: 270, total loss=8579628138496.0000, content_loss=2343991406.2500, style loss=8577237304687.5000, tv loss=46426032.0000
L-BFGS | iteration: 271, total loss=8556179357696.0000, content_loss=2344054296.8750, style loss=8553788671875.0000, tv loss=46437356.0000
L-BFGS | iteration: 272, total loss=8507272724480.0000, content_loss=2344238281.2500, style loss=8504882226562.5000, tv loss=46455092.0000
L-BFGS | iteration: 273, total loss=8472260771840.0000, content_loss=2345490625.0000, style loss=8469868359375.0000, tv loss=46473752.0000
L-BFGS | iteration: 274, total loss=8423661371392.0000, content_loss=2345613281.2500, style loss=8421268945312.5000, tv loss=46473224.0000
L-BFGS | iteration: 275, total loss=8400122937344.0000, content_loss=2345736914.0625, style loss=8397730664062.5000, tv loss=46476348.0000
L-BFGS | iteration: 276, total loss=8372984741888.0000, content_loss=2346020312.5000, style loss=8370591796875.0000, tv loss=46479112.0000
L-BFGS | iteration: 277, total loss=8336597581824.0000, content_loss=2346021093.7500, style loss=8334204492187.5000, tv loss=46504280.0000
L-BFGS | iteration: 278, total loss=8306392825856.0000, content_loss=2346372265.6250, style loss=8304000000000.0000, tv loss=46492352.0000
L-BFGS | iteration: 279, total loss=8282657783808.0000, content_loss=2346505468.7500, style loss=8280264257812.5000, tv loss=46504040.0000
L-BFGS | iteration: 280, total loss=8262013419520.0000, content_loss=2346477734.3750, style loss=8259619921875.0000, tv loss=46515676.0000
L-BFGS | iteration: 281, total loss=8241234837504.0000, content_loss=2346275976.5625, style loss=8238841992187.5000, tv loss=46521888.0000
L-BFGS | iteration: 282, total loss=8192542113792.0000, content_loss=2346434570.3125, style loss=8190149414062.5000, tv loss=46542052.0000
L-BFGS | iteration: 283, total loss=8157561094144.0000, content_loss=2346078515.6250, style loss=8155168359375.0000, tv loss=46553716.0000
L-BFGS | iteration: 284, total loss=8136360460288.0000, content_loss=2345999218.7500, style loss=8133967382812.5000, tv loss=46549620.0000
L-BFGS | iteration: 285, total loss=8112158801920.0000, content_loss=2345959179.6875, style loss=8109765820312.5000, tv loss=46562528.0000
L-BFGS | iteration: 286, total loss=8088182063104.0000, content_loss=2346432421.8750, style loss=8085789257812.5000, tv loss=46560104.0000
L-BFGS | iteration: 287, total loss=8058477477888.0000, content_loss=2346542187.5000, style loss=8056083984375.0000, tv loss=46572848.0000
L-BFGS | iteration: 288, total loss=8020182433792.0000, content_loss=2346478320.3125, style loss=8017788867187.5000, tv loss=46600632.0000
L-BFGS | iteration: 289, total loss=7996954378240.0000, content_loss=2347294921.8750, style loss=7994560546875.0000, tv loss=46600448.0000
L-BFGS | iteration: 290, total loss=7976023228416.0000, content_loss=2347333203.1250, style loss=7973629101562.5000, tv loss=46603128.0000
L-BFGS | iteration: 291, total loss=7947084103680.0000, content_loss=2347489648.4375, style loss=7944690234375.0000, tv loss=46615596.0000
L-BFGS | iteration: 292, total loss=7924749959168.0000, content_loss=2347448242.1875, style loss=7922356054687.5000, tv loss=46618496.0000
L-BFGS | iteration: 293, total loss=7888175104000.0000, content_loss=2347223242.1875, style loss=7885781250000.0000, tv loss=46647720.0000
L-BFGS | iteration: 294, total loss=7862208692224.0000, content_loss=2347774804.6875, style loss=7859814257812.5000, tv loss=46643916.0000
L-BFGS | iteration: 295, total loss=7844527603712.0000, content_loss=2347751367.1875, style loss=7842133007812.5000, tv loss=46651152.0000
L-BFGS | iteration: 296, total loss=7811392077824.0000, content_loss=2347736328.1250, style loss=7808997656250.0000, tv loss=46666076.0000
L-BFGS | iteration: 297, total loss=7787358715904.0000, content_loss=2347981054.6875, style loss=7784964257812.5000, tv loss=46673104.0000
L-BFGS | iteration: 298, total loss=7750714654720.0000, content_loss=2348606640.6250, style loss=7748319140625.0000, tv loss=46687908.0000
L-BFGS | iteration: 299, total loss=7723586420736.0000, content_loss=2349054101.5625, style loss=7721190820312.5000, tv loss=46700184.0000
L-BFGS | iteration: 300, total loss=7703471063040.0000, content_loss=2349601757.8125, style loss=7701074414062.5000, tv loss=46702848.0000
L-BFGS | iteration: 301, total loss=7678130126848.0000, content_loss=2349872851.5625, style loss=7675733789062.5000, tv loss=46727420.0000
L-BFGS | iteration: 302, total loss=7658118053888.0000, content_loss=2350382421.8750, style loss=7655721093750.0000, tv loss=46715936.0000
L-BFGS | iteration: 303, total loss=7640598446080.0000, content_loss=2350304687.5000, style loss=7638201562500.0000, tv loss=46724224.0000
L-BFGS | iteration: 304, total loss=7615586762752.0000, content_loss=2350227343.7500, style loss=7613189648437.5000, tv loss=46740104.0000
L-BFGS | iteration: 305, total loss=7597614694400.0000, content_loss=2350113281.2500, style loss=7595218359375.0000, tv loss=46741332.0000
L-BFGS | iteration: 306, total loss=7556902158336.0000, content_loss=2350036523.4375, style loss=7554505664062.5000, tv loss=46757496.0000
L-BFGS | iteration: 307, total loss=7533856555008.0000, content_loss=2350255664.0625, style loss=7531459570312.5000, tv loss=46761668.0000
L-BFGS | iteration: 308, total loss=7517569548288.0000, content_loss=2350327734.3750, style loss=7515172265625.0000, tv loss=46768396.0000
L-BFGS | iteration: 309, total loss=7488367230976.0000, content_loss=2350713085.9375, style loss=7485969726562.5000, tv loss=46782640.0000
L-BFGS | iteration: 310, total loss=7467689836544.0000, content_loss=2350630664.0625, style loss=7465292578125.0000, tv loss=46792904.0000
L-BFGS | iteration: 311, total loss=7435540496384.0000, content_loss=2351263476.5625, style loss=7433142187500.0000, tv loss=46801596.0000
L-BFGS | iteration: 312, total loss=7420491857920.0000, content_loss=2350592382.8125, style loss=7418094726562.5000, tv loss=46828496.0000
L-BFGS | iteration: 313, total loss=7400919138304.0000, content_loss=2350576171.8750, style loss=7398522070312.5000, tv loss=46813928.0000
L-BFGS | iteration: 314, total loss=7387041234944.0000, content_loss=2350838281.2500, style loss=7384643554687.5000, tv loss=46814780.0000
L-BFGS | iteration: 315, total loss=7366757056512.0000, content_loss=2351258203.1250, style loss=7364358984375.0000, tv loss=46823148.0000
L-BFGS | iteration: 316, total loss=7334809042944.0000, content_loss=2351509375.0000, style loss=7332410742187.5000, tv loss=46839768.0000
L-BFGS | iteration: 317, total loss=7307698634752.0000, content_loss=2351800781.2500, style loss=7305300000000.0000, tv loss=46869480.0000
L-BFGS | iteration: 318, total loss=7286385803264.0000, content_loss=2352283203.1250, style loss=7283986523437.5000, tv loss=46868360.0000
L-BFGS | iteration: 319, total loss=7269575032832.0000, content_loss=2352229492.1875, style loss=7267175976562.5000, tv loss=46870636.0000
L-BFGS | iteration: 320, total loss=7242441555968.0000, content_loss=2352236914.0625, style loss=7240042382812.5000, tv loss=46887808.0000
L-BFGS | iteration: 321, total loss=7219273793536.0000, content_loss=2352300781.2500, style loss=7216874414062.5000, tv loss=46892528.0000
L-BFGS | iteration: 322, total loss=7203447635968.0000, content_loss=2352357421.8750, style loss=7201048242187.5000, tv loss=46906636.0000
L-BFGS | iteration: 323, total loss=7185689477120.0000, content_loss=2352652148.4375, style loss=7183290234375.0000, tv loss=46910608.0000
L-BFGS | iteration: 324, total loss=7168296222720.0000, content_loss=2352716406.2500, style loss=7165896679687.5000, tv loss=46927232.0000
L-BFGS | iteration: 325, total loss=7150459944960.0000, content_loss=2352941210.9375, style loss=7148059570312.5000, tv loss=46931572.0000
L-BFGS | iteration: 326, total loss=7129164414976.0000, content_loss=2352902539.0625, style loss=7126764257812.5000, tv loss=46938848.0000
L-BFGS | iteration: 327, total loss=7104258113536.0000, content_loss=2353376367.1875, style loss=7101857226562.5000, tv loss=46955148.0000
L-BFGS | iteration: 328, total loss=7083142414336.0000, content_loss=2353279882.8125, style loss=7080741796875.0000, tv loss=46960784.0000
L-BFGS | iteration: 329, total loss=7066604273664.0000, content_loss=2353228125.0000, style loss=7064204296875.0000, tv loss=46962596.0000
L-BFGS | iteration: 330, total loss=7051323375616.0000, content_loss=2353181445.3125, style loss=7048923046875.0000, tv loss=46976136.0000
L-BFGS | iteration: 331, total loss=7031950934016.0000, content_loss=2353720117.1875, style loss=7029550195312.5000, tv loss=46976324.0000
L-BFGS | iteration: 332, total loss=7013789597696.0000, content_loss=2353586132.8125, style loss=7011389062500.0000, tv loss=46991388.0000
L-BFGS | iteration: 333, total loss=6995375030272.0000, content_loss=2353646289.0625, style loss=6992974218750.0000, tv loss=46999896.0000
L-BFGS | iteration: 334, total loss=6976425689088.0000, content_loss=2353803710.9375, style loss=6974024414062.5000, tv loss=47012588.0000
L-BFGS | iteration: 335, total loss=6953314549760.0000, content_loss=2353788671.8750, style loss=6950913867187.5000, tv loss=47015120.0000
L-BFGS | iteration: 336, total loss=6936435097600.0000, content_loss=2353709375.0000, style loss=6934034179687.5000, tv loss=47029264.0000
L-BFGS | iteration: 337, total loss=6916540989440.0000, content_loss=2353673242.1875, style loss=6914140429687.5000, tv loss=47032944.0000
L-BFGS | iteration: 338, total loss=6895729377280.0000, content_loss=2353825781.2500, style loss=6893327929687.5000, tv loss=47046328.0000
L-BFGS | iteration: 339, total loss=6872601985024.0000, content_loss=2354044335.9375, style loss=6870200976562.5000, tv loss=47052524.0000
L-BFGS | iteration: 340, total loss=6854684442624.0000, content_loss=2353872656.2500, style loss=6852283007812.5000, tv loss=47064268.0000
L-BFGS | iteration: 341, total loss=6840324194304.0000, content_loss=2354057421.8750, style loss=6837922851562.5000, tv loss=47062424.0000
L-BFGS | iteration: 342, total loss=6825935634432.0000, content_loss=2353860156.2500, style loss=6823534570312.5000, tv loss=47076536.0000
L-BFGS | iteration: 343, total loss=6808957616128.0000, content_loss=2354287695.3125, style loss=6806556445312.5000, tv loss=47081144.0000
L-BFGS | iteration: 344, total loss=6788810801152.0000, content_loss=2354169726.5625, style loss=6786409570312.5000, tv loss=47094276.0000
L-BFGS | iteration: 345, total loss=6768324771840.0000, content_loss=2354725585.9375, style loss=6765922851562.5000, tv loss=47107472.0000
L-BFGS | iteration: 346, total loss=6749887660032.0000, content_loss=2354830664.0625, style loss=6747485742187.5000, tv loss=47114456.0000
L-BFGS | iteration: 347, total loss=6732790104064.0000, content_loss=2354580468.7500, style loss=6730388085937.5000, tv loss=47130568.0000
L-BFGS | iteration: 348, total loss=6714609369088.0000, content_loss=2354862695.3125, style loss=6712207031250.0000, tv loss=47130724.0000
L-BFGS | iteration: 349, total loss=6698111074304.0000, content_loss=2354754882.8125, style loss=6695709375000.0000, tv loss=47148208.0000
L-BFGS | iteration: 350, total loss=6681244729344.0000, content_loss=2354743359.3750, style loss=6678843164062.5000, tv loss=47152800.0000
L-BFGS | iteration: 351, total loss=6662602096640.0000, content_loss=2355054296.8750, style loss=6660199804687.5000, tv loss=47161360.0000
L-BFGS | iteration: 352, total loss=6643417874432.0000, content_loss=2355063281.2500, style loss=6641015625000.0000, tv loss=47170352.0000
L-BFGS | iteration: 353, total loss=6628744101888.0000, content_loss=2355335546.8750, style loss=6626341992187.5000, tv loss=47176988.0000
L-BFGS | iteration: 354, total loss=6607872196608.0000, content_loss=2355675585.9375, style loss=6605469140625.0000, tv loss=47194232.0000
L-BFGS | iteration: 355, total loss=6591297355776.0000, content_loss=2355848046.8750, style loss=6588894726562.5000, tv loss=47195052.0000
L-BFGS | iteration: 356, total loss=6578026053632.0000, content_loss=2355617578.1250, style loss=6575623242187.5000, tv loss=47208548.0000
L-BFGS | iteration: 357, total loss=6567670317056.0000, content_loss=2355887500.0000, style loss=6565267382812.5000, tv loss=47205736.0000
L-BFGS | iteration: 358, total loss=6557421010944.0000, content_loss=2355724414.0625, style loss=6555018164062.5000, tv loss=47216188.0000
L-BFGS | iteration: 359, total loss=6547568066560.0000, content_loss=2355700195.3125, style loss=6545165039062.5000, tv loss=47218696.0000
L-BFGS | iteration: 360, total loss=6530076770304.0000, content_loss=2355876367.1875, style loss=6527674218750.0000, tv loss=47226524.0000
L-BFGS | iteration: 361, total loss=6514930089984.0000, content_loss=2356297460.9375, style loss=6512526562500.0000, tv loss=47234792.0000
L-BFGS | iteration: 362, total loss=6499193061376.0000, content_loss=2356565429.6875, style loss=6496789453125.0000, tv loss=47245900.0000
L-BFGS | iteration: 363, total loss=6481569644544.0000, content_loss=2356969531.2500, style loss=6479165039062.5000, tv loss=47256424.0000
L-BFGS | iteration: 364, total loss=6464967016448.0000, content_loss=2356796093.7500, style loss=6462563085937.5000, tv loss=47271876.0000
L-BFGS | iteration: 365, total loss=6448443555840.0000, content_loss=2356933593.7500, style loss=6446039648437.5000, tv loss=47273488.0000
L-BFGS | iteration: 366, total loss=6436488740864.0000, content_loss=2356712109.3750, style loss=6434084765625.0000, tv loss=47291280.0000
L-BFGS | iteration: 367, total loss=6424147525632.0000, content_loss=2356784179.6875, style loss=6421743750000.0000, tv loss=47283440.0000
L-BFGS | iteration: 368, total loss=6414872346624.0000, content_loss=2356852929.6875, style loss=6412468359375.0000, tv loss=47287396.0000
L-BFGS | iteration: 369, total loss=6397756964864.0000, content_loss=2357158789.0625, style loss=6395352539062.5000, tv loss=47297968.0000
L-BFGS | iteration: 370, total loss=6380836093952.0000, content_loss=2357400000.0000, style loss=6378431835937.5000, tv loss=47311432.0000
L-BFGS | iteration: 371, total loss=6363556085760.0000, content_loss=2357725976.5625, style loss=6361151367187.5000, tv loss=47316968.0000
L-BFGS | iteration: 372, total loss=6349613170688.0000, content_loss=2358182617.1875, style loss=6347207812500.0000, tv loss=47327668.0000
L-BFGS | iteration: 373, total loss=6335465783296.0000, content_loss=2358126171.8750, style loss=6333060351562.5000, tv loss=47330584.0000
L-BFGS | iteration: 374, total loss=6322748653568.0000, content_loss=2358266992.1875, style loss=6320343164062.5000, tv loss=47342176.0000
L-BFGS | iteration: 375, total loss=6307725180928.0000, content_loss=2358689453.1250, style loss=6305319140625.0000, tv loss=47347232.0000
L-BFGS | iteration: 376, total loss=6296872943616.0000, content_loss=2358471093.7500, style loss=6294467578125.0000, tv loss=47363052.0000
L-BFGS | iteration: 377, total loss=6286730592256.0000, content_loss=2358551367.1875, style loss=6284324414062.5000, tv loss=47363000.0000
L-BFGS | iteration: 378, total loss=6268062269440.0000, content_loss=2358667773.4375, style loss=6265656445312.5000, tv loss=47374344.0000
L-BFGS | iteration: 379, total loss=6250923294720.0000, content_loss=2359174804.6875, style loss=6248516601562.5000, tv loss=47382428.0000
L-BFGS | iteration: 380, total loss=6235905589248.0000, content_loss=2358905664.0625, style loss=6233499609375.0000, tv loss=47392808.0000
L-BFGS | iteration: 381, total loss=6224638115840.0000, content_loss=2358785351.5625, style loss=6222232031250.0000, tv loss=47398928.0000
L-BFGS | iteration: 382, total loss=6213256347648.0000, content_loss=2358793750.0000, style loss=6210850195312.5000, tv loss=47410204.0000
L-BFGS | iteration: 383, total loss=6197694955520.0000, content_loss=2358991406.2500, style loss=6195288867187.5000, tv loss=47413776.0000
L-BFGS | iteration: 384, total loss=6184176713728.0000, content_loss=2359036523.4375, style loss=6181770117187.5000, tv loss=47440536.0000
L-BFGS | iteration: 385, total loss=6172874113024.0000, content_loss=2359376953.1250, style loss=6170467382812.5000, tv loss=47434716.0000
L-BFGS | iteration: 386, total loss=6164909129728.0000, content_loss=2359422656.2500, style loss=6162502734375.0000, tv loss=47436960.0000
L-BFGS | iteration: 387, total loss=6150533152768.0000, content_loss=2359527148.4375, style loss=6148126757812.5000, tv loss=47444952.0000
L-BFGS | iteration: 388, total loss=6137421758464.0000, content_loss=2359332421.8750, style loss=6135014648437.5000, tv loss=47458016.0000
L-BFGS | iteration: 389, total loss=6124363841536.0000, content_loss=2359387695.3125, style loss=6121957031250.0000, tv loss=47459460.0000
L-BFGS | iteration: 390, total loss=6113521041408.0000, content_loss=2359412890.6250, style loss=6111114257812.5000, tv loss=47465688.0000
L-BFGS | iteration: 391, total loss=6102302326784.0000, content_loss=2359607421.8750, style loss=6099894726562.5000, tv loss=47471156.0000
L-BFGS | iteration: 392, total loss=6083799154688.0000, content_loss=2359531835.9375, style loss=6081391992187.5000, tv loss=47489628.0000
L-BFGS | iteration: 393, total loss=6069180432384.0000, content_loss=2359820507.8125, style loss=6066772851562.5000, tv loss=47493184.0000
L-BFGS | iteration: 394, total loss=6059260379136.0000, content_loss=2359935351.5625, style loss=6056852929687.5000, tv loss=47507312.0000
L-BFGS | iteration: 395, total loss=6049231273984.0000, content_loss=2360158789.0625, style loss=6046823437500.0000, tv loss=47506792.0000
L-BFGS | iteration: 396, total loss=6040222433280.0000, content_loss=2360009179.6875, style loss=6037814648437.5000, tv loss=47513536.0000
L-BFGS | iteration: 397, total loss=6026997792768.0000, content_loss=2359976953.1250, style loss=6024590039062.5000, tv loss=47519356.0000
L-BFGS | iteration: 398, total loss=6015101173760.0000, content_loss=2360282617.1875, style loss=6012693164062.5000, tv loss=47525440.0000
L-BFGS | iteration: 399, total loss=6005256093696.0000, content_loss=2360491406.2500, style loss=6002848242187.5000, tv loss=47530560.0000
L-BFGS | iteration: 400, total loss=5993792012288.0000, content_loss=2360645507.8125, style loss=5991383203125.0000, tv loss=47537292.0000
L-BFGS | iteration: 401, total loss=5980166815744.0000, content_loss=2360882226.5625, style loss=5977758398437.5000, tv loss=47547896.0000
L-BFGS | iteration: 402, total loss=5967545106432.0000, content_loss=2360756445.3125, style loss=5965136718750.0000, tv loss=47559352.0000
L-BFGS | iteration: 403, total loss=5957169971200.0000, content_loss=2360895507.8125, style loss=5954761523437.5000, tv loss=47557584.0000
L-BFGS | iteration: 404, total loss=5948173189120.0000, content_loss=2360519140.6250, style loss=5945765039062.5000, tv loss=47575696.0000
L-BFGS | iteration: 405, total loss=5940217118720.0000, content_loss=2360516796.8750, style loss=5937809179687.5000, tv loss=47575464.0000
L-BFGS | iteration: 406, total loss=5923658006528.0000, content_loss=2360538867.1875, style loss=5921250000000.0000, tv loss=47579888.0000
L-BFGS | iteration: 407, total loss=5913490489344.0000, content_loss=2360519140.6250, style loss=5911082226562.5000, tv loss=47595844.0000
L-BFGS | iteration: 408, total loss=5902468907008.0000, content_loss=2360703710.9375, style loss=5900060156250.0000, tv loss=47597408.0000
L-BFGS | iteration: 409, total loss=5892666818560.0000, content_loss=2360929296.8750, style loss=5890258007812.5000, tv loss=47601664.0000
L-BFGS | iteration: 410, total loss=5883517992960.0000, content_loss=2361016015.6250, style loss=5881109179687.5000, tv loss=47610184.0000
L-BFGS | iteration: 411, total loss=5867499945984.0000, content_loss=2361261328.1250, style loss=5865090820312.5000, tv loss=47621856.0000
L-BFGS | iteration: 412, total loss=5856200491008.0000, content_loss=2361334375.0000, style loss=5853791601562.5000, tv loss=47635884.0000
L-BFGS | iteration: 413, total loss=5847238311936.0000, content_loss=2361794726.5625, style loss=5844828515625.0000, tv loss=47631928.0000
L-BFGS | iteration: 414, total loss=5838964523008.0000, content_loss=2361606054.6875, style loss=5836555664062.5000, tv loss=47643572.0000
L-BFGS | iteration: 415, total loss=5832009842688.0000, content_loss=2361683007.8125, style loss=5829600000000.0000, tv loss=47643912.0000
L-BFGS | iteration: 416, total loss=5817581961216.0000, content_loss=2362037500.0000, style loss=5815172460937.5000, tv loss=47649816.0000
L-BFGS | iteration: 417, total loss=5807071035392.0000, content_loss=2362066992.1875, style loss=5804661328125.0000, tv loss=47657336.0000
L-BFGS | iteration: 418, total loss=5797933744128.0000, content_loss=2362334570.3125, style loss=5795523632812.5000, tv loss=47661464.0000
L-BFGS | iteration: 419, total loss=5787860598784.0000, content_loss=2362599609.3750, style loss=5785450195312.5000, tv loss=47670464.0000
L-BFGS | iteration: 420, total loss=5779228721152.0000, content_loss=2362759570.3125, style loss=5776818164062.5000, tv loss=47677364.0000
L-BFGS | iteration: 421, total loss=5763549888512.0000, content_loss=2362713476.5625, style loss=5761139062500.0000, tv loss=47691168.0000
L-BFGS | iteration: 422, total loss=5752777342976.0000, content_loss=2362603320.3125, style loss=5750367187500.0000, tv loss=47703768.0000
L-BFGS | iteration: 423, total loss=5746308677632.0000, content_loss=2362814453.1250, style loss=5743897851562.5000, tv loss=47696936.0000
L-BFGS | iteration: 424, total loss=5738761551872.0000, content_loss=2362670703.1250, style loss=5736351562500.0000, tv loss=47708400.0000
L-BFGS | iteration: 425, total loss=5733034229760.0000, content_loss=2362705664.0625, style loss=5730623437500.0000, tv loss=47709144.0000
L-BFGS | iteration: 426, total loss=5720170823680.0000, content_loss=2362885742.1875, style loss=5717760351562.5000, tv loss=47715248.0000
L-BFGS | iteration: 427, total loss=5709494222848.0000, content_loss=2363275195.3125, style loss=5707082812500.0000, tv loss=47721956.0000
L-BFGS | iteration: 428, total loss=5697708228608.0000, content_loss=2363298242.1875, style loss=5695297265625.0000, tv loss=47729724.0000
L-BFGS | iteration: 429, total loss=5685690499072.0000, content_loss=2363686523.4375, style loss=5683279101562.5000, tv loss=47743000.0000
L-BFGS | iteration: 430, total loss=5674604953600.0000, content_loss=2363619335.9375, style loss=5672193750000.0000, tv loss=47749092.0000
L-BFGS | iteration: 431, total loss=5665604501504.0000, content_loss=2363621093.7500, style loss=5663193164062.5000, tv loss=47756472.0000
L-BFGS | iteration: 432, total loss=5654060728320.0000, content_loss=2364026367.1875, style loss=5651649023437.5000, tv loss=47762792.0000
L-BFGS | iteration: 433, total loss=5646510981120.0000, content_loss=2363775976.5625, style loss=5644099218750.0000, tv loss=47771576.0000
L-BFGS | iteration: 434, total loss=5639811104768.0000, content_loss=2363973828.1250, style loss=5637399609375.0000, tv loss=47767108.0000
L-BFGS | iteration: 435, total loss=5631944163328.0000, content_loss=2363997460.9375, style loss=5629532226562.5000, tv loss=47780908.0000
L-BFGS | iteration: 436, total loss=5626077380608.0000, content_loss=2364021679.6875, style loss=5623665820312.5000, tv loss=47779744.0000
L-BFGS | iteration: 437, total loss=5618259197952.0000, content_loss=2364128320.3125, style loss=5615847656250.0000, tv loss=47784400.0000
L-BFGS | iteration: 438, total loss=5607948550144.0000, content_loss=2364221093.7500, style loss=5605536914062.5000, tv loss=47792328.0000
L-BFGS | iteration: 439, total loss=5596333998080.0000, content_loss=2364339453.1250, style loss=5593921875000.0000, tv loss=47808788.0000
L-BFGS | iteration: 440, total loss=5587387023360.0000, content_loss=2364416406.2500, style loss=5584974609375.0000, tv loss=47817008.0000
L-BFGS | iteration: 441, total loss=5578891984896.0000, content_loss=2364453125.0000, style loss=5576479687500.0000, tv loss=47823344.0000
L-BFGS | iteration: 442, total loss=5568115769344.0000, content_loss=2364352148.4375, style loss=5565703710937.5000, tv loss=47829208.0000
L-BFGS | iteration: 443, total loss=5558429024256.0000, content_loss=2364395703.1250, style loss=5556016992187.5000, tv loss=47839080.0000
L-BFGS | iteration: 444, total loss=5550597734400.0000, content_loss=2364565429.6875, style loss=5548185351562.5000, tv loss=47833240.0000
L-BFGS | iteration: 445, total loss=5543850147840.0000, content_loss=2364478906.2500, style loss=5541437695312.5000, tv loss=47845440.0000
L-BFGS | iteration: 446, total loss=5537731182592.0000, content_loss=2364644726.5625, style loss=5535318750000.0000, tv loss=47845424.0000
L-BFGS | iteration: 447, total loss=5530462453760.0000, content_loss=2364748828.1250, style loss=5528050195312.5000, tv loss=47850780.0000
L-BFGS | iteration: 448, total loss=5522952028160.0000, content_loss=2364916992.1875, style loss=5520539062500.0000, tv loss=47858936.0000
L-BFGS | iteration: 449, total loss=5511037583360.0000, content_loss=2364918164.0625, style loss=5508624609375.0000, tv loss=47871952.0000
L-BFGS | iteration: 450, total loss=5502144086016.0000, content_loss=2365539843.7500, style loss=5499730664062.5000, tv loss=47884692.0000
L-BFGS | iteration: 451, total loss=5493433565184.0000, content_loss=2365432617.1875, style loss=5491020117187.5000, tv loss=47881752.0000
L-BFGS | iteration: 452, total loss=5487557345280.0000, content_loss=2365151757.8125, style loss=5485144335937.5000, tv loss=47889160.0000
L-BFGS | iteration: 453, total loss=5482361126912.0000, content_loss=2365277539.0625, style loss=5479948242187.5000, tv loss=47885744.0000
L-BFGS | iteration: 454, total loss=5474216312832.0000, content_loss=2365348242.1875, style loss=5471803125000.0000, tv loss=47891196.0000
L-BFGS | iteration: 455, total loss=5460668710912.0000, content_loss=2365499218.7500, style loss=5458255664062.5000, tv loss=47905488.0000
L-BFGS | iteration: 456, total loss=5451921489920.0000, content_loss=2365389843.7500, style loss=5449508203125.0000, tv loss=47913640.0000
L-BFGS | iteration: 457, total loss=5443827531776.0000, content_loss=2365580078.1250, style loss=5441414062500.0000, tv loss=47917728.0000
L-BFGS | iteration: 458, total loss=5437757849600.0000, content_loss=2365654687.5000, style loss=5435344335937.5000, tv loss=47926196.0000
L-BFGS | iteration: 459, total loss=5430265774080.0000, content_loss=2365730859.3750, style loss=5427852539062.5000, tv loss=47926544.0000
L-BFGS | iteration: 460, total loss=5422551400448.0000, content_loss=2365878320.3125, style loss=5420137500000.0000, tv loss=47938800.0000
L-BFGS | iteration: 461, total loss=5414830211072.0000, content_loss=2366114843.7500, style loss=5412416601562.5000, tv loss=47940100.0000
L-BFGS | iteration: 462, total loss=5403351449600.0000, content_loss=2366150585.9375, style loss=5400937500000.0000, tv loss=47950876.0000
L-BFGS | iteration: 463, total loss=5393370578944.0000, content_loss=2366497851.5625, style loss=5390956054687.5000, tv loss=47952768.0000
L-BFGS | iteration: 464, total loss=5386689052672.0000, content_loss=2366517968.7500, style loss=5384274609375.0000, tv loss=47957848.0000
L-BFGS | iteration: 465, total loss=5380815454208.0000, content_loss=2366322070.3125, style loss=5378401757812.5000, tv loss=47963840.0000
L-BFGS | iteration: 466, total loss=5373515268096.0000, content_loss=2366502539.0625, style loss=5371100976562.5000, tv loss=47968680.0000
