C:\Users\user\AppData\Roaming\Python\Python313\site-packages\torchvision\models\_utils.py:208: UserWarning: The parameter 'pretrained' is deprecated since 0.13 and may be removed in the future, please use 'weights' instead.
  warnings.warn(
C:\Users\user\AppData\Roaming\Python\Python313\site-packages\torchvision\models\_utils.py:223: UserWarning: Arguments other than a weight enum or `None` for 'weights' are deprecated since 0.13 and may be removed in the future. The current behavior is equivalent to passing `weights=VGG19_Weights.IMAGENET1K_V1`. You can also use `weights=VGG19_Weights.DEFAULT` to get the most up-to-date weights.
  warnings.warn(msg)
Using VGG19 in the optimization procedure.
L-BFGS | iteration: 000, total loss=448979113571516416.0000, content_loss=      0.0000, style loss=448979097600000000.0000, tv loss=6513752.0000
L-BFGS | iteration: 001, total loss=448979113571516416.0000, content_loss=     29.6338, style loss=448979097600000000.0000, tv loss=6513752.5000
L-BFGS | iteration: 002, total loss=448978907413086208.0000, content_loss=     40.6628, style loss=448978905600000000.0000, tv loss=6513759.0000
L-BFGS | iteration: 003, total loss=448978014059888640.0000, content_loss=     50.7247, style loss=448978022400000000.0000, tv loss=6513791.0000
L-BFGS | iteration: 004, total loss=448973100617302016.0000, content_loss=     82.6565, style loss=448973107200000000.0000, tv loss=6513967.0000
L-BFGS | iteration: 005, total loss=448945956423991296.0000, content_loss=    462.4066, style loss=448945958400000000.0000, tv loss=6514936.0000
L-BFGS | iteration: 006, total loss=448795666928369664.0000, content_loss=  10785.6110, style loss=448795660800000000.0000, tv loss=6520268.5000
L-BFGS | iteration: 007, total loss=447983127835443200.0000, content_loss= 297050.6907, style loss=447983116800000000.0000, tv loss=6549618.5000
L-BFGS | iteration: 008, total loss=443920466730549248.0000, content_loss=6027261.3525, style loss=443920473600000000.0000, tv loss=6713967.0000
L-BFGS | iteration: 009, total loss=409274099425083392.0000, content_loss=152471704.1016, style loss=409274112000000000.0000, tv loss=9525196.0000
L-BFGS | iteration: 010, total loss=306502163461308416.0000, content_loss=626089111.3281, style loss=306502176000000000.0000, tv loss=19749898.0000
L-BFGS | iteration: 011, total loss=21481393967348056064.0000, content_loss=17433487500.0000, style loss=21481394995200000000.0000, tv loss=121414800.0000
L-BFGS | iteration: 012, total loss=329444607446220800.0000, content_loss=2674025781.2500, style loss=329444620800000000.0000, tv loss=45207832.0000
L-BFGS | iteration: 013, total loss=221044202740383744.0000, content_loss=1572572949.2188, style loss=221044204800000000.0000, tv loss=33618128.0000
L-BFGS | iteration: 014, total loss=185974025242017792.0000, content_loss=2373401562.5000, style loss=185974022400000000.0000, tv loss=42449172.0000
L-BFGS | iteration: 015, total loss=142468145427251200.0000, content_loss=2263820703.1250, style loss=142468147200000000.0000, tv loss=43239112.0000
L-BFGS | iteration: 016, total loss=119301959416020992.0000, content_loss=2465631054.6875, style loss=119301955200000000.0000, tv loss=45993616.0000
L-BFGS | iteration: 017, total loss=100119200953008128.0000, content_loss=2889055859.3750, style loss=100119196800000000.0000, tv loss=50786096.0000
L-BFGS | iteration: 018, total loss=84661149798236160.0000, content_loss=2999063281.2500, style loss=84661152000000000.0000, tv loss=52249164.0000
L-BFGS | iteration: 019, total loss=72352134305153024.0000, content_loss=3162919531.2500, style loss=72352137600000000.0000, tv loss=53272012.0000
L-BFGS | iteration: 020, total loss=62606557157785600.0000, content_loss=3402300000.0000, style loss=62606553600000000.0000, tv loss=54750708.0000
L-BFGS | iteration: 021, total loss=54647690700521472.0000, content_loss=3503570703.1250, style loss=54647688000000000.0000, tv loss=55557696.0000
L-BFGS | iteration: 022, total loss=47892703576326144.0000, content_loss=3519405078.1250, style loss=47892700800000000.0000, tv loss=56032608.0000
L-BFGS | iteration: 023, total loss=42091078932758528.0000, content_loss=3514751953.1250, style loss=42091075200000000.0000, tv loss=56543472.0000
L-BFGS | iteration: 024, total loss=37298320632184832.0000, content_loss=3510545312.5000, style loss=37298316000000000.0000, tv loss=57119680.0000
L-BFGS | iteration: 025, total loss=33050537846898688.0000, content_loss=3533524218.7500, style loss=33050534400000000.0000, tv loss=57807184.0000
L-BFGS | iteration: 026, total loss=29363512434229248.0000, content_loss=3568088671.8750, style loss=29363508000000000.0000, tv loss=58409628.0000
L-BFGS | iteration: 027, total loss=26190631114113024.0000, content_loss=3610375390.6250, style loss=26190626400000000.0000, tv loss=58939256.0000
L-BFGS | iteration: 028, total loss=23446065407590400.0000, content_loss=3654180468.7500, style loss=23446060800000000.0000, tv loss=59380148.0000
L-BFGS | iteration: 029, total loss=21022237121314816.0000, content_loss=3707998437.5000, style loss=21022233600000000.0000, tv loss=59821460.0000
L-BFGS | iteration: 030, total loss=18836663555850240.0000, content_loss=3762197265.6250, style loss=18836659200000000.0000, tv loss=60257984.0000
L-BFGS | iteration: 031, total loss=16848051821871104.0000, content_loss=3816439843.7500, style loss=16848048000000000.0000, tv loss=60795996.0000
L-BFGS | iteration: 032, total loss=15071859506675712.0000, content_loss=3853655859.3750, style loss=15071854800000000.0000, tv loss=61185672.0000
L-BFGS | iteration: 033, total loss=13474374338215936.0000, content_loss=3942973437.5000, style loss=13474370400000000.0000, tv loss=61802472.0000
L-BFGS | iteration: 034, total loss=12148311775510528.0000, content_loss=3929378906.2500, style loss=12148308000000000.0000, tv loss=61788088.0000
L-BFGS | iteration: 035, total loss=11091252678230016.0000, content_loss=4145751171.8750, style loss=11091248400000000.0000, tv loss=63168560.0000
L-BFGS | iteration: 036, total loss=10151129434292224.0000, content_loss=4006508984.3750, style loss=10151125200000000.0000, tv loss=62526100.0000
L-BFGS | iteration: 037, total loss=9495671254024192.0000, content_loss=4054679687.5000, style loss=9495667200000000.0000, tv loss=62894532.0000
L-BFGS | iteration: 038, total loss=10799211008229376.0000, content_loss=4212168750.0000, style loss=10799206800000000.0000, tv loss=64789664.0000
L-BFGS | iteration: 039, total loss=9043222219194368.0000, content_loss=4117813281.2500, style loss=9043217400000000.0000, tv loss=63575056.0000
L-BFGS | iteration: 040, total loss=8515047005356032.0000, content_loss=4171087109.3750, style loss=8515042800000000.0000, tv loss=64058696.0000
L-BFGS | iteration: 041, total loss=7714918757302272.0000, content_loss=4224224609.3750, style loss=7714914600000000.0000, tv loss=64524912.0000
L-BFGS | iteration: 042, total loss=6954755716808704.0000, content_loss=4198166015.6250, style loss=6954751200000000.0000, tv loss=64594472.0000
L-BFGS | iteration: 043, total loss=6626786108506112.0000, content_loss=4206454687.5000, style loss=6626781600000000.0000, tv loss=65021200.0000
L-BFGS | iteration: 044, total loss=6114226858885120.0000, content_loss=4243686718.7500, style loss=6114222600000000.0000, tv loss=65491796.0000
L-BFGS | iteration: 045, total loss=5656075718098944.0000, content_loss=4275852734.3750, style loss=5656071600000000.0000, tv loss=65396968.0000
L-BFGS | iteration: 046, total loss=5907840795410432.0000, content_loss=4247873046.8750, style loss=5907836400000000.0000, tv loss=65563404.0000
L-BFGS | iteration: 047, total loss=5446443733090304.0000, content_loss=4266242578.1250, style loss=5446439400000000.0000, tv loss=65460196.0000
L-BFGS | iteration: 048, total loss=5340267309694976.0000, content_loss=4263710937.5000, style loss=5340262800000000.0000, tv loss=65578552.0000
L-BFGS | iteration: 049, total loss=5198333136076800.0000, content_loss=4260916796.8750, style loss=5198328600000000.0000, tv loss=66468048.0000
L-BFGS | iteration: 050, total loss=5043051814715392.0000, content_loss=4264930078.1250, style loss=5043047400000000.0000, tv loss=66105036.0000
L-BFGS | iteration: 051, total loss=4625900968607744.0000, content_loss=4288271484.3750, style loss=4625896800000000.0000, tv loss=66604968.0000
L-BFGS | iteration: 052, total loss=4353284093509632.0000, content_loss=4324061718.7500, style loss=4353279900000000.0000, tv loss=66615912.0000
L-BFGS | iteration: 053, total loss=6239019818024960.0000, content_loss=4304937109.3750, style loss=6239015400000000.0000, tv loss=67461776.0000
L-BFGS | iteration: 054, total loss=4221316391501824.0000, content_loss=4326121875.0000, style loss=4221312000000000.0000, tv loss=66802904.0000
L-BFGS | iteration: 055, total loss=4071395457761280.0000, content_loss=4308043359.3750, style loss=4071391200000000.0000, tv loss=66909312.0000
L-BFGS | iteration: 056, total loss=3848657111613440.0000, content_loss=4268465625.0000, style loss=3848652900000000.0000, tv loss=67236960.0000
L-BFGS | iteration: 057, total loss=3598601699721216.0000, content_loss=4288469531.2500, style loss=3598597500000000.0000, tv loss=67237800.0000
L-BFGS | iteration: 058, total loss=3543898043449344.0000, content_loss=4313548046.8750, style loss=3543893700000000.0000, tv loss=67495560.0000
L-BFGS | iteration: 059, total loss=3498275827089408.0000, content_loss=4306082812.5000, style loss=3498271500000000.0000, tv loss=67397088.0000
L-BFGS | iteration: 060, total loss=3419787447238656.0000, content_loss=4341750390.6250, style loss=3419783100000000.0000, tv loss=67457536.0000
L-BFGS | iteration: 061, total loss=3248959149572096.0000, content_loss=4429330859.3750, style loss=3248954700000000.0000, tv loss=67673504.0000
L-BFGS | iteration: 062, total loss=3109629605183488.0000, content_loss=4437248046.8750, style loss=3109625100000000.0000, tv loss=67889976.0000
L-BFGS | iteration: 063, total loss=3315694082981888.0000, content_loss=4339772265.6250, style loss=3315689700000000.0000, tv loss=68290072.0000
L-BFGS | iteration: 064, total loss=3029897295429632.0000, content_loss=4399237890.6250, style loss=3029892900000000.0000, tv loss=68039232.0000
L-BFGS | iteration: 065, total loss=2939595608031232.0000, content_loss=4334114062.5000, style loss=2939591400000000.0000, tv loss=67939392.0000
L-BFGS | iteration: 066, total loss=2800652879134720.0000, content_loss=4279698828.1250, style loss=2800648500000000.0000, tv loss=68124672.0000
L-BFGS | iteration: 067, total loss=2650415996862464.0000, content_loss=4257465234.3750, style loss=2650411800000000.0000, tv loss=67696928.0000
L-BFGS | iteration: 068, total loss=2444488421146624.0000, content_loss=4329742578.1250, style loss=2444484000000000.0000, tv loss=68474736.0000
L-BFGS | iteration: 069, total loss=2558485711552512.0000, content_loss=4387451171.8750, style loss=2558481300000000.0000, tv loss=68563776.0000
L-BFGS | iteration: 070, total loss=2388566604775424.0000, content_loss=4348889062.5000, style loss=2388562350000000.0000, tv loss=68496336.0000
L-BFGS | iteration: 071, total loss=2295275888574464.0000, content_loss=4340812500.0000, style loss=2295271500000000.0000, tv loss=68477216.0000
L-BFGS | iteration: 072, total loss=2246934018392064.0000, content_loss=4354751171.8750, style loss=2246929650000000.0000, tv loss=68378968.0000
L-BFGS | iteration: 073, total loss=2205148550004736.0000, content_loss=4365696875.0000, style loss=2205144000000000.0000, tv loss=68482992.0000
L-BFGS | iteration: 074, total loss=2999633882120192.0000, content_loss=4350698828.1250, style loss=2999629500000000.0000, tv loss=69176112.0000
L-BFGS | iteration: 075, total loss=2143381417361408.0000, content_loss=4369396484.3750, style loss=2143376850000000.0000, tv loss=68679088.0000
L-BFGS | iteration: 076, total loss=2067163464597504.0000, content_loss=4377293750.0000, style loss=2067158850000000.0000, tv loss=68804680.0000
L-BFGS | iteration: 077, total loss=1958507100241920.0000, content_loss=4386425781.2500, style loss=1958502600000000.0000, tv loss=68885560.0000
L-BFGS | iteration: 078, total loss=2125397047115776.0000, content_loss=4382915234.3750, style loss=2125392450000000.0000, tv loss=69229736.0000
L-BFGS | iteration: 079, total loss=1926880840122368.0000, content_loss=4388662500.0000, style loss=1926876300000000.0000, tv loss=68996704.0000
L-BFGS | iteration: 080, total loss=1839028894695424.0000, content_loss=4405385546.8750, style loss=1839024300000000.0000, tv loss=69148320.0000
L-BFGS | iteration: 081, total loss=1709744607723520.0000, content_loss=4432004687.5000, style loss=1709740050000000.0000, tv loss=69333392.0000
L-BFGS | iteration: 082, total loss=1653210221641728.0000, content_loss=4430164062.5000, style loss=1653205650000000.0000, tv loss=69414400.0000
L-BFGS | iteration: 083, total loss=2766302536007680.0000, content_loss=4362500781.2500, style loss=2766298200000000.0000, tv loss=70302720.0000
L-BFGS | iteration: 084, total loss=1600365615120384.0000, content_loss=4418589453.1250, style loss=1600361100000000.0000, tv loss=69620144.0000
L-BFGS | iteration: 085, total loss=1571505448157184.0000, content_loss=4406783593.7500, style loss=1571500950000000.0000, tv loss=69554976.0000
L-BFGS | iteration: 086, total loss=1495977911386112.0000, content_loss=4394526953.1250, style loss=1495973400000000.0000, tv loss=69557712.0000
L-BFGS | iteration: 087, total loss=1425095650181120.0000, content_loss=4387790234.3750, style loss=1425091050000000.0000, tv loss=69696880.0000
L-BFGS | iteration: 088, total loss=2531187973160960.0000, content_loss=4317059765.6250, style loss=2531183700000000.0000, tv loss=70370208.0000
L-BFGS | iteration: 089, total loss=1406965385265152.0000, content_loss=4379104687.5000, style loss=1406960850000000.0000, tv loss=69788576.0000
L-BFGS | iteration: 090, total loss=1388555276386304.0000, content_loss=4381779296.8750, style loss=1388550750000000.0000, tv loss=69735488.0000
L-BFGS | iteration: 091, total loss=1339041685438464.0000, content_loss=4392502734.3750, style loss=1339037100000000.0000, tv loss=69683200.0000
L-BFGS | iteration: 092, total loss=1300294906413056.0000, content_loss=4417196484.3750, style loss=1300290300000000.0000, tv loss=69630152.0000
L-BFGS | iteration: 093, total loss=1275248670408704.0000, content_loss=4409830859.3750, style loss=1275244050000000.0000, tv loss=69799384.0000
L-BFGS | iteration: 094, total loss=1252100541513728.0000, content_loss=4397460546.8750, style loss=1252095975000000.0000, tv loss=69960688.0000
L-BFGS | iteration: 095, total loss=1210466336505856.0000, content_loss=4399147656.2500, style loss=1210461750000000.0000, tv loss=70106528.0000
L-BFGS | iteration: 096, total loss=1163110161317888.0000, content_loss=4389732031.2500, style loss=1163105550000000.0000, tv loss=70151440.0000
L-BFGS | iteration: 097, total loss=1198161792073728.0000, content_loss=4408820312.5000, style loss=1198157175000000.0000, tv loss=70285072.0000
L-BFGS | iteration: 098, total loss=1145071835545600.0000, content_loss=4399996093.7500, style loss=1145067225000000.0000, tv loss=70202584.0000
L-BFGS | iteration: 099, total loss=1110455271555072.0000, content_loss=4456246484.3750, style loss=1110450750000000.0000, tv loss=70205384.0000
L-BFGS | iteration: 100, total loss=1082313639198720.0000, content_loss=4441853125.0000, style loss=1082309175000000.0000, tv loss=70229712.0000
L-BFGS | iteration: 101, total loss=1053009547100160.0000, content_loss=4426160546.8750, style loss=1053005025000000.0000, tv loss=70363680.0000
L-BFGS | iteration: 102, total loss=1016180873625600.0000, content_loss=4418755078.1250, style loss=1016176350000000.0000, tv loss=70469928.0000
L-BFGS | iteration: 103, total loss=1492954388627456.0000, content_loss=4372639843.7500, style loss=1492949850000000.0000, tv loss=70995248.0000
L-BFGS | iteration: 104, total loss=1003173229625344.0000, content_loss=4413240234.3750, style loss=1003168725000000.0000, tv loss=70566704.0000
L-BFGS | iteration: 105, total loss=983652670373888.0000, content_loss=4423415234.3750, style loss=983648175000000.0000, tv loss=70584088.0000
L-BFGS | iteration: 106, total loss=957390891515904.0000, content_loss=4430943359.3750, style loss=957386400000000.0000, tv loss=70601264.0000
L-BFGS | iteration: 107, total loss=929581783580672.0000, content_loss=4417771484.3750, style loss=929577300000000.0000, tv loss=70693344.0000
L-BFGS | iteration: 108, total loss=891468176687104.0000, content_loss=4414075781.2500, style loss=891463650000000.0000, tv loss=70638672.0000
L-BFGS | iteration: 109, total loss=896770649358336.0000, content_loss=4409654296.8750, style loss=896766150000000.0000, tv loss=70714832.0000
L-BFGS | iteration: 110, total loss=886996109099008.0000, content_loss=4412738281.2500, style loss=886991625000000.0000, tv loss=70670560.0000
L-BFGS | iteration: 111, total loss=872848621043712.0000, content_loss=4426140625.0000, style loss=872844150000000.0000, tv loss=70710704.0000
L-BFGS | iteration: 112, total loss=842271138250752.0000, content_loss=4439654687.5000, style loss=842266650000000.0000, tv loss=70729136.0000
L-BFGS | iteration: 113, total loss=824287774638080.0000, content_loss=4469052343.7500, style loss=824283225000000.0000, tv loss=70826344.0000
L-BFGS | iteration: 114, total loss=810051769991168.0000, content_loss=4463422265.6250, style loss=810047175000000.0000, tv loss=70889432.0000
L-BFGS | iteration: 115, total loss=797938552930304.0000, content_loss=4448181250.0000, style loss=797934075000000.0000, tv loss=70815936.0000
L-BFGS | iteration: 116, total loss=779528779595776.0000, content_loss=4432187500.0000, style loss=779524275000000.0000, tv loss=70844376.0000
L-BFGS | iteration: 117, total loss=754115256778752.0000, content_loss=4421052343.7500, style loss=754110750000000.0000, tv loss=70958016.0000
L-BFGS | iteration: 118, total loss=728183385096192.0000, content_loss=4410794531.2500, style loss=728178900000000.0000, tv loss=71122824.0000
L-BFGS | iteration: 119, total loss=1025704225406976.0000, content_loss=4365839453.1250, style loss=1025699775000000.0000, tv loss=71527368.0000
L-BFGS | iteration: 120, total loss=722759244054528.0000, content_loss=4404894140.6250, style loss=722754750000000.0000, tv loss=71181664.0000
L-BFGS | iteration: 121, total loss=712814918369280.0000, content_loss=4414436718.7500, style loss=712810425000000.0000, tv loss=71197728.0000
L-BFGS | iteration: 122, total loss=690609601904640.0000, content_loss=4461983984.3750, style loss=690605100000000.0000, tv loss=71265288.0000
L-BFGS | iteration: 123, total loss=674736812064768.0000, content_loss=4461682031.2500, style loss=674732325000000.0000, tv loss=71278448.0000
L-BFGS | iteration: 124, total loss=667761248305152.0000, content_loss=4451292187.5000, style loss=667756725000000.0000, tv loss=71335552.0000
L-BFGS | iteration: 125, total loss=652748391448576.0000, content_loss=4452682031.2500, style loss=652743900000000.0000, tv loss=71291416.0000
L-BFGS | iteration: 126, total loss=645951605702656.0000, content_loss=4450162500.0000, style loss=645947100000000.0000, tv loss=71329720.0000
L-BFGS | iteration: 127, total loss=626301056581632.0000, content_loss=4437865625.0000, style loss=626296575000000.0000, tv loss=71507792.0000
L-BFGS | iteration: 128, total loss=620659549929472.0000, content_loss=4449319921.8750, style loss=620655075000000.0000, tv loss=71558576.0000
L-BFGS | iteration: 129, total loss=609462167535616.0000, content_loss=4441149609.3750, style loss=609457687500000.0000, tv loss=71651432.0000
L-BFGS | iteration: 130, total loss=602292390723584.0000, content_loss=4445486718.7500, style loss=602287875000000.0000, tv loss=71617888.0000
L-BFGS | iteration: 131, total loss=597498737459200.0000, content_loss=4451609375.0000, style loss=597494212500000.0000, tv loss=71550424.0000
L-BFGS | iteration: 132, total loss=587836805873664.0000, content_loss=4459053906.2500, style loss=587832300000000.0000, tv loss=71542712.0000
L-BFGS | iteration: 133, total loss=578973536878592.0000, content_loss=4464042578.1250, style loss=578968987500000.0000, tv loss=71506880.0000
L-BFGS | iteration: 134, total loss=578903542333440.0000, content_loss=4455405468.7500, style loss=578899012500000.0000, tv loss=71610512.0000
L-BFGS | iteration: 135, total loss=572127627444224.0000, content_loss=4460258984.3750, style loss=572123100000000.0000, tv loss=71562032.0000
L-BFGS | iteration: 136, total loss=563508097843200.0000, content_loss=4457912109.3750, style loss=563503612500000.0000, tv loss=71648864.0000
L-BFGS | iteration: 137, total loss=552522108370944.0000, content_loss=4458513671.8750, style loss=552517575000000.0000, tv loss=71725712.0000
L-BFGS | iteration: 138, total loss=547220843659264.0000, content_loss=4455410546.8750, style loss=547216312500000.0000, tv loss=71789296.0000
L-BFGS | iteration: 139, total loss=535495515832320.0000, content_loss=4462138281.2500, style loss=535491000000000.0000, tv loss=71757648.0000
L-BFGS | iteration: 140, total loss=526866825871360.0000, content_loss=4463737109.3750, style loss=526862287500000.0000, tv loss=71775528.0000
L-BFGS | iteration: 141, total loss=514183015694336.0000, content_loss=4464807812.5000, style loss=514178475000000.0000, tv loss=71801704.0000
L-BFGS | iteration: 142, total loss=520608756531200.0000, content_loss=4453835546.8750, style loss=520604212500000.0000, tv loss=71898704.0000
L-BFGS | iteration: 143, total loss=511192544051200.0000, content_loss=4461107421.8750, style loss=511188000000000.0000, tv loss=71839328.0000
L-BFGS | iteration: 144, total loss=504384148471808.0000, content_loss=4460250781.2500, style loss=504379612500000.0000, tv loss=71869544.0000
L-BFGS | iteration: 145, total loss=493886745083904.0000, content_loss=4447970312.5000, style loss=493882200000000.0000, tv loss=71953040.0000
L-BFGS | iteration: 146, total loss=488189840064512.0000, content_loss=4484751953.1250, style loss=488185275000000.0000, tv loss=72006416.0000
L-BFGS | iteration: 147, total loss=480771894673408.0000, content_loss=4478994921.8750, style loss=480767362500000.0000, tv loss=72036176.0000
L-BFGS | iteration: 148, total loss=475554818031616.0000, content_loss=4469217187.5000, style loss=475550287500000.0000, tv loss=71938488.0000
L-BFGS | iteration: 149, total loss=471591301414912.0000, content_loss=4478369921.8750, style loss=471586762500000.0000, tv loss=71985920.0000
L-BFGS | iteration: 150, total loss=466037774483456.0000, content_loss=4494318750.0000, style loss=466033200000000.0000, tv loss=72051680.0000
L-BFGS | iteration: 151, total loss=460398650195968.0000, content_loss=4502078125.0000, style loss=460394100000000.0000, tv loss=72075760.0000
L-BFGS | iteration: 152, total loss=468337997905920.0000, content_loss=4491305859.3750, style loss=468333450000000.0000, tv loss=72106720.0000
L-BFGS | iteration: 153, total loss=456640285376512.0000, content_loss=4499268750.0000, style loss=456635737500000.0000, tv loss=72085952.0000
L-BFGS | iteration: 154, total loss=449567648645120.0000, content_loss=4493048437.5000, style loss=449563087500000.0000, tv loss=72051184.0000
L-BFGS | iteration: 155, total loss=444348525182976.0000, content_loss=4491982421.8750, style loss=444343950000000.0000, tv loss=72080544.0000
L-BFGS | iteration: 156, total loss=451442166988800.0000, content_loss=4476604687.5000, style loss=451437637500000.0000, tv loss=72210736.0000
L-BFGS | iteration: 157, total loss=440734645747712.0000, content_loss=4486725000.0000, style loss=440730075000000.0000, tv loss=72134720.0000
L-BFGS | iteration: 158, total loss=434429365321728.0000, content_loss=4485200390.6250, style loss=434424787500000.0000, tv loss=72180640.0000
L-BFGS | iteration: 159, total loss=428510732615680.0000, content_loss=4481358593.7500, style loss=428506162500000.0000, tv loss=72223408.0000
L-BFGS | iteration: 160, total loss=423904178864128.0000, content_loss=4474853906.2500, style loss=423899662500000.0000, tv loss=72295392.0000
L-BFGS | iteration: 161, total loss=417376969424896.0000, content_loss=4488325781.2500, style loss=417372412500000.0000, tv loss=72280720.0000
L-BFGS | iteration: 162, total loss=414425722912768.0000, content_loss=4482759765.6250, style loss=414421162500000.0000, tv loss=72336048.0000
L-BFGS | iteration: 163, total loss=411462799458304.0000, content_loss=4480254687.5000, style loss=411458250000000.0000, tv loss=72375360.0000
L-BFGS | iteration: 164, total loss=406945030733824.0000, content_loss=4485571484.3750, style loss=406940475000000.0000, tv loss=72384984.0000
L-BFGS | iteration: 165, total loss=401560685248512.0000, content_loss=4498067578.1250, style loss=401556112500000.0000, tv loss=72380432.0000
L-BFGS | iteration: 166, total loss=395700168818688.0000, content_loss=4500679687.5000, style loss=395695612500000.0000, tv loss=72433280.0000
L-BFGS | iteration: 167, total loss=387580466036736.0000, content_loss=4510720703.1250, style loss=387575887500000.0000, tv loss=72476616.0000
L-BFGS | iteration: 168, total loss=385143273422848.0000, content_loss=4509853125.0000, style loss=385138725000000.0000, tv loss=72513464.0000
L-BFGS | iteration: 169, total loss=380246004072448.0000, content_loss=4511971875.0000, style loss=380241450000000.0000, tv loss=72489520.0000
L-BFGS | iteration: 170, total loss=376926900322304.0000, content_loss=4505054687.5000, style loss=376922325000000.0000, tv loss=72519048.0000
L-BFGS | iteration: 171, total loss=371129063571456.0000, content_loss=4495330859.3750, style loss=371124487500000.0000, tv loss=72593992.0000
L-BFGS | iteration: 172, total loss=365337266618368.0000, content_loss=4497890625.0000, style loss=365332687500000.0000, tv loss=72618464.0000
L-BFGS | iteration: 173, total loss=392081725980672.0000, content_loss=4487457421.8750, style loss=392077162500000.0000, tv loss=72741640.0000
L-BFGS | iteration: 174, total loss=362684654551040.0000, content_loss=4497107421.8750, style loss=362680087500000.0000, tv loss=72652072.0000
L-BFGS | iteration: 175, total loss=358672853106688.0000, content_loss=4505374609.3750, style loss=358668300000000.0000, tv loss=72644968.0000
L-BFGS | iteration: 176, total loss=354174378180608.0000, content_loss=4507161328.1250, style loss=354169800000000.0000, tv loss=72668384.0000
L-BFGS | iteration: 177, total loss=348612529750016.0000, content_loss=4510905078.1250, style loss=348607950000000.0000, tv loss=72699712.0000
L-BFGS | iteration: 178, total loss=341835708891136.0000, content_loss=4512250390.6250, style loss=341831137500000.0000, tv loss=72704504.0000
L-BFGS | iteration: 179, total loss=377747507511296.0000, content_loss=4490685937.5000, style loss=377742937500000.0000, tv loss=72836960.0000
L-BFGS | iteration: 180, total loss=340582249529344.0000, content_loss=4508859375.0000, style loss=340577700000000.0000, tv loss=72728512.0000
L-BFGS | iteration: 181, total loss=337531379908608.0000, content_loss=4512850390.6250, style loss=337526812500000.0000, tv loss=72763872.0000
L-BFGS | iteration: 182, total loss=334149562925056.0000, content_loss=4511543359.3750, style loss=334144987500000.0000, tv loss=72771800.0000
L-BFGS | iteration: 183, total loss=330170510606336.0000, content_loss=4515791015.6250, style loss=330165900000000.0000, tv loss=72814336.0000
L-BFGS | iteration: 184, total loss=325416451571712.0000, content_loss=4509356640.6250, style loss=325411875000000.0000, tv loss=72866312.0000
L-BFGS | iteration: 185, total loss=323879323041792.0000, content_loss=4523666796.8750, style loss=323874712500000.0000, tv loss=72840400.0000
L-BFGS | iteration: 186, total loss=319565900808192.0000, content_loss=4522082031.2500, style loss=319561312500000.0000, tv loss=72897616.0000
L-BFGS | iteration: 187, total loss=318209563557888.0000, content_loss=4518860156.2500, style loss=318204975000000.0000, tv loss=72928240.0000
L-BFGS | iteration: 188, total loss=316341185675264.0000, content_loss=4517202343.7500, style loss=316336575000000.0000, tv loss=72945840.0000
L-BFGS | iteration: 189, total loss=312278247276544.0000, content_loss=4522716015.6250, style loss=312273656250000.0000, tv loss=72969776.0000
L-BFGS | iteration: 190, total loss=308949681176576.0000, content_loss=4523661718.7500, style loss=308945100000000.0000, tv loss=73006688.0000
L-BFGS | iteration: 191, total loss=306436185784320.0000, content_loss=4521573437.5000, style loss=306431587500000.0000, tv loss=73062448.0000
L-BFGS | iteration: 192, total loss=302784893157376.0000, content_loss=4524807812.5000, style loss=302780306250000.0000, tv loss=73074976.0000
L-BFGS | iteration: 193, total loss=300807530479616.0000, content_loss=4524962109.3750, style loss=300802931250000.0000, tv loss=73100784.0000
L-BFGS | iteration: 194, total loss=296550681018368.0000, content_loss=4525172265.6250, style loss=296546100000000.0000, tv loss=73122784.0000
L-BFGS | iteration: 195, total loss=292238466744320.0000, content_loss=4524648828.1250, style loss=292233881250000.0000, tv loss=73134112.0000
L-BFGS | iteration: 196, total loss=291406719483904.0000, content_loss=4523886718.7500, style loss=291402131250000.0000, tv loss=73178048.0000
L-BFGS | iteration: 197, total loss=290452901199872.0000, content_loss=4524803906.2500, style loss=290448300000000.0000, tv loss=73160264.0000
L-BFGS | iteration: 198, total loss=288590026244096.0000, content_loss=4538574609.3750, style loss=288585431250000.0000, tv loss=73149760.0000
L-BFGS | iteration: 199, total loss=285648611180544.0000, content_loss=4526497656.2500, style loss=285644006250000.0000, tv loss=73173504.0000
L-BFGS | iteration: 200, total loss=284068365205504.0000, content_loss=4522953125.0000, style loss=284063756250000.0000, tv loss=73178832.0000
L-BFGS | iteration: 201, total loss=282767728312320.0000, content_loss=4515176562.5000, style loss=282763143750000.0000, tv loss=73219216.0000
L-BFGS | iteration: 202, total loss=280317734682624.0000, content_loss=4521833593.7500, style loss=280313137500000.0000, tv loss=73216032.0000
L-BFGS | iteration: 203, total loss=279148245286912.0000, content_loss=4523613281.2500, style loss=279143643750000.0000, tv loss=73224720.0000
L-BFGS | iteration: 204, total loss=276718384316416.0000, content_loss=4526463671.8750, style loss=276713793750000.0000, tv loss=73270864.0000
L-BFGS | iteration: 205, total loss=275244640108544.0000, content_loss=4530480468.7500, style loss=275240043750000.0000, tv loss=73269264.0000
L-BFGS | iteration: 206, total loss=273498635239424.0000, content_loss=4530339062.5000, style loss=273494043750000.0000, tv loss=73297952.0000
L-BFGS | iteration: 207, total loss=270450483527680.0000, content_loss=4533826953.1250, style loss=270445893750000.0000, tv loss=73387024.0000
L-BFGS | iteration: 208, total loss=268369404100608.0000, content_loss=4543933203.1250, style loss=268364793750000.0000, tv loss=73355920.0000
L-BFGS | iteration: 209, total loss=266874990362624.0000, content_loss=4543075390.6250, style loss=266870381250000.0000, tv loss=73372536.0000
L-BFGS | iteration: 210, total loss=265996669550592.0000, content_loss=4543139453.1250, style loss=265992056250000.0000, tv loss=73398032.0000
L-BFGS | iteration: 211, total loss=265171045974016.0000, content_loss=4543850781.2500, style loss=265166437500000.0000, tv loss=73403176.0000
L-BFGS | iteration: 212, total loss=261730944942080.0000, content_loss=4544412109.3750, style loss=261726337500000.0000, tv loss=73447584.0000
L-BFGS | iteration: 213, total loss=259719390298112.0000, content_loss=4544108203.1250, style loss=259714781250000.0000, tv loss=73436536.0000
L-BFGS | iteration: 214, total loss=258066398314496.0000, content_loss=4541739062.5000, style loss=258061781250000.0000, tv loss=73465856.0000
L-BFGS | iteration: 215, total loss=256863807471616.0000, content_loss=4538796484.3750, style loss=256859193750000.0000, tv loss=73505952.0000
L-BFGS | iteration: 216, total loss=255368907194368.0000, content_loss=4539784375.0000, style loss=255364293750000.0000, tv loss=73502336.0000
L-BFGS | iteration: 217, total loss=252883060654080.0000, content_loss=4536538671.8750, style loss=252878456250000.0000, tv loss=73521256.0000
L-BFGS | iteration: 218, total loss=249066546003968.0000, content_loss=4538475781.2500, style loss=249061931250000.0000, tv loss=73605592.0000
L-BFGS | iteration: 219, total loss=247039724093440.0000, content_loss=4547333203.1250, style loss=247035112500000.0000, tv loss=73556176.0000
L-BFGS | iteration: 220, total loss=246552463409152.0000, content_loss=4542532812.5000, style loss=246547856250000.0000, tv loss=73606352.0000
L-BFGS | iteration: 221, total loss=245711253798912.0000, content_loss=4544990625.0000, style loss=245706637500000.0000, tv loss=73585576.0000
L-BFGS | iteration: 222, total loss=244442678165504.0000, content_loss=4546259375.0000, style loss=244438068750000.0000, tv loss=73630904.0000
L-BFGS | iteration: 223, total loss=242401025196032.0000, content_loss=4548626953.1250, style loss=242396418750000.0000, tv loss=73648664.0000
L-BFGS | iteration: 224, total loss=239734186049536.0000, content_loss=4556759375.0000, style loss=239729550000000.0000, tv loss=73705744.0000
L-BFGS | iteration: 225, total loss=237363850641408.0000, content_loss=4551493750.0000, style loss=237359231250000.0000, tv loss=73707032.0000
L-BFGS | iteration: 226, total loss=235650511011840.0000, content_loss=4554930468.7500, style loss=235645893750000.0000, tv loss=73710064.0000
L-BFGS | iteration: 227, total loss=233994247471104.0000, content_loss=4557820703.1250, style loss=233989612500000.0000, tv loss=73717696.0000
L-BFGS | iteration: 228, total loss=256058400440320.0000, content_loss=4538460937.5000, style loss=256053787500000.0000, tv loss=73847104.0000
L-BFGS | iteration: 229, total loss=233393589583872.0000, content_loss=4555036328.1250, style loss=233388956250000.0000, tv loss=73740704.0000
L-BFGS | iteration: 230, total loss=232403180191744.0000, content_loss=4553723828.1250, style loss=232398562500000.0000, tv loss=73754576.0000
L-BFGS | iteration: 231, total loss=229986187345920.0000, content_loss=4550620703.1250, style loss=229981575000000.0000, tv loss=73793992.0000
L-BFGS | iteration: 232, total loss=227531126996992.0000, content_loss=4553716796.8750, style loss=227526506250000.0000, tv loss=73820584.0000
L-BFGS | iteration: 233, total loss=226166350807040.0000, content_loss=4534650390.6250, style loss=226161750000000.0000, tv loss=73879456.0000
L-BFGS | iteration: 234, total loss=224840782970880.0000, content_loss=4542769531.2500, style loss=224836162500000.0000, tv loss=73855744.0000
L-BFGS | iteration: 235, total loss=224133203886080.0000, content_loss=4547373437.5000, style loss=224128593750000.0000, tv loss=73849200.0000
L-BFGS | iteration: 236, total loss=223571855015936.0000, content_loss=4546546484.3750, style loss=223567237500000.0000, tv loss=73906576.0000
L-BFGS | iteration: 237, total loss=222124115492864.0000, content_loss=4547534765.6250, style loss=222119493750000.0000, tv loss=73881656.0000
L-BFGS | iteration: 238, total loss=220969255829504.0000, content_loss=4557151953.1250, style loss=220964625000000.0000, tv loss=73888768.0000
L-BFGS | iteration: 239, total loss=220138682974208.0000, content_loss=4558569140.6250, style loss=220134056250000.0000, tv loss=73899512.0000
L-BFGS | iteration: 240, total loss=218084061216768.0000, content_loss=4562835546.8750, style loss=218079431250000.0000, tv loss=73919744.0000
L-BFGS | iteration: 241, total loss=216035714138112.0000, content_loss=4567400390.6250, style loss=216031087500000.0000, tv loss=73955168.0000
L-BFGS | iteration: 242, total loss=214097039720448.0000, content_loss=4566307812.5000, style loss=214092412500000.0000, tv loss=73975776.0000
L-BFGS | iteration: 243, total loss=212443108212736.0000, content_loss=4568394140.6250, style loss=212438475000000.0000, tv loss=73951656.0000
L-BFGS | iteration: 244, total loss=211521535737856.0000, content_loss=4564741015.6250, style loss=211516912500000.0000, tv loss=74009024.0000
L-BFGS | iteration: 245, total loss=210800585211904.0000, content_loss=4566996875.0000, style loss=210795956250000.0000, tv loss=74027528.0000
L-BFGS | iteration: 246, total loss=209972814151680.0000, content_loss=4567589062.5000, style loss=209968181250000.0000, tv loss=74031064.0000
L-BFGS | iteration: 247, total loss=209533838295040.0000, content_loss=4564306640.6250, style loss=209529206250000.0000, tv loss=74096928.0000
L-BFGS | iteration: 248, total loss=208092004352000.0000, content_loss=4566905078.1250, style loss=208087368750000.0000, tv loss=74068176.0000
L-BFGS | iteration: 249, total loss=206833159503872.0000, content_loss=4567245703.1250, style loss=206828531250000.0000, tv loss=74045664.0000
L-BFGS | iteration: 250, total loss=205869526548480.0000, content_loss=4563599218.7500, style loss=205864893750000.0000, tv loss=74070184.0000
L-BFGS | iteration: 251, total loss=204265607921664.0000, content_loss=4563034375.0000, style loss=204260981250000.0000, tv loss=74115744.0000
L-BFGS | iteration: 252, total loss=202424392351744.0000, content_loss=4566657421.8750, style loss=202419768750000.0000, tv loss=74127776.0000
L-BFGS | iteration: 253, total loss=200259577839616.0000, content_loss=4564091015.6250, style loss=200254950000000.0000, tv loss=74152448.0000
L-BFGS | iteration: 254, total loss=209436413001728.0000, content_loss=4549680468.7500, style loss=209431800000000.0000, tv loss=74244440.0000
L-BFGS | iteration: 255, total loss=199838587158528.0000, content_loss=4561802734.3750, style loss=199833956250000.0000, tv loss=74171312.0000
L-BFGS | iteration: 256, total loss=198849536720896.0000, content_loss=4565150390.6250, style loss=198844912500000.0000, tv loss=74185488.0000
L-BFGS | iteration: 257, total loss=197582101938176.0000, content_loss=4566279687.5000, style loss=197577468750000.0000, tv loss=74203288.0000
L-BFGS | iteration: 258, total loss=195743369396224.0000, content_loss=4567270703.1250, style loss=195738731250000.0000, tv loss=74254832.0000
L-BFGS | iteration: 259, total loss=194307659137024.0000, content_loss=4577580468.7500, style loss=194303006250000.0000, tv loss=74262048.0000
L-BFGS | iteration: 260, total loss=195091272564736.0000, content_loss=4572253125.0000, style loss=195086625000000.0000, tv loss=74317184.0000
L-BFGS | iteration: 261, total loss=193607445250048.0000, content_loss=4575612500.0000, style loss=193602806250000.0000, tv loss=74286504.0000
L-BFGS | iteration: 262, total loss=192725097906176.0000, content_loss=4575499609.3750, style loss=192720450000000.0000, tv loss=74294712.0000
L-BFGS | iteration: 263, total loss=191316247969792.0000, content_loss=4574523828.1250, style loss=191311593750000.0000, tv loss=74293472.0000
L-BFGS | iteration: 264, total loss=190351507718144.0000, content_loss=4575695703.1250, style loss=190346868750000.0000, tv loss=74302208.0000
L-BFGS | iteration: 265, total loss=189297764335616.0000, content_loss=4574742968.7500, style loss=189293118750000.0000, tv loss=74335600.0000
L-BFGS | iteration: 266, total loss=187881347874816.0000, content_loss=4577403125.0000, style loss=187876706250000.0000, tv loss=74327832.0000
L-BFGS | iteration: 267, total loss=187114293559296.0000, content_loss=4578141015.6250, style loss=187109643750000.0000, tv loss=74352768.0000
L-BFGS | iteration: 268, total loss=185240815403008.0000, content_loss=4580590234.3750, style loss=185236162500000.0000, tv loss=74399312.0000
L-BFGS | iteration: 269, total loss=185173723316224.0000, content_loss=4579266015.6250, style loss=185169075000000.0000, tv loss=74423120.0000
L-BFGS | iteration: 270, total loss=184615360790528.0000, content_loss=4580306640.6250, style loss=184610718750000.0000, tv loss=74411984.0000
L-BFGS | iteration: 271, total loss=183362102755328.0000, content_loss=4583366406.2500, style loss=183357450000000.0000, tv loss=74399904.0000
L-BFGS | iteration: 272, total loss=182415012134912.0000, content_loss=4577145703.1250, style loss=182410368750000.0000, tv loss=74452384.0000
L-BFGS | iteration: 273, total loss=181521054957568.0000, content_loss=4581140234.3750, style loss=181516406250000.0000, tv loss=74451120.0000
L-BFGS | iteration: 274, total loss=180580742332416.0000, content_loss=4583550000.0000, style loss=180576093750000.0000, tv loss=74458552.0000
L-BFGS | iteration: 275, total loss=179963475001344.0000, content_loss=4582785156.2500, style loss=179958825000000.0000, tv loss=74470960.0000
L-BFGS | iteration: 276, total loss=179330185428992.0000, content_loss=4583754687.5000, style loss=179325543750000.0000, tv loss=74467136.0000
L-BFGS | iteration: 277, total loss=178554725728256.0000, content_loss=4583296875.0000, style loss=178550081250000.0000, tv loss=74492680.0000
L-BFGS | iteration: 278, total loss=177034978394112.0000, content_loss=4584050000.0000, style loss=177030337500000.0000, tv loss=74545336.0000
L-BFGS | iteration: 279, total loss=175436378144768.0000, content_loss=4580031250.0000, style loss=175431731250000.0000, tv loss=74585072.0000
L-BFGS | iteration: 280, total loss=175916927942656.0000, content_loss=4575112890.6250, style loss=175912275000000.0000, tv loss=74637960.0000
L-BFGS | iteration: 281, total loss=174947909500928.0000, content_loss=4578298828.1250, style loss=174943256250000.0000, tv loss=74608752.0000
L-BFGS | iteration: 282, total loss=173981592190976.0000, content_loss=4582942968.7500, style loss=173976937500000.0000, tv loss=74608560.0000
L-BFGS | iteration: 283, total loss=173334612410368.0000, content_loss=4581541015.6250, style loss=173329968750000.0000, tv loss=74609952.0000
L-BFGS | iteration: 284, total loss=172268973981696.0000, content_loss=4579436718.7500, style loss=172264331250000.0000, tv loss=74625872.0000
L-BFGS | iteration: 285, total loss=170993100259328.0000, content_loss=4584719531.2500, style loss=170988450000000.0000, tv loss=74630064.0000
L-BFGS | iteration: 286, total loss=172225470660608.0000, content_loss=4579678125.0000, style loss=172220831250000.0000, tv loss=74683592.0000
L-BFGS | iteration: 287, total loss=170406937886720.0000, content_loss=4583316796.8750, style loss=170402287500000.0000, tv loss=74651640.0000
L-BFGS | iteration: 288, total loss=169794905047040.0000, content_loss=4584327343.7500, style loss=169790250000000.0000, tv loss=74661536.0000
L-BFGS | iteration: 289, total loss=168219071479808.0000, content_loss=4583667578.1250, style loss=168214425000000.0000, tv loss=74706912.0000
L-BFGS | iteration: 290, total loss=167327496667136.0000, content_loss=4586868359.3750, style loss=167322843750000.0000, tv loss=74714016.0000
L-BFGS | iteration: 291, total loss=166655904710656.0000, content_loss=4582854687.5000, style loss=166651256250000.0000, tv loss=74750960.0000
L-BFGS | iteration: 292, total loss=166113916747776.0000, content_loss=4583980078.1250, style loss=166109268750000.0000, tv loss=74739600.0000
L-BFGS | iteration: 293, total loss=165542098894848.0000, content_loss=4583039062.5000, style loss=165537450000000.0000, tv loss=74744792.0000
L-BFGS | iteration: 294, total loss=164436480360448.0000, content_loss=4583572265.6250, style loss=164431837500000.0000, tv loss=74768496.0000
L-BFGS | iteration: 295, total loss=163939354673152.0000, content_loss=4581205468.7500, style loss=163934700000000.0000, tv loss=74799424.0000
L-BFGS | iteration: 296, total loss=163444829454336.0000, content_loss=4582888281.2500, style loss=163440187500000.0000, tv loss=74786696.0000
L-BFGS | iteration: 297, total loss=162467774726144.0000, content_loss=4585439843.7500, style loss=162463125000000.0000, tv loss=74794624.0000
L-BFGS | iteration: 298, total loss=161936037642240.0000, content_loss=4585018359.3750, style loss=161931393750000.0000, tv loss=74834904.0000
L-BFGS | iteration: 299, total loss=161260737921024.0000, content_loss=4588109765.6250, style loss=161256093750000.0000, tv loss=74834448.0000
L-BFGS | iteration: 300, total loss=160589213073408.0000, content_loss=4588926171.8750, style loss=160584543750000.0000, tv loss=74838968.0000
L-BFGS | iteration: 301, total loss=159232557056000.0000, content_loss=4585172265.6250, style loss=159227906250000.0000, tv loss=74881800.0000
L-BFGS | iteration: 302, total loss=158242751643648.0000, content_loss=4591260546.8750, style loss=158238093750000.0000, tv loss=74861824.0000
L-BFGS | iteration: 303, total loss=158324339245056.0000, content_loss=4586527734.3750, style loss=158319693750000.0000, tv loss=74903552.0000
L-BFGS | iteration: 304, total loss=157787602550784.0000, content_loss=4589250000.0000, style loss=157782937500000.0000, tv loss=74883344.0000
L-BFGS | iteration: 305, total loss=157199443689472.0000, content_loss=4588424218.7500, style loss=157194796875000.0000, tv loss=74916016.0000
L-BFGS | iteration: 306, total loss=156563973079040.0000, content_loss=4588875781.2500, style loss=156559303125000.0000, tv loss=74927280.0000
L-BFGS | iteration: 307, total loss=155439312404480.0000, content_loss=4588521875.0000, style loss=155434668750000.0000, tv loss=74963696.0000
L-BFGS | iteration: 308, total loss=154468012261376.0000, content_loss=4592163281.2500, style loss=154463353125000.0000, tv loss=74969552.0000
L-BFGS | iteration: 309, total loss=154125018857472.0000, content_loss=4589324609.3750, style loss=154120350000000.0000, tv loss=74996384.0000
L-BFGS | iteration: 310, total loss=153471311413248.0000, content_loss=4591817578.1250, style loss=153466650000000.0000, tv loss=74979816.0000
L-BFGS | iteration: 311, total loss=153102682423296.0000, content_loss=4591390625.0000, style loss=153098025000000.0000, tv loss=74987296.0000
L-BFGS | iteration: 312, total loss=151776829374464.0000, content_loss=4590435937.5000, style loss=151772165625000.0000, tv loss=75038704.0000
L-BFGS | iteration: 313, total loss=150937582698496.0000, content_loss=4589546093.7500, style loss=150932925000000.0000, tv loss=75056536.0000
L-BFGS | iteration: 314, total loss=150460153462784.0000, content_loss=4591294140.6250, style loss=150455493750000.0000, tv loss=75078496.0000
L-BFGS | iteration: 315, total loss=149710060912640.0000, content_loss=4596392578.1250, style loss=149705390625000.0000, tv loss=75093360.0000
L-BFGS | iteration: 316, total loss=149553881808896.0000, content_loss=4593172265.6250, style loss=149549221875000.0000, tv loss=75124000.0000
L-BFGS | iteration: 317, total loss=149333362081792.0000, content_loss=4594738281.2500, style loss=149328703125000.0000, tv loss=75111384.0000
L-BFGS | iteration: 318, total loss=148603116978176.0000, content_loss=4596013671.8750, style loss=148598446875000.0000, tv loss=75109296.0000
L-BFGS | iteration: 319, total loss=147852789547008.0000, content_loss=4597869531.2500, style loss=147848128125000.0000, tv loss=75126640.0000
L-BFGS | iteration: 320, total loss=146852666146816.0000, content_loss=4595344531.2500, style loss=146848003125000.0000, tv loss=75138096.0000
L-BFGS | iteration: 321, total loss=146037830320128.0000, content_loss=4596663671.8750, style loss=146033165625000.0000, tv loss=75167184.0000
L-BFGS | iteration: 322, total loss=146018872066048.0000, content_loss=4601049218.7500, style loss=146014200000000.0000, tv loss=75164608.0000
L-BFGS | iteration: 323, total loss=145235778732032.0000, content_loss=4595429687.5000, style loss=145231115625000.0000, tv loss=75191952.0000
L-BFGS | iteration: 324, total loss=144984808357888.0000, content_loss=4595103125.0000, style loss=144980146875000.0000, tv loss=75187664.0000
L-BFGS | iteration: 325, total loss=144599972577280.0000, content_loss=4595125000.0000, style loss=144595303125000.0000, tv loss=75194592.0000
L-BFGS | iteration: 326, total loss=143493263523840.0000, content_loss=4594651171.8750, style loss=143488603125000.0000, tv loss=75230880.0000
L-BFGS | iteration: 327, total loss=142734077722624.0000, content_loss=4598031640.6250, style loss=142729415625000.0000, tv loss=75229616.0000
L-BFGS | iteration: 328, total loss=142401083539456.0000, content_loss=4595675000.0000, style loss=142396415625000.0000, tv loss=75266832.0000
L-BFGS | iteration: 329, total loss=141776367124480.0000, content_loss=4599069140.6250, style loss=141771703125000.0000, tv loss=75261312.0000
L-BFGS | iteration: 330, total loss=141417183707136.0000, content_loss=4599867968.7500, style loss=141412518750000.0000, tv loss=75268928.0000
L-BFGS | iteration: 331, total loss=140272314875904.0000, content_loss=4598136328.1250, style loss=140267643750000.0000, tv loss=75316000.0000
L-BFGS | iteration: 332, total loss=139528069185536.0000, content_loss=4598160937.5000, style loss=139523400000000.0000, tv loss=75318128.0000
L-BFGS | iteration: 333, total loss=139290940014592.0000, content_loss=4596646875.0000, style loss=139286268750000.0000, tv loss=75346624.0000
L-BFGS | iteration: 334, total loss=138960311418880.0000, content_loss=4598492187.5000, style loss=138955640625000.0000, tv loss=75357376.0000
L-BFGS | iteration: 335, total loss=138271506038784.0000, content_loss=4601630078.1250, style loss=138266821875000.0000, tv loss=75367656.0000
L-BFGS | iteration: 336, total loss=137327896690688.0000, content_loss=4605369140.6250, style loss=137323218750000.0000, tv loss=75414384.0000
L-BFGS | iteration: 337, total loss=136392566898688.0000, content_loss=4609632812.5000, style loss=136387875000000.0000, tv loss=75368528.0000
L-BFGS | iteration: 338, total loss=136395662295040.0000, content_loss=4602848046.8750, style loss=136390978125000.0000, tv loss=75399720.0000
L-BFGS | iteration: 339, total loss=136053180596224.0000, content_loss=4606194921.8750, style loss=136048500000000.0000, tv loss=75384832.0000
L-BFGS | iteration: 340, total loss=135461171363840.0000, content_loss=4601083203.1250, style loss=135456496875000.0000, tv loss=75425136.0000
L-BFGS | iteration: 341, total loss=135048225357824.0000, content_loss=4601897656.2500, style loss=135043546875000.0000, tv loss=75417040.0000
L-BFGS | iteration: 342, total loss=134532359520256.0000, content_loss=4602319140.6250, style loss=134527678125000.0000, tv loss=75417048.0000
L-BFGS | iteration: 343, total loss=134072831574016.0000, content_loss=4601846484.3750, style loss=134068153125000.0000, tv loss=75437344.0000
L-BFGS | iteration: 344, total loss=133394428067840.0000, content_loss=4603489453.1250, style loss=133389750000000.0000, tv loss=75472376.0000
L-BFGS | iteration: 345, total loss=132867002728448.0000, content_loss=4602418750.0000, style loss=132862321875000.0000, tv loss=75502816.0000
L-BFGS | iteration: 346, total loss=132115576389632.0000, content_loss=4606546484.3750, style loss=132110896875000.0000, tv loss=75543424.0000
L-BFGS | iteration: 347, total loss=132048660463616.0000, content_loss=4604739062.5000, style loss=132043978125000.0000, tv loss=75561824.0000
L-BFGS | iteration: 348, total loss=131914023305216.0000, content_loss=4605643750.0000, style loss=131909343750000.0000, tv loss=75553872.0000
L-BFGS | iteration: 349, total loss=131562456743936.0000, content_loss=4607214453.1250, style loss=131557771875000.0000, tv loss=75538880.0000
L-BFGS | iteration: 350, total loss=131139930947584.0000, content_loss=4609129687.5000, style loss=131135250000000.0000, tv loss=75547240.0000
L-BFGS | iteration: 351, total loss=130384452911104.0000, content_loss=4610287109.3750, style loss=130379765625000.0000, tv loss=75577392.0000
L-BFGS | iteration: 352, total loss=129478860734464.0000, content_loss=4612767968.7500, style loss=129474168750000.0000, tv loss=75619808.0000
L-BFGS | iteration: 353, total loss=129331481280512.0000, content_loss=4607680859.3750, style loss=129326803125000.0000, tv loss=75659616.0000
L-BFGS | iteration: 354, total loss=129184135380992.0000, content_loss=4609858984.3750, style loss=129179446875000.0000, tv loss=75644152.0000
L-BFGS | iteration: 355, total loss=128538095124480.0000, content_loss=4606898437.5000, style loss=128533415625000.0000, tv loss=75647392.0000
L-BFGS | iteration: 356, total loss=128168224620544.0000, content_loss=4608051953.1250, style loss=128163543750000.0000, tv loss=75658176.0000
L-BFGS | iteration: 357, total loss=127599007236096.0000, content_loss=4609721093.7500, style loss=127594321875000.0000, tv loss=75667592.0000
L-BFGS | iteration: 358, total loss=127086027079680.0000, content_loss=4609587500.0000, style loss=127081340625000.0000, tv loss=75665784.0000
L-BFGS | iteration: 359, total loss=127217677893632.0000, content_loss=4604595312.5000, style loss=127212993750000.0000, tv loss=75696584.0000
L-BFGS | iteration: 360, total loss=126878073487360.0000, content_loss=4607432812.5000, style loss=126873393750000.0000, tv loss=75680320.0000
L-BFGS | iteration: 361, total loss=126542881488896.0000, content_loss=4609101562.5000, style loss=126538200000000.0000, tv loss=75687968.0000
L-BFGS | iteration: 362, total loss=126135664902144.0000, content_loss=4609809375.0000, style loss=126130978125000.0000, tv loss=75704488.0000
L-BFGS | iteration: 363, total loss=125567672254464.0000, content_loss=4611849609.3750, style loss=125562984375000.0000, tv loss=75724680.0000
L-BFGS | iteration: 364, total loss=124707470835712.0000, content_loss=4609238281.2500, style loss=124702790625000.0000, tv loss=75763184.0000
L-BFGS | iteration: 365, total loss=124159803785216.0000, content_loss=4616689453.1250, style loss=124155112500000.0000, tv loss=75759592.0000
L-BFGS | iteration: 366, total loss=125219561799680.0000, content_loss=4609995312.5000, style loss=125214871875000.0000, tv loss=75805328.0000
L-BFGS | iteration: 367, total loss=123900553854976.0000, content_loss=4614780078.1250, style loss=123895865625000.0000, tv loss=75775552.0000
L-BFGS | iteration: 368, total loss=123462450413568.0000, content_loss=4610862109.3750, style loss=123457762500000.0000, tv loss=75785328.0000
L-BFGS | iteration: 369, total loss=123175492911104.0000, content_loss=4609992578.1250, style loss=123170803125000.0000, tv loss=75795256.0000
L-BFGS | iteration: 370, total loss=122816074612736.0000, content_loss=4609750781.2500, style loss=122811384375000.0000, tv loss=75815952.0000
L-BFGS | iteration: 371, total loss=122284295585792.0000, content_loss=4612283203.1250, style loss=122279606250000.0000, tv loss=75837088.0000
L-BFGS | iteration: 372, total loss=122135657840640.0000, content_loss=4612315625.0000, style loss=122130965625000.0000, tv loss=75869424.0000
L-BFGS | iteration: 373, total loss=121649630281728.0000, content_loss=4615833203.1250, style loss=121644937500000.0000, tv loss=75853104.0000
L-BFGS | iteration: 374, total loss=121430771499008.0000, content_loss=4616837890.6250, style loss=121426078125000.0000, tv loss=75856248.0000
L-BFGS | iteration: 375, total loss=120673078870016.0000, content_loss=4613576953.1250, style loss=120668390625000.0000, tv loss=75888888.0000
L-BFGS | iteration: 376, total loss=120132089151488.0000, content_loss=4611778906.2500, style loss=120127396875000.0000, tv loss=75895592.0000
L-BFGS | iteration: 377, total loss=119834780106752.0000, content_loss=4610676562.5000, style loss=119830087500000.0000, tv loss=75909120.0000
L-BFGS | iteration: 378, total loss=119486929698816.0000, content_loss=4613367187.5000, style loss=119482237500000.0000, tv loss=75909440.0000
L-BFGS | iteration: 379, total loss=119208872509440.0000, content_loss=4612940625.0000, style loss=119204184375000.0000, tv loss=75928296.0000
L-BFGS | iteration: 380, total loss=118607090548736.0000, content_loss=4614615625.0000, style loss=118602403125000.0000, tv loss=75968464.0000
L-BFGS | iteration: 381, total loss=118082517336064.0000, content_loss=4619152343.7500, style loss=118077815625000.0000, tv loss=75977840.0000
L-BFGS | iteration: 382, total loss=117817848365056.0000, content_loss=4620744921.8750, style loss=117813150000000.0000, tv loss=76001056.0000
L-BFGS | iteration: 383, total loss=117520522543104.0000, content_loss=4621765234.3750, style loss=117515821875000.0000, tv loss=75985640.0000
L-BFGS | iteration: 384, total loss=117364620263424.0000, content_loss=4621178125.0000, style loss=117359925000000.0000, tv loss=75991056.0000
L-BFGS | iteration: 385, total loss=116861161177088.0000, content_loss=4617564062.5000, style loss=116856468750000.0000, tv loss=76015720.0000
L-BFGS | iteration: 386, total loss=116356242472960.0000, content_loss=4615090625.0000, style loss=116351550000000.0000, tv loss=76035248.0000
L-BFGS | iteration: 387, total loss=115968210632704.0000, content_loss=4613614453.1250, style loss=115963518750000.0000, tv loss=76043152.0000
L-BFGS | iteration: 388, total loss=115656682897408.0000, content_loss=4614983593.7500, style loss=115651996875000.0000, tv loss=76042792.0000
L-BFGS | iteration: 389, total loss=115467293294592.0000, content_loss=4613017187.5000, style loss=115462603125000.0000, tv loss=76070624.0000
L-BFGS | iteration: 390, total loss=115223553900544.0000, content_loss=4614501953.1250, style loss=115218862500000.0000, tv loss=76072368.0000
L-BFGS | iteration: 391, total loss=114812646326272.0000, content_loss=4616048437.5000, style loss=114807956250000.0000, tv loss=76080712.0000
L-BFGS | iteration: 392, total loss=114282301751296.0000, content_loss=4618460546.8750, style loss=114277603125000.0000, tv loss=76101440.0000
L-BFGS | iteration: 393, total loss=113855246106624.0000, content_loss=4614894921.8750, style loss=113850553125000.0000, tv loss=76117168.0000
L-BFGS | iteration: 394, total loss=113484226363392.0000, content_loss=4618439843.7500, style loss=113479528125000.0000, tv loss=76103792.0000
L-BFGS | iteration: 395, total loss=113247566954496.0000, content_loss=4619272265.6250, style loss=113242865625000.0000, tv loss=76130176.0000
L-BFGS | iteration: 396, total loss=113083292844032.0000, content_loss=4619177343.7500, style loss=113078596875000.0000, tv loss=76143960.0000
L-BFGS | iteration: 397, total loss=112782544470016.0000, content_loss=4619905468.7500, style loss=112777846875000.0000, tv loss=76158016.0000
L-BFGS | iteration: 398, total loss=112254506762240.0000, content_loss=4619839843.7500, style loss=112249809375000.0000, tv loss=76169224.0000
L-BFGS | iteration: 399, total loss=111660115165184.0000, content_loss=4621262500.0000, style loss=111655415625000.0000, tv loss=76196896.0000
L-BFGS | iteration: 400, total loss=111507517997056.0000, content_loss=4619095312.5000, style loss=111502818750000.0000, tv loss=76208960.0000
L-BFGS | iteration: 401, total loss=111199496699904.0000, content_loss=4621505859.3750, style loss=111194803125000.0000, tv loss=76189552.0000
L-BFGS | iteration: 402, total loss=111041203666944.0000, content_loss=4621201562.5000, style loss=111036506250000.0000, tv loss=76204816.0000
L-BFGS | iteration: 403, total loss=110706187829248.0000, content_loss=4620751562.5000, style loss=110701490625000.0000, tv loss=76247056.0000
L-BFGS | iteration: 404, total loss=110423206526976.0000, content_loss=4622180859.3750, style loss=110418506250000.0000, tv loss=76254000.0000
L-BFGS | iteration: 405, total loss=110101595684864.0000, content_loss=4622530859.3750, style loss=110096896875000.0000, tv loss=76262088.0000
L-BFGS | iteration: 406, total loss=109680219127808.0000, content_loss=4623753906.2500, style loss=109675518750000.0000, tv loss=76270784.0000
L-BFGS | iteration: 407, total loss=109265444405248.0000, content_loss=4621943359.3750, style loss=109260750000000.0000, tv loss=76288384.0000
L-BFGS | iteration: 408, total loss=108780834521088.0000, content_loss=4623929296.8750, style loss=108776137500000.0000, tv loss=76309456.0000
L-BFGS | iteration: 409, total loss=109317973868544.0000, content_loss=4620496093.7500, style loss=109313278125000.0000, tv loss=76367904.0000
L-BFGS | iteration: 410, total loss=108640535052288.0000, content_loss=4622910937.5000, style loss=108635840625000.0000, tv loss=76329904.0000
L-BFGS | iteration: 411, total loss=108438822584320.0000, content_loss=4622790625.0000, style loss=108434128125000.0000, tv loss=76333712.0000
L-BFGS | iteration: 412, total loss=107907588816896.0000, content_loss=4621385546.8750, style loss=107902893750000.0000, tv loss=76353648.0000
L-BFGS | iteration: 413, total loss=107528843165696.0000, content_loss=4624910156.2500, style loss=107524143750000.0000, tv loss=76349856.0000
L-BFGS | iteration: 414, total loss=107228690382848.0000, content_loss=4624596484.3750, style loss=107223993750000.0000, tv loss=76369848.0000
L-BFGS | iteration: 415, total loss=106989950599168.0000, content_loss=4624420703.1250, style loss=106985250000000.0000, tv loss=76379576.0000
L-BFGS | iteration: 416, total loss=106534323355648.0000, content_loss=4625611328.1250, style loss=106529625000000.0000, tv loss=76394168.0000
L-BFGS | iteration: 417, total loss=106097444651008.0000, content_loss=4624024218.7500, style loss=106092750000000.0000, tv loss=76420856.0000
L-BFGS | iteration: 418, total loss=105635962159104.0000, content_loss=4623086718.7500, style loss=105631265625000.0000, tv loss=76431216.0000
L-BFGS | iteration: 419, total loss=105694548197376.0000, content_loss=4620783984.3750, style loss=105689850000000.0000, tv loss=76456696.0000
L-BFGS | iteration: 420, total loss=105523470925824.0000, content_loss=4622171484.3750, style loss=105518775000000.0000, tv loss=76443320.0000
L-BFGS | iteration: 421, total loss=105391157411840.0000, content_loss=4623579296.8750, style loss=105386456250000.0000, tv loss=76445456.0000
L-BFGS | iteration: 422, total loss=105054824562688.0000, content_loss=4625850390.6250, style loss=105050128125000.0000, tv loss=76459776.0000
L-BFGS | iteration: 423, total loss=104619480973312.0000, content_loss=4628723437.5000, style loss=104614771875000.0000, tv loss=76461192.0000
L-BFGS | iteration: 424, total loss=104455601127424.0000, content_loss=4627245703.1250, style loss=104450896875000.0000, tv loss=76531280.0000
L-BFGS | iteration: 425, total loss=104260280778752.0000, content_loss=4628271093.7500, style loss=104255578125000.0000, tv loss=76503616.0000
L-BFGS | iteration: 426, total loss=103871108087808.0000, content_loss=4629451562.5000, style loss=103866403125000.0000, tv loss=76510720.0000
L-BFGS | iteration: 427, total loss=103750656065536.0000, content_loss=4627022656.2500, style loss=103745953125000.0000, tv loss=76512624.0000
L-BFGS | iteration: 428, total loss=103587682189312.0000, content_loss=4627880859.3750, style loss=103582978125000.0000, tv loss=76503832.0000
L-BFGS | iteration: 429, total loss=103430504841216.0000, content_loss=4628145312.5000, style loss=103425796875000.0000, tv loss=76514528.0000
L-BFGS | iteration: 430, total loss=103063050256384.0000, content_loss=4627825000.0000, style loss=103058343750000.0000, tv loss=76540600.0000
L-BFGS | iteration: 431, total loss=102794639966208.0000, content_loss=4629139062.5000, style loss=102789937500000.0000, tv loss=76548000.0000
L-BFGS | iteration: 432, total loss=102329055444992.0000, content_loss=4629269531.2500, style loss=102324346875000.0000, tv loss=76580392.0000
L-BFGS | iteration: 433, total loss=102033902272512.0000, content_loss=4631989453.1250, style loss=102029193750000.0000, tv loss=76568688.0000
L-BFGS | iteration: 434, total loss=101878696247296.0000, content_loss=4629849218.7500, style loss=101873990625000.0000, tv loss=76577760.0000
L-BFGS | iteration: 435, total loss=101756935602176.0000, content_loss=4630747265.6250, style loss=101752228125000.0000, tv loss=76579048.0000
L-BFGS | iteration: 436, total loss=101600068632576.0000, content_loss=4631132812.5000, style loss=101595365625000.0000, tv loss=76588248.0000
L-BFGS | iteration: 437, total loss=101188825513984.0000, content_loss=4629666406.2500, style loss=101184121875000.0000, tv loss=76605856.0000
L-BFGS | iteration: 438, total loss=101042586910720.0000, content_loss=4633105468.7500, style loss=101037881250000.0000, tv loss=76655696.0000
L-BFGS | iteration: 439, total loss=100889008275456.0000, content_loss=4632223437.5000, style loss=100884300000000.0000, tv loss=76635856.0000
L-BFGS | iteration: 440, total loss=100584040431616.0000, content_loss=4631587109.3750, style loss=100579331250000.0000, tv loss=76640104.0000
L-BFGS | iteration: 441, total loss=100338950471680.0000, content_loss=4630232421.8750, style loss=100334240625000.0000, tv loss=76653808.0000
L-BFGS | iteration: 442, total loss=100103859732480.0000, content_loss=4631615234.3750, style loss=100099153125000.0000, tv loss=76662144.0000
L-BFGS | iteration: 443, total loss=100161422360576.0000, content_loss=4629833593.7500, style loss=100156715625000.0000, tv loss=76705112.0000
L-BFGS | iteration: 444, total loss=99968945750016.0000, content_loss=4631001562.5000, style loss=99964237500000.0000, tv loss=76683696.0000
L-BFGS | iteration: 445, total loss=99765446508544.0000, content_loss=4632427734.3750, style loss=99760743750000.0000, tv loss=76694680.0000
L-BFGS | iteration: 446, total loss=99322444120064.0000, content_loss=4634833593.7500, style loss=99317728125000.0000, tv loss=76711104.0000
L-BFGS | iteration: 447, total loss=98925243531264.0000, content_loss=4635207812.5000, style loss=98920528125000.0000, tv loss=76741256.0000
L-BFGS | iteration: 448, total loss=98816502005760.0000, content_loss=4634022656.2500, style loss=98811796875000.0000, tv loss=76759568.0000
L-BFGS | iteration: 449, total loss=98536179892224.0000, content_loss=4636836718.7500, style loss=98531465625000.0000, tv loss=76728000.0000
L-BFGS | iteration: 450, total loss=98350447722496.0000, content_loss=4635818750.0000, style loss=98345737500000.0000, tv loss=76749408.0000
L-BFGS | iteration: 451, total loss=98172852502528.0000, content_loss=4634785937.5000, style loss=98168137500000.0000, tv loss=76769640.0000
L-BFGS | iteration: 452, total loss=97989955682304.0000, content_loss=4634910937.5000, style loss=97985240625000.0000, tv loss=76779736.0000
L-BFGS | iteration: 453, total loss=97707276369920.0000, content_loss=4634748046.8750, style loss=97702565625000.0000, tv loss=76792888.0000
L-BFGS | iteration: 454, total loss=97428699086848.0000, content_loss=4636162500.0000, style loss=97423987500000.0000, tv loss=76792592.0000
L-BFGS | iteration: 455, total loss=97260918538240.0000, content_loss=4635264453.1250, style loss=97256203125000.0000, tv loss=76806688.0000
L-BFGS | iteration: 456, total loss=97082945830912.0000, content_loss=4635857812.5000, style loss=97078228125000.0000, tv loss=76811416.0000
L-BFGS | iteration: 457, total loss=96858433126400.0000, content_loss=4636794140.6250, style loss=96853715625000.0000, tv loss=76822048.0000
L-BFGS | iteration: 458, total loss=96572339650560.0000, content_loss=4636349218.7500, style loss=96567628125000.0000, tv loss=76843016.0000
L-BFGS | iteration: 459, total loss=96310631858176.0000, content_loss=4638153906.2500, style loss=96305915625000.0000, tv loss=76859544.0000
L-BFGS | iteration: 460, total loss=96194189590528.0000, content_loss=4636607031.2500, style loss=96189478125000.0000, tv loss=76877824.0000
L-BFGS | iteration: 461, total loss=96010302914560.0000, content_loss=4636952343.7500, style loss=96005587500000.0000, tv loss=76868088.0000
L-BFGS | iteration: 462, total loss=95844871176192.0000, content_loss=4637611718.7500, style loss=95840156250000.0000, tv loss=76871504.0000
L-BFGS | iteration: 463, total loss=95536338173952.0000, content_loss=4637870703.1250, style loss=95531625000000.0000, tv loss=76884368.0000
L-BFGS | iteration: 464, total loss=95207588626432.0000, content_loss=4638548437.5000, style loss=95202871875000.0000, tv loss=76934608.0000
L-BFGS | iteration: 465, total loss=94901479931904.0000, content_loss=4639884765.6250, style loss=94896768750000.0000, tv loss=76924808.0000
L-BFGS | iteration: 466, total loss=94726862667776.0000, content_loss=4637475390.6250, style loss=94722150000000.0000, tv loss=76932216.0000
L-BFGS | iteration: 467, total loss=94599951417344.0000, content_loss=4637802343.7500, style loss=94595240625000.0000, tv loss=76943896.0000
L-BFGS | iteration: 468, total loss=94347160715264.0000, content_loss=4638678906.2500, style loss=94342443750000.0000, tv loss=76958496.0000
L-BFGS | iteration: 469, total loss=93976266801152.0000, content_loss=4639673828.1250, style loss=93971550000000.0000, tv loss=76977632.0000
L-BFGS | iteration: 470, total loss=93655402545152.0000, content_loss=4641425781.2500, style loss=93650690625000.0000, tv loss=76978952.0000
L-BFGS | iteration: 471, total loss=93693335830528.0000, content_loss=4638836328.1250, style loss=93688621875000.0000, tv loss=77003376.0000
L-BFGS | iteration: 472, total loss=93558958718976.0000, content_loss=4640353125.0000, style loss=93554240625000.0000, tv loss=76990960.0000
L-BFGS | iteration: 473, total loss=93444907204608.0000, content_loss=4640831640.6250, style loss=93440193750000.0000, tv loss=76996080.0000
L-BFGS | iteration: 474, total loss=93145366790144.0000, content_loss=4641878515.6250, style loss=93140653125000.0000, tv loss=77015376.0000
L-BFGS | iteration: 475, total loss=92762678493184.0000, content_loss=4639563281.2500, style loss=92757965625000.0000, tv loss=77039312.0000
L-BFGS | iteration: 476, total loss=92519434027008.0000, content_loss=4643066406.2500, style loss=92514721875000.0000, tv loss=77062296.0000
L-BFGS | iteration: 477, total loss=92441579356160.0000, content_loss=4646845312.5000, style loss=92436853125000.0000, tv loss=77052560.0000
L-BFGS | iteration: 478, total loss=92213283389440.0000, content_loss=4642696875.0000, style loss=92208571875000.0000, tv loss=77068976.0000
L-BFGS | iteration: 479, total loss=92129514749952.0000, content_loss=4641173437.5000, style loss=92124796875000.0000, tv loss=77073120.0000
L-BFGS | iteration: 480, total loss=91988074430464.0000, content_loss=4640145312.5000, style loss=91983356250000.0000, tv loss=77074672.0000
L-BFGS | iteration: 481, total loss=91745098399744.0000, content_loss=4641581250.0000, style loss=91740384375000.0000, tv loss=77086904.0000
L-BFGS | iteration: 482, total loss=91459424354304.0000, content_loss=4643700000.0000, style loss=91454700000000.0000, tv loss=77101008.0000
L-BFGS | iteration: 483, total loss=91318495739904.0000, content_loss=4644678906.2500, style loss=91313775000000.0000, tv loss=77122272.0000
L-BFGS | iteration: 484, total loss=91140330094592.0000, content_loss=4646395312.5000, style loss=91135603125000.0000, tv loss=77121600.0000
L-BFGS | iteration: 485, total loss=91015784431616.0000, content_loss=4645705078.1250, style loss=91011065625000.0000, tv loss=77131800.0000
L-BFGS | iteration: 486, total loss=90736888381440.0000, content_loss=4644393750.0000, style loss=90732168750000.0000, tv loss=77145424.0000
L-BFGS | iteration: 487, total loss=90528163037184.0000, content_loss=4644059375.0000, style loss=90523443750000.0000, tv loss=77156976.0000
L-BFGS | iteration: 488, total loss=90430049878016.0000, content_loss=4643730859.3750, style loss=90425325000000.0000, tv loss=77171328.0000
L-BFGS | iteration: 489, total loss=90297627312128.0000, content_loss=4645411718.7500, style loss=90292903125000.0000, tv loss=77165640.0000
L-BFGS | iteration: 490, total loss=90125375635456.0000, content_loss=4646490234.3750, style loss=90120656250000.0000, tv loss=77173448.0000
L-BFGS | iteration: 491, total loss=89764514496512.0000, content_loss=4645439062.5000, style loss=89759793750000.0000, tv loss=77187336.0000
L-BFGS | iteration: 492, total loss=89500340453376.0000, content_loss=4645900781.2500, style loss=89495615625000.0000, tv loss=77220128.0000
L-BFGS | iteration: 493, total loss=89351635599360.0000, content_loss=4644763281.2500, style loss=89346909375000.0000, tv loss=77224496.0000
L-BFGS | iteration: 494, total loss=89189760630784.0000, content_loss=4646112109.3750, style loss=89185040625000.0000, tv loss=77203936.0000
L-BFGS | iteration: 495, total loss=89018876297216.0000, content_loss=4646133984.3750, style loss=89014153125000.0000, tv loss=77227072.0000
L-BFGS | iteration: 496, total loss=88775917043712.0000, content_loss=4647273828.1250, style loss=88771190625000.0000, tv loss=77257648.0000
L-BFGS | iteration: 497, total loss=88539307966464.0000, content_loss=4647332812.5000, style loss=88534584375000.0000, tv loss=77269632.0000
L-BFGS | iteration: 498, total loss=88305702010880.0000, content_loss=4648088281.2500, style loss=88300978125000.0000, tv loss=77273424.0000
L-BFGS | iteration: 499, total loss=88251813593088.0000, content_loss=4645432812.5000, style loss=88247090625000.0000, tv loss=77283952.0000
L-BFGS | iteration: 500, total loss=88192011206656.0000, content_loss=4646510937.5000, style loss=88187287500000.0000, tv loss=77279728.0000
L-BFGS | iteration: 501, total loss=88099619078144.0000, content_loss=4646761718.7500, style loss=88094896875000.0000, tv loss=77276512.0000
L-BFGS | iteration: 502, total loss=87901153001472.0000, content_loss=4646410546.8750, style loss=87896428125000.0000, tv loss=77290216.0000
L-BFGS | iteration: 503, total loss=87602476613632.0000, content_loss=4648518750.0000, style loss=87597750000000.0000, tv loss=77318496.0000
L-BFGS | iteration: 504, total loss=87373132070912.0000, content_loss=4646534375.0000, style loss=87368409375000.0000, tv loss=77338560.0000
L-BFGS | iteration: 505, total loss=87241749692416.0000, content_loss=4648811718.7500, style loss=87237028125000.0000, tv loss=77343480.0000
L-BFGS | iteration: 506, total loss=87201887027200.0000, content_loss=4648373437.5000, style loss=87197165625000.0000, tv loss=77378448.0000
L-BFGS | iteration: 507, total loss=87124938326016.0000, content_loss=4648794140.6250, style loss=87120215625000.0000, tv loss=77363768.0000
L-BFGS | iteration: 508, total loss=87055187050496.0000, content_loss=4648882812.5000, style loss=87050465625000.0000, tv loss=77362192.0000
