C:\Users\user\AppData\Roaming\Python\Python313\site-packages\torchvision\models\_utils.py:208: UserWarning: The parameter 'pretrained' is deprecated since 0.13 and may be removed in the future, please use 'weights' instead.
  warnings.warn(
C:\Users\user\AppData\Roaming\Python\Python313\site-packages\torchvision\models\_utils.py:223: UserWarning: Arguments other than a weight enum or `None` for 'weights' are deprecated since 0.13 and may be removed in the future. The current behavior is equivalent to passing `weights=VGG19_Weights.IMAGENET1K_V1`. You can also use `weights=VGG19_Weights.DEFAULT` to get the most up-to-date weights.
  warnings.warn(msg)
Using VGG19 in the optimization procedure.
L-BFGS | iteration: 000, total loss=445795340214337536.0000, content_loss=      0.0000, style loss=445795353600000000.0000, tv loss=3956215.0000
L-BFGS | iteration: 001, total loss=445795202775384064.0000, content_loss=     35.9419, style loss=445795200000000000.0000, tv loss=3956216.0000
L-BFGS | iteration: 002, total loss=445794790458523648.0000, content_loss=     49.9439, style loss=445794777600000000.0000, tv loss=3956221.0000
L-BFGS | iteration: 003, total loss=445792900672913408.0000, content_loss=     67.0840, style loss=445792896000000000.0000, tv loss=3956247.7500
L-BFGS | iteration: 004, total loss=445782283513757696.0000, content_loss=    160.1973, style loss=445782297600000000.0000, tv loss=3956394.0000
L-BFGS | iteration: 005, total loss=445727651529752576.0000, content_loss=   1501.3379, style loss=445727654400000000.0000, tv loss=3957200.0000
L-BFGS | iteration: 006, total loss=445431367505805312.0000, content_loss=  41978.7139, style loss=445431360000000000.0000, tv loss=3961637.2500
L-BFGS | iteration: 007, total loss=443878135532879872.0000, content_loss=1145378.3989, style loss=443878118400000000.0000, tv loss=3986075.7500
L-BFGS | iteration: 008, total loss=420128512574226432.0000, content_loss=88279260.2539, style loss=420128524800000000.0000, tv loss=4667201.0000
L-BFGS | iteration: 009, total loss=337199050640064512.0000, content_loss=604293212.8906, style loss=337199040000000000.0000, tv loss=8319360.0000
L-BFGS | iteration: 010, total loss=5099934052345970688.0000, content_loss=15403584375.0000, style loss=5099933798400000000.0000, tv loss=40946580.0000
L-BFGS | iteration: 011, total loss=235505048388370432.0000, content_loss=3074094531.2500, style loss=235505049600000000.0000, tv loss=18084998.0000
L-BFGS | iteration: 012, total loss=177131117076283392.0000, content_loss=1943113085.9375, style loss=177131116800000000.0000, tv loss=17927116.0000
L-BFGS | iteration: 013, total loss=145665018434682880.0000, content_loss=2371569921.8750, style loss=145665014400000000.0000, tv loss=20531036.0000
L-BFGS | iteration: 014, total loss=121724415460245504.0000, content_loss=2936472656.2500, style loss=121724419200000000.0000, tv loss=23589976.0000
L-BFGS | iteration: 015, total loss=99923101336207360.0000, content_loss=2672637109.3750, style loss=99923097600000000.0000, tv loss=23777024.0000
L-BFGS | iteration: 016, total loss=85261852514189312.0000, content_loss=2771361718.7500, style loss=85261852800000000.0000, tv loss=24810904.0000
L-BFGS | iteration: 017, total loss=73288600384438272.0000, content_loss=3039716210.9375, style loss=73288603200000000.0000, tv loss=26365002.0000
L-BFGS | iteration: 018, total loss=64009680023715840.0000, content_loss=3149674414.0625, style loss=64009675200000000.0000, tv loss=26990704.0000
L-BFGS | iteration: 019, total loss=56148077395836928.0000, content_loss=3182769531.2500, style loss=56148072000000000.0000, tv loss=27214900.0000
L-BFGS | iteration: 020, total loss=49846398299930624.0000, content_loss=3233620898.4375, style loss=49846392000000000.0000, tv loss=27542952.0000
L-BFGS | iteration: 021, total loss=44541125846892544.0000, content_loss=3309767187.5000, style loss=44541120000000000.0000, tv loss=28020522.0000
L-BFGS | iteration: 022, total loss=39731342295957504.0000, content_loss=3364496484.3750, style loss=39731340000000000.0000, tv loss=28456772.0000
L-BFGS | iteration: 023, total loss=35314735083683840.0000, content_loss=3386596875.0000, style loss=35314730400000000.0000, tv loss=28835748.0000
L-BFGS | iteration: 024, total loss=31707692699484160.0000, content_loss=3384283593.7500, style loss=31707688800000000.0000, tv loss=29121714.0000
L-BFGS | iteration: 025, total loss=28577593548603392.0000, content_loss=3378544921.8750, style loss=28577589600000000.0000, tv loss=29355536.0000
L-BFGS | iteration: 026, total loss=25780493949599744.0000, content_loss=3380392187.5000, style loss=25780490400000000.0000, tv loss=29656350.0000
L-BFGS | iteration: 027, total loss=23287905384398848.0000, content_loss=3393157812.5000, style loss=23287900800000000.0000, tv loss=29983636.0000
L-BFGS | iteration: 028, total loss=21038431295504384.0000, content_loss=3410454296.8750, style loss=21038426400000000.0000, tv loss=30293032.0000
L-BFGS | iteration: 029, total loss=19041700999593984.0000, content_loss=3436532812.5000, style loss=19041696000000000.0000, tv loss=30566700.0000
L-BFGS | iteration: 030, total loss=17255356455452672.0000, content_loss=3459505859.3750, style loss=17255353200000000.0000, tv loss=30814360.0000
L-BFGS | iteration: 031, total loss=15568764674244608.0000, content_loss=3504746875.0000, style loss=15568761600000000.0000, tv loss=31148332.0000
L-BFGS | iteration: 032, total loss=14066793135996928.0000, content_loss=3530221093.7500, style loss=14066790000000000.0000, tv loss=31456178.0000
L-BFGS | iteration: 033, total loss=12670027895406592.0000, content_loss=3570739062.5000, style loss=12670024800000000.0000, tv loss=31819096.0000
L-BFGS | iteration: 034, total loss=11541731396812800.0000, content_loss=3532349609.3750, style loss=11541728400000000.0000, tv loss=31918588.0000
L-BFGS | iteration: 035, total loss=10557855321030656.0000, content_loss=3679502734.3750, style loss=10557852000000000.0000, tv loss=32698530.0000
L-BFGS | iteration: 036, total loss=9618951847804928.0000, content_loss=3559576562.5000, style loss=9618948600000000.0000, tv loss=32497624.0000
L-BFGS | iteration: 037, total loss=8941954406547456.0000, content_loss=3611339453.1250, style loss=8941950600000000.0000, tv loss=32686028.0000
L-BFGS | iteration: 038, total loss=9163526400638976.0000, content_loss=3710650390.6250, style loss=9163522800000000.0000, tv loss=33494698.0000
L-BFGS | iteration: 039, total loss=8532514100477952.0000, content_loss=3659882421.8750, style loss=8532510600000000.0000, tv loss=33073622.0000
L-BFGS | iteration: 040, total loss=8119856327032832.0000, content_loss=3681347656.2500, style loss=8119852800000000.0000, tv loss=33324690.0000
L-BFGS | iteration: 041, total loss=7418235301396480.0000, content_loss=3700500000.0000, style loss=7418231400000000.0000, tv loss=33739008.0000
L-BFGS | iteration: 042, total loss=6610188744261632.0000, content_loss=3698598437.5000, style loss=6610185000000000.0000, tv loss=33925860.0000
L-BFGS | iteration: 043, total loss=6215597213876224.0000, content_loss=3669957031.2500, style loss=6215593200000000.0000, tv loss=33972648.0000
L-BFGS | iteration: 044, total loss=7314560159580160.0000, content_loss=3711111718.7500, style loss=7314556200000000.0000, tv loss=34659648.0000
L-BFGS | iteration: 045, total loss=5989972918140928.0000, content_loss=3684416015.6250, style loss=5989969200000000.0000, tv loss=34195472.0000
L-BFGS | iteration: 046, total loss=5613359583985664.0000, content_loss=3733501953.1250, style loss=5613355800000000.0000, tv loss=34585916.0000
L-BFGS | iteration: 047, total loss=5099114559700992.0000, content_loss=3725566015.6250, style loss=5099110800000000.0000, tv loss=34656848.0000
L-BFGS | iteration: 048, total loss=4992626214305792.0000, content_loss=3666753125.0000, style loss=4992622200000000.0000, tv loss=34709904.0000
L-BFGS | iteration: 049, total loss=4772238020575232.0000, content_loss=3649070703.1250, style loss=4772234100000000.0000, tv loss=34690828.0000
L-BFGS | iteration: 050, total loss=4576741309808640.0000, content_loss=3682150000.0000, style loss=4576737600000000.0000, tv loss=34993184.0000
L-BFGS | iteration: 051, total loss=4395537981767680.0000, content_loss=3771701562.5000, style loss=4395534300000000.0000, tv loss=35510960.0000
L-BFGS | iteration: 052, total loss=4302059897618432.0000, content_loss=3744892578.1250, style loss=4302056100000000.0000, tv loss=35332200.0000
L-BFGS | iteration: 053, total loss=4040779051827200.0000, content_loss=3813668750.0000, style loss=4040775300000000.0000, tv loss=35671528.0000
L-BFGS | iteration: 054, total loss=4308954662305792.0000, content_loss=3736967187.5000, style loss=4308951000000000.0000, tv loss=35979096.0000
L-BFGS | iteration: 055, total loss=3927037580410880.0000, content_loss=3782828125.0000, style loss=3927033900000000.0000, tv loss=35789292.0000
L-BFGS | iteration: 056, total loss=3771233615216640.0000, content_loss=3684052734.3750, style loss=3771229800000000.0000, tv loss=35628224.0000
L-BFGS | iteration: 057, total loss=3648235683971072.0000, content_loss=3717499218.7500, style loss=3648231900000000.0000, tv loss=35758964.0000
L-BFGS | iteration: 058, total loss=3469360228204544.0000, content_loss=3796796484.3750, style loss=3469356600000000.0000, tv loss=36147484.0000
L-BFGS | iteration: 059, total loss=3286718891425792.0000, content_loss=3867271875.0000, style loss=3286715100000000.0000, tv loss=36224352.0000
L-BFGS | iteration: 060, total loss=3232254679580672.0000, content_loss=3821294531.2500, style loss=3232251000000000.0000, tv loss=36344944.0000
L-BFGS | iteration: 061, total loss=3170626730721280.0000, content_loss=3839587890.6250, style loss=3170622900000000.0000, tv loss=36296312.0000
L-BFGS | iteration: 062, total loss=3080072982429696.0000, content_loss=3769838281.2500, style loss=3080069100000000.0000, tv loss=36174864.0000
L-BFGS | iteration: 063, total loss=3018270818959360.0000, content_loss=3776948046.8750, style loss=3018267000000000.0000, tv loss=36266880.0000
L-BFGS | iteration: 064, total loss=3045683447726080.0000, content_loss=3819581640.6250, style loss=3045679800000000.0000, tv loss=36822796.0000
L-BFGS | iteration: 065, total loss=2833523606028288.0000, content_loss=3807097265.6250, style loss=2833519800000000.0000, tv loss=36560608.0000
L-BFGS | iteration: 066, total loss=2630371921362944.0000, content_loss=3843142187.5000, style loss=2630368200000000.0000, tv loss=36821724.0000
L-BFGS | iteration: 067, total loss=2639267603939328.0000, content_loss=3786689062.5000, style loss=2639263800000000.0000, tv loss=36778092.0000
L-BFGS | iteration: 068, total loss=2580138520739840.0000, content_loss=3814770312.5000, style loss=2580134700000000.0000, tv loss=36796708.0000
L-BFGS | iteration: 069, total loss=2504867071393792.0000, content_loss=3749233203.1250, style loss=2504863200000000.0000, tv loss=36468240.0000
L-BFGS | iteration: 070, total loss=2398733060800512.0000, content_loss=3770696875.0000, style loss=2398729200000000.0000, tv loss=36698392.0000
L-BFGS | iteration: 071, total loss=2286650520502272.0000, content_loss=3850770312.5000, style loss=2286646800000000.0000, tv loss=36977512.0000
L-BFGS | iteration: 072, total loss=2291229492510720.0000, content_loss=3850625000.0000, style loss=2291225850000000.0000, tv loss=37123088.0000
L-BFGS | iteration: 073, total loss=2247444985282560.0000, content_loss=3852025000.0000, style loss=2247441150000000.0000, tv loss=37052096.0000
L-BFGS | iteration: 074, total loss=2137794604433408.0000, content_loss=3847913671.8750, style loss=2137790700000000.0000, tv loss=37076864.0000
L-BFGS | iteration: 075, total loss=2031004403367936.0000, content_loss=3844303515.6250, style loss=2031000450000000.0000, tv loss=37028216.0000
L-BFGS | iteration: 076, total loss=2007516703621120.0000, content_loss=3861167578.1250, style loss=2007512850000000.0000, tv loss=37257468.0000
L-BFGS | iteration: 077, total loss=1989560519098368.0000, content_loss=3855905468.7500, style loss=1989556650000000.0000, tv loss=37172832.0000
L-BFGS | iteration: 078, total loss=1931338210869248.0000, content_loss=3890998437.5000, style loss=1931334300000000.0000, tv loss=37369008.0000
L-BFGS | iteration: 079, total loss=1881687046750208.0000, content_loss=3894879296.8750, style loss=1881683100000000.0000, tv loss=37406108.0000
L-BFGS | iteration: 080, total loss=1881784354603008.0000, content_loss=3877102734.3750, style loss=1881780450000000.0000, tv loss=37542880.0000
L-BFGS | iteration: 081, total loss=1825854082514944.0000, content_loss=3888366015.6250, style loss=1825850250000000.0000, tv loss=37477840.0000
L-BFGS | iteration: 082, total loss=1731177031401472.0000, content_loss=3873457031.2500, style loss=1731173100000000.0000, tv loss=37457072.0000
L-BFGS | iteration: 083, total loss=1681107376406528.0000, content_loss=3908912109.3750, style loss=1681103550000000.0000, tv loss=37584492.0000
L-BFGS | iteration: 084, total loss=2019915200462848.0000, content_loss=3936350000.0000, style loss=2019911250000000.0000, tv loss=38197216.0000
L-BFGS | iteration: 085, total loss=1628301021937664.0000, content_loss=3924079687.5000, style loss=1628297100000000.0000, tv loss=37802064.0000
L-BFGS | iteration: 086, total loss=1604575891030016.0000, content_loss=3923367968.7500, style loss=1604572050000000.0000, tv loss=37811952.0000
L-BFGS | iteration: 087, total loss=1546746706526208.0000, content_loss=3910237890.6250, style loss=1546742850000000.0000, tv loss=37834996.0000
L-BFGS | iteration: 088, total loss=1532664716722176.0000, content_loss=3916108984.3750, style loss=1532660850000000.0000, tv loss=37694896.0000
L-BFGS | iteration: 089, total loss=1466044942123008.0000, content_loss=3923666406.2500, style loss=1466041050000000.0000, tv loss=37894000.0000
L-BFGS | iteration: 090, total loss=1451680289783808.0000, content_loss=3926288281.2500, style loss=1451676450000000.0000, tv loss=37997792.0000
L-BFGS | iteration: 091, total loss=1429791391612928.0000, content_loss=3935712109.3750, style loss=1429787550000000.0000, tv loss=38079864.0000
L-BFGS | iteration: 092, total loss=1385167218278400.0000, content_loss=3963207812.5000, style loss=1385163150000000.0000, tv loss=38141400.0000
L-BFGS | iteration: 093, total loss=1350843718696960.0000, content_loss=3966695703.1250, style loss=1350839700000000.0000, tv loss=38101316.0000
L-BFGS | iteration: 094, total loss=1324124592930816.0000, content_loss=3950289062.5000, style loss=1324120650000000.0000, tv loss=38092320.0000
L-BFGS | iteration: 095, total loss=1298268487155712.0000, content_loss=3928517187.5000, style loss=1298264550000000.0000, tv loss=38138448.0000
L-BFGS | iteration: 096, total loss=1264450988408832.0000, content_loss=3933255468.7500, style loss=1264447050000000.0000, tv loss=38120988.0000
L-BFGS | iteration: 097, total loss=1243190900293632.0000, content_loss=3948619921.8750, style loss=1243186950000000.0000, tv loss=38185280.0000
L-BFGS | iteration: 098, total loss=1239509710667776.0000, content_loss=3965793750.0000, style loss=1239505725000000.0000, tv loss=38379816.0000
L-BFGS | iteration: 099, total loss=1217570615066624.0000, content_loss=3960891015.6250, style loss=1217566575000000.0000, tv loss=38294576.0000
L-BFGS | iteration: 100, total loss=1188234377822208.0000, content_loss=3984207812.5000, style loss=1188230325000000.0000, tv loss=38378304.0000
L-BFGS | iteration: 101, total loss=1145023248728064.0000, content_loss=3989601562.5000, style loss=1145019225000000.0000, tv loss=38445224.0000
L-BFGS | iteration: 102, total loss=1145795805970432.0000, content_loss=3967135937.5000, style loss=1145791725000000.0000, tv loss=38583296.0000
L-BFGS | iteration: 103, total loss=1120052174651392.0000, content_loss=3978948437.5000, style loss=1120048125000000.0000, tv loss=38518332.0000
L-BFGS | iteration: 104, total loss=1071243360993280.0000, content_loss=3957299218.7500, style loss=1071239325000000.0000, tv loss=38564432.0000
L-BFGS | iteration: 105, total loss=1060526478065664.0000, content_loss=3983373828.1250, style loss=1060522425000000.0000, tv loss=38598332.0000
L-BFGS | iteration: 106, total loss=1041214023401472.0000, content_loss=3990956640.6250, style loss=1041210000000000.0000, tv loss=38806336.0000
L-BFGS | iteration: 107, total loss=1025621949939712.0000, content_loss=3989452343.7500, style loss=1025617950000000.0000, tv loss=38731488.0000
L-BFGS | iteration: 108, total loss=1018515658113024.0000, content_loss=3997587890.6250, style loss=1018511550000000.0000, tv loss=38725976.0000
L-BFGS | iteration: 109, total loss=997292211437568.0000, content_loss=4005808203.1250, style loss=997288125000000.0000, tv loss=38736864.0000
L-BFGS | iteration: 110, total loss=983076406558720.0000, content_loss=4007212890.6250, style loss=983072325000000.0000, tv loss=38694840.0000
L-BFGS | iteration: 111, total loss=963188963147776.0000, content_loss=4001030078.1250, style loss=963184875000000.0000, tv loss=38733096.0000
L-BFGS | iteration: 112, total loss=957187551657984.0000, content_loss=3983568359.3750, style loss=957183525000000.0000, tv loss=38861944.0000
L-BFGS | iteration: 113, total loss=942954634018816.0000, content_loss=3992702734.3750, style loss=942950625000000.0000, tv loss=38806532.0000
L-BFGS | iteration: 114, total loss=918737259593728.0000, content_loss=3992438671.8750, style loss=918733200000000.0000, tv loss=38848792.0000
L-BFGS | iteration: 115, total loss=898082224996352.0000, content_loss=4006132031.2500, style loss=898078125000000.0000, tv loss=38880932.0000
L-BFGS | iteration: 116, total loss=870925952090112.0000, content_loss=4027876562.5000, style loss=870921825000000.0000, tv loss=38926976.0000
L-BFGS | iteration: 117, total loss=1090241947500544.0000, content_loss=3992633984.3750, style loss=1090237950000000.0000, tv loss=39134096.0000
L-BFGS | iteration: 118, total loss=864795288928256.0000, content_loss=4023350390.6250, style loss=864791175000000.0000, tv loss=38963052.0000
L-BFGS | iteration: 119, total loss=857083540930560.0000, content_loss=4018120703.1250, style loss=857079450000000.0000, tv loss=38991400.0000
L-BFGS | iteration: 120, total loss=833113328451584.0000, content_loss=4014055859.3750, style loss=833109225000000.0000, tv loss=39090320.0000
L-BFGS | iteration: 121, total loss=817678021296128.0000, content_loss=4020032031.2500, style loss=817673925000000.0000, tv loss=39105956.0000
L-BFGS | iteration: 122, total loss=802700195266560.0000, content_loss=4021498437.5000, style loss=802696125000000.0000, tv loss=39161400.0000
L-BFGS | iteration: 123, total loss=794938920927232.0000, content_loss=4033151171.8750, style loss=794934825000000.0000, tv loss=39158988.0000
L-BFGS | iteration: 124, total loss=782131798212608.0000, content_loss=4046919140.6250, style loss=782127675000000.0000, tv loss=39190964.0000
L-BFGS | iteration: 125, total loss=758195878363136.0000, content_loss=4058694140.6250, style loss=758191800000000.0000, tv loss=39265012.0000
L-BFGS | iteration: 126, total loss=737545809821696.0000, content_loss=4079692968.7500, style loss=737541675000000.0000, tv loss=39332960.0000
L-BFGS | iteration: 127, total loss=853233639620608.0000, content_loss=4054804687.5000, style loss=853229550000000.0000, tv loss=39512896.0000
L-BFGS | iteration: 128, total loss=732171396448256.0000, content_loss=4075798437.5000, style loss=732167250000000.0000, tv loss=39372040.0000
L-BFGS | iteration: 129, total loss=725660360245248.0000, content_loss=4066993359.3750, style loss=725656200000000.0000, tv loss=39360984.0000
L-BFGS | iteration: 130, total loss=711420798828544.0000, content_loss=4061069921.8750, style loss=711416625000000.0000, tv loss=39393084.0000
L-BFGS | iteration: 131, total loss=696211648544768.0000, content_loss=4043387500.0000, style loss=696207525000000.0000, tv loss=39396680.0000
L-BFGS | iteration: 132, total loss=679675017822208.0000, content_loss=4059840234.3750, style loss=679670925000000.0000, tv loss=39449448.0000
L-BFGS | iteration: 133, total loss=666890913447936.0000, content_loss=4069640234.3750, style loss=666886725000000.0000, tv loss=39506864.0000
L-BFGS | iteration: 134, total loss=664409563201536.0000, content_loss=4069452343.7500, style loss=664405425000000.0000, tv loss=39576512.0000
L-BFGS | iteration: 135, total loss=659402637967360.0000, content_loss=4070951171.8750, style loss=659398500000000.0000, tv loss=39546904.0000
L-BFGS | iteration: 136, total loss=646768253468672.0000, content_loss=4082610937.5000, style loss=646764075000000.0000, tv loss=39563616.0000
L-BFGS | iteration: 137, total loss=637171149045760.0000, content_loss=4086462109.3750, style loss=637167000000000.0000, tv loss=39711980.0000
L-BFGS | iteration: 138, total loss=629670458425344.0000, content_loss=4078569531.2500, style loss=629666325000000.0000, tv loss=39772568.0000
L-BFGS | iteration: 139, total loss=621613368213504.0000, content_loss=4080722265.6250, style loss=621609187500000.0000, tv loss=39630552.0000
L-BFGS | iteration: 140, total loss=614569219194880.0000, content_loss=4090078515.6250, style loss=614565075000000.0000, tv loss=39687280.0000
L-BFGS | iteration: 141, total loss=609588265091072.0000, content_loss=4087337500.0000, style loss=609584100000000.0000, tv loss=39868944.0000
L-BFGS | iteration: 142, total loss=601681565843456.0000, content_loss=4090532812.5000, style loss=601677375000000.0000, tv loss=39795892.0000
L-BFGS | iteration: 143, total loss=590570351230976.0000, content_loss=4101728125.0000, style loss=590566162500000.0000, tv loss=39840744.0000
L-BFGS | iteration: 144, total loss=583516806971392.0000, content_loss=4104851171.8750, style loss=583512675000000.0000, tv loss=39850764.0000
L-BFGS | iteration: 145, total loss=574285915619328.0000, content_loss=4110034375.0000, style loss=574281787500000.0000, tv loss=39806460.0000
L-BFGS | iteration: 146, total loss=568441337544704.0000, content_loss=4109140234.3750, style loss=568437187500000.0000, tv loss=39865124.0000
L-BFGS | iteration: 147, total loss=558968451629056.0000, content_loss=4119896484.3750, style loss=558964275000000.0000, tv loss=39917488.0000
L-BFGS | iteration: 148, total loss=553884686745600.0000, content_loss=4124337500.0000, style loss=553880512500000.0000, tv loss=39930360.0000
L-BFGS | iteration: 149, total loss=539459636428800.0000, content_loss=4116984375.0000, style loss=539455462500000.0000, tv loss=39980336.0000
L-BFGS | iteration: 150, total loss=535356063612928.0000, content_loss=4141585937.5000, style loss=535351912500000.0000, tv loss=40013672.0000
L-BFGS | iteration: 151, total loss=562602027515904.0000, content_loss=4117998828.1250, style loss=562597875000000.0000, tv loss=40189816.0000
L-BFGS | iteration: 152, total loss=527607741284352.0000, content_loss=4134400000.0000, style loss=527603587500000.0000, tv loss=40080904.0000
L-BFGS | iteration: 153, total loss=521832553775104.0000, content_loss=4119989453.1250, style loss=521828400000000.0000, tv loss=40085360.0000
L-BFGS | iteration: 154, total loss=517905275944960.0000, content_loss=4116301953.1250, style loss=517901100000000.0000, tv loss=40102200.0000
L-BFGS | iteration: 155, total loss=512334837579776.0000, content_loss=4119782421.8750, style loss=512330662500000.0000, tv loss=40132928.0000
L-BFGS | iteration: 156, total loss=504539841036288.0000, content_loss=4131897656.2500, style loss=504535687500000.0000, tv loss=40155616.0000
L-BFGS | iteration: 157, total loss=511639153541120.0000, content_loss=4133046875.0000, style loss=511635000000000.0000, tv loss=40272680.0000
L-BFGS | iteration: 158, total loss=500588034916352.0000, content_loss=4134207812.5000, style loss=500583862500000.0000, tv loss=40204800.0000
L-BFGS | iteration: 159, total loss=493676291686400.0000, content_loss=4139688671.8750, style loss=493672125000000.0000, tv loss=40219476.0000
L-BFGS | iteration: 160, total loss=484988176826368.0000, content_loss=4140132031.2500, style loss=484984012500000.0000, tv loss=40241592.0000
L-BFGS | iteration: 161, total loss=481803626348544.0000, content_loss=4132038671.8750, style loss=481799475000000.0000, tv loss=40297104.0000
L-BFGS | iteration: 162, total loss=474063524855808.0000, content_loss=4129853515.6250, style loss=474059362500000.0000, tv loss=40306796.0000
L-BFGS | iteration: 163, total loss=469230713569280.0000, content_loss=4127442187.5000, style loss=469226550000000.0000, tv loss=40344420.0000
L-BFGS | iteration: 164, total loss=458865783078912.0000, content_loss=4138460156.2500, style loss=458861625000000.0000, tv loss=40375008.0000
L-BFGS | iteration: 165, total loss=471519394267136.0000, content_loss=4125051953.1250, style loss=471515250000000.0000, tv loss=40464736.0000
L-BFGS | iteration: 166, total loss=456452414111744.0000, content_loss=4134902343.7500, style loss=456448237500000.0000, tv loss=40403688.0000
L-BFGS | iteration: 167, total loss=452113960271872.0000, content_loss=4137373437.5000, style loss=452109787500000.0000, tv loss=40408408.0000
L-BFGS | iteration: 168, total loss=443706326908928.0000, content_loss=4143640234.3750, style loss=443702175000000.0000, tv loss=40439900.0000
L-BFGS | iteration: 169, total loss=437218678145024.0000, content_loss=4149671875.0000, style loss=437214487500000.0000, tv loss=40476864.0000
L-BFGS | iteration: 170, total loss=434511640788992.0000, content_loss=4142044531.2500, style loss=434507475000000.0000, tv loss=40527812.0000
L-BFGS | iteration: 171, total loss=429238360473600.0000, content_loss=4145583593.7500, style loss=429234150000000.0000, tv loss=40510000.0000
L-BFGS | iteration: 172, total loss=427135000903680.0000, content_loss=4148802343.7500, style loss=427130812500000.0000, tv loss=40526856.0000
L-BFGS | iteration: 173, total loss=423420995043328.0000, content_loss=4152325781.2500, style loss=423416812500000.0000, tv loss=40573364.0000
L-BFGS | iteration: 174, total loss=419640920506368.0000, content_loss=4158301171.8750, style loss=419636737500000.0000, tv loss=40583332.0000
L-BFGS | iteration: 175, total loss=415582310629376.0000, content_loss=4154768359.3750, style loss=415578112500000.0000, tv loss=40615072.0000
L-BFGS | iteration: 176, total loss=410629038931968.0000, content_loss=4151797656.2500, style loss=410624850000000.0000, tv loss=40620816.0000
L-BFGS | iteration: 177, total loss=408647884603392.0000, content_loss=4146807812.5000, style loss=408643687500000.0000, tv loss=40652232.0000
L-BFGS | iteration: 178, total loss=404669503373312.0000, content_loss=4147396484.3750, style loss=404665312500000.0000, tv loss=40653724.0000
L-BFGS | iteration: 179, total loss=401390832713728.0000, content_loss=4140312500.0000, style loss=401386687500000.0000, tv loss=40673604.0000
L-BFGS | iteration: 180, total loss=394317491339264.0000, content_loss=4145883593.7500, style loss=394313287500000.0000, tv loss=40725564.0000
L-BFGS | iteration: 181, total loss=388275210551296.0000, content_loss=4128998046.8750, style loss=388271062500000.0000, tv loss=40736176.0000
L-BFGS | iteration: 182, total loss=383188056670208.0000, content_loss=4155229687.5000, style loss=383183850000000.0000, tv loss=40778408.0000
L-BFGS | iteration: 183, total loss=395801335431168.0000, content_loss=4168294921.8750, style loss=395797125000000.0000, tv loss=40918568.0000
L-BFGS | iteration: 184, total loss=381449635102720.0000, content_loss=4160422656.2500, style loss=381445425000000.0000, tv loss=40820328.0000
L-BFGS | iteration: 185, total loss=379614073454592.0000, content_loss=4162563281.2500, style loss=379609875000000.0000, tv loss=40821776.0000
L-BFGS | iteration: 186, total loss=374285059227648.0000, content_loss=4157848437.5000, style loss=374280862500000.0000, tv loss=40860792.0000
L-BFGS | iteration: 187, total loss=370208631947264.0000, content_loss=4161570703.1250, style loss=370204425000000.0000, tv loss=40837720.0000
L-BFGS | iteration: 188, total loss=367169439268864.0000, content_loss=4156148046.8750, style loss=367165237500000.0000, tv loss=40893824.0000
L-BFGS | iteration: 189, total loss=364356168581120.0000, content_loss=4156715234.3750, style loss=364351987500000.0000, tv loss=40921128.0000
L-BFGS | iteration: 190, total loss=362295892901888.0000, content_loss=4155348828.1250, style loss=362291700000000.0000, tv loss=40931376.0000
L-BFGS | iteration: 191, total loss=356318372167680.0000, content_loss=4157634765.6250, style loss=356314162500000.0000, tv loss=40987556.0000
L-BFGS | iteration: 192, total loss=354226454659072.0000, content_loss=4174511328.1250, style loss=354222262500000.0000, tv loss=40939616.0000
L-BFGS | iteration: 193, total loss=352606681563136.0000, content_loss=4167546093.7500, style loss=352602487500000.0000, tv loss=41014520.0000
L-BFGS | iteration: 194, total loss=350440105443328.0000, content_loss=4170806640.6250, style loss=350435925000000.0000, tv loss=40985232.0000
L-BFGS | iteration: 195, total loss=347943420821504.0000, content_loss=4171183593.7500, style loss=347939212500000.0000, tv loss=41031428.0000
L-BFGS | iteration: 196, total loss=345515254349824.0000, content_loss=4169446875.0000, style loss=345511050000000.0000, tv loss=41038384.0000
L-BFGS | iteration: 197, total loss=340095039176704.0000, content_loss=4168662500.0000, style loss=340090837500000.0000, tv loss=41101780.0000
L-BFGS | iteration: 198, total loss=338129286332416.0000, content_loss=4171668750.0000, style loss=338125087500000.0000, tv loss=41077512.0000
L-BFGS | iteration: 199, total loss=335443321159680.0000, content_loss=4168130859.3750, style loss=335439112500000.0000, tv loss=41104028.0000
L-BFGS | iteration: 200, total loss=334284183306240.0000, content_loss=4167211718.7500, style loss=334279987500000.0000, tv loss=41135380.0000
L-BFGS | iteration: 201, total loss=332755745374208.0000, content_loss=4170842578.1250, style loss=332751562500000.0000, tv loss=41138644.0000
L-BFGS | iteration: 202, total loss=329506669723648.0000, content_loss=4174561328.1250, style loss=329502487500000.0000, tv loss=41151732.0000
L-BFGS | iteration: 203, total loss=325260423462912.0000, content_loss=4167712890.6250, style loss=325256212500000.0000, tv loss=41185396.0000
L-BFGS | iteration: 204, total loss=321510044598272.0000, content_loss=4180900781.2500, style loss=321505800000000.0000, tv loss=41191800.0000
L-BFGS | iteration: 205, total loss=320789865824256.0000, content_loss=4180812109.3750, style loss=320785650000000.0000, tv loss=41230008.0000
L-BFGS | iteration: 206, total loss=317933377028096.0000, content_loss=4182785937.5000, style loss=317929162500000.0000, tv loss=41232552.0000
L-BFGS | iteration: 207, total loss=316239549300736.0000, content_loss=4184105859.3750, style loss=316235325000000.0000, tv loss=41252752.0000
L-BFGS | iteration: 208, total loss=312619026087936.0000, content_loss=4190486718.7500, style loss=312614793750000.0000, tv loss=41286824.0000
L-BFGS | iteration: 209, total loss=313858627469312.0000, content_loss=4180333593.7500, style loss=313854393750000.0000, tv loss=41363296.0000
L-BFGS | iteration: 210, total loss=311120418045952.0000, content_loss=4186416015.6250, style loss=311116181250000.0000, tv loss=41322472.0000
L-BFGS | iteration: 211, total loss=308374423994368.0000, content_loss=4181729687.5000, style loss=308370187500000.0000, tv loss=41347152.0000
L-BFGS | iteration: 212, total loss=305887973474304.0000, content_loss=4181517187.5000, style loss=305883731250000.0000, tv loss=41357304.0000
L-BFGS | iteration: 213, total loss=302529309048832.0000, content_loss=4179703515.6250, style loss=302525081250000.0000, tv loss=41395912.0000
L-BFGS | iteration: 214, total loss=300186370834432.0000, content_loss=4187739062.5000, style loss=300182156250000.0000, tv loss=41394984.0000
L-BFGS | iteration: 215, total loss=299616448806912.0000, content_loss=4182288671.8750, style loss=299612231250000.0000, tv loss=41432196.0000
L-BFGS | iteration: 216, total loss=298998007070720.0000, content_loss=4184703125.0000, style loss=298993781250000.0000, tv loss=41417652.0000
L-BFGS | iteration: 217, total loss=297872624975872.0000, content_loss=4184923046.8750, style loss=297868406250000.0000, tv loss=41426544.0000
L-BFGS | iteration: 218, total loss=294736157999104.0000, content_loss=4187248046.8750, style loss=294731943750000.0000, tv loss=41451172.0000
L-BFGS | iteration: 219, total loss=291882823319552.0000, content_loss=4184789843.7500, style loss=291878606250000.0000, tv loss=41471160.0000
L-BFGS | iteration: 220, total loss=289367885086720.0000, content_loss=4188066796.8750, style loss=289363650000000.0000, tv loss=41493768.0000
L-BFGS | iteration: 221, total loss=286903815372800.0000, content_loss=4193001171.8750, style loss=286899600000000.0000, tv loss=41494328.0000
L-BFGS | iteration: 222, total loss=291475036307456.0000, content_loss=4178629296.8750, style loss=291470793750000.0000, tv loss=41562756.0000
L-BFGS | iteration: 223, total loss=285885807460352.0000, content_loss=4188795703.1250, style loss=285881587500000.0000, tv loss=41518212.0000
L-BFGS | iteration: 224, total loss=284887126900736.0000, content_loss=4189309375.0000, style loss=284882906250000.0000, tv loss=41535484.0000
L-BFGS | iteration: 225, total loss=283334127124480.0000, content_loss=4191710546.8750, style loss=283329900000000.0000, tv loss=41556064.0000
L-BFGS | iteration: 226, total loss=280692067926016.0000, content_loss=4195061718.7500, style loss=280687837500000.0000, tv loss=41595136.0000
L-BFGS | iteration: 227, total loss=278491618607104.0000, content_loss=4202673437.5000, style loss=278487393750000.0000, tv loss=41608472.0000
L-BFGS | iteration: 228, total loss=279387001847808.0000, content_loss=4193973046.8750, style loss=279382781250000.0000, tv loss=41648120.0000
L-BFGS | iteration: 229, total loss=277487435120640.0000, content_loss=4199341796.8750, style loss=277483200000000.0000, tv loss=41626488.0000
L-BFGS | iteration: 230, total loss=276492932087808.0000, content_loss=4197476953.1250, style loss=276488700000000.0000, tv loss=41625140.0000
L-BFGS | iteration: 231, total loss=274239600984064.0000, content_loss=4199796484.3750, style loss=274235381250000.0000, tv loss=41643576.0000
L-BFGS | iteration: 232, total loss=271733789556736.0000, content_loss=4192269921.8750, style loss=271729556250000.0000, tv loss=41649000.0000
L-BFGS | iteration: 233, total loss=269680426090496.0000, content_loss=4195171875.0000, style loss=269676206250000.0000, tv loss=41683924.0000
L-BFGS | iteration: 234, total loss=268226814541824.0000, content_loss=4202238281.2500, style loss=268222593750000.0000, tv loss=41697180.0000
L-BFGS | iteration: 235, total loss=268130764980224.0000, content_loss=4189666015.6250, style loss=268126537500000.0000, tv loss=41732096.0000
L-BFGS | iteration: 236, total loss=267225785171968.0000, content_loss=4195611328.1250, style loss=267221550000000.0000, tv loss=41716200.0000
L-BFGS | iteration: 237, total loss=266310671925248.0000, content_loss=4191023046.8750, style loss=266306437500000.0000, tv loss=41716360.0000
L-BFGS | iteration: 238, total loss=265095179403264.0000, content_loss=4187414062.5000, style loss=265090950000000.0000, tv loss=41725088.0000
L-BFGS | iteration: 239, total loss=262780661792768.0000, content_loss=4187898437.5000, style loss=262776431250000.0000, tv loss=41746832.0000
L-BFGS | iteration: 240, total loss=259873472249856.0000, content_loss=4193988281.2500, style loss=259869243750000.0000, tv loss=41793284.0000
L-BFGS | iteration: 241, total loss=257764324540416.0000, content_loss=4197805078.1250, style loss=257760093750000.0000, tv loss=41790240.0000
L-BFGS | iteration: 242, total loss=257115549597696.0000, content_loss=4208765625.0000, style loss=257111306250000.0000, tv loss=41799112.0000
L-BFGS | iteration: 243, total loss=255651032858624.0000, content_loss=4206848828.1250, style loss=255646781250000.0000, tv loss=41890868.0000
L-BFGS | iteration: 244, total loss=254374521602048.0000, content_loss=4207264453.1250, style loss=254370281250000.0000, tv loss=41838084.0000
L-BFGS | iteration: 245, total loss=253759552749568.0000, content_loss=4206996875.0000, style loss=253755300000000.0000, tv loss=41842272.0000
L-BFGS | iteration: 246, total loss=252845647462400.0000, content_loss=4204910546.8750, style loss=252841406250000.0000, tv loss=41876140.0000
L-BFGS | iteration: 247, total loss=251685435867136.0000, content_loss=4205635546.8750, style loss=251681193750000.0000, tv loss=41865584.0000
L-BFGS | iteration: 248, total loss=250913465827328.0000, content_loss=4204621484.3750, style loss=250909218750000.0000, tv loss=41870444.0000
L-BFGS | iteration: 249, total loss=249611033772032.0000, content_loss=4202685546.8750, style loss=249606806250000.0000, tv loss=41886072.0000
L-BFGS | iteration: 250, total loss=246684365881344.0000, content_loss=4201343359.3750, style loss=246680137500000.0000, tv loss=41913488.0000
L-BFGS | iteration: 251, total loss=245785979518976.0000, content_loss=4206075390.6250, style loss=245781731250000.0000, tv loss=41918232.0000
L-BFGS | iteration: 252, total loss=244860095299584.0000, content_loss=4204658593.7500, style loss=244855856250000.0000, tv loss=41940348.0000
L-BFGS | iteration: 253, total loss=244200918482944.0000, content_loss=4204385156.2500, style loss=244196662500000.0000, tv loss=41949544.0000
L-BFGS | iteration: 254, total loss=243270605078528.0000, content_loss=4205591406.2500, style loss=243266343750000.0000, tv loss=41950696.0000
L-BFGS | iteration: 255, total loss=242037395816448.0000, content_loss=4205518359.3750, style loss=242033137500000.0000, tv loss=41957928.0000
L-BFGS | iteration: 256, total loss=240336320331776.0000, content_loss=4205421875.0000, style loss=240332062500000.0000, tv loss=41984680.0000
L-BFGS | iteration: 257, total loss=237981856169984.0000, content_loss=4212743750.0000, style loss=237977587500000.0000, tv loss=42025176.0000
L-BFGS | iteration: 258, total loss=239150053720064.0000, content_loss=4203800000.0000, style loss=239145787500000.0000, tv loss=42072844.0000
L-BFGS | iteration: 259, total loss=237399384784896.0000, content_loss=4209487500.0000, style loss=237395118750000.0000, tv loss=42044464.0000
L-BFGS | iteration: 260, total loss=235934113071104.0000, content_loss=4207186328.1250, style loss=235929843750000.0000, tv loss=42053312.0000
L-BFGS | iteration: 261, total loss=234647199940608.0000, content_loss=4212700390.6250, style loss=234642937500000.0000, tv loss=42063104.0000
L-BFGS | iteration: 262, total loss=233381073780736.0000, content_loss=4214202734.3750, style loss=233376806250000.0000, tv loss=42087360.0000
L-BFGS | iteration: 263, total loss=232231482163200.0000, content_loss=4217195312.5000, style loss=232227225000000.0000, tv loss=42090608.0000
L-BFGS | iteration: 264, total loss=231631931572224.0000, content_loss=4215083203.1250, style loss=231627675000000.0000, tv loss=42111992.0000
L-BFGS | iteration: 265, total loss=230834745376768.0000, content_loss=4215232812.5000, style loss=230830481250000.0000, tv loss=42104120.0000
L-BFGS | iteration: 266, total loss=230037810839552.0000, content_loss=4213929296.8750, style loss=230033550000000.0000, tv loss=42107920.0000
L-BFGS | iteration: 267, total loss=228381245308928.0000, content_loss=4215049218.7500, style loss=228376987500000.0000, tv loss=42120200.0000
L-BFGS | iteration: 268, total loss=226882654044160.0000, content_loss=4212909375.0000, style loss=226878393750000.0000, tv loss=42172056.0000
L-BFGS | iteration: 269, total loss=225431928176640.0000, content_loss=4214913671.8750, style loss=225427668750000.0000, tv loss=42166040.0000
L-BFGS | iteration: 270, total loss=224939734990848.0000, content_loss=4211408593.7500, style loss=224935481250000.0000, tv loss=42168000.0000
L-BFGS | iteration: 271, total loss=224540588244992.0000, content_loss=4212918750.0000, style loss=224536331250000.0000, tv loss=42171936.0000
L-BFGS | iteration: 272, total loss=223624602583040.0000, content_loss=4215080859.3750, style loss=223620337500000.0000, tv loss=42196392.0000
L-BFGS | iteration: 273, total loss=222173608280064.0000, content_loss=4215321093.7500, style loss=222169350000000.0000, tv loss=42207840.0000
L-BFGS | iteration: 274, total loss=221963305877504.0000, content_loss=4216069140.6250, style loss=221959050000000.0000, tv loss=42281392.0000
L-BFGS | iteration: 275, total loss=221059500474368.0000, content_loss=4216551171.8750, style loss=221055243750000.0000, tv loss=42249348.0000
L-BFGS | iteration: 276, total loss=219669222916096.0000, content_loss=4220847656.2500, style loss=219664950000000.0000, tv loss=42260976.0000
L-BFGS | iteration: 277, total loss=218908762046464.0000, content_loss=4216629687.5000, style loss=218904506250000.0000, tv loss=42262984.0000
L-BFGS | iteration: 278, total loss=217981502095360.0000, content_loss=4214190234.3750, style loss=217977243750000.0000, tv loss=42254936.0000
L-BFGS | iteration: 279, total loss=217145224986624.0000, content_loss=4214774218.7500, style loss=217140956250000.0000, tv loss=42274832.0000
L-BFGS | iteration: 280, total loss=216041972039680.0000, content_loss=4221359765.6250, style loss=216037687500000.0000, tv loss=42287176.0000
L-BFGS | iteration: 281, total loss=215499866636288.0000, content_loss=4220825781.2500, style loss=215495587500000.0000, tv loss=42304760.0000
L-BFGS | iteration: 282, total loss=214663404978176.0000, content_loss=4221839062.5000, style loss=214659131250000.0000, tv loss=42316200.0000
L-BFGS | iteration: 283, total loss=213830684639232.0000, content_loss=4222442968.7500, style loss=213826406250000.0000, tv loss=42326132.0000
L-BFGS | iteration: 284, total loss=212225306394624.0000, content_loss=4218762500.0000, style loss=212221050000000.0000, tv loss=42366264.0000
L-BFGS | iteration: 285, total loss=211266320728064.0000, content_loss=4220233593.7500, style loss=211262043750000.0000, tv loss=42363928.0000
L-BFGS | iteration: 286, total loss=211477646540800.0000, content_loss=4225457812.5000, style loss=211473375000000.0000, tv loss=42340088.0000
L-BFGS | iteration: 287, total loss=210880780304384.0000, content_loss=4222649218.7500, style loss=210876506250000.0000, tv loss=42353760.0000
L-BFGS | iteration: 288, total loss=210191689711616.0000, content_loss=4219162109.3750, style loss=210187425000000.0000, tv loss=42372368.0000
L-BFGS | iteration: 289, total loss=209304325980160.0000, content_loss=4213537890.6250, style loss=209300062500000.0000, tv loss=42391156.0000
L-BFGS | iteration: 290, total loss=208404429668352.0000, content_loss=4213385546.8750, style loss=208400175000000.0000, tv loss=42402648.0000
L-BFGS | iteration: 291, total loss=207553086619648.0000, content_loss=4214475781.2500, style loss=207548831250000.0000, tv loss=42414688.0000
L-BFGS | iteration: 292, total loss=206760111505408.0000, content_loss=4221362109.3750, style loss=206755837500000.0000, tv loss=42412104.0000
L-BFGS | iteration: 293, total loss=206173110272000.0000, content_loss=4221996093.7500, style loss=206168831250000.0000, tv loss=42426088.0000
L-BFGS | iteration: 294, total loss=205197263503360.0000, content_loss=4223704296.8750, style loss=205192987500000.0000, tv loss=42450008.0000
L-BFGS | iteration: 295, total loss=204141657849856.0000, content_loss=4225267187.5000, style loss=204137381250000.0000, tv loss=42459840.0000
L-BFGS | iteration: 296, total loss=203394652307456.0000, content_loss=4222854296.8750, style loss=203390381250000.0000, tv loss=42477540.0000
L-BFGS | iteration: 297, total loss=202645717385216.0000, content_loss=4224547656.2500, style loss=202641431250000.0000, tv loss=42472196.0000
L-BFGS | iteration: 298, total loss=202213938954240.0000, content_loss=4224661718.7500, style loss=202209656250000.0000, tv loss=42483412.0000
L-BFGS | iteration: 299, total loss=200878791327744.0000, content_loss=4224255078.1250, style loss=200874506250000.0000, tv loss=42511804.0000
L-BFGS | iteration: 300, total loss=200078685896704.0000, content_loss=4228217187.5000, style loss=200074406250000.0000, tv loss=42517260.0000
L-BFGS | iteration: 301, total loss=199699168493568.0000, content_loss=4228003515.6250, style loss=199694887500000.0000, tv loss=42525376.0000
L-BFGS | iteration: 302, total loss=199282640551936.0000, content_loss=4228941796.8750, style loss=199278356250000.0000, tv loss=42528480.0000
L-BFGS | iteration: 303, total loss=198669382975488.0000, content_loss=4228880468.7500, style loss=198665100000000.0000, tv loss=42532408.0000
L-BFGS | iteration: 304, total loss=197523583008768.0000, content_loss=4228610937.5000, style loss=197519306250000.0000, tv loss=42552112.0000
L-BFGS | iteration: 305, total loss=196219875885056.0000, content_loss=4227223437.5000, style loss=196215600000000.0000, tv loss=42572868.0000
L-BFGS | iteration: 306, total loss=195764911341568.0000, content_loss=4224792187.5000, style loss=195760631250000.0000, tv loss=42604144.0000
L-BFGS | iteration: 307, total loss=194980274503680.0000, content_loss=4228407421.8750, style loss=194976000000000.0000, tv loss=42612496.0000
L-BFGS | iteration: 308, total loss=194564602200064.0000, content_loss=4227567187.5000, style loss=194560331250000.0000, tv loss=42609980.0000
L-BFGS | iteration: 309, total loss=193917823746048.0000, content_loss=4227476171.8750, style loss=193913550000000.0000, tv loss=42620256.0000
L-BFGS | iteration: 310, total loss=193177579421696.0000, content_loss=4228624609.3750, style loss=193173300000000.0000, tv loss=42628048.0000
L-BFGS | iteration: 311, total loss=192488270725120.0000, content_loss=4227739062.5000, style loss=192483993750000.0000, tv loss=42660352.0000
L-BFGS | iteration: 312, total loss=191469675610112.0000, content_loss=4232965625.0000, style loss=191465400000000.0000, tv loss=42660848.0000
L-BFGS | iteration: 313, total loss=191067441856512.0000, content_loss=4231725000.0000, style loss=191063156250000.0000, tv loss=42671576.0000
L-BFGS | iteration: 314, total loss=190532684873728.0000, content_loss=4231000781.2500, style loss=190528406250000.0000, tv loss=42688768.0000
L-BFGS | iteration: 315, total loss=189809284874240.0000, content_loss=4231857421.8750, style loss=189805012500000.0000, tv loss=42698192.0000
L-BFGS | iteration: 316, total loss=188670061576192.0000, content_loss=4230998828.1250, style loss=188665781250000.0000, tv loss=42738536.0000
L-BFGS | iteration: 317, total loss=188076013912064.0000, content_loss=4236045703.1250, style loss=188071743750000.0000, tv loss=42725408.0000
L-BFGS | iteration: 318, total loss=187436684541952.0000, content_loss=4233999609.3750, style loss=187432406250000.0000, tv loss=42733384.0000
L-BFGS | iteration: 319, total loss=187176016936960.0000, content_loss=4233978125.0000, style loss=187171743750000.0000, tv loss=42736424.0000
L-BFGS | iteration: 320, total loss=186637384417280.0000, content_loss=4235177734.3750, style loss=186633112500000.0000, tv loss=42741072.0000
L-BFGS | iteration: 321, total loss=185606961364992.0000, content_loss=4232767187.5000, style loss=185602687500000.0000, tv loss=42765728.0000
L-BFGS | iteration: 322, total loss=184830109155328.0000, content_loss=4239033984.3750, style loss=184825818750000.0000, tv loss=42759484.0000
L-BFGS | iteration: 323, total loss=184428328386560.0000, content_loss=4234098828.1250, style loss=184424043750000.0000, tv loss=42785600.0000
L-BFGS | iteration: 324, total loss=183706673217536.0000, content_loss=4234216796.8750, style loss=183702393750000.0000, tv loss=42789776.0000
L-BFGS | iteration: 325, total loss=183396076617728.0000, content_loss=4234301171.8750, style loss=183391800000000.0000, tv loss=42790984.0000
L-BFGS | iteration: 326, total loss=182659053518848.0000, content_loss=4235828906.2500, style loss=182654775000000.0000, tv loss=42821216.0000
L-BFGS | iteration: 327, total loss=182026065936384.0000, content_loss=4239663281.2500, style loss=182021775000000.0000, tv loss=42804708.0000
L-BFGS | iteration: 328, total loss=181708775227392.0000, content_loss=4238605468.7500, style loss=181704487500000.0000, tv loss=42815520.0000
L-BFGS | iteration: 329, total loss=181174689333248.0000, content_loss=4237527343.7500, style loss=181170393750000.0000, tv loss=42841984.0000
L-BFGS | iteration: 330, total loss=180575742722048.0000, content_loss=4236401562.5000, style loss=180571443750000.0000, tv loss=42855264.0000
L-BFGS | iteration: 331, total loss=179877860868096.0000, content_loss=4236454296.8750, style loss=179873568750000.0000, tv loss=42864872.0000
L-BFGS | iteration: 332, total loss=179276028575744.0000, content_loss=4239571875.0000, style loss=179271731250000.0000, tv loss=42874524.0000
L-BFGS | iteration: 333, total loss=179120621223936.0000, content_loss=4236963281.2500, style loss=179116331250000.0000, tv loss=42897168.0000
L-BFGS | iteration: 334, total loss=178985698852864.0000, content_loss=4238251953.1250, style loss=178981406250000.0000, tv loss=42888632.0000
L-BFGS | iteration: 335, total loss=178549340241920.0000, content_loss=4238137890.6250, style loss=178545037500000.0000, tv loss=42887856.0000
L-BFGS | iteration: 336, total loss=177426374066176.0000, content_loss=4239582421.8750, style loss=177422081250000.0000, tv loss=42913400.0000
L-BFGS | iteration: 337, total loss=176677757911040.0000, content_loss=4232733984.3750, style loss=176673487500000.0000, tv loss=42902976.0000
L-BFGS | iteration: 338, total loss=176201838624768.0000, content_loss=4232230078.1250, style loss=176197556250000.0000, tv loss=42929976.0000
L-BFGS | iteration: 339, total loss=175888272457728.0000, content_loss=4241651562.5000, style loss=175883981250000.0000, tv loss=42957612.0000
L-BFGS | iteration: 340, total loss=175445588836352.0000, content_loss=4237315625.0000, style loss=175441293750000.0000, tv loss=42948416.0000
L-BFGS | iteration: 341, total loss=175170727706624.0000, content_loss=4234627734.3750, style loss=175166456250000.0000, tv loss=42942812.0000
L-BFGS | iteration: 342, total loss=174814480302080.0000, content_loss=4233308593.7500, style loss=174810206250000.0000, tv loss=42945296.0000
L-BFGS | iteration: 343, total loss=174155957796864.0000, content_loss=4234066796.8750, style loss=174151687500000.0000, tv loss=42948408.0000
L-BFGS | iteration: 344, total loss=173781876211712.0000, content_loss=4235723046.8750, style loss=173777606250000.0000, tv loss=42977852.0000
L-BFGS | iteration: 345, total loss=173018462552064.0000, content_loss=4242865234.3750, style loss=173014162500000.0000, tv loss=42987480.0000
L-BFGS | iteration: 346, total loss=172761955696640.0000, content_loss=4242947656.2500, style loss=172757662500000.0000, tv loss=42994708.0000
L-BFGS | iteration: 347, total loss=172158177247232.0000, content_loss=4241117578.1250, style loss=172153875000000.0000, tv loss=43015712.0000
L-BFGS | iteration: 348, total loss=171808405848064.0000, content_loss=4241834375.0000, style loss=171804112500000.0000, tv loss=43009608.0000
L-BFGS | iteration: 349, total loss=171484068708352.0000, content_loss=4242017578.1250, style loss=171479775000000.0000, tv loss=43015896.0000
L-BFGS | iteration: 350, total loss=171484119040000.0000, content_loss=4239507031.2500, style loss=171479831250000.0000, tv loss=43070744.0000
L-BFGS | iteration: 351, total loss=170759460749312.0000, content_loss=4241367968.7500, style loss=170755162500000.0000, tv loss=43046152.0000
L-BFGS | iteration: 352, total loss=170277182898176.0000, content_loss=4242526562.5000, style loss=170272893750000.0000, tv loss=43050712.0000
L-BFGS | iteration: 353, total loss=169847216406528.0000, content_loss=4241708203.1250, style loss=169842918750000.0000, tv loss=43063116.0000
L-BFGS | iteration: 354, total loss=168910645100544.0000, content_loss=4242302343.7500, style loss=168906356250000.0000, tv loss=43069104.0000
L-BFGS | iteration: 355, total loss=168408368807936.0000, content_loss=4240117578.1250, style loss=168404081250000.0000, tv loss=43114208.0000
L-BFGS | iteration: 356, total loss=168184325865472.0000, content_loss=4245255078.1250, style loss=168180037500000.0000, tv loss=43093696.0000
L-BFGS | iteration: 357, total loss=167490252439552.0000, content_loss=4244709765.6250, style loss=167485950000000.0000, tv loss=43084228.0000
L-BFGS | iteration: 358, total loss=167330097135616.0000, content_loss=4243726953.1250, style loss=167325806250000.0000, tv loss=43096080.0000
L-BFGS | iteration: 359, total loss=167130850918400.0000, content_loss=4243315625.0000, style loss=167126550000000.0000, tv loss=43107724.0000
L-BFGS | iteration: 360, total loss=166555291746304.0000, content_loss=4243491406.2500, style loss=166551000000000.0000, tv loss=43130512.0000
L-BFGS | iteration: 361, total loss=165960271003648.0000, content_loss=4244838281.2500, style loss=165955968750000.0000, tv loss=43146784.0000
L-BFGS | iteration: 362, total loss=165514835918848.0000, content_loss=4245013671.8750, style loss=165510543750000.0000, tv loss=43149976.0000
L-BFGS | iteration: 363, total loss=165091362209792.0000, content_loss=4246918750.0000, style loss=165087075000000.0000, tv loss=43141560.0000
L-BFGS | iteration: 364, total loss=164737094516736.0000, content_loss=4246173437.5000, style loss=164732793750000.0000, tv loss=43154364.0000
L-BFGS | iteration: 365, total loss=164013342195712.0000, content_loss=4244373046.8750, style loss=164009043750000.0000, tv loss=43177032.0000
L-BFGS | iteration: 366, total loss=163451892662272.0000, content_loss=4243620312.5000, style loss=163447593750000.0000, tv loss=43188828.0000
L-BFGS | iteration: 367, total loss=163000753324032.0000, content_loss=4246377734.3750, style loss=162996450000000.0000, tv loss=43195624.0000
L-BFGS | iteration: 368, total loss=162717453254656.0000, content_loss=4243228515.6250, style loss=162713156250000.0000, tv loss=43209784.0000
L-BFGS | iteration: 369, total loss=162441233170432.0000, content_loss=4243868750.0000, style loss=162436931250000.0000, tv loss=43204968.0000
L-BFGS | iteration: 370, total loss=162163838681088.0000, content_loss=4245236718.7500, style loss=162159543750000.0000, tv loss=43208172.0000
L-BFGS | iteration: 371, total loss=161395475742720.0000, content_loss=4246514843.7500, style loss=161391187500000.0000, tv loss=43226248.0000
L-BFGS | iteration: 372, total loss=160782369161216.0000, content_loss=4249462109.3750, style loss=160778081250000.0000, tv loss=43233072.0000
L-BFGS | iteration: 373, total loss=160422279774208.0000, content_loss=4248419921.8750, style loss=160417987500000.0000, tv loss=43251216.0000
L-BFGS | iteration: 374, total loss=159935539183616.0000, content_loss=4249203906.2500, style loss=159931237500000.0000, tv loss=43250032.0000
L-BFGS | iteration: 375, total loss=159642407665664.0000, content_loss=4248228515.6250, style loss=159638118750000.0000, tv loss=43257256.0000
L-BFGS | iteration: 376, total loss=158897801265152.0000, content_loss=4250137109.3750, style loss=158893500000000.0000, tv loss=43276596.0000
L-BFGS | iteration: 377, total loss=158608226516992.0000, content_loss=4241588671.8750, style loss=158603925000000.0000, tv loss=43290576.0000
L-BFGS | iteration: 378, total loss=158473354477568.0000, content_loss=4246733203.1250, style loss=158469056250000.0000, tv loss=43276420.0000
L-BFGS | iteration: 379, total loss=157901503070208.0000, content_loss=4250927734.3750, style loss=157897200000000.0000, tv loss=43290480.0000
L-BFGS | iteration: 380, total loss=157737455452160.0000, content_loss=4249790234.3750, style loss=157733156250000.0000, tv loss=43297192.0000
L-BFGS | iteration: 381, total loss=157596442951680.0000, content_loss=4249483593.7500, style loss=157592156250000.0000, tv loss=43301280.0000
L-BFGS | iteration: 382, total loss=157229491683328.0000, content_loss=4250039453.1250, style loss=157225200000000.0000, tv loss=43310168.0000
L-BFGS | iteration: 383, total loss=156599440113664.0000, content_loss=4250500390.6250, style loss=156595143750000.0000, tv loss=43325736.0000
L-BFGS | iteration: 384, total loss=155844062740480.0000, content_loss=4249722656.2500, style loss=155839771875000.0000, tv loss=43343504.0000
L-BFGS | iteration: 385, total loss=155331065806848.0000, content_loss=4249647656.2500, style loss=155326771875000.0000, tv loss=43353776.0000
L-BFGS | iteration: 386, total loss=155031542169600.0000, content_loss=4250618359.3750, style loss=155027250000000.0000, tv loss=43360208.0000
L-BFGS | iteration: 387, total loss=154633251061760.0000, content_loss=4247690234.3750, style loss=154628953125000.0000, tv loss=43381096.0000
L-BFGS | iteration: 388, total loss=154530591277056.0000, content_loss=4251660546.8750, style loss=154526296875000.0000, tv loss=43368000.0000
L-BFGS | iteration: 389, total loss=154059621269504.0000, content_loss=4250900000.0000, style loss=154055325000000.0000, tv loss=43375600.0000
L-BFGS | iteration: 390, total loss=153868210012160.0000, content_loss=4251224218.7500, style loss=153863915625000.0000, tv loss=43381376.0000
L-BFGS | iteration: 391, total loss=153669299339264.0000, content_loss=4251810546.8750, style loss=153664996875000.0000, tv loss=43383760.0000
L-BFGS | iteration: 392, total loss=153037955923968.0000, content_loss=4252664453.1250, style loss=153033665625000.0000, tv loss=43408604.0000
L-BFGS | iteration: 393, total loss=152802185707520.0000, content_loss=4257918359.3750, style loss=152797865625000.0000, tv loss=43400008.0000
L-BFGS | iteration: 394, total loss=152462866513920.0000, content_loss=4255985546.8750, style loss=152458546875000.0000, tv loss=43406104.0000
L-BFGS | iteration: 395, total loss=152247027630080.0000, content_loss=4254152734.3750, style loss=152242715625000.0000, tv loss=43420724.0000
L-BFGS | iteration: 396, total loss=151990051012608.0000, content_loss=4253791406.2500, style loss=151985746875000.0000, tv loss=43428376.0000
L-BFGS | iteration: 397, total loss=151502219902976.0000, content_loss=4254685937.5000, style loss=151497900000000.0000, tv loss=43440184.0000
L-BFGS | iteration: 398, total loss=151065844514816.0000, content_loss=4254043750.0000, style loss=151061540625000.0000, tv loss=43454960.0000
L-BFGS | iteration: 399, total loss=150824638480384.0000, content_loss=4253051171.8750, style loss=150820321875000.0000, tv loss=43466144.0000
L-BFGS | iteration: 400, total loss=150475387174912.0000, content_loss=4254654296.8750, style loss=150471075000000.0000, tv loss=43461416.0000
L-BFGS | iteration: 401, total loss=150189067206656.0000, content_loss=4254541796.8750, style loss=150184753125000.0000, tv loss=43469516.0000
L-BFGS | iteration: 402, total loss=149613826801664.0000, content_loss=4253067187.5000, style loss=149609521875000.0000, tv loss=43476064.0000
L-BFGS | iteration: 403, total loss=149302894657536.0000, content_loss=4253650390.6250, style loss=149298590625000.0000, tv loss=43481888.0000
L-BFGS | iteration: 404, total loss=149396964507648.0000, content_loss=4247934375.0000, style loss=149392668750000.0000, tv loss=43504592.0000
L-BFGS | iteration: 405, total loss=149077962522624.0000, content_loss=4251177343.7500, style loss=149073675000000.0000, tv loss=43493216.0000
L-BFGS | iteration: 406, total loss=148903680802816.0000, content_loss=4251215625.0000, style loss=148899393750000.0000, tv loss=43493520.0000
L-BFGS | iteration: 407, total loss=148482975334400.0000, content_loss=4253489453.1250, style loss=148478671875000.0000, tv loss=43502560.0000
L-BFGS | iteration: 408, total loss=148161892974592.0000, content_loss=4253755468.7500, style loss=148157578125000.0000, tv loss=43508100.0000
L-BFGS | iteration: 409, total loss=147798515253248.0000, content_loss=4253235156.2500, style loss=147794203125000.0000, tv loss=43529308.0000
L-BFGS | iteration: 410, total loss=147436412600320.0000, content_loss=4255769921.8750, style loss=147432103125000.0000, tv loss=43535984.0000
L-BFGS | iteration: 411, total loss=147272079769600.0000, content_loss=4253287890.6250, style loss=147267768750000.0000, tv loss=43540368.0000
L-BFGS | iteration: 412, total loss=147096690753536.0000, content_loss=4252117578.1250, style loss=147092390625000.0000, tv loss=43539048.0000
L-BFGS | iteration: 413, total loss=146753898676224.0000, content_loss=4252164843.7500, style loss=146749603125000.0000, tv loss=43548944.0000
L-BFGS | iteration: 414, total loss=146207263424512.0000, content_loss=4252251953.1250, style loss=146202975000000.0000, tv loss=43565916.0000
L-BFGS | iteration: 415, total loss=145745604771840.0000, content_loss=4252167187.5000, style loss=145741303125000.0000, tv loss=43580188.0000
L-BFGS | iteration: 416, total loss=145362329272320.0000, content_loss=4255888281.2500, style loss=145358025000000.0000, tv loss=43579712.0000
L-BFGS | iteration: 417, total loss=145160465809408.0000, content_loss=4254365625.0000, style loss=145156153125000.0000, tv loss=43591784.0000
L-BFGS | iteration: 418, total loss=145014051045376.0000, content_loss=4255066015.6250, style loss=145009743750000.0000, tv loss=43589732.0000
L-BFGS | iteration: 419, total loss=144829535223808.0000, content_loss=4255777734.3750, style loss=144825225000000.0000, tv loss=43589824.0000
L-BFGS | iteration: 420, total loss=144256559742976.0000, content_loss=4255634765.6250, style loss=144252253125000.0000, tv loss=43611388.0000
L-BFGS | iteration: 421, total loss=143758712635392.0000, content_loss=4259176171.8750, style loss=143754393750000.0000, tv loss=43605908.0000
L-BFGS | iteration: 422, total loss=143347670843392.0000, content_loss=4257625000.0000, style loss=143343365625000.0000, tv loss=43631804.0000
L-BFGS | iteration: 423, total loss=143083412914176.0000, content_loss=4257076171.8750, style loss=143079093750000.0000, tv loss=43652252.0000
L-BFGS | iteration: 424, total loss=142897974345728.0000, content_loss=4255440625.0000, style loss=142893665625000.0000, tv loss=43655576.0000
L-BFGS | iteration: 425, total loss=142720001638400.0000, content_loss=4258042187.5000, style loss=142715690625000.0000, tv loss=43640988.0000
L-BFGS | iteration: 426, total loss=142548739817472.0000, content_loss=4258589453.1250, style loss=142544428125000.0000, tv loss=43647856.0000
L-BFGS | iteration: 427, total loss=142031447916544.0000, content_loss=4258019531.2500, style loss=142027143750000.0000, tv loss=43676328.0000
L-BFGS | iteration: 428, total loss=141776031580160.0000, content_loss=4258783203.1250, style loss=141771721875000.0000, tv loss=43674612.0000
L-BFGS | iteration: 429, total loss=141643122475008.0000, content_loss=4258490625.0000, style loss=141638803125000.0000, tv loss=43676040.0000
L-BFGS | iteration: 430, total loss=141339085766656.0000, content_loss=4257873046.8750, style loss=141334771875000.0000, tv loss=43683084.0000
L-BFGS | iteration: 431, total loss=141092460691456.0000, content_loss=4258630859.3750, style loss=141088143750000.0000, tv loss=43680040.0000
L-BFGS | iteration: 432, total loss=140781461438464.0000, content_loss=4257948828.1250, style loss=140777146875000.0000, tv loss=43688304.0000
L-BFGS | iteration: 433, total loss=140272818192384.0000, content_loss=4259565625.0000, style loss=140268515625000.0000, tv loss=43699208.0000
L-BFGS | iteration: 434, total loss=140100969168896.0000, content_loss=4255750000.0000, style loss=140096671875000.0000, tv loss=43715208.0000
L-BFGS | iteration: 435, total loss=139969695842304.0000, content_loss=4258809375.0000, style loss=139965393750000.0000, tv loss=43711740.0000
L-BFGS | iteration: 436, total loss=139729521606656.0000, content_loss=4259657421.8750, style loss=139725215625000.0000, tv loss=43717120.0000
L-BFGS | iteration: 437, total loss=139645081878528.0000, content_loss=4259358203.1250, style loss=139640775000000.0000, tv loss=43720520.0000
L-BFGS | iteration: 438, total loss=139543109959680.0000, content_loss=4259492187.5000, style loss=139538803125000.0000, tv loss=43723752.0000
L-BFGS | iteration: 439, total loss=139360993280000.0000, content_loss=4260094531.2500, style loss=139356693750000.0000, tv loss=43727424.0000
L-BFGS | iteration: 440, total loss=139062149120000.0000, content_loss=4261899609.3750, style loss=139057846875000.0000, tv loss=43732984.0000
L-BFGS | iteration: 441, total loss=138653103816704.0000, content_loss=4262509765.6250, style loss=138648796875000.0000, tv loss=43741536.0000
L-BFGS | iteration: 442, total loss=138234671661056.0000, content_loss=4263966796.8750, style loss=138230371875000.0000, tv loss=43750752.0000
L-BFGS | iteration: 443, total loss=137827471851520.0000, content_loss=4258532812.5000, style loss=137823168750000.0000, tv loss=43780240.0000
L-BFGS | iteration: 444, total loss=137545933389824.0000, content_loss=4260997656.2500, style loss=137541628125000.0000, tv loss=43769552.0000
L-BFGS | iteration: 445, total loss=137295776710656.0000, content_loss=4260846093.7500, style loss=137291475000000.0000, tv loss=43775180.0000
L-BFGS | iteration: 446, total loss=137194635264000.0000, content_loss=4262199609.3750, style loss=137190328125000.0000, tv loss=43776860.0000
L-BFGS | iteration: 447, total loss=137068478988288.0000, content_loss=4262788671.8750, style loss=137064178125000.0000, tv loss=43777808.0000
L-BFGS | iteration: 448, total loss=136629175975936.0000, content_loss=4266431250.0000, style loss=136624865625000.0000, tv loss=43793920.0000
L-BFGS | iteration: 449, total loss=136376930533376.0000, content_loss=4266802343.7500, style loss=136372621875000.0000, tv loss=43794656.0000
L-BFGS | iteration: 450, total loss=136194151153664.0000, content_loss=4264645312.5000, style loss=136189846875000.0000, tv loss=43803808.0000
L-BFGS | iteration: 451, total loss=135970695413760.0000, content_loss=4264592578.1250, style loss=135966393750000.0000, tv loss=43807624.0000
L-BFGS | iteration: 452, total loss=135698728353792.0000, content_loss=4264160156.2500, style loss=135694425000000.0000, tv loss=43815544.0000
L-BFGS | iteration: 453, total loss=135307970215936.0000, content_loss=4263260546.8750, style loss=135303665625000.0000, tv loss=43828132.0000
L-BFGS | iteration: 454, total loss=134933444034560.0000, content_loss=4265460937.5000, style loss=134929143750000.0000, tv loss=43840032.0000
L-BFGS | iteration: 455, total loss=135517500866560.0000, content_loss=4262645703.1250, style loss=135513196875000.0000, tv loss=43864048.0000
L-BFGS | iteration: 456, total loss=134833896423424.0000, content_loss=4264719921.8750, style loss=134829590625000.0000, tv loss=43847600.0000
L-BFGS | iteration: 457, total loss=134669311934464.0000, content_loss=4265714453.1250, style loss=134665003125000.0000, tv loss=43847688.0000
L-BFGS | iteration: 458, total loss=134336317751296.0000, content_loss=4266758984.3750, style loss=134332003125000.0000, tv loss=43854472.0000
L-BFGS | iteration: 459, total loss=134037532311552.0000, content_loss=4266256250.0000, style loss=134033221875000.0000, tv loss=43867548.0000
L-BFGS | iteration: 460, total loss=133752479023104.0000, content_loss=4266834375.0000, style loss=133748165625000.0000, tv loss=43873604.0000
L-BFGS | iteration: 461, total loss=133437830725632.0000, content_loss=4266172265.6250, style loss=133433521875000.0000, tv loss=43887092.0000
L-BFGS | iteration: 462, total loss=133282154938368.0000, content_loss=4265498046.8750, style loss=133277850000000.0000, tv loss=43897440.0000
L-BFGS | iteration: 463, total loss=133064529281024.0000, content_loss=4268696875.0000, style loss=133060218750000.0000, tv loss=43885188.0000
L-BFGS | iteration: 464, total loss=132841409085440.0000, content_loss=4267933203.1250, style loss=132837093750000.0000, tv loss=43903856.0000
L-BFGS | iteration: 465, total loss=132653529432064.0000, content_loss=4267873046.8750, style loss=132649218750000.0000, tv loss=43910468.0000
L-BFGS | iteration: 466, total loss=132466639634432.0000, content_loss=4268814062.5000, style loss=132462328125000.0000, tv loss=43915304.0000
L-BFGS | iteration: 467, total loss=132262326697984.0000, content_loss=4267502343.7500, style loss=132258018750000.0000, tv loss=43923636.0000
L-BFGS | iteration: 468, total loss=131991517265920.0000, content_loss=4267863281.2500, style loss=131987203125000.0000, tv loss=43922244.0000
L-BFGS | iteration: 469, total loss=131842854354944.0000, content_loss=4267465625.0000, style loss=131838543750000.0000, tv loss=43926220.0000
L-BFGS | iteration: 470, total loss=131588243324928.0000, content_loss=4266378125.0000, style loss=131583928125000.0000, tv loss=43933872.0000
L-BFGS | iteration: 471, total loss=131232591511552.0000, content_loss=4268816406.2500, style loss=131228278125000.0000, tv loss=43952608.0000
L-BFGS | iteration: 472, total loss=130979037446144.0000, content_loss=4269100781.2500, style loss=130974721875000.0000, tv loss=43955600.0000
L-BFGS | iteration: 473, total loss=131132507029504.0000, content_loss=4264972656.2500, style loss=131128200000000.0000, tv loss=43974176.0000
L-BFGS | iteration: 474, total loss=130869985542144.0000, content_loss=4267440625.0000, style loss=130865671875000.0000, tv loss=43963488.0000
L-BFGS | iteration: 475, total loss=130765614481408.0000, content_loss=4268027343.7500, style loss=130761300000000.0000, tv loss=43964416.0000
L-BFGS | iteration: 476, total loss=130535531741184.0000, content_loss=4269040234.3750, style loss=130531218750000.0000, tv loss=43971848.0000
L-BFGS | iteration: 477, total loss=130210255077376.0000, content_loss=4270291406.2500, style loss=130205943750000.0000, tv loss=43979896.0000
L-BFGS | iteration: 478, total loss=130031502229504.0000, content_loss=4270507421.8750, style loss=130027190625000.0000, tv loss=43993880.0000
L-BFGS | iteration: 479, total loss=129804481331200.0000, content_loss=4272716406.2500, style loss=129800165625000.0000, tv loss=43989328.0000
L-BFGS | iteration: 480, total loss=129677360365568.0000, content_loss=4271748437.5000, style loss=129673050000000.0000, tv loss=43996296.0000
L-BFGS | iteration: 481, total loss=129478239977472.0000, content_loss=4269974609.3750, style loss=129473925000000.0000, tv loss=44006320.0000
L-BFGS | iteration: 482, total loss=129277987127296.0000, content_loss=4270246875.0000, style loss=129273675000000.0000, tv loss=44010952.0000
L-BFGS | iteration: 483, total loss=129051134001152.0000, content_loss=4269872265.6250, style loss=129046818750000.0000, tv loss=44018296.0000
L-BFGS | iteration: 484, total loss=128892027273216.0000, content_loss=4271333203.1250, style loss=128887715625000.0000, tv loss=44012992.0000
L-BFGS | iteration: 485, total loss=128790726443008.0000, content_loss=4270253515.6250, style loss=128786418750000.0000, tv loss=44020548.0000
L-BFGS | iteration: 486, total loss=128690239307776.0000, content_loss=4268952343.7500, style loss=128685928125000.0000, tv loss=44028648.0000
L-BFGS | iteration: 487, total loss=128541408624640.0000, content_loss=4269005078.1250, style loss=128537100000000.0000, tv loss=44033796.0000
L-BFGS | iteration: 488, total loss=128223211945984.0000, content_loss=4269251562.5000, style loss=128218903125000.0000, tv loss=44044732.0000
L-BFGS | iteration: 489, total loss=127956739424256.0000, content_loss=4270602343.7500, style loss=127952428125000.0000, tv loss=44051504.0000
L-BFGS | iteration: 490, total loss=127805006282752.0000, content_loss=4270817968.7500, style loss=127800693750000.0000, tv loss=44059068.0000
L-BFGS | iteration: 491, total loss=127619542548480.0000, content_loss=4273915625.0000, style loss=127615228125000.0000, tv loss=44056300.0000
L-BFGS | iteration: 492, total loss=127510708748288.0000, content_loss=4273857812.5000, style loss=127506393750000.0000, tv loss=44061912.0000
L-BFGS | iteration: 493, total loss=127175088930816.0000, content_loss=4274939453.1250, style loss=127170768750000.0000, tv loss=44082776.0000
L-BFGS | iteration: 494, total loss=126989700694016.0000, content_loss=4274668359.3750, style loss=126985378125000.0000, tv loss=44085528.0000
