C:\Users\user\AppData\Roaming\Python\Python313\site-packages\torchvision\models\_utils.py:208: UserWarning: The parameter 'pretrained' is deprecated since 0.13 and may be removed in the future, please use 'weights' instead.
  warnings.warn(
C:\Users\user\AppData\Roaming\Python\Python313\site-packages\torchvision\models\_utils.py:223: UserWarning: Arguments other than a weight enum or `None` for 'weights' are deprecated since 0.13 and may be removed in the future. The current behavior is equivalent to passing `weights=VGG19_Weights.IMAGENET1K_V1`. You can also use `weights=VGG19_Weights.DEFAULT` to get the most up-to-date weights.
  warnings.warn(msg)
Using VGG19 in the optimization procedure.
L-BFGS | iteration: 000, total loss=16147923834241024.0000, content_loss=      0.0000, style loss=16147923600000000.0000, tv loss=3956215.0000
L-BFGS | iteration: 001, total loss=16147901285662720.0000, content_loss=     34.7024, style loss=16147900800000000.0000, tv loss=3956216.0000
L-BFGS | iteration: 002, total loss=16147753109291008.0000, content_loss=     47.5432, style loss=16147753200000000.0000, tv loss=3956220.0000
L-BFGS | iteration: 003, total loss=16146895189573632.0000, content_loss=     73.8264, style loss=16146895200000000.0000, tv loss=3956243.0000
L-BFGS | iteration: 004, total loss=16142764504776704.0000, content_loss=    180.1025, style loss=16142764800000000.0000, tv loss=3956368.7500
L-BFGS | iteration: 005, total loss=16122334419091456.0000, content_loss=   2339.5471, style loss=16122334800000000.0000, tv loss=3957061.5000
L-BFGS | iteration: 006, total loss=16018822486032384.0000, content_loss=  66409.3137, style loss=16018822800000000.0000, tv loss=3960873.5000
L-BFGS | iteration: 007, total loss=15303792035627008.0000, content_loss=3482164.3829, style loss=15303792000000000.0000, tv loss=3999283.5000
L-BFGS | iteration: 008, total loss=14100118860988416.0000, content_loss=16389857.4829, style loss=14100118800000000.0000, tv loss=4106845.2500
L-BFGS | iteration: 009, total loss=11960028999188480.0000, content_loss=53729217.5293, style loss=11960029200000000.0000, tv loss=4402298.0000
L-BFGS | iteration: 010, total loss=9051337559900160.0000, content_loss=139982519.5312, style loss=9051337800000000.0000, tv loss=5091971.0000
L-BFGS | iteration: 011, total loss=6777497584664576.0000, content_loss=270300756.8359, style loss=6777496800000000.0000, tv loss=6093841.0000
L-BFGS | iteration: 012, total loss=5847993647366144.0000, content_loss=308844067.3828, style loss=5847993000000000.0000, tv loss=6350754.0000
L-BFGS | iteration: 013, total loss=4659235820404736.0000, content_loss=297943774.4141, style loss=4659235200000000.0000, tv loss=6191059.0000
L-BFGS | iteration: 014, total loss=3826028539543552.0000, content_loss=322728930.6641, style loss=3826028400000000.0000, tv loss=6116767.0000
L-BFGS | iteration: 015, total loss=3304725004943360.0000, content_loss=369986132.8125, style loss=3304724700000000.0000, tv loss=6208266.0000
L-BFGS | iteration: 016, total loss=2925816279203840.0000, content_loss=355790063.4766, style loss=2925816000000000.0000, tv loss=6082974.0000
L-BFGS | iteration: 017, total loss=2576448338526208.0000, content_loss=363888232.4219, style loss=2576448000000000.0000, tv loss=6072124.0000
L-BFGS | iteration: 018, total loss=2316071583350784.0000, content_loss=379230883.7891, style loss=2316071250000000.0000, tv loss=6086312.0000
L-BFGS | iteration: 019, total loss=2088449993605120.0000, content_loss=406471801.7578, style loss=2088449550000000.0000, tv loss=6130483.0000
L-BFGS | iteration: 020, total loss=1901499194015744.0000, content_loss=438147460.9375, style loss=1901498850000000.0000, tv loss=6203893.5000
L-BFGS | iteration: 021, total loss=1746503353761792.0000, content_loss=456921533.2031, style loss=1746502950000000.0000, tv loss=6240158.0000
L-BFGS | iteration: 022, total loss=1605940348452864.0000, content_loss=487498388.6719, style loss=1605939750000000.0000, tv loss=6328009.5000
L-BFGS | iteration: 023, total loss=1492191360843776.0000, content_loss=498857275.3906, style loss=1492190850000000.0000, tv loss=6366599.0000
L-BFGS | iteration: 024, total loss=1373294720712704.0000, content_loss=521940673.8281, style loss=1373294250000000.0000, tv loss=6439608.0000
L-BFGS | iteration: 025, total loss=1271891213942784.0000, content_loss=541728027.3438, style loss=1271890650000000.0000, tv loss=6517205.0000
L-BFGS | iteration: 026, total loss=1165556279410688.0000, content_loss=568083593.7500, style loss=1165555800000000.0000, tv loss=6644451.0000
L-BFGS | iteration: 027, total loss=1068035154640896.0000, content_loss=594813037.1094, style loss=1068034575000000.0000, tv loss=6758499.0000
L-BFGS | iteration: 028, total loss=985745661624320.0000, content_loss=604284326.1719, style loss=985745025000000.0000, tv loss=6796743.0000
L-BFGS | iteration: 029, total loss=911556946690048.0000, content_loss=628141064.4531, style loss=911556375000000.0000, tv loss=6898506.5000
L-BFGS | iteration: 030, total loss=855550774476800.0000, content_loss=631035595.7031, style loss=855550200000000.0000, tv loss=6935476.5000
L-BFGS | iteration: 031, total loss=794982273253376.0000, content_loss=643849853.5156, style loss=794981625000000.0000, tv loss=7001949.0000
L-BFGS | iteration: 032, total loss=739143403438080.0000, content_loss=655660058.5938, style loss=739142700000000.0000, tv loss=7072185.5000
L-BFGS | iteration: 033, total loss=680937603989504.0000, content_loss=668191162.1094, style loss=680936925000000.0000, tv loss=7169702.0000
L-BFGS | iteration: 034, total loss=632201469231104.0000, content_loss=687189599.6094, style loss=632200800000000.0000, tv loss=7261332.0000
L-BFGS | iteration: 035, total loss=603091858620416.0000, content_loss=677227832.0312, style loss=603091200000000.0000, tv loss=7216222.0000
L-BFGS | iteration: 036, total loss=572352240812032.0000, content_loss=689339794.9219, style loss=572351587500000.0000, tv loss=7279645.0000
L-BFGS | iteration: 037, total loss=539958825713664.0000, content_loss=700569189.4531, style loss=539958112500000.0000, tv loss=7374939.5000
L-BFGS | iteration: 038, total loss=502209754169344.0000, content_loss=705618945.3125, style loss=502209037500000.0000, tv loss=7386309.0000
L-BFGS | iteration: 039, total loss=465638174752768.0000, content_loss=716215039.0625, style loss=465637462500000.0000, tv loss=7423167.5000
L-BFGS | iteration: 040, total loss=452207879127040.0000, content_loss=716120898.4375, style loss=452207175000000.0000, tv loss=7474265.0000
L-BFGS | iteration: 041, total loss=421266565627904.0000, content_loss=726082812.5000, style loss=421265812500000.0000, tv loss=7475352.0000
L-BFGS | iteration: 042, total loss=410390534029312.0000, content_loss=729774755.8594, style loss=410389800000000.0000, tv loss=7494198.5000
L-BFGS | iteration: 043, total loss=391520662323200.0000, content_loss=731939843.7500, style loss=391519912500000.0000, tv loss=7490001.0000
L-BFGS | iteration: 044, total loss=365243347763200.0000, content_loss=743154003.9062, style loss=365242612500000.0000, tv loss=7528006.5000
L-BFGS | iteration: 045, total loss=344133851938816.0000, content_loss=740489697.2656, style loss=344133112500000.0000, tv loss=7480789.0000
L-BFGS | iteration: 046, total loss=328615866662912.0000, content_loss=764414501.9531, style loss=328615087500000.0000, tv loss=7640592.0000
L-BFGS | iteration: 047, total loss=318469711069184.0000, content_loss=756496679.6875, style loss=318468937500000.0000, tv loss=7545148.0000
L-BFGS | iteration: 048, total loss=314785098891264.0000, content_loss=747459277.3438, style loss=314784375000000.0000, tv loss=7505863.0000
L-BFGS | iteration: 049, total loss=303407361425408.0000, content_loss=756669091.7969, style loss=303406593750000.0000, tv loss=7538427.5000
L-BFGS | iteration: 050, total loss=295230985207808.0000, content_loss=765533642.5781, style loss=295230206250000.0000, tv loss=7572119.0000
L-BFGS | iteration: 051, total loss=284099772153856.0000, content_loss=776617187.5000, style loss=284098987500000.0000, tv loss=7605923.0000
L-BFGS | iteration: 052, total loss=271241529262080.0000, content_loss=786114794.9219, style loss=271240743750000.0000, tv loss=7610703.0000
L-BFGS | iteration: 053, total loss=262137993756672.0000, content_loss=782831494.1406, style loss=262137206250000.0000, tv loss=7566189.0000
L-BFGS | iteration: 054, total loss=252253596286976.0000, content_loss=788195898.4375, style loss=252252806250000.0000, tv loss=7548572.0000
L-BFGS | iteration: 055, total loss=249125719244800.0000, content_loss=795466503.9062, style loss=249124931250000.0000, tv loss=7601907.0000
L-BFGS | iteration: 056, total loss=241645547159552.0000, content_loss=800884765.6250, style loss=241644750000000.0000, tv loss=7613283.0000
L-BFGS | iteration: 057, total loss=235869369794560.0000, content_loss=802202929.6875, style loss=235868568750000.0000, tv loss=7596688.0000
L-BFGS | iteration: 058, total loss=230457929105408.0000, content_loss=810417773.4375, style loss=230457131250000.0000, tv loss=7598952.0000
L-BFGS | iteration: 059, total loss=220242433277952.0000, content_loss=816049755.8594, style loss=220241606250000.0000, tv loss=7575073.0000
L-BFGS | iteration: 060, total loss=214670719844352.0000, content_loss=819661523.4375, style loss=214669893750000.0000, tv loss=7585166.0000
L-BFGS | iteration: 061, total loss=211400739782656.0000, content_loss=825783105.4688, style loss=211399912500000.0000, tv loss=7611077.0000
L-BFGS | iteration: 062, total loss=206234766540800.0000, content_loss=830794433.5938, style loss=206233931250000.0000, tv loss=7621408.0000
L-BFGS | iteration: 063, total loss=201281478066176.0000, content_loss=834617285.1562, style loss=201280631250000.0000, tv loss=7620590.5000
L-BFGS | iteration: 064, total loss=195035823865856.0000, content_loss=834921972.6562, style loss=195034987500000.0000, tv loss=7598130.0000
L-BFGS | iteration: 065, total loss=190871668523008.0000, content_loss=840581542.9688, style loss=190870837500000.0000, tv loss=7620964.0000
L-BFGS | iteration: 066, total loss=186297343803392.0000, content_loss=848103027.3438, style loss=186296493750000.0000, tv loss=7644517.5000
L-BFGS | iteration: 067, total loss=181505905131520.0000, content_loss=849769335.9375, style loss=181505043750000.0000, tv loss=7629531.0000
L-BFGS | iteration: 068, total loss=176646837501952.0000, content_loss=861200000.0000, style loss=176645981250000.0000, tv loss=7647482.0000
L-BFGS | iteration: 069, total loss=171804161212416.0000, content_loss=861202734.3750, style loss=171803306250000.0000, tv loss=7619213.0000
L-BFGS | iteration: 070, total loss=169667448537088.0000, content_loss=865340234.3750, style loss=169666575000000.0000, tv loss=7647323.0000
L-BFGS | iteration: 071, total loss=165359864774656.0000, content_loss=876333886.7188, style loss=165358987500000.0000, tv loss=7700142.0000
L-BFGS | iteration: 072, total loss=161260553371648.0000, content_loss=873760058.5938, style loss=161259675000000.0000, tv loss=7685253.0000
L-BFGS | iteration: 073, total loss=158961537908736.0000, content_loss=870911230.4688, style loss=158960662500000.0000, tv loss=7650924.0000
L-BFGS | iteration: 074, total loss=156957298130944.0000, content_loss=874361328.1250, style loss=156956418750000.0000, tv loss=7666564.0000
L-BFGS | iteration: 075, total loss=153923910369280.0000, content_loss=881047949.2188, style loss=153923025000000.0000, tv loss=7687288.0000
L-BFGS | iteration: 076, total loss=151321562841088.0000, content_loss=886464746.0938, style loss=151320665625000.0000, tv loss=7697198.0000
L-BFGS | iteration: 077, total loss=146739336052736.0000, content_loss=894241113.2812, style loss=146738446875000.0000, tv loss=7723737.0000
L-BFGS | iteration: 078, total loss=143754585440256.0000, content_loss=898478613.2812, style loss=143753671875000.0000, tv loss=7714332.0000
L-BFGS | iteration: 079, total loss=141351366688768.0000, content_loss=897804394.5312, style loss=141350465625000.0000, tv loss=7721066.5000
L-BFGS | iteration: 080, total loss=139774761369600.0000, content_loss=898631445.3125, style loss=139773853125000.0000, tv loss=7732782.0000
L-BFGS | iteration: 081, total loss=138233396592640.0000, content_loss=900416992.1875, style loss=138232490625000.0000, tv loss=7760102.0000
L-BFGS | iteration: 082, total loss=134825759473664.0000, content_loss=903755175.7812, style loss=134824846875000.0000, tv loss=7761693.5000
L-BFGS | iteration: 083, total loss=132595757088768.0000, content_loss=905199804.6875, style loss=132594843750000.0000, tv loss=7748195.0000
L-BFGS | iteration: 084, total loss=129622364651520.0000, content_loss=914763867.1875, style loss=129621440625000.0000, tv loss=7772023.0000
L-BFGS | iteration: 085, total loss=126818631811072.0000, content_loss=925581640.6250, style loss=126817696875000.0000, tv loss=7788962.0000
L-BFGS | iteration: 086, total loss=125512634597376.0000, content_loss=923350878.9062, style loss=125511703125000.0000, tv loss=7796651.5000
L-BFGS | iteration: 087, total loss=124267303796736.0000, content_loss=919726464.8438, style loss=124266375000000.0000, tv loss=7783979.5000
L-BFGS | iteration: 088, total loss=122765969457152.0000, content_loss=921072460.9375, style loss=122765034375000.0000, tv loss=7812567.0000
L-BFGS | iteration: 089, total loss=121727879217152.0000, content_loss=922159765.6250, style loss=121726950000000.0000, tv loss=7819712.0000
L-BFGS | iteration: 090, total loss=120071607287808.0000, content_loss=925209277.3438, style loss=120070678125000.0000, tv loss=7836859.0000
L-BFGS | iteration: 091, total loss=118158383906816.0000, content_loss=930142382.8125, style loss=118157446875000.0000, tv loss=7846661.0000
L-BFGS | iteration: 092, total loss=115401300115456.0000, content_loss=937708105.4688, style loss=115400353125000.0000, tv loss=7872396.5000
L-BFGS | iteration: 093, total loss=112475940847616.0000, content_loss=943004882.8125, style loss=112474996875000.0000, tv loss=7858913.0000
L-BFGS | iteration: 094, total loss=111655694368768.0000, content_loss=943407714.8438, style loss=111654750000000.0000, tv loss=7879381.0000
L-BFGS | iteration: 095, total loss=110367657164800.0000, content_loss=942565820.3125, style loss=110366709375000.0000, tv loss=7878000.0000
L-BFGS | iteration: 096, total loss=109147500576768.0000, content_loss=943087890.6250, style loss=109146553125000.0000, tv loss=7886798.0000
L-BFGS | iteration: 097, total loss=107423859736576.0000, content_loss=946140820.3125, style loss=107422903125000.0000, tv loss=7912804.5000
L-BFGS | iteration: 098, total loss=105408253394944.0000, content_loss=952171093.7500, style loss=105407287500000.0000, tv loss=7929254.0000
L-BFGS | iteration: 099, total loss=103728996679680.0000, content_loss=953037304.6875, style loss=103728028125000.0000, tv loss=7923418.0000
L-BFGS | iteration: 100, total loss=102602624729088.0000, content_loss=957180664.0625, style loss=102601659375000.0000, tv loss=7942764.0000
L-BFGS | iteration: 101, total loss=101041974542336.0000, content_loss=961677636.7188, style loss=101041003125000.0000, tv loss=7955019.0000
L-BFGS | iteration: 102, total loss=100008623865856.0000, content_loss=963089550.7812, style loss=100007653125000.0000, tv loss=7966924.5000
L-BFGS | iteration: 103, total loss=99262113251328.0000, content_loss=965305273.4375, style loss=99261140625000.0000, tv loss=7955203.0000
L-BFGS | iteration: 104, total loss=97876264878080.0000, content_loss=967382519.5312, style loss=97875290625000.0000, tv loss=7978207.5000
L-BFGS | iteration: 105, total loss=97009922998272.0000, content_loss=968898437.5000, style loss=97008937500000.0000, tv loss=7979996.5000
L-BFGS | iteration: 106, total loss=96135343505408.0000, content_loss=970557226.5625, style loss=96134362500000.0000, tv loss=7990226.0000
L-BFGS | iteration: 107, total loss=94937299288064.0000, content_loss=973653027.3438, style loss=94936321875000.0000, tv loss=8013775.0000
L-BFGS | iteration: 108, total loss=93503828787200.0000, content_loss=975948339.8438, style loss=93502846875000.0000, tv loss=8008828.0000
L-BFGS | iteration: 109, total loss=92238625374208.0000, content_loss=979235449.2188, style loss=92237634375000.0000, tv loss=8033865.5000
L-BFGS | iteration: 110, total loss=91021841006592.0000, content_loss=980279199.2188, style loss=91020853125000.0000, tv loss=8039627.5000
L-BFGS | iteration: 111, total loss=89222442647552.0000, content_loss=986612304.6875, style loss=89221443750000.0000, tv loss=8065002.0000
L-BFGS | iteration: 112, total loss=88588389711872.0000, content_loss=982574707.0312, style loss=88587403125000.0000, tv loss=8026984.0000
L-BFGS | iteration: 113, total loss=87675289731072.0000, content_loss=986565527.3438, style loss=87674287500000.0000, tv loss=8037072.0000
L-BFGS | iteration: 114, total loss=87390236442624.0000, content_loss=990318652.3438, style loss=87389240625000.0000, tv loss=8077894.5000
L-BFGS | iteration: 115, total loss=86493670408192.0000, content_loss=990922656.2500, style loss=86492671875000.0000, tv loss=8073130.5000
L-BFGS | iteration: 116, total loss=85755363852288.0000, content_loss=991540429.6875, style loss=85754362500000.0000, tv loss=8071580.0000
L-BFGS | iteration: 117, total loss=84710688555008.0000, content_loss=995865722.6562, style loss=84709678125000.0000, tv loss=8093855.5000
L-BFGS | iteration: 118, total loss=83660896206848.0000, content_loss=998931933.5938, style loss=83659893750000.0000, tv loss=8092307.0000
L-BFGS | iteration: 119, total loss=82954634133504.0000, content_loss=1001267285.1562, style loss=82953628125000.0000, tv loss=8112450.0000
L-BFGS | iteration: 120, total loss=82314709172224.0000, content_loss=1002647656.2500, style loss=82313690625000.0000, tv loss=8119407.0000
L-BFGS | iteration: 121, total loss=81568634765312.0000, content_loss=1003863476.5625, style loss=81567618750000.0000, tv loss=8135391.0000
L-BFGS | iteration: 122, total loss=80669963190272.0000, content_loss=1004427734.3750, style loss=80668950000000.0000, tv loss=8139151.5000
L-BFGS | iteration: 123, total loss=80000283836416.0000, content_loss=1004430078.1250, style loss=79999265625000.0000, tv loss=8129228.0000
L-BFGS | iteration: 124, total loss=79357934567424.0000, content_loss=1005618359.3750, style loss=79356918750000.0000, tv loss=8138237.0000
L-BFGS | iteration: 125, total loss=78537428041728.0000, content_loss=1009085253.9062, style loss=78536409375000.0000, tv loss=8140859.0000
L-BFGS | iteration: 126, total loss=77892511858688.0000, content_loss=1010909765.6250, style loss=77891484375000.0000, tv loss=8143929.5000
L-BFGS | iteration: 127, total loss=76891188887552.0000, content_loss=1013387500.0000, style loss=76890164062500.0000, tv loss=8151682.0000
L-BFGS | iteration: 128, total loss=76089019858944.0000, content_loss=1017055761.7188, style loss=76087996875000.0000, tv loss=8165637.5000
L-BFGS | iteration: 129, total loss=75590879150080.0000, content_loss=1019750683.5938, style loss=75589846875000.0000, tv loss=8188268.0000
L-BFGS | iteration: 130, total loss=74942381031424.0000, content_loss=1020897460.9375, style loss=74941345312500.0000, tv loss=8195478.0000
L-BFGS | iteration: 131, total loss=74371158769664.0000, content_loss=1021866699.2188, style loss=74370126562500.0000, tv loss=8200954.5000
L-BFGS | iteration: 132, total loss=73749655191552.0000, content_loss=1022894726.5625, style loss=73748625000000.0000, tv loss=8206626.5000
L-BFGS | iteration: 133, total loss=73197332463616.0000, content_loss=1024449316.4062, style loss=73196301562500.0000, tv loss=8220767.5000
L-BFGS | iteration: 134, total loss=72431544827904.0000, content_loss=1026754003.9062, style loss=72430509375000.0000, tv loss=8225134.0000
L-BFGS | iteration: 135, total loss=71784690876416.0000, content_loss=1024664453.1250, style loss=71783657812500.0000, tv loss=8222401.0000
L-BFGS | iteration: 136, total loss=71019171676160.0000, content_loss=1026476562.5000, style loss=71018137500000.0000, tv loss=8238201.0000
L-BFGS | iteration: 137, total loss=70616040341504.0000, content_loss=1029019531.2500, style loss=70614998437500.0000, tv loss=8243663.0000
L-BFGS | iteration: 138, total loss=70568955084800.0000, content_loss=1028620800.7812, style loss=70567912500000.0000, tv loss=8262570.0000
L-BFGS | iteration: 139, total loss=70364134637568.0000, content_loss=1028953320.3125, style loss=70363096875000.0000, tv loss=8253707.5000
L-BFGS | iteration: 140, total loss=69954917367808.0000, content_loss=1029291015.6250, style loss=69953882812500.0000, tv loss=8251675.0000
L-BFGS | iteration: 141, total loss=69113552568320.0000, content_loss=1032039160.1562, style loss=69112514062500.0000, tv loss=8251729.5000
L-BFGS | iteration: 142, total loss=68364189827072.0000, content_loss=1034338769.5312, style loss=68363146875000.0000, tv loss=8251492.0000
L-BFGS | iteration: 143, total loss=68085583183872.0000, content_loss=1040786816.4062, style loss=68084535937500.0000, tv loss=8294603.0000
L-BFGS | iteration: 144, total loss=67778354610176.0000, content_loss=1038467675.7812, style loss=67777307812500.0000, tv loss=8276465.5000
L-BFGS | iteration: 145, total loss=67129059573760.0000, content_loss=1041401074.2188, style loss=67128009375000.0000, tv loss=8283939.0000
L-BFGS | iteration: 146, total loss=67464733917184.0000, content_loss=1041558105.4688, style loss=67463685937500.0000, tv loss=8309125.0000
L-BFGS | iteration: 147, total loss=66772183023616.0000, content_loss=1041726660.1562, style loss=66771135937500.0000, tv loss=8294538.0000
L-BFGS | iteration: 148, total loss=66465935917056.0000, content_loss=1041583593.7500, style loss=66464887500000.0000, tv loss=8292487.0000
L-BFGS | iteration: 149, total loss=65739939643392.0000, content_loss=1044145507.8125, style loss=65738887500000.0000, tv loss=8308404.0000
L-BFGS | iteration: 150, total loss=65145925533696.0000, content_loss=1045323437.5000, style loss=65144873437500.0000, tv loss=8308008.0000
L-BFGS | iteration: 151, total loss=64733277323264.0000, content_loss=1045105078.1250, style loss=64732223437500.0000, tv loss=8314775.0000
L-BFGS | iteration: 152, total loss=64257047658496.0000, content_loss=1046144433.5938, style loss=64255996875000.0000, tv loss=8317355.0000
L-BFGS | iteration: 153, total loss=63745275461632.0000, content_loss=1047636718.7500, style loss=63744220312500.0000, tv loss=8331411.0000
L-BFGS | iteration: 154, total loss=63025633558528.0000, content_loss=1048734375.0000, style loss=63024576562500.0000, tv loss=8332637.5000
L-BFGS | iteration: 155, total loss=62508127748096.0000, content_loss=1051882226.5625, style loss=62507067187500.0000, tv loss=8360853.0000
L-BFGS | iteration: 156, total loss=62091654332416.0000, content_loss=1053720312.5000, style loss=62090592187500.0000, tv loss=8352039.5000
L-BFGS | iteration: 157, total loss=61736279343104.0000, content_loss=1053665332.0312, style loss=61735218750000.0000, tv loss=8360048.0000
L-BFGS | iteration: 158, total loss=61365309931520.0000, content_loss=1054726269.5312, style loss=61364250000000.0000, tv loss=8356890.5000
L-BFGS | iteration: 159, total loss=61022207475712.0000, content_loss=1056647851.5625, style loss=61021143750000.0000, tv loss=8366462.0000
L-BFGS | iteration: 160, total loss=60360497299456.0000, content_loss=1058550097.6562, style loss=60359432812500.0000, tv loss=8383074.0000
L-BFGS | iteration: 161, total loss=59792827613184.0000, content_loss=1061158105.4688, style loss=59791757812500.0000, tv loss=8398025.0000
L-BFGS | iteration: 162, total loss=59384671502336.0000, content_loss=1059837792.9688, style loss=59383603125000.0000, tv loss=8397781.0000
L-BFGS | iteration: 163, total loss=59038477844480.0000, content_loss=1059661621.0938, style loss=59037407812500.0000, tv loss=8395206.0000
L-BFGS | iteration: 164, total loss=58760030584832.0000, content_loss=1061220312.5000, style loss=58758960937500.0000, tv loss=8426432.0000
L-BFGS | iteration: 165, total loss=58285243760640.0000, content_loss=1063840429.6875, style loss=58284168750000.0000, tv loss=8426376.0000
L-BFGS | iteration: 166, total loss=57976593317888.0000, content_loss=1064877636.7188, style loss=57975520312500.0000, tv loss=8427776.0000
L-BFGS | iteration: 167, total loss=57443555999744.0000, content_loss=1068030664.0625, style loss=57442476562500.0000, tv loss=8441173.0000
L-BFGS | iteration: 168, total loss=57001618964480.0000, content_loss=1069441601.5625, style loss=57000539062500.0000, tv loss=8431468.0000
L-BFGS | iteration: 169, total loss=56716695699456.0000, content_loss=1071092968.7500, style loss=56715618750000.0000, tv loss=8439218.0000
L-BFGS | iteration: 170, total loss=56296480964608.0000, content_loss=1072866992.1875, style loss=56295398437500.0000, tv loss=8457054.0000
L-BFGS | iteration: 171, total loss=55905815101440.0000, content_loss=1073144824.2188, style loss=55904732812500.0000, tv loss=8459185.0000
L-BFGS | iteration: 172, total loss=55523445571584.0000, content_loss=1073264062.5000, style loss=55522364062500.0000, tv loss=8467680.0000
L-BFGS | iteration: 173, total loss=55201566294016.0000, content_loss=1073409960.9375, style loss=55200482812500.0000, tv loss=8471838.0000
L-BFGS | iteration: 174, total loss=54824871657472.0000, content_loss=1073575390.6250, style loss=54823790625000.0000, tv loss=8487114.0000
L-BFGS | iteration: 175, total loss=54463389761536.0000, content_loss=1075173828.1250, style loss=54462309375000.0000, tv loss=8493826.0000
L-BFGS | iteration: 176, total loss=54205167435776.0000, content_loss=1074921191.4062, style loss=54204084375000.0000, tv loss=8504068.0000
L-BFGS | iteration: 177, total loss=53880373116928.0000, content_loss=1075398535.1562, style loss=53879292187500.0000, tv loss=8507224.0000
L-BFGS | iteration: 178, total loss=53590647373824.0000, content_loss=1078399609.3750, style loss=53589562500000.0000, tv loss=8523806.0000
L-BFGS | iteration: 179, total loss=53229173866496.0000, content_loss=1079876562.5000, style loss=53228085937500.0000, tv loss=8513592.0000
L-BFGS | iteration: 180, total loss=52873090039808.0000, content_loss=1081207031.2500, style loss=52872000000000.0000, tv loss=8524808.0000
L-BFGS | iteration: 181, total loss=52501084635136.0000, content_loss=1082737109.3750, style loss=52499995312500.0000, tv loss=8536270.0000
L-BFGS | iteration: 182, total loss=52029460316160.0000, content_loss=1084299902.3438, style loss=52028367187500.0000, tv loss=8552822.0000
L-BFGS | iteration: 183, total loss=51663377268736.0000, content_loss=1082470898.4375, style loss=51662287500000.0000, tv loss=8553976.0000
L-BFGS | iteration: 184, total loss=51331616210944.0000, content_loss=1083685644.5312, style loss=51330525000000.0000, tv loss=8546618.0000
L-BFGS | iteration: 185, total loss=51097464995840.0000, content_loss=1085263378.9062, style loss=51096370312500.0000, tv loss=8567348.0000
L-BFGS | iteration: 186, total loss=50895328903168.0000, content_loss=1085824218.7500, style loss=50894235937500.0000, tv loss=8572323.0000
L-BFGS | iteration: 187, total loss=50592898613248.0000, content_loss=1087094531.2500, style loss=50591803125000.0000, tv loss=8577771.0000
L-BFGS | iteration: 188, total loss=50134507323392.0000, content_loss=1088967285.1562, style loss=50133407812500.0000, tv loss=8594565.0000
L-BFGS | iteration: 189, total loss=49934258667520.0000, content_loss=1090413183.5938, style loss=49933157812500.0000, tv loss=8589656.0000
L-BFGS | iteration: 190, total loss=49603399385088.0000, content_loss=1090231152.3438, style loss=49602300000000.0000, tv loss=8604794.0000
L-BFGS | iteration: 191, total loss=49390265827328.0000, content_loss=1090393359.3750, style loss=49389168750000.0000, tv loss=8612548.0000
L-BFGS | iteration: 192, total loss=49147906359296.0000, content_loss=1090853027.3438, style loss=49146806250000.0000, tv loss=8622009.0000
L-BFGS | iteration: 193, total loss=48781357744128.0000, content_loss=1093374121.0938, style loss=48780253125000.0000, tv loss=8632096.0000
L-BFGS | iteration: 194, total loss=48541242228736.0000, content_loss=1094036914.0625, style loss=48540140625000.0000, tv loss=8639094.0000
L-BFGS | iteration: 195, total loss=48267878465536.0000, content_loss=1095119335.9375, style loss=48266775000000.0000, tv loss=8629083.0000
L-BFGS | iteration: 196, total loss=48048197599232.0000, content_loss=1096775781.2500, style loss=48047095312500.0000, tv loss=8644491.0000
L-BFGS | iteration: 197, total loss=47888281370624.0000, content_loss=1096278906.2500, style loss=47887176562500.0000, tv loss=8644056.0000
L-BFGS | iteration: 198, total loss=47464405008384.0000, content_loss=1096048632.8125, style loss=47463300000000.0000, tv loss=8653723.0000
L-BFGS | iteration: 199, total loss=47185978720256.0000, content_loss=1095962500.0000, style loss=47184876562500.0000, tv loss=8654118.0000
L-BFGS | iteration: 200, total loss=46984689876992.0000, content_loss=1096700878.9062, style loss=46983585937500.0000, tv loss=8663638.0000
L-BFGS | iteration: 201, total loss=46717659512832.0000, content_loss=1099832421.8750, style loss=46716553125000.0000, tv loss=8670163.0000
L-BFGS | iteration: 202, total loss=46481436311552.0000, content_loss=1101649121.0938, style loss=46480326562500.0000, tv loss=8681686.0000
L-BFGS | iteration: 203, total loss=46167484268544.0000, content_loss=1103559375.0000, style loss=46166371875000.0000, tv loss=8691172.0000
L-BFGS | iteration: 204, total loss=45942489219072.0000, content_loss=1103497363.2812, style loss=45941376562500.0000, tv loss=8704223.0000
L-BFGS | iteration: 205, total loss=45671100973056.0000, content_loss=1103191113.2812, style loss=45669989062500.0000, tv loss=8706144.0000
L-BFGS | iteration: 206, total loss=45397628157952.0000, content_loss=1103679980.4688, style loss=45396515625000.0000, tv loss=8715980.0000
L-BFGS | iteration: 207, total loss=45135261859840.0000, content_loss=1104624121.0938, style loss=45134151562500.0000, tv loss=8713270.0000
L-BFGS | iteration: 208, total loss=44962167128064.0000, content_loss=1105636328.1250, style loss=44961051562500.0000, tv loss=8725258.0000
L-BFGS | iteration: 209, total loss=44761746505728.0000, content_loss=1107390332.0312, style loss=44760632812500.0000, tv loss=8725650.0000
L-BFGS | iteration: 210, total loss=44542438932480.0000, content_loss=1108771386.7188, style loss=44541323437500.0000, tv loss=8737019.0000
L-BFGS | iteration: 211, total loss=44363656724480.0000, content_loss=1108614257.8125, style loss=44362542187500.0000, tv loss=8735684.0000
L-BFGS | iteration: 212, total loss=44125827104768.0000, content_loss=1108880664.0625, style loss=44124712500000.0000, tv loss=8745762.0000
L-BFGS | iteration: 213, total loss=43816945975296.0000, content_loss=1108320214.8438, style loss=43815829687500.0000, tv loss=8747036.0000
L-BFGS | iteration: 214, total loss=43627166302208.0000, content_loss=1111177539.0625, style loss=43626046875000.0000, tv loss=8768198.0000
L-BFGS | iteration: 215, total loss=43427777478656.0000, content_loss=1110437304.6875, style loss=43426659375000.0000, tv loss=8762200.0000
L-BFGS | iteration: 216, total loss=43272160411648.0000, content_loss=1110445507.8125, style loss=43271039062500.0000, tv loss=8746582.0000
L-BFGS | iteration: 217, total loss=43162194149376.0000, content_loss=1111396582.0312, style loss=43161075000000.0000, tv loss=8765328.0000
L-BFGS | iteration: 218, total loss=42974633263104.0000, content_loss=1112732812.5000, style loss=42973514062500.0000, tv loss=8771145.0000
L-BFGS | iteration: 219, total loss=42827824234496.0000, content_loss=1113899707.0312, style loss=42826701562500.0000, tv loss=8782070.0000
L-BFGS | iteration: 220, total loss=42593555578880.0000, content_loss=1114473046.8750, style loss=42592429687500.0000, tv loss=8793616.0000
L-BFGS | iteration: 221, total loss=42271936348160.0000, content_loss=1116745507.8125, style loss=42270810937500.0000, tv loss=8812538.0000
L-BFGS | iteration: 222, total loss=42026561175552.0000, content_loss=1117016308.5938, style loss=42025439062500.0000, tv loss=8799506.0000
L-BFGS | iteration: 223, total loss=41921200259072.0000, content_loss=1117780761.7188, style loss=41920078125000.0000, tv loss=8805168.0000
L-BFGS | iteration: 224, total loss=41760881377280.0000, content_loss=1119308984.3750, style loss=41759751562500.0000, tv loss=8815698.0000
L-BFGS | iteration: 225, total loss=41596368191488.0000, content_loss=1119618359.3750, style loss=41595239062500.0000, tv loss=8816454.0000
L-BFGS | iteration: 226, total loss=41315395960832.0000, content_loss=1118730371.0938, style loss=41314265625000.0000, tv loss=8822008.0000
L-BFGS | iteration: 227, total loss=41114249723904.0000, content_loss=1120696679.6875, style loss=41113120312500.0000, tv loss=8830346.0000
L-BFGS | iteration: 228, total loss=40939984781312.0000, content_loss=1121277148.4375, style loss=40938857812500.0000, tv loss=8844190.0000
L-BFGS | iteration: 229, total loss=40825593528320.0000, content_loss=1121866210.9375, style loss=40824464062500.0000, tv loss=8843038.0000
L-BFGS | iteration: 230, total loss=40720178085888.0000, content_loss=1122258203.1250, style loss=40719046875000.0000, tv loss=8848542.0000
L-BFGS | iteration: 231, total loss=40558730936320.0000, content_loss=1123388964.8438, style loss=40557600000000.0000, tv loss=8853442.0000
L-BFGS | iteration: 232, total loss=40323149463552.0000, content_loss=1123689257.8125, style loss=40322015625000.0000, tv loss=8859320.0000
L-BFGS | iteration: 233, total loss=40066067988480.0000, content_loss=1124488671.8750, style loss=40064934375000.0000, tv loss=8875130.0000
L-BFGS | iteration: 234, total loss=39895506616320.0000, content_loss=1124472167.9688, style loss=39894375000000.0000, tv loss=8867260.0000
L-BFGS | iteration: 235, total loss=39735972069376.0000, content_loss=1125538183.5938, style loss=39734840625000.0000, tv loss=8879672.0000
L-BFGS | iteration: 236, total loss=39520661667840.0000, content_loss=1126668750.0000, style loss=39519525000000.0000, tv loss=8891415.0000
L-BFGS | iteration: 237, total loss=39444446969856.0000, content_loss=1126760742.1875, style loss=39443310937500.0000, tv loss=8904528.0000
L-BFGS | iteration: 238, total loss=39259885010944.0000, content_loss=1127790625.0000, style loss=39258747656250.0000, tv loss=8895720.0000
L-BFGS | iteration: 239, total loss=39112459419648.0000, content_loss=1128559375.0000, style loss=39111323437500.0000, tv loss=8896391.0000
L-BFGS | iteration: 240, total loss=38933924675584.0000, content_loss=1129520214.8438, style loss=38932788281250.0000, tv loss=8902758.0000
L-BFGS | iteration: 241, total loss=38721139245056.0000, content_loss=1130448437.5000, style loss=38719999218750.0000, tv loss=8915750.0000
L-BFGS | iteration: 242, total loss=38538779295744.0000, content_loss=1130061230.4688, style loss=38537641406250.0000, tv loss=8922976.0000
L-BFGS | iteration: 243, total loss=38385003528192.0000, content_loss=1130483691.4062, style loss=38383863281250.0000, tv loss=8924166.0000
L-BFGS | iteration: 244, total loss=38277558042624.0000, content_loss=1130397949.2188, style loss=38276416406250.0000, tv loss=8938668.0000
L-BFGS | iteration: 245, total loss=38166866165760.0000, content_loss=1130658886.7188, style loss=38165725781250.0000, tv loss=8939115.0000
L-BFGS | iteration: 246, total loss=37985751924736.0000, content_loss=1131352050.7812, style loss=37984610156250.0000, tv loss=8944401.0000
L-BFGS | iteration: 247, total loss=37812707524608.0000, content_loss=1131469433.5938, style loss=37811568750000.0000, tv loss=8949025.0000
L-BFGS | iteration: 248, total loss=37657329532928.0000, content_loss=1132611718.7500, style loss=37656187500000.0000, tv loss=8951022.0000
L-BFGS | iteration: 249, total loss=37574483640320.0000, content_loss=1133009082.0312, style loss=37573342968750.0000, tv loss=8965134.0000
L-BFGS | iteration: 250, total loss=37422972796928.0000, content_loss=1133858593.7500, style loss=37421831250000.0000, tv loss=8964728.0000
L-BFGS | iteration: 251, total loss=37266298765312.0000, content_loss=1135056933.5938, style loss=37265153906250.0000, tv loss=8969262.0000
L-BFGS | iteration: 252, total loss=37112925650944.0000, content_loss=1135781250.0000, style loss=37111778906250.0000, tv loss=8974396.0000
L-BFGS | iteration: 253, total loss=36950220210176.0000, content_loss=1137218847.6562, style loss=36949075781250.0000, tv loss=8981952.0000
L-BFGS | iteration: 254, total loss=36808754724864.0000, content_loss=1137416308.5938, style loss=36807611718750.0000, tv loss=8991705.0000
L-BFGS | iteration: 255, total loss=36683294703616.0000, content_loss=1137888183.5938, style loss=36682150781250.0000, tv loss=8986946.0000
L-BFGS | iteration: 256, total loss=36566709829632.0000, content_loss=1138362500.0000, style loss=36565563281250.0000, tv loss=9000802.0000
L-BFGS | iteration: 257, total loss=36492843941888.0000, content_loss=1138185156.2500, style loss=36491700000000.0000, tv loss=9001731.0000
L-BFGS | iteration: 258, total loss=36304007987200.0000, content_loss=1138585937.5000, style loss=36302861718750.0000, tv loss=9016398.0000
L-BFGS | iteration: 259, total loss=36183279140864.0000, content_loss=1138443945.3125, style loss=36182135156250.0000, tv loss=9010739.0000
L-BFGS | iteration: 260, total loss=36043009032192.0000, content_loss=1138888281.2500, style loss=36041861718750.0000, tv loss=9017546.0000
L-BFGS | iteration: 261, total loss=35874918105088.0000, content_loss=1142770898.4375, style loss=35873767968750.0000, tv loss=9048668.0000
L-BFGS | iteration: 262, total loss=35707208859648.0000, content_loss=1140915527.3438, style loss=35706060937500.0000, tv loss=9034220.0000
L-BFGS | iteration: 263, total loss=35596101746688.0000, content_loss=1140974902.3438, style loss=35594950781250.0000, tv loss=9035320.0000
L-BFGS | iteration: 264, total loss=35469140164608.0000, content_loss=1141473535.1562, style loss=35467992187500.0000, tv loss=9045369.0000
L-BFGS | iteration: 265, total loss=35370179756032.0000, content_loss=1144188867.1875, style loss=35369025000000.0000, tv loss=9052782.0000
L-BFGS | iteration: 266, total loss=35289061916672.0000, content_loss=1143877734.3750, style loss=35287910156250.0000, tv loss=9056884.0000
L-BFGS | iteration: 267, total loss=35140598235136.0000, content_loss=1143154882.8125, style loss=35139447656250.0000, tv loss=9059353.0000
L-BFGS | iteration: 268, total loss=35038062182400.0000, content_loss=1143886816.4062, style loss=35036910937500.0000, tv loss=9063545.0000
L-BFGS | iteration: 269, total loss=34874840842240.0000, content_loss=1146133886.7188, style loss=34873685156250.0000, tv loss=9080348.0000
L-BFGS | iteration: 270, total loss=34734459584512.0000, content_loss=1146677636.7188, style loss=34733303906250.0000, tv loss=9082757.0000
L-BFGS | iteration: 271, total loss=34632684797952.0000, content_loss=1146996972.6562, style loss=34631528906250.0000, tv loss=9088149.0000
L-BFGS | iteration: 272, total loss=34512335536128.0000, content_loss=1147323730.4688, style loss=34511179687500.0000, tv loss=9090784.0000
L-BFGS | iteration: 273, total loss=34439455309824.0000, content_loss=1147403515.6250, style loss=34438300781250.0000, tv loss=9101175.0000
L-BFGS | iteration: 274, total loss=34308517527552.0000, content_loss=1147100488.2812, style loss=34307362500000.0000, tv loss=9098750.0000
L-BFGS | iteration: 275, total loss=34202611351552.0000, content_loss=1147012988.2812, style loss=34201455468750.0000, tv loss=9104414.0000
L-BFGS | iteration: 276, total loss=34085531549696.0000, content_loss=1147974707.0312, style loss=34084375781250.0000, tv loss=9111866.0000
L-BFGS | iteration: 277, total loss=33941648048128.0000, content_loss=1148112500.0000, style loss=33940492968750.0000, tv loss=9117270.0000
L-BFGS | iteration: 278, total loss=33786649640960.0000, content_loss=1149628125.0000, style loss=33785491406250.0000, tv loss=9124876.0000
L-BFGS | iteration: 279, total loss=33686013607936.0000, content_loss=1150055078.1250, style loss=33684855468750.0000, tv loss=9130101.0000
L-BFGS | iteration: 280, total loss=33537090650112.0000, content_loss=1150841992.1875, style loss=33535931250000.0000, tv loss=9140972.0000
L-BFGS | iteration: 281, total loss=33426715443200.0000, content_loss=1151899902.3438, style loss=33425554687500.0000, tv loss=9147500.0000
L-BFGS | iteration: 282, total loss=33321004302336.0000, content_loss=1152377148.4375, style loss=33319844531250.0000, tv loss=9154304.0000
L-BFGS | iteration: 283, total loss=33206092955648.0000, content_loss=1152816503.9062, style loss=33204930468750.0000, tv loss=9158698.0000
L-BFGS | iteration: 284, total loss=33140873625600.0000, content_loss=1153278906.2500, style loss=33139710937500.0000, tv loss=9168020.0000
L-BFGS | iteration: 285, total loss=33023410044928.0000, content_loss=1153930175.7812, style loss=33022249218750.0000, tv loss=9163818.0000
L-BFGS | iteration: 286, total loss=32905537519616.0000, content_loss=1153974121.0938, style loss=32904375000000.0000, tv loss=9175076.0000
L-BFGS | iteration: 287, total loss=32778001317888.0000, content_loss=1154990722.6562, style loss=32776837500000.0000, tv loss=9179676.0000
L-BFGS | iteration: 288, total loss=32697269354496.0000, content_loss=1154953710.9375, style loss=32696104687500.0000, tv loss=9180986.0000
L-BFGS | iteration: 289, total loss=32649485746176.0000, content_loss=1155499316.4062, style loss=32648322656250.0000, tv loss=9183172.0000
L-BFGS | iteration: 290, total loss=32532890386432.0000, content_loss=1156594726.5625, style loss=32531723437500.0000, tv loss=9193468.0000
L-BFGS | iteration: 291, total loss=32374341500928.0000, content_loss=1157304785.1562, style loss=32373175781250.0000, tv loss=9196846.0000
L-BFGS | iteration: 292, total loss=32256903086080.0000, content_loss=1158713964.8438, style loss=32255735156250.0000, tv loss=9222322.0000
L-BFGS | iteration: 293, total loss=32141014466560.0000, content_loss=1158604589.8438, style loss=32139848437500.0000, tv loss=9210925.0000
L-BFGS | iteration: 294, total loss=32069352685568.0000, content_loss=1158513281.2500, style loss=32068185937500.0000, tv loss=9214030.0000
L-BFGS | iteration: 295, total loss=32015430713344.0000, content_loss=1158971484.3750, style loss=32014263281250.0000, tv loss=9219130.0000
L-BFGS | iteration: 296, total loss=31912011759616.0000, content_loss=1159177246.0938, style loss=31910842968750.0000, tv loss=9229396.0000
L-BFGS | iteration: 297, total loss=31789078806528.0000, content_loss=1160354882.8125, style loss=31787910937500.0000, tv loss=9235062.0000
L-BFGS | iteration: 298, total loss=31697112399872.0000, content_loss=1160558300.7812, style loss=31695944531250.0000, tv loss=9242880.0000
L-BFGS | iteration: 299, total loss=31622506217472.0000, content_loss=1160954589.8438, style loss=31621335937500.0000, tv loss=9244187.0000
L-BFGS | iteration: 300, total loss=31563135844352.0000, content_loss=1161267382.8125, style loss=31561966406250.0000, tv loss=9249189.0000
L-BFGS | iteration: 301, total loss=31428372856832.0000, content_loss=1162805468.7500, style loss=31427203125000.0000, tv loss=9259196.0000
L-BFGS | iteration: 302, total loss=31336286912512.0000, content_loss=1162217285.1562, style loss=31335117187500.0000, tv loss=9261200.0000
L-BFGS | iteration: 303, total loss=31236542169088.0000, content_loss=1163151855.4688, style loss=31235369531250.0000, tv loss=9262724.0000
L-BFGS | iteration: 304, total loss=31183373074432.0000, content_loss=1163838769.5312, style loss=31182201562500.0000, tv loss=9278816.0000
L-BFGS | iteration: 305, total loss=31120225730560.0000, content_loss=1164113574.2188, style loss=31119053906250.0000, tv loss=9278244.0000
L-BFGS | iteration: 306, total loss=31037816045568.0000, content_loss=1164110742.1875, style loss=31036642968750.0000, tv loss=9281332.0000
L-BFGS | iteration: 307, total loss=30909627629568.0000, content_loss=1164810449.2188, style loss=30908456250000.0000, tv loss=9293991.0000
L-BFGS | iteration: 308, total loss=30805090893824.0000, content_loss=1165135351.5625, style loss=30803915625000.0000, tv loss=9298644.0000
L-BFGS | iteration: 309, total loss=30719883608064.0000, content_loss=1166029785.1562, style loss=30718708593750.0000, tv loss=9302158.0000
L-BFGS | iteration: 310, total loss=30658692907008.0000, content_loss=1166762597.6562, style loss=30657517968750.0000, tv loss=9310356.0000
L-BFGS | iteration: 311, total loss=30593553268736.0000, content_loss=1167122265.6250, style loss=30592375781250.0000, tv loss=9308848.0000
L-BFGS | iteration: 312, total loss=30492481028096.0000, content_loss=1167475292.9688, style loss=30491303906250.0000, tv loss=9318701.0000
L-BFGS | iteration: 313, total loss=30366255546368.0000, content_loss=1168059082.0312, style loss=30365078906250.0000, tv loss=9325139.0000
L-BFGS | iteration: 314, total loss=30251314839552.0000, content_loss=1168912109.3750, style loss=30250139062500.0000, tv loss=9329408.0000
L-BFGS | iteration: 315, total loss=30161196023808.0000, content_loss=1170193750.0000, style loss=30160017187500.0000, tv loss=9341556.0000
L-BFGS | iteration: 316, total loss=30104726011904.0000, content_loss=1170457128.9062, style loss=30103546875000.0000, tv loss=9339652.0000
L-BFGS | iteration: 317, total loss=30032206495744.0000, content_loss=1171883496.0938, style loss=30031026562500.0000, tv loss=9360699.0000
L-BFGS | iteration: 318, total loss=29920080166912.0000, content_loss=1172441113.2812, style loss=29918899218750.0000, tv loss=9358798.0000
L-BFGS | iteration: 319, total loss=29859556360192.0000, content_loss=1171624023.4375, style loss=29858376562500.0000, tv loss=9356318.0000
L-BFGS | iteration: 320, total loss=29766084198400.0000, content_loss=1171153320.3125, style loss=29764905468750.0000, tv loss=9366762.0000
L-BFGS | iteration: 321, total loss=29680633643008.0000, content_loss=1171303417.9688, style loss=29679452343750.0000, tv loss=9370971.0000
L-BFGS | iteration: 322, total loss=29591349493760.0000, content_loss=1172148925.7812, style loss=29590169531250.0000, tv loss=9382615.0000
L-BFGS | iteration: 323, total loss=29514830708736.0000, content_loss=1173151171.8750, style loss=29513650781250.0000, tv loss=9390148.0000
L-BFGS | iteration: 324, total loss=29400867274752.0000, content_loss=1173443066.4062, style loss=29399683593750.0000, tv loss=9394267.0000
L-BFGS | iteration: 325, total loss=29319288061952.0000, content_loss=1173850878.9062, style loss=29318104687500.0000, tv loss=9400439.0000
L-BFGS | iteration: 326, total loss=29262539128832.0000, content_loss=1174346386.7188, style loss=29261355468750.0000, tv loss=9396249.0000
L-BFGS | iteration: 327, total loss=29213287514112.0000, content_loss=1174525000.0000, style loss=29212103906250.0000, tv loss=9409028.0000
L-BFGS | iteration: 328, total loss=29155697623040.0000, content_loss=1174580175.7812, style loss=29154515625000.0000, tv loss=9408922.0000
L-BFGS | iteration: 329, total loss=29052282863616.0000, content_loss=1174853027.3438, style loss=29051100000000.0000, tv loss=9414546.0000
L-BFGS | iteration: 330, total loss=28960180142080.0000, content_loss=1175789453.1250, style loss=28958995312500.0000, tv loss=9429365.0000
L-BFGS | iteration: 331, total loss=28888220565504.0000, content_loss=1175901562.5000, style loss=28887035156250.0000, tv loss=9434660.0000
L-BFGS | iteration: 332, total loss=28819354288128.0000, content_loss=1176614550.7812, style loss=28818166406250.0000, tv loss=9437311.0000
L-BFGS | iteration: 333, total loss=28745175924736.0000, content_loss=1176771093.7500, style loss=28743989062500.0000, tv loss=9449240.0000
L-BFGS | iteration: 334, total loss=28639638847488.0000, content_loss=1177599609.3750, style loss=28638450000000.0000, tv loss=9448154.0000
L-BFGS | iteration: 335, total loss=28582548078592.0000, content_loss=1178103808.5938, style loss=28581358593750.0000, tv loss=9454918.0000
L-BFGS | iteration: 336, total loss=28495350595584.0000, content_loss=1178235253.9062, style loss=28494161718750.0000, tv loss=9463254.0000
L-BFGS | iteration: 337, total loss=28390327320576.0000, content_loss=1178783398.4375, style loss=28389138281250.0000, tv loss=9472503.0000
L-BFGS | iteration: 338, total loss=28299833114624.0000, content_loss=1178925195.3125, style loss=28298643750000.0000, tv loss=9482011.0000
L-BFGS | iteration: 339, total loss=28248178163712.0000, content_loss=1179280859.3750, style loss=28246989843750.0000, tv loss=9482240.0000
L-BFGS | iteration: 340, total loss=28206455324672.0000, content_loss=1179445898.4375, style loss=28205266406250.0000, tv loss=9494116.0000
L-BFGS | iteration: 341, total loss=28136980873216.0000, content_loss=1180122753.9062, style loss=28135790625000.0000, tv loss=9492748.0000
L-BFGS | iteration: 342, total loss=28056448139264.0000, content_loss=1180350683.5938, style loss=28055257031250.0000, tv loss=9498088.0000
L-BFGS | iteration: 343, total loss=27959247241216.0000, content_loss=1181969335.9375, style loss=27958054687500.0000, tv loss=9514816.0000
L-BFGS | iteration: 344, total loss=27880784396288.0000, content_loss=1181796093.7500, style loss=27879590625000.0000, tv loss=9512813.0000
L-BFGS | iteration: 345, total loss=27837272686592.0000, content_loss=1181772460.9375, style loss=27836078906250.0000, tv loss=9516887.0000
L-BFGS | iteration: 346, total loss=27748875632640.0000, content_loss=1182807226.5625, style loss=27747682031250.0000, tv loss=9531098.0000
L-BFGS | iteration: 347, total loss=27687506673664.0000, content_loss=1182755273.4375, style loss=27686313281250.0000, tv loss=9533566.0000
L-BFGS | iteration: 348, total loss=27619821092864.0000, content_loss=1183155957.0312, style loss=27618628125000.0000, tv loss=9536826.0000
L-BFGS | iteration: 349, total loss=27544436867072.0000, content_loss=1183443750.0000, style loss=27543243750000.0000, tv loss=9553282.0000
L-BFGS | iteration: 350, total loss=27481285328896.0000, content_loss=1183829199.2188, style loss=27480091406250.0000, tv loss=9545389.0000
L-BFGS | iteration: 351, total loss=27429011718144.0000, content_loss=1184557226.5625, style loss=27427816406250.0000, tv loss=9554749.0000
L-BFGS | iteration: 352, total loss=27356131491840.0000, content_loss=1185249804.6875, style loss=27354935156250.0000, tv loss=9569238.0000
L-BFGS | iteration: 353, total loss=27300902993920.0000, content_loss=1185960644.5312, style loss=27299704687500.0000, tv loss=9571827.0000
L-BFGS | iteration: 354, total loss=27236551884800.0000, content_loss=1186309863.2812, style loss=27235354687500.0000, tv loss=9576805.0000
L-BFGS | iteration: 355, total loss=27170760032256.0000, content_loss=1186520605.4688, style loss=27169563281250.0000, tv loss=9578537.0000
L-BFGS | iteration: 356, total loss=27087633121280.0000, content_loss=1186667382.8125, style loss=27086435156250.0000, tv loss=9593756.0000
L-BFGS | iteration: 357, total loss=27006248943616.0000, content_loss=1186814941.4062, style loss=27005050781250.0000, tv loss=9598688.0000
L-BFGS | iteration: 358, total loss=26951821557760.0000, content_loss=1186684667.9688, style loss=26950624218750.0000, tv loss=9601592.0000
L-BFGS | iteration: 359, total loss=26902825795584.0000, content_loss=1186573632.8125, style loss=26901628125000.0000, tv loss=9618696.0000
L-BFGS | iteration: 360, total loss=26838023798784.0000, content_loss=1187584765.6250, style loss=26836825781250.0000, tv loss=9615085.0000
L-BFGS | iteration: 361, total loss=26790745604096.0000, content_loss=1187825390.6250, style loss=26789547656250.0000, tv loss=9616187.0000
L-BFGS | iteration: 362, total loss=26687488131072.0000, content_loss=1189179492.1875, style loss=26686289062500.0000, tv loss=9636750.0000
L-BFGS | iteration: 363, total loss=26628981784576.0000, content_loss=1189062304.6875, style loss=26627782031250.0000, tv loss=9629432.0000
L-BFGS | iteration: 364, total loss=26587433009152.0000, content_loss=1189227929.6875, style loss=26586234375000.0000, tv loss=9634105.0000
L-BFGS | iteration: 365, total loss=26515452461056.0000, content_loss=1190023144.5312, style loss=26514253125000.0000, tv loss=9651842.0000
L-BFGS | iteration: 366, total loss=26467419291648.0000, content_loss=1190510937.5000, style loss=26466217968750.0000, tv loss=9654522.0000
L-BFGS | iteration: 367, total loss=26396957081600.0000, content_loss=1190591406.2500, style loss=26395755468750.0000, tv loss=9664203.0000
L-BFGS | iteration: 368, total loss=26326775889920.0000, content_loss=1191052246.0938, style loss=26325574218750.0000, tv loss=9668691.0000
L-BFGS | iteration: 369, total loss=26271004229632.0000, content_loss=1191485644.5312, style loss=26269802343750.0000, tv loss=9678162.0000
L-BFGS | iteration: 370, total loss=26215276609536.0000, content_loss=1191835449.2188, style loss=26214075000000.0000, tv loss=9680126.0000
L-BFGS | iteration: 371, total loss=26153519677440.0000, content_loss=1191875585.9375, style loss=26152317187500.0000, tv loss=9698559.0000
L-BFGS | iteration: 372, total loss=26100908425216.0000, content_loss=1192133203.1250, style loss=26099707031250.0000, tv loss=9694806.0000
L-BFGS | iteration: 373, total loss=26063960801280.0000, content_loss=1192259960.9375, style loss=26062757812500.0000, tv loss=9698946.0000
L-BFGS | iteration: 374, total loss=26002191286272.0000, content_loss=1192395800.7812, style loss=26000988281250.0000, tv loss=9708832.0000
L-BFGS | iteration: 375, total loss=25954023899136.0000, content_loss=1192880664.0625, style loss=25952819531250.0000, tv loss=9713142.0000
L-BFGS | iteration: 376, total loss=25891948199936.0000, content_loss=1192875878.9062, style loss=25890745312500.0000, tv loss=9718012.0000
L-BFGS | iteration: 377, total loss=25828475797504.0000, content_loss=1193749121.0938, style loss=25827271875000.0000, tv loss=9726494.0000
L-BFGS | iteration: 378, total loss=25777905074176.0000, content_loss=1193768750.0000, style loss=25776700781250.0000, tv loss=9729500.0000
L-BFGS | iteration: 379, total loss=25723578351616.0000, content_loss=1194080175.7812, style loss=25722375000000.0000, tv loss=9736814.0000
L-BFGS | iteration: 380, total loss=25639738408960.0000, content_loss=1194435742.1875, style loss=25638532031250.0000, tv loss=9751879.0000
L-BFGS | iteration: 381, total loss=25573636177920.0000, content_loss=1195216699.2188, style loss=25572431250000.0000, tv loss=9753964.0000
L-BFGS | iteration: 382, total loss=25534954209280.0000, content_loss=1195846484.3750, style loss=25533747656250.0000, tv loss=9776185.0000
L-BFGS | iteration: 383, total loss=25493761949696.0000, content_loss=1195877343.7500, style loss=25492556250000.0000, tv loss=9771690.0000
L-BFGS | iteration: 384, total loss=25445869289472.0000, content_loss=1195768066.4062, style loss=25444664062500.0000, tv loss=9770890.0000
L-BFGS | iteration: 385, total loss=25401097191424.0000, content_loss=1196060546.8750, style loss=25399891406250.0000, tv loss=9775285.0000
L-BFGS | iteration: 386, total loss=25330857279488.0000, content_loss=1196015917.9688, style loss=25329651562500.0000, tv loss=9784421.0000
L-BFGS | iteration: 387, total loss=25264765534208.0000, content_loss=1196672460.9375, style loss=25263557812500.0000, tv loss=9792380.0000
L-BFGS | iteration: 388, total loss=25226867900416.0000, content_loss=1196803125.0000, style loss=25225659375000.0000, tv loss=9798146.0000
L-BFGS | iteration: 389, total loss=25158563659776.0000, content_loss=1197217578.1250, style loss=25157355468750.0000, tv loss=9808122.0000
L-BFGS | iteration: 390, total loss=25099897929728.0000, content_loss=1198361523.4375, style loss=25098689062500.0000, tv loss=9822590.0000
L-BFGS | iteration: 391, total loss=25045732687872.0000, content_loss=1198257031.2500, style loss=25044525000000.0000, tv loss=9818753.0000
L-BFGS | iteration: 392, total loss=25006213955584.0000, content_loss=1198307421.8750, style loss=25005007031250.0000, tv loss=9835662.0000
L-BFGS | iteration: 393, total loss=24960378601472.0000, content_loss=1198726660.1562, style loss=24959167968750.0000, tv loss=9830095.0000
L-BFGS | iteration: 394, total loss=24919941316608.0000, content_loss=1198787988.2812, style loss=24918731250000.0000, tv loss=9828976.0000
L-BFGS | iteration: 395, total loss=24851041484800.0000, content_loss=1199132324.2188, style loss=24849832031250.0000, tv loss=9842504.0000
L-BFGS | iteration: 396, total loss=24780633800704.0000, content_loss=1199888671.8750, style loss=24779423437500.0000, tv loss=9851863.0000
L-BFGS | iteration: 397, total loss=24723496894464.0000, content_loss=1200147460.9375, style loss=24722287500000.0000, tv loss=9857754.0000
L-BFGS | iteration: 398, total loss=24690225577984.0000, content_loss=1200251562.5000, style loss=24689015625000.0000, tv loss=9866469.0000
L-BFGS | iteration: 399, total loss=24633094963200.0000, content_loss=1200925390.6250, style loss=24631882031250.0000, tv loss=9877999.0000
L-BFGS | iteration: 400, total loss=24570740342784.0000, content_loss=1201317871.0938, style loss=24569528906250.0000, tv loss=9882100.0000
L-BFGS | iteration: 401, total loss=24512229801984.0000, content_loss=1202025292.9688, style loss=24511017187500.0000, tv loss=9890650.0000
L-BFGS | iteration: 402, total loss=24464016277504.0000, content_loss=1202229785.1562, style loss=24462803906250.0000, tv loss=9892544.0000
L-BFGS | iteration: 403, total loss=24423195213824.0000, content_loss=1202289062.5000, style loss=24421982812500.0000, tv loss=9903254.0000
L-BFGS | iteration: 404, total loss=24378328743936.0000, content_loss=1202538378.9062, style loss=24377116406250.0000, tv loss=9901522.0000
L-BFGS | iteration: 405, total loss=24336310206464.0000, content_loss=1202653222.6562, style loss=24335097656250.0000, tv loss=9914356.0000
L-BFGS | iteration: 406, total loss=24301143064576.0000, content_loss=1202835351.5625, style loss=24299929687500.0000, tv loss=9915538.0000
L-BFGS | iteration: 407, total loss=24257564246016.0000, content_loss=1203116796.8750, style loss=24256350000000.0000, tv loss=9922878.0000
L-BFGS | iteration: 408, total loss=24217328287744.0000, content_loss=1203260449.2188, style loss=24216114843750.0000, tv loss=9928096.0000
L-BFGS | iteration: 409, total loss=24156808675328.0000, content_loss=1203615332.0312, style loss=24155594531250.0000, tv loss=9945008.0000
L-BFGS | iteration: 410, total loss=24100755996672.0000, content_loss=1204014453.1250, style loss=24099541406250.0000, tv loss=9944814.0000
L-BFGS | iteration: 411, total loss=24070559105024.0000, content_loss=1203940332.0312, style loss=24069344531250.0000, tv loss=9947432.0000
L-BFGS | iteration: 412, total loss=24011440390144.0000, content_loss=1204888281.2500, style loss=24010223437500.0000, tv loss=9956772.0000
L-BFGS | iteration: 413, total loss=23967171608576.0000, content_loss=1204699902.3438, style loss=23965957031250.0000, tv loss=9964323.0000
L-BFGS | iteration: 414, total loss=23922846203904.0000, content_loss=1205162988.2812, style loss=23921629687500.0000, tv loss=9964842.0000
L-BFGS | iteration: 415, total loss=23878327861248.0000, content_loss=1206128808.5938, style loss=23877112500000.0000, tv loss=9984434.0000
L-BFGS | iteration: 416, total loss=23833945833472.0000, content_loss=1206208691.4062, style loss=23832728906250.0000, tv loss=9982635.0000
L-BFGS | iteration: 417, total loss=23779939975168.0000, content_loss=1206064062.5000, style loss=23778724218750.0000, tv loss=9989582.0000
L-BFGS | iteration: 418, total loss=23711904169984.0000, content_loss=1206310546.8750, style loss=23710687500000.0000, tv loss=10005724.0000
L-BFGS | iteration: 419, total loss=23666309988352.0000, content_loss=1206450390.6250, style loss=23665094531250.0000, tv loss=10008294.0000
L-BFGS | iteration: 420, total loss=23637895675904.0000, content_loss=1206247460.9375, style loss=23636678906250.0000, tv loss=10012028.0000
L-BFGS | iteration: 421, total loss=23586551103488.0000, content_loss=1206575097.6562, style loss=23585334375000.0000, tv loss=10021985.0000
L-BFGS | iteration: 422, total loss=23552346554368.0000, content_loss=1207175097.6562, style loss=23551127343750.0000, tv loss=10026180.0000
L-BFGS | iteration: 423, total loss=23501509492736.0000, content_loss=1208282617.1875, style loss=23500291406250.0000, tv loss=10032244.0000
L-BFGS | iteration: 424, total loss=23450357858304.0000, content_loss=1209058398.4375, style loss=23449136718750.0000, tv loss=10054191.0000
L-BFGS | iteration: 425, total loss=23402647650304.0000, content_loss=1209051464.8438, style loss=23401427343750.0000, tv loss=10045693.0000
L-BFGS | iteration: 426, total loss=23371511234560.0000, content_loss=1209219921.8750, style loss=23370290625000.0000, tv loss=10053963.0000
L-BFGS | iteration: 427, total loss=23331734552576.0000, content_loss=1209258398.4375, style loss=23330514843750.0000, tv loss=10063118.0000
L-BFGS | iteration: 428, total loss=23283120472064.0000, content_loss=1209187500.0000, style loss=23281900781250.0000, tv loss=10073622.0000
L-BFGS | iteration: 429, total loss=23231985614848.0000, content_loss=1209352441.4062, style loss=23230764843750.0000, tv loss=10077284.0000
L-BFGS | iteration: 430, total loss=23199035162624.0000, content_loss=1209486914.0625, style loss=23197814062500.0000, tv loss=10081958.0000
L-BFGS | iteration: 431, total loss=23154386796544.0000, content_loss=1210329296.8750, style loss=23153165625000.0000, tv loss=10086256.0000
L-BFGS | iteration: 432, total loss=23110738771968.0000, content_loss=1210490234.3750, style loss=23109517968750.0000, tv loss=10096187.0000
L-BFGS | iteration: 433, total loss=23059792658432.0000, content_loss=1210925390.6250, style loss=23058571875000.0000, tv loss=10100582.0000
L-BFGS | iteration: 434, total loss=23007638585344.0000, content_loss=1211636718.7500, style loss=23006416406250.0000, tv loss=10124130.0000
L-BFGS | iteration: 435, total loss=22962338004992.0000, content_loss=1211817773.4375, style loss=22961116406250.0000, tv loss=10119000.0000
L-BFGS | iteration: 436, total loss=22935813226496.0000, content_loss=1211800292.9688, style loss=22934589843750.0000, tv loss=10123740.0000
L-BFGS | iteration: 437, total loss=22885924077568.0000, content_loss=1212254003.9062, style loss=22884700781250.0000, tv loss=10137107.0000
L-BFGS | iteration: 438, total loss=22844257861632.0000, content_loss=1212535644.5312, style loss=22843035937500.0000, tv loss=10140769.0000
L-BFGS | iteration: 439, total loss=22798783217664.0000, content_loss=1212815136.7188, style loss=22797560156250.0000, tv loss=10143523.0000
L-BFGS | iteration: 440, total loss=22749460299776.0000, content_loss=1213186425.7812, style loss=22748238281250.0000, tv loss=10159579.0000
L-BFGS | iteration: 441, total loss=22699720048640.0000, content_loss=1213101171.8750, style loss=22698496875000.0000, tv loss=10158186.0000
L-BFGS | iteration: 442, total loss=22664234139648.0000, content_loss=1213336425.7812, style loss=22663010156250.0000, tv loss=10166036.0000
L-BFGS | iteration: 443, total loss=22631474528256.0000, content_loss=1213360058.5938, style loss=22630249218750.0000, tv loss=10175635.0000
L-BFGS | iteration: 444, total loss=22585802752000.0000, content_loss=1213867675.7812, style loss=22584578906250.0000, tv loss=10183794.0000
L-BFGS | iteration: 445, total loss=22544277045248.0000, content_loss=1213924316.4062, style loss=22543052343750.0000, tv loss=10197824.0000
L-BFGS | iteration: 446, total loss=22503762165760.0000, content_loss=1214500585.9375, style loss=22502538281250.0000, tv loss=10193410.0000
L-BFGS | iteration: 447, total loss=22477147209728.0000, content_loss=1215017480.4688, style loss=22475922656250.0000, tv loss=10200853.0000
L-BFGS | iteration: 448, total loss=22436336631808.0000, content_loss=1215171191.4062, style loss=22435110937500.0000, tv loss=10207192.0000
L-BFGS | iteration: 449, total loss=22375582138368.0000, content_loss=1215799804.6875, style loss=22374356250000.0000, tv loss=10225350.0000
L-BFGS | iteration: 450, total loss=22328232640512.0000, content_loss=1215084179.6875, style loss=22327007812500.0000, tv loss=10223508.0000
L-BFGS | iteration: 451, total loss=22294000828416.0000, content_loss=1215419531.2500, style loss=22292775000000.0000, tv loss=10230338.0000
L-BFGS | iteration: 452, total loss=22268574957568.0000, content_loss=1215400585.9375, style loss=22267347656250.0000, tv loss=10238394.0000
L-BFGS | iteration: 453, total loss=22234200539136.0000, content_loss=1215936035.1562, style loss=22232974218750.0000, tv loss=10241190.0000
L-BFGS | iteration: 454, total loss=22193438195712.0000, content_loss=1216064453.1250, style loss=22192211718750.0000, tv loss=10253214.0000
L-BFGS | iteration: 455, total loss=22149379129344.0000, content_loss=1216521777.3438, style loss=22148151562500.0000, tv loss=10252727.0000
L-BFGS | iteration: 456, total loss=22107987640320.0000, content_loss=1217362402.3438, style loss=22106760937500.0000, tv loss=10263766.0000
L-BFGS | iteration: 457, total loss=22069647507456.0000, content_loss=1217933886.7188, style loss=22068419531250.0000, tv loss=10268724.0000
L-BFGS | iteration: 458, total loss=22032982999040.0000, content_loss=1218637890.6250, style loss=22031753906250.0000, tv loss=10279032.0000
