C:\Users\user\AppData\Roaming\Python\Python313\site-packages\torchvision\models\_utils.py:208: UserWarning: The parameter 'pretrained' is deprecated since 0.13 and may be removed in the future, please use 'weights' instead.
  warnings.warn(
C:\Users\user\AppData\Roaming\Python\Python313\site-packages\torchvision\models\_utils.py:223: UserWarning: Arguments other than a weight enum or `None` for 'weights' are deprecated since 0.13 and may be removed in the future. The current behavior is equivalent to passing `weights=VGG19_Weights.IMAGENET1K_V1`. You can also use `weights=VGG19_Weights.DEFAULT` to get the most up-to-date weights.
  warnings.warn(msg)
Using VGG19 in the optimization procedure.
L-BFGS | iteration: 000, total loss=104336326261735424.0000, content_loss=      0.0000, style loss=104336323200000000.0000, tv loss=3956215.0000
L-BFGS | iteration: 001, total loss=104336300491931648.0000, content_loss=     35.7083, style loss=104336304000000000.0000, tv loss=3956216.0000
L-BFGS | iteration: 002, total loss=104335991254286336.0000, content_loss=     49.2926, style loss=104335987200000000.0000, tv loss=3956222.0000
L-BFGS | iteration: 003, total loss=104334848792985600.0000, content_loss=     66.5425, style loss=104334844800000000.0000, tv loss=3956252.7500
L-BFGS | iteration: 004, total loss=104328277493022720.0000, content_loss=    150.8119, style loss=104328278400000000.0000, tv loss=3956424.0000
L-BFGS | iteration: 005, total loss=104294888417263616.0000, content_loss=   1559.5993, style loss=104294889600000000.0000, tv loss=3957365.0000
L-BFGS | iteration: 006, total loss=104116561375133696.0000, content_loss=  43780.8543, style loss=104116560000000000.0000, tv loss=3962543.5000
L-BFGS | iteration: 007, total loss=103241350119424000.0000, content_loss=1193598.4612, style loss=103241347200000000.0000, tv loss=3991083.0000
L-BFGS | iteration: 008, total loss=96845104433594368.0000, content_loss=29838885.4980, style loss=96845107200000000.0000, tv loss=4298114.5000
L-BFGS | iteration: 009, total loss=72030308110696448.0000, content_loss=218615429.6875, style loss=72030307200000000.0000, tv loss=6099827.0000
L-BFGS | iteration: 010, total loss=106867883065212928.0000, content_loss=1844947851.5625, style loss=106867881600000000.0000, tv loss=16418952.0000
L-BFGS | iteration: 011, total loss=28162356110426112.0000, content_loss=889585546.8750, style loss=28162356000000000.0000, tv loss=11364780.0000
L-BFGS | iteration: 012, total loss=16290675662258176.0000, content_loss=969558691.4062, style loss=16290674400000000.0000, tv loss=13608559.0000
L-BFGS | iteration: 013, total loss=7876034254864384.0000, content_loss=954701367.1875, style loss=7876033200000000.0000, tv loss=14857478.0000
L-BFGS | iteration: 014, total loss=5761982095425536.0000, content_loss=1106632910.1562, style loss=5761981200000000.0000, tv loss=16137868.0000
L-BFGS | iteration: 015, total loss=3729900997443584.0000, content_loss=1169365039.0625, style loss=3729900000000000.0000, tv loss=16907644.0000
L-BFGS | iteration: 016, total loss=2882824730312704.0000, content_loss=1153335253.9062, style loss=2882823600000000.0000, tv loss=17340352.0000
L-BFGS | iteration: 017, total loss=2011601888608256.0000, content_loss=1200727148.4375, style loss=2011600650000000.0000, tv loss=17881428.0000
L-BFGS | iteration: 018, total loss=1691939955015680.0000, content_loss=1290697753.9062, style loss=1691938650000000.0000, tv loss=18410516.0000
L-BFGS | iteration: 019, total loss=1301356837076992.0000, content_loss=1316704785.1562, style loss=1301355450000000.0000, tv loss=18483546.0000
L-BFGS | iteration: 020, total loss=1148170386014208.0000, content_loss=1361236621.0938, style loss=1148169000000000.0000, tv loss=18752786.0000
L-BFGS | iteration: 021, total loss=981976760713216.0000, content_loss=1374315625.0000, style loss=981975450000000.0000, tv loss=18887576.0000
L-BFGS | iteration: 022, total loss=928300071387136.0000, content_loss=1446265527.3438, style loss=928298625000000.0000, tv loss=19542884.0000
L-BFGS | iteration: 023, total loss=884171027251200.0000, content_loss=1419328515.6250, style loss=884169600000000.0000, tv loss=19289882.0000
L-BFGS | iteration: 024, total loss=785694205149184.0000, content_loss=1431261425.7812, style loss=785692800000000.0000, tv loss=19425076.0000
L-BFGS | iteration: 025, total loss=690918906658816.0000, content_loss=1433217285.1562, style loss=690917475000000.0000, tv loss=19573448.0000
L-BFGS | iteration: 026, total loss=610823806386176.0000, content_loss=1443321582.0312, style loss=610822312500000.0000, tv loss=19989884.0000
L-BFGS | iteration: 027, total loss=515355608875008.0000, content_loss=1425139648.4375, style loss=515354175000000.0000, tv loss=20008268.0000
L-BFGS | iteration: 028, total loss=482059847991296.0000, content_loss=1439942968.7500, style loss=482058375000000.0000, tv loss=20246752.0000
L-BFGS | iteration: 029, total loss=446779979988992.0000, content_loss=1445835156.2500, style loss=446778487500000.0000, tv loss=20307538.0000
L-BFGS | iteration: 030, total loss=391727122743296.0000, content_loss=1468270019.5312, style loss=391725600000000.0000, tv loss=20470882.0000
L-BFGS | iteration: 031, total loss=367330030780416.0000, content_loss=1484665429.6875, style loss=367328512500000.0000, tv loss=20578172.0000
L-BFGS | iteration: 032, total loss=337587482918912.0000, content_loss=1501443261.7188, style loss=337585950000000.0000, tv loss=20857316.0000
L-BFGS | iteration: 033, total loss=334081011220480.0000, content_loss=1497869433.5938, style loss=334079475000000.0000, tv loss=20708156.0000
L-BFGS | iteration: 034, total loss=312086114598912.0000, content_loss=1505456445.3125, style loss=312084581250000.0000, tv loss=20811332.0000
L-BFGS | iteration: 035, total loss=301756114272256.0000, content_loss=1513020703.1250, style loss=301754587500000.0000, tv loss=20923430.0000
L-BFGS | iteration: 036, total loss=288905169469440.0000, content_loss=1517857812.5000, style loss=288903637500000.0000, tv loss=21010512.0000
L-BFGS | iteration: 037, total loss=267125037989888.0000, content_loss=1518982324.2188, style loss=267123487500000.0000, tv loss=21107192.0000
L-BFGS | iteration: 038, total loss=243513774047232.0000, content_loss=1547488476.5625, style loss=243512212500000.0000, tv loss=21273416.0000
L-BFGS | iteration: 039, total loss=226521037930496.0000, content_loss=1524554199.2188, style loss=226519500000000.0000, tv loss=21222932.0000
L-BFGS | iteration: 040, total loss=218405445566464.0000, content_loss=1531313183.5938, style loss=218403900000000.0000, tv loss=21258458.0000
L-BFGS | iteration: 041, total loss=210251752144896.0000, content_loss=1537174707.0312, style loss=210250200000000.0000, tv loss=21306088.0000
L-BFGS | iteration: 042, total loss=202299133657088.0000, content_loss=1538548144.5312, style loss=202297575000000.0000, tv loss=21385412.0000
L-BFGS | iteration: 043, total loss=191871439601664.0000, content_loss=1538147167.9688, style loss=191869875000000.0000, tv loss=21432538.0000
L-BFGS | iteration: 044, total loss=209091926425600.0000, content_loss=1532306933.5938, style loss=209090381250000.0000, tv loss=21801160.0000
L-BFGS | iteration: 045, total loss=183209480421376.0000, content_loss=1535979589.8438, style loss=183207918750000.0000, tv loss=21574966.0000
L-BFGS | iteration: 046, total loss=176137632219136.0000, content_loss=1533148437.5000, style loss=176136093750000.0000, tv loss=21576834.0000
L-BFGS | iteration: 047, total loss=169025401257984.0000, content_loss=1535146875.0000, style loss=169023843750000.0000, tv loss=21622040.0000
L-BFGS | iteration: 048, total loss=160220584083456.0000, content_loss=1545294238.2812, style loss=160219031250000.0000, tv loss=21713088.0000
L-BFGS | iteration: 049, total loss=152161447051264.0000, content_loss=1554494531.2500, style loss=152159868750000.0000, tv loss=21822320.0000
L-BFGS | iteration: 050, total loss=146797905313792.0000, content_loss=1559058593.7500, style loss=146796328125000.0000, tv loss=21822610.0000
L-BFGS | iteration: 051, total loss=143455900663808.0000, content_loss=1563031542.9688, style loss=143454318750000.0000, tv loss=21976324.0000
L-BFGS | iteration: 052, total loss=137627932033024.0000, content_loss=1561312109.3750, style loss=137626350000000.0000, tv loss=21954384.0000
L-BFGS | iteration: 053, total loss=132683157995520.0000, content_loss=1561432226.5625, style loss=132681571875000.0000, tv loss=22012174.0000
L-BFGS | iteration: 054, total loss=125896010760192.0000, content_loss=1563078222.6562, style loss=125894428125000.0000, tv loss=22139744.0000
L-BFGS | iteration: 055, total loss=120258765520896.0000, content_loss=1576292675.7812, style loss=120257165625000.0000, tv loss=22207376.0000
L-BFGS | iteration: 056, total loss=116017753751552.0000, content_loss=1579028613.2812, style loss=116016150000000.0000, tv loss=22280978.0000
L-BFGS | iteration: 057, total loss=113946212171776.0000, content_loss=1580364453.1250, style loss=113944612500000.0000, tv loss=22232370.0000
L-BFGS | iteration: 058, total loss=110147984687104.0000, content_loss=1587720800.7812, style loss=110146378125000.0000, tv loss=22331108.0000
L-BFGS | iteration: 059, total loss=107422072963072.0000, content_loss=1590399218.7500, style loss=107420456250000.0000, tv loss=22379306.0000
L-BFGS | iteration: 060, total loss=103743349587968.0000, content_loss=1593176171.8750, style loss=103741734375000.0000, tv loss=22444508.0000
L-BFGS | iteration: 061, total loss=99541101576192.0000, content_loss=1587895898.4375, style loss=99539493750000.0000, tv loss=22507300.0000
L-BFGS | iteration: 062, total loss=95987737559040.0000, content_loss=1595318261.7188, style loss=95986115625000.0000, tv loss=22562312.0000
L-BFGS | iteration: 063, total loss=94129711218688.0000, content_loss=1593589453.1250, style loss=94128093750000.0000, tv loss=22548228.0000
L-BFGS | iteration: 064, total loss=92770706391040.0000, content_loss=1594198339.8438, style loss=92769084375000.0000, tv loss=22618764.0000
L-BFGS | iteration: 065, total loss=90469727993856.0000, content_loss=1595306835.9375, style loss=90468112500000.0000, tv loss=22575324.0000
L-BFGS | iteration: 066, total loss=88910705197056.0000, content_loss=1598884570.3125, style loss=88909078125000.0000, tv loss=22610068.0000
L-BFGS | iteration: 067, total loss=86091017224192.0000, content_loss=1607727148.4375, style loss=86089378125000.0000, tv loss=22748678.0000
L-BFGS | iteration: 068, total loss=84365614776320.0000, content_loss=1607780859.3750, style loss=84363975000000.0000, tv loss=22716168.0000
L-BFGS | iteration: 069, total loss=83241616801792.0000, content_loss=1608368066.4062, style loss=83239978125000.0000, tv loss=22727612.0000
L-BFGS | iteration: 070, total loss=80003102408704.0000, content_loss=1614033789.0625, style loss=80001468750000.0000, tv loss=22821426.0000
L-BFGS | iteration: 071, total loss=78085080743936.0000, content_loss=1614687207.0312, style loss=78083446875000.0000, tv loss=22820932.0000
L-BFGS | iteration: 072, total loss=76353915322368.0000, content_loss=1617132714.8438, style loss=76352273437500.0000, tv loss=22876336.0000
L-BFGS | iteration: 073, total loss=74800630333440.0000, content_loss=1618556152.3438, style loss=74798985937500.0000, tv loss=22895760.0000
L-BFGS | iteration: 074, total loss=72641813676032.0000, content_loss=1617938281.2500, style loss=72640171875000.0000, tv loss=22945520.0000
L-BFGS | iteration: 075, total loss=71696795041792.0000, content_loss=1616457812.5000, style loss=71695148437500.0000, tv loss=22925398.0000
L-BFGS | iteration: 076, total loss=70501124800512.0000, content_loss=1617651464.8438, style loss=70499484375000.0000, tv loss=22965390.0000
L-BFGS | iteration: 077, total loss=69482051534848.0000, content_loss=1618744824.2188, style loss=69480412500000.0000, tv loss=22986028.0000
L-BFGS | iteration: 078, total loss=68053446426624.0000, content_loss=1620330859.3750, style loss=68051807812500.0000, tv loss=23017096.0000
L-BFGS | iteration: 079, total loss=66303326945280.0000, content_loss=1623024609.3750, style loss=66301682812500.0000, tv loss=23064000.0000
L-BFGS | iteration: 080, total loss=64895462670336.0000, content_loss=1626959960.9375, style loss=64893810937500.0000, tv loss=23122416.0000
L-BFGS | iteration: 081, total loss=63876674617344.0000, content_loss=1627733203.1250, style loss=63875020312500.0000, tv loss=23101240.0000
L-BFGS | iteration: 082, total loss=63156290322432.0000, content_loss=1629088378.9062, style loss=63154635937500.0000, tv loss=23148256.0000
L-BFGS | iteration: 083, total loss=62318398406656.0000, content_loss=1628725683.5938, style loss=62316745312500.0000, tv loss=23139352.0000
L-BFGS | iteration: 084, total loss=61187458859008.0000, content_loss=1630326855.4688, style loss=61185801562500.0000, tv loss=23159112.0000
L-BFGS | iteration: 085, total loss=60076526141440.0000, content_loss=1631452539.0625, style loss=60074868750000.0000, tv loss=23192486.0000
L-BFGS | iteration: 086, total loss=58909876289536.0000, content_loss=1634788574.2188, style loss=58908215625000.0000, tv loss=23264906.0000
L-BFGS | iteration: 087, total loss=57755712880640.0000, content_loss=1633981445.3125, style loss=57754050000000.0000, tv loss=23261408.0000
L-BFGS | iteration: 088, total loss=57298433081344.0000, content_loss=1634491503.9062, style loss=57296770312500.0000, tv loss=23299064.0000
L-BFGS | iteration: 089, total loss=56578728263680.0000, content_loss=1635925878.9062, style loss=56577065625000.0000, tv loss=23312024.0000
L-BFGS | iteration: 090, total loss=55307204034560.0000, content_loss=1638918164.0625, style loss=55305539062500.0000, tv loss=23357826.0000
L-BFGS | iteration: 091, total loss=54080714047488.0000, content_loss=1641992968.7500, style loss=54079050000000.0000, tv loss=23405458.0000
L-BFGS | iteration: 092, total loss=53195481022464.0000, content_loss=1640980664.0625, style loss=53193815625000.0000, tv loss=23427748.0000
L-BFGS | iteration: 093, total loss=52245634744320.0000, content_loss=1643036718.7500, style loss=52243964062500.0000, tv loss=23457428.0000
L-BFGS | iteration: 094, total loss=51387295596544.0000, content_loss=1643679687.5000, style loss=51385626562500.0000, tv loss=23485680.0000
L-BFGS | iteration: 095, total loss=50615556243456.0000, content_loss=1645738867.1875, style loss=50613885937500.0000, tv loss=23542986.0000
L-BFGS | iteration: 096, total loss=50399717359616.0000, content_loss=1647508007.8125, style loss=50398045312500.0000, tv loss=23521274.0000
L-BFGS | iteration: 097, total loss=49267368525824.0000, content_loss=1647631250.0000, style loss=49265695312500.0000, tv loss=23569986.0000
L-BFGS | iteration: 098, total loss=48728874418176.0000, content_loss=1648135742.1875, style loss=48727200000000.0000, tv loss=23577370.0000
L-BFGS | iteration: 099, total loss=47800037408768.0000, content_loss=1650927343.7500, style loss=47798357812500.0000, tv loss=23603988.0000
L-BFGS | iteration: 100, total loss=47051198955520.0000, content_loss=1652442187.5000, style loss=47049520312500.0000, tv loss=23641608.0000
L-BFGS | iteration: 101, total loss=46200560549888.0000, content_loss=1653960937.5000, style loss=46198884375000.0000, tv loss=23643440.0000
L-BFGS | iteration: 102, total loss=45709030064128.0000, content_loss=1655296093.7500, style loss=45707348437500.0000, tv loss=23661624.0000
L-BFGS | iteration: 103, total loss=44977438588928.0000, content_loss=1655834179.6875, style loss=44975756250000.0000, tv loss=23668688.0000
L-BFGS | iteration: 104, total loss=45235778355200.0000, content_loss=1657391210.9375, style loss=45234098437500.0000, tv loss=23776432.0000
L-BFGS | iteration: 105, total loss=44480606502912.0000, content_loss=1656683593.7500, style loss=44478923437500.0000, tv loss=23720368.0000
L-BFGS | iteration: 106, total loss=43887775186944.0000, content_loss=1658227343.7500, style loss=43886095312500.0000, tv loss=23737432.0000
L-BFGS | iteration: 107, total loss=43127020716032.0000, content_loss=1658511914.0625, style loss=43125337500000.0000, tv loss=23761512.0000
L-BFGS | iteration: 108, total loss=42541097418752.0000, content_loss=1661685937.5000, style loss=42539409375000.0000, tv loss=23811720.0000
L-BFGS | iteration: 109, total loss=42008999624704.0000, content_loss=1662587109.3750, style loss=42007312500000.0000, tv loss=23809714.0000
L-BFGS | iteration: 110, total loss=41643013046272.0000, content_loss=1662302734.3750, style loss=41641326562500.0000, tv loss=23845524.0000
L-BFGS | iteration: 111, total loss=41279123619840.0000, content_loss=1660542382.8125, style loss=41277435937500.0000, tv loss=23826184.0000
L-BFGS | iteration: 112, total loss=40958150311936.0000, content_loss=1661288085.9375, style loss=40956464062500.0000, tv loss=23840308.0000
L-BFGS | iteration: 113, total loss=40260343955456.0000, content_loss=1661907617.1875, style loss=40258659375000.0000, tv loss=23886552.0000
L-BFGS | iteration: 114, total loss=39719610089472.0000, content_loss=1663267187.5000, style loss=39717918750000.0000, tv loss=23903456.0000
L-BFGS | iteration: 115, total loss=39006045732864.0000, content_loss=1663674023.4375, style loss=39004354687500.0000, tv loss=23941798.0000
L-BFGS | iteration: 116, total loss=38381509672960.0000, content_loss=1665851757.8125, style loss=38379817968750.0000, tv loss=23972740.0000
L-BFGS | iteration: 117, total loss=37876913930240.0000, content_loss=1666682812.5000, style loss=37875222656250.0000, tv loss=24007060.0000
L-BFGS | iteration: 118, total loss=37413594333184.0000, content_loss=1667820898.4375, style loss=37411900781250.0000, tv loss=24013850.0000
L-BFGS | iteration: 119, total loss=37100544065536.0000, content_loss=1668835156.2500, style loss=37098848437500.0000, tv loss=24074838.0000
L-BFGS | iteration: 120, total loss=36742421807104.0000, content_loss=1668256054.6875, style loss=36740725781250.0000, tv loss=24053440.0000
L-BFGS | iteration: 121, total loss=36337335926784.0000, content_loss=1668378125.0000, style loss=36335641406250.0000, tv loss=24056052.0000
L-BFGS | iteration: 122, total loss=35729044406272.0000, content_loss=1667782226.5625, style loss=35727349218750.0000, tv loss=24083538.0000
L-BFGS | iteration: 123, total loss=35242098294784.0000, content_loss=1672244726.5625, style loss=35240397656250.0000, tv loss=24146004.0000
L-BFGS | iteration: 124, total loss=34832358834176.0000, content_loss=1671688476.5625, style loss=34830663281250.0000, tv loss=24151656.0000
L-BFGS | iteration: 125, total loss=34429837770752.0000, content_loss=1672585937.5000, style loss=34428138281250.0000, tv loss=24169596.0000
L-BFGS | iteration: 126, total loss=33984178290688.0000, content_loss=1673138281.2500, style loss=33982478906250.0000, tv loss=24190138.0000
L-BFGS | iteration: 127, total loss=33619951222784.0000, content_loss=1675659765.6250, style loss=33618250781250.0000, tv loss=24246324.0000
L-BFGS | iteration: 128, total loss=33406058496000.0000, content_loss=1677282617.1875, style loss=33404355468750.0000, tv loss=24212012.0000
L-BFGS | iteration: 129, total loss=33069713063936.0000, content_loss=1675803125.0000, style loss=33068013281250.0000, tv loss=24235116.0000
L-BFGS | iteration: 130, total loss=32854830481408.0000, content_loss=1675341406.2500, style loss=32853128906250.0000, tv loss=24255862.0000
L-BFGS | iteration: 131, total loss=32561080303616.0000, content_loss=1675173632.8125, style loss=32559379687500.0000, tv loss=24271480.0000
L-BFGS | iteration: 132, total loss=32010311565312.0000, content_loss=1676300781.2500, style loss=32008610156250.0000, tv loss=24299492.0000
L-BFGS | iteration: 133, total loss=31660384976896.0000, content_loss=1678221289.0625, style loss=31658681250000.0000, tv loss=24340576.0000
L-BFGS | iteration: 134, total loss=31134807228416.0000, content_loss=1679358007.8125, style loss=31133102343750.0000, tv loss=24341500.0000
L-BFGS | iteration: 135, total loss=30908641968128.0000, content_loss=1679875195.3125, style loss=30906937500000.0000, tv loss=24367384.0000
L-BFGS | iteration: 136, total loss=30643083804672.0000, content_loss=1680027734.3750, style loss=30641378906250.0000, tv loss=24369120.0000
L-BFGS | iteration: 137, total loss=30401452048384.0000, content_loss=1680697265.6250, style loss=30399747656250.0000, tv loss=24397812.0000
L-BFGS | iteration: 138, total loss=30022704300032.0000, content_loss=1680969921.8750, style loss=30020997656250.0000, tv loss=24427884.0000
L-BFGS | iteration: 139, total loss=29690083409920.0000, content_loss=1683573046.8750, style loss=29688375000000.0000, tv loss=24463072.0000
L-BFGS | iteration: 140, total loss=29322639310848.0000, content_loss=1682783203.1250, style loss=29320931250000.0000, tv loss=24472364.0000
L-BFGS | iteration: 141, total loss=29096811692032.0000, content_loss=1682429882.8125, style loss=29095103906250.0000, tv loss=24478884.0000
L-BFGS | iteration: 142, total loss=28743590477824.0000, content_loss=1683817382.8125, style loss=28741882031250.0000, tv loss=24507938.0000
L-BFGS | iteration: 143, total loss=28468949549056.0000, content_loss=1684414453.1250, style loss=28467241406250.0000, tv loss=24506514.0000
L-BFGS | iteration: 144, total loss=28259769122816.0000, content_loss=1685460546.8750, style loss=28258057031250.0000, tv loss=24548808.0000
L-BFGS | iteration: 145, total loss=28027436138496.0000, content_loss=1686806054.6875, style loss=28025725781250.0000, tv loss=24549168.0000
L-BFGS | iteration: 146, total loss=27847733280768.0000, content_loss=1686717187.5000, style loss=27846021093750.0000, tv loss=24556366.0000
L-BFGS | iteration: 147, total loss=27570967937024.0000, content_loss=1686607031.2500, style loss=27569257031250.0000, tv loss=24570806.0000
L-BFGS | iteration: 148, total loss=27353749127168.0000, content_loss=1686806835.9375, style loss=27352038281250.0000, tv loss=24620754.0000
L-BFGS | iteration: 149, total loss=27048252801024.0000, content_loss=1686603515.6250, style loss=27046542187500.0000, tv loss=24600220.0000
L-BFGS | iteration: 150, total loss=26914974597120.0000, content_loss=1687113476.5625, style loss=26913262500000.0000, tv loss=24621034.0000
L-BFGS | iteration: 151, total loss=26799132114944.0000, content_loss=1687316406.2500, style loss=26797417968750.0000, tv loss=24623748.0000
L-BFGS | iteration: 152, total loss=26595202957312.0000, content_loss=1687717578.1250, style loss=26593490625000.0000, tv loss=24637516.0000
L-BFGS | iteration: 153, total loss=26298688733184.0000, content_loss=1688674804.6875, style loss=26296975781250.0000, tv loss=24660740.0000
L-BFGS | iteration: 154, total loss=26098372968448.0000, content_loss=1688369335.9375, style loss=26096660156250.0000, tv loss=24678940.0000
L-BFGS | iteration: 155, total loss=25863584219136.0000, content_loss=1689663671.8750, style loss=25861867968750.0000, tv loss=24683284.0000
L-BFGS | iteration: 156, total loss=25706683695104.0000, content_loss=1690179687.5000, style loss=25704967968750.0000, tv loss=24704180.0000
L-BFGS | iteration: 157, total loss=25540576673792.0000, content_loss=1690040429.6875, style loss=25538861718750.0000, tv loss=24697310.0000
L-BFGS | iteration: 158, total loss=25330408488960.0000, content_loss=1690419531.2500, style loss=25328692968750.0000, tv loss=24717140.0000
L-BFGS | iteration: 159, total loss=25059441770496.0000, content_loss=1690908789.0625, style loss=25057727343750.0000, tv loss=24736676.0000
L-BFGS | iteration: 160, total loss=24832368443392.0000, content_loss=1691639453.1250, style loss=24830650781250.0000, tv loss=24751642.0000
L-BFGS | iteration: 161, total loss=24600289214464.0000, content_loss=1692173828.1250, style loss=24598572656250.0000, tv loss=24773280.0000
L-BFGS | iteration: 162, total loss=24394661363712.0000, content_loss=1693213671.8750, style loss=24392943750000.0000, tv loss=24785408.0000
L-BFGS | iteration: 163, total loss=24153134465024.0000, content_loss=1693726367.1875, style loss=24151415625000.0000, tv loss=24828044.0000
L-BFGS | iteration: 164, total loss=23970634006528.0000, content_loss=1696626953.1250, style loss=23968912500000.0000, tv loss=24823564.0000
L-BFGS | iteration: 165, total loss=23803402911744.0000, content_loss=1696243750.0000, style loss=23801681250000.0000, tv loss=24840538.0000
L-BFGS | iteration: 166, total loss=23682198011904.0000, content_loss=1695794140.6250, style loss=23680476562500.0000, tv loss=24841968.0000
L-BFGS | iteration: 167, total loss=23544746475520.0000, content_loss=1696272656.2500, style loss=23543025000000.0000, tv loss=24856906.0000
L-BFGS | iteration: 168, total loss=23374543716352.0000, content_loss=1696332226.5625, style loss=23372821875000.0000, tv loss=24863340.0000
L-BFGS | iteration: 169, total loss=23199582519296.0000, content_loss=1696613476.5625, style loss=23197860937500.0000, tv loss=24886790.0000
L-BFGS | iteration: 170, total loss=22992698474496.0000, content_loss=1695916015.6250, style loss=22990975781250.0000, tv loss=24909070.0000
L-BFGS | iteration: 171, total loss=22826190897152.0000, content_loss=1695489648.4375, style loss=22824471093750.0000, tv loss=24916108.0000
L-BFGS | iteration: 172, total loss=22716916695040.0000, content_loss=1694932226.5625, style loss=22715196093750.0000, tv loss=24931132.0000
L-BFGS | iteration: 173, total loss=22595646783488.0000, content_loss=1694982226.5625, style loss=22593928125000.0000, tv loss=24928288.0000
L-BFGS | iteration: 174, total loss=22460279816192.0000, content_loss=1695411718.7500, style loss=22458560156250.0000, tv loss=24953040.0000
L-BFGS | iteration: 175, total loss=22328096325632.0000, content_loss=1696319140.6250, style loss=22326375000000.0000, tv loss=24958532.0000
L-BFGS | iteration: 176, total loss=22143750373376.0000, content_loss=1697909375.0000, style loss=22142027343750.0000, tv loss=24969828.0000
L-BFGS | iteration: 177, total loss=22007959781376.0000, content_loss=1698283789.0625, style loss=22006235156250.0000, tv loss=24977056.0000
L-BFGS | iteration: 178, total loss=21893463670784.0000, content_loss=1698362304.6875, style loss=21891740625000.0000, tv loss=24983124.0000
L-BFGS | iteration: 179, total loss=21777350656000.0000, content_loss=1697988085.9375, style loss=21775626562500.0000, tv loss=24993940.0000
L-BFGS | iteration: 180, total loss=21667522805760.0000, content_loss=1698259375.0000, style loss=21665798437500.0000, tv loss=25000510.0000
L-BFGS | iteration: 181, total loss=21474215723008.0000, content_loss=1697175976.5625, style loss=21472492968750.0000, tv loss=25033234.0000
L-BFGS | iteration: 182, total loss=21389778092032.0000, content_loss=1699316210.9375, style loss=21388054687500.0000, tv loss=25013640.0000
L-BFGS | iteration: 183, total loss=21263774908416.0000, content_loss=1699947656.2500, style loss=21262050000000.0000, tv loss=25031200.0000
L-BFGS | iteration: 184, total loss=21204104642560.0000, content_loss=1700053515.6250, style loss=21202378125000.0000, tv loss=25038916.0000
L-BFGS | iteration: 185, total loss=21123462856704.0000, content_loss=1700543750.0000, style loss=21121736718750.0000, tv loss=25047884.0000
L-BFGS | iteration: 186, total loss=20959499124736.0000, content_loss=1701136132.8125, style loss=20957772656250.0000, tv loss=25063976.0000
L-BFGS | iteration: 187, total loss=20817345773568.0000, content_loss=1701162500.0000, style loss=20815619531250.0000, tv loss=25089002.0000
L-BFGS | iteration: 188, total loss=20694387654656.0000, content_loss=1702108007.8125, style loss=20692659375000.0000, tv loss=25086524.0000
L-BFGS | iteration: 189, total loss=20615595556864.0000, content_loss=1702249609.3750, style loss=20613867187500.0000, tv loss=25092452.0000
L-BFGS | iteration: 190, total loss=20514535899136.0000, content_loss=1702870117.1875, style loss=20512807031250.0000, tv loss=25091614.0000
L-BFGS | iteration: 191, total loss=20417632796672.0000, content_loss=1704033789.0625, style loss=20415902343750.0000, tv loss=25119202.0000
L-BFGS | iteration: 192, total loss=20310283780096.0000, content_loss=1704514843.7500, style loss=20308553906250.0000, tv loss=25115362.0000
L-BFGS | iteration: 193, total loss=20223031771136.0000, content_loss=1705183007.8125, style loss=20221300781250.0000, tv loss=25122912.0000
L-BFGS | iteration: 194, total loss=20045583351808.0000, content_loss=1705208398.4375, style loss=20043853125000.0000, tv loss=25136246.0000
L-BFGS | iteration: 195, total loss=19954998968320.0000, content_loss=1706225000.0000, style loss=19953267187500.0000, tv loss=25166836.0000
L-BFGS | iteration: 196, total loss=19845200478208.0000, content_loss=1705167968.7500, style loss=19843469531250.0000, tv loss=25153104.0000
L-BFGS | iteration: 197, total loss=19789464469504.0000, content_loss=1704508789.0625, style loss=19787735156250.0000, tv loss=25157270.0000
L-BFGS | iteration: 198, total loss=19713474166784.0000, content_loss=1704209375.0000, style loss=19711743750000.0000, tv loss=25157410.0000
L-BFGS | iteration: 199, total loss=19607783997440.0000, content_loss=1704500195.3125, style loss=19606053515625.0000, tv loss=25171988.0000
L-BFGS | iteration: 200, total loss=19480535105536.0000, content_loss=1705183007.8125, style loss=19478805468750.0000, tv loss=25185142.0000
L-BFGS | iteration: 201, total loss=19390808457216.0000, content_loss=1706030859.3750, style loss=19389078515625.0000, tv loss=25191360.0000
L-BFGS | iteration: 202, total loss=19322315472896.0000, content_loss=1706597460.9375, style loss=19320583593750.0000, tv loss=25202088.0000
L-BFGS | iteration: 203, total loss=19257316343808.0000, content_loss=1707151367.1875, style loss=19255583203125.0000, tv loss=25198540.0000
L-BFGS | iteration: 204, total loss=19191123935232.0000, content_loss=1707072656.2500, style loss=19189391015625.0000, tv loss=25206932.0000
L-BFGS | iteration: 205, total loss=19087000338432.0000, content_loss=1707171484.3750, style loss=19085267578125.0000, tv loss=25216850.0000
L-BFGS | iteration: 206, total loss=18996382400512.0000, content_loss=1707520507.8125, style loss=18994650000000.0000, tv loss=25222294.0000
L-BFGS | iteration: 207, total loss=18885432573952.0000, content_loss=1707832031.2500, style loss=18883700390625.0000, tv loss=25235236.0000
L-BFGS | iteration: 208, total loss=18796664324096.0000, content_loss=1708470703.1250, style loss=18794930859375.0000, tv loss=25236108.0000
L-BFGS | iteration: 209, total loss=18729108766720.0000, content_loss=1708493945.3125, style loss=18727374609375.0000, tv loss=25246124.0000
L-BFGS | iteration: 210, total loss=18601369141248.0000, content_loss=1708382226.5625, style loss=18599634375000.0000, tv loss=25251394.0000
L-BFGS | iteration: 211, total loss=18509140590592.0000, content_loss=1708488671.8750, style loss=18507405468750.0000, tv loss=25280132.0000
L-BFGS | iteration: 212, total loss=18431927648256.0000, content_loss=1708587304.6875, style loss=18430192968750.0000, tv loss=25272840.0000
L-BFGS | iteration: 213, total loss=18372987191296.0000, content_loss=1708280078.1250, style loss=18371252343750.0000, tv loss=25281018.0000
L-BFGS | iteration: 214, total loss=18322405982208.0000, content_loss=1708857421.8750, style loss=18320670703125.0000, tv loss=25278322.0000
L-BFGS | iteration: 215, total loss=18277478694912.0000, content_loss=1709221093.7500, style loss=18275743359375.0000, tv loss=25284210.0000
L-BFGS | iteration: 216, total loss=18193062035456.0000, content_loss=1709600000.0000, style loss=18191328515625.0000, tv loss=25296430.0000
L-BFGS | iteration: 217, total loss=18106525155328.0000, content_loss=1710396679.6875, style loss=18104787890625.0000, tv loss=25312664.0000
L-BFGS | iteration: 218, total loss=18031908487168.0000, content_loss=1710113281.2500, style loss=18030174609375.0000, tv loss=25314674.0000
L-BFGS | iteration: 219, total loss=17957312790528.0000, content_loss=1710581250.0000, style loss=17955575390625.0000, tv loss=25317048.0000
L-BFGS | iteration: 220, total loss=17891657252864.0000, content_loss=1710287304.6875, style loss=17889921093750.0000, tv loss=25325118.0000
L-BFGS | iteration: 221, total loss=17827270492160.0000, content_loss=1711132226.5625, style loss=17825534765625.0000, tv loss=25325222.0000
L-BFGS | iteration: 222, total loss=17770439770112.0000, content_loss=1712197851.5625, style loss=17768703515625.0000, tv loss=25344740.0000
L-BFGS | iteration: 223, total loss=17714187862016.0000, content_loss=1712854882.8125, style loss=17712450000000.0000, tv loss=25342156.0000
L-BFGS | iteration: 224, total loss=17664256770048.0000, content_loss=1713043164.0625, style loss=17662517578125.0000, tv loss=25345478.0000
L-BFGS | iteration: 225, total loss=17564743761920.0000, content_loss=1713294335.9375, style loss=17563005468750.0000, tv loss=25355892.0000
L-BFGS | iteration: 226, total loss=17499442642944.0000, content_loss=1713956640.6250, style loss=17497702734375.0000, tv loss=25364124.0000
L-BFGS | iteration: 227, total loss=17432513085440.0000, content_loss=1713554687.5000, style loss=17430774609375.0000, tv loss=25367080.0000
L-BFGS | iteration: 228, total loss=17379629203456.0000, content_loss=1713326367.1875, style loss=17377890234375.0000, tv loss=25371916.0000
L-BFGS | iteration: 229, total loss=17329637294080.0000, content_loss=1713408398.4375, style loss=17327899218750.0000, tv loss=25375424.0000
L-BFGS | iteration: 230, total loss=17238697443328.0000, content_loss=1713174609.3750, style loss=17236959375000.0000, tv loss=25396570.0000
L-BFGS | iteration: 231, total loss=17189639815168.0000, content_loss=1714158789.0625, style loss=17187900000000.0000, tv loss=25388020.0000
L-BFGS | iteration: 232, total loss=17127011516416.0000, content_loss=1713991210.9375, style loss=17125271484375.0000, tv loss=25398178.0000
L-BFGS | iteration: 233, total loss=17091686039552.0000, content_loss=1714157812.5000, style loss=17089946484375.0000, tv loss=25404260.0000
L-BFGS | iteration: 234, total loss=17050972979200.0000, content_loss=1714543359.3750, style loss=17049233203125.0000, tv loss=25408532.0000
L-BFGS | iteration: 235, total loss=16956375695360.0000, content_loss=1715454882.8125, style loss=16954634765625.0000, tv loss=25420678.0000
L-BFGS | iteration: 236, total loss=16883634929664.0000, content_loss=1716318164.0625, style loss=16881892968750.0000, tv loss=25429394.0000
L-BFGS | iteration: 237, total loss=16842684891136.0000, content_loss=1716534570.3125, style loss=16840942968750.0000, tv loss=25433028.0000
L-BFGS | iteration: 238, total loss=16774660620288.0000, content_loss=1716315234.3750, style loss=16772919140625.0000, tv loss=25439616.0000
L-BFGS | iteration: 239, total loss=16715531419648.0000, content_loss=1716378710.9375, style loss=16713789843750.0000, tv loss=25455386.0000
L-BFGS | iteration: 240, total loss=16669329063936.0000, content_loss=1717140625.0000, style loss=16667586328125.0000, tv loss=25448022.0000
L-BFGS | iteration: 241, total loss=16622759706624.0000, content_loss=1716595703.1250, style loss=16621018359375.0000, tv loss=25458900.0000
L-BFGS | iteration: 242, total loss=16582192398336.0000, content_loss=1716515234.3750, style loss=16580450390625.0000, tv loss=25466614.0000
L-BFGS | iteration: 243, total loss=16537965559808.0000, content_loss=1716702734.3750, style loss=16536223828125.0000, tv loss=25470998.0000
L-BFGS | iteration: 244, total loss=16460777783296.0000, content_loss=1717248632.8125, style loss=16459034765625.0000, tv loss=25482020.0000
L-BFGS | iteration: 245, total loss=16399734931456.0000, content_loss=1717024023.4375, style loss=16397992968750.0000, tv loss=25486230.0000
L-BFGS | iteration: 246, total loss=16357649285120.0000, content_loss=1717200195.3125, style loss=16355906250000.0000, tv loss=25490364.0000
L-BFGS | iteration: 247, total loss=16302836023296.0000, content_loss=1717062109.3750, style loss=16301092968750.0000, tv loss=25499292.0000
L-BFGS | iteration: 248, total loss=16240849453056.0000, content_loss=1718035742.1875, style loss=16239106640625.0000, tv loss=25510862.0000
L-BFGS | iteration: 249, total loss=16189129490432.0000, content_loss=1717906054.6875, style loss=16187387109375.0000, tv loss=25514780.0000
L-BFGS | iteration: 250, total loss=16151215079424.0000, content_loss=1717975195.3125, style loss=16149472265625.0000, tv loss=25519496.0000
L-BFGS | iteration: 251, total loss=16107842830336.0000, content_loss=1718513085.9375, style loss=16106098828125.0000, tv loss=25516220.0000
L-BFGS | iteration: 252, total loss=16071938539520.0000, content_loss=1718056054.6875, style loss=16070196093750.0000, tv loss=25535852.0000
L-BFGS | iteration: 253, total loss=16030018568192.0000, content_loss=1718310546.8750, style loss=16028274609375.0000, tv loss=25529562.0000
L-BFGS | iteration: 254, total loss=15988714110976.0000, content_loss=1718356250.0000, style loss=15986970703125.0000, tv loss=25530914.0000
L-BFGS | iteration: 255, total loss=15945931161600.0000, content_loss=1718288085.9375, style loss=15944187890625.0000, tv loss=25536348.0000
L-BFGS | iteration: 256, total loss=15871552520192.0000, content_loss=1718474804.6875, style loss=15869808984375.0000, tv loss=25556834.0000
L-BFGS | iteration: 257, total loss=15810902884352.0000, content_loss=1718558398.4375, style loss=15809158593750.0000, tv loss=25563240.0000
L-BFGS | iteration: 258, total loss=15775389712384.0000, content_loss=1718912890.6250, style loss=15773646093750.0000, tv loss=25562126.0000
L-BFGS | iteration: 259, total loss=15728332767232.0000, content_loss=1719158398.4375, style loss=15726588281250.0000, tv loss=25573460.0000
L-BFGS | iteration: 260, total loss=15683798695936.0000, content_loss=1719218164.0625, style loss=15682053515625.0000, tv loss=25575000.0000
L-BFGS | iteration: 261, total loss=15631481044992.0000, content_loss=1719012109.3750, style loss=15629737500000.0000, tv loss=25584722.0000
L-BFGS | iteration: 262, total loss=15578210238464.0000, content_loss=1718538867.1875, style loss=15576466406250.0000, tv loss=25592646.0000
L-BFGS | iteration: 263, total loss=15533526220800.0000, content_loss=1718196289.0625, style loss=15531782812500.0000, tv loss=25603940.0000
L-BFGS | iteration: 264, total loss=15490806185984.0000, content_loss=1718682617.1875, style loss=15489062109375.0000, tv loss=25603410.0000
L-BFGS | iteration: 265, total loss=15449323470848.0000, content_loss=1718818164.0625, style loss=15447580078125.0000, tv loss=25614876.0000
L-BFGS | iteration: 266, total loss=15420595634176.0000, content_loss=1719646875.0000, style loss=15418850390625.0000, tv loss=25612164.0000
L-BFGS | iteration: 267, total loss=15395022962688.0000, content_loss=1719745703.1250, style loss=15393277734375.0000, tv loss=25619116.0000
L-BFGS | iteration: 268, total loss=15348088700928.0000, content_loss=1719437304.6875, style loss=15346344140625.0000, tv loss=25631890.0000
L-BFGS | iteration: 269, total loss=15307307483136.0000, content_loss=1719753125.0000, style loss=15305562890625.0000, tv loss=25635112.0000
L-BFGS | iteration: 270, total loss=15235508338688.0000, content_loss=1719366796.8750, style loss=15233763281250.0000, tv loss=25646908.0000
L-BFGS | iteration: 271, total loss=15208973074432.0000, content_loss=1720006054.6875, style loss=15207228515625.0000, tv loss=25654840.0000
L-BFGS | iteration: 272, total loss=15174688833536.0000, content_loss=1720037109.3750, style loss=15172944140625.0000, tv loss=25649924.0000
L-BFGS | iteration: 273, total loss=15148338118656.0000, content_loss=1719965039.0625, style loss=15146593359375.0000, tv loss=25656736.0000
L-BFGS | iteration: 274, total loss=15123772080128.0000, content_loss=1720404687.5000, style loss=15122026171875.0000, tv loss=25657636.0000
L-BFGS | iteration: 275, total loss=15088782147584.0000, content_loss=1720885937.5000, style loss=15087036328125.0000, tv loss=25666356.0000
L-BFGS | iteration: 276, total loss=15038883561472.0000, content_loss=1721313867.1875, style loss=15037136718750.0000, tv loss=25680540.0000
L-BFGS | iteration: 277, total loss=14993456103424.0000, content_loss=1721991406.2500, style loss=14991708984375.0000, tv loss=25689190.0000
L-BFGS | iteration: 278, total loss=14957126090752.0000, content_loss=1722106054.6875, style loss=14955378515625.0000, tv loss=25692852.0000
L-BFGS | iteration: 279, total loss=14923485675520.0000, content_loss=1721862695.3125, style loss=14921737500000.0000, tv loss=25701116.0000
L-BFGS | iteration: 280, total loss=14892070338560.0000, content_loss=1721784179.6875, style loss=14890321875000.0000, tv loss=25700480.0000
L-BFGS | iteration: 281, total loss=14850522611712.0000, content_loss=1721611328.1250, style loss=14848774218750.0000, tv loss=25713228.0000
L-BFGS | iteration: 282, total loss=14808841715712.0000, content_loss=1721686718.7500, style loss=14807094140625.0000, tv loss=25718156.0000
L-BFGS | iteration: 283, total loss=14770367365120.0000, content_loss=1722099023.4375, style loss=14768619140625.0000, tv loss=25726812.0000
L-BFGS | iteration: 284, total loss=14735687811072.0000, content_loss=1722182617.1875, style loss=14733939843750.0000, tv loss=25731872.0000
L-BFGS | iteration: 285, total loss=14685243965440.0000, content_loss=1722732617.1875, style loss=14683495312500.0000, tv loss=25737892.0000
L-BFGS | iteration: 286, total loss=14652322873344.0000, content_loss=1722400000.0000, style loss=14650573828125.0000, tv loss=25753624.0000
L-BFGS | iteration: 287, total loss=14622656561152.0000, content_loss=1722662500.0000, style loss=14620907812500.0000, tv loss=25749992.0000
L-BFGS | iteration: 288, total loss=14595895853056.0000, content_loss=1722694726.5625, style loss=14594146875000.0000, tv loss=25760760.0000
L-BFGS | iteration: 289, total loss=14574714617856.0000, content_loss=1723014648.4375, style loss=14572965234375.0000, tv loss=25756872.0000
L-BFGS | iteration: 290, total loss=14554658504704.0000, content_loss=1723066015.6250, style loss=14552909765625.0000, tv loss=25761496.0000
L-BFGS | iteration: 291, total loss=14506298179584.0000, content_loss=1722873046.8750, style loss=14504548828125.0000, tv loss=25777860.0000
L-BFGS | iteration: 292, total loss=14471508525056.0000, content_loss=1723242382.8125, style loss=14469759375000.0000, tv loss=25785338.0000
L-BFGS | iteration: 293, total loss=14429696557056.0000, content_loss=1722880078.1250, style loss=14427948046875.0000, tv loss=25790864.0000
L-BFGS | iteration: 294, total loss=14392330551296.0000, content_loss=1722496093.7500, style loss=14390581640625.0000, tv loss=25806232.0000
L-BFGS | iteration: 295, total loss=14353032019968.0000, content_loss=1722457421.8750, style loss=14351282812500.0000, tv loss=25807016.0000
L-BFGS | iteration: 296, total loss=14322215419904.0000, content_loss=1722652734.3750, style loss=14320466015625.0000, tv loss=25807754.0000
L-BFGS | iteration: 297, total loss=14290919620608.0000, content_loss=1722778906.2500, style loss=14289171093750.0000, tv loss=25817520.0000
L-BFGS | iteration: 298, total loss=14260635697152.0000, content_loss=1723199218.7500, style loss=14258886328125.0000, tv loss=25817792.0000
L-BFGS | iteration: 299, total loss=14232487723008.0000, content_loss=1722860156.2500, style loss=14230739062500.0000, tv loss=25837008.0000
L-BFGS | iteration: 300, total loss=14206401249280.0000, content_loss=1723122265.6250, style loss=14204651953125.0000, tv loss=25837348.0000
L-BFGS | iteration: 301, total loss=14179417194496.0000, content_loss=1722959765.6250, style loss=14177668359375.0000, tv loss=25839642.0000
L-BFGS | iteration: 302, total loss=14148166483968.0000, content_loss=1723142187.5000, style loss=14146417968750.0000, tv loss=25848244.0000
L-BFGS | iteration: 303, total loss=14113064353792.0000, content_loss=1722965039.0625, style loss=14111315625000.0000, tv loss=25854628.0000
L-BFGS | iteration: 304, total loss=14074421182464.0000, content_loss=1723005078.1250, style loss=14072671875000.0000, tv loss=25865446.0000
L-BFGS | iteration: 305, total loss=14036021280768.0000, content_loss=1723358203.1250, style loss=14034270703125.0000, tv loss=25874828.0000
L-BFGS | iteration: 306, total loss=14002771984384.0000, content_loss=1723720703.1250, style loss=14001022265625.0000, tv loss=25881524.0000
L-BFGS | iteration: 307, total loss=13967312289792.0000, content_loss=1724077929.6875, style loss=13965562500000.0000, tv loss=25890600.0000
L-BFGS | iteration: 308, total loss=13927758954496.0000, content_loss=1724327734.3750, style loss=13926009375000.0000, tv loss=25895738.0000
L-BFGS | iteration: 309, total loss=13894696304640.0000, content_loss=1723676367.1875, style loss=13892946093750.0000, tv loss=25913294.0000
L-BFGS | iteration: 310, total loss=13880915918848.0000, content_loss=1724121875.0000, style loss=13879166015625.0000, tv loss=25904504.0000
L-BFGS | iteration: 311, total loss=13851029405696.0000, content_loss=1723824609.3750, style loss=13849279687500.0000, tv loss=25912684.0000
L-BFGS | iteration: 312, total loss=13836122849280.0000, content_loss=1723549804.6875, style loss=13834372265625.0000, tv loss=25916650.0000
L-BFGS | iteration: 313, total loss=13813109751808.0000, content_loss=1723530664.0625, style loss=13811360156250.0000, tv loss=25921516.0000
L-BFGS | iteration: 314, total loss=13773102383104.0000, content_loss=1723037304.6875, style loss=13771353515625.0000, tv loss=25928710.0000
L-BFGS | iteration: 315, total loss=13742456700928.0000, content_loss=1724318945.3125, style loss=13740706640625.0000, tv loss=25942622.0000
L-BFGS | iteration: 316, total loss=13716053557248.0000, content_loss=1724158007.8125, style loss=13714303125000.0000, tv loss=25939564.0000
L-BFGS | iteration: 317, total loss=13690965327872.0000, content_loss=1724003320.3125, style loss=13689215625000.0000, tv loss=25943434.0000
L-BFGS | iteration: 318, total loss=13661050503168.0000, content_loss=1724294335.9375, style loss=13659300000000.0000, tv loss=25951172.0000
L-BFGS | iteration: 319, total loss=13625195495424.0000, content_loss=1724715625.0000, style loss=13623444140625.0000, tv loss=25964148.0000
L-BFGS | iteration: 320, total loss=13595755675648.0000, content_loss=1725126757.8125, style loss=13594004296875.0000, tv loss=25971772.0000
L-BFGS | iteration: 321, total loss=13569704853504.0000, content_loss=1725409179.6875, style loss=13567953515625.0000, tv loss=25978776.0000
L-BFGS | iteration: 322, total loss=13540680269824.0000, content_loss=1725631640.6250, style loss=13538928515625.0000, tv loss=25980542.0000
L-BFGS | iteration: 323, total loss=13527344480256.0000, content_loss=1724984765.6250, style loss=13525593750000.0000, tv loss=26001846.0000
L-BFGS | iteration: 324, total loss=13497702285312.0000, content_loss=1725550585.9375, style loss=13495950000000.0000, tv loss=25993600.0000
L-BFGS | iteration: 325, total loss=13482152951808.0000, content_loss=1725533593.7500, style loss=13480400390625.0000, tv loss=25994594.0000
L-BFGS | iteration: 326, total loss=13456770072576.0000, content_loss=1725579101.5625, style loss=13455017578125.0000, tv loss=26004048.0000
L-BFGS | iteration: 327, total loss=13421242220544.0000, content_loss=1725693945.3125, style loss=13419489843750.0000, tv loss=26016528.0000
L-BFGS | iteration: 328, total loss=13391542353920.0000, content_loss=1726210546.8750, style loss=13389789843750.0000, tv loss=26025622.0000
L-BFGS | iteration: 329, total loss=13367870750720.0000, content_loss=1726515429.6875, style loss=13366117968750.0000, tv loss=26031108.0000
L-BFGS | iteration: 330, total loss=13345839120384.0000, content_loss=1726734570.3125, style loss=13344085546875.0000, tv loss=26039140.0000
L-BFGS | iteration: 331, total loss=13319891058688.0000, content_loss=1726989062.5000, style loss=13318137890625.0000, tv loss=26041344.0000
L-BFGS | iteration: 332, total loss=13290771054592.0000, content_loss=1726732226.5625, style loss=13289017968750.0000, tv loss=26055808.0000
L-BFGS | iteration: 333, total loss=13264157147136.0000, content_loss=1726865625.0000, style loss=13262403515625.0000, tv loss=26051770.0000
L-BFGS | iteration: 334, total loss=13240899731456.0000, content_loss=1726966015.6250, style loss=13239146484375.0000, tv loss=26058548.0000
L-BFGS | iteration: 335, total loss=13218094252032.0000, content_loss=1727142382.8125, style loss=13216340625000.0000, tv loss=26062272.0000
L-BFGS | iteration: 336, total loss=13188343005184.0000, content_loss=1727099414.0625, style loss=13186590234375.0000, tv loss=26074876.0000
L-BFGS | iteration: 337, total loss=13153441153024.0000, content_loss=1727711328.1250, style loss=13151687109375.0000, tv loss=26085272.0000
L-BFGS | iteration: 338, total loss=13125291081728.0000, content_loss=1727683007.8125, style loss=13123536328125.0000, tv loss=26093736.0000
L-BFGS | iteration: 339, total loss=13099242356736.0000, content_loss=1727624218.7500, style loss=13097487890625.0000, tv loss=26099300.0000
L-BFGS | iteration: 340, total loss=13072514154496.0000, content_loss=1727943359.3750, style loss=13070759765625.0000, tv loss=26109968.0000
L-BFGS | iteration: 341, total loss=13048198725632.0000, content_loss=1728278125.0000, style loss=13046444531250.0000, tv loss=26107434.0000
L-BFGS | iteration: 342, total loss=13029253054464.0000, content_loss=1727925390.6250, style loss=13027498828125.0000, tv loss=26120060.0000
L-BFGS | iteration: 343, total loss=13014005710848.0000, content_loss=1728024414.0625, style loss=13012251562500.0000, tv loss=26117108.0000
L-BFGS | iteration: 344, total loss=12997609127936.0000, content_loss=1728252929.6875, style loss=12995854687500.0000, tv loss=26119980.0000
L-BFGS | iteration: 345, total loss=12971129438208.0000, content_loss=1728368359.3750, style loss=12969375000000.0000, tv loss=26127178.0000
L-BFGS | iteration: 346, total loss=12942417330176.0000, content_loss=1728815039.0625, style loss=12940661718750.0000, tv loss=26139618.0000
L-BFGS | iteration: 347, total loss=12919059251200.0000, content_loss=1728382812.5000, style loss=12917305078125.0000, tv loss=26147656.0000
L-BFGS | iteration: 348, total loss=12895807078400.0000, content_loss=1728427734.3750, style loss=12894052734375.0000, tv loss=26153584.0000
L-BFGS | iteration: 349, total loss=12867088678912.0000, content_loss=1728275781.2500, style loss=12865334765625.0000, tv loss=26163444.0000
L-BFGS | iteration: 350, total loss=12842980868096.0000, content_loss=1728429687.5000, style loss=12841226953125.0000, tv loss=26163816.0000
L-BFGS | iteration: 351, total loss=12822525247488.0000, content_loss=1728292968.7500, style loss=12820770703125.0000, tv loss=26173600.0000
L-BFGS | iteration: 352, total loss=12804324065280.0000, content_loss=1728637109.3750, style loss=12802569140625.0000, tv loss=26171588.0000
L-BFGS | iteration: 353, total loss=12789145927680.0000, content_loss=1728728320.3125, style loss=12787391015625.0000, tv loss=26178816.0000
L-BFGS | iteration: 354, total loss=12770314551296.0000, content_loss=1728836718.7500, style loss=12768558984375.0000, tv loss=26186264.0000
L-BFGS | iteration: 355, total loss=12749832716288.0000, content_loss=1729070117.1875, style loss=12748076953125.0000, tv loss=26192600.0000
L-BFGS | iteration: 356, total loss=12720138092544.0000, content_loss=1729592187.5000, style loss=12718382812500.0000, tv loss=26202428.0000
L-BFGS | iteration: 357, total loss=12696155062272.0000, content_loss=1729935546.8750, style loss=12694399218750.0000, tv loss=26205370.0000
L-BFGS | iteration: 358, total loss=12678912278528.0000, content_loss=1730116992.1875, style loss=12677156250000.0000, tv loss=26211796.0000
L-BFGS | iteration: 359, total loss=12651615748096.0000, content_loss=1730326562.5000, style loss=12649859765625.0000, tv loss=26214610.0000
L-BFGS | iteration: 360, total loss=12629108064256.0000, content_loss=1730401562.5000, style loss=12627351562500.0000, tv loss=26233834.0000
L-BFGS | iteration: 361, total loss=12610907930624.0000, content_loss=1730703906.2500, style loss=12609150000000.0000, tv loss=26229452.0000
L-BFGS | iteration: 362, total loss=12595587186688.0000, content_loss=1730503125.0000, style loss=12593831250000.0000, tv loss=26232204.0000
L-BFGS | iteration: 363, total loss=12579361521664.0000, content_loss=1730510351.5625, style loss=12577605468750.0000, tv loss=26237676.0000
L-BFGS | iteration: 364, total loss=12552793751552.0000, content_loss=1730830273.4375, style loss=12551036718750.0000, tv loss=26248210.0000
L-BFGS | iteration: 365, total loss=12528743612416.0000, content_loss=1730706054.6875, style loss=12526986328125.0000, tv loss=26255500.0000
L-BFGS | iteration: 366, total loss=12509377462272.0000, content_loss=1730841796.8750, style loss=12507619921875.0000, tv loss=26259380.0000
L-BFGS | iteration: 367, total loss=12489620193280.0000, content_loss=1730975976.5625, style loss=12487863281250.0000, tv loss=26265452.0000
L-BFGS | iteration: 368, total loss=12467880067072.0000, content_loss=1731061914.0625, style loss=12466122656250.0000, tv loss=26270480.0000
L-BFGS | iteration: 369, total loss=12446023548928.0000, content_loss=1731142187.5000, style loss=12444266015625.0000, tv loss=26284902.0000
L-BFGS | iteration: 370, total loss=12431875112960.0000, content_loss=1731382031.2500, style loss=12430117968750.0000, tv loss=26280990.0000
L-BFGS | iteration: 371, total loss=12417832583168.0000, content_loss=1731326562.5000, style loss=12416075390625.0000, tv loss=26288050.0000
L-BFGS | iteration: 372, total loss=12400001548288.0000, content_loss=1731446289.0625, style loss=12398244140625.0000, tv loss=26294448.0000
L-BFGS | iteration: 373, total loss=12379394932736.0000, content_loss=1731662500.0000, style loss=12377637890625.0000, tv loss=26299492.0000
L-BFGS | iteration: 374, total loss=12350999494656.0000, content_loss=1731954101.5625, style loss=12349241015625.0000, tv loss=26309320.0000
L-BFGS | iteration: 375, total loss=12326623248384.0000, content_loss=1732281640.6250, style loss=12324864843750.0000, tv loss=26315258.0000
L-BFGS | iteration: 376, total loss=12308646461440.0000, content_loss=1732283203.1250, style loss=12306888281250.0000, tv loss=26320036.0000
L-BFGS | iteration: 377, total loss=12284382412800.0000, content_loss=1732625585.9375, style loss=12282623437500.0000, tv loss=26327552.0000
L-BFGS | iteration: 378, total loss=12257446592512.0000, content_loss=1732698242.1875, style loss=12255687890625.0000, tv loss=26341898.0000
L-BFGS | iteration: 379, total loss=12239248556032.0000, content_loss=1733133398.4375, style loss=12237488671875.0000, tv loss=26340092.0000
L-BFGS | iteration: 380, total loss=12228800544768.0000, content_loss=1733356054.6875, style loss=12227041406250.0000, tv loss=26356252.0000
L-BFGS | iteration: 381, total loss=12216411619328.0000, content_loss=1733395312.5000, style loss=12214652343750.0000, tv loss=26349486.0000
L-BFGS | iteration: 382, total loss=12206399815680.0000, content_loss=1733235937.5000, style loss=12204639843750.0000, tv loss=26348952.0000
L-BFGS | iteration: 383, total loss=12190327242752.0000, content_loss=1733184765.6250, style loss=12188567578125.0000, tv loss=26352606.0000
L-BFGS | iteration: 384, total loss=12166545539072.0000, content_loss=1733094140.6250, style loss=12164785546875.0000, tv loss=26361758.0000
L-BFGS | iteration: 385, total loss=12143822897152.0000, content_loss=1733392968.7500, style loss=12142062890625.0000, tv loss=26377008.0000
L-BFGS | iteration: 386, total loss=12124025782272.0000, content_loss=1733257421.8750, style loss=12122266406250.0000, tv loss=26381254.0000
L-BFGS | iteration: 387, total loss=12109721108480.0000, content_loss=1733333398.4375, style loss=12107961328125.0000, tv loss=26381184.0000
L-BFGS | iteration: 388, total loss=12091794653184.0000, content_loss=1733649804.6875, style loss=12090035156250.0000, tv loss=26389556.0000
L-BFGS | iteration: 389, total loss=12068495294464.0000, content_loss=1733850195.3125, style loss=12066734765625.0000, tv loss=26392760.0000
L-BFGS | iteration: 390, total loss=12048743268352.0000, content_loss=1734001757.8125, style loss=12046982812500.0000, tv loss=26403286.0000
L-BFGS | iteration: 391, total loss=12034084175872.0000, content_loss=1734237109.3750, style loss=12032323828125.0000, tv loss=26405914.0000
L-BFGS | iteration: 392, total loss=12015793864704.0000, content_loss=1734091796.8750, style loss=12014033203125.0000, tv loss=26416972.0000
L-BFGS | iteration: 393, total loss=12002035499008.0000, content_loss=1734347070.3125, style loss=12000275390625.0000, tv loss=26413034.0000
L-BFGS | iteration: 394, total loss=11989669642240.0000, content_loss=1734336718.7500, style loss=11987908593750.0000, tv loss=26417672.0000
L-BFGS | iteration: 395, total loss=11973268865024.0000, content_loss=1734134179.6875, style loss=11971508203125.0000, tv loss=26426766.0000
L-BFGS | iteration: 396, total loss=11962961362944.0000, content_loss=1734151171.8750, style loss=11961200390625.0000, tv loss=26427608.0000
L-BFGS | iteration: 397, total loss=11940647665664.0000, content_loss=1734170898.4375, style loss=11938886718750.0000, tv loss=26432920.0000
L-BFGS | iteration: 398, total loss=11922964480000.0000, content_loss=1734151367.1875, style loss=11921204296875.0000, tv loss=26438288.0000
L-BFGS | iteration: 399, total loss=11903100256256.0000, content_loss=1734344140.6250, style loss=11901339843750.0000, tv loss=26447396.0000
L-BFGS | iteration: 400, total loss=11885069991936.0000, content_loss=1734657617.1875, style loss=11883309375000.0000, tv loss=26447888.0000
L-BFGS | iteration: 401, total loss=11869327720448.0000, content_loss=1734442382.8125, style loss=11867567578125.0000, tv loss=26458266.0000
L-BFGS | iteration: 402, total loss=11852717228032.0000, content_loss=1734683984.3750, style loss=11850956250000.0000, tv loss=26458752.0000
L-BFGS | iteration: 403, total loss=11841221689344.0000, content_loss=1734595898.4375, style loss=11839461328125.0000, tv loss=26465402.0000
L-BFGS | iteration: 404, total loss=11829050867712.0000, content_loss=1734606445.3125, style loss=11827290234375.0000, tv loss=26466332.0000
L-BFGS | iteration: 405, total loss=11809888141312.0000, content_loss=1734565429.6875, style loss=11808127734375.0000, tv loss=26470826.0000
L-BFGS | iteration: 406, total loss=11794077712384.0000, content_loss=1734976562.5000, style loss=11792315625000.0000, tv loss=26481612.0000
L-BFGS | iteration: 407, total loss=11777321467904.0000, content_loss=1735017968.7500, style loss=11775560156250.0000, tv loss=26482762.0000
L-BFGS | iteration: 408, total loss=11763694174208.0000, content_loss=1735201757.8125, style loss=11761932421875.0000, tv loss=26484388.0000
L-BFGS | iteration: 409, total loss=11749426200576.0000, content_loss=1735161914.0625, style loss=11747664843750.0000, tv loss=26491410.0000
L-BFGS | iteration: 410, total loss=11729226432512.0000, content_loss=1735583007.8125, style loss=11727465234375.0000, tv loss=26496830.0000
L-BFGS | iteration: 411, total loss=11712359038976.0000, content_loss=1735543164.0625, style loss=11710597265625.0000, tv loss=26506046.0000
L-BFGS | iteration: 412, total loss=11696843259904.0000, content_loss=1735576757.8125, style loss=11695081640625.0000, tv loss=26508914.0000
L-BFGS | iteration: 413, total loss=11682473574400.0000, content_loss=1735617187.5000, style loss=11680712109375.0000, tv loss=26516608.0000
L-BFGS | iteration: 414, total loss=11669301362688.0000, content_loss=1735757421.8750, style loss=11667540234375.0000, tv loss=26514028.0000
L-BFGS | iteration: 415, total loss=11655297630208.0000, content_loss=1735709375.0000, style loss=11653536328125.0000, tv loss=26523082.0000
L-BFGS | iteration: 416, total loss=11643112128512.0000, content_loss=1735716406.2500, style loss=11641350000000.0000, tv loss=26527102.0000
L-BFGS | iteration: 417, total loss=11629132513280.0000, content_loss=1735868164.0625, style loss=11627370703125.0000, tv loss=26529248.0000
L-BFGS | iteration: 418, total loss=11608900239360.0000, content_loss=1735931054.6875, style loss=11607137109375.0000, tv loss=26536828.0000
L-BFGS | iteration: 419, total loss=11593573203968.0000, content_loss=1736158984.3750, style loss=11591810156250.0000, tv loss=26541316.0000
L-BFGS | iteration: 420, total loss=11582417403904.0000, content_loss=1736298437.5000, style loss=11580655078125.0000, tv loss=26541192.0000
L-BFGS | iteration: 421, total loss=11567462612992.0000, content_loss=1736232421.8750, style loss=11565699609375.0000, tv loss=26549216.0000
L-BFGS | iteration: 422, total loss=11548391112704.0000, content_loss=1736647070.3125, style loss=11546628515625.0000, tv loss=26548836.0000
L-BFGS | iteration: 423, total loss=11530926030848.0000, content_loss=1736616015.6250, style loss=11529162890625.0000, tv loss=26559886.0000
L-BFGS | iteration: 424, total loss=11517195976704.0000, content_loss=1736345312.5000, style loss=11515433203125.0000, tv loss=26563072.0000
L-BFGS | iteration: 425, total loss=11502981480448.0000, content_loss=1736606250.0000, style loss=11501218359375.0000, tv loss=26563558.0000
L-BFGS | iteration: 426, total loss=11489122451456.0000, content_loss=1736434960.9375, style loss=11487359765625.0000, tv loss=26573404.0000
L-BFGS | iteration: 427, total loss=11475252936704.0000, content_loss=1736535351.5625, style loss=11473490625000.0000, tv loss=26574042.0000
L-BFGS | iteration: 428, total loss=11460281368576.0000, content_loss=1736780664.0625, style loss=11458518750000.0000, tv loss=26580154.0000
L-BFGS | iteration: 429, total loss=11443262980096.0000, content_loss=1736939062.5000, style loss=11441500781250.0000, tv loss=26584712.0000
L-BFGS | iteration: 430, total loss=11427596206080.0000, content_loss=1737162890.6250, style loss=11425832812500.0000, tv loss=26591728.0000
L-BFGS | iteration: 431, total loss=11414235250688.0000, content_loss=1737395312.5000, style loss=11412471093750.0000, tv loss=26595200.0000
L-BFGS | iteration: 432, total loss=11398811746304.0000, content_loss=1737335156.2500, style loss=11397048046875.0000, tv loss=26601088.0000
L-BFGS | iteration: 433, total loss=11381950644224.0000, content_loss=1737380273.4375, style loss=11380187109375.0000, tv loss=26608114.0000
L-BFGS | iteration: 434, total loss=11369897263104.0000, content_loss=1737526562.5000, style loss=11368133203125.0000, tv loss=26607136.0000
L-BFGS | iteration: 435, total loss=11359626461184.0000, content_loss=1737322460.9375, style loss=11357862890625.0000, tv loss=26618776.0000
L-BFGS | iteration: 436, total loss=11350113779712.0000, content_loss=1737398046.8750, style loss=11348349609375.0000, tv loss=26618116.0000
L-BFGS | iteration: 437, total loss=11333321883648.0000, content_loss=1737521289.0625, style loss=11331557812500.0000, tv loss=26621356.0000
L-BFGS | iteration: 438, total loss=11317978071040.0000, content_loss=1737795898.4375, style loss=11316214453125.0000, tv loss=26628038.0000
L-BFGS | iteration: 439, total loss=11303403913216.0000, content_loss=1737802929.6875, style loss=11301639843750.0000, tv loss=26635046.0000
L-BFGS | iteration: 440, total loss=11290763329536.0000, content_loss=1737864648.4375, style loss=11289000000000.0000, tv loss=26638536.0000
L-BFGS | iteration: 441, total loss=11275782324224.0000, content_loss=1738112500.0000, style loss=11274017578125.0000, tv loss=26646552.0000
L-BFGS | iteration: 442, total loss=11258648592384.0000, content_loss=1738058789.0625, style loss=11256883593750.0000, tv loss=26649696.0000
L-BFGS | iteration: 443, total loss=11244180340736.0000, content_loss=1738255273.4375, style loss=11242415625000.0000, tv loss=26655928.0000
L-BFGS | iteration: 444, total loss=11231414976512.0000, content_loss=1738644335.9375, style loss=11229650390625.0000, tv loss=26655452.0000
L-BFGS | iteration: 445, total loss=11221380104192.0000, content_loss=1738491796.8750, style loss=11219615625000.0000, tv loss=26662928.0000
L-BFGS | iteration: 446, total loss=11209890856960.0000, content_loss=1738759960.9375, style loss=11208126562500.0000, tv loss=26665056.0000
L-BFGS | iteration: 447, total loss=11192204525568.0000, content_loss=1738939062.5000, style loss=11190439453125.0000, tv loss=26673280.0000
L-BFGS | iteration: 448, total loss=11175974666240.0000, content_loss=1739268554.6875, style loss=11174208984375.0000, tv loss=26679082.0000
L-BFGS | iteration: 449, total loss=11163733590016.0000, content_loss=1739518164.0625, style loss=11161967578125.0000, tv loss=26682764.0000
L-BFGS | iteration: 450, total loss=11150641070080.0000, content_loss=1739379101.5625, style loss=11148875390625.0000, tv loss=26688284.0000
L-BFGS | iteration: 451, total loss=11136242024448.0000, content_loss=1739733007.8125, style loss=11134476562500.0000, tv loss=26694138.0000
L-BFGS | iteration: 452, total loss=11122632556544.0000, content_loss=1739538281.2500, style loss=11120866406250.0000, tv loss=26695846.0000
L-BFGS | iteration: 453, total loss=11112183496704.0000, content_loss=1739165039.0625, style loss=11110417968750.0000, tv loss=26705814.0000
L-BFGS | iteration: 454, total loss=11105022771200.0000, content_loss=1739290039.0625, style loss=11103256640625.0000, tv loss=26698310.0000
L-BFGS | iteration: 455, total loss=11097288474624.0000, content_loss=1739324609.3750, style loss=11095522265625.0000, tv loss=26701538.0000
L-BFGS | iteration: 456, total loss=11082231971840.0000, content_loss=1739396289.0625, style loss=11080466015625.0000, tv loss=26711164.0000
L-BFGS | iteration: 457, total loss=11072856653824.0000, content_loss=1739421875.0000, style loss=11071091015625.0000, tv loss=26714140.0000
L-BFGS | iteration: 458, total loss=11054302101504.0000, content_loss=1739593164.0625, style loss=11052536718750.0000, tv loss=26721024.0000
L-BFGS | iteration: 459, total loss=11040517521408.0000, content_loss=1739425390.6250, style loss=11038751953125.0000, tv loss=26729758.0000
L-BFGS | iteration: 460, total loss=11029347041280.0000, content_loss=1739588281.2500, style loss=11027581640625.0000, tv loss=26731076.0000
