C:\Users\user\AppData\Roaming\Python\Python313\site-packages\torchvision\models\_utils.py:208: UserWarning: The parameter 'pretrained' is deprecated since 0.13 and may be removed in the future, please use 'weights' instead.
  warnings.warn(
C:\Users\user\AppData\Roaming\Python\Python313\site-packages\torchvision\models\_utils.py:223: UserWarning: Arguments other than a weight enum or `None` for 'weights' are deprecated since 0.13 and may be removed in the future. The current behavior is equivalent to passing `weights=VGG19_Weights.IMAGENET1K_V1`. You can also use `weights=VGG19_Weights.DEFAULT` to get the most up-to-date weights.
  warnings.warn(msg)
Using VGG19 in the optimization procedure.
L-BFGS | iteration: 000, total loss=449744201865756672.0000, content_loss=      0.0000, style loss=449744217600000000.0000, tv loss=4232183.0000
L-BFGS | iteration: 001, total loss=449744133146279936.0000, content_loss=     40.2481, style loss=449744140800000000.0000, tv loss=4232184.0000
L-BFGS | iteration: 002, total loss=449744030067064832.0000, content_loss=     54.5520, style loss=449744025600000000.0000, tv loss=4232189.0000
L-BFGS | iteration: 003, total loss=449742209000931328.0000, content_loss=     66.7743, style loss=449742220800000000.0000, tv loss=4232214.0000
L-BFGS | iteration: 004, total loss=449734065742938112.0000, content_loss=    126.7318, style loss=449734080000000000.0000, tv loss=4232355.0000
L-BFGS | iteration: 005, total loss=449689295003844608.0000, content_loss=   1136.4508, style loss=449689305600000000.0000, tv loss=4233129.5000
L-BFGS | iteration: 006, total loss=449443073118699520.0000, content_loss=  30561.7034, style loss=449443084800000000.0000, tv loss=4237393.0000
L-BFGS | iteration: 007, total loss=448111839415369728.0000, content_loss= 872861.0039, style loss=448111833600000000.0000, tv loss=4260876.5000
L-BFGS | iteration: 008, total loss=441630665046228992.0000, content_loss=18425857.5439, style loss=441630681600000000.0000, tv loss=4399940.0000
L-BFGS | iteration: 009, total loss=398804309187231744.0000, content_loss=302203027.3438, style loss=398804313600000000.0000, tv loss=6493942.0000
L-BFGS | iteration: 010, total loss=195702349505757184.0000, content_loss=2775998828.1250, style loss=195702355200000000.0000, tv loss=18194708.0000
L-BFGS | iteration: 011, total loss=3050701114136592384.0000, content_loss=10653711718.7500, style loss=3050701209600000000.0000, tv loss=45919856.0000
L-BFGS | iteration: 012, total loss=170670541370294272.0000, content_loss=3430049218.7500, style loss=170670547200000000.0000, tv loss=22909760.0000
L-BFGS | iteration: 013, total loss=127599904951369728.0000, content_loss=2984328515.6250, style loss=127599907200000000.0000, tv loss=23775924.0000
L-BFGS | iteration: 014, total loss=98212158164172800.0000, content_loss=2986068554.6875, style loss=98212156800000000.0000, tv loss=24909716.0000
L-BFGS | iteration: 015, total loss=79124258348859392.0000, content_loss=3233308203.1250, style loss=79124260800000000.0000, tv loss=26813224.0000
L-BFGS | iteration: 016, total loss=65833593720537088.0000, content_loss=3253299023.4375, style loss=65833588800000000.0000, tv loss=27786866.0000
L-BFGS | iteration: 017, total loss=55521561926434816.0000, content_loss=3258499414.0625, style loss=55521556800000000.0000, tv loss=28330692.0000
L-BFGS | iteration: 018, total loss=47435104875708416.0000, content_loss=3360782812.5000, style loss=47435102400000000.0000, tv loss=29154984.0000
L-BFGS | iteration: 019, total loss=41281228489359360.0000, content_loss=3443173437.5000, style loss=41281224000000000.0000, tv loss=29688796.0000
L-BFGS | iteration: 020, total loss=36012626467094528.0000, content_loss=3489638281.2500, style loss=36012621600000000.0000, tv loss=30047776.0000
L-BFGS | iteration: 021, total loss=31295197597925376.0000, content_loss=3496530468.7500, style loss=31295193600000000.0000, tv loss=30261336.0000
L-BFGS | iteration: 022, total loss=27706247763460096.0000, content_loss=3480262890.6250, style loss=27706243200000000.0000, tv loss=30381764.0000
L-BFGS | iteration: 023, total loss=24635717661491200.0000, content_loss=3488769531.2500, style loss=24635714400000000.0000, tv loss=30664644.0000
L-BFGS | iteration: 024, total loss=21846093453066240.0000, content_loss=3485217187.5000, style loss=21846088800000000.0000, tv loss=30912640.0000
L-BFGS | iteration: 025, total loss=19457305657475072.0000, content_loss=3482308984.3750, style loss=19457301600000000.0000, tv loss=31193056.0000
L-BFGS | iteration: 026, total loss=17548398852833280.0000, content_loss=3477830468.7500, style loss=17548395600000000.0000, tv loss=31477498.0000
L-BFGS | iteration: 027, total loss=15809731666903040.0000, content_loss=3451277343.7500, style loss=15809728800000000.0000, tv loss=31669864.0000
L-BFGS | iteration: 028, total loss=14257965351567360.0000, content_loss=3407636718.7500, style loss=14257962000000000.0000, tv loss=31847236.0000
L-BFGS | iteration: 029, total loss=12739384101044224.0000, content_loss=3383232031.2500, style loss=12739381200000000.0000, tv loss=32173534.0000
L-BFGS | iteration: 030, total loss=11314186176954368.0000, content_loss=3344175781.2500, style loss=11314183200000000.0000, tv loss=32424312.0000
L-BFGS | iteration: 031, total loss=10042560177242112.0000, content_loss=3404407421.8750, style loss=10042557000000000.0000, tv loss=32823300.0000
L-BFGS | iteration: 032, total loss=9114933140652032.0000, content_loss=3341804687.5000, style loss=9114929400000000.0000, tv loss=32674590.0000
L-BFGS | iteration: 033, total loss=8148538118635520.0000, content_loss=3525838671.8750, style loss=8148534600000000.0000, tv loss=33382964.0000
L-BFGS | iteration: 034, total loss=7347395184558080.0000, content_loss=3508198437.5000, style loss=7347391200000000.0000, tv loss=33474804.0000
L-BFGS | iteration: 035, total loss=7963080893923328.0000, content_loss=3530257031.2500, style loss=7963077000000000.0000, tv loss=33836312.0000
L-BFGS | iteration: 036, total loss=7058924779864064.0000, content_loss=3516030468.7500, style loss=7058920800000000.0000, tv loss=33605392.0000
L-BFGS | iteration: 037, total loss=6500836729421824.0000, content_loss=3522599609.3750, style loss=6500833200000000.0000, tv loss=33717376.0000
L-BFGS | iteration: 038, total loss=5805382203080704.0000, content_loss=3558543750.0000, style loss=5805378600000000.0000, tv loss=33912780.0000
L-BFGS | iteration: 039, total loss=5412704080625664.0000, content_loss=3627581640.6250, style loss=5412700200000000.0000, tv loss=34210960.0000
L-BFGS | iteration: 040, total loss=5457231617196032.0000, content_loss=3687946484.3750, style loss=5457228000000000.0000, tv loss=34598024.0000
L-BFGS | iteration: 041, total loss=5226594020884480.0000, content_loss=3660507812.5000, style loss=5226590400000000.0000, tv loss=34404064.0000
L-BFGS | iteration: 042, total loss=4883982869069824.0000, content_loss=3659554687.5000, style loss=4883979300000000.0000, tv loss=34461128.0000
L-BFGS | iteration: 043, total loss=4443560279539712.0000, content_loss=3657258593.7500, style loss=4443556500000000.0000, tv loss=34521708.0000
L-BFGS | iteration: 044, total loss=4215141570707456.0000, content_loss=3698548046.8750, style loss=4215137700000000.0000, tv loss=34740088.0000
L-BFGS | iteration: 045, total loss=4641405263675392.0000, content_loss=3763672265.6250, style loss=4641401400000000.0000, tv loss=35340616.0000
L-BFGS | iteration: 046, total loss=4073411944906752.0000, content_loss=3725017187.5000, style loss=4073408100000000.0000, tv loss=34966312.0000
L-BFGS | iteration: 047, total loss=3912814527774720.0000, content_loss=3709605859.3750, style loss=3912810900000000.0000, tv loss=34960340.0000
L-BFGS | iteration: 048, total loss=3653310187831296.0000, content_loss=3689860937.5000, style loss=3653306400000000.0000, tv loss=34976840.0000
L-BFGS | iteration: 049, total loss=3366515894124544.0000, content_loss=3730919140.6250, style loss=3366512100000000.0000, tv loss=35142184.0000
L-BFGS | iteration: 050, total loss=4195691811307520.0000, content_loss=3814113281.2500, style loss=4195688100000000.0000, tv loss=35787744.0000
L-BFGS | iteration: 051, total loss=3292547967352832.0000, content_loss=3755612500.0000, style loss=3292544100000000.0000, tv loss=35310104.0000
L-BFGS | iteration: 052, total loss=3189263935995904.0000, content_loss=3784274218.7500, style loss=3189260100000000.0000, tv loss=35432808.0000
L-BFGS | iteration: 053, total loss=3003349297266688.0000, content_loss=3829098828.1250, style loss=3003345600000000.0000, tv loss=35687308.0000
L-BFGS | iteration: 054, total loss=2800522956374016.0000, content_loss=3849360937.5000, style loss=2800519200000000.0000, tv loss=35766452.0000
L-BFGS | iteration: 055, total loss=3014595669131264.0000, content_loss=3820960937.5000, style loss=3014592000000000.0000, tv loss=35809580.0000
L-BFGS | iteration: 056, total loss=2748192537968640.0000, content_loss=3840276953.1250, style loss=2748188700000000.0000, tv loss=35777660.0000
L-BFGS | iteration: 057, total loss=2697223087325184.0000, content_loss=3818543750.0000, style loss=2697219300000000.0000, tv loss=35685792.0000
L-BFGS | iteration: 058, total loss=2581411173236736.0000, content_loss=3804718750.0000, style loss=2581407300000000.0000, tv loss=35680240.0000
L-BFGS | iteration: 059, total loss=2413238507536384.0000, content_loss=3804832812.5000, style loss=2413234800000000.0000, tv loss=35806480.0000
L-BFGS | iteration: 060, total loss=2248810113794048.0000, content_loss=3822789453.1250, style loss=2248806300000000.0000, tv loss=36031592.0000
L-BFGS | iteration: 061, total loss=4481681335517184.0000, content_loss=3844111718.7500, style loss=4481677500000000.0000, tv loss=36798976.0000
L-BFGS | iteration: 062, total loss=2209195751374848.0000, content_loss=3827247265.6250, style loss=2209191900000000.0000, tv loss=36135800.0000
L-BFGS | iteration: 063, total loss=2172150584705024.0000, content_loss=3839030468.7500, style loss=2172146700000000.0000, tv loss=36211236.0000
L-BFGS | iteration: 064, total loss=2081555497353216.0000, content_loss=3859241796.8750, style loss=2081551650000000.0000, tv loss=36503020.0000
L-BFGS | iteration: 065, total loss=2000745150808064.0000, content_loss=3862533203.1250, style loss=2000741250000000.0000, tv loss=36510696.0000
L-BFGS | iteration: 066, total loss=1944805349261312.0000, content_loss=3835319531.2500, style loss=1944801450000000.0000, tv loss=36516800.0000
L-BFGS | iteration: 067, total loss=1903605070168064.0000, content_loss=3816396093.7500, style loss=1903601250000000.0000, tv loss=36501004.0000
L-BFGS | iteration: 068, total loss=1831050456072192.0000, content_loss=3816314062.5000, style loss=1831046700000000.0000, tv loss=36544232.0000
L-BFGS | iteration: 069, total loss=1739586174713856.0000, content_loss=3852625000.0000, style loss=1739582250000000.0000, tv loss=36731824.0000
L-BFGS | iteration: 070, total loss=1633019848818688.0000, content_loss=3903418750.0000, style loss=1633015950000000.0000, tv loss=36791824.0000
L-BFGS | iteration: 071, total loss=5754476640075776.0000, content_loss=3904800781.2500, style loss=5754472800000000.0000, tv loss=37671304.0000
L-BFGS | iteration: 072, total loss=1605806801813504.0000, content_loss=3908000000.0000, style loss=1605802950000000.0000, tv loss=36868344.0000
L-BFGS | iteration: 073, total loss=1576109518880768.0000, content_loss=3908955078.1250, style loss=1576105650000000.0000, tv loss=36977240.0000
L-BFGS | iteration: 074, total loss=1527765635432448.0000, content_loss=3904010156.2500, style loss=1527761700000000.0000, tv loss=37203616.0000
L-BFGS | iteration: 075, total loss=1472933667012608.0000, content_loss=3901586328.1250, style loss=1472929800000000.0000, tv loss=37268280.0000
L-BFGS | iteration: 076, total loss=1451838129831936.0000, content_loss=3897203906.2500, style loss=1451834250000000.0000, tv loss=37323136.0000
L-BFGS | iteration: 077, total loss=1437394557468672.0000, content_loss=3900062500.0000, style loss=1437390600000000.0000, tv loss=37302104.0000
L-BFGS | iteration: 078, total loss=1405436779560960.0000, content_loss=3907069921.8750, style loss=1405432950000000.0000, tv loss=37238484.0000
L-BFGS | iteration: 079, total loss=1364561307369472.0000, content_loss=3913892578.1250, style loss=1364557350000000.0000, tv loss=37307888.0000
L-BFGS | iteration: 080, total loss=1296248376131584.0000, content_loss=3928578515.6250, style loss=1296244500000000.0000, tv loss=37497920.0000
L-BFGS | iteration: 081, total loss=1244011239047168.0000, content_loss=3908995312.5000, style loss=1244007375000000.0000, tv loss=37564192.0000
L-BFGS | iteration: 082, total loss=3599113069264896.0000, content_loss=3811098828.1250, style loss=3599109300000000.0000, tv loss=38199744.0000
L-BFGS | iteration: 083, total loss=1222901877440512.0000, content_loss=3899611328.1250, style loss=1222897950000000.0000, tv loss=37639732.0000
L-BFGS | iteration: 084, total loss=1202453806579712.0000, content_loss=3918159765.6250, style loss=1202449950000000.0000, tv loss=37697884.0000
L-BFGS | iteration: 085, total loss=1178830278492160.0000, content_loss=3950955468.7500, style loss=1178826375000000.0000, tv loss=37746960.0000
L-BFGS | iteration: 086, total loss=1162883064922112.0000, content_loss=3957292187.5000, style loss=1162879200000000.0000, tv loss=37829352.0000
L-BFGS | iteration: 087, total loss=1128574195073024.0000, content_loss=3963206640.6250, style loss=1128570150000000.0000, tv loss=37847296.0000
L-BFGS | iteration: 088, total loss=1102830026883072.0000, content_loss=3969481640.6250, style loss=1102826025000000.0000, tv loss=37881696.0000
L-BFGS | iteration: 089, total loss=1090241746173952.0000, content_loss=3976344921.8750, style loss=1090237725000000.0000, tv loss=37978420.0000
L-BFGS | iteration: 090, total loss=1052411405795328.0000, content_loss=3985962109.3750, style loss=1052407350000000.0000, tv loss=37994528.0000
L-BFGS | iteration: 091, total loss=1041371997667328.0000, content_loss=3985540234.3750, style loss=1041367950000000.0000, tv loss=38044908.0000
L-BFGS | iteration: 092, total loss=1016250062864384.0000, content_loss=3976683203.1250, style loss=1016246025000000.0000, tv loss=38135764.0000
L-BFGS | iteration: 093, total loss=981778521128960.0000, content_loss=3966757421.8750, style loss=981774525000000.0000, tv loss=38214352.0000
L-BFGS | iteration: 094, total loss=963768448188416.0000, content_loss=3960476171.8750, style loss=963764400000000.0000, tv loss=38302504.0000
L-BFGS | iteration: 095, total loss=938188092735488.0000, content_loss=3970048437.5000, style loss=938184075000000.0000, tv loss=38340432.0000
L-BFGS | iteration: 096, total loss=924540632825856.0000, content_loss=3978985156.2500, style loss=924536625000000.0000, tv loss=38376864.0000
L-BFGS | iteration: 097, total loss=905139728678912.0000, content_loss=3998508203.1250, style loss=905135625000000.0000, tv loss=38390840.0000
L-BFGS | iteration: 098, total loss=894149310021632.0000, content_loss=3988233984.3750, style loss=894145275000000.0000, tv loss=38450736.0000
L-BFGS | iteration: 099, total loss=874205629382656.0000, content_loss=3984440234.3750, style loss=874201575000000.0000, tv loss=38441100.0000
L-BFGS | iteration: 100, total loss=863730204147712.0000, content_loss=3991446484.3750, style loss=863726175000000.0000, tv loss=38479252.0000
L-BFGS | iteration: 101, total loss=837415342178304.0000, content_loss=4008650390.6250, style loss=837411225000000.0000, tv loss=38651528.0000
L-BFGS | iteration: 102, total loss=831944963129344.0000, content_loss=4034310937.5000, style loss=831940875000000.0000, tv loss=38646288.0000
L-BFGS | iteration: 103, total loss=807714166931456.0000, content_loss=4017674218.7500, style loss=807710100000000.0000, tv loss=38685576.0000
L-BFGS | iteration: 104, total loss=800501373337600.0000, content_loss=4001351953.1250, style loss=800497275000000.0000, tv loss=38689824.0000
L-BFGS | iteration: 105, total loss=792490856677376.0000, content_loss=3988842578.1250, style loss=792486825000000.0000, tv loss=38694068.0000
L-BFGS | iteration: 106, total loss=778246329204736.0000, content_loss=3979004296.8750, style loss=778242300000000.0000, tv loss=38774628.0000
L-BFGS | iteration: 107, total loss=763682766192640.0000, content_loss=3980819140.6250, style loss=763678725000000.0000, tv loss=38806400.0000
L-BFGS | iteration: 108, total loss=751539148816384.0000, content_loss=3990394140.6250, style loss=751535100000000.0000, tv loss=38872152.0000
L-BFGS | iteration: 109, total loss=735904394117120.0000, content_loss=4017646093.7500, style loss=735900300000000.0000, tv loss=38955848.0000
L-BFGS | iteration: 110, total loss=720014894170112.0000, content_loss=4022484765.6250, style loss=720010800000000.0000, tv loss=38988256.0000
L-BFGS | iteration: 111, total loss=756923427192832.0000, content_loss=4004110937.5000, style loss=756919350000000.0000, tv loss=39143356.0000
L-BFGS | iteration: 112, total loss=712462261288960.0000, content_loss=4018174218.7500, style loss=712458150000000.0000, tv loss=39041324.0000
L-BFGS | iteration: 113, total loss=695659342594048.0000, content_loss=4018478125.0000, style loss=695655225000000.0000, tv loss=39050384.0000
L-BFGS | iteration: 114, total loss=682434131656704.0000, content_loss=4025403515.6250, style loss=682430025000000.0000, tv loss=39113556.0000
L-BFGS | iteration: 115, total loss=685216599375872.0000, content_loss=4023388281.2500, style loss=685212525000000.0000, tv loss=39251428.0000
L-BFGS | iteration: 116, total loss=675883903877120.0000, content_loss=4025647265.6250, style loss=675879825000000.0000, tv loss=39182700.0000
L-BFGS | iteration: 117, total loss=665807239512064.0000, content_loss=4033890625.0000, style loss=665803125000000.0000, tv loss=39203360.0000
L-BFGS | iteration: 118, total loss=649163503042560.0000, content_loss=4036555468.7500, style loss=649159425000000.0000, tv loss=39303156.0000
L-BFGS | iteration: 119, total loss=637434685554688.0000, content_loss=4023297656.2500, style loss=637430625000000.0000, tv loss=39297144.0000
L-BFGS | iteration: 120, total loss=636259944890368.0000, content_loss=4029712890.6250, style loss=636255825000000.0000, tv loss=39219580.0000
L-BFGS | iteration: 121, total loss=622879376932864.0000, content_loss=4029178125.0000, style loss=622875300000000.0000, tv loss=39374828.0000
L-BFGS | iteration: 122, total loss=619207985201152.0000, content_loss=4032601171.8750, style loss=619203900000000.0000, tv loss=39405836.0000
L-BFGS | iteration: 123, total loss=613213150380032.0000, content_loss=4033689453.1250, style loss=613209075000000.0000, tv loss=39425964.0000
L-BFGS | iteration: 124, total loss=600477163061248.0000, content_loss=4043753515.6250, style loss=600473062500000.0000, tv loss=39484748.0000
L-BFGS | iteration: 125, total loss=591643690401792.0000, content_loss=4044453125.0000, style loss=591639600000000.0000, tv loss=39469016.0000
L-BFGS | iteration: 126, total loss=584893075554304.0000, content_loss=4035896875.0000, style loss=584889000000000.0000, tv loss=39539824.0000
L-BFGS | iteration: 127, total loss=576844038406144.0000, content_loss=4036085546.8750, style loss=576839962500000.0000, tv loss=39578332.0000
L-BFGS | iteration: 128, total loss=568921904119808.0000, content_loss=4036126562.5000, style loss=568917787500000.0000, tv loss=39606808.0000
L-BFGS | iteration: 129, total loss=553030156025856.0000, content_loss=4025177734.3750, style loss=553026112500000.0000, tv loss=39682356.0000
L-BFGS | iteration: 130, total loss=544956758360064.0000, content_loss=4066563671.8750, style loss=544952662500000.0000, tv loss=39747728.0000
L-BFGS | iteration: 131, total loss=537374597578752.0000, content_loss=4054783203.1250, style loss=537370500000000.0000, tv loss=39743500.0000
L-BFGS | iteration: 132, total loss=532505178406912.0000, content_loss=4048778515.6250, style loss=532501087500000.0000, tv loss=39771128.0000
L-BFGS | iteration: 133, total loss=542545469767680.0000, content_loss=4052367187.5000, style loss=542541375000000.0000, tv loss=39723704.0000
L-BFGS | iteration: 134, total loss=529655769595904.0000, content_loss=4049893359.3750, style loss=529651687500000.0000, tv loss=39757848.0000
L-BFGS | iteration: 135, total loss=525117599776768.0000, content_loss=4053667578.1250, style loss=525113512500000.0000, tv loss=39795256.0000
L-BFGS | iteration: 136, total loss=520611742875648.0000, content_loss=4062221093.7500, style loss=520607662500000.0000, tv loss=39832108.0000
L-BFGS | iteration: 137, total loss=514920743436288.0000, content_loss=4068801953.1250, style loss=514916662500000.0000, tv loss=39855632.0000
L-BFGS | iteration: 138, total loss=508696396300288.0000, content_loss=4061830859.3750, style loss=508692300000000.0000, tv loss=39896884.0000
L-BFGS | iteration: 139, total loss=499626767548416.0000, content_loss=4048129687.5000, style loss=499622662500000.0000, tv loss=39951188.0000
L-BFGS | iteration: 140, total loss=491868445999104.0000, content_loss=4057070703.1250, style loss=491864362500000.0000, tv loss=39959008.0000
L-BFGS | iteration: 141, total loss=495918365278208.0000, content_loss=4054808984.3750, style loss=495914287500000.0000, tv loss=40050088.0000
L-BFGS | iteration: 142, total loss=487222465789952.0000, content_loss=4057419531.2500, style loss=487218375000000.0000, tv loss=40001320.0000
L-BFGS | iteration: 143, total loss=483698277351424.0000, content_loss=4066929687.5000, style loss=483694200000000.0000, tv loss=40004440.0000
L-BFGS | iteration: 144, total loss=475352182816768.0000, content_loss=4069517187.5000, style loss=475348087500000.0000, tv loss=40041160.0000
L-BFGS | iteration: 145, total loss=464657076715520.0000, content_loss=4087400781.2500, style loss=464652937500000.0000, tv loss=40085664.0000
L-BFGS | iteration: 146, total loss=466123405393920.0000, content_loss=4062399609.3750, style loss=466119300000000.0000, tv loss=40207936.0000
L-BFGS | iteration: 147, total loss=459963281440768.0000, content_loss=4075426562.5000, style loss=459959175000000.0000, tv loss=40147880.0000
L-BFGS | iteration: 148, total loss=453087743442944.0000, content_loss=4056389453.1250, style loss=453083662500000.0000, tv loss=40199368.0000
L-BFGS | iteration: 149, total loss=449605967806464.0000, content_loss=4065257421.8750, style loss=449601862500000.0000, tv loss=40208860.0000
L-BFGS | iteration: 150, total loss=445825423507456.0000, content_loss=4088238671.8750, style loss=445821300000000.0000, tv loss=40200224.0000
L-BFGS | iteration: 151, total loss=441899756290048.0000, content_loss=4089859375.0000, style loss=441895612500000.0000, tv loss=40260532.0000
L-BFGS | iteration: 152, total loss=437340782723072.0000, content_loss=4087587890.6250, style loss=437336662500000.0000, tv loss=40289800.0000
L-BFGS | iteration: 153, total loss=432695305830400.0000, content_loss=4086771875.0000, style loss=432691162500000.0000, tv loss=40305552.0000
L-BFGS | iteration: 154, total loss=430934033694720.0000, content_loss=4084232031.2500, style loss=430929900000000.0000, tv loss=40355520.0000
L-BFGS | iteration: 155, total loss=426434518581248.0000, content_loss=4089562500.0000, style loss=426430387500000.0000, tv loss=40338860.0000
L-BFGS | iteration: 156, total loss=423515886977024.0000, content_loss=4092219921.8750, style loss=423511762500000.0000, tv loss=40352048.0000
L-BFGS | iteration: 157, total loss=419067374600192.0000, content_loss=4088316015.6250, style loss=419063250000000.0000, tv loss=40451360.0000
L-BFGS | iteration: 158, total loss=416935695089664.0000, content_loss=4091117968.7500, style loss=416931562500000.0000, tv loss=40418200.0000
L-BFGS | iteration: 159, total loss=410901064712192.0000, content_loss=4093715234.3750, style loss=410896950000000.0000, tv loss=40421340.0000
L-BFGS | iteration: 160, total loss=408892194422784.0000, content_loss=4086419921.8750, style loss=408888075000000.0000, tv loss=40435368.0000
L-BFGS | iteration: 161, total loss=405442027061248.0000, content_loss=4086380468.7500, style loss=405437887500000.0000, tv loss=40416536.0000
L-BFGS | iteration: 162, total loss=403382154035200.0000, content_loss=4085486718.7500, style loss=403378012500000.0000, tv loss=40438036.0000
L-BFGS | iteration: 163, total loss=398356270546944.0000, content_loss=4077132031.2500, style loss=398352150000000.0000, tv loss=40474320.0000
L-BFGS | iteration: 164, total loss=394480532324352.0000, content_loss=4090990625.0000, style loss=394476412500000.0000, tv loss=40503492.0000
L-BFGS | iteration: 165, total loss=392237888307200.0000, content_loss=4091025781.2500, style loss=392233762500000.0000, tv loss=40523712.0000
L-BFGS | iteration: 166, total loss=389787643019264.0000, content_loss=4087517578.1250, style loss=389783512500000.0000, tv loss=40549588.0000
L-BFGS | iteration: 167, total loss=387480775819264.0000, content_loss=4090690234.3750, style loss=387476662500000.0000, tv loss=40538920.0000
L-BFGS | iteration: 168, total loss=384808769290240.0000, content_loss=4093986718.7500, style loss=384804637500000.0000, tv loss=40555424.0000
L-BFGS | iteration: 169, total loss=380888470781952.0000, content_loss=4097094140.6250, style loss=380884350000000.0000, tv loss=40586792.0000
L-BFGS | iteration: 170, total loss=376629910044672.0000, content_loss=4103413671.8750, style loss=376625775000000.0000, tv loss=40619524.0000
L-BFGS | iteration: 171, total loss=374097926160384.0000, content_loss=4103948046.8750, style loss=374093812500000.0000, tv loss=40669852.0000
L-BFGS | iteration: 172, total loss=369092879974400.0000, content_loss=4107676953.1250, style loss=369088762500000.0000, tv loss=40681600.0000
L-BFGS | iteration: 173, total loss=367411702267904.0000, content_loss=4105692578.1250, style loss=367407562500000.0000, tv loss=40710640.0000
L-BFGS | iteration: 174, total loss=363896808407040.0000, content_loss=4104911718.7500, style loss=363892687500000.0000, tv loss=40755368.0000
L-BFGS | iteration: 175, total loss=359813200478208.0000, content_loss=4110975390.6250, style loss=359809050000000.0000, tv loss=40781112.0000
L-BFGS | iteration: 176, total loss=355457298333696.0000, content_loss=4113984375.0000, style loss=355453125000000.0000, tv loss=40794200.0000
L-BFGS | iteration: 177, total loss=368107017207808.0000, content_loss=4106774609.3750, style loss=368102887500000.0000, tv loss=40881048.0000
L-BFGS | iteration: 178, total loss=353576673083392.0000, content_loss=4113058593.7500, style loss=353572500000000.0000, tv loss=40820880.0000
L-BFGS | iteration: 179, total loss=351528376336384.0000, content_loss=4115498046.8750, style loss=351524212500000.0000, tv loss=40828384.0000
L-BFGS | iteration: 180, total loss=348503544954880.0000, content_loss=4111933203.1250, style loss=348499387500000.0000, tv loss=40844680.0000
L-BFGS | iteration: 181, total loss=344499830128640.0000, content_loss=4113117578.1250, style loss=344495662500000.0000, tv loss=40878712.0000
L-BFGS | iteration: 182, total loss=341764405723136.0000, content_loss=4107788671.8750, style loss=341760262500000.0000, tv loss=40921416.0000
L-BFGS | iteration: 183, total loss=337926919553024.0000, content_loss=4112382031.2500, style loss=337922775000000.0000, tv loss=40898384.0000
L-BFGS | iteration: 184, total loss=336686177320960.0000, content_loss=4115763281.2500, style loss=336682012500000.0000, tv loss=40934444.0000
L-BFGS | iteration: 185, total loss=335016508784640.0000, content_loss=4119387500.0000, style loss=335012362500000.0000, tv loss=40962904.0000
L-BFGS | iteration: 186, total loss=331902959484928.0000, content_loss=4119091796.8750, style loss=331898812500000.0000, tv loss=40990592.0000
L-BFGS | iteration: 187, total loss=328794644676608.0000, content_loss=4126478906.2500, style loss=328790475000000.0000, tv loss=41024696.0000
L-BFGS | iteration: 188, total loss=330084275716096.0000, content_loss=4114154296.8750, style loss=330080100000000.0000, tv loss=41052312.0000
L-BFGS | iteration: 189, total loss=326891705729024.0000, content_loss=4121308203.1250, style loss=326887537500000.0000, tv loss=41037296.0000
L-BFGS | iteration: 190, total loss=324546150268928.0000, content_loss=4119092968.7500, style loss=324541987500000.0000, tv loss=41013888.0000
L-BFGS | iteration: 191, total loss=322033124638720.0000, content_loss=4121736328.1250, style loss=322028962500000.0000, tv loss=41040160.0000
L-BFGS | iteration: 192, total loss=317710273609728.0000, content_loss=4125075000.0000, style loss=317706112500000.0000, tv loss=41062984.0000
L-BFGS | iteration: 193, total loss=315252377911296.0000, content_loss=4121998437.5000, style loss=315248212500000.0000, tv loss=41168136.0000
L-BFGS | iteration: 194, total loss=312270663974912.0000, content_loss=4130100781.2500, style loss=312266493750000.0000, tv loss=41128624.0000
L-BFGS | iteration: 195, total loss=314535453917184.0000, content_loss=4126347656.2500, style loss=314531306250000.0000, tv loss=41134100.0000
L-BFGS | iteration: 196, total loss=310840137875456.0000, content_loss=4129115234.3750, style loss=310835981250000.0000, tv loss=41130368.0000
L-BFGS | iteration: 197, total loss=309683785039872.0000, content_loss=4128294140.6250, style loss=309679631250000.0000, tv loss=41137496.0000
L-BFGS | iteration: 198, total loss=306769716838400.0000, content_loss=4125077343.7500, style loss=306765543750000.0000, tv loss=41187312.0000
L-BFGS | iteration: 199, total loss=304721856299008.0000, content_loss=4127996093.7500, style loss=304717706250000.0000, tv loss=41187160.0000
L-BFGS | iteration: 200, total loss=303004003598336.0000, content_loss=4127410546.8750, style loss=302999831250000.0000, tv loss=41201824.0000
L-BFGS | iteration: 201, total loss=302132896989184.0000, content_loss=4124829687.5000, style loss=302128743750000.0000, tv loss=41240876.0000
L-BFGS | iteration: 202, total loss=301593643712512.0000, content_loss=4125998828.1250, style loss=301589493750000.0000, tv loss=41227064.0000
L-BFGS | iteration: 203, total loss=300161070792704.0000, content_loss=4128217578.1250, style loss=300156900000000.0000, tv loss=41232032.0000
L-BFGS | iteration: 204, total loss=297823736168448.0000, content_loss=4130114843.7500, style loss=297819581250000.0000, tv loss=41263440.0000
L-BFGS | iteration: 205, total loss=293727008456704.0000, content_loss=4138976171.8750, style loss=293722837500000.0000, tv loss=41322844.0000
L-BFGS | iteration: 206, total loss=291003462320128.0000, content_loss=4130216406.2500, style loss=290999287500000.0000, tv loss=41367216.0000
L-BFGS | iteration: 207, total loss=287925212282880.0000, content_loss=4141821875.0000, style loss=287921043750000.0000, tv loss=41362244.0000
L-BFGS | iteration: 208, total loss=302200140070912.0000, content_loss=4142414062.5000, style loss=302195981250000.0000, tv loss=41447752.0000
L-BFGS | iteration: 209, total loss=286850128281600.0000, content_loss=4142912890.6250, style loss=286845956250000.0000, tv loss=41383008.0000
L-BFGS | iteration: 210, total loss=285850642415616.0000, content_loss=4142424218.7500, style loss=285846487500000.0000, tv loss=41386536.0000
L-BFGS | iteration: 211, total loss=283400296464384.0000, content_loss=4138820312.5000, style loss=283396143750000.0000, tv loss=41409932.0000
L-BFGS | iteration: 212, total loss=280459233722368.0000, content_loss=4140116015.6250, style loss=280455056250000.0000, tv loss=41424800.0000
L-BFGS | iteration: 213, total loss=281529771098112.0000, content_loss=4136081250.0000, style loss=281525606250000.0000, tv loss=41471256.0000
L-BFGS | iteration: 214, total loss=279322057244672.0000, content_loss=4138987890.6250, style loss=279317887500000.0000, tv loss=41446104.0000
L-BFGS | iteration: 215, total loss=277479029735424.0000, content_loss=4141906250.0000, style loss=277474856250000.0000, tv loss=41454448.0000
L-BFGS | iteration: 216, total loss=275107536699392.0000, content_loss=4144470703.1250, style loss=275103356250000.0000, tv loss=41474220.0000
L-BFGS | iteration: 217, total loss=274077365305344.0000, content_loss=4145057421.8750, style loss=274073193750000.0000, tv loss=41504016.0000
L-BFGS | iteration: 218, total loss=272019908198400.0000, content_loss=4150793359.3750, style loss=272015737500000.0000, tv loss=41505624.0000
L-BFGS | iteration: 219, total loss=270876339601408.0000, content_loss=4151647265.6250, style loss=270872156250000.0000, tv loss=41522488.0000
L-BFGS | iteration: 220, total loss=267933649469440.0000, content_loss=4154730468.7500, style loss=267929456250000.0000, tv loss=41560296.0000
L-BFGS | iteration: 221, total loss=265448557903872.0000, content_loss=4147600000.0000, style loss=265444387500000.0000, tv loss=41616252.0000
L-BFGS | iteration: 222, total loss=266449973149696.0000, content_loss=4147326562.5000, style loss=266445787500000.0000, tv loss=41650160.0000
L-BFGS | iteration: 223, total loss=264473382223872.0000, content_loss=4147927343.7500, style loss=264469200000000.0000, tv loss=41630984.0000
L-BFGS | iteration: 224, total loss=263892185907200.0000, content_loss=4162823437.5000, style loss=263887987500000.0000, tv loss=41598092.0000
L-BFGS | iteration: 225, total loss=261953444380672.0000, content_loss=4156030468.7500, style loss=261949256250000.0000, tv loss=41622480.0000
L-BFGS | iteration: 226, total loss=261271735762944.0000, content_loss=4153484375.0000, style loss=261267543750000.0000, tv loss=41632628.0000
L-BFGS | iteration: 227, total loss=260055622483968.0000, content_loss=4151405859.3750, style loss=260051437500000.0000, tv loss=41647952.0000
L-BFGS | iteration: 228, total loss=258311614103552.0000, content_loss=4151007421.8750, style loss=258307443750000.0000, tv loss=41663496.0000
L-BFGS | iteration: 229, total loss=256203187814400.0000, content_loss=4151668750.0000, style loss=256199006250000.0000, tv loss=41703532.0000
L-BFGS | iteration: 230, total loss=254126990557184.0000, content_loss=4157388281.2500, style loss=254122800000000.0000, tv loss=41700264.0000
L-BFGS | iteration: 231, total loss=252928392691712.0000, content_loss=4156186718.7500, style loss=252924206250000.0000, tv loss=41718716.0000
L-BFGS | iteration: 232, total loss=252132582227968.0000, content_loss=4156347265.6250, style loss=252128381250000.0000, tv loss=41723240.0000
L-BFGS | iteration: 233, total loss=250640064315392.0000, content_loss=4157481640.6250, style loss=250635862500000.0000, tv loss=41747056.0000
L-BFGS | iteration: 234, total loss=247931416346624.0000, content_loss=4162391406.2500, style loss=247927218750000.0000, tv loss=41773376.0000
L-BFGS | iteration: 235, total loss=245672380989440.0000, content_loss=4164301171.8750, style loss=245668181250000.0000, tv loss=41823924.0000
L-BFGS | iteration: 236, total loss=246379523866624.0000, content_loss=4159481250.0000, style loss=246375337500000.0000, tv loss=41848176.0000
L-BFGS | iteration: 237, total loss=244993440612352.0000, content_loss=4162492187.5000, style loss=244989243750000.0000, tv loss=41834556.0000
L-BFGS | iteration: 238, total loss=243629369065472.0000, content_loss=4162690625.0000, style loss=243625181250000.0000, tv loss=41801544.0000
L-BFGS | iteration: 239, total loss=242094539014144.0000, content_loss=4166219531.2500, style loss=242090343750000.0000, tv loss=41841176.0000
L-BFGS | iteration: 240, total loss=240530583715840.0000, content_loss=4167458593.7500, style loss=240526387500000.0000, tv loss=41877748.0000
L-BFGS | iteration: 241, total loss=238435260432384.0000, content_loss=4174896484.3750, style loss=238431056250000.0000, tv loss=41911744.0000
L-BFGS | iteration: 242, total loss=242561046282240.0000, content_loss=4170621484.3750, style loss=242556825000000.0000, tv loss=41960000.0000
L-BFGS | iteration: 243, total loss=237982812471296.0000, content_loss=4174341015.6250, style loss=237978600000000.0000, tv loss=41925192.0000
L-BFGS | iteration: 244, total loss=237301087076352.0000, content_loss=4174764453.1250, style loss=237296868750000.0000, tv loss=41914152.0000
L-BFGS | iteration: 245, total loss=235668345192448.0000, content_loss=4173822656.2500, style loss=235664137500000.0000, tv loss=41916988.0000
L-BFGS | iteration: 246, total loss=233710796406784.0000, content_loss=4176297656.2500, style loss=233706581250000.0000, tv loss=41938236.0000
L-BFGS | iteration: 247, total loss=233587500646400.0000, content_loss=4168083593.7500, style loss=233583281250000.0000, tv loss=41990472.0000
L-BFGS | iteration: 248, total loss=232810967203840.0000, content_loss=4172044140.6250, style loss=232806731250000.0000, tv loss=41966928.0000
L-BFGS | iteration: 249, total loss=231891189891072.0000, content_loss=4171205468.7500, style loss=231886968750000.0000, tv loss=41985168.0000
L-BFGS | iteration: 250, total loss=231128732532736.0000, content_loss=4172878906.2500, style loss=231124500000000.0000, tv loss=42012704.0000
L-BFGS | iteration: 251, total loss=230565689163776.0000, content_loss=4176105468.7500, style loss=230561456250000.0000, tv loss=42005736.0000
L-BFGS | iteration: 252, total loss=229610579034112.0000, content_loss=4178127343.7500, style loss=229606350000000.0000, tv loss=42004304.0000
L-BFGS | iteration: 253, total loss=228281689309184.0000, content_loss=4179704296.8750, style loss=228277462500000.0000, tv loss=42013520.0000
L-BFGS | iteration: 254, total loss=226528889667584.0000, content_loss=4177575781.2500, style loss=226524656250000.0000, tv loss=42041348.0000
L-BFGS | iteration: 255, total loss=224801188741120.0000, content_loss=4182448437.5000, style loss=224796956250000.0000, tv loss=42064568.0000
L-BFGS | iteration: 256, total loss=228574250401792.0000, content_loss=4177823828.1250, style loss=228570018750000.0000, tv loss=42127620.0000
L-BFGS | iteration: 257, total loss=224265240576000.0000, content_loss=4181632812.5000, style loss=224261006250000.0000, tv loss=42084204.0000
L-BFGS | iteration: 258, total loss=223618680225792.0000, content_loss=4181919921.8750, style loss=223614450000000.0000, tv loss=42086944.0000
L-BFGS | iteration: 259, total loss=222358660972544.0000, content_loss=4180268750.0000, style loss=222354431250000.0000, tv loss=42096736.0000
L-BFGS | iteration: 260, total loss=220614937804800.0000, content_loss=4189014453.1250, style loss=220610700000000.0000, tv loss=42131088.0000
L-BFGS | iteration: 261, total loss=219225767542784.0000, content_loss=4187523046.8750, style loss=219221531250000.0000, tv loss=42143968.0000
L-BFGS | iteration: 262, total loss=221352648769536.0000, content_loss=4181588671.8750, style loss=221348418750000.0000, tv loss=42186128.0000
L-BFGS | iteration: 263, total loss=218863295791104.0000, content_loss=4185937109.3750, style loss=218859056250000.0000, tv loss=42157392.0000
L-BFGS | iteration: 264, total loss=218265473253376.0000, content_loss=4187719531.2500, style loss=218261231250000.0000, tv loss=42161188.0000
L-BFGS | iteration: 265, total loss=217000118845440.0000, content_loss=4188829687.5000, style loss=216995868750000.0000, tv loss=42175864.0000
L-BFGS | iteration: 266, total loss=215340835405824.0000, content_loss=4186337890.6250, style loss=215336587500000.0000, tv loss=42206608.0000
L-BFGS | iteration: 267, total loss=214221476331520.0000, content_loss=4185376171.8750, style loss=214217250000000.0000, tv loss=42213656.0000
L-BFGS | iteration: 268, total loss=214099505971200.0000, content_loss=4179667968.7500, style loss=214095281250000.0000, tv loss=42245644.0000
L-BFGS | iteration: 269, total loss=213666939011072.0000, content_loss=4182345703.1250, style loss=213662718750000.0000, tv loss=42231608.0000
L-BFGS | iteration: 270, total loss=213201069277184.0000, content_loss=4183258203.1250, style loss=213196837500000.0000, tv loss=42233608.0000
L-BFGS | iteration: 271, total loss=212511961907200.0000, content_loss=4185713281.2500, style loss=212507737500000.0000, tv loss=42240504.0000
L-BFGS | iteration: 272, total loss=210944634388480.0000, content_loss=4187886328.1250, style loss=210940387500000.0000, tv loss=42270948.0000
L-BFGS | iteration: 273, total loss=209661898784768.0000, content_loss=4196802734.3750, style loss=209657662500000.0000, tv loss=42271072.0000
L-BFGS | iteration: 274, total loss=209475688464384.0000, content_loss=4192953515.6250, style loss=209471437500000.0000, tv loss=42303492.0000
L-BFGS | iteration: 275, total loss=208996245962752.0000, content_loss=4194945703.1250, style loss=208992000000000.0000, tv loss=42289740.0000
L-BFGS | iteration: 276, total loss=208132974313472.0000, content_loss=4191985546.8750, style loss=208128731250000.0000, tv loss=42297236.0000
L-BFGS | iteration: 277, total loss=207224605507584.0000, content_loss=4191097656.2500, style loss=207220368750000.0000, tv loss=42307912.0000
L-BFGS | iteration: 278, total loss=206347677204480.0000, content_loss=4190447265.6250, style loss=206343431250000.0000, tv loss=42330928.0000
L-BFGS | iteration: 279, total loss=205034876829696.0000, content_loss=4192762890.6250, style loss=205030631250000.0000, tv loss=42351832.0000
L-BFGS | iteration: 280, total loss=204441919684608.0000, content_loss=4192860156.2500, style loss=204437681250000.0000, tv loss=42364972.0000
L-BFGS | iteration: 281, total loss=203266457600000.0000, content_loss=4196151953.1250, style loss=203262206250000.0000, tv loss=42376904.0000
L-BFGS | iteration: 282, total loss=202077775069184.0000, content_loss=4196708593.7500, style loss=202073531250000.0000, tv loss=42394568.0000
L-BFGS | iteration: 283, total loss=200895383994368.0000, content_loss=4196858984.3750, style loss=200891137500000.0000, tv loss=42400096.0000
L-BFGS | iteration: 284, total loss=200233069838336.0000, content_loss=4192596093.7500, style loss=200228831250000.0000, tv loss=42440872.0000
L-BFGS | iteration: 285, total loss=199924150960128.0000, content_loss=4195515234.3750, style loss=199919906250000.0000, tv loss=42447256.0000
L-BFGS | iteration: 286, total loss=199147785289728.0000, content_loss=4196026953.1250, style loss=199143543750000.0000, tv loss=42447232.0000
L-BFGS | iteration: 287, total loss=198708943650816.0000, content_loss=4197426171.8750, style loss=198704700000000.0000, tv loss=42446160.0000
L-BFGS | iteration: 288, total loss=198295771152384.0000, content_loss=4198877343.7500, style loss=198291525000000.0000, tv loss=42451344.0000
L-BFGS | iteration: 289, total loss=197245232218112.0000, content_loss=4199337500.0000, style loss=197240981250000.0000, tv loss=42471640.0000
L-BFGS | iteration: 290, total loss=196356442423296.0000, content_loss=4204322656.2500, style loss=196352175000000.0000, tv loss=42486800.0000
L-BFGS | iteration: 291, total loss=196282454900736.0000, content_loss=4200846875.0000, style loss=196278206250000.0000, tv loss=42530040.0000
L-BFGS | iteration: 292, total loss=195863242604544.0000, content_loss=4202664062.5000, style loss=195858993750000.0000, tv loss=42510984.0000
L-BFGS | iteration: 293, total loss=195370848092160.0000, content_loss=4200816406.2500, style loss=195366600000000.0000, tv loss=42511356.0000
L-BFGS | iteration: 294, total loss=194760828518400.0000, content_loss=4200741796.8750, style loss=194756587500000.0000, tv loss=42519168.0000
L-BFGS | iteration: 295, total loss=193798185418752.0000, content_loss=4199583203.1250, style loss=193793943750000.0000, tv loss=42535560.0000
L-BFGS | iteration: 296, total loss=192888306663424.0000, content_loss=4202272265.6250, style loss=192884062500000.0000, tv loss=42540160.0000
L-BFGS | iteration: 297, total loss=192604436168704.0000, content_loss=4202230859.3750, style loss=192600187500000.0000, tv loss=42565728.0000
L-BFGS | iteration: 298, total loss=192004550033408.0000, content_loss=4204762890.6250, style loss=192000281250000.0000, tv loss=42564616.0000
L-BFGS | iteration: 299, total loss=191563862900736.0000, content_loss=4205997265.6250, style loss=191559600000000.0000, tv loss=42565872.0000
L-BFGS | iteration: 300, total loss=190522584989696.0000, content_loss=4206553125.0000, style loss=190518318750000.0000, tv loss=42579944.0000
L-BFGS | iteration: 301, total loss=189838846328832.0000, content_loss=4204814453.1250, style loss=189834581250000.0000, tv loss=42601816.0000
L-BFGS | iteration: 302, total loss=189390273904640.0000, content_loss=4206117578.1250, style loss=189386006250000.0000, tv loss=42593568.0000
L-BFGS | iteration: 303, total loss=188512355745792.0000, content_loss=4207647265.6250, style loss=188508093750000.0000, tv loss=42601344.0000
L-BFGS | iteration: 304, total loss=188303311634432.0000, content_loss=4204959375.0000, style loss=188299050000000.0000, tv loss=42635504.0000
L-BFGS | iteration: 305, total loss=187854336557056.0000, content_loss=4206103515.6250, style loss=187850081250000.0000, tv loss=42625088.0000
L-BFGS | iteration: 306, total loss=187542565552128.0000, content_loss=4206126953.1250, style loss=187538306250000.0000, tv loss=42623168.0000
L-BFGS | iteration: 307, total loss=186540865093632.0000, content_loss=4207617578.1250, style loss=186536606250000.0000, tv loss=42647880.0000
L-BFGS | iteration: 308, total loss=185739031609344.0000, content_loss=4207915234.3750, style loss=185734762500000.0000, tv loss=42663980.0000
L-BFGS | iteration: 309, total loss=184767714689024.0000, content_loss=4214662890.6250, style loss=184763456250000.0000, tv loss=42677432.0000
L-BFGS | iteration: 310, total loss=184302667038720.0000, content_loss=4211198437.5000, style loss=184298400000000.0000, tv loss=42706596.0000
L-BFGS | iteration: 311, total loss=184074983440384.0000, content_loss=4210634375.0000, style loss=184070718750000.0000, tv loss=42706596.0000
L-BFGS | iteration: 312, total loss=183470248689664.0000, content_loss=4212618359.3750, style loss=183465993750000.0000, tv loss=42704868.0000
L-BFGS | iteration: 313, total loss=183178123804672.0000, content_loss=4214614453.1250, style loss=183173868750000.0000, tv loss=42709460.0000
L-BFGS | iteration: 314, total loss=182912926351360.0000, content_loss=4216606640.6250, style loss=182908668750000.0000, tv loss=42708600.0000
L-BFGS | iteration: 315, total loss=182319818211328.0000, content_loss=4216162109.3750, style loss=182315550000000.0000, tv loss=42718728.0000
L-BFGS | iteration: 316, total loss=181592844664832.0000, content_loss=4215269140.6250, style loss=181588575000000.0000, tv loss=42726780.0000
L-BFGS | iteration: 317, total loss=181097044377600.0000, content_loss=4212818359.3750, style loss=181092787500000.0000, tv loss=42738096.0000
L-BFGS | iteration: 318, total loss=180362370088960.0000, content_loss=4211955078.1250, style loss=180358106250000.0000, tv loss=42746544.0000
L-BFGS | iteration: 319, total loss=179881769959424.0000, content_loss=4213201953.1250, style loss=179877506250000.0000, tv loss=42760424.0000
L-BFGS | iteration: 320, total loss=179109162385408.0000, content_loss=4216974218.7500, style loss=179104893750000.0000, tv loss=42771612.0000
L-BFGS | iteration: 321, total loss=178690319187968.0000, content_loss=4213741015.6250, style loss=178686056250000.0000, tv loss=42787352.0000
L-BFGS | iteration: 322, total loss=178035823214592.0000, content_loss=4213609765.6250, style loss=178031568750000.0000, tv loss=42785200.0000
L-BFGS | iteration: 323, total loss=177732692475904.0000, content_loss=4214466406.2500, style loss=177728437500000.0000, tv loss=42790524.0000
L-BFGS | iteration: 324, total loss=177062274924544.0000, content_loss=4217348437.5000, style loss=177058012500000.0000, tv loss=42807928.0000
L-BFGS | iteration: 325, total loss=176455862452224.0000, content_loss=4220625390.6250, style loss=176451581250000.0000, tv loss=42814276.0000
L-BFGS | iteration: 326, total loss=176149091057664.0000, content_loss=4218923437.5000, style loss=176144831250000.0000, tv loss=42834012.0000
L-BFGS | iteration: 327, total loss=175577877184512.0000, content_loss=4219591015.6250, style loss=175573593750000.0000, tv loss=42829688.0000
L-BFGS | iteration: 328, total loss=175284091355136.0000, content_loss=4219106640.6250, style loss=175279837500000.0000, tv loss=42837708.0000
L-BFGS | iteration: 329, total loss=174355875102720.0000, content_loss=4221537109.3750, style loss=174351600000000.0000, tv loss=42862128.0000
L-BFGS | iteration: 330, total loss=173879167287296.0000, content_loss=4222052343.7500, style loss=173874881250000.0000, tv loss=42858144.0000
L-BFGS | iteration: 331, total loss=173645276119040.0000, content_loss=4220578515.6250, style loss=173640993750000.0000, tv loss=42865008.0000
L-BFGS | iteration: 332, total loss=173362127044608.0000, content_loss=4221706640.6250, style loss=173357850000000.0000, tv loss=42871876.0000
L-BFGS | iteration: 333, total loss=172543952551936.0000, content_loss=4223873046.8750, style loss=172539675000000.0000, tv loss=42888692.0000
L-BFGS | iteration: 334, total loss=172105412902912.0000, content_loss=4228041796.8750, style loss=172101131250000.0000, tv loss=42898664.0000
L-BFGS | iteration: 335, total loss=171738327416832.0000, content_loss=4227995703.1250, style loss=171734043750000.0000, tv loss=42914672.0000
L-BFGS | iteration: 336, total loss=171441874010112.0000, content_loss=4227458984.3750, style loss=171437587500000.0000, tv loss=42916976.0000
L-BFGS | iteration: 337, total loss=170996539588608.0000, content_loss=4227550390.6250, style loss=170992256250000.0000, tv loss=42918512.0000
L-BFGS | iteration: 338, total loss=170363719778304.0000, content_loss=4227242187.5000, style loss=170359443750000.0000, tv loss=42928672.0000
L-BFGS | iteration: 339, total loss=169724491071488.0000, content_loss=4227437890.6250, style loss=169720218750000.0000, tv loss=42929332.0000
L-BFGS | iteration: 340, total loss=169490063032320.0000, content_loss=4226270703.1250, style loss=169485787500000.0000, tv loss=42949616.0000
L-BFGS | iteration: 341, total loss=169087426625536.0000, content_loss=4228053906.2500, style loss=169083150000000.0000, tv loss=42949696.0000
L-BFGS | iteration: 342, total loss=168775034863616.0000, content_loss=4228848046.8750, style loss=168770756250000.0000, tv loss=42954672.0000
L-BFGS | iteration: 343, total loss=168147701202944.0000, content_loss=4229889062.5000, style loss=168143418750000.0000, tv loss=42963776.0000
L-BFGS | iteration: 344, total loss=167342831042560.0000, content_loss=4227521093.7500, style loss=167338556250000.0000, tv loss=43005616.0000
L-BFGS | iteration: 345, total loss=166937074073600.0000, content_loss=4231955859.3750, style loss=166932787500000.0000, tv loss=42989524.0000
L-BFGS | iteration: 346, total loss=166481857871872.0000, content_loss=4231002734.3750, style loss=166477575000000.0000, tv loss=42993816.0000
L-BFGS | iteration: 347, total loss=166299657306112.0000, content_loss=4230571875.0000, style loss=166295381250000.0000, tv loss=43002480.0000
L-BFGS | iteration: 348, total loss=166077560520704.0000, content_loss=4230860546.8750, style loss=166073287500000.0000, tv loss=43004892.0000
L-BFGS | iteration: 349, total loss=165413182767104.0000, content_loss=4231869531.2500, style loss=165408900000000.0000, tv loss=43018556.0000
L-BFGS | iteration: 350, total loss=164806787072000.0000, content_loss=4234718359.3750, style loss=164802506250000.0000, tv loss=43030416.0000
L-BFGS | iteration: 351, total loss=164483691446272.0000, content_loss=4234321093.7500, style loss=164479406250000.0000, tv loss=43041036.0000
L-BFGS | iteration: 352, total loss=164128920436736.0000, content_loss=4235737109.3750, style loss=164124637500000.0000, tv loss=43032640.0000
L-BFGS | iteration: 353, total loss=163897478742016.0000, content_loss=4236635937.5000, style loss=163893187500000.0000, tv loss=43043728.0000
L-BFGS | iteration: 354, total loss=163230584406016.0000, content_loss=4234161328.1250, style loss=163226306250000.0000, tv loss=43062456.0000
L-BFGS | iteration: 355, total loss=162705977638912.0000, content_loss=4235089062.5000, style loss=162701700000000.0000, tv loss=43080964.0000
L-BFGS | iteration: 356, total loss=162510506295296.0000, content_loss=4234284765.6250, style loss=162506231250000.0000, tv loss=43089576.0000
L-BFGS | iteration: 357, total loss=162251516411904.0000, content_loss=4235283984.3750, style loss=162247237500000.0000, tv loss=43081728.0000
L-BFGS | iteration: 358, total loss=161995177328640.0000, content_loss=4235712109.3750, style loss=161990906250000.0000, tv loss=43088912.0000
L-BFGS | iteration: 359, total loss=161437972430848.0000, content_loss=4237785156.2500, style loss=161433675000000.0000, tv loss=43100668.0000
L-BFGS | iteration: 360, total loss=160900279435264.0000, content_loss=4236540625.0000, style loss=160895981250000.0000, tv loss=43129432.0000
L-BFGS | iteration: 361, total loss=160464004710400.0000, content_loss=4240760937.5000, style loss=160459706250000.0000, tv loss=43126496.0000
L-BFGS | iteration: 362, total loss=160160102219776.0000, content_loss=4241480859.3750, style loss=160155806250000.0000, tv loss=43132704.0000
L-BFGS | iteration: 363, total loss=159927150575616.0000, content_loss=4240581250.0000, style loss=159922856250000.0000, tv loss=43133420.0000
L-BFGS | iteration: 364, total loss=159481614827520.0000, content_loss=4239360156.2500, style loss=159477318750000.0000, tv loss=43140232.0000
L-BFGS | iteration: 365, total loss=159074196914176.0000, content_loss=4238959765.6250, style loss=159069900000000.0000, tv loss=43150500.0000
L-BFGS | iteration: 366, total loss=158537929981952.0000, content_loss=4238911328.1250, style loss=158533631250000.0000, tv loss=43160016.0000
L-BFGS | iteration: 367, total loss=158470284247040.0000, content_loss=4237706640.6250, style loss=158465981250000.0000, tv loss=43179272.0000
L-BFGS | iteration: 368, total loss=158352323641344.0000, content_loss=4238330078.1250, style loss=158348025000000.0000, tv loss=43171240.0000
L-BFGS | iteration: 369, total loss=157952489029632.0000, content_loss=4239610546.8750, style loss=157948200000000.0000, tv loss=43175888.0000
L-BFGS | iteration: 370, total loss=157483263852544.0000, content_loss=4240106640.6250, style loss=157478962500000.0000, tv loss=43186376.0000
L-BFGS | iteration: 371, total loss=156951459659776.0000, content_loss=4239979296.8750, style loss=156947165625000.0000, tv loss=43202676.0000
L-BFGS | iteration: 372, total loss=156236347604992.0000, content_loss=4239229687.5000, style loss=156232050000000.0000, tv loss=43227096.0000
L-BFGS | iteration: 373, total loss=156005191122944.0000, content_loss=4238609375.0000, style loss=156000900000000.0000, tv loss=43239664.0000
L-BFGS | iteration: 374, total loss=155691004198912.0000, content_loss=4241813671.8750, style loss=155686715625000.0000, tv loss=43227332.0000
L-BFGS | iteration: 375, total loss=155343665496064.0000, content_loss=4240141015.6250, style loss=155339371875000.0000, tv loss=43241000.0000
L-BFGS | iteration: 376, total loss=155098080608256.0000, content_loss=4239392187.5000, style loss=155093793750000.0000, tv loss=43250080.0000
L-BFGS | iteration: 377, total loss=154746161725440.0000, content_loss=4240008593.7500, style loss=154741865625000.0000, tv loss=43258544.0000
L-BFGS | iteration: 378, total loss=154238063738880.0000, content_loss=4241006640.6250, style loss=154233768750000.0000, tv loss=43269524.0000
L-BFGS | iteration: 379, total loss=153796973953024.0000, content_loss=4244949609.3750, style loss=153792675000000.0000, tv loss=43262328.0000
L-BFGS | iteration: 380, total loss=153522951684096.0000, content_loss=4245066015.6250, style loss=153518653125000.0000, tv loss=43271328.0000
L-BFGS | iteration: 381, total loss=153335835394048.0000, content_loss=4245505078.1250, style loss=153331546875000.0000, tv loss=43276188.0000
L-BFGS | iteration: 382, total loss=152856795545600.0000, content_loss=4245137890.6250, style loss=152852503125000.0000, tv loss=43289000.0000
L-BFGS | iteration: 383, total loss=152236927746048.0000, content_loss=4244060156.2500, style loss=152232628125000.0000, tv loss=43303044.0000
L-BFGS | iteration: 384, total loss=152081738498048.0000, content_loss=4242014453.1250, style loss=152077443750000.0000, tv loss=43316188.0000
L-BFGS | iteration: 385, total loss=151679974506496.0000, content_loss=4243155078.1250, style loss=151675678125000.0000, tv loss=43310352.0000
L-BFGS | iteration: 386, total loss=151519668207616.0000, content_loss=4242578125.0000, style loss=151515375000000.0000, tv loss=43317816.0000
L-BFGS | iteration: 387, total loss=151117920993280.0000, content_loss=4241921875.0000, style loss=151113618750000.0000, tv loss=43332064.0000
L-BFGS | iteration: 388, total loss=150756069998592.0000, content_loss=4242969921.8750, style loss=150751771875000.0000, tv loss=43339816.0000
L-BFGS | iteration: 389, total loss=150482970476544.0000, content_loss=4242557031.2500, style loss=150478678125000.0000, tv loss=43349708.0000
L-BFGS | iteration: 390, total loss=150156485853184.0000, content_loss=4244518750.0000, style loss=150152193750000.0000, tv loss=43344812.0000
L-BFGS | iteration: 391, total loss=149996263440384.0000, content_loss=4244477343.7500, style loss=149991965625000.0000, tv loss=43351684.0000
L-BFGS | iteration: 392, total loss=149557505687552.0000, content_loss=4243591406.2500, style loss=149553215625000.0000, tv loss=43366464.0000
L-BFGS | iteration: 393, total loss=149161261400064.0000, content_loss=4244328906.2500, style loss=149156971875000.0000, tv loss=43376580.0000
L-BFGS | iteration: 394, total loss=148849859493888.0000, content_loss=4243115625.0000, style loss=148845571875000.0000, tv loss=43388000.0000
L-BFGS | iteration: 395, total loss=148513207877632.0000, content_loss=4245220312.5000, style loss=148508915625000.0000, tv loss=43382700.0000
L-BFGS | iteration: 396, total loss=148345452494848.0000, content_loss=4244937500.0000, style loss=148341150000000.0000, tv loss=43390240.0000
L-BFGS | iteration: 397, total loss=147939276095488.0000, content_loss=4244608593.7500, style loss=147934978125000.0000, tv loss=43411224.0000
L-BFGS | iteration: 398, total loss=147679464128512.0000, content_loss=4245489453.1250, style loss=147675168750000.0000, tv loss=43411052.0000
L-BFGS | iteration: 399, total loss=147489999028224.0000, content_loss=4245073437.5000, style loss=147485700000000.0000, tv loss=43413496.0000
L-BFGS | iteration: 400, total loss=147112243232768.0000, content_loss=4244735937.5000, style loss=147107943750000.0000, tv loss=43427076.0000
L-BFGS | iteration: 401, total loss=146827164778496.0000, content_loss=4245713671.8750, style loss=146822878125000.0000, tv loss=43421216.0000
L-BFGS | iteration: 402, total loss=146598256443392.0000, content_loss=4245348437.5000, style loss=146593968750000.0000, tv loss=43428416.0000
L-BFGS | iteration: 403, total loss=146163793657856.0000, content_loss=4246878125.0000, style loss=146159493750000.0000, tv loss=43442704.0000
L-BFGS | iteration: 404, total loss=145732887642112.0000, content_loss=4247558984.3750, style loss=145728590625000.0000, tv loss=43451400.0000
L-BFGS | iteration: 405, total loss=145538288713728.0000, content_loss=4247353906.2500, style loss=145533993750000.0000, tv loss=43464852.0000
L-BFGS | iteration: 406, total loss=145316544249856.0000, content_loss=4249902734.3750, style loss=145312246875000.0000, tv loss=43466096.0000
L-BFGS | iteration: 407, total loss=145163502485504.0000, content_loss=4248682031.2500, style loss=145159200000000.0000, tv loss=43466852.0000
L-BFGS | iteration: 408, total loss=144862452121600.0000, content_loss=4246388281.2500, style loss=144858150000000.0000, tv loss=43476352.0000
L-BFGS | iteration: 409, total loss=144633292128256.0000, content_loss=4246808593.7500, style loss=144628996875000.0000, tv loss=43476716.0000
L-BFGS | iteration: 410, total loss=144315783315456.0000, content_loss=4247628515.6250, style loss=144311493750000.0000, tv loss=43486616.0000
L-BFGS | iteration: 411, total loss=144011109072896.0000, content_loss=4249913281.2500, style loss=144006815625000.0000, tv loss=43486288.0000
L-BFGS | iteration: 412, total loss=143823523020800.0000, content_loss=4250060937.5000, style loss=143819221875000.0000, tv loss=43494076.0000
L-BFGS | iteration: 413, total loss=143556899504128.0000, content_loss=4249700390.6250, style loss=143552596875000.0000, tv loss=43501492.0000
L-BFGS | iteration: 414, total loss=143221204189184.0000, content_loss=4249764453.1250, style loss=143216915625000.0000, tv loss=43509196.0000
L-BFGS | iteration: 415, total loss=142627290742784.0000, content_loss=4247250390.6250, style loss=142623000000000.0000, tv loss=43525276.0000
L-BFGS | iteration: 416, total loss=142693124538368.0000, content_loss=4252981250.0000, style loss=142688821875000.0000, tv loss=43524548.0000
L-BFGS | iteration: 417, total loss=142407458881536.0000, content_loss=4249845312.5000, style loss=142403165625000.0000, tv loss=43524936.0000
L-BFGS | iteration: 418, total loss=142223446376448.0000, content_loss=4251362109.3750, style loss=142219153125000.0000, tv loss=43532064.0000
L-BFGS | iteration: 419, total loss=142040205623296.0000, content_loss=4253414843.7500, style loss=142035900000000.0000, tv loss=43539124.0000
L-BFGS | iteration: 420, total loss=141869832994816.0000, content_loss=4254971093.7500, style loss=141865528125000.0000, tv loss=43540968.0000
L-BFGS | iteration: 421, total loss=141513585590272.0000, content_loss=4255251171.8750, style loss=141509268750000.0000, tv loss=43551876.0000
L-BFGS | iteration: 422, total loss=141115713912832.0000, content_loss=4257751562.5000, style loss=141111403125000.0000, tv loss=43560036.0000
L-BFGS | iteration: 423, total loss=140988408397824.0000, content_loss=4254778906.2500, style loss=140984100000000.0000, tv loss=43578244.0000
L-BFGS | iteration: 424, total loss=140704395296768.0000, content_loss=4253577343.7500, style loss=140700103125000.0000, tv loss=43573808.0000
L-BFGS | iteration: 425, total loss=140562938200064.0000, content_loss=4252520703.1250, style loss=140558643750000.0000, tv loss=43574888.0000
L-BFGS | iteration: 426, total loss=140079460777984.0000, content_loss=4251820703.1250, style loss=140075165625000.0000, tv loss=43587648.0000
L-BFGS | iteration: 427, total loss=139609849724928.0000, content_loss=4252061328.1250, style loss=139605553125000.0000, tv loss=43587164.0000
L-BFGS | iteration: 428, total loss=139436968902656.0000, content_loss=4253614843.7500, style loss=139432678125000.0000, tv loss=43643600.0000
L-BFGS | iteration: 429, total loss=138980024647680.0000, content_loss=4259421093.7500, style loss=138975721875000.0000, tv loss=43614008.0000
L-BFGS | iteration: 430, total loss=138755142844416.0000, content_loss=4255474218.7500, style loss=138750843750000.0000, tv loss=43605264.0000
L-BFGS | iteration: 431, total loss=138460249718784.0000, content_loss=4255597656.2500, style loss=138455953125000.0000, tv loss=43619056.0000
L-BFGS | iteration: 432, total loss=138376061648896.0000, content_loss=4255259765.6250, style loss=138371765625000.0000, tv loss=43626220.0000
L-BFGS | iteration: 433, total loss=138136583667712.0000, content_loss=4254435546.8750, style loss=138132290625000.0000, tv loss=43643800.0000
L-BFGS | iteration: 434, total loss=137883667136512.0000, content_loss=4254646093.7500, style loss=137879371875000.0000, tv loss=43650960.0000
L-BFGS | iteration: 435, total loss=137533073653760.0000, content_loss=4254996875.0000, style loss=137528775000000.0000, tv loss=43657248.0000
L-BFGS | iteration: 436, total loss=137157456953344.0000, content_loss=4254190234.3750, style loss=137153165625000.0000, tv loss=43663736.0000
L-BFGS | iteration: 437, total loss=136857220284416.0000, content_loss=4255542187.5000, style loss=136852921875000.0000, tv loss=43667232.0000
L-BFGS | iteration: 438, total loss=136660658421760.0000, content_loss=4256400390.6250, style loss=136656365625000.0000, tv loss=43668520.0000
L-BFGS | iteration: 439, total loss=137670017679360.0000, content_loss=4253145312.5000, style loss=137665725000000.0000, tv loss=43693424.0000
L-BFGS | iteration: 440, total loss=136556975226880.0000, content_loss=4255748437.5000, style loss=136552678125000.0000, tv loss=43675356.0000
L-BFGS | iteration: 441, total loss=136405057536000.0000, content_loss=4256007031.2500, style loss=136400765625000.0000, tv loss=43676592.0000
L-BFGS | iteration: 442, total loss=136144717086720.0000, content_loss=4255973828.1250, style loss=136140421875000.0000, tv loss=43681740.0000
L-BFGS | iteration: 443, total loss=135846233636864.0000, content_loss=4256495703.1250, style loss=135841940625000.0000, tv loss=43692416.0000
L-BFGS | iteration: 444, total loss=135619263070208.0000, content_loss=4256605859.3750, style loss=135614971875000.0000, tv loss=43697944.0000
L-BFGS | iteration: 445, total loss=135484063875072.0000, content_loss=4254886328.1250, style loss=135479765625000.0000, tv loss=43710200.0000
L-BFGS | iteration: 446, total loss=135310973337600.0000, content_loss=4255734765.6250, style loss=135306675000000.0000, tv loss=43709744.0000
L-BFGS | iteration: 447, total loss=135095360946176.0000, content_loss=4256705859.3750, style loss=135091068750000.0000, tv loss=43716024.0000
L-BFGS | iteration: 448, total loss=134714056769536.0000, content_loss=4257808593.7500, style loss=134709750000000.0000, tv loss=43727788.0000
L-BFGS | iteration: 449, total loss=134503452377088.0000, content_loss=4259768750.0000, style loss=134499150000000.0000, tv loss=43746224.0000
L-BFGS | iteration: 450, total loss=134261457813504.0000, content_loss=4261158203.1250, style loss=134257153125000.0000, tv loss=43736932.0000
L-BFGS | iteration: 451, total loss=134079718621184.0000, content_loss=4259386718.7500, style loss=134075418750000.0000, tv loss=43745464.0000
L-BFGS | iteration: 452, total loss=133986672181248.0000, content_loss=4259361718.7500, style loss=133982371875000.0000, tv loss=43748208.0000
L-BFGS | iteration: 453, total loss=133856497762304.0000, content_loss=4259444140.6250, style loss=133852190625000.0000, tv loss=43749648.0000
L-BFGS | iteration: 454, total loss=133621801287680.0000, content_loss=4259422265.6250, style loss=133617496875000.0000, tv loss=43750712.0000
L-BFGS | iteration: 455, total loss=133267474874368.0000, content_loss=4258805859.3750, style loss=133263168750000.0000, tv loss=43760184.0000
L-BFGS | iteration: 456, total loss=132849252433920.0000, content_loss=4260737109.3750, style loss=132844950000000.0000, tv loss=43760224.0000
L-BFGS | iteration: 457, total loss=132736635371520.0000, content_loss=4258655078.1250, style loss=132732328125000.0000, tv loss=43778060.0000
L-BFGS | iteration: 458, total loss=132494624030720.0000, content_loss=4259763671.8750, style loss=132490321875000.0000, tv loss=43778984.0000
L-BFGS | iteration: 459, total loss=132400529014784.0000, content_loss=4260150781.2500, style loss=132396225000000.0000, tv loss=43779160.0000
L-BFGS | iteration: 460, total loss=132133368627200.0000, content_loss=4259971484.3750, style loss=132129065625000.0000, tv loss=43789912.0000
L-BFGS | iteration: 461, total loss=131923695370240.0000, content_loss=4261446875.0000, style loss=131919393750000.0000, tv loss=43788928.0000
L-BFGS | iteration: 462, total loss=131731545915392.0000, content_loss=4261286328.1250, style loss=131727243750000.0000, tv loss=43797180.0000
L-BFGS | iteration: 463, total loss=131361071431680.0000, content_loss=4261322656.2500, style loss=131356771875000.0000, tv loss=43810984.0000
L-BFGS | iteration: 464, total loss=131037178888192.0000, content_loss=4261360546.8750, style loss=131032875000000.0000, tv loss=43834400.0000
L-BFGS | iteration: 465, total loss=130695955480576.0000, content_loss=4262212109.3750, style loss=130691653125000.0000, tv loss=43834248.0000
L-BFGS | iteration: 466, total loss=130957503889408.0000, content_loss=4260104296.8750, style loss=130953196875000.0000, tv loss=43850100.0000
L-BFGS | iteration: 467, total loss=130600946106368.0000, content_loss=4261531640.6250, style loss=130596646875000.0000, tv loss=43840084.0000
L-BFGS | iteration: 468, total loss=130409643900928.0000, content_loss=4262076562.5000, style loss=130405340625000.0000, tv loss=43844076.0000
L-BFGS | iteration: 469, total loss=130168077156352.0000, content_loss=4261508593.7500, style loss=130163775000000.0000, tv loss=43848064.0000
L-BFGS | iteration: 470, total loss=129875599949824.0000, content_loss=4263106640.6250, style loss=129871293750000.0000, tv loss=43856120.0000
L-BFGS | iteration: 471, total loss=129543243300864.0000, content_loss=4261208203.1250, style loss=129538940625000.0000, tv loss=43864168.0000
L-BFGS | iteration: 472, total loss=129303874371584.0000, content_loss=4263601562.5000, style loss=129299568750000.0000, tv loss=43872324.0000
L-BFGS | iteration: 473, total loss=129156142596096.0000, content_loss=4265881250.0000, style loss=129151828125000.0000, tv loss=43875764.0000
L-BFGS | iteration: 474, total loss=129372166029312.0000, content_loss=4262862890.6250, style loss=129367865625000.0000, tv loss=43903228.0000
L-BFGS | iteration: 475, total loss=129016623267840.0000, content_loss=4264716796.8750, style loss=129012318750000.0000, tv loss=43887460.0000
L-BFGS | iteration: 476, total loss=128927351701504.0000, content_loss=4263848046.8750, style loss=128923050000000.0000, tv loss=43888496.0000
L-BFGS | iteration: 477, total loss=128715824562176.0000, content_loss=4262242578.1250, style loss=128711521875000.0000, tv loss=43894668.0000
L-BFGS | iteration: 478, total loss=128521175302144.0000, content_loss=4262527343.7500, style loss=128516868750000.0000, tv loss=43902200.0000
L-BFGS | iteration: 479, total loss=128184674680832.0000, content_loss=4263626171.8750, style loss=128180371875000.0000, tv loss=43913680.0000
L-BFGS | iteration: 480, total loss=128028243918848.0000, content_loss=4263890234.3750, style loss=128023940625000.0000, tv loss=43928624.0000
L-BFGS | iteration: 481, total loss=127731211698176.0000, content_loss=4266783203.1250, style loss=127726903125000.0000, tv loss=43925828.0000
L-BFGS | iteration: 482, total loss=127615323078656.0000, content_loss=4265195312.5000, style loss=127611018750000.0000, tv loss=43930468.0000
L-BFGS | iteration: 483, total loss=127441678893056.0000, content_loss=4261878515.6250, style loss=127437375000000.0000, tv loss=43937600.0000
L-BFGS | iteration: 484, total loss=127308241305600.0000, content_loss=4261771093.7500, style loss=127303940625000.0000, tv loss=43941140.0000
L-BFGS | iteration: 485, total loss=127014614859776.0000, content_loss=4262025781.2500, style loss=127010315625000.0000, tv loss=43957584.0000
L-BFGS | iteration: 486, total loss=126879390498816.0000, content_loss=4264094531.2500, style loss=126875090625000.0000, tv loss=43953888.0000
L-BFGS | iteration: 487, total loss=126734502461440.0000, content_loss=4263541406.2500, style loss=126730200000000.0000, tv loss=43958860.0000
L-BFGS | iteration: 488, total loss=126649156763648.0000, content_loss=4263638671.8750, style loss=126644850000000.0000, tv loss=43963176.0000
L-BFGS | iteration: 489, total loss=126555179188224.0000, content_loss=4264050000.0000, style loss=126550875000000.0000, tv loss=43965004.0000
L-BFGS | iteration: 490, total loss=126305525825536.0000, content_loss=4264147265.6250, style loss=126301218750000.0000, tv loss=43971156.0000
L-BFGS | iteration: 491, total loss=126107386904576.0000, content_loss=4265923437.5000, style loss=126103078125000.0000, tv loss=43976136.0000
L-BFGS | iteration: 492, total loss=125987463364608.0000, content_loss=4265891406.2500, style loss=125983153125000.0000, tv loss=43984720.0000
L-BFGS | iteration: 493, total loss=125835705057280.0000, content_loss=4267123046.8750, style loss=125831390625000.0000, tv loss=43982328.0000
L-BFGS | iteration: 494, total loss=125659074527232.0000, content_loss=4268297656.2500, style loss=125654765625000.0000, tv loss=43988556.0000
