C:\Users\user\AppData\Roaming\Python\Python313\site-packages\torchvision\models\_utils.py:208: UserWarning: The parameter 'pretrained' is deprecated since 0.13 and may be removed in the future, please use 'weights' instead.
  warnings.warn(
C:\Users\user\AppData\Roaming\Python\Python313\site-packages\torchvision\models\_utils.py:223: UserWarning: Arguments other than a weight enum or `None` for 'weights' are deprecated since 0.13 and may be removed in the future. The current behavior is equivalent to passing `weights=VGG19_Weights.IMAGENET1K_V1`. You can also use `weights=VGG19_Weights.DEFAULT` to get the most up-to-date weights.
  warnings.warn(msg)
Using VGG19 in the optimization procedure.
L-BFGS | iteration: 000, total loss=1424053046870016.0000, content_loss=      0.0000, style loss=1424053050000000.0000, tv loss=3956215.0000
L-BFGS | iteration: 001, total loss=1424042846322688.0000, content_loss=     35.7677, style loss=1424042850000000.0000, tv loss=3956216.0000
L-BFGS | iteration: 002, total loss=1424015197470720.0000, content_loss=     47.3012, style loss=1424015250000000.0000, tv loss=3956219.2500
L-BFGS | iteration: 003, total loss=1423799912235008.0000, content_loss=     85.9327, style loss=1423799850000000.0000, tv loss=3956238.5000
L-BFGS | iteration: 004, total loss=1422812203974656.0000, content_loss=    364.2207, style loss=1422812250000000.0000, tv loss=3956344.5000
L-BFGS | iteration: 005, total loss=1417243510439936.0000, content_loss=   7512.9338, style loss=1417243500000000.0000, tv loss=3956927.2500
L-BFGS | iteration: 006, total loss=1386824270348288.0000, content_loss= 220372.5338, style loss=1386824250000000.0000, tv loss=3960135.5000
L-BFGS | iteration: 007, total loss=1240645863735296.0000, content_loss=5001762.3901, style loss=1240645800000000.0000, tv loss=3977817.0000
L-BFGS | iteration: 008, total loss=757636458872832.0000, content_loss=97861932.3730, style loss=757636425000000.0000, tv loss=4157540.0000
L-BFGS | iteration: 009, total loss=594096519380992.0000, content_loss=139274414.0625, style loss=594096412500000.0000, tv loss=4239088.0000
L-BFGS | iteration: 010, total loss=432145852006400.0000, content_loss=229170605.4688, style loss=432145612500000.0000, tv loss=4410402.5000
L-BFGS | iteration: 011, total loss=336653965066240.0000, content_loss=296538110.3516, style loss=336653662500000.0000, tv loss=4483172.5000
L-BFGS | iteration: 012, total loss=272943846260736.0000, content_loss=345771118.1641, style loss=272943487500000.0000, tv loss=4565185.0000
L-BFGS | iteration: 013, total loss=219315894747136.0000, content_loss=386547827.1484, style loss=219315506250000.0000, tv loss=4618062.5000
L-BFGS | iteration: 014, total loss=170167342465024.0000, content_loss=425735937.5000, style loss=170166918750000.0000, tv loss=4710368.0000
L-BFGS | iteration: 015, total loss=162558354915328.0000, content_loss=451978369.1406, style loss=162557906250000.0000, tv loss=4785949.0000
L-BFGS | iteration: 016, total loss=131635051757568.0000, content_loss=450457080.0781, style loss=131634590625000.0000, tv loss=4778134.0000
L-BFGS | iteration: 017, total loss=119560866889728.0000, content_loss=446343750.0000, style loss=119560415625000.0000, tv loss=4739504.5000
L-BFGS | iteration: 018, total loss=110721085997056.0000, content_loss=445701953.1250, style loss=110720634375000.0000, tv loss=4721285.5000
L-BFGS | iteration: 019, total loss=101515511463936.0000, content_loss=439458105.4688, style loss=101515068750000.0000, tv loss=4699863.5000
L-BFGS | iteration: 020, total loss=86023824474112.0000, content_loss=432417968.7500, style loss=86023378125000.0000, tv loss=4629462.0000
L-BFGS | iteration: 021, total loss=82822253510656.0000, content_loss=434268652.3438, style loss=82821806250000.0000, tv loss=4606229.0000
L-BFGS | iteration: 022, total loss=76470038822912.0000, content_loss=443251025.3906, style loss=76469582812500.0000, tv loss=4616206.5000
L-BFGS | iteration: 023, total loss=68402685149184.0000, content_loss=457816162.1094, style loss=68402221875000.0000, tv loss=4633211.0000
L-BFGS | iteration: 024, total loss=62766891139072.0000, content_loss=472231542.9688, style loss=62766412500000.0000, tv loss=4634167.0000
L-BFGS | iteration: 025, total loss=58387135987712.0000, content_loss=477386279.2969, style loss=58386651562500.0000, tv loss=4609787.0000
L-BFGS | iteration: 026, total loss=57048955879424.0000, content_loss=478336328.1250, style loss=57048473437500.0000, tv loss=4605502.5000
L-BFGS | iteration: 027, total loss=53215701762048.0000, content_loss=481072900.3906, style loss=53215214062500.0000, tv loss=4576640.0000
L-BFGS | iteration: 028, total loss=50357812068352.0000, content_loss=482007812.5000, style loss=50357325000000.0000, tv loss=4551084.0000
L-BFGS | iteration: 029, total loss=47223270277120.0000, content_loss=484971826.1719, style loss=47222779687500.0000, tv loss=4546839.5000
L-BFGS | iteration: 030, total loss=44569588662272.0000, content_loss=483756103.5156, style loss=44569101562500.0000, tv loss=4502255.0000
L-BFGS | iteration: 031, total loss=42954060201984.0000, content_loss=488200292.9688, style loss=42953568750000.0000, tv loss=4519055.0000
L-BFGS | iteration: 032, total loss=40845831045120.0000, content_loss=494778710.9375, style loss=40845332812500.0000, tv loss=4538422.5000
L-BFGS | iteration: 033, total loss=39292260843520.0000, content_loss=499457080.0781, style loss=39291757031250.0000, tv loss=4554822.0000
L-BFGS | iteration: 034, total loss=37611406098432.0000, content_loss=502727490.2344, style loss=37610899218750.0000, tv loss=4548656.0000
L-BFGS | iteration: 035, total loss=35932291989504.0000, content_loss=504121777.3438, style loss=35931785156250.0000, tv loss=4544438.5000
L-BFGS | iteration: 036, total loss=33656039014400.0000, content_loss=503275683.5938, style loss=33655530468750.0000, tv loss=4500368.0000
L-BFGS | iteration: 037, total loss=32507707785216.0000, content_loss=504349511.7188, style loss=32507200781250.0000, tv loss=4489245.0000
L-BFGS | iteration: 038, total loss=31128463343616.0000, content_loss=506487255.8594, style loss=31127950781250.0000, tv loss=4473178.0000
L-BFGS | iteration: 039, total loss=29274316734464.0000, content_loss=511131640.6250, style loss=29273800781250.0000, tv loss=4478617.0000
L-BFGS | iteration: 040, total loss=28306942459904.0000, content_loss=516713623.0469, style loss=28306422656250.0000, tv loss=4463777.5000
L-BFGS | iteration: 041, total loss=27223077683200.0000, content_loss=519251464.8438, style loss=27222553125000.0000, tv loss=4488939.0000
L-BFGS | iteration: 042, total loss=26628780457984.0000, content_loss=519949365.2344, style loss=26628255468750.0000, tv loss=4490346.0000
L-BFGS | iteration: 043, total loss=25979563016192.0000, content_loss=521568017.5781, style loss=25979036718750.0000, tv loss=4516967.0000
L-BFGS | iteration: 044, total loss=25037014827008.0000, content_loss=522771582.0312, style loss=25036488281250.0000, tv loss=4511513.0000
L-BFGS | iteration: 045, total loss=23764821606400.0000, content_loss=524521435.5469, style loss=23764293750000.0000, tv loss=4510646.5000
L-BFGS | iteration: 046, total loss=22421641887744.0000, content_loss=527500097.6562, style loss=22421109375000.0000, tv loss=4537236.5000
L-BFGS | iteration: 047, total loss=21277068754944.0000, content_loss=528045800.7812, style loss=21276536718750.0000, tv loss=4512106.0000
L-BFGS | iteration: 048, total loss=20758386442240.0000, content_loss=529314843.7500, style loss=20757853125000.0000, tv loss=4518753.0000
L-BFGS | iteration: 049, total loss=20016068034560.0000, content_loss=532119970.7031, style loss=20015531250000.0000, tv loss=4521676.0000
L-BFGS | iteration: 050, total loss=19229235478528.0000, content_loss=535668408.2031, style loss=19228695703125.0000, tv loss=4527551.0000
L-BFGS | iteration: 051, total loss=18405549670400.0000, content_loss=538834423.8281, style loss=18405005859375.0000, tv loss=4517502.0000
L-BFGS | iteration: 052, total loss=17829866766336.0000, content_loss=542445703.1250, style loss=17829318750000.0000, tv loss=4550379.0000
L-BFGS | iteration: 053, total loss=17111971790848.0000, content_loss=545710888.6719, style loss=17111422265625.0000, tv loss=4556285.5000
L-BFGS | iteration: 054, total loss=16497475846144.0000, content_loss=546796777.3438, style loss=16496925000000.0000, tv loss=4573410.5000
L-BFGS | iteration: 055, total loss=16171884609536.0000, content_loss=546798193.3594, style loss=16171333593750.0000, tv loss=4581177.0000
L-BFGS | iteration: 056, total loss=15588408688640.0000, content_loss=546734375.0000, style loss=15587858203125.0000, tv loss=4607667.0000
L-BFGS | iteration: 057, total loss=15074915778560.0000, content_loss=546688964.8438, style loss=15074364843750.0000, tv loss=4603009.0000
L-BFGS | iteration: 058, total loss=14502977339392.0000, content_loss=547658740.2344, style loss=14502425390625.0000, tv loss=4622047.0000
L-BFGS | iteration: 059, total loss=13978787905536.0000, content_loss=550133837.8906, style loss=13978232812500.0000, tv loss=4634681.0000
L-BFGS | iteration: 060, total loss=13522900615168.0000, content_loss=552391601.5625, style loss=13522344140625.0000, tv loss=4646791.0000
L-BFGS | iteration: 061, total loss=13007644000256.0000, content_loss=554608105.4688, style loss=13007084765625.0000, tv loss=4638903.5000
L-BFGS | iteration: 062, total loss=12753964105728.0000, content_loss=556076464.8438, style loss=12753404296875.0000, tv loss=4663362.0000
L-BFGS | iteration: 063, total loss=12453551276032.0000, content_loss=556191455.0781, style loss=12452991796875.0000, tv loss=4654918.0000
L-BFGS | iteration: 064, total loss=12188577169408.0000, content_loss=557325634.7656, style loss=12188015625000.0000, tv loss=4688447.0000
L-BFGS | iteration: 065, total loss=11888473669632.0000, content_loss=558089550.7812, style loss=11887911328125.0000, tv loss=4674581.5000
L-BFGS | iteration: 066, total loss=11678609571840.0000, content_loss=559100781.2500, style loss=11678046093750.0000, tv loss=4680600.0000
L-BFGS | iteration: 067, total loss=11321500237824.0000, content_loss=560957763.6719, style loss=11320934765625.0000, tv loss=4689735.0000
L-BFGS | iteration: 068, total loss=10789808242688.0000, content_loss=562589208.9844, style loss=10789241015625.0000, tv loss=4699475.5000
L-BFGS | iteration: 069, total loss=10365338386432.0000, content_loss=563091308.5938, style loss=10364771484375.0000, tv loss=4696799.5000
L-BFGS | iteration: 070, total loss=10023919943680.0000, content_loss=563286376.9531, style loss=10023352734375.0000, tv loss=4715232.0000
L-BFGS | iteration: 071, total loss=9754583760896.0000, content_loss=563762304.6875, style loss=9754015429687.5000, tv loss=4715272.0000
L-BFGS | iteration: 072, total loss=9598244225024.0000, content_loss=564231640.6250, style loss=9597674414062.5000, tv loss=4757830.5000
L-BFGS | iteration: 073, total loss=9375478448128.0000, content_loss=564910156.2500, style loss=9374908007812.5000, tv loss=4749506.0000
L-BFGS | iteration: 074, total loss=9121200865280.0000, content_loss=566094433.5938, style loss=9120629882812.5000, tv loss=4758851.5000
L-BFGS | iteration: 075, total loss=8829225926656.0000, content_loss=567489453.1250, style loss=8828653125000.0000, tv loss=4786852.0000
L-BFGS | iteration: 076, total loss=8612661952512.0000, content_loss=568268408.2031, style loss=8612088867187.5000, tv loss=4796895.0000
L-BFGS | iteration: 077, total loss=8396110036992.0000, content_loss=568502343.7500, style loss=8395536914062.5000, tv loss=4797664.5000
L-BFGS | iteration: 078, total loss=8181911126016.0000, content_loss=568703369.1406, style loss=8181337500000.0000, tv loss=4801905.0000
L-BFGS | iteration: 079, total loss=7993472581632.0000, content_loss=569209130.8594, style loss=7992898242187.5000, tv loss=4793280.0000
L-BFGS | iteration: 080, total loss=7927856889856.0000, content_loss=570739355.4688, style loss=7927281445312.5000, tv loss=4834720.0000
L-BFGS | iteration: 081, total loss=7844122853376.0000, content_loss=570265478.5156, style loss=7843547460937.5000, tv loss=4816907.5000
L-BFGS | iteration: 082, total loss=7565656719360.0000, content_loss=572364208.9844, style loss=7565079492187.5000, tv loss=4820273.0000
L-BFGS | iteration: 083, total loss=7399013351424.0000, content_loss=575839892.5781, style loss=7398433007812.5000, tv loss=4833035.0000
L-BFGS | iteration: 084, total loss=7188333461504.0000, content_loss=577001416.0156, style loss=7187751562500.0000, tv loss=4842336.0000
L-BFGS | iteration: 085, total loss=7099996700672.0000, content_loss=577751318.3594, style loss=7099414453125.0000, tv loss=4842364.5000
L-BFGS | iteration: 086, total loss=6970163068928.0000, content_loss=579298144.5312, style loss=6969578906250.0000, tv loss=4859599.0000
L-BFGS | iteration: 087, total loss=6763484020736.0000, content_loss=580618505.8594, style loss=6762898828125.0000, tv loss=4864552.5000
L-BFGS | iteration: 088, total loss=6685480452096.0000, content_loss=581655371.0938, style loss=6684894140625.0000, tv loss=4892913.0000
L-BFGS | iteration: 089, total loss=6490736295936.0000, content_loss=581249804.6875, style loss=6490150195312.5000, tv loss=4875125.0000
L-BFGS | iteration: 090, total loss=6392101470208.0000, content_loss=581306787.1094, style loss=6391515234375.0000, tv loss=4884888.0000
L-BFGS | iteration: 091, total loss=6286909374464.0000, content_loss=581067578.1250, style loss=6286323632812.5000, tv loss=4888088.5000
L-BFGS | iteration: 092, total loss=6101989326848.0000, content_loss=581139111.3281, style loss=6101403515625.0000, tv loss=4917535.5000
L-BFGS | iteration: 093, total loss=5944090558464.0000, content_loss=581423144.5312, style loss=5943504492187.5000, tv loss=4913224.5000
L-BFGS | iteration: 094, total loss=5803898568704.0000, content_loss=582298193.3594, style loss=5803311328125.0000, tv loss=4925008.5000
L-BFGS | iteration: 095, total loss=5706510499840.0000, content_loss=582985546.8750, style loss=5705922656250.0000, tv loss=4931767.0000
L-BFGS | iteration: 096, total loss=5620532510720.0000, content_loss=584312451.1719, style loss=5619943945312.5000, tv loss=4922989.0000
L-BFGS | iteration: 097, total loss=5541191483392.0000, content_loss=584994140.6250, style loss=5540601562500.0000, tv loss=4937584.0000
L-BFGS | iteration: 098, total loss=5458112806912.0000, content_loss=585203955.0781, style loss=5457523242187.5000, tv loss=4937788.5000
L-BFGS | iteration: 099, total loss=5338769129472.0000, content_loss=585870898.4375, style loss=5338178906250.0000, tv loss=4945905.0000
L-BFGS | iteration: 100, total loss=5213938778112.0000, content_loss=586858642.5781, style loss=5213347265625.0000, tv loss=4955528.0000
L-BFGS | iteration: 101, total loss=5091509665792.0000, content_loss=588704443.3594, style loss=5090915625000.0000, tv loss=4993024.0000
L-BFGS | iteration: 102, total loss=4970861035520.0000, content_loss=589415429.6875, style loss=4970266406250.0000, tv loss=4987971.5000
L-BFGS | iteration: 103, total loss=4896154189824.0000, content_loss=590341406.2500, style loss=4895558496093.7500, tv loss=5002539.5000
L-BFGS | iteration: 104, total loss=4809171664896.0000, content_loss=591401953.1250, style loss=4808574902343.7500, tv loss=5011930.0000
L-BFGS | iteration: 105, total loss=4739113680896.0000, content_loss=591846435.5469, style loss=4738516406250.0000, tv loss=5020822.0000
L-BFGS | iteration: 106, total loss=4665472712704.0000, content_loss=592093164.0625, style loss=4664875781250.0000, tv loss=5018168.5000
L-BFGS | iteration: 107, total loss=4623670706176.0000, content_loss=592393847.6562, style loss=4623073242187.5000, tv loss=5042200.0000
L-BFGS | iteration: 108, total loss=4514987376640.0000, content_loss=592360449.2188, style loss=4514389746093.7500, tv loss=5023052.0000
L-BFGS | iteration: 109, total loss=4465805492224.0000, content_loss=592658593.7500, style loss=4465207910156.2500, tv loss=5028514.0000
L-BFGS | iteration: 110, total loss=4351374917632.0000, content_loss=593621923.8281, style loss=4350776367187.5000, tv loss=5053375.0000
L-BFGS | iteration: 111, total loss=4272123281408.0000, content_loss=594102929.6875, style loss=4271524218750.0000, tv loss=5052587.5000
L-BFGS | iteration: 112, total loss=4184506368000.0000, content_loss=594564990.2344, style loss=4183906933593.7500, tv loss=5059322.0000
L-BFGS | iteration: 113, total loss=4100185653248.0000, content_loss=594800976.5625, style loss=4099585839843.7500, tv loss=5063779.0000
L-BFGS | iteration: 114, total loss=4013650608128.0000, content_loss=594821923.8281, style loss=4013050781250.0000, tv loss=5072681.0000
L-BFGS | iteration: 115, total loss=3937455308800.0000, content_loss=594777929.6875, style loss=3936855468750.0000, tv loss=5072917.0000
L-BFGS | iteration: 116, total loss=3883626397696.0000, content_loss=594803564.4531, style loss=3883026562500.0000, tv loss=5083217.0000
L-BFGS | iteration: 117, total loss=3833232097280.0000, content_loss=595057324.2188, style loss=3832632128906.2500, tv loss=5080270.0000
L-BFGS | iteration: 118, total loss=3781420646400.0000, content_loss=595212109.3750, style loss=3780820312500.0000, tv loss=5101098.0000
L-BFGS | iteration: 119, total loss=3738191265792.0000, content_loss=595725146.4844, style loss=3737590429687.5000, tv loss=5099813.0000
L-BFGS | iteration: 120, total loss=3681359233024.0000, content_loss=596611035.1562, style loss=3680757714843.7500, tv loss=5104828.0000
L-BFGS | iteration: 121, total loss=3611484487680.0000, content_loss=597198730.4688, style loss=3610882031250.0000, tv loss=5116483.5000
L-BFGS | iteration: 122, total loss=3544058429440.0000, content_loss=597600439.4531, style loss=3543455566406.2500, tv loss=5131063.5000
L-BFGS | iteration: 123, total loss=3501097222144.0000, content_loss=597400878.9062, style loss=3500494628906.2500, tv loss=5140815.0000
L-BFGS | iteration: 124, total loss=3447351410688.0000, content_loss=596988867.1875, style loss=3446749218750.0000, tv loss=5142913.5000
L-BFGS | iteration: 125, total loss=3418113179648.0000, content_loss=596835839.8438, style loss=3417510937500.0000, tv loss=5170670.0000
L-BFGS | iteration: 126, total loss=3371175510016.0000, content_loss=597573681.6406, style loss=3370572656250.0000, tv loss=5157336.0000
L-BFGS | iteration: 127, total loss=3322427998208.0000, content_loss=598297558.5938, style loss=3321824414062.5000, tv loss=5157660.0000
L-BFGS | iteration: 128, total loss=3273336815616.0000, content_loss=599461767.5781, style loss=3272731933593.7500, tv loss=5168798.5000
L-BFGS | iteration: 129, total loss=3220407844864.0000, content_loss=600519677.7344, style loss=3219802148437.5000, tv loss=5178962.0000
L-BFGS | iteration: 130, total loss=3156018200576.0000, content_loss=601503076.1719, style loss=3155411425781.2500, tv loss=5183563.0000
L-BFGS | iteration: 131, total loss=3115964956672.0000, content_loss=602189941.4062, style loss=3115357617187.5000, tv loss=5182285.5000
L-BFGS | iteration: 132, total loss=3063502602240.0000, content_loss=602210302.7344, style loss=3062895117187.5000, tv loss=5183894.0000
L-BFGS | iteration: 133, total loss=3027697401856.0000, content_loss=602158496.0938, style loss=3027089941406.2500, tv loss=5188736.5000
L-BFGS | iteration: 134, total loss=2981704499200.0000, content_loss=602229199.2188, style loss=2981097070312.5000, tv loss=5192363.0000
L-BFGS | iteration: 135, total loss=2981849989120.0000, content_loss=602440771.4844, style loss=2981242382812.5000, tv loss=5212662.5000
L-BFGS | iteration: 136, total loss=2953645391872.0000, content_loss=602383300.7812, style loss=2953037695312.5000, tv loss=5202374.0000
L-BFGS | iteration: 137, total loss=2919004635136.0000, content_loss=602915039.0625, style loss=2918396484375.0000, tv loss=5197229.0000
L-BFGS | iteration: 138, total loss=2894036729856.0000, content_loss=603573828.1250, style loss=2893427929687.5000, tv loss=5209354.0000
L-BFGS | iteration: 139, total loss=2865527783424.0000, content_loss=603810839.8438, style loss=2864918847656.2500, tv loss=5207888.5000
L-BFGS | iteration: 140, total loss=2820137549824.0000, content_loss=604226074.2188, style loss=2819528027343.7500, tv loss=5209013.5000
L-BFGS | iteration: 141, total loss=2783076679680.0000, content_loss=604529296.8750, style loss=2782466894531.2500, tv loss=5210971.0000
L-BFGS | iteration: 142, total loss=2743130390528.0000, content_loss=604837646.4844, style loss=2742520312500.0000, tv loss=5224644.0000
L-BFGS | iteration: 143, total loss=2696128495616.0000, content_loss=604907958.9844, style loss=2695518164062.5000, tv loss=5220560.0000
L-BFGS | iteration: 144, total loss=2673733795840.0000, content_loss=605028076.1719, style loss=2673123632812.5000, tv loss=5228783.5000
L-BFGS | iteration: 145, total loss=2644595441664.0000, content_loss=605053857.4219, style loss=2643985253906.2500, tv loss=5228830.0000
L-BFGS | iteration: 146, total loss=2604387794944.0000, content_loss=605138623.0469, style loss=2603777636718.7500, tv loss=5233768.0000
L-BFGS | iteration: 147, total loss=2569535225856.0000, content_loss=605391992.1875, style loss=2568924609375.0000, tv loss=5237771.5000
L-BFGS | iteration: 148, total loss=2539009867776.0000, content_loss=605561865.2344, style loss=2538399023437.5000, tv loss=5243967.0000
L-BFGS | iteration: 149, total loss=2504832843776.0000, content_loss=605923242.1875, style loss=2504221875000.0000, tv loss=5251647.0000
L-BFGS | iteration: 150, total loss=2472447836160.0000, content_loss=606234033.2031, style loss=2471836230468.7500, tv loss=5265307.5000
L-BFGS | iteration: 151, total loss=2439780237312.0000, content_loss=607297216.7969, style loss=2439167578125.0000, tv loss=5270205.5000
L-BFGS | iteration: 152, total loss=2419843923968.0000, content_loss=607410400.3906, style loss=2419231201171.8750, tv loss=5290120.0000
L-BFGS | iteration: 153, total loss=2390448144384.0000, content_loss=607351562.5000, style loss=2389835449218.7500, tv loss=5279522.0000
L-BFGS | iteration: 154, total loss=2375244840960.0000, content_loss=607501757.8125, style loss=2374632275390.6250, tv loss=5279029.5000
L-BFGS | iteration: 155, total loss=2353037049856.0000, content_loss=607912158.2031, style loss=2352423779296.8750, tv loss=5280573.0000
L-BFGS | iteration: 156, total loss=2312410497024.0000, content_loss=608544238.2812, style loss=2311796777343.7500, tv loss=5289490.0000
L-BFGS | iteration: 157, total loss=2266625998848.0000, content_loss=609375683.5938, style loss=2266011328125.0000, tv loss=5293277.5000
L-BFGS | iteration: 158, total loss=2236452962304.0000, content_loss=609444873.0469, style loss=2235838183593.7500, tv loss=5299879.0000
L-BFGS | iteration: 159, total loss=2215016660992.0000, content_loss=609380224.6094, style loss=2214401953125.0000, tv loss=5296247.0000
L-BFGS | iteration: 160, total loss=2191786770432.0000, content_loss=609346044.9219, style loss=2191172167968.7500, tv loss=5307753.5000
L-BFGS | iteration: 161, total loss=2166422372352.0000, content_loss=609459130.8594, style loss=2165807666015.6250, tv loss=5308228.0000
L-BFGS | iteration: 162, total loss=2128011591680.0000, content_loss=609896386.7188, style loss=2127396386718.7500, tv loss=5312026.0000
L-BFGS | iteration: 163, total loss=2101096218624.0000, content_loss=610375927.7344, style loss=2100480468750.0000, tv loss=5314089.0000
L-BFGS | iteration: 164, total loss=2077083828224.0000, content_loss=610906982.4219, style loss=2076467578125.0000, tv loss=5316768.5000
L-BFGS | iteration: 165, total loss=2053474877440.0000, content_loss=611464111.3281, style loss=2052858105468.7500, tv loss=5325211.0000
L-BFGS | iteration: 166, total loss=2031345205248.0000, content_loss=612139794.9219, style loss=2030727685546.8750, tv loss=5319300.0000
L-BFGS | iteration: 167, total loss=2002440421376.0000, content_loss=612124707.0312, style loss=2001822949218.7500, tv loss=5329842.0000
L-BFGS | iteration: 168, total loss=1979924217856.0000, content_loss=611829687.5000, style loss=1979306982421.8750, tv loss=5328049.0000
L-BFGS | iteration: 169, total loss=1954630336512.0000, content_loss=611677929.6875, style loss=1954013232421.8750, tv loss=5327098.0000
L-BFGS | iteration: 170, total loss=1934574616576.0000, content_loss=611910058.5938, style loss=1933957324218.7500, tv loss=5327726.5000
L-BFGS | iteration: 171, total loss=1916750004224.0000, content_loss=612347460.9375, style loss=1916132226562.5000, tv loss=5329076.0000
L-BFGS | iteration: 172, total loss=1884413755392.0000, content_loss=613175341.7969, style loss=1883795214843.7500, tv loss=5339001.0000
L-BFGS | iteration: 173, total loss=1867476107264.0000, content_loss=614206591.7969, style loss=1866856494140.6250, tv loss=5339596.0000
L-BFGS | iteration: 174, total loss=1847307272192.0000, content_loss=614142626.9531, style loss=1846687646484.3750, tv loss=5342845.5000
L-BFGS | iteration: 175, total loss=1832815951872.0000, content_loss=614087451.1719, style loss=1832196533203.1250, tv loss=5344445.0000
L-BFGS | iteration: 176, total loss=1818548240384.0000, content_loss=614213623.0469, style loss=1817928662109.3750, tv loss=5349173.0000
L-BFGS | iteration: 177, total loss=1791325765632.0000, content_loss=614875976.5625, style loss=1790705566406.2500, tv loss=5353901.0000
L-BFGS | iteration: 178, total loss=1773442039808.0000, content_loss=615300439.4531, style loss=1772821435546.8750, tv loss=5369854.0000
L-BFGS | iteration: 179, total loss=1749024899072.0000, content_loss=615551416.0156, style loss=1748403955078.1250, tv loss=5365365.0000
L-BFGS | iteration: 180, total loss=1730778497024.0000, content_loss=615899169.9219, style loss=1730157275390.6250, tv loss=5368382.5000
L-BFGS | iteration: 181, total loss=1709144539136.0000, content_loss=616325488.2812, style loss=1708522851562.5000, tv loss=5376031.0000
L-BFGS | iteration: 182, total loss=1684304822272.0000, content_loss=616862988.2812, style loss=1683682617187.5000, tv loss=5386984.5000
L-BFGS | iteration: 183, total loss=1658536067072.0000, content_loss=617248779.2969, style loss=1657913525390.6250, tv loss=5388079.0000
L-BFGS | iteration: 184, total loss=1643504599040.0000, content_loss=617543359.3750, style loss=1642881738281.2500, tv loss=5394832.5000
L-BFGS | iteration: 185, total loss=1621833285632.0000, content_loss=618123681.6406, style loss=1621209814453.1250, tv loss=5397830.0000
L-BFGS | iteration: 186, total loss=1607557316608.0000, content_loss=618274072.2656, style loss=1606933740234.3750, tv loss=5400013.5000
L-BFGS | iteration: 187, total loss=1592909234176.0000, content_loss=618426611.3281, style loss=1592285449218.7500, tv loss=5398753.0000
L-BFGS | iteration: 188, total loss=1572672503808.0000, content_loss=618673876.9531, style loss=1572048486328.1250, tv loss=5402405.5000
L-BFGS | iteration: 189, total loss=1555858194432.0000, content_loss=618776855.4688, style loss=1555233984375.0000, tv loss=5399994.5000
L-BFGS | iteration: 190, total loss=1539105488896.0000, content_loss=618816894.5312, style loss=1538481298828.1250, tv loss=5404666.0000
L-BFGS | iteration: 191, total loss=1516261605376.0000, content_loss=618788769.5312, style loss=1515637500000.0000, tv loss=5412369.0000
L-BFGS | iteration: 192, total loss=1501365010432.0000, content_loss=618869873.0469, style loss=1500740771484.3750, tv loss=5421150.0000
L-BFGS | iteration: 193, total loss=1486911832064.0000, content_loss=618988037.1094, style loss=1486287451171.8750, tv loss=5420003.0000
L-BFGS | iteration: 194, total loss=1469643751424.0000, content_loss=619080517.5781, style loss=1469019287109.3750, tv loss=5431666.0000
L-BFGS | iteration: 195, total loss=1453580091392.0000, content_loss=619236865.2344, style loss=1452955517578.1250, tv loss=5436575.0000
L-BFGS | iteration: 196, total loss=1432745541632.0000, content_loss=619501220.7031, style loss=1432120605468.7500, tv loss=5440239.5000
L-BFGS | iteration: 197, total loss=1411728146432.0000, content_loss=619490869.1406, style loss=1411103173828.1250, tv loss=5443350.5000
L-BFGS | iteration: 198, total loss=1389413007360.0000, content_loss=619542333.9844, style loss=1388787890625.0000, tv loss=5447736.0000
L-BFGS | iteration: 199, total loss=1371952644096.0000, content_loss=619743945.3125, style loss=1371327392578.1250, tv loss=5445834.0000
L-BFGS | iteration: 200, total loss=1377360281600.0000, content_loss=619496679.6875, style loss=1376735302734.3750, tv loss=5463436.0000
L-BFGS | iteration: 201, total loss=1362037047296.0000, content_loss=619641406.2500, style loss=1361412011718.7500, tv loss=5453930.0000
L-BFGS | iteration: 202, total loss=1347316350976.0000, content_loss=619821533.2031, style loss=1346691064453.1250, tv loss=5455191.0000
L-BFGS | iteration: 203, total loss=1334855204864.0000, content_loss=619994628.9062, style loss=1334229785156.2500, tv loss=5457437.0000
L-BFGS | iteration: 204, total loss=1320901541888.0000, content_loss=620194335.9375, style loss=1320275830078.1250, tv loss=5461343.0000
L-BFGS | iteration: 205, total loss=1303148888064.0000, content_loss=620477001.9531, style loss=1302522949218.7500, tv loss=5465015.5000
L-BFGS | iteration: 206, total loss=1287981105152.0000, content_loss=620758886.7188, style loss=1287354785156.2500, tv loss=5465219.0000
L-BFGS | iteration: 207, total loss=1278895849472.0000, content_loss=620798925.7812, style loss=1278269531250.0000, tv loss=5469012.5000
L-BFGS | iteration: 208, total loss=1263061827584.0000, content_loss=621112060.5469, style loss=1262435156250.0000, tv loss=5466228.0000
L-BFGS | iteration: 209, total loss=1246792777728.0000, content_loss=621252246.0938, style loss=1246166015625.0000, tv loss=5471605.0000
L-BFGS | iteration: 210, total loss=1230377713664.0000, content_loss=621457373.0469, style loss=1229750830078.1250, tv loss=5476195.0000
L-BFGS | iteration: 211, total loss=1215484002304.0000, content_loss=621624316.4062, style loss=1214856811523.4375, tv loss=5479599.0000
L-BFGS | iteration: 212, total loss=1199981854720.0000, content_loss=621813085.9375, style loss=1199354516601.5625, tv loss=5487652.0000
L-BFGS | iteration: 213, total loss=1183360090112.0000, content_loss=622225634.7656, style loss=1182732421875.0000, tv loss=5491980.0000
L-BFGS | iteration: 214, total loss=1176581701632.0000, content_loss=622361865.2344, style loss=1175953930664.0625, tv loss=5504199.0000
L-BFGS | iteration: 215, total loss=1159587692544.0000, content_loss=622849951.1719, style loss=1158959326171.8750, tv loss=5497263.5000
L-BFGS | iteration: 216, total loss=1151447334912.0000, content_loss=622848925.7812, style loss=1150818969726.5625, tv loss=5498769.5000
L-BFGS | iteration: 217, total loss=1140283539456.0000, content_loss=622934521.4844, style loss=1139655029296.8750, tv loss=5503459.0000
L-BFGS | iteration: 218, total loss=1128942272512.0000, content_loss=623082861.3281, style loss=1128313696289.0625, tv loss=5507588.5000
L-BFGS | iteration: 219, total loss=1114886504448.0000, content_loss=623625537.1094, style loss=1114257421875.0000, tv loss=5516022.0000
L-BFGS | iteration: 220, total loss=1102944665600.0000, content_loss=623789697.2656, style loss=1102315429687.5000, tv loss=5517526.0000
L-BFGS | iteration: 221, total loss=1094794739712.0000, content_loss=623966894.5312, style loss=1094165258789.0625, tv loss=5518214.0000
L-BFGS | iteration: 222, total loss=1084061450240.0000, content_loss=624171044.9219, style loss=1083431762695.3125, tv loss=5522178.0000
L-BFGS | iteration: 223, total loss=1071080669184.0000, content_loss=624437841.7969, style loss=1070450756835.9375, tv loss=5519162.0000
L-BFGS | iteration: 224, total loss=1061990957056.0000, content_loss=624338720.7031, style loss=1061361108398.4375, tv loss=5528219.5000
L-BFGS | iteration: 225, total loss=1053503520768.0000, content_loss=624398046.8750, style loss=1052873583984.3750, tv loss=5525676.5000
L-BFGS | iteration: 226, total loss=1044916994048.0000, content_loss=624343310.5469, style loss=1044287109375.0000, tv loss=5527013.0000
L-BFGS | iteration: 227, total loss=1035163074560.0000, content_loss=624375781.2500, style loss=1034533227539.0625, tv loss=5529424.0000
L-BFGS | iteration: 228, total loss=1021824008192.0000, content_loss=624556640.6250, style loss=1021193920898.4375, tv loss=5537217.5000
L-BFGS | iteration: 229, total loss=1008463970304.0000, content_loss=624841650.3906, style loss=1007833593750.0000, tv loss=5540398.5000
L-BFGS | iteration: 230, total loss=998617120768.0000, content_loss=625068554.6875, style loss=997986474609.3750, tv loss=5542195.5000
L-BFGS | iteration: 231, total loss=989533044736.0000, content_loss=625306396.4844, style loss=988902172851.5625, tv loss=5546952.0000
L-BFGS | iteration: 232, total loss=976581361664.0000, content_loss=625622167.9688, style loss=975950170898.4375, tv loss=5548590.5000
L-BFGS | iteration: 233, total loss=966541049856.0000, content_loss=625669531.2500, style loss=965909838867.1875, tv loss=5559587.0000
L-BFGS | iteration: 234, total loss=956242198528.0000, content_loss=625921728.5156, style loss=955610668945.3125, tv loss=5556600.0000
L-BFGS | iteration: 235, total loss=949458501632.0000, content_loss=625952246.0938, style loss=948826977539.0625, tv loss=5558535.5000
L-BFGS | iteration: 236, total loss=941701005312.0000, content_loss=626134082.0312, style loss=941069311523.4375, tv loss=5563162.0000
L-BFGS | iteration: 237, total loss=931938500608.0000, content_loss=626506054.6875, style loss=931306420898.4375, tv loss=5567490.0000
L-BFGS | iteration: 238, total loss=921982337024.0000, content_loss=627310400.3906, style loss=921349438476.5625, tv loss=5574602.0000
L-BFGS | iteration: 239, total loss=910535950336.0000, content_loss=627606396.4844, style loss=909902709960.9375, tv loss=5576070.0000
L-BFGS | iteration: 240, total loss=904264548352.0000, content_loss=627836767.5781, style loss=903631127929.6875, tv loss=5579718.0000
L-BFGS | iteration: 241, total loss=895172935680.0000, content_loss=628250195.3125, style loss=894539135742.1875, tv loss=5581276.5000
L-BFGS | iteration: 242, total loss=894047289344.0000, content_loss=628782617.1875, style loss=893412963867.1875, tv loss=5595425.0000
L-BFGS | iteration: 243, total loss=888994070528.0000, content_loss=628566210.9375, style loss=888359912109.3750, tv loss=5588820.5000
L-BFGS | iteration: 244, total loss=880608083968.0000, content_loss=628904589.8438, style loss=879973608398.4375, tv loss=5587879.5000
L-BFGS | iteration: 245, total loss=874169040896.0000, content_loss=629158007.8125, style loss=873534301757.8125, tv loss=5589852.0000
L-BFGS | iteration: 246, total loss=865807695872.0000, content_loss=629490478.5156, style loss=865172680664.0625, tv loss=5592216.0000
L-BFGS | iteration: 247, total loss=855866277888.0000, content_loss=629866748.0469, style loss=855230859375.0000, tv loss=5598804.5000
L-BFGS | iteration: 248, total loss=846607810560.0000, content_loss=630149560.5469, style loss=845972094726.5625, tv loss=5602024.5000
L-BFGS | iteration: 249, total loss=838582730752.0000, content_loss=630383007.8125, style loss=837946728515.6250, tv loss=5605591.5000
L-BFGS | iteration: 250, total loss=832115769344.0000, content_loss=630509912.1094, style loss=831479589843.7500, tv loss=5611652.5000
L-BFGS | iteration: 251, total loss=828068528128.0000, content_loss=630534082.0312, style loss=827432373046.8750, tv loss=5607558.5000
L-BFGS | iteration: 252, total loss=819639156736.0000, content_loss=630463623.0469, style loss=819003076171.8750, tv loss=5613497.0000
L-BFGS | iteration: 253, total loss=813130907648.0000, content_loss=630340185.5469, style loss=812494921875.0000, tv loss=5615467.0000
L-BFGS | iteration: 254, total loss=806517342208.0000, content_loss=630219775.3906, style loss=805881518554.6875, tv loss=5615842.0000
L-BFGS | iteration: 255, total loss=799385780224.0000, content_loss=630134375.0000, style loss=798750000000.0000, tv loss=5618170.0000
L-BFGS | iteration: 256, total loss=793426919424.0000, content_loss=630093945.3125, style loss=792791235351.5625, tv loss=5619481.0000
L-BFGS | iteration: 257, total loss=788038942720.0000, content_loss=630095361.3281, style loss=787403247070.3125, tv loss=5623212.0000
L-BFGS | iteration: 258, total loss=780417171456.0000, content_loss=630310400.3906, style loss=779781225585.9375, tv loss=5626444.0000
L-BFGS | iteration: 259, total loss=773030019072.0000, content_loss=630440234.3750, style loss=772393945312.5000, tv loss=5630724.0000
L-BFGS | iteration: 260, total loss=768327090176.0000, content_loss=630801953.1250, style loss=767690698242.1875, tv loss=5628142.0000
L-BFGS | iteration: 261, total loss=763836563456.0000, content_loss=630928320.3125, style loss=763200000000.0000, tv loss=5634984.5000
L-BFGS | iteration: 262, total loss=759370088448.0000, content_loss=630994482.4219, style loss=758733471679.6875, tv loss=5633516.0000
L-BFGS | iteration: 263, total loss=753489018880.0000, content_loss=631179052.7344, style loss=752852197265.6250, tv loss=5635344.5000
L-BFGS | iteration: 264, total loss=746407788544.0000, content_loss=631498193.3594, style loss=745770629882.8125, tv loss=5639118.0000
L-BFGS | iteration: 265, total loss=739343073280.0000, content_loss=631868554.6875, style loss=738705541992.1875, tv loss=5648003.0000
L-BFGS | iteration: 266, total loss=732566978560.0000, content_loss=632075585.9375, style loss=731929248046.8750, tv loss=5647424.0000
L-BFGS | iteration: 267, total loss=727078207488.0000, content_loss=632243066.4062, style loss=726440332031.2500, tv loss=5647927.0000
L-BFGS | iteration: 268, total loss=721005641728.0000, content_loss=632328759.7656, style loss=720367675781.2500, tv loss=5648771.0000
L-BFGS | iteration: 269, total loss=715339792384.0000, content_loss=632254931.6406, style loss=714701953125.0000, tv loss=5654874.0000
L-BFGS | iteration: 270, total loss=710545309696.0000, content_loss=632184130.8594, style loss=709907519531.2500, tv loss=5652383.5000
L-BFGS | iteration: 271, total loss=705986166784.0000, content_loss=632083593.7500, style loss=705348413085.9375, tv loss=5655557.5000
L-BFGS | iteration: 272, total loss=700734636032.0000, content_loss=631935595.7031, style loss=700097021484.3750, tv loss=5660133.5000
L-BFGS | iteration: 273, total loss=694436560896.0000, content_loss=631881835.9375, style loss=693798999023.4375, tv loss=5662949.0000
L-BFGS | iteration: 274, total loss=688048832512.0000, content_loss=631963964.8438, style loss=687411254882.8125, tv loss=5665927.0000
L-BFGS | iteration: 275, total loss=683950276608.0000, content_loss=632142822.2656, style loss=683312475585.9375, tv loss=5665050.0000
L-BFGS | iteration: 276, total loss=680413167616.0000, content_loss=632252832.0312, style loss=679775317382.8125, tv loss=5668038.0000
L-BFGS | iteration: 277, total loss=675151478784.0000, content_loss=632580664.0625, style loss=674513305664.0625, tv loss=5667090.0000
L-BFGS | iteration: 278, total loss=668693102592.0000, content_loss=632851464.8438, style loss=668054516601.5625, tv loss=5670675.0000
L-BFGS | iteration: 279, total loss=661591818240.0000, content_loss=633140234.3750, style loss=660952954101.5625, tv loss=5673498.0000
L-BFGS | iteration: 280, total loss=656924344320.0000, content_loss=633345751.9531, style loss=656285302734.3750, tv loss=5674864.0000
L-BFGS | iteration: 281, total loss=653307543552.0000, content_loss=633361523.4375, style loss=652668530273.4375, tv loss=5675933.5000
L-BFGS | iteration: 282, total loss=649403760640.0000, content_loss=633435498.0469, style loss=648764648437.5000, tv loss=5676529.5000
L-BFGS | iteration: 283, total loss=645904007168.0000, content_loss=633536865.2344, style loss=645264770507.8125, tv loss=5679924.0000
L-BFGS | iteration: 284, total loss=640249364480.0000, content_loss=633978173.8281, style loss=639609667968.7500, tv loss=5680061.5000
L-BFGS | iteration: 285, total loss=634926202880.0000, content_loss=634109082.0312, style loss=634286352539.0625, tv loss=5683303.0000
L-BFGS | iteration: 286, total loss=629811970048.0000, content_loss=634273388.6719, style loss=629171997070.3125, tv loss=5685151.0000
L-BFGS | iteration: 287, total loss=624702390272.0000, content_loss=634484570.3125, style loss=624062255859.3750, tv loss=5687292.0000
L-BFGS | iteration: 288, total loss=619505057792.0000, content_loss=634512890.6250, style loss=618864843750.0000, tv loss=5692340.5000
L-BFGS | iteration: 289, total loss=615312326656.0000, content_loss=634519677.7344, style loss=614672094726.5625, tv loss=5690663.0000
L-BFGS | iteration: 290, total loss=612311040000.0000, content_loss=634452001.9531, style loss=611670886230.4688, tv loss=5693348.0000
L-BFGS | iteration: 291, total loss=609284915200.0000, content_loss=634401513.6719, style loss=608644812011.7188, tv loss=5695303.5000
L-BFGS | iteration: 292, total loss=604777676800.0000, content_loss=634401074.2188, style loss=604137597656.2500, tv loss=5697771.0000
L-BFGS | iteration: 293, total loss=600267030528.0000, content_loss=634477734.3750, style loss=599626867675.7812, tv loss=5699755.0000
L-BFGS | iteration: 294, total loss=597264367616.0000, content_loss=634558593.7500, style loss=596624084472.6562, tv loss=5701084.0000
L-BFGS | iteration: 295, total loss=593497817088.0000, content_loss=634715039.0625, style loss=592857385253.9062, tv loss=5702878.0000
L-BFGS | iteration: 296, total loss=589294141440.0000, content_loss=634985400.3906, style loss=588653430175.7812, tv loss=5704647.0000
L-BFGS | iteration: 297, total loss=585812738048.0000, content_loss=635092968.7500, style loss=585171936035.1562, tv loss=5706717.0000
L-BFGS | iteration: 298, total loss=583567736832.0000, content_loss=635353857.4219, style loss=582926660156.2500, tv loss=5704600.0000
L-BFGS | iteration: 299, total loss=581341872128.0000, content_loss=635332666.0156, style loss=580700866699.2188, tv loss=5708964.0000
L-BFGS | iteration: 300, total loss=579541532672.0000, content_loss=635310400.3906, style loss=578900500488.2812, tv loss=5708037.0000
L-BFGS | iteration: 301, total loss=575024857088.0000, content_loss=635357519.5312, style loss=574383801269.5312, tv loss=5707558.5000
L-BFGS | iteration: 302, total loss=570532560896.0000, content_loss=635456640.6250, style loss=569891418457.0312, tv loss=5708370.0000
L-BFGS | iteration: 303, total loss=566980509696.0000, content_loss=635648144.5312, style loss=566339172363.2812, tv loss=5712264.0000
L-BFGS | iteration: 304, total loss=561843142656.0000, content_loss=635783251.9531, style loss=561201672363.2812, tv loss=5711205.0000
L-BFGS | iteration: 305, total loss=560004726784.0000, content_loss=635848828.1250, style loss=559363183593.7500, tv loss=5711217.0000
L-BFGS | iteration: 306, total loss=556817448960.0000, content_loss=635935498.0469, style loss=556175793457.0312, tv loss=5712564.5000
L-BFGS | iteration: 307, total loss=553235251200.0000, content_loss=636078173.8281, style loss=552593444824.2188, tv loss=5714573.5000
L-BFGS | iteration: 308, total loss=549802999808.0000, content_loss=636075390.6250, style loss=549161206054.6875, tv loss=5717930.0000
L-BFGS | iteration: 309, total loss=547049144320.0000, content_loss=636164013.6719, style loss=546407299804.6875, tv loss=5716624.5000
L-BFGS | iteration: 310, total loss=544507625472.0000, content_loss=636143164.0625, style loss=543865722656.2500, tv loss=5718859.5000
L-BFGS | iteration: 311, total loss=542288379904.0000, content_loss=636181689.4531, style loss=541646447753.9062, tv loss=5719694.5000
L-BFGS | iteration: 312, total loss=538989395968.0000, content_loss=636299755.8594, style loss=538347363281.2500, tv loss=5721020.0000
L-BFGS | iteration: 313, total loss=534850437120.0000, content_loss=636466406.2500, style loss=534208264160.1562, tv loss=5723372.5000
L-BFGS | iteration: 314, total loss=531330367488.0000, content_loss=636652001.9531, style loss=530687988281.2500, tv loss=5723643.0000
L-BFGS | iteration: 315, total loss=529330110464.0000, content_loss=636710937.5000, style loss=528687670898.4375, tv loss=5725373.0000
L-BFGS | iteration: 316, total loss=526805008384.0000, content_loss=636878466.7969, style loss=526162390136.7188, tv loss=5724983.5000
L-BFGS | iteration: 317, total loss=524303106048.0000, content_loss=636946191.4062, style loss=523660437011.7188, tv loss=5727690.5000
L-BFGS | iteration: 318, total loss=521596731392.0000, content_loss=637008300.7812, style loss=520953991699.2188, tv loss=5727468.0000
L-BFGS | iteration: 319, total loss=518494126080.0000, content_loss=637109570.3125, style loss=517851269531.2500, tv loss=5727849.0000
L-BFGS | iteration: 320, total loss=515736272896.0000, content_loss=637265722.6562, style loss=515093261718.7500, tv loss=5729501.0000
L-BFGS | iteration: 321, total loss=512987693056.0000, content_loss=637367382.8125, style loss=512344592285.1562, tv loss=5729998.0000
L-BFGS | iteration: 322, total loss=509692936192.0000, content_loss=637459472.6562, style loss=509049719238.2812, tv loss=5732323.0000
L-BFGS | iteration: 323, total loss=508149268480.0000, content_loss=637607470.7031, style loss=507505920410.1562, tv loss=5730755.5000
L-BFGS | iteration: 324, total loss=506536099840.0000, content_loss=637586083.9844, style loss=505892761230.4688, tv loss=5732439.0000
L-BFGS | iteration: 325, total loss=504499437568.0000, content_loss=637590917.9688, style loss=503856115722.6562, tv loss=5733932.0000
L-BFGS | iteration: 326, total loss=502792355840.0000, content_loss=637614062.5000, style loss=502149023437.5000, tv loss=5734693.0000
L-BFGS | iteration: 327, total loss=498766446592.0000, content_loss=637754492.1875, style loss=498122937011.7188, tv loss=5736342.5000
L-BFGS | iteration: 328, total loss=495680847872.0000, content_loss=637920605.4688, style loss=495037170410.1562, tv loss=5738921.5000
L-BFGS | iteration: 329, total loss=493168754688.0000, content_loss=638050000.0000, style loss=492524963378.9062, tv loss=5737936.0000
L-BFGS | iteration: 330, total loss=491433033728.0000, content_loss=638134082.0312, style loss=490789160156.2500, tv loss=5739557.0000
L-BFGS | iteration: 331, total loss=489588293632.0000, content_loss=638232177.7344, style loss=488944335937.5000, tv loss=5739401.0000
L-BFGS | iteration: 332, total loss=486831357952.0000, content_loss=638341650.3906, style loss=486187280273.4375, tv loss=5741081.0000
L-BFGS | iteration: 333, total loss=483636838400.0000, content_loss=638554687.5000, style loss=482992565917.9688, tv loss=5742863.0000
L-BFGS | iteration: 334, total loss=480932691968.0000, content_loss=638726806.6406, style loss=480288244628.9062, tv loss=5743709.0000
L-BFGS | iteration: 335, total loss=478913560576.0000, content_loss=638870166.0156, style loss=478268957519.5312, tv loss=5746042.0000
L-BFGS | iteration: 336, total loss=476823388160.0000, content_loss=639136230.4688, style loss=476178515625.0000, tv loss=5745392.0000
L-BFGS | iteration: 337, total loss=474978058240.0000, content_loss=639258105.4688, style loss=474333068847.6562, tv loss=5746744.0000
L-BFGS | iteration: 338, total loss=472951390208.0000, content_loss=639378808.5938, style loss=472306274414.0625, tv loss=5747017.0000
L-BFGS | iteration: 339, total loss=469665710080.0000, content_loss=639603173.8281, style loss=469020373535.1562, tv loss=5747758.5000
L-BFGS | iteration: 340, total loss=466673664000.0000, content_loss=639786621.0938, style loss=466028137207.0312, tv loss=5748724.0000
L-BFGS | iteration: 341, total loss=464492527616.0000, content_loss=639892138.6719, style loss=463846911621.0938, tv loss=5749165.0000
L-BFGS | iteration: 342, total loss=462369128448.0000, content_loss=640004882.8125, style loss=461723400878.9062, tv loss=5750043.0000
L-BFGS | iteration: 343, total loss=460102041600.0000, content_loss=640097509.7656, style loss=459456225585.9375, tv loss=5750346.0000
L-BFGS | iteration: 344, total loss=457507766272.0000, content_loss=640193212.8906, style loss=456861804199.2188, tv loss=5752174.0000
L-BFGS | iteration: 345, total loss=456056438784.0000, content_loss=640235693.3594, style loss=455410437011.7188, tv loss=5751124.0000
L-BFGS | iteration: 346, total loss=454684999680.0000, content_loss=640215234.3750, style loss=454039013671.8750, tv loss=5754122.0000
L-BFGS | iteration: 347, total loss=453259395072.0000, content_loss=640213525.3906, style loss=452613391113.2812, tv loss=5754356.0000
L-BFGS | iteration: 348, total loss=451324116992.0000, content_loss=640232128.9062, style loss=450678112792.9688, tv loss=5755474.0000
L-BFGS | iteration: 349, total loss=449709211648.0000, content_loss=640275244.1406, style loss=449063159179.6875, tv loss=5756214.0000
L-BFGS | iteration: 350, total loss=447227232256.0000, content_loss=640352246.0938, style loss=446581127929.6875, tv loss=5758106.0000
L-BFGS | iteration: 351, total loss=445037248512.0000, content_loss=640412353.5156, style loss=444391076660.1562, tv loss=5758060.5000
L-BFGS | iteration: 352, total loss=443304378368.0000, content_loss=640448535.1562, style loss=442658166503.9062, tv loss=5758230.5000
L-BFGS | iteration: 353, total loss=441136185344.0000, content_loss=640529345.7031, style loss=440489904785.1562, tv loss=5757555.0000
L-BFGS | iteration: 354, total loss=439154147328.0000, content_loss=640579345.7031, style loss=438507788085.9375, tv loss=5758617.5000
L-BFGS | iteration: 355, total loss=436871462912.0000, content_loss=640764648.4375, style loss=436224902343.7500, tv loss=5757972.0000
L-BFGS | iteration: 356, total loss=435321569280.0000, content_loss=640840478.5156, style loss=434674951171.8750, tv loss=5761605.0000
L-BFGS | iteration: 357, total loss=433763844096.0000, content_loss=640925976.5625, style loss=433117126464.8438, tv loss=5761774.0000
L-BFGS | iteration: 358, total loss=432465674240.0000, content_loss=640991455.0781, style loss=431818908691.4062, tv loss=5762401.0000
L-BFGS | iteration: 359, total loss=430224474112.0000, content_loss=641082812.5000, style loss=429577624511.7188, tv loss=5763263.0000
L-BFGS | iteration: 360, total loss=427831328768.0000, content_loss=641279296.8750, style loss=427184289550.7812, tv loss=5765028.5000
L-BFGS | iteration: 361, total loss=425992421376.0000, content_loss=641366406.2500, style loss=425345288085.9375, tv loss=5764292.5000
L-BFGS | iteration: 362, total loss=424712011776.0000, content_loss=641410156.2500, style loss=424064831542.9688, tv loss=5764567.0000
L-BFGS | iteration: 363, total loss=423059587072.0000, content_loss=641502050.7812, style loss=422412304687.5000, tv loss=5763635.0000
L-BFGS | iteration: 364, total loss=421399855104.0000, content_loss=641468359.3750, style loss=420752636718.7500, tv loss=5765074.0000
L-BFGS | iteration: 365, total loss=419947741184.0000, content_loss=641465136.7188, style loss=419300500488.2812, tv loss=5765024.5000
L-BFGS | iteration: 366, total loss=418781790208.0000, content_loss=641409082.0312, style loss=418134631347.6562, tv loss=5766717.0000
L-BFGS | iteration: 367, total loss=417801928704.0000, content_loss=641409765.6250, style loss=417154760742.1875, tv loss=5766203.5000
L-BFGS | iteration: 368, total loss=416230342656.0000, content_loss=641418945.3125, style loss=415583129882.8125, tv loss=5766225.5000
L-BFGS | iteration: 369, total loss=414036230144.0000, content_loss=641434619.1406, style loss=413389013671.8750, tv loss=5766927.0000
L-BFGS | iteration: 370, total loss=411861188608.0000, content_loss=641605224.6094, style loss=411213830566.4062, tv loss=5768797.0000
L-BFGS | iteration: 371, total loss=409974145024.0000, content_loss=641781884.7656, style loss=409326599121.0938, tv loss=5768799.0000
L-BFGS | iteration: 372, total loss=408731516928.0000, content_loss=641865820.3125, style loss=408083898925.7812, tv loss=5769735.0000
L-BFGS | iteration: 373, total loss=406959685632.0000, content_loss=642069091.7969, style loss=406311877441.4062, tv loss=5770459.0000
L-BFGS | iteration: 374, total loss=405188575232.0000, content_loss=642109423.8281, style loss=404540698242.1875, tv loss=5772472.0000
L-BFGS | iteration: 375, total loss=403559383040.0000, content_loss=642203808.5938, style loss=402911389160.1562, tv loss=5772033.0000
L-BFGS | iteration: 376, total loss=402223431680.0000, content_loss=642229736.3281, style loss=401575451660.1562, tv loss=5773552.0000
L-BFGS | iteration: 377, total loss=401193500672.0000, content_loss=642234765.6250, style loss=400545520019.5312, tv loss=5773474.5000
L-BFGS | iteration: 378, total loss=399373795328.0000, content_loss=642300146.4844, style loss=398725744628.9062, tv loss=5774396.0000
L-BFGS | iteration: 379, total loss=397650264064.0000, content_loss=642493505.8594, style loss=397002026367.1875, tv loss=5776180.0000
L-BFGS | iteration: 380, total loss=395922407424.0000, content_loss=642594677.7344, style loss=395274060058.5938, tv loss=5775838.5000
L-BFGS | iteration: 381, total loss=395000381440.0000, content_loss=642692285.1562, style loss=394351940917.9688, tv loss=5776295.5000
L-BFGS | iteration: 382, total loss=393983492096.0000, content_loss=642811572.2656, style loss=393334899902.3438, tv loss=5775869.0000
L-BFGS | iteration: 383, total loss=392723824640.0000, content_loss=642895166.0156, style loss=392075134277.3438, tv loss=5777489.0000
L-BFGS | iteration: 384, total loss=391318994944.0000, content_loss=642928027.3438, style loss=390670275878.9062, tv loss=5776718.0000
L-BFGS | iteration: 385, total loss=390321831936.0000, content_loss=642900195.3125, style loss=389673156738.2812, tv loss=5776904.0000
L-BFGS | iteration: 386, total loss=388653383680.0000, content_loss=642912011.7188, style loss=388004699707.0312, tv loss=5777481.0000
L-BFGS | iteration: 387, total loss=386968354816.0000, content_loss=643030224.6094, style loss=386319543457.0312, tv loss=5778753.0000
L-BFGS | iteration: 388, total loss=385656979456.0000, content_loss=643125634.7656, style loss=385008068847.6562, tv loss=5778627.5000
L-BFGS | iteration: 389, total loss=384438894592.0000, content_loss=643248974.6094, style loss=383789904785.1562, tv loss=5779124.0000
L-BFGS | iteration: 390, total loss=383206391808.0000, content_loss=643386376.9531, style loss=382557238769.5312, tv loss=5778999.5000
L-BFGS | iteration: 391, total loss=381837246464.0000, content_loss=643448681.6406, style loss=381188049316.4062, tv loss=5780487.5000
L-BFGS | iteration: 392, total loss=380525641728.0000, content_loss=643534619.1406, style loss=379876354980.4688, tv loss=5780734.0000
L-BFGS | iteration: 393, total loss=379465007104.0000, content_loss=643545410.1562, style loss=378815698242.1875, tv loss=5782581.5000
L-BFGS | iteration: 394, total loss=378558611456.0000, content_loss=643562060.5469, style loss=377909289550.7812, tv loss=5782355.0000
L-BFGS | iteration: 395, total loss=377307136000.0000, content_loss=643622607.4219, style loss=376657727050.7812, tv loss=5782944.5000
L-BFGS | iteration: 396, total loss=376029773824.0000, content_loss=643694189.4531, style loss=375380310058.5938, tv loss=5783097.5000
L-BFGS | iteration: 397, total loss=374848552960.0000, content_loss=643728515.6250, style loss=374199060058.5938, tv loss=5783359.0000
L-BFGS | iteration: 398, total loss=373543305216.0000, content_loss=643741210.9375, style loss=372893811035.1562, tv loss=5783209.0000
L-BFGS | iteration: 399, total loss=372089192448.0000, content_loss=643667675.7812, style loss=371439733886.7188, tv loss=5784678.0000
L-BFGS | iteration: 400, total loss=370746359808.0000, content_loss=643710742.1875, style loss=370096875000.0000, tv loss=5783842.5000
L-BFGS | iteration: 401, total loss=369786126336.0000, content_loss=643703857.4219, style loss=369136633300.7812, tv loss=5785057.5000
L-BFGS | iteration: 402, total loss=368659726336.0000, content_loss=643795751.9531, style loss=368010131835.9375, tv loss=5786401.5000
L-BFGS | iteration: 403, total loss=367665807360.0000, content_loss=643874267.5781, style loss=367016162109.3750, tv loss=5787506.0000
L-BFGS | iteration: 404, total loss=366411218944.0000, content_loss=644056250.0000, style loss=365761376953.1250, tv loss=5787875.5000
L-BFGS | iteration: 405, total loss=365314899968.0000, content_loss=644173681.6406, style loss=364664904785.1562, tv loss=5788067.0000
L-BFGS | iteration: 406, total loss=364159533056.0000, content_loss=644278808.5938, style loss=363509436035.1562, tv loss=5787612.0000
L-BFGS | iteration: 407, total loss=362977722368.0000, content_loss=644332226.5625, style loss=362327600097.6562, tv loss=5787482.5000
L-BFGS | iteration: 408, total loss=361644064768.0000, content_loss=644419384.7656, style loss=360993859863.2812, tv loss=5787564.0000
L-BFGS | iteration: 409, total loss=360569896960.0000, content_loss=644452343.7500, style loss=359919653320.3125, tv loss=5788894.5000
L-BFGS | iteration: 410, total loss=359556481024.0000, content_loss=644606054.6875, style loss=358906054687.5000, tv loss=5788300.0000
L-BFGS | iteration: 411, total loss=358409928704.0000, content_loss=644611279.2969, style loss=357759521484.3750, tv loss=5790029.0000
L-BFGS | iteration: 412, total loss=357359419392.0000, content_loss=644636376.9531, style loss=356708972167.9688, tv loss=5790335.0000
L-BFGS | iteration: 413, total loss=355957342208.0000, content_loss=644653906.2500, style loss=355306896972.6562, tv loss=5790503.5000
L-BFGS | iteration: 414, total loss=354566602752.0000, content_loss=644642919.9219, style loss=353916174316.4062, tv loss=5789779.0000
L-BFGS | iteration: 415, total loss=353358610432.0000, content_loss=644665625.0000, style loss=352708117675.7812, tv loss=5789518.0000
L-BFGS | iteration: 416, total loss=352489701376.0000, content_loss=644637744.1406, style loss=351839245605.4688, tv loss=5790148.5000
L-BFGS | iteration: 417, total loss=351656607744.0000, content_loss=644689648.4375, style loss=351006115722.6562, tv loss=5789446.5000
L-BFGS | iteration: 418, total loss=350988042240.0000, content_loss=644734570.3125, style loss=350337487792.9688, tv loss=5790082.5000
L-BFGS | iteration: 419, total loss=349686169600.0000, content_loss=644818896.4844, style loss=349035571289.0625, tv loss=5791350.0000
L-BFGS | iteration: 420, total loss=348751855616.0000, content_loss=644916650.3906, style loss=348101147460.9375, tv loss=5791837.0000
L-BFGS | iteration: 421, total loss=347716616192.0000, content_loss=644962841.7969, style loss=347065832519.5312, tv loss=5792007.0000
L-BFGS | iteration: 422, total loss=346292879360.0000, content_loss=644984716.7969, style loss=345642114257.8125, tv loss=5792403.5000
L-BFGS | iteration: 423, total loss=345369804800.0000, content_loss=645093408.2031, style loss=344718896484.3750, tv loss=5791538.0000
L-BFGS | iteration: 424, total loss=344696258560.0000, content_loss=645076318.3594, style loss=344045397949.2188, tv loss=5791966.5000
L-BFGS | iteration: 425, total loss=343947214848.0000, content_loss=645136035.1562, style loss=343296276855.4688, tv loss=5791823.0000
L-BFGS | iteration: 426, total loss=343339892736.0000, content_loss=645197949.2188, style loss=342688879394.5312, tv loss=5792428.0000
L-BFGS | iteration: 427, total loss=342367174656.0000, content_loss=645382519.5312, style loss=341715966796.8750, tv loss=5792735.0000
L-BFGS | iteration: 428, total loss=341209382912.0000, content_loss=645545166.0156, style loss=340558044433.5938, tv loss=5793648.5000
L-BFGS | iteration: 429, total loss=339985268736.0000, content_loss=645702197.2656, style loss=339333764648.4375, tv loss=5793317.5000
L-BFGS | iteration: 430, total loss=339017236480.0000, content_loss=645794970.7031, style loss=338365649414.0625, tv loss=5792906.0000
L-BFGS | iteration: 431, total loss=337950277632.0000, content_loss=645862988.2812, style loss=337298620605.4688, tv loss=5793056.0000
L-BFGS | iteration: 432, total loss=337009672192.0000, content_loss=645926171.8750, style loss=336357934570.3125, tv loss=5792538.0000
L-BFGS | iteration: 433, total loss=336208297984.0000, content_loss=645960986.3281, style loss=335556555175.7812, tv loss=5793044.0000
L-BFGS | iteration: 434, total loss=335236005888.0000, content_loss=646017431.6406, style loss=334584191894.5312, tv loss=5793191.0000
L-BFGS | iteration: 435, total loss=334125072384.0000, content_loss=646041748.0469, style loss=333473217773.4375, tv loss=5793182.0000
L-BFGS | iteration: 436, total loss=333108936704.0000, content_loss=646092822.2656, style loss=332457055664.0625, tv loss=5793140.0000
L-BFGS | iteration: 437, total loss=332423266304.0000, content_loss=646133154.2969, style loss=331771362304.6875, tv loss=5793039.0000
L-BFGS | iteration: 438, total loss=331483316224.0000, content_loss=646197216.7969, style loss=330831335449.2188, tv loss=5793112.0000
L-BFGS | iteration: 439, total loss=330489921536.0000, content_loss=646237548.8281, style loss=329837878417.9688, tv loss=5793573.5000
L-BFGS | iteration: 440, total loss=329889841152.0000, content_loss=646300488.2812, style loss=329237731933.5938, tv loss=5793021.0000
L-BFGS | iteration: 441, total loss=329205710848.0000, content_loss=646290869.1406, style loss=328553613281.2500, tv loss=5794457.5000
L-BFGS | iteration: 442, total loss=328713371648.0000, content_loss=646295312.5000, style loss=328061279296.8750, tv loss=5794612.5000
L-BFGS | iteration: 443, total loss=328066727936.0000, content_loss=646323486.3281, style loss=327414624023.4375, tv loss=5794889.0000
L-BFGS | iteration: 444, total loss=327165378560.0000, content_loss=646378564.4531, style loss=326513195800.7812, tv loss=5795011.0000
L-BFGS | iteration: 445, total loss=325991071744.0000, content_loss=646522412.1094, style loss=325338757324.2188, tv loss=5795353.0000
L-BFGS | iteration: 446, total loss=325168857088.0000, content_loss=646618261.7188, style loss=324516430664.0625, tv loss=5794848.0000
L-BFGS | iteration: 447, total loss=324544069632.0000, content_loss=646678515.6250, style loss=323891601562.5000, tv loss=5794578.0000
L-BFGS | iteration: 448, total loss=323585343488.0000, content_loss=646794628.9062, style loss=322932751464.8438, tv loss=5793745.0000
L-BFGS | iteration: 449, total loss=322566553600.0000, content_loss=646868359.3750, style loss=321913879394.5312, tv loss=5793834.0000
L-BFGS | iteration: 450, total loss=321654095872.0000, content_loss=646947998.0469, style loss=321001354980.4688, tv loss=5793381.0000
L-BFGS | iteration: 451, total loss=320938737664.0000, content_loss=646979199.2188, style loss=320285961914.0625, tv loss=5793885.0000
L-BFGS | iteration: 452, total loss=320308903936.0000, content_loss=647017871.0938, style loss=319656115722.6562, tv loss=5794309.0000
L-BFGS | iteration: 453, total loss=319591579648.0000, content_loss=647071484.3750, style loss=318938708496.0938, tv loss=5795102.0000
L-BFGS | iteration: 454, total loss=318481399808.0000, content_loss=647185937.5000, style loss=317828393554.6875, tv loss=5795403.0000
L-BFGS | iteration: 455, total loss=317623697408.0000, content_loss=647260351.5625, style loss=316970617675.7812, tv loss=5796303.0000
L-BFGS | iteration: 456, total loss=316867444736.0000, content_loss=647337304.6875, style loss=316214318847.6562, tv loss=5795788.0000
L-BFGS | iteration: 457, total loss=316167782400.0000, content_loss=647406933.5938, style loss=315514599609.3750, tv loss=5795973.0000
L-BFGS | iteration: 458, total loss=315440234496.0000, content_loss=647493603.5156, style loss=314786938476.5625, tv loss=5795690.5000
L-BFGS | iteration: 459, total loss=314770882560.0000, content_loss=647541796.8750, style loss=314117541503.9062, tv loss=5796151.5000
L-BFGS | iteration: 460, total loss=314131415040.0000, content_loss=647583691.4062, style loss=313478027343.7500, tv loss=5796123.5000
