C:\Users\user\AppData\Roaming\Python\Python313\site-packages\torchvision\models\_utils.py:208: UserWarning: The parameter 'pretrained' is deprecated since 0.13 and may be removed in the future, please use 'weights' instead.
  warnings.warn(
C:\Users\user\AppData\Roaming\Python\Python313\site-packages\torchvision\models\_utils.py:223: UserWarning: Arguments other than a weight enum or `None` for 'weights' are deprecated since 0.13 and may be removed in the future. The current behavior is equivalent to passing `weights=VGG19_Weights.IMAGENET1K_V1`. You can also use `weights=VGG19_Weights.DEFAULT` to get the most up-to-date weights.
  warnings.warn(msg)
Using VGG19 in the optimization procedure.
L-BFGS | iteration: 000, total loss=423420312948834304.0000, content_loss=      0.0000, style loss=423420326400000000.0000, tv loss=13714633.0000
L-BFGS | iteration: 001, total loss=423420278589095936.0000, content_loss=     66.3226, style loss=423420288000000000.0000, tv loss=13714633.0000
L-BFGS | iteration: 002, total loss=423420141150142464.0000, content_loss=     89.2909, style loss=423420134400000000.0000, tv loss=13714638.0000
L-BFGS | iteration: 003, total loss=423419316516421632.0000, content_loss=    110.7897, style loss=423419328000000000.0000, tv loss=13714659.0000
L-BFGS | iteration: 004, total loss=423414677951741952.0000, content_loss=    157.9749, style loss=423414681600000000.0000, tv loss=13714779.0000
L-BFGS | iteration: 005, total loss=423387671197384704.0000, content_loss=    496.5895, style loss=423387686400000000.0000, tv loss=13715434.0000
L-BFGS | iteration: 006, total loss=423238927889989632.0000, content_loss=   8205.5986, style loss=423238924800000000.0000, tv loss=13719046.0000
L-BFGS | iteration: 007, total loss=422425804681510912.0000, content_loss= 225930.3570, style loss=422425804800000000.0000, tv loss=13738924.0000
L-BFGS | iteration: 008, total loss=418109774865891328.0000, content_loss=5075392.5323, style loss=418109760000000000.0000, tv loss=13850168.0000
L-BFGS | iteration: 009, total loss=398786270324588544.0000, content_loss=75168847.6562, style loss=398786265600000000.0000, tv loss=14651862.0000
L-BFGS | iteration: 010, total loss=301969701653708800.0000, content_loss=693658593.7500, style loss=301969708800000000.0000, tv loss=22300580.0000
L-BFGS | iteration: 011, total loss=1251633184647413760.0000, content_loss=5793268359.3750, style loss=1251633177600000000.0000, tv loss=65243372.0000
L-BFGS | iteration: 012, total loss=198765520181264384.0000, content_loss=2174866992.1875, style loss=198765523200000000.0000, tv loss=37223208.0000
L-BFGS | iteration: 013, total loss=155767984105717760.0000, content_loss=2829993750.0000, style loss=155767987200000000.0000, tv loss=43758244.0000
L-BFGS | iteration: 014, total loss=119993586589630464.0000, content_loss=2631820898.4375, style loss=119993587200000000.0000, tv loss=44468496.0000
L-BFGS | iteration: 015, total loss=97709904688578560.0000, content_loss=3094379101.5625, style loss=97709904000000000.0000, tv loss=49213736.0000
L-BFGS | iteration: 016, total loss=80331032489885696.0000, content_loss=3414750781.2500, style loss=80331028800000000.0000, tv loss=53056520.0000
L-BFGS | iteration: 017, total loss=67113627118731264.0000, content_loss=3366055859.3750, style loss=67113624000000000.0000, tv loss=54013960.0000
L-BFGS | iteration: 018, total loss=57429579672846336.0000, content_loss=3506007812.5000, style loss=57429576000000000.0000, tv loss=55667784.0000
L-BFGS | iteration: 019, total loss=50081741032914944.0000, content_loss=3633558203.1250, style loss=50081736000000000.0000, tv loss=57090448.0000
L-BFGS | iteration: 020, total loss=43699741753606144.0000, content_loss=3642732031.2500, style loss=43699737600000000.0000, tv loss=57580512.0000
L-BFGS | iteration: 021, total loss=38059131138998272.0000, content_loss=3629773828.1250, style loss=38059128000000000.0000, tv loss=57903808.0000
L-BFGS | iteration: 022, total loss=33363046109806592.0000, content_loss=3637428515.6250, style loss=33363040800000000.0000, tv loss=58496152.0000
L-BFGS | iteration: 023, total loss=29315052318228480.0000, content_loss=3649920312.5000, style loss=29315047200000000.0000, tv loss=59157648.0000
L-BFGS | iteration: 024, total loss=25886813717528576.0000, content_loss=3664633593.7500, style loss=25886810400000000.0000, tv loss=59768352.0000
L-BFGS | iteration: 025, total loss=22969450739269632.0000, content_loss=3684700390.6250, style loss=22969447200000000.0000, tv loss=60359800.0000
L-BFGS | iteration: 026, total loss=20479278093172736.0000, content_loss=3701977734.3750, style loss=20479274400000000.0000, tv loss=60854124.0000
L-BFGS | iteration: 027, total loss=18328833065222144.0000, content_loss=3728396875.0000, style loss=18328828800000000.0000, tv loss=61380068.0000
L-BFGS | iteration: 028, total loss=16401181949558784.0000, content_loss=3763080468.7500, style loss=16401177600000000.0000, tv loss=61970016.0000
L-BFGS | iteration: 029, total loss=14616024963874816.0000, content_loss=3795491796.8750, style loss=14616020400000000.0000, tv loss=62614128.0000
L-BFGS | iteration: 030, total loss=12982353622204416.0000, content_loss=3818125781.2500, style loss=12982348800000000.0000, tv loss=63193744.0000
L-BFGS | iteration: 031, total loss=11516968762867712.0000, content_loss=3850783593.7500, style loss=11516964000000000.0000, tv loss=63709736.0000
L-BFGS | iteration: 032, total loss=10190998541959168.0000, content_loss=3935175000.0000, style loss=10190994000000000.0000, tv loss=64390040.0000
L-BFGS | iteration: 033, total loss=9079937747124224.0000, content_loss=3928789062.5000, style loss=9079933800000000.0000, tv loss=64787888.0000
L-BFGS | iteration: 034, total loss=8619178487447552.0000, content_loss=4174675781.2500, style loss=8619174000000000.0000, tv loss=66158284.0000
L-BFGS | iteration: 035, total loss=7966921131556864.0000, content_loss=4037429296.8750, style loss=7966917000000000.0000, tv loss=65468096.0000
L-BFGS | iteration: 036, total loss=8237028940447744.0000, content_loss=3930706640.6250, style loss=8237025000000000.0000, tv loss=64593396.0000
L-BFGS | iteration: 037, total loss=7774937704038400.0000, content_loss=4000223828.1250, style loss=7774933800000000.0000, tv loss=65170244.0000
L-BFGS | iteration: 038, total loss=7515620463607808.0000, content_loss=4037379687.5000, style loss=7515616200000000.0000, tv loss=65746288.0000
L-BFGS | iteration: 039, total loss=7036281712279552.0000, content_loss=4124160937.5000, style loss=7036277400000000.0000, tv loss=66834648.0000
L-BFGS | iteration: 040, total loss=6497467327578112.0000, content_loss=4160978125.0000, style loss=6497463000000000.0000, tv loss=67362568.0000
L-BFGS | iteration: 041, total loss=5931337487745024.0000, content_loss=4089604296.8750, style loss=5931333000000000.0000, tv loss=67152856.0000
L-BFGS | iteration: 042, total loss=5475786949656576.0000, content_loss=4103058203.1250, style loss=5475782400000000.0000, tv loss=67263232.0000
L-BFGS | iteration: 043, total loss=5335966973689856.0000, content_loss=4135120703.1250, style loss=5335962600000000.0000, tv loss=68236832.0000
L-BFGS | iteration: 044, total loss=5053663068291072.0000, content_loss=4128335156.2500, style loss=5053659000000000.0000, tv loss=67813344.0000
L-BFGS | iteration: 045, total loss=4632138871734272.0000, content_loss=4194498828.1250, style loss=4632134400000000.0000, tv loss=68012504.0000
L-BFGS | iteration: 046, total loss=4616988911468544.0000, content_loss=4181837109.3750, style loss=4616984700000000.0000, tv loss=67767032.0000
L-BFGS | iteration: 047, total loss=5742872712183808.0000, content_loss=4107290625.0000, style loss=5742868200000000.0000, tv loss=68003256.0000
L-BFGS | iteration: 048, total loss=4251198089592832.0000, content_loss=4157614843.7500, style loss=4251194100000000.0000, tv loss=67834320.0000
L-BFGS | iteration: 049, total loss=4198710368010240.0000, content_loss=4175450781.2500, style loss=4198706100000000.0000, tv loss=68068976.0000
L-BFGS | iteration: 050, total loss=4041445845499904.0000, content_loss=4239998046.8750, style loss=4041441600000000.0000, tv loss=68848400.0000
L-BFGS | iteration: 051, total loss=3844753791647744.0000, content_loss=4218917968.7500, style loss=3844749600000000.0000, tv loss=68925584.0000
L-BFGS | iteration: 052, total loss=3586718867390464.0000, content_loss=4183330078.1250, style loss=3586714500000000.0000, tv loss=68842408.0000
L-BFGS | iteration: 053, total loss=3330877597679616.0000, content_loss=4160540625.0000, style loss=3330873600000000.0000, tv loss=69244376.0000
L-BFGS | iteration: 054, total loss=3114530699739136.0000, content_loss=4265371484.3750, style loss=3114526500000000.0000, tv loss=69293632.0000
L-BFGS | iteration: 055, total loss=2918370416525312.0000, content_loss=4285979687.5000, style loss=2918366100000000.0000, tv loss=69401936.0000
L-BFGS | iteration: 056, total loss=3803511636623360.0000, content_loss=4199333984.3750, style loss=3803507400000000.0000, tv loss=70229248.0000
L-BFGS | iteration: 057, total loss=2874335995887616.0000, content_loss=4269745703.1250, style loss=2874331800000000.0000, tv loss=69562608.0000
L-BFGS | iteration: 058, total loss=2757518522580992.0000, content_loss=4240192187.5000, style loss=2757514200000000.0000, tv loss=69650248.0000
L-BFGS | iteration: 059, total loss=2598646071689216.0000, content_loss=4227080468.7500, style loss=2598641700000000.0000, tv loss=69703600.0000
L-BFGS | iteration: 060, total loss=2520188830351360.0000, content_loss=4253572656.2500, style loss=2520184500000000.0000, tv loss=69693504.0000
L-BFGS | iteration: 061, total loss=2415717508972544.0000, content_loss=4301982421.8750, style loss=2415713250000000.0000, tv loss=69584688.0000
L-BFGS | iteration: 062, total loss=2342550593601536.0000, content_loss=4252541796.8750, style loss=2342546400000000.0000, tv loss=69736920.0000
L-BFGS | iteration: 063, total loss=2276602176077824.0000, content_loss=4205707031.2500, style loss=2276597850000000.0000, tv loss=69837952.0000
L-BFGS | iteration: 064, total loss=2224295514210304.0000, content_loss=4220170312.5000, style loss=2224291200000000.0000, tv loss=69899280.0000
L-BFGS | iteration: 065, total loss=2130082856435712.0000, content_loss=4284226562.5000, style loss=2130078450000000.0000, tv loss=70028504.0000
L-BFGS | iteration: 066, total loss=2070560783728640.0000, content_loss=4327346484.3750, style loss=2070556350000000.0000, tv loss=69996224.0000
L-BFGS | iteration: 067, total loss=1991801015631872.0000, content_loss=4288133984.3750, style loss=1991796600000000.0000, tv loss=70149728.0000
L-BFGS | iteration: 068, total loss=1954530094743552.0000, content_loss=4275395703.1250, style loss=1954525650000000.0000, tv loss=70256176.0000
L-BFGS | iteration: 069, total loss=1867388429533184.0000, content_loss=4265806250.0000, style loss=1867384050000000.0000, tv loss=70503256.0000
L-BFGS | iteration: 070, total loss=1768055231217664.0000, content_loss=4259951171.8750, style loss=1768050750000000.0000, tv loss=70654024.0000
L-BFGS | iteration: 071, total loss=2169627291418624.0000, content_loss=4277178515.6250, style loss=2169622800000000.0000, tv loss=71143232.0000
L-BFGS | iteration: 072, total loss=1740419532587008.0000, content_loss=4267215234.3750, style loss=1740415050000000.0000, tv loss=70766240.0000
L-BFGS | iteration: 073, total loss=1693919800721408.0000, content_loss=4315335546.8750, style loss=1693915350000000.0000, tv loss=70728368.0000
L-BFGS | iteration: 074, total loss=1654319665381376.0000, content_loss=4334577343.7500, style loss=1654315200000000.0000, tv loss=70650256.0000
L-BFGS | iteration: 075, total loss=1598505625845760.0000, content_loss=4356659375.0000, style loss=1598501250000000.0000, tv loss=70779352.0000
L-BFGS | iteration: 076, total loss=1536371273498624.0000, content_loss=4358870312.5000, style loss=1536366900000000.0000, tv loss=70653232.0000
L-BFGS | iteration: 077, total loss=1503933801431040.0000, content_loss=4323392968.7500, style loss=1503929400000000.0000, tv loss=70683536.0000
L-BFGS | iteration: 078, total loss=1475527021953024.0000, content_loss=4318462890.6250, style loss=1475522550000000.0000, tv loss=70788568.0000
L-BFGS | iteration: 079, total loss=1440243328745472.0000, content_loss=4311647265.6250, style loss=1440238950000000.0000, tv loss=70892464.0000
L-BFGS | iteration: 080, total loss=1376217714393088.0000, content_loss=4309139843.7500, style loss=1376213250000000.0000, tv loss=70831904.0000
L-BFGS | iteration: 081, total loss=1336347532984320.0000, content_loss=4340057812.5000, style loss=1336343100000000.0000, tv loss=71411120.0000
L-BFGS | iteration: 082, total loss=1312841848061952.0000, content_loss=4379128125.0000, style loss=1312837350000000.0000, tv loss=71169520.0000
L-BFGS | iteration: 083, total loss=1277774916485120.0000, content_loss=4341566796.8750, style loss=1277770500000000.0000, tv loss=70878968.0000
L-BFGS | iteration: 084, total loss=1237379004235776.0000, content_loss=4357722656.2500, style loss=1237374600000000.0000, tv loss=70978448.0000
L-BFGS | iteration: 085, total loss=1225700451287040.0000, content_loss=4356577734.3750, style loss=1225695975000000.0000, tv loss=71047936.0000
L-BFGS | iteration: 086, total loss=1190803170918400.0000, content_loss=4352746875.0000, style loss=1190798775000000.0000, tv loss=71253864.0000
L-BFGS | iteration: 087, total loss=1165815990714368.0000, content_loss=4354023828.1250, style loss=1165811625000000.0000, tv loss=71213936.0000
L-BFGS | iteration: 088, total loss=1137339418017792.0000, content_loss=4355086328.1250, style loss=1137334950000000.0000, tv loss=71104384.0000
L-BFGS | iteration: 089, total loss=1107208813150208.0000, content_loss=4340601953.1250, style loss=1107204375000000.0000, tv loss=71180064.0000
L-BFGS | iteration: 090, total loss=1067905366097920.0000, content_loss=4348504296.8750, style loss=1067900925000000.0000, tv loss=71454408.0000
L-BFGS | iteration: 091, total loss=1023365011734528.0000, content_loss=4377358984.3750, style loss=1023360600000000.0000, tv loss=71590744.0000
L-BFGS | iteration: 092, total loss=1182014996742144.0000, content_loss=4379480078.1250, style loss=1182010425000000.0000, tv loss=71849616.0000
L-BFGS | iteration: 093, total loss=1009455625928704.0000, content_loss=4381684375.0000, style loss=1009451175000000.0000, tv loss=71653216.0000
L-BFGS | iteration: 094, total loss=985582654193664.0000, content_loss=4392777343.7500, style loss=985578225000000.0000, tv loss=71555440.0000
L-BFGS | iteration: 095, total loss=951366595903488.0000, content_loss=4382147265.6250, style loss=951362175000000.0000, tv loss=71529440.0000
L-BFGS | iteration: 096, total loss=906300712026112.0000, content_loss=4388247656.2500, style loss=906296250000000.0000, tv loss=71654376.0000
L-BFGS | iteration: 097, total loss=886006857334784.0000, content_loss=4373655859.3750, style loss=886002450000000.0000, tv loss=71704736.0000
L-BFGS | iteration: 098, total loss=882482970886144.0000, content_loss=4392676953.1250, style loss=882478575000000.0000, tv loss=71548288.0000
L-BFGS | iteration: 099, total loss=857009654071296.0000, content_loss=4402007812.5000, style loss=857005125000000.0000, tv loss=71672392.0000
L-BFGS | iteration: 100, total loss=842807874945024.0000, content_loss=4423848828.1250, style loss=842803350000000.0000, tv loss=71728800.0000
L-BFGS | iteration: 101, total loss=833893603213312.0000, content_loss=4409615234.3750, style loss=833889075000000.0000, tv loss=71660816.0000
L-BFGS | iteration: 102, total loss=825545193422848.0000, content_loss=4400858593.7500, style loss=825540675000000.0000, tv loss=71642832.0000
L-BFGS | iteration: 103, total loss=815379811139584.0000, content_loss=4396453515.6250, style loss=815375325000000.0000, tv loss=71642912.0000
L-BFGS | iteration: 104, total loss=795418346651648.0000, content_loss=4396367187.5000, style loss=795413850000000.0000, tv loss=71669984.0000
L-BFGS | iteration: 105, total loss=766704611229696.0000, content_loss=4409217187.5000, style loss=766700100000000.0000, tv loss=71762528.0000
L-BFGS | iteration: 106, total loss=743360323125248.0000, content_loss=4419745312.5000, style loss=743355825000000.0000, tv loss=71880048.0000
L-BFGS | iteration: 107, total loss=711221888155648.0000, content_loss=4422387500.0000, style loss=711217425000000.0000, tv loss=72069552.0000
L-BFGS | iteration: 108, total loss=1073554187616256.0000, content_loss=4378909375.0000, style loss=1073549775000000.0000, tv loss=72421496.0000
L-BFGS | iteration: 109, total loss=705792848166912.0000, content_loss=4418408984.3750, style loss=705788325000000.0000, tv loss=72115328.0000
L-BFGS | iteration: 110, total loss=699818817093632.0000, content_loss=4416570312.5000, style loss=699814350000000.0000, tv loss=72058304.0000
L-BFGS | iteration: 111, total loss=684587856429056.0000, content_loss=4414749609.3750, style loss=684583350000000.0000, tv loss=72024816.0000
L-BFGS | iteration: 112, total loss=670704039100416.0000, content_loss=4435978906.2500, style loss=670699575000000.0000, tv loss=71921832.0000
L-BFGS | iteration: 113, total loss=660670055972864.0000, content_loss=4441577734.3750, style loss=660665550000000.0000, tv loss=72020224.0000
L-BFGS | iteration: 114, total loss=655388454158336.0000, content_loss=4451010546.8750, style loss=655383975000000.0000, tv loss=72182272.0000
L-BFGS | iteration: 115, total loss=647226204356608.0000, content_loss=4455878125.0000, style loss=647221725000000.0000, tv loss=72194704.0000
L-BFGS | iteration: 116, total loss=641043531825152.0000, content_loss=4459717578.1250, style loss=641039025000000.0000, tv loss=72172096.0000
L-BFGS | iteration: 117, total loss=627717791809536.0000, content_loss=4464632031.2500, style loss=627713212500000.0000, tv loss=72196768.0000
L-BFGS | iteration: 118, total loss=615654168199168.0000, content_loss=4464959765.6250, style loss=615649612500000.0000, tv loss=72149600.0000
L-BFGS | iteration: 119, total loss=608154752647168.0000, content_loss=4465826562.5000, style loss=608150212500000.0000, tv loss=72196616.0000
L-BFGS | iteration: 120, total loss=595682436055040.0000, content_loss=4470007421.8750, style loss=595677900000000.0000, tv loss=72281136.0000
L-BFGS | iteration: 121, total loss=573524901101568.0000, content_loss=4461223046.8750, style loss=573520387500000.0000, tv loss=72334616.0000
L-BFGS | iteration: 122, total loss=552010201956352.0000, content_loss=4462041015.6250, style loss=552005662500000.0000, tv loss=72348064.0000
L-BFGS | iteration: 123, total loss=665973065515008.0000, content_loss=4440404687.5000, style loss=665968575000000.0000, tv loss=72431848.0000
L-BFGS | iteration: 124, total loss=549033521184768.0000, content_loss=4459969140.6250, style loss=549028987500000.0000, tv loss=72358352.0000
L-BFGS | iteration: 125, total loss=541027601481728.0000, content_loss=4473349218.7500, style loss=541023075000000.0000, tv loss=72343136.0000
L-BFGS | iteration: 126, total loss=531445026127872.0000, content_loss=4464183593.7500, style loss=531440512500000.0000, tv loss=72396600.0000
L-BFGS | iteration: 127, total loss=523421188358144.0000, content_loss=4470962109.3750, style loss=523416675000000.0000, tv loss=72407816.0000
L-BFGS | iteration: 128, total loss=523159497342976.0000, content_loss=4473771484.3750, style loss=523154962500000.0000, tv loss=72509872.0000
L-BFGS | iteration: 129, total loss=516915822854144.0000, content_loss=4473969140.6250, style loss=516911287500000.0000, tv loss=72462512.0000
L-BFGS | iteration: 130, total loss=511049837051904.0000, content_loss=4484435937.5000, style loss=511045275000000.0000, tv loss=72489040.0000
L-BFGS | iteration: 131, total loss=503433920512000.0000, content_loss=4487977734.3750, style loss=503429362500000.0000, tv loss=72519920.0000
L-BFGS | iteration: 132, total loss=495172215373824.0000, content_loss=4486911718.7500, style loss=495167662500000.0000, tv loss=72578000.0000
L-BFGS | iteration: 133, total loss=484132371038208.0000, content_loss=4491701171.8750, style loss=484127812500000.0000, tv loss=72553456.0000
L-BFGS | iteration: 134, total loss=479912196571136.0000, content_loss=4485279296.8750, style loss=479907637500000.0000, tv loss=72585288.0000
L-BFGS | iteration: 135, total loss=474590497210368.0000, content_loss=4484085937.5000, style loss=474585937500000.0000, tv loss=72594312.0000
L-BFGS | iteration: 136, total loss=469728594231296.0000, content_loss=4491389062.5000, style loss=469724025000000.0000, tv loss=72608336.0000
L-BFGS | iteration: 137, total loss=463243529158656.0000, content_loss=4501177343.7500, style loss=463238962500000.0000, tv loss=72632464.0000
L-BFGS | iteration: 138, total loss=456023454253056.0000, content_loss=4504071484.3750, style loss=456018900000000.0000, tv loss=72669616.0000
L-BFGS | iteration: 139, total loss=447051972214784.0000, content_loss=4499303906.2500, style loss=447047400000000.0000, tv loss=72768184.0000
L-BFGS | iteration: 140, total loss=447427848962048.0000, content_loss=4519519531.2500, style loss=447423262500000.0000, tv loss=72719104.0000
L-BFGS | iteration: 141, total loss=440275252019200.0000, content_loss=4508493750.0000, style loss=440270700000000.0000, tv loss=72746632.0000
L-BFGS | iteration: 142, total loss=437751891623936.0000, content_loss=4508822265.6250, style loss=437747325000000.0000, tv loss=72751632.0000
L-BFGS | iteration: 143, total loss=434459430092800.0000, content_loss=4510221093.7500, style loss=434454862500000.0000, tv loss=72783328.0000
L-BFGS | iteration: 144, total loss=429425090887680.0000, content_loss=4514317578.1250, style loss=429420487500000.0000, tv loss=72749992.0000
L-BFGS | iteration: 145, total loss=426883342663680.0000, content_loss=4515192187.5000, style loss=426878737500000.0000, tv loss=72742864.0000
L-BFGS | iteration: 146, total loss=418554260226048.0000, content_loss=4511994921.8750, style loss=418549687500000.0000, tv loss=72754608.0000
L-BFGS | iteration: 147, total loss=410053446205440.0000, content_loss=4512771875.0000, style loss=410048887500000.0000, tv loss=72846712.0000
L-BFGS | iteration: 148, total loss=405618489819136.0000, content_loss=4511934765.6250, style loss=405613912500000.0000, tv loss=72776800.0000
L-BFGS | iteration: 149, total loss=400380106113024.0000, content_loss=4509405468.7500, style loss=400375537500000.0000, tv loss=72912824.0000
L-BFGS | iteration: 150, total loss=403268001857536.0000, content_loss=4524762500.0000, style loss=403263412500000.0000, tv loss=73057552.0000
L-BFGS | iteration: 151, total loss=395904649527296.0000, content_loss=4515979296.8750, style loss=395900062500000.0000, tv loss=72972288.0000
L-BFGS | iteration: 152, total loss=393129932881920.0000, content_loss=4514432812.5000, style loss=393125325000000.0000, tv loss=72929648.0000
L-BFGS | iteration: 153, total loss=387637777006592.0000, content_loss=4515168359.3750, style loss=387633187500000.0000, tv loss=72922184.0000
L-BFGS | iteration: 154, total loss=381997042106368.0000, content_loss=4517534765.6250, style loss=381992437500000.0000, tv loss=72937056.0000
L-BFGS | iteration: 155, total loss=375285685944320.0000, content_loss=4516845703.1250, style loss=375281100000000.0000, tv loss=73014640.0000
L-BFGS | iteration: 156, total loss=368324751917056.0000, content_loss=4530218359.3750, style loss=368320162500000.0000, tv loss=73107744.0000
L-BFGS | iteration: 157, total loss=371352368316416.0000, content_loss=4520191796.8750, style loss=371347762500000.0000, tv loss=73165760.0000
L-BFGS | iteration: 158, total loss=367141421318144.0000, content_loss=4526960546.8750, style loss=367136812500000.0000, tv loss=73128576.0000
L-BFGS | iteration: 159, total loss=364010188832768.0000, content_loss=4524466406.2500, style loss=364005600000000.0000, tv loss=73104896.0000
L-BFGS | iteration: 160, total loss=359402997547008.0000, content_loss=4530634765.6250, style loss=359398387500000.0000, tv loss=73090576.0000
L-BFGS | iteration: 161, total loss=354632865939456.0000, content_loss=4525317968.7500, style loss=354628275000000.0000, tv loss=73157696.0000
L-BFGS | iteration: 162, total loss=348836069376000.0000, content_loss=4538169140.6250, style loss=348831487500000.0000, tv loss=73134600.0000
L-BFGS | iteration: 163, total loss=345189205934080.0000, content_loss=4538527343.7500, style loss=345184612500000.0000, tv loss=73174096.0000
L-BFGS | iteration: 164, total loss=340968930803712.0000, content_loss=4542422265.6250, style loss=340964325000000.0000, tv loss=73200640.0000
L-BFGS | iteration: 165, total loss=338985628991488.0000, content_loss=4541532421.8750, style loss=338981025000000.0000, tv loss=73212208.0000
L-BFGS | iteration: 166, total loss=335089925881856.0000, content_loss=4542555078.1250, style loss=335085337500000.0000, tv loss=73217376.0000
L-BFGS | iteration: 167, total loss=331487589171200.0000, content_loss=4550251171.8750, style loss=331482975000000.0000, tv loss=73236624.0000
L-BFGS | iteration: 168, total loss=328398702379008.0000, content_loss=4555562890.6250, style loss=328394062500000.0000, tv loss=73327768.0000
L-BFGS | iteration: 169, total loss=324438339878912.0000, content_loss=4559145703.1250, style loss=324433725000000.0000, tv loss=73326360.0000
L-BFGS | iteration: 170, total loss=322681698254848.0000, content_loss=4557853125.0000, style loss=322677075000000.0000, tv loss=73336816.0000
L-BFGS | iteration: 171, total loss=319761992908800.0000, content_loss=4551114453.1250, style loss=319757362500000.0000, tv loss=73372816.0000
L-BFGS | iteration: 172, total loss=316048658137088.0000, content_loss=4552137500.0000, style loss=316044037500000.0000, tv loss=73327984.0000
L-BFGS | iteration: 173, total loss=314313323577344.0000, content_loss=4552496093.7500, style loss=314308687500000.0000, tv loss=73341920.0000
L-BFGS | iteration: 174, total loss=312136110702592.0000, content_loss=4549439843.7500, style loss=312131493750000.0000, tv loss=73407664.0000
L-BFGS | iteration: 175, total loss=308829556310016.0000, content_loss=4557917968.7500, style loss=308824931250000.0000, tv loss=73399008.0000
L-BFGS | iteration: 176, total loss=307242498785280.0000, content_loss=4557803906.2500, style loss=307237856250000.0000, tv loss=73405904.0000
L-BFGS | iteration: 177, total loss=303400751202304.0000, content_loss=4555537890.6250, style loss=303396131250000.0000, tv loss=73468040.0000
L-BFGS | iteration: 178, total loss=300486246793216.0000, content_loss=4557851562.5000, style loss=300481631250000.0000, tv loss=73446032.0000
L-BFGS | iteration: 179, total loss=298950594658304.0000, content_loss=4558627343.7500, style loss=298945950000000.0000, tv loss=73469280.0000
L-BFGS | iteration: 180, total loss=295300879089664.0000, content_loss=4560613281.2500, style loss=295296243750000.0000, tv loss=73536272.0000
L-BFGS | iteration: 181, total loss=292414392631296.0000, content_loss=4567340625.0000, style loss=292409756250000.0000, tv loss=73528040.0000
L-BFGS | iteration: 182, total loss=290300228534272.0000, content_loss=4564682421.8750, style loss=290295600000000.0000, tv loss=73533896.0000
L-BFGS | iteration: 183, total loss=287033637470208.0000, content_loss=4556071875.0000, style loss=287028993750000.0000, tv loss=73560224.0000
L-BFGS | iteration: 184, total loss=284478031265792.0000, content_loss=4555010156.2500, style loss=284473406250000.0000, tv loss=73540840.0000
L-BFGS | iteration: 185, total loss=282606063058944.0000, content_loss=4555034765.6250, style loss=282601443750000.0000, tv loss=73564608.0000
L-BFGS | iteration: 186, total loss=279584419348480.0000, content_loss=4562763281.2500, style loss=279579787500000.0000, tv loss=73602200.0000
L-BFGS | iteration: 187, total loss=277116927082496.0000, content_loss=4574222265.6250, style loss=277112287500000.0000, tv loss=73612664.0000
L-BFGS | iteration: 188, total loss=276390591070208.0000, content_loss=4572729296.8750, style loss=276385950000000.0000, tv loss=73645952.0000
L-BFGS | iteration: 189, total loss=275641840697344.0000, content_loss=4573932421.8750, style loss=275637187500000.0000, tv loss=73632336.0000
L-BFGS | iteration: 190, total loss=273628239233024.0000, content_loss=4577550000.0000, style loss=273623587500000.0000, tv loss=73629912.0000
L-BFGS | iteration: 191, total loss=271079796899840.0000, content_loss=4581188671.8750, style loss=271075143750000.0000, tv loss=73645968.0000
L-BFGS | iteration: 192, total loss=266478393753600.0000, content_loss=4578710937.5000, style loss=266473743750000.0000, tv loss=73708840.0000
L-BFGS | iteration: 193, total loss=264393807888384.0000, content_loss=4594471875.0000, style loss=264389137500000.0000, tv loss=73712240.0000
L-BFGS | iteration: 194, total loss=261871135358976.0000, content_loss=4586864453.1250, style loss=261866493750000.0000, tv loss=73745632.0000
L-BFGS | iteration: 195, total loss=262247280541696.0000, content_loss=4581401953.1250, style loss=262242637500000.0000, tv loss=73749408.0000
L-BFGS | iteration: 196, total loss=260972748996608.0000, content_loss=4584651953.1250, style loss=260968106250000.0000, tv loss=73747184.0000
L-BFGS | iteration: 197, total loss=259605204566016.0000, content_loss=4580644921.8750, style loss=259600556250000.0000, tv loss=73781968.0000
L-BFGS | iteration: 198, total loss=258483094028288.0000, content_loss=4582522265.6250, style loss=258478443750000.0000, tv loss=73785352.0000
L-BFGS | iteration: 199, total loss=254963536101376.0000, content_loss=4587989062.5000, style loss=254958881250000.0000, tv loss=73799864.0000
L-BFGS | iteration: 200, total loss=251529390981120.0000, content_loss=4591950000.0000, style loss=251524725000000.0000, tv loss=73835648.0000
L-BFGS | iteration: 201, total loss=254403277750272.0000, content_loss=4586339062.5000, style loss=254398631250000.0000, tv loss=73899168.0000
L-BFGS | iteration: 202, total loss=250386543804416.0000, content_loss=4590846093.7500, style loss=250381875000000.0000, tv loss=73859648.0000
L-BFGS | iteration: 203, total loss=248083350814720.0000, content_loss=4595784375.0000, style loss=248078681250000.0000, tv loss=73851168.0000
L-BFGS | iteration: 204, total loss=245777221812224.0000, content_loss=4598052343.7500, style loss=245772562500000.0000, tv loss=73918360.0000
L-BFGS | iteration: 205, total loss=243220558643200.0000, content_loss=4593941015.6250, style loss=243215887500000.0000, tv loss=73908624.0000
L-BFGS | iteration: 206, total loss=241058596257792.0000, content_loss=4595930468.7500, style loss=241053937500000.0000, tv loss=73878280.0000
L-BFGS | iteration: 207, total loss=243560850915328.0000, content_loss=4588112890.6250, style loss=243556200000000.0000, tv loss=73972128.0000
L-BFGS | iteration: 208, total loss=240056996462592.0000, content_loss=4593383593.7500, style loss=240052331250000.0000, tv loss=73914208.0000
L-BFGS | iteration: 209, total loss=238869739995136.0000, content_loss=4594321875.0000, style loss=238865081250000.0000, tv loss=73949488.0000
L-BFGS | iteration: 210, total loss=236464625418240.0000, content_loss=4601082031.2500, style loss=236459962500000.0000, tv loss=74001488.0000
L-BFGS | iteration: 211, total loss=234349421133824.0000, content_loss=4601775781.2500, style loss=234344756250000.0000, tv loss=74029336.0000
L-BFGS | iteration: 212, total loss=231972056072192.0000, content_loss=4611949218.7500, style loss=231967368750000.0000, tv loss=74037504.0000
L-BFGS | iteration: 213, total loss=231139839049728.0000, content_loss=4611510156.2500, style loss=231135150000000.0000, tv loss=74066264.0000
L-BFGS | iteration: 214, total loss=230523192475648.0000, content_loss=4612334765.6250, style loss=230518518750000.0000, tv loss=74055008.0000
L-BFGS | iteration: 215, total loss=228724171603968.0000, content_loss=4616535156.2500, style loss=228719493750000.0000, tv loss=74024400.0000
L-BFGS | iteration: 216, total loss=227441922539520.0000, content_loss=4616076171.8750, style loss=227437237500000.0000, tv loss=74074216.0000
L-BFGS | iteration: 217, total loss=226062516617216.0000, content_loss=4615018750.0000, style loss=226057837500000.0000, tv loss=74131968.0000
L-BFGS | iteration: 218, total loss=225335157194752.0000, content_loss=4609670703.1250, style loss=225330468750000.0000, tv loss=74174192.0000
L-BFGS | iteration: 219, total loss=223622522208256.0000, content_loss=4609978125.0000, style loss=223617843750000.0000, tv loss=74144320.0000
L-BFGS | iteration: 220, total loss=222246052298752.0000, content_loss=4607166796.8750, style loss=222241368750000.0000, tv loss=74129064.0000
L-BFGS | iteration: 221, total loss=219725678247936.0000, content_loss=4607674218.7500, style loss=219720993750000.0000, tv loss=74137512.0000
L-BFGS | iteration: 222, total loss=216869826985984.0000, content_loss=4620900000.0000, style loss=216865143750000.0000, tv loss=74209408.0000
L-BFGS | iteration: 223, total loss=216195517120512.0000, content_loss=4631502343.7500, style loss=216190818750000.0000, tv loss=74194448.0000
L-BFGS | iteration: 224, total loss=214440335114240.0000, content_loss=4625441796.8750, style loss=214435631250000.0000, tv loss=74214080.0000
L-BFGS | iteration: 225, total loss=213816575000576.0000, content_loss=4620975781.2500, style loss=213811893750000.0000, tv loss=74234288.0000
L-BFGS | iteration: 226, total loss=213271214817280.0000, content_loss=4619666015.6250, style loss=213266531250000.0000, tv loss=74233984.0000
L-BFGS | iteration: 227, total loss=211646475665408.0000, content_loss=4620097656.2500, style loss=211641787500000.0000, tv loss=74250024.0000
L-BFGS | iteration: 228, total loss=209572794990592.0000, content_loss=4616452343.7500, style loss=209568112500000.0000, tv loss=74292296.0000
L-BFGS | iteration: 229, total loss=207727787769856.0000, content_loss=4627483593.7500, style loss=207723093750000.0000, tv loss=74302928.0000
L-BFGS | iteration: 230, total loss=206555714682880.0000, content_loss=4626752343.7500, style loss=206551012500000.0000, tv loss=74312640.0000
L-BFGS | iteration: 231, total loss=204974915059712.0000, content_loss=4626503515.6250, style loss=204970218750000.0000, tv loss=74321488.0000
L-BFGS | iteration: 232, total loss=211418859175936.0000, content_loss=4617424218.7500, style loss=211414181250000.0000, tv loss=74398800.0000
L-BFGS | iteration: 233, total loss=204550283722752.0000, content_loss=4625017578.1250, style loss=204545587500000.0000, tv loss=74339408.0000
L-BFGS | iteration: 234, total loss=203420153675776.0000, content_loss=4625062890.6250, style loss=203415450000000.0000, tv loss=74347088.0000
L-BFGS | iteration: 235, total loss=200971636441088.0000, content_loss=4625594921.8750, style loss=200966943750000.0000, tv loss=74372936.0000
L-BFGS | iteration: 236, total loss=198149356388352.0000, content_loss=4627444531.2500, style loss=198144656250000.0000, tv loss=74421688.0000
L-BFGS | iteration: 237, total loss=196305171251200.0000, content_loss=4641279687.5000, style loss=196300462500000.0000, tv loss=74456392.0000
L-BFGS | iteration: 238, total loss=205717155872768.0000, content_loss=4632212500.0000, style loss=205712456250000.0000, tv loss=74567664.0000
L-BFGS | iteration: 239, total loss=195609755648000.0000, content_loss=4639914843.7500, style loss=195605043750000.0000, tv loss=74483480.0000
L-BFGS | iteration: 240, total loss=194664879620096.0000, content_loss=4638061718.7500, style loss=194660175000000.0000, tv loss=74486336.0000
L-BFGS | iteration: 241, total loss=193653481930752.0000, content_loss=4636736718.7500, style loss=193648781250000.0000, tv loss=74497456.0000
L-BFGS | iteration: 242, total loss=192081372905472.0000, content_loss=4636348046.8750, style loss=192076668750000.0000, tv loss=74518240.0000
L-BFGS | iteration: 243, total loss=189988431986688.0000, content_loss=4633244531.2500, style loss=189983737500000.0000, tv loss=74563016.0000
L-BFGS | iteration: 244, total loss=188517187584000.0000, content_loss=4642370703.1250, style loss=188512481250000.0000, tv loss=74546448.0000
L-BFGS | iteration: 245, total loss=187894484434944.0000, content_loss=4638980468.7500, style loss=187889775000000.0000, tv loss=74597296.0000
L-BFGS | iteration: 246, total loss=187524546822144.0000, content_loss=4640522265.6250, style loss=187519837500000.0000, tv loss=74579464.0000
L-BFGS | iteration: 247, total loss=186670938849280.0000, content_loss=4640403906.2500, style loss=186666225000000.0000, tv loss=74596184.0000
L-BFGS | iteration: 248, total loss=185910259875840.0000, content_loss=4641210156.2500, style loss=185905537500000.0000, tv loss=74599472.0000
L-BFGS | iteration: 249, total loss=184243342802944.0000, content_loss=4642339062.5000, style loss=184238625000000.0000, tv loss=74635824.0000
L-BFGS | iteration: 250, total loss=182879439028224.0000, content_loss=4646784375.0000, style loss=182874731250000.0000, tv loss=74637744.0000
L-BFGS | iteration: 251, total loss=182369461993472.0000, content_loss=4643619140.6250, style loss=182364750000000.0000, tv loss=74661312.0000
L-BFGS | iteration: 252, total loss=181758670667776.0000, content_loss=4644137109.3750, style loss=181753950000000.0000, tv loss=74655904.0000
L-BFGS | iteration: 253, total loss=180944824696832.0000, content_loss=4643905859.3750, style loss=180940106250000.0000, tv loss=74668640.0000
L-BFGS | iteration: 254, total loss=179421453484032.0000, content_loss=4643339453.1250, style loss=179416743750000.0000, tv loss=74696688.0000
L-BFGS | iteration: 255, total loss=177406241406976.0000, content_loss=4644600390.6250, style loss=177401531250000.0000, tv loss=74781840.0000
L-BFGS | iteration: 256, total loss=176382546018304.0000, content_loss=4651245703.1250, style loss=176377837500000.0000, tv loss=74767976.0000
L-BFGS | iteration: 257, total loss=175507027001344.0000, content_loss=4647391406.2500, style loss=175502306250000.0000, tv loss=74782536.0000
L-BFGS | iteration: 258, total loss=174996966080512.0000, content_loss=4648596484.3750, style loss=174992250000000.0000, tv loss=74782824.0000
L-BFGS | iteration: 259, total loss=173957449777152.0000, content_loss=4650785156.2500, style loss=173952731250000.0000, tv loss=74794528.0000
L-BFGS | iteration: 260, total loss=172799519883264.0000, content_loss=4651391406.2500, style loss=172794806250000.0000, tv loss=74813360.0000
L-BFGS | iteration: 261, total loss=171235245817856.0000, content_loss=4655200781.2500, style loss=171230531250000.0000, tv loss=74860256.0000
L-BFGS | iteration: 262, total loss=169841914806272.0000, content_loss=4657331250.0000, style loss=169837181250000.0000, tv loss=74869936.0000
L-BFGS | iteration: 263, total loss=170353921884160.0000, content_loss=4651554687.5000, style loss=170349206250000.0000, tv loss=74929392.0000
L-BFGS | iteration: 264, total loss=169439177736192.0000, content_loss=4655208593.7500, style loss=169434468750000.0000, tv loss=74895792.0000
L-BFGS | iteration: 265, total loss=168785872945152.0000, content_loss=4655812500.0000, style loss=168781143750000.0000, tv loss=74911696.0000
L-BFGS | iteration: 266, total loss=167317061238784.0000, content_loss=4654639453.1250, style loss=167312343750000.0000, tv loss=74919064.0000
L-BFGS | iteration: 267, total loss=165789361504256.0000, content_loss=4655032812.5000, style loss=165784650000000.0000, tv loss=74988976.0000
L-BFGS | iteration: 268, total loss=164230204489728.0000, content_loss=4656805468.7500, style loss=164225475000000.0000, tv loss=74972048.0000
L-BFGS | iteration: 269, total loss=163187953500160.0000, content_loss=4656829296.8750, style loss=163183218750000.0000, tv loss=74978432.0000
L-BFGS | iteration: 270, total loss=168861907288064.0000, content_loss=4645078906.2500, style loss=168857193750000.0000, tv loss=75079312.0000
L-BFGS | iteration: 271, total loss=162868850851840.0000, content_loss=4654696093.7500, style loss=162864131250000.0000, tv loss=75001520.0000
L-BFGS | iteration: 272, total loss=162454151626752.0000, content_loss=4658371484.3750, style loss=162449418750000.0000, tv loss=75019552.0000
L-BFGS | iteration: 273, total loss=161894161711104.0000, content_loss=4661595703.1250, style loss=161889431250000.0000, tv loss=75039728.0000
L-BFGS | iteration: 274, total loss=161050888503296.0000, content_loss=4663940625.0000, style loss=161046150000000.0000, tv loss=75062192.0000
L-BFGS | iteration: 275, total loss=159621486477312.0000, content_loss=4663879687.5000, style loss=159616762500000.0000, tv loss=75093400.0000
L-BFGS | iteration: 276, total loss=157976631443456.0000, content_loss=4668591015.6250, style loss=157971900000000.0000, tv loss=75110096.0000
L-BFGS | iteration: 277, total loss=158860975276032.0000, content_loss=4660780859.3750, style loss=158856243750000.0000, tv loss=75147440.0000
L-BFGS | iteration: 278, total loss=157538829991936.0000, content_loss=4665870703.1250, style loss=157534106250000.0000, tv loss=75124768.0000
L-BFGS | iteration: 279, total loss=156664166612992.0000, content_loss=4663602343.7500, style loss=156659428125000.0000, tv loss=75113952.0000
L-BFGS | iteration: 280, total loss=155891055722496.0000, content_loss=4667353515.6250, style loss=155886318750000.0000, tv loss=75142768.0000
L-BFGS | iteration: 281, total loss=155374753677312.0000, content_loss=4670930859.3750, style loss=155370018750000.0000, tv loss=75166624.0000
L-BFGS | iteration: 282, total loss=154528695451648.0000, content_loss=4678246093.7500, style loss=154523943750000.0000, tv loss=75182912.0000
L-BFGS | iteration: 283, total loss=154144933412864.0000, content_loss=4675833593.7500, style loss=154140178125000.0000, tv loss=75232856.0000
L-BFGS | iteration: 284, total loss=153209469403136.0000, content_loss=4675085156.2500, style loss=153204721875000.0000, tv loss=75207688.0000
L-BFGS | iteration: 285, total loss=152843591876608.0000, content_loss=4674026953.1250, style loss=152838843750000.0000, tv loss=75210312.0000
L-BFGS | iteration: 286, total loss=151768591761408.0000, content_loss=4672608203.1250, style loss=151763840625000.0000, tv loss=75249776.0000
L-BFGS | iteration: 287, total loss=151034924105728.0000, content_loss=4674735156.2500, style loss=151030171875000.0000, tv loss=75258904.0000
L-BFGS | iteration: 288, total loss=150570312663040.0000, content_loss=4675716796.8750, style loss=150565565625000.0000, tv loss=75288408.0000
L-BFGS | iteration: 289, total loss=149826075361280.0000, content_loss=4679196875.0000, style loss=149821321875000.0000, tv loss=75313568.0000
L-BFGS | iteration: 290, total loss=148667709259776.0000, content_loss=4678551562.5000, style loss=148662965625000.0000, tv loss=75339384.0000
L-BFGS | iteration: 291, total loss=147969827405824.0000, content_loss=4684015625.0000, style loss=147965071875000.0000, tv loss=75322536.0000
L-BFGS | iteration: 292, total loss=147608630722560.0000, content_loss=4677666796.8750, style loss=147603890625000.0000, tv loss=75353472.0000
L-BFGS | iteration: 293, total loss=147021310722048.0000, content_loss=4676886328.1250, style loss=147016565625000.0000, tv loss=75349200.0000
L-BFGS | iteration: 294, total loss=146713583026176.0000, content_loss=4675770312.5000, style loss=146708840625000.0000, tv loss=75356608.0000
L-BFGS | iteration: 295, total loss=145614239170560.0000, content_loss=4675976953.1250, style loss=145609490625000.0000, tv loss=75399936.0000
L-BFGS | iteration: 296, total loss=144962561769472.0000, content_loss=4679136328.1250, style loss=144957815625000.0000, tv loss=75399552.0000
L-BFGS | iteration: 297, total loss=144440974901248.0000, content_loss=4679006250.0000, style loss=144436218750000.0000, tv loss=75423024.0000
L-BFGS | iteration: 298, total loss=143666823823360.0000, content_loss=4681148046.8750, style loss=143662078125000.0000, tv loss=75442904.0000
L-BFGS | iteration: 299, total loss=142543673098240.0000, content_loss=4678214843.7500, style loss=142538925000000.0000, tv loss=75471928.0000
L-BFGS | iteration: 300, total loss=141729239924736.0000, content_loss=4684450390.6250, style loss=141724500000000.0000, tv loss=75490992.0000
L-BFGS | iteration: 301, total loss=141765394825216.0000, content_loss=4680806250.0000, style loss=141760621875000.0000, tv loss=75532472.0000
L-BFGS | iteration: 302, total loss=141390994472960.0000, content_loss=4682962109.3750, style loss=141386221875000.0000, tv loss=75512448.0000
L-BFGS | iteration: 303, total loss=141108382269440.0000, content_loss=4682912500.0000, style loss=141103621875000.0000, tv loss=75508560.0000
L-BFGS | iteration: 304, total loss=140279025762304.0000, content_loss=4682280468.7500, style loss=140274271875000.0000, tv loss=75523488.0000
L-BFGS | iteration: 305, total loss=139503289237504.0000, content_loss=4686214062.5000, style loss=139498528125000.0000, tv loss=75520832.0000
L-BFGS | iteration: 306, total loss=138788999266304.0000, content_loss=4681347656.2500, style loss=138784246875000.0000, tv loss=75583064.0000
L-BFGS | iteration: 307, total loss=138016593018880.0000, content_loss=4684794140.6250, style loss=138011840625000.0000, tv loss=75592872.0000
L-BFGS | iteration: 308, total loss=137451955814400.0000, content_loss=4685937500.0000, style loss=137447193750000.0000, tv loss=75607104.0000
L-BFGS | iteration: 309, total loss=137212930818048.0000, content_loss=4685791796.8750, style loss=137208168750000.0000, tv loss=75616720.0000
L-BFGS | iteration: 310, total loss=136707433299968.0000, content_loss=4686431250.0000, style loss=136702668750000.0000, tv loss=75628512.0000
L-BFGS | iteration: 311, total loss=136001942978560.0000, content_loss=4684573828.1250, style loss=135997190625000.0000, tv loss=75666568.0000
L-BFGS | iteration: 312, total loss=135155591151616.0000, content_loss=4688562109.3750, style loss=135150825000000.0000, tv loss=75669040.0000
L-BFGS | iteration: 313, total loss=134797489864704.0000, content_loss=4686853906.2500, style loss=134792728125000.0000, tv loss=75690528.0000
L-BFGS | iteration: 314, total loss=134362783809536.0000, content_loss=4686458593.7500, style loss=134358018750000.0000, tv loss=75700536.0000
L-BFGS | iteration: 315, total loss=133810905677824.0000, content_loss=4686617187.5000, style loss=133806140625000.0000, tv loss=75712320.0000
L-BFGS | iteration: 316, total loss=132913249124352.0000, content_loss=4683952734.3750, style loss=132908493750000.0000, tv loss=75750816.0000
L-BFGS | iteration: 317, total loss=132348309929984.0000, content_loss=4690281250.0000, style loss=132343546875000.0000, tv loss=75758496.0000
L-BFGS | iteration: 318, total loss=131978682695680.0000, content_loss=4690108203.1250, style loss=131973918750000.0000, tv loss=75790392.0000
L-BFGS | iteration: 319, total loss=131720741388288.0000, content_loss=4690852343.7500, style loss=131715975000000.0000, tv loss=75782144.0000
L-BFGS | iteration: 320, total loss=131312878878720.0000, content_loss=4691485937.5000, style loss=131308115625000.0000, tv loss=75788040.0000
L-BFGS | iteration: 321, total loss=130685587161088.0000, content_loss=4694169531.2500, style loss=130680815625000.0000, tv loss=75801776.0000
L-BFGS | iteration: 322, total loss=130480242425856.0000, content_loss=4687974609.3750, style loss=130475475000000.0000, tv loss=75856464.0000
L-BFGS | iteration: 323, total loss=129989282365440.0000, content_loss=4691282031.2500, style loss=129984515625000.0000, tv loss=75832680.0000
L-BFGS | iteration: 324, total loss=129200468000768.0000, content_loss=4696601953.1250, style loss=129195693750000.0000, tv loss=75845472.0000
L-BFGS | iteration: 325, total loss=128957525524480.0000, content_loss=4698426562.5000, style loss=128952750000000.0000, tv loss=75869344.0000
L-BFGS | iteration: 326, total loss=128591295676416.0000, content_loss=4700601171.8750, style loss=128586525000000.0000, tv loss=75866592.0000
L-BFGS | iteration: 327, total loss=128153569722368.0000, content_loss=4700792578.1250, style loss=128148796875000.0000, tv loss=75877736.0000
L-BFGS | iteration: 328, total loss=127360535887872.0000, content_loss=4700744140.6250, style loss=127355765625000.0000, tv loss=75896008.0000
L-BFGS | iteration: 329, total loss=126861967360000.0000, content_loss=4700145703.1250, style loss=126857193750000.0000, tv loss=75958840.0000
L-BFGS | iteration: 330, total loss=126478154989568.0000, content_loss=4704161328.1250, style loss=126473371875000.0000, tv loss=75940856.0000
L-BFGS | iteration: 331, total loss=125862162726912.0000, content_loss=4702488281.2500, style loss=125857378125000.0000, tv loss=75942832.0000
L-BFGS | iteration: 332, total loss=125686513664000.0000, content_loss=4701186718.7500, style loss=125681737500000.0000, tv loss=75955056.0000
L-BFGS | iteration: 333, total loss=125502979309568.0000, content_loss=4700879296.8750, style loss=125498203125000.0000, tv loss=75958536.0000
L-BFGS | iteration: 334, total loss=124946277728256.0000, content_loss=4700700390.6250, style loss=124941506250000.0000, tv loss=75976080.0000
L-BFGS | iteration: 335, total loss=124243933134848.0000, content_loss=4701035937.5000, style loss=124239159375000.0000, tv loss=76006272.0000
L-BFGS | iteration: 336, total loss=123709855629312.0000, content_loss=4700704687.5000, style loss=123705084375000.0000, tv loss=76031288.0000
L-BFGS | iteration: 337, total loss=123172431069184.0000, content_loss=4703633984.3750, style loss=123167653125000.0000, tv loss=76038576.0000
L-BFGS | iteration: 338, total loss=122891941183488.0000, content_loss=4701298437.5000, style loss=122887171875000.0000, tv loss=76077088.0000
L-BFGS | iteration: 339, total loss=122527984648192.0000, content_loss=4700740625.0000, style loss=122523215625000.0000, tv loss=76093376.0000
L-BFGS | iteration: 340, total loss=122025196650496.0000, content_loss=4700472265.6250, style loss=122020425000000.0000, tv loss=76101560.0000
L-BFGS | iteration: 341, total loss=121443874504704.0000, content_loss=4703944531.2500, style loss=121439090625000.0000, tv loss=76123416.0000
L-BFGS | iteration: 342, total loss=121214462853120.0000, content_loss=4703694140.6250, style loss=121209684375000.0000, tv loss=76158144.0000
L-BFGS | iteration: 343, total loss=120663851401216.0000, content_loss=4708042187.5000, style loss=120659071875000.0000, tv loss=76128312.0000
L-BFGS | iteration: 344, total loss=120455990083584.0000, content_loss=4709169531.2500, style loss=120451209375000.0000, tv loss=76141408.0000
L-BFGS | iteration: 345, total loss=119809471676416.0000, content_loss=4709367187.5000, style loss=119804690625000.0000, tv loss=76180760.0000
L-BFGS | iteration: 346, total loss=119354968506368.0000, content_loss=4709851171.8750, style loss=119350190625000.0000, tv loss=76187688.0000
L-BFGS | iteration: 347, total loss=119123702972416.0000, content_loss=4709345312.5000, style loss=119118918750000.0000, tv loss=76188288.0000
L-BFGS | iteration: 348, total loss=118857549217792.0000, content_loss=4710345312.5000, style loss=118852762500000.0000, tv loss=76185888.0000
L-BFGS | iteration: 349, total loss=118311610220544.0000, content_loss=4708807812.5000, style loss=118306828125000.0000, tv loss=76218456.0000
L-BFGS | iteration: 350, total loss=117839902015488.0000, content_loss=4711856250.0000, style loss=117835115625000.0000, tv loss=76231104.0000
L-BFGS | iteration: 351, total loss=117595709636608.0000, content_loss=4710324218.7500, style loss=117590915625000.0000, tv loss=76254792.0000
L-BFGS | iteration: 352, total loss=117321083387904.0000, content_loss=4710212500.0000, style loss=117316293750000.0000, tv loss=76259072.0000
L-BFGS | iteration: 353, total loss=116720291282944.0000, content_loss=4709557031.2500, style loss=116715506250000.0000, tv loss=76271536.0000
L-BFGS | iteration: 354, total loss=116154412564480.0000, content_loss=4712326171.8750, style loss=116149621875000.0000, tv loss=76294656.0000
L-BFGS | iteration: 355, total loss=115682024882176.0000, content_loss=4709609765.6250, style loss=115677243750000.0000, tv loss=76320560.0000
L-BFGS | iteration: 356, total loss=115440936288256.0000, content_loss=4713426171.8750, style loss=115436146875000.0000, tv loss=76309824.0000
L-BFGS | iteration: 357, total loss=115062148694016.0000, content_loss=4714157421.8750, style loss=115057359375000.0000, tv loss=76334000.0000
L-BFGS | iteration: 358, total loss=114913007632384.0000, content_loss=4714611328.1250, style loss=114908221875000.0000, tv loss=76340496.0000
L-BFGS | iteration: 359, total loss=114671055011840.0000, content_loss=4715239062.5000, style loss=114666262500000.0000, tv loss=76342704.0000
L-BFGS | iteration: 360, total loss=114219529797632.0000, content_loss=4714347656.2500, style loss=114214743750000.0000, tv loss=76360712.0000
L-BFGS | iteration: 361, total loss=113645002424320.0000, content_loss=4715784375.0000, style loss=113640215625000.0000, tv loss=76377776.0000
L-BFGS | iteration: 362, total loss=113440874037248.0000, content_loss=4713453515.6250, style loss=113436084375000.0000, tv loss=76413328.0000
L-BFGS | iteration: 363, total loss=113041802788864.0000, content_loss=4714786328.1250, style loss=113037009375000.0000, tv loss=76411040.0000
L-BFGS | iteration: 364, total loss=112864467615744.0000, content_loss=4714928515.6250, style loss=112859681250000.0000, tv loss=76422384.0000
L-BFGS | iteration: 365, total loss=112214920921088.0000, content_loss=4717143359.3750, style loss=112210134375000.0000, tv loss=76462528.0000
L-BFGS | iteration: 366, total loss=111761038508032.0000, content_loss=4718727343.7500, style loss=111756243750000.0000, tv loss=76471592.0000
L-BFGS | iteration: 367, total loss=111581471965184.0000, content_loss=4717521875.0000, style loss=111576684375000.0000, tv loss=76493744.0000
L-BFGS | iteration: 368, total loss=111269340250112.0000, content_loss=4719498437.5000, style loss=111264543750000.0000, tv loss=76488408.0000
L-BFGS | iteration: 369, total loss=111058534531072.0000, content_loss=4720377343.7500, style loss=111053737500000.0000, tv loss=76497216.0000
L-BFGS | iteration: 370, total loss=110520363384832.0000, content_loss=4721708593.7500, style loss=110515565625000.0000, tv loss=76516944.0000
L-BFGS | iteration: 371, total loss=110089021161472.0000, content_loss=4720589062.5000, style loss=110084221875000.0000, tv loss=76536896.0000
L-BFGS | iteration: 372, total loss=109908322156544.0000, content_loss=4718256640.6250, style loss=109903528125000.0000, tv loss=76561952.0000
L-BFGS | iteration: 373, total loss=109584513499136.0000, content_loss=4718915234.3750, style loss=109579715625000.0000, tv loss=76554816.0000
L-BFGS | iteration: 374, total loss=109417118826496.0000, content_loss=4718319921.8750, style loss=109412325000000.0000, tv loss=76567592.0000
L-BFGS | iteration: 375, total loss=108935855996928.0000, content_loss=4718058203.1250, style loss=108931068750000.0000, tv loss=76595680.0000
L-BFGS | iteration: 376, total loss=108650802708480.0000, content_loss=4721879687.5000, style loss=108646003125000.0000, tv loss=76600176.0000
L-BFGS | iteration: 377, total loss=108456891645952.0000, content_loss=4721845312.5000, style loss=108452090625000.0000, tv loss=76608064.0000
L-BFGS | iteration: 378, total loss=108227530326016.0000, content_loss=4721881640.6250, style loss=108222731250000.0000, tv loss=76622224.0000
L-BFGS | iteration: 379, total loss=108038878920704.0000, content_loss=4722876953.1250, style loss=108034078125000.0000, tv loss=76617792.0000
L-BFGS | iteration: 380, total loss=107715942678528.0000, content_loss=4723713671.8750, style loss=107711146875000.0000, tv loss=76632336.0000
L-BFGS | iteration: 381, total loss=107349830270976.0000, content_loss=4724558203.1250, style loss=107345034375000.0000, tv loss=76653424.0000
L-BFGS | iteration: 382, total loss=106956169674752.0000, content_loss=4724589843.7500, style loss=106951368750000.0000, tv loss=76673168.0000
L-BFGS | iteration: 383, total loss=106660169252864.0000, content_loss=4725006640.6250, style loss=106655371875000.0000, tv loss=76698576.0000
L-BFGS | iteration: 384, total loss=106299928870912.0000, content_loss=4727826171.8750, style loss=106295118750000.0000, tv loss=76708096.0000
L-BFGS | iteration: 385, total loss=106076162752512.0000, content_loss=4724819921.8750, style loss=106071365625000.0000, tv loss=76719352.0000
L-BFGS | iteration: 386, total loss=105877000421376.0000, content_loss=4724244921.8750, style loss=105872203125000.0000, tv loss=76717632.0000
L-BFGS | iteration: 387, total loss=105598347640832.0000, content_loss=4724146875.0000, style loss=105593550000000.0000, tv loss=76731888.0000
L-BFGS | iteration: 388, total loss=105255354236928.0000, content_loss=4725335546.8750, style loss=105250556250000.0000, tv loss=76738880.0000
L-BFGS | iteration: 389, total loss=104812939051008.0000, content_loss=4725667968.7500, style loss=104808140625000.0000, tv loss=76777472.0000
L-BFGS | iteration: 390, total loss=104446054891520.0000, content_loss=4729863671.8750, style loss=104441250000000.0000, tv loss=76780560.0000
L-BFGS | iteration: 391, total loss=104325258936320.0000, content_loss=4728384765.6250, style loss=104320453125000.0000, tv loss=76795024.0000
L-BFGS | iteration: 392, total loss=104161328758784.0000, content_loss=4729330859.3750, style loss=104156521875000.0000, tv loss=76790976.0000
L-BFGS | iteration: 393, total loss=104012581961728.0000, content_loss=4730037500.0000, style loss=104007778125000.0000, tv loss=76800432.0000
L-BFGS | iteration: 394, total loss=103571399901184.0000, content_loss=4729957031.2500, style loss=103566590625000.0000, tv loss=76819688.0000
L-BFGS | iteration: 395, total loss=103213919371264.0000, content_loss=4729497656.2500, style loss=103209112500000.0000, tv loss=76845792.0000
L-BFGS | iteration: 396, total loss=102791586512896.0000, content_loss=4728728515.6250, style loss=102786778125000.0000, tv loss=76843888.0000
L-BFGS | iteration: 397, total loss=102543996747776.0000, content_loss=4728635156.2500, style loss=102539193750000.0000, tv loss=76886432.0000
L-BFGS | iteration: 398, total loss=102202572013568.0000, content_loss=4732318750.0000, style loss=102197765625000.0000, tv loss=76889320.0000
L-BFGS | iteration: 399, total loss=102033466064896.0000, content_loss=4731361328.1250, style loss=102028659375000.0000, tv loss=76881936.0000
L-BFGS | iteration: 400, total loss=101872648060928.0000, content_loss=4730250000.0000, style loss=101867840625000.0000, tv loss=76886304.0000
L-BFGS | iteration: 401, total loss=101692217491456.0000, content_loss=4729765625.0000, style loss=101687409375000.0000, tv loss=76889872.0000
L-BFGS | iteration: 402, total loss=101348108402688.0000, content_loss=4730909375.0000, style loss=101343300000000.0000, tv loss=76916752.0000
L-BFGS | iteration: 403, total loss=101045959131136.0000, content_loss=4733295312.5000, style loss=101041153125000.0000, tv loss=76933504.0000
L-BFGS | iteration: 404, total loss=100893890445312.0000, content_loss=4732597656.2500, style loss=100889081250000.0000, tv loss=76954336.0000
L-BFGS | iteration: 405, total loss=100716630769664.0000, content_loss=4733167578.1250, style loss=100711828125000.0000, tv loss=76955696.0000
L-BFGS | iteration: 406, total loss=100344520507392.0000, content_loss=4733781250.0000, style loss=100339715625000.0000, tv loss=76971968.0000
L-BFGS | iteration: 407, total loss=99998935023616.0000, content_loss=4735055468.7500, style loss=99994125000000.0000, tv loss=76975864.0000
L-BFGS | iteration: 408, total loss=99750045024256.0000, content_loss=4736628515.6250, style loss=99745228125000.0000, tv loss=77004560.0000
L-BFGS | iteration: 409, total loss=99466921115648.0000, content_loss=4740928906.2500, style loss=99462103125000.0000, tv loss=77009128.0000
L-BFGS | iteration: 410, total loss=99283168657408.0000, content_loss=4739964453.1250, style loss=99278353125000.0000, tv loss=77017136.0000
L-BFGS | iteration: 411, total loss=99055409561600.0000, content_loss=4739486328.1250, style loss=99050596875000.0000, tv loss=77023648.0000
L-BFGS | iteration: 412, total loss=98810890027008.0000, content_loss=4739007812.5000, style loss=98806078125000.0000, tv loss=77043272.0000
L-BFGS | iteration: 413, total loss=98592224182272.0000, content_loss=4739007031.2500, style loss=98587406250000.0000, tv loss=77046456.0000
L-BFGS | iteration: 414, total loss=98413513277440.0000, content_loss=4738334375.0000, style loss=98408700000000.0000, tv loss=77062208.0000
L-BFGS | iteration: 415, total loss=98235314077696.0000, content_loss=4738758984.3750, style loss=98230500000000.0000, tv loss=77071368.0000
L-BFGS | iteration: 416, total loss=98002018500608.0000, content_loss=4738826171.8750, style loss=97997203125000.0000, tv loss=77081600.0000
L-BFGS | iteration: 417, total loss=97594902577152.0000, content_loss=4739323046.8750, style loss=97590084375000.0000, tv loss=77105536.0000
L-BFGS | iteration: 418, total loss=97283894935552.0000, content_loss=4741539062.5000, style loss=97279078125000.0000, tv loss=77116064.0000
L-BFGS | iteration: 419, total loss=97162461446144.0000, content_loss=4739269531.2500, style loss=97157643750000.0000, tv loss=77144296.0000
L-BFGS | iteration: 420, total loss=96957318037504.0000, content_loss=4740775390.6250, style loss=96952500000000.0000, tv loss=77129264.0000
L-BFGS | iteration: 421, total loss=96829374988288.0000, content_loss=4741493750.0000, style loss=96824559375000.0000, tv loss=77133552.0000
L-BFGS | iteration: 422, total loss=96436049936384.0000, content_loss=4741792968.7500, style loss=96431231250000.0000, tv loss=77158248.0000
L-BFGS | iteration: 423, total loss=96123196801024.0000, content_loss=4741283203.1250, style loss=96118378125000.0000, tv loss=77189768.0000
L-BFGS | iteration: 424, total loss=95742085562368.0000, content_loss=4744050000.0000, style loss=95737265625000.0000, tv loss=77202464.0000
L-BFGS | iteration: 425, total loss=95437008666624.0000, content_loss=4741695703.1250, style loss=95432193750000.0000, tv loss=77226464.0000
L-BFGS | iteration: 426, total loss=95416481742848.0000, content_loss=4737832031.2500, style loss=95411662500000.0000, tv loss=77250000.0000
L-BFGS | iteration: 427, total loss=95340707446784.0000, content_loss=4739749609.3750, style loss=95335893750000.0000, tv loss=77239584.0000
L-BFGS | iteration: 428, total loss=95171140124672.0000, content_loss=4740382812.5000, style loss=95166328125000.0000, tv loss=77230224.0000
L-BFGS | iteration: 429, total loss=94879728271360.0000, content_loss=4741988281.2500, style loss=94874915625000.0000, tv loss=77247840.0000
L-BFGS | iteration: 430, total loss=94400629702656.0000, content_loss=4741988281.2500, style loss=94395815625000.0000, tv loss=77266560.0000
L-BFGS | iteration: 431, total loss=94173659136000.0000, content_loss=4746942578.1250, style loss=94168837500000.0000, tv loss=77282040.0000
L-BFGS | iteration: 432, total loss=94030004224000.0000, content_loss=4745901171.8750, style loss=94025184375000.0000, tv loss=77312040.0000
L-BFGS | iteration: 433, total loss=93878430466048.0000, content_loss=4745131250.0000, style loss=93873609375000.0000, tv loss=77299376.0000
L-BFGS | iteration: 434, total loss=93720254873600.0000, content_loss=4744005468.7500, style loss=93715434375000.0000, tv loss=77304696.0000
L-BFGS | iteration: 435, total loss=93411948363776.0000, content_loss=4744516796.8750, style loss=93407128125000.0000, tv loss=77320448.0000
L-BFGS | iteration: 436, total loss=93147086454784.0000, content_loss=4743776953.1250, style loss=93142265625000.0000, tv loss=77385936.0000
L-BFGS | iteration: 437, total loss=92830919819264.0000, content_loss=4747371875.0000, style loss=92826093750000.0000, tv loss=77370480.0000
L-BFGS | iteration: 438, total loss=92669623664640.0000, content_loss=4746951953.1250, style loss=92664796875000.0000, tv loss=77367288.0000
L-BFGS | iteration: 439, total loss=92574966611968.0000, content_loss=4746640625.0000, style loss=92570146875000.0000, tv loss=77378560.0000
L-BFGS | iteration: 440, total loss=92453684117504.0000, content_loss=4746652343.7500, style loss=92448862500000.0000, tv loss=77384928.0000
L-BFGS | iteration: 441, total loss=92109692469248.0000, content_loss=4746282031.2500, style loss=92104865625000.0000, tv loss=77405264.0000
L-BFGS | iteration: 442, total loss=91707240611840.0000, content_loss=4745603515.6250, style loss=91702415625000.0000, tv loss=77423648.0000
L-BFGS | iteration: 443, total loss=91477661188096.0000, content_loss=4744232031.2500, style loss=91472840625000.0000, tv loss=77453336.0000
L-BFGS | iteration: 444, total loss=91309025001472.0000, content_loss=4746539843.7500, style loss=91304203125000.0000, tv loss=77450016.0000
L-BFGS | iteration: 445, total loss=91191836147712.0000, content_loss=4745737890.6250, style loss=91187015625000.0000, tv loss=77460360.0000
L-BFGS | iteration: 446, total loss=91073590329344.0000, content_loss=4745130468.7500, style loss=91068768750000.0000, tv loss=77471040.0000
L-BFGS | iteration: 447, total loss=90938575683584.0000, content_loss=4745428906.2500, style loss=90933750000000.0000, tv loss=77476864.0000
L-BFGS | iteration: 448, total loss=90625764491264.0000, content_loss=4746535156.2500, style loss=90620943750000.0000, tv loss=77495984.0000
L-BFGS | iteration: 449, total loss=90438874693632.0000, content_loss=4748921093.7500, style loss=90434053125000.0000, tv loss=77498328.0000
L-BFGS | iteration: 450, total loss=90271974948864.0000, content_loss=4747750000.0000, style loss=90267150000000.0000, tv loss=77515120.0000
L-BFGS | iteration: 451, total loss=90174960697344.0000, content_loss=4748491406.2500, style loss=90170137500000.0000, tv loss=77511632.0000
L-BFGS | iteration: 452, total loss=89997927514112.0000, content_loss=4749343359.3750, style loss=89993100000000.0000, tv loss=77521824.0000
L-BFGS | iteration: 453, total loss=89645069107200.0000, content_loss=4749669140.6250, style loss=89640243750000.0000, tv loss=77545000.0000
L-BFGS | iteration: 454, total loss=89268655489024.0000, content_loss=4750475390.6250, style loss=89263828125000.0000, tv loss=77583968.0000
L-BFGS | iteration: 455, total loss=89027449454592.0000, content_loss=4751187109.3750, style loss=89022628125000.0000, tv loss=77590608.0000
L-BFGS | iteration: 456, total loss=89105782276096.0000, content_loss=4748912890.6250, style loss=89100956250000.0000, tv loss=77618392.0000
L-BFGS | iteration: 457, total loss=88955450032128.0000, content_loss=4750302343.7500, style loss=88950628125000.0000, tv loss=77602912.0000
L-BFGS | iteration: 458, total loss=88815217672192.0000, content_loss=4751174609.3750, style loss=88810396875000.0000, tv loss=77608816.0000
L-BFGS | iteration: 459, total loss=88670598070272.0000, content_loss=4750655078.1250, style loss=88665778125000.0000, tv loss=77613552.0000
L-BFGS | iteration: 460, total loss=88370596282368.0000, content_loss=4751871875.0000, style loss=88365768750000.0000, tv loss=77625232.0000
L-BFGS | iteration: 461, total loss=88165142495232.0000, content_loss=4751257812.5000, style loss=88160315625000.0000, tv loss=77637424.0000
L-BFGS | iteration: 462, total loss=88079998124032.0000, content_loss=4749476953.1250, style loss=88075171875000.0000, tv loss=77660456.0000
L-BFGS | iteration: 463, total loss=87932836773888.0000, content_loss=4750538281.2500, style loss=87928012500000.0000, tv loss=77656048.0000
L-BFGS | iteration: 464, total loss=87749663129600.0000, content_loss=4751250781.2500, style loss=87744843750000.0000, tv loss=77664064.0000
L-BFGS | iteration: 465, total loss=87414773121024.0000, content_loss=4752908203.1250, style loss=87409940625000.0000, tv loss=77688552.0000
L-BFGS | iteration: 466, total loss=87219335331840.0000, content_loss=4754575781.2500, style loss=87214500000000.0000, tv loss=77712696.0000
L-BFGS | iteration: 467, total loss=87097440468992.0000, content_loss=4758990234.3750, style loss=87092606250000.0000, tv loss=77704664.0000
L-BFGS | iteration: 468, total loss=86904502484992.0000, content_loss=4756778515.6250, style loss=86899668750000.0000, tv loss=77723008.0000
L-BFGS | iteration: 469, total loss=86777306021888.0000, content_loss=4755425390.6250, style loss=86772478125000.0000, tv loss=77736400.0000
L-BFGS | iteration: 470, total loss=86631637843968.0000, content_loss=4754854687.5000, style loss=86626809375000.0000, tv loss=77746096.0000
L-BFGS | iteration: 471, total loss=86394961657856.0000, content_loss=4754310546.8750, style loss=86390128125000.0000, tv loss=77762584.0000
L-BFGS | iteration: 472, total loss=86159921250304.0000, content_loss=4754732812.5000, style loss=86155087500000.0000, tv loss=77768592.0000
L-BFGS | iteration: 473, total loss=86070137978880.0000, content_loss=4753549218.7500, style loss=86065303125000.0000, tv loss=77793320.0000
L-BFGS | iteration: 474, total loss=85899446583296.0000, content_loss=4755541796.8750, style loss=85894612500000.0000, tv loss=77781096.0000
L-BFGS | iteration: 475, total loss=85806156873728.0000, content_loss=4755919531.2500, style loss=85801321875000.0000, tv loss=77785720.0000
L-BFGS | iteration: 476, total loss=85523754385408.0000, content_loss=4755099218.7500, style loss=85518918750000.0000, tv loss=77811112.0000
L-BFGS | iteration: 477, total loss=85326949253120.0000, content_loss=4755659765.6250, style loss=85322118750000.0000, tv loss=77824536.0000
L-BFGS | iteration: 478, total loss=85173337063424.0000, content_loss=4755913281.2500, style loss=85168509375000.0000, tv loss=77837344.0000
L-BFGS | iteration: 479, total loss=84877353418752.0000, content_loss=4756501171.8750, style loss=84872521875000.0000, tv loss=77863696.0000
L-BFGS | iteration: 480, total loss=84783921102848.0000, content_loss=4755994531.2500, style loss=84779090625000.0000, tv loss=77884368.0000
L-BFGS | iteration: 481, total loss=84676932796416.0000, content_loss=4758996484.3750, style loss=84672103125000.0000, tv loss=77867568.0000
L-BFGS | iteration: 482, total loss=84533546319872.0000, content_loss=4757013671.8750, style loss=84528712500000.0000, tv loss=77879528.0000
L-BFGS | iteration: 483, total loss=84451992272896.0000, content_loss=4756058203.1250, style loss=84447159375000.0000, tv loss=77889472.0000
L-BFGS | iteration: 484, total loss=84335340290048.0000, content_loss=4755223437.5000, style loss=84330506250000.0000, tv loss=77900560.0000
L-BFGS | iteration: 485, total loss=84132956733440.0000, content_loss=4755465234.3750, style loss=84128128125000.0000, tv loss=77914080.0000
L-BFGS | iteration: 486, total loss=83831746985984.0000, content_loss=4756453906.2500, style loss=83826918750000.0000, tv loss=77940224.0000
L-BFGS | iteration: 487, total loss=83532894437376.0000, content_loss=4758332421.8750, style loss=83528062500000.0000, tv loss=77940496.0000
