C:\Users\user\AppData\Roaming\Python\Python313\site-packages\torchvision\models\_utils.py:208: UserWarning: The parameter 'pretrained' is deprecated since 0.13 and may be removed in the future, please use 'weights' instead.
  warnings.warn(
C:\Users\user\AppData\Roaming\Python\Python313\site-packages\torchvision\models\_utils.py:223: UserWarning: Arguments other than a weight enum or `None` for 'weights' are deprecated since 0.13 and may be removed in the future. The current behavior is equivalent to passing `weights=VGG19_Weights.IMAGENET1K_V1`. You can also use `weights=VGG19_Weights.DEFAULT` to get the most up-to-date weights.
  warnings.warn(msg)
Using VGG19 in the optimization procedure.
L-BFGS | iteration: 000, total loss=76547733237792768.0000, content_loss=      0.0000, style loss=76547736000000000.0000, tv loss=3956215.0000
L-BFGS | iteration: 001, total loss=76547750417661952.0000, content_loss=     34.9502, style loss=76547750400000000.0000, tv loss=3956216.0000
L-BFGS | iteration: 002, total loss=76547750417661952.0000, content_loss=     29.4653, style loss=76547750400000000.0000, tv loss=3956215.0000
L-BFGS | iteration: 003, total loss=76547724647858176.0000, content_loss=     24.5603, style loss=76547726400000000.0000, tv loss=3956215.0000
L-BFGS | iteration: 004, total loss=76547750417661952.0000, content_loss=     27.2963, style loss=76547750400000000.0000, tv loss=3956215.0000
L-BFGS | iteration: 005, total loss=76547724647858176.0000, content_loss=     24.9218, style loss=76547726400000000.0000, tv loss=3956215.0000
L-BFGS | iteration: 006, total loss=76547741827727360.0000, content_loss=     24.8169, style loss=76547745600000000.0000, tv loss=3956215.0000
L-BFGS | iteration: 007, total loss=76547750417661952.0000, content_loss=     24.4372, style loss=76547750400000000.0000, tv loss=3956215.0000
L-BFGS | iteration: 008, total loss=76547733237792768.0000, content_loss=     24.4838, style loss=76547736000000000.0000, tv loss=3956215.0000
L-BFGS | iteration: 009, total loss=76547724647858176.0000, content_loss=     24.7406, style loss=76547726400000000.0000, tv loss=3956215.0000
L-BFGS | iteration: 010, total loss=76547724647858176.0000, content_loss=     24.8173, style loss=76547726400000000.0000, tv loss=3956215.0000
L-BFGS | iteration: 011, total loss=76547733237792768.0000, content_loss=     24.5034, style loss=76547736000000000.0000, tv loss=3956215.0000
L-BFGS | iteration: 012, total loss=76547733237792768.0000, content_loss=     24.5650, style loss=76547736000000000.0000, tv loss=3956215.0000
L-BFGS | iteration: 013, total loss=76547724647858176.0000, content_loss=     24.6501, style loss=76547726400000000.0000, tv loss=3956215.0000
L-BFGS | iteration: 014, total loss=76547724647858176.0000, content_loss=     24.5603, style loss=76547726400000000.0000, tv loss=3956215.0000
L-BFGS | iteration: 015, total loss=76547724647858176.0000, content_loss=     24.5603, style loss=76547726400000000.0000, tv loss=3956215.0000
L-BFGS | iteration: 016, total loss=76547724647858176.0000, content_loss=     24.5603, style loss=76547726400000000.0000, tv loss=3956215.0000
L-BFGS | iteration: 017, total loss=76547724647858176.0000, content_loss=     24.5603, style loss=76547726400000000.0000, tv loss=3956215.0000
L-BFGS | iteration: 018, total loss=76547724647858176.0000, content_loss=     24.5603, style loss=76547726400000000.0000, tv loss=3956215.0000
L-BFGS | iteration: 019, total loss=76547200661848064.0000, content_loss=     59.5683, style loss=76547198400000000.0000, tv loss=3956229.5000
L-BFGS | iteration: 020, total loss=76544211364610048.0000, content_loss=    110.1709, style loss=76544212800000000.0000, tv loss=3956294.5000
L-BFGS | iteration: 021, total loss=76542433248149504.0000, content_loss=    143.2561, style loss=76542436800000000.0000, tv loss=3956339.7500
L-BFGS | iteration: 022, total loss=76520855332454400.0000, content_loss=   1451.4899, style loss=76520856000000000.0000, tv loss=3956902.2500
L-BFGS | iteration: 023, total loss=76111716747837440.0000, content_loss= 433028.3642, style loss=76111713600000000.0000, tv loss=3969308.0000
L-BFGS | iteration: 024, total loss=74608100237115392.0000, content_loss=10099391.1743, style loss=74608099200000000.0000, tv loss=4041607.2500
L-BFGS | iteration: 025, total loss=71260710100795392.0000, content_loss=47769485.4736, style loss=71260708800000000.0000, tv loss=4285535.0000
L-BFGS | iteration: 026, total loss=59543811684040704.0000, content_loss=232003759.7656, style loss=59543812800000000.0000, tv loss=5695316.5000
L-BFGS | iteration: 027, total loss=126948925348249600.0000, content_loss=1951298632.8125, style loss=126948921600000000.0000, tv loss=16237502.0000
L-BFGS | iteration: 028, total loss=41465276427927552.0000, content_loss=802912451.1719, style loss=41465275200000000.0000, tv loss=9993224.0000
L-BFGS | iteration: 029, total loss=33282451048497152.0000, content_loss=1036393750.0000, style loss=33282451200000000.0000, tv loss=11592293.0000
L-BFGS | iteration: 030, total loss=21343021786202112.0000, content_loss=1194576757.8125, style loss=21343020000000000.0000, tv loss=12062384.0000
L-BFGS | iteration: 031, total loss=15765739390631936.0000, content_loss=1409637695.3125, style loss=15765738000000000.0000, tv loss=12262501.0000
L-BFGS | iteration: 032, total loss=11953732577132544.0000, content_loss=1401219140.6250, style loss=11953731600000000.0000, tv loss=12358919.0000
L-BFGS | iteration: 033, total loss=10241246438096896.0000, content_loss=1732724609.3750, style loss=10241244000000000.0000, tv loss=13158913.0000
L-BFGS | iteration: 034, total loss=8745164910624768.0000, content_loss=1486086718.7500, style loss=8745163200000000.0000, tv loss=12828028.0000
L-BFGS | iteration: 035, total loss=7782249348988928.0000, content_loss=1583730175.7812, style loss=7782247800000000.0000, tv loss=13090619.0000
L-BFGS | iteration: 036, total loss=6782771267633152.0000, content_loss=1707765234.3750, style loss=6782769600000000.0000, tv loss=13409073.0000
L-BFGS | iteration: 037, total loss=5916149946515456.0000, content_loss=1693069726.5625, style loss=5916148200000000.0000, tv loss=13524979.0000
L-BFGS | iteration: 038, total loss=5126311366361088.0000, content_loss=1708344726.5625, style loss=5126310000000000.0000, tv loss=13799944.0000
L-BFGS | iteration: 039, total loss=4494119560806400.0000, content_loss=1784408789.0625, style loss=4494117600000000.0000, tv loss=14199022.0000
L-BFGS | iteration: 040, total loss=4034370960621568.0000, content_loss=1718373437.5000, style loss=4034369400000000.0000, tv loss=14189076.0000
L-BFGS | iteration: 041, total loss=3675627911643136.0000, content_loss=1818035937.5000, style loss=3675626100000000.0000, tv loss=14353890.0000
L-BFGS | iteration: 042, total loss=3462020665966592.0000, content_loss=1805300000.0000, style loss=3462018900000000.0000, tv loss=14391906.0000
L-BFGS | iteration: 043, total loss=3175408371499008.0000, content_loss=1790645312.5000, style loss=3175406400000000.0000, tv loss=14421217.0000
L-BFGS | iteration: 044, total loss=2954473643180032.0000, content_loss=1880876757.8125, style loss=2954471700000000.0000, tv loss=14545201.0000
L-BFGS | iteration: 045, total loss=2840945577951232.0000, content_loss=1803076953.1250, style loss=2840943600000000.0000, tv loss=14490690.0000
L-BFGS | iteration: 046, total loss=2720032316456960.0000, content_loss=1833043945.3125, style loss=2720030400000000.0000, tv loss=14497349.0000
L-BFGS | iteration: 047, total loss=2570548395638784.0000, content_loss=1866753710.9375, style loss=2570546400000000.0000, tv loss=14646174.0000
L-BFGS | iteration: 048, total loss=2422692804296704.0000, content_loss=1854346875.0000, style loss=2422690800000000.0000, tv loss=14665617.0000
L-BFGS | iteration: 049, total loss=2286528650805248.0000, content_loss=1892173437.5000, style loss=2286526650000000.0000, tv loss=14770286.0000
L-BFGS | iteration: 050, total loss=2185047834624000.0000, content_loss=1855516992.1875, style loss=2185045950000000.0000, tv loss=14747994.0000
L-BFGS | iteration: 051, total loss=2100510530207744.0000, content_loss=1896164453.1250, style loss=2100508650000000.0000, tv loss=14746824.0000
L-BFGS | iteration: 052, total loss=2054231318069248.0000, content_loss=1860950585.9375, style loss=2054229450000000.0000, tv loss=14838909.0000
L-BFGS | iteration: 053, total loss=1971314290065408.0000, content_loss=1895925195.3125, style loss=1971312450000000.0000, tv loss=14862723.0000
L-BFGS | iteration: 054, total loss=1909597757505536.0000, content_loss=1893660742.1875, style loss=1909595850000000.0000, tv loss=14817226.0000
L-BFGS | iteration: 055, total loss=1837448615165952.0000, content_loss=1881983984.3750, style loss=1837446750000000.0000, tv loss=14972723.0000
L-BFGS | iteration: 056, total loss=1767920610836480.0000, content_loss=1919566015.6250, style loss=1767918750000000.0000, tv loss=14933855.0000
L-BFGS | iteration: 057, total loss=1717553395138560.0000, content_loss=1893054687.5000, style loss=1717551450000000.0000, tv loss=14995985.0000
L-BFGS | iteration: 058, total loss=1668827125383168.0000, content_loss=1909420312.5000, style loss=1668825300000000.0000, tv loss=15055928.0000
L-BFGS | iteration: 059, total loss=1643030075408384.0000, content_loss=1877246679.6875, style loss=1643028150000000.0000, tv loss=15030660.0000
L-BFGS | iteration: 060, total loss=1590292574633984.0000, content_loss=1914028125.0000, style loss=1590290700000000.0000, tv loss=15066475.0000
L-BFGS | iteration: 061, total loss=1556271467593728.0000, content_loss=1918605078.1250, style loss=1556269650000000.0000, tv loss=15129440.0000
L-BFGS | iteration: 062, total loss=1508787919781888.0000, content_loss=1898619531.2500, style loss=1508786100000000.0000, tv loss=15176185.0000
L-BFGS | iteration: 063, total loss=1466815486099456.0000, content_loss=1932117187.5000, style loss=1466813550000000.0000, tv loss=15243980.0000
L-BFGS | iteration: 064, total loss=1436237600653312.0000, content_loss=1914902148.4375, style loss=1436235750000000.0000, tv loss=15230921.0000
L-BFGS | iteration: 065, total loss=1393990289063936.0000, content_loss=1909919140.6250, style loss=1393988400000000.0000, tv loss=15298712.0000
L-BFGS | iteration: 066, total loss=1353071732981760.0000, content_loss=1928967773.4375, style loss=1353069900000000.0000, tv loss=15320945.0000
L-BFGS | iteration: 067, total loss=1321759139692544.0000, content_loss=1917120507.8125, style loss=1321757250000000.0000, tv loss=15461376.0000
L-BFGS | iteration: 068, total loss=1280327871889408.0000, content_loss=1933904492.1875, style loss=1280326050000000.0000, tv loss=15430351.0000
L-BFGS | iteration: 069, total loss=1246908060270592.0000, content_loss=1939567578.1250, style loss=1246906125000000.0000, tv loss=15522432.0000
L-BFGS | iteration: 070, total loss=1214476225347584.0000, content_loss=1916998828.1250, style loss=1214474325000000.0000, tv loss=15521164.0000
L-BFGS | iteration: 071, total loss=1189499648344064.0000, content_loss=1954868359.3750, style loss=1189497600000000.0000, tv loss=15594353.0000
L-BFGS | iteration: 072, total loss=1169096674639872.0000, content_loss=1943272656.2500, style loss=1169094825000000.0000, tv loss=15604300.0000
L-BFGS | iteration: 073, total loss=1142987836882944.0000, content_loss=1933562500.0000, style loss=1142985975000000.0000, tv loss=15615233.0000
L-BFGS | iteration: 074, total loss=1115849482043392.0000, content_loss=1948663476.5625, style loss=1115847525000000.0000, tv loss=15670590.0000
L-BFGS | iteration: 075, total loss=1089006137769984.0000, content_loss=1947429687.5000, style loss=1089004200000000.0000, tv loss=15723760.0000
L-BFGS | iteration: 076, total loss=1057159894794240.0000, content_loss=1946281640.6250, style loss=1057157925000000.0000, tv loss=15814626.0000
L-BFGS | iteration: 077, total loss=1027420266168320.0000, content_loss=1959935156.2500, style loss=1027418325000000.0000, tv loss=15842068.0000
L-BFGS | iteration: 078, total loss=1010225096163328.0000, content_loss=1939101171.8750, style loss=1010223150000000.0000, tv loss=15931120.0000
L-BFGS | iteration: 079, total loss=988091519074304.0000, content_loss=1957327148.4375, style loss=988089600000000.0000, tv loss=15912780.0000
L-BFGS | iteration: 080, total loss=969365662990336.0000, content_loss=1959087109.3750, style loss=969363750000000.0000, tv loss=15949646.0000
L-BFGS | iteration: 081, total loss=945665093926912.0000, content_loss=1955126757.8125, style loss=945663150000000.0000, tv loss=15985184.0000
L-BFGS | iteration: 082, total loss=923691839913984.0000, content_loss=1970482617.1875, style loss=923689875000000.0000, tv loss=16140929.0000
L-BFGS | iteration: 083, total loss=910701442891776.0000, content_loss=1950388671.8750, style loss=910699500000000.0000, tv loss=15975126.0000
L-BFGS | iteration: 084, total loss=889178757791744.0000, content_loss=1971578906.2500, style loss=889176825000000.0000, tv loss=16074639.0000
L-BFGS | iteration: 085, total loss=880436687405056.0000, content_loss=1957864843.7500, style loss=880434750000000.0000, tv loss=16272532.0000
L-BFGS | iteration: 086, total loss=860385565474816.0000, content_loss=1973341601.5625, style loss=860383650000000.0000, tv loss=16246908.0000
L-BFGS | iteration: 087, total loss=843507686178816.0000, content_loss=1967912695.3125, style loss=843505725000000.0000, tv loss=16226620.0000
L-BFGS | iteration: 088, total loss=824131209658368.0000, content_loss=1966683789.0625, style loss=824129250000000.0000, tv loss=16265690.0000
L-BFGS | iteration: 089, total loss=803997879369728.0000, content_loss=1976606250.0000, style loss=803995950000000.0000, tv loss=16329454.0000
L-BFGS | iteration: 090, total loss=785289740025856.0000, content_loss=1970425781.2500, style loss=785287800000000.0000, tv loss=16372544.0000
L-BFGS | iteration: 091, total loss=765959971274752.0000, content_loss=1982762304.6875, style loss=765957975000000.0000, tv loss=16425693.0000
L-BFGS | iteration: 092, total loss=759162313113600.0000, content_loss=1952708203.1250, style loss=759160350000000.0000, tv loss=16521608.0000
L-BFGS | iteration: 093, total loss=742227928154112.0000, content_loss=1973164453.1250, style loss=742225950000000.0000, tv loss=16466978.0000
L-BFGS | iteration: 094, total loss=732221392551936.0000, content_loss=1983005859.3750, style loss=732219375000000.0000, tv loss=16513463.0000
L-BFGS | iteration: 095, total loss=717517102252032.0000, content_loss=1976758007.8125, style loss=717515175000000.0000, tv loss=16560228.0000
L-BFGS | iteration: 096, total loss=702288154853376.0000, content_loss=1984649414.0625, style loss=702286125000000.0000, tv loss=16630559.0000
L-BFGS | iteration: 097, total loss=688107447910400.0000, content_loss=1981887695.3125, style loss=688105425000000.0000, tv loss=16593194.0000
L-BFGS | iteration: 098, total loss=672411825471488.0000, content_loss=1977572070.3125, style loss=672409875000000.0000, tv loss=16714977.0000
L-BFGS | iteration: 099, total loss=659485114761216.0000, content_loss=1996516210.9375, style loss=659483100000000.0000, tv loss=16688344.0000
L-BFGS | iteration: 100, total loss=651763635978240.0000, content_loss=1969962304.6875, style loss=651761700000000.0000, tv loss=16750286.0000
L-BFGS | iteration: 101, total loss=640614370639872.0000, content_loss=1982103906.2500, style loss=640612350000000.0000, tv loss=16770020.0000
L-BFGS | iteration: 102, total loss=631492933844992.0000, content_loss=1986304492.1875, style loss=631490925000000.0000, tv loss=16776088.0000
L-BFGS | iteration: 103, total loss=618219807178752.0000, content_loss=1982928320.3125, style loss=618217762500000.0000, tv loss=16831564.0000
L-BFGS | iteration: 104, total loss=604019772882944.0000, content_loss=1992596679.6875, style loss=604017787500000.0000, tv loss=16858464.0000
L-BFGS | iteration: 105, total loss=591687311163392.0000, content_loss=1988184179.6875, style loss=591685312500000.0000, tv loss=16878896.0000
L-BFGS | iteration: 106, total loss=577655384571904.0000, content_loss=1994616406.2500, style loss=577653375000000.0000, tv loss=16926578.0000
L-BFGS | iteration: 107, total loss=567102314381312.0000, content_loss=1981797851.5625, style loss=567100312500000.0000, tv loss=16945906.0000
L-BFGS | iteration: 108, total loss=558298134740992.0000, content_loss=2002436132.8125, style loss=558296100000000.0000, tv loss=16944096.0000
L-BFGS | iteration: 109, total loss=551716600676352.0000, content_loss=1991045312.5000, style loss=551714587500000.0000, tv loss=17040202.0000
L-BFGS | iteration: 110, total loss=542315621908480.0000, content_loss=1989936132.8125, style loss=542313600000000.0000, tv loss=17014672.0000
L-BFGS | iteration: 111, total loss=531125051064320.0000, content_loss=1997587109.3750, style loss=531123000000000.0000, tv loss=17056376.0000
L-BFGS | iteration: 112, total loss=520437696036864.0000, content_loss=1994159570.3125, style loss=520435687500000.0000, tv loss=17037512.0000
L-BFGS | iteration: 113, total loss=509120322994176.0000, content_loss=1997657421.8750, style loss=509118262500000.0000, tv loss=17138430.0000
L-BFGS | iteration: 114, total loss=498973563420672.0000, content_loss=2000412109.3750, style loss=498971512500000.0000, tv loss=17064150.0000
L-BFGS | iteration: 115, total loss=488918508109824.0000, content_loss=1996642187.5000, style loss=488916450000000.0000, tv loss=17164056.0000
L-BFGS | iteration: 116, total loss=480540805300224.0000, content_loss=2012870117.1875, style loss=480538762500000.0000, tv loss=17195590.0000
L-BFGS | iteration: 117, total loss=480220125593600.0000, content_loss=1984295117.1875, style loss=480218100000000.0000, tv loss=17210586.0000
L-BFGS | iteration: 118, total loss=476032096272384.0000, content_loss=1998813476.5625, style loss=476030062500000.0000, tv loss=17201372.0000
L-BFGS | iteration: 119, total loss=470400588840960.0000, content_loss=1998266601.5625, style loss=470398537500000.0000, tv loss=17175976.0000
L-BFGS | iteration: 120, total loss=461033902702592.0000, content_loss=1998263671.8750, style loss=461031862500000.0000, tv loss=17196156.0000
L-BFGS | iteration: 121, total loss=451598933295104.0000, content_loss=2004579492.1875, style loss=451596900000000.0000, tv loss=17243432.0000
L-BFGS | iteration: 122, total loss=442606244855808.0000, content_loss=2009559375.0000, style loss=442604212500000.0000, tv loss=17262940.0000
L-BFGS | iteration: 123, total loss=433603859185664.0000, content_loss=2000980468.7500, style loss=433601812500000.0000, tv loss=17308290.0000
L-BFGS | iteration: 124, total loss=426232252465152.0000, content_loss=2016823046.8750, style loss=426230212500000.0000, tv loss=17301422.0000
L-BFGS | iteration: 125, total loss=420868173856768.0000, content_loss=2007356835.9375, style loss=420866137500000.0000, tv loss=17337054.0000
L-BFGS | iteration: 126, total loss=414288653058048.0000, content_loss=2005353515.6250, style loss=414286612500000.0000, tv loss=17342552.0000
L-BFGS | iteration: 127, total loss=407220982382592.0000, content_loss=2004965039.0625, style loss=407218950000000.0000, tv loss=17363268.0000
L-BFGS | iteration: 128, total loss=399121076715520.0000, content_loss=2010748632.8125, style loss=399119025000000.0000, tv loss=17388700.0000
L-BFGS | iteration: 129, total loss=391085125795840.0000, content_loss=2009880273.4375, style loss=391083075000000.0000, tv loss=17390324.0000
L-BFGS | iteration: 130, total loss=382312487321600.0000, content_loss=2013991210.9375, style loss=382310437500000.0000, tv loss=17421806.0000
L-BFGS | iteration: 131, total loss=374837331623936.0000, content_loss=2008496484.3750, style loss=374835300000000.0000, tv loss=17408226.0000
L-BFGS | iteration: 132, total loss=368020882980864.0000, content_loss=2018415625.0000, style loss=368018850000000.0000, tv loss=17457914.0000
L-BFGS | iteration: 133, total loss=365433198739456.0000, content_loss=1998243554.6875, style loss=365431162500000.0000, tv loss=17469506.0000
L-BFGS | iteration: 134, total loss=361075182665728.0000, content_loss=2007422265.6250, style loss=361073137500000.0000, tv loss=17411370.0000
L-BFGS | iteration: 135, total loss=356061512990720.0000, content_loss=2014083593.7500, style loss=356059462500000.0000, tv loss=17495932.0000
L-BFGS | iteration: 136, total loss=351836942893056.0000, content_loss=2010786132.8125, style loss=351834900000000.0000, tv loss=17492228.0000
L-BFGS | iteration: 137, total loss=345667121709056.0000, content_loss=2008557812.5000, style loss=345665062500000.0000, tv loss=17522216.0000
L-BFGS | iteration: 138, total loss=338698335944704.0000, content_loss=2019182812.5000, style loss=338696287500000.0000, tv loss=17510158.0000
L-BFGS | iteration: 139, total loss=334359009689600.0000, content_loss=2009134570.3125, style loss=334356975000000.0000, tv loss=17525604.0000
L-BFGS | iteration: 140, total loss=329978646364160.0000, content_loss=2012070312.5000, style loss=329976600000000.0000, tv loss=17526778.0000
L-BFGS | iteration: 141, total loss=324540647342080.0000, content_loss=2011263281.2500, style loss=324538612500000.0000, tv loss=17549878.0000
L-BFGS | iteration: 142, total loss=318698753622016.0000, content_loss=2014881835.9375, style loss=318696712500000.0000, tv loss=17575964.0000
L-BFGS | iteration: 143, total loss=312775255523328.0000, content_loss=2016466601.5625, style loss=312773193750000.0000, tv loss=17545156.0000
L-BFGS | iteration: 144, total loss=307516202287104.0000, content_loss=2008147851.5625, style loss=307514156250000.0000, tv loss=17613476.0000
L-BFGS | iteration: 145, total loss=302848009043968.0000, content_loss=2025142773.4375, style loss=302845950000000.0000, tv loss=17601732.0000
L-BFGS | iteration: 146, total loss=299867637284864.0000, content_loss=2015890039.0625, style loss=299865581250000.0000, tv loss=17575116.0000
L-BFGS | iteration: 147, total loss=296634231554048.0000, content_loss=2014913281.2500, style loss=296632181250000.0000, tv loss=17572100.0000
L-BFGS | iteration: 148, total loss=292476233449472.0000, content_loss=2014234375.0000, style loss=292474181250000.0000, tv loss=17608372.0000
L-BFGS | iteration: 149, total loss=286705877778432.0000, content_loss=2017156835.9375, style loss=286703831250000.0000, tv loss=17642448.0000
L-BFGS | iteration: 150, total loss=281338947043328.0000, content_loss=2023533007.8125, style loss=281336906250000.0000, tv loss=17645232.0000
L-BFGS | iteration: 151, total loss=277834522165248.0000, content_loss=2014777734.3750, style loss=277832493750000.0000, tv loss=17656750.0000
L-BFGS | iteration: 152, total loss=273155725721600.0000, content_loss=2020583789.0625, style loss=273153693750000.0000, tv loss=17638630.0000
L-BFGS | iteration: 153, total loss=269406487707648.0000, content_loss=2024134765.6250, style loss=269404443750000.0000, tv loss=17674786.0000
L-BFGS | iteration: 154, total loss=266048326598656.0000, content_loss=2018642578.1250, style loss=266046300000000.0000, tv loss=17653930.0000
L-BFGS | iteration: 155, total loss=261366141157376.0000, content_loss=2021719140.6250, style loss=261364087500000.0000, tv loss=17663462.0000
L-BFGS | iteration: 156, total loss=257173531656192.0000, content_loss=2019376562.5000, style loss=257171493750000.0000, tv loss=17707514.0000
L-BFGS | iteration: 157, total loss=253406560124928.0000, content_loss=2030081640.6250, style loss=253404506250000.0000, tv loss=17686004.0000
L-BFGS | iteration: 158, total loss=252208784343040.0000, content_loss=2015708984.3750, style loss=252206756250000.0000, tv loss=17710976.0000
L-BFGS | iteration: 159, total loss=248706121072640.0000, content_loss=2025614453.1250, style loss=248704068750000.0000, tv loss=17714772.0000
L-BFGS | iteration: 160, total loss=246504832892928.0000, content_loss=2025583203.1250, style loss=246502781250000.0000, tv loss=17703796.0000
L-BFGS | iteration: 161, total loss=243825947705344.0000, content_loss=2016879101.5625, style loss=243823912500000.0000, tv loss=17729764.0000
L-BFGS | iteration: 162, total loss=239054373257216.0000, content_loss=2028910351.5625, style loss=239052318750000.0000, tv loss=17708572.0000
L-BFGS | iteration: 163, total loss=236934639124480.0000, content_loss=2025756250.0000, style loss=236932593750000.0000, tv loss=17723614.0000
L-BFGS | iteration: 164, total loss=234217518661632.0000, content_loss=2018303710.9375, style loss=234215493750000.0000, tv loss=17765644.0000
L-BFGS | iteration: 165, total loss=230971530018816.0000, content_loss=2027712695.3125, style loss=230969475000000.0000, tv loss=17763992.0000
L-BFGS | iteration: 166, total loss=228695381901312.0000, content_loss=2024483984.3750, style loss=228693337500000.0000, tv loss=17742272.0000
L-BFGS | iteration: 167, total loss=225269507948544.0000, content_loss=2023627929.6875, style loss=225267468750000.0000, tv loss=17743784.0000
L-BFGS | iteration: 168, total loss=220938637410304.0000, content_loss=2024960546.8750, style loss=220936593750000.0000, tv loss=17727578.0000
L-BFGS | iteration: 169, total loss=217325999489024.0000, content_loss=2029419531.2500, style loss=217323956250000.0000, tv loss=17779032.0000
L-BFGS | iteration: 170, total loss=214322139627520.0000, content_loss=2028477929.6875, style loss=214320093750000.0000, tv loss=17753168.0000
L-BFGS | iteration: 171, total loss=211609347686400.0000, content_loss=2025321093.7500, style loss=211607306250000.0000, tv loss=17779578.0000
L-BFGS | iteration: 172, total loss=209354791845888.0000, content_loss=2034874023.4375, style loss=209352750000000.0000, tv loss=17820528.0000
L-BFGS | iteration: 173, total loss=206087462584320.0000, content_loss=2029362304.6875, style loss=206085412500000.0000, tv loss=17796520.0000
L-BFGS | iteration: 174, total loss=204483929833472.0000, content_loss=2031022265.6250, style loss=204481875000000.0000, tv loss=17778252.0000
L-BFGS | iteration: 175, total loss=205093563531264.0000, content_loss=2012394921.8750, style loss=205091531250000.0000, tv loss=17774124.0000
L-BFGS | iteration: 176, total loss=202780874637312.0000, content_loss=2023012304.6875, style loss=202778831250000.0000, tv loss=17774840.0000
L-BFGS | iteration: 177, total loss=200423944224768.0000, content_loss=2025740234.3750, style loss=200421900000000.0000, tv loss=17784744.0000
L-BFGS | iteration: 178, total loss=197536920895488.0000, content_loss=2031668554.6875, style loss=197534868750000.0000, tv loss=17799112.0000
L-BFGS | iteration: 179, total loss=195255152410624.0000, content_loss=2028908593.7500, style loss=195253106250000.0000, tv loss=17804696.0000
L-BFGS | iteration: 180, total loss=192046795063296.0000, content_loss=2029996289.0625, style loss=192044756250000.0000, tv loss=17815410.0000
L-BFGS | iteration: 181, total loss=189014078390272.0000, content_loss=2035225976.5625, style loss=189012037500000.0000, tv loss=17819392.0000
L-BFGS | iteration: 182, total loss=188347066613760.0000, content_loss=2020653906.2500, style loss=188345043750000.0000, tv loss=17820820.0000
L-BFGS | iteration: 183, total loss=187682034548736.0000, content_loss=2026921484.3750, style loss=187679981250000.0000, tv loss=17819586.0000
L-BFGS | iteration: 184, total loss=185551663661056.0000, content_loss=2026790820.3125, style loss=185549625000000.0000, tv loss=17803684.0000
L-BFGS | iteration: 185, total loss=183043402760192.0000, content_loss=2026246484.3750, style loss=183041362500000.0000, tv loss=17819732.0000
L-BFGS | iteration: 186, total loss=180709725569024.0000, content_loss=2034971679.6875, style loss=180707681250000.0000, tv loss=17824580.0000
L-BFGS | iteration: 187, total loss=179450679394304.0000, content_loss=2026696679.6875, style loss=179448637500000.0000, tv loss=17838688.0000
L-BFGS | iteration: 188, total loss=177247881265152.0000, content_loss=2031785546.8750, style loss=177245831250000.0000, tv loss=17839296.0000
L-BFGS | iteration: 189, total loss=175176952053760.0000, content_loss=2033177148.4375, style loss=175174912500000.0000, tv loss=17843994.0000
L-BFGS | iteration: 190, total loss=172013423427584.0000, content_loss=2032326367.1875, style loss=172011375000000.0000, tv loss=17850076.0000
L-BFGS | iteration: 191, total loss=169290095394816.0000, content_loss=2040486328.1250, style loss=169288031250000.0000, tv loss=17857812.0000
L-BFGS | iteration: 192, total loss=170074195361792.0000, content_loss=2021983203.1250, style loss=170072156250000.0000, tv loss=17866124.0000
L-BFGS | iteration: 193, total loss=168361308717056.0000, content_loss=2032876953.1250, style loss=168359268750000.0000, tv loss=17860668.0000
L-BFGS | iteration: 194, total loss=166959488434176.0000, content_loss=2030452734.3750, style loss=166957443750000.0000, tv loss=17846956.0000
L-BFGS | iteration: 195, total loss=164911829221376.0000, content_loss=2029695117.1875, style loss=164909775000000.0000, tv loss=17861348.0000
L-BFGS | iteration: 196, total loss=162336862109696.0000, content_loss=2032879882.8125, style loss=162334818750000.0000, tv loss=17854862.0000
L-BFGS | iteration: 197, total loss=159958221979648.0000, content_loss=2035909765.6250, style loss=159956175000000.0000, tv loss=17892442.0000
L-BFGS | iteration: 198, total loss=157983828869120.0000, content_loss=2031611523.4375, style loss=157981781250000.0000, tv loss=17859692.0000
L-BFGS | iteration: 199, total loss=156386587574272.0000, content_loss=2041019140.6250, style loss=156384515625000.0000, tv loss=17847836.0000
L-BFGS | iteration: 200, total loss=155271573798912.0000, content_loss=2032450195.3125, style loss=155269518750000.0000, tv loss=17905624.0000
L-BFGS | iteration: 201, total loss=153869535412224.0000, content_loss=2039026171.8750, style loss=153867478125000.0000, tv loss=17913504.0000
L-BFGS | iteration: 202, total loss=152571314438144.0000, content_loss=2038183593.7500, style loss=152569265625000.0000, tv loss=17888440.0000
L-BFGS | iteration: 203, total loss=151244119212032.0000, content_loss=2027755273.4375, style loss=151242075000000.0000, tv loss=17873384.0000
L-BFGS | iteration: 204, total loss=149077576646656.0000, content_loss=2037052929.6875, style loss=149075521875000.0000, tv loss=17873488.0000
L-BFGS | iteration: 205, total loss=147871663915008.0000, content_loss=2037335742.1875, style loss=147869625000000.0000, tv loss=17887612.0000
L-BFGS | iteration: 206, total loss=146526433181696.0000, content_loss=2029749218.7500, style loss=146524378125000.0000, tv loss=17929946.0000
L-BFGS | iteration: 207, total loss=144030553866240.0000, content_loss=2042433984.3750, style loss=144028490625000.0000, tv loss=17931716.0000
L-BFGS | iteration: 208, total loss=142911043796992.0000, content_loss=2039730664.0625, style loss=142908975000000.0000, tv loss=17910026.0000
L-BFGS | iteration: 209, total loss=141727142772736.0000, content_loss=2034988671.8750, style loss=141725100000000.0000, tv loss=17898910.0000
L-BFGS | iteration: 210, total loss=140200256733184.0000, content_loss=2037434570.3125, style loss=140198203125000.0000, tv loss=17887824.0000
L-BFGS | iteration: 211, total loss=138076974219264.0000, content_loss=2036848242.1875, style loss=138074915625000.0000, tv loss=17911040.0000
L-BFGS | iteration: 212, total loss=135887379759104.0000, content_loss=2040739453.1250, style loss=135885328125000.0000, tv loss=17933640.0000
L-BFGS | iteration: 213, total loss=134475702861824.0000, content_loss=2035891992.1875, style loss=134473650000000.0000, tv loss=17927612.0000
L-BFGS | iteration: 214, total loss=132900204838912.0000, content_loss=2041077734.3750, style loss=132898153125000.0000, tv loss=17915628.0000
L-BFGS | iteration: 215, total loss=132095460507648.0000, content_loss=2034698632.8125, style loss=132093403125000.0000, tv loss=17941662.0000
L-BFGS | iteration: 216, total loss=130569111339008.0000, content_loss=2042822656.2500, style loss=130567050000000.0000, tv loss=17945844.0000
L-BFGS | iteration: 217, total loss=129547546656768.0000, content_loss=2041633789.0625, style loss=129545493750000.0000, tv loss=17936504.0000
L-BFGS | iteration: 218, total loss=128393609740288.0000, content_loss=2034859765.6250, style loss=128391553125000.0000, tv loss=17927422.0000
L-BFGS | iteration: 219, total loss=126959401041920.0000, content_loss=2039188867.1875, style loss=126957346875000.0000, tv loss=17922052.0000
L-BFGS | iteration: 220, total loss=125503004475392.0000, content_loss=2040020312.5000, style loss=125500950000000.0000, tv loss=17936210.0000
L-BFGS | iteration: 221, total loss=123198569971712.0000, content_loss=2040061914.0625, style loss=123196518750000.0000, tv loss=17954902.0000
L-BFGS | iteration: 222, total loss=121696388382720.0000, content_loss=2048479101.5625, style loss=121694325000000.0000, tv loss=17959892.0000
L-BFGS | iteration: 223, total loss=121117758980096.0000, content_loss=2038134570.3125, style loss=121115700000000.0000, tv loss=17949976.0000
L-BFGS | iteration: 224, total loss=119919546990592.0000, content_loss=2040392578.1250, style loss=119917490625000.0000, tv loss=17935212.0000
L-BFGS | iteration: 225, total loss=118938197295104.0000, content_loss=2042318554.6875, style loss=118936143750000.0000, tv loss=17953988.0000
L-BFGS | iteration: 226, total loss=117786198147072.0000, content_loss=2038854101.5625, style loss=117784143750000.0000, tv loss=17975644.0000
L-BFGS | iteration: 227, total loss=116268464078848.0000, content_loss=2045022656.2500, style loss=116266396875000.0000, tv loss=17974756.0000
L-BFGS | iteration: 228, total loss=115077164302336.0000, content_loss=2042133203.1250, style loss=115075106250000.0000, tv loss=17970676.0000
L-BFGS | iteration: 229, total loss=113658138984448.0000, content_loss=2038827343.7500, style loss=113656087500000.0000, tv loss=17964280.0000
L-BFGS | iteration: 230, total loss=112292985307136.0000, content_loss=2042508593.7500, style loss=112290928125000.0000, tv loss=17962660.0000
L-BFGS | iteration: 231, total loss=111464048230400.0000, content_loss=2039227148.4375, style loss=111461990625000.0000, tv loss=17980094.0000
L-BFGS | iteration: 232, total loss=109765002788864.0000, content_loss=2045638671.8750, style loss=109762940625000.0000, tv loss=17980716.0000
L-BFGS | iteration: 233, total loss=108854461333504.0000, content_loss=2042937500.0000, style loss=108852393750000.0000, tv loss=17971094.0000
L-BFGS | iteration: 234, total loss=107470936604672.0000, content_loss=2041445312.5000, style loss=107468878125000.0000, tv loss=17964100.0000
L-BFGS | iteration: 235, total loss=105983158255616.0000, content_loss=2044065429.6875, style loss=105981093750000.0000, tv loss=17970128.0000
L-BFGS | iteration: 236, total loss=104424605220864.0000, content_loss=2046241406.2500, style loss=104422537500000.0000, tv loss=17988660.0000
L-BFGS | iteration: 237, total loss=103886945779712.0000, content_loss=2039074218.7500, style loss=103884890625000.0000, tv loss=17981524.0000
L-BFGS | iteration: 238, total loss=102679531487232.0000, content_loss=2048073046.8750, style loss=102677465625000.0000, tv loss=17961976.0000
L-BFGS | iteration: 239, total loss=101491603931136.0000, content_loss=2047922656.2500, style loss=101489540625000.0000, tv loss=18001712.0000
L-BFGS | iteration: 240, total loss=100840270462976.0000, content_loss=2044775195.3125, style loss=100838203125000.0000, tv loss=17999140.0000
L-BFGS | iteration: 241, total loss=99709536436224.0000, content_loss=2042806445.3125, style loss=99707475000000.0000, tv loss=17989228.0000
L-BFGS | iteration: 242, total loss=98145321091072.0000, content_loss=2044490039.0625, style loss=98143256250000.0000, tv loss=17984108.0000
L-BFGS | iteration: 243, total loss=96479460982784.0000, content_loss=2049026171.8750, style loss=96477393750000.0000, tv loss=17988016.0000
L-BFGS | iteration: 244, total loss=95530868801536.0000, content_loss=2045042382.8125, style loss=95528803125000.0000, tv loss=18002880.0000
L-BFGS | iteration: 245, total loss=94113269547008.0000, content_loss=2045835156.2500, style loss=94111209375000.0000, tv loss=18010720.0000
L-BFGS | iteration: 246, total loss=92883751272448.0000, content_loss=2048580664.0625, style loss=92881687500000.0000, tv loss=18013908.0000
L-BFGS | iteration: 247, total loss=91868478046208.0000, content_loss=2047269335.9375, style loss=91866412500000.0000, tv loss=18012360.0000
L-BFGS | iteration: 248, total loss=90644680802304.0000, content_loss=2046641601.5625, style loss=90642618750000.0000, tv loss=18014068.0000
L-BFGS | iteration: 249, total loss=89398100099072.0000, content_loss=2053079492.1875, style loss=89396025000000.0000, tv loss=18013956.0000
L-BFGS | iteration: 250, total loss=89110555394048.0000, content_loss=2043291601.5625, style loss=89108493750000.0000, tv loss=18022706.0000
L-BFGS | iteration: 251, total loss=88054932963328.0000, content_loss=2046876953.1250, style loss=88052868750000.0000, tv loss=18018126.0000
L-BFGS | iteration: 252, total loss=87222992764928.0000, content_loss=2049549218.7500, style loss=87220931250000.0000, tv loss=18026244.0000
L-BFGS | iteration: 253, total loss=86518517465088.0000, content_loss=2047680078.1250, style loss=86516456250000.0000, tv loss=18019564.0000
L-BFGS | iteration: 254, total loss=85472298663936.0000, content_loss=2049387890.6250, style loss=85470234375000.0000, tv loss=18026996.0000
L-BFGS | iteration: 255, total loss=84088950095872.0000, content_loss=2048583789.0625, style loss=84086887500000.0000, tv loss=18027566.0000
L-BFGS | iteration: 256, total loss=82578262458368.0000, content_loss=2049633398.4375, style loss=82576200000000.0000, tv loss=18038164.0000
L-BFGS | iteration: 257, total loss=81536774832128.0000, content_loss=2049088085.9375, style loss=81534712500000.0000, tv loss=18034390.0000
L-BFGS | iteration: 258, total loss=80581488541696.0000, content_loss=2048418164.0625, style loss=80579428125000.0000, tv loss=18049812.0000
L-BFGS | iteration: 259, total loss=80055153721344.0000, content_loss=2054957421.8750, style loss=80053078125000.0000, tv loss=18038660.0000
L-BFGS | iteration: 260, total loss=80771196911616.0000, content_loss=2040728515.6250, style loss=80769140625000.0000, tv loss=18046192.0000
L-BFGS | iteration: 261, total loss=79474368446464.0000, content_loss=2049320703.1250, style loss=79472306250000.0000, tv loss=18041276.0000
L-BFGS | iteration: 262, total loss=78909320200192.0000, content_loss=2049080664.0625, style loss=78907256250000.0000, tv loss=18052688.0000
L-BFGS | iteration: 263, total loss=78227510919168.0000, content_loss=2047874609.3750, style loss=78225445312500.0000, tv loss=18042992.0000
L-BFGS | iteration: 264, total loss=77272459509760.0000, content_loss=2048650390.6250, style loss=77270400000000.0000, tv loss=18049984.0000
L-BFGS | iteration: 265, total loss=75960892260352.0000, content_loss=2049137695.3125, style loss=75958832812500.0000, tv loss=18043960.0000
L-BFGS | iteration: 266, total loss=74634183573504.0000, content_loss=2052919921.8750, style loss=74632110937500.0000, tv loss=18055342.0000
L-BFGS | iteration: 267, total loss=74297322242048.0000, content_loss=2045399218.7500, style loss=74295257812500.0000, tv loss=18057796.0000
L-BFGS | iteration: 268, total loss=73393676222464.0000, content_loss=2048660351.5625, style loss=73391610937500.0000, tv loss=18044154.0000
L-BFGS | iteration: 269, total loss=72698872987648.0000, content_loss=2050491210.9375, style loss=72696810937500.0000, tv loss=18062880.0000
L-BFGS | iteration: 270, total loss=72103835467776.0000, content_loss=2046357617.1875, style loss=72101775000000.0000, tv loss=18063904.0000
L-BFGS | iteration: 271, total loss=71119759474688.0000, content_loss=2049790234.3750, style loss=71117700000000.0000, tv loss=18060388.0000
L-BFGS | iteration: 272, total loss=70365426483200.0000, content_loss=2050679492.1875, style loss=70363359375000.0000, tv loss=18058280.0000
L-BFGS | iteration: 273, total loss=69508421124096.0000, content_loss=2046938671.8750, style loss=69506357812500.0000, tv loss=18057216.0000
L-BFGS | iteration: 274, total loss=68573120692224.0000, content_loss=2053464453.1250, style loss=68571046875000.0000, tv loss=18052584.0000
L-BFGS | iteration: 275, total loss=68023255826432.0000, content_loss=2052341601.5625, style loss=68021189062500.0000, tv loss=18068030.0000
L-BFGS | iteration: 276, total loss=67228632350720.0000, content_loss=2051106250.0000, style loss=67226564062500.0000, tv loss=18074772.0000
L-BFGS | iteration: 277, total loss=66394750189568.0000, content_loss=2046898632.8125, style loss=66392685937500.0000, tv loss=18068092.0000
L-BFGS | iteration: 278, total loss=65624361402368.0000, content_loss=2050971484.3750, style loss=65622295312500.0000, tv loss=18059470.0000
L-BFGS | iteration: 279, total loss=64930426388480.0000, content_loss=2049082617.1875, style loss=64928357812500.0000, tv loss=18062640.0000
L-BFGS | iteration: 280, total loss=64260793171968.0000, content_loss=2050510351.5625, style loss=64258725000000.0000, tv loss=18067940.0000
L-BFGS | iteration: 281, total loss=63575091576832.0000, content_loss=2049220312.5000, style loss=63573023437500.0000, tv loss=18076122.0000
L-BFGS | iteration: 282, total loss=62688084361216.0000, content_loss=2053658203.1250, style loss=62686012500000.0000, tv loss=18080318.0000
L-BFGS | iteration: 283, total loss=61982128472064.0000, content_loss=2051490625.0000, style loss=61980060937500.0000, tv loss=18072958.0000
L-BFGS | iteration: 284, total loss=61332925710336.0000, content_loss=2050938281.2500, style loss=61330856250000.0000, tv loss=18066048.0000
L-BFGS | iteration: 285, total loss=61098820632576.0000, content_loss=2045118750.0000, style loss=61096757812500.0000, tv loss=18070736.0000
L-BFGS | iteration: 286, total loss=60857748815872.0000, content_loss=2047878515.6250, style loss=60855684375000.0000, tv loss=18068492.0000
L-BFGS | iteration: 287, total loss=60155072872448.0000, content_loss=2051009765.6250, style loss=60153004687500.0000, tv loss=18069882.0000
L-BFGS | iteration: 288, total loss=59512379670528.0000, content_loss=2051678320.3125, style loss=59510310937500.0000, tv loss=18072452.0000
L-BFGS | iteration: 289, total loss=58951412482048.0000, content_loss=2053084765.6250, style loss=58949343750000.0000, tv loss=18069236.0000
L-BFGS | iteration: 290, total loss=59575327784960.0000, content_loss=2044254687.5000, style loss=59573268750000.0000, tv loss=18076732.0000
L-BFGS | iteration: 291, total loss=58555507933184.0000, content_loss=2050124218.7500, style loss=58553442187500.0000, tv loss=18071680.0000
L-BFGS | iteration: 292, total loss=57981550985216.0000, content_loss=2051457421.8750, style loss=57979481250000.0000, tv loss=18077142.0000
L-BFGS | iteration: 293, total loss=57255315636224.0000, content_loss=2052794335.9375, style loss=57253246875000.0000, tv loss=18076308.0000
L-BFGS | iteration: 294, total loss=56689311088640.0000, content_loss=2049093945.3125, style loss=56687245312500.0000, tv loss=18081784.0000
L-BFGS | iteration: 295, total loss=55898437320704.0000, content_loss=2050408789.0625, style loss=55896370312500.0000, tv loss=18082294.0000
L-BFGS | iteration: 296, total loss=55372161220608.0000, content_loss=2049740820.3125, style loss=55370095312500.0000, tv loss=18072892.0000
L-BFGS | iteration: 297, total loss=54668931629056.0000, content_loss=2052303710.9375, style loss=54666862500000.0000, tv loss=18077160.0000
L-BFGS | iteration: 298, total loss=54620395143168.0000, content_loss=2045671875.0000, style loss=54618332812500.0000, tv loss=18079840.0000
L-BFGS | iteration: 299, total loss=54292555759616.0000, content_loss=2049225976.5625, style loss=54290489062500.0000, tv loss=18078156.0000
L-BFGS | iteration: 300, total loss=53645664059392.0000, content_loss=2049570507.8125, style loss=53643595312500.0000, tv loss=18072196.0000
L-BFGS | iteration: 301, total loss=53012630339584.0000, content_loss=2053959765.6250, style loss=53010557812500.0000, tv loss=18085152.0000
L-BFGS | iteration: 302, total loss=52641816117248.0000, content_loss=2049831250.0000, style loss=52639748437500.0000, tv loss=18082006.0000
L-BFGS | iteration: 303, total loss=52228593287168.0000, content_loss=2049027343.7500, style loss=52226526562500.0000, tv loss=18068248.0000
L-BFGS | iteration: 304, total loss=51667189891072.0000, content_loss=2049497070.3125, style loss=51665123437500.0000, tv loss=18075640.0000
L-BFGS | iteration: 305, total loss=51016363933696.0000, content_loss=2052353320.3125, style loss=51014296875000.0000, tv loss=18079820.0000
L-BFGS | iteration: 306, total loss=50867294175232.0000, content_loss=2047102929.6875, style loss=50865229687500.0000, tv loss=18079032.0000
L-BFGS | iteration: 307, total loss=50708015480832.0000, content_loss=2049460546.8750, style loss=50705948437500.0000, tv loss=18079020.0000
L-BFGS | iteration: 308, total loss=50123736350720.0000, content_loss=2049851953.1250, style loss=50121670312500.0000, tv loss=18072376.0000
L-BFGS | iteration: 309, total loss=49473283686400.0000, content_loss=2051869335.9375, style loss=49471214062500.0000, tv loss=18078962.0000
L-BFGS | iteration: 310, total loss=49033041149952.0000, content_loss=2049378125.0000, style loss=49030973437500.0000, tv loss=18084008.0000
L-BFGS | iteration: 311, total loss=48387730702336.0000, content_loss=2049498242.1875, style loss=48385664062500.0000, tv loss=18082176.0000
L-BFGS | iteration: 312, total loss=47808627343360.0000, content_loss=2050841406.2500, style loss=47806560937500.0000, tv loss=18078492.0000
L-BFGS | iteration: 313, total loss=47269717999616.0000, content_loss=2052715820.3125, style loss=47267648437500.0000, tv loss=18078832.0000
L-BFGS | iteration: 314, total loss=48160974045184.0000, content_loss=2043244140.6250, style loss=48158915625000.0000, tv loss=18078792.0000
L-BFGS | iteration: 315, total loss=47038242750464.0000, content_loss=2049862109.3750, style loss=47036175000000.0000, tv loss=18078214.0000
L-BFGS | iteration: 316, total loss=46703755395072.0000, content_loss=2050355468.7500, style loss=46701689062500.0000, tv loss=18074588.0000
L-BFGS | iteration: 317, total loss=46091709972480.0000, content_loss=2050285937.5000, style loss=46089642187500.0000, tv loss=18079322.0000
L-BFGS | iteration: 318, total loss=45375348015104.0000, content_loss=2051011914.0625, style loss=45373279687500.0000, tv loss=18077476.0000
L-BFGS | iteration: 319, total loss=44890155122688.0000, content_loss=2049521093.7500, style loss=44888085937500.0000, tv loss=18090754.0000
L-BFGS | iteration: 320, total loss=44216390516736.0000, content_loss=2053177148.4375, style loss=44214318750000.0000, tv loss=18082858.0000
L-BFGS | iteration: 321, total loss=44084014088192.0000, content_loss=2048238281.2500, style loss=44081948437500.0000, tv loss=18076170.0000
L-BFGS | iteration: 322, total loss=43748809506816.0000, content_loss=2050102929.6875, style loss=43746740625000.0000, tv loss=18074746.0000
L-BFGS | iteration: 323, total loss=43452565815296.0000, content_loss=2051303320.3125, style loss=43450500000000.0000, tv loss=18081952.0000
L-BFGS | iteration: 324, total loss=43091587235840.0000, content_loss=2049546289.0625, style loss=43089520312500.0000, tv loss=18087176.0000
L-BFGS | iteration: 325, total loss=42634475208704.0000, content_loss=2053472851.5625, style loss=42632404687500.0000, tv loss=18088206.0000
L-BFGS | iteration: 326, total loss=42322951667712.0000, content_loss=2052249414.0625, style loss=42320882812500.0000, tv loss=18085544.0000
L-BFGS | iteration: 327, total loss=41915038826496.0000, content_loss=2050609179.6875, style loss=41912971875000.0000, tv loss=18079596.0000
L-BFGS | iteration: 328, total loss=41553678565376.0000, content_loss=2052209179.6875, style loss=41551612500000.0000, tv loss=18076248.0000
L-BFGS | iteration: 329, total loss=41376880263168.0000, content_loss=2049484765.6250, style loss=41374814062500.0000, tv loss=18078696.0000
L-BFGS | iteration: 330, total loss=40839413760000.0000, content_loss=2052495117.1875, style loss=40837345312500.0000, tv loss=18078032.0000
L-BFGS | iteration: 331, total loss=40535364468736.0000, content_loss=2051574023.4375, style loss=40533295312500.0000, tv loss=18074778.0000
L-BFGS | iteration: 332, total loss=40110464696320.0000, content_loss=2049176757.8125, style loss=40108396875000.0000, tv loss=18072026.0000
L-BFGS | iteration: 333, total loss=39700798636032.0000, content_loss=2053092382.8125, style loss=39698732812500.0000, tv loss=18069484.0000
L-BFGS | iteration: 334, total loss=39435974475776.0000, content_loss=2051694531.2500, style loss=39433907812500.0000, tv loss=18073938.0000
L-BFGS | iteration: 335, total loss=39132814376960.0000, content_loss=2051757031.2500, style loss=39130748437500.0000, tv loss=18079384.0000
L-BFGS | iteration: 336, total loss=38660477026304.0000, content_loss=2052089648.4375, style loss=38658410156250.0000, tv loss=18078024.0000
L-BFGS | iteration: 337, total loss=38149807931392.0000, content_loss=2051431445.3125, style loss=38147742187500.0000, tv loss=18074110.0000
L-BFGS | iteration: 338, total loss=37769430695936.0000, content_loss=2052416406.2500, style loss=37767360937500.0000, tv loss=18063620.0000
L-BFGS | iteration: 339, total loss=37445009670144.0000, content_loss=2051810546.8750, style loss=37442943750000.0000, tv loss=18065562.0000
L-BFGS | iteration: 340, total loss=37157179752448.0000, content_loss=2052941406.2500, style loss=37155110156250.0000, tv loss=18068670.0000
L-BFGS | iteration: 341, total loss=37446381207552.0000, content_loss=2046571679.6875, style loss=37444317187500.0000, tv loss=18068588.0000
L-BFGS | iteration: 342, total loss=37001554296832.0000, content_loss=2050715820.3125, style loss=36999485156250.0000, tv loss=18068268.0000
L-BFGS | iteration: 343, total loss=36760457314304.0000, content_loss=2051174023.4375, style loss=36758388281250.0000, tv loss=18065864.0000
L-BFGS | iteration: 344, total loss=36402460884992.0000, content_loss=2051956445.3125, style loss=36400394531250.0000, tv loss=18062060.0000
L-BFGS | iteration: 345, total loss=35991947575296.0000, content_loss=2051459765.6250, style loss=35989879687500.0000, tv loss=18061448.0000
L-BFGS | iteration: 346, total loss=35579559411712.0000, content_loss=2053009960.9375, style loss=35577492187500.0000, tv loss=18057366.0000
L-BFGS | iteration: 347, total loss=35581971136512.0000, content_loss=2047293359.3750, style loss=35579906250000.0000, tv loss=18060470.0000
L-BFGS | iteration: 348, total loss=35399871234048.0000, content_loss=2050239648.4375, style loss=35397803906250.0000, tv loss=18058732.0000
L-BFGS | iteration: 349, total loss=35112924217344.0000, content_loss=2050100195.3125, style loss=35110853906250.0000, tv loss=18061480.0000
L-BFGS | iteration: 350, total loss=34796967297024.0000, content_loss=2048749609.3750, style loss=34794900000000.0000, tv loss=18053386.0000
L-BFGS | iteration: 351, total loss=34467607478272.0000, content_loss=2051576171.8750, style loss=34465537500000.0000, tv loss=18057370.0000
L-BFGS | iteration: 352, total loss=34291553665024.0000, content_loss=2049141406.2500, style loss=34289486718750.0000, tv loss=18055606.0000
L-BFGS | iteration: 353, total loss=33990855622656.0000, content_loss=2050259960.9375, style loss=33988785937500.0000, tv loss=18046436.0000
L-BFGS | iteration: 354, total loss=33698728640512.0000, content_loss=2052230078.1250, style loss=33696656250000.0000, tv loss=18049256.0000
L-BFGS | iteration: 355, total loss=33404967976960.0000, content_loss=2050766601.5625, style loss=33402897656250.0000, tv loss=18046886.0000
L-BFGS | iteration: 356, total loss=33114669711360.0000, content_loss=2053021484.3750, style loss=33112598437500.0000, tv loss=18048556.0000
L-BFGS | iteration: 357, total loss=32957423157248.0000, content_loss=2050274804.6875, style loss=32955353906250.0000, tv loss=18050430.0000
L-BFGS | iteration: 358, total loss=32666906787840.0000, content_loss=2051199218.7500, style loss=32664836718750.0000, tv loss=18047144.0000
L-BFGS | iteration: 359, total loss=32419663052800.0000, content_loss=2050109960.9375, style loss=32417592187500.0000, tv loss=18041452.0000
L-BFGS | iteration: 360, total loss=32165293195264.0000, content_loss=2050543164.0625, style loss=32163222656250.0000, tv loss=18040424.0000
L-BFGS | iteration: 361, total loss=31819552522240.0000, content_loss=2051047460.9375, style loss=31817482031250.0000, tv loss=18039476.0000
L-BFGS | iteration: 362, total loss=31425619296256.0000, content_loss=2050578906.2500, style loss=31423549218750.0000, tv loss=18036468.0000
L-BFGS | iteration: 363, total loss=31228799483904.0000, content_loss=2054950976.5625, style loss=31226725781250.0000, tv loss=18030968.0000
L-BFGS | iteration: 364, total loss=31228445065216.0000, content_loss=2049041406.2500, style loss=31226376562500.0000, tv loss=18028864.0000
L-BFGS | iteration: 365, total loss=31000939724800.0000, content_loss=2052095117.1875, style loss=30998868750000.0000, tv loss=18029462.0000
L-BFGS | iteration: 366, total loss=30842810269696.0000, content_loss=2051162890.6250, style loss=30840740625000.0000, tv loss=18031504.0000
L-BFGS | iteration: 367, total loss=30634439344128.0000, content_loss=2050119921.8750, style loss=30632369531250.0000, tv loss=18030920.0000
L-BFGS | iteration: 368, total loss=30388651032576.0000, content_loss=2050039843.7500, style loss=30386580468750.0000, tv loss=18030216.0000
L-BFGS | iteration: 369, total loss=29996982730752.0000, content_loss=2049726367.1875, style loss=29994914062500.0000, tv loss=18024532.0000
L-BFGS | iteration: 370, total loss=29599113150464.0000, content_loss=2052585156.2500, style loss=29597041406250.0000, tv loss=18020010.0000
L-BFGS | iteration: 371, total loss=29403832647680.0000, content_loss=2050764062.5000, style loss=29401762500000.0000, tv loss=18014984.0000
L-BFGS | iteration: 372, total loss=29255610138624.0000, content_loss=2052210351.5625, style loss=29253539062500.0000, tv loss=18014392.0000
L-BFGS | iteration: 373, total loss=29510961463296.0000, content_loss=2049328125.0000, style loss=29508892968750.0000, tv loss=18015216.0000
L-BFGS | iteration: 374, total loss=29130380804096.0000, content_loss=2051577929.6875, style loss=29128310156250.0000, tv loss=18014264.0000
L-BFGS | iteration: 375, total loss=28900847517696.0000, content_loss=2052252343.7500, style loss=28898775000000.0000, tv loss=18010510.0000
L-BFGS | iteration: 376, total loss=28572588703744.0000, content_loss=2052340429.6875, style loss=28570516406250.0000, tv loss=18007126.0000
L-BFGS | iteration: 377, total loss=28306237816832.0000, content_loss=2049470312.5000, style loss=28304170312500.0000, tv loss=17996648.0000
L-BFGS | iteration: 378, total loss=28093802610688.0000, content_loss=2053579296.8750, style loss=28091730468750.0000, tv loss=17997826.0000
L-BFGS | iteration: 379, total loss=27980631900160.0000, content_loss=2052423828.1250, style loss=27978560156250.0000, tv loss=18001018.0000
L-BFGS | iteration: 380, total loss=27842003861504.0000, content_loss=2051705859.3750, style loss=27839934375000.0000, tv loss=17998846.0000
L-BFGS | iteration: 381, total loss=27621333139456.0000, content_loss=2051336523.4375, style loss=27619263281250.0000, tv loss=17994052.0000
L-BFGS | iteration: 382, total loss=27356632711168.0000, content_loss=2052119140.6250, style loss=27354560156250.0000, tv loss=17992680.0000
L-BFGS | iteration: 383, total loss=27076916674560.0000, content_loss=2052210546.8750, style loss=27074845312500.0000, tv loss=17987886.0000
L-BFGS | iteration: 384, total loss=26784749846528.0000, content_loss=2051252734.3750, style loss=26782680468750.0000, tv loss=17987232.0000
L-BFGS | iteration: 385, total loss=26603637702656.0000, content_loss=2053495898.4375, style loss=26601564843750.0000, tv loss=17981558.0000
L-BFGS | iteration: 386, total loss=26548667154432.0000, content_loss=2050631445.3125, style loss=26546596875000.0000, tv loss=17975934.0000
L-BFGS | iteration: 387, total loss=26360311447552.0000, content_loss=2051901953.1250, style loss=26358241406250.0000, tv loss=17975464.0000
L-BFGS | iteration: 388, total loss=26253960675328.0000, content_loss=2052422070.3125, style loss=26251889062500.0000, tv loss=17977152.0000
L-BFGS | iteration: 389, total loss=26077231579136.0000, content_loss=2051230273.4375, style loss=26075160937500.0000, tv loss=17971658.0000
L-BFGS | iteration: 390, total loss=25877997944832.0000, content_loss=2053523046.8750, style loss=25875925781250.0000, tv loss=17969832.0000
L-BFGS | iteration: 391, total loss=25765460574208.0000, content_loss=2052944921.8750, style loss=25763388281250.0000, tv loss=17966262.0000
L-BFGS | iteration: 392, total loss=25613104578560.0000, content_loss=2050037109.3750, style loss=25611035156250.0000, tv loss=17957524.0000
L-BFGS | iteration: 393, total loss=25414604947456.0000, content_loss=2052514453.1250, style loss=25412533593750.0000, tv loss=17958372.0000
L-BFGS | iteration: 394, total loss=25301281144832.0000, content_loss=2052337304.6875, style loss=25299208593750.0000, tv loss=17957352.0000
L-BFGS | iteration: 395, total loss=25149266984960.0000, content_loss=2051078906.2500, style loss=25147197656250.0000, tv loss=17952312.0000
L-BFGS | iteration: 396, total loss=24965367726080.0000, content_loss=2053246679.6875, style loss=24963295312500.0000, tv loss=17950366.0000
L-BFGS | iteration: 397, total loss=24824212619264.0000, content_loss=2052648242.1875, style loss=24822140625000.0000, tv loss=17946728.0000
L-BFGS | iteration: 398, total loss=24637675143168.0000, content_loss=2052282031.2500, style loss=24635603906250.0000, tv loss=17942296.0000
L-BFGS | iteration: 399, total loss=24458614013952.0000, content_loss=2053561523.4375, style loss=24456541406250.0000, tv loss=17939764.0000
L-BFGS | iteration: 400, total loss=24391937163264.0000, content_loss=2051726367.1875, style loss=24389866406250.0000, tv loss=17934108.0000
L-BFGS | iteration: 401, total loss=24170549215232.0000, content_loss=2053419140.6250, style loss=24168478125000.0000, tv loss=17932008.0000
L-BFGS | iteration: 402, total loss=24049640013824.0000, content_loss=2053724023.4375, style loss=24047568750000.0000, tv loss=17932072.0000
L-BFGS | iteration: 403, total loss=23899251146752.0000, content_loss=2051465039.0625, style loss=23897182031250.0000, tv loss=17926234.0000
L-BFGS | iteration: 404, total loss=23732653391872.0000, content_loss=2053181835.9375, style loss=23730581250000.0000, tv loss=17926964.0000
L-BFGS | iteration: 405, total loss=23636169719808.0000, content_loss=2052977929.6875, style loss=23634098437500.0000, tv loss=17923362.0000
L-BFGS | iteration: 406, total loss=23430996951040.0000, content_loss=2052599414.0625, style loss=23428924218750.0000, tv loss=17912432.0000
L-BFGS | iteration: 407, total loss=23271852474368.0000, content_loss=2055388671.8750, style loss=23269778906250.0000, tv loss=17910120.0000
L-BFGS | iteration: 408, total loss=23165940006912.0000, content_loss=2053992773.4375, style loss=23163867187500.0000, tv loss=17908896.0000
L-BFGS | iteration: 409, total loss=23061099184128.0000, content_loss=2053561328.1250, style loss=23059026562500.0000, tv loss=17908710.0000
L-BFGS | iteration: 410, total loss=22896028155904.0000, content_loss=2053419335.9375, style loss=22893956250000.0000, tv loss=17905660.0000
L-BFGS | iteration: 411, total loss=22708299497472.0000, content_loss=2053343359.3750, style loss=22706226562500.0000, tv loss=17903450.0000
L-BFGS | iteration: 412, total loss=22511265775616.0000, content_loss=2054039648.4375, style loss=22509194531250.0000, tv loss=17896160.0000
L-BFGS | iteration: 413, total loss=22315083497472.0000, content_loss=2054458789.0625, style loss=22313008593750.0000, tv loss=17890714.0000
L-BFGS | iteration: 414, total loss=22209802272768.0000, content_loss=2053930468.7500, style loss=22207729687500.0000, tv loss=17886600.0000
L-BFGS | iteration: 415, total loss=22072539480064.0000, content_loss=2056640820.3125, style loss=22070463281250.0000, tv loss=17884050.0000
L-BFGS | iteration: 416, total loss=21960432025600.0000, content_loss=2054397070.3125, style loss=21958357031250.0000, tv loss=17875312.0000
L-BFGS | iteration: 417, total loss=21889470693376.0000, content_loss=2054546679.6875, style loss=21887397656250.0000, tv loss=17876790.0000
L-BFGS | iteration: 418, total loss=21789765795840.0000, content_loss=2054221289.0625, style loss=21787692187500.0000, tv loss=17874848.0000
L-BFGS | iteration: 419, total loss=21634224226304.0000, content_loss=2054335546.8750, style loss=21632149218750.0000, tv loss=17870214.0000
L-BFGS | iteration: 420, total loss=21441525317632.0000, content_loss=2054540234.3750, style loss=21439450781250.0000, tv loss=17863494.0000
L-BFGS | iteration: 421, total loss=21282185805824.0000, content_loss=2055865039.0625, style loss=21280110937500.0000, tv loss=17861790.0000
L-BFGS | iteration: 422, total loss=21165470908416.0000, content_loss=2055037109.3750, style loss=21163396875000.0000, tv loss=17852938.0000
L-BFGS | iteration: 423, total loss=21095310688256.0000, content_loss=2056231640.6250, style loss=21093236718750.0000, tv loss=17851140.0000
L-BFGS | iteration: 424, total loss=21220873469952.0000, content_loss=2053270898.4375, style loss=21218800781250.0000, tv loss=17845956.0000
L-BFGS | iteration: 425, total loss=21042212896768.0000, content_loss=2055386523.4375, style loss=21040139062500.0000, tv loss=17848856.0000
L-BFGS | iteration: 426, total loss=20959213912064.0000, content_loss=2055292968.7500, style loss=20957139843750.0000, tv loss=17847544.0000
L-BFGS | iteration: 427, total loss=20811891081216.0000, content_loss=2055106250.0000, style loss=20809816406250.0000, tv loss=17843342.0000
L-BFGS | iteration: 428, total loss=20657953832960.0000, content_loss=2054740429.6875, style loss=20655878906250.0000, tv loss=17836746.0000
L-BFGS | iteration: 429, total loss=20496236150784.0000, content_loss=2055452929.6875, style loss=20494162500000.0000, tv loss=17829916.0000
L-BFGS | iteration: 430, total loss=20458474831872.0000, content_loss=2053042578.1250, style loss=20456404687500.0000, tv loss=17823230.0000
L-BFGS | iteration: 431, total loss=20350595235840.0000, content_loss=2054801757.8125, style loss=20348524218750.0000, tv loss=17825496.0000
L-BFGS | iteration: 432, total loss=20266547675136.0000, content_loss=2055768750.0000, style loss=20264475000000.0000, tv loss=17824888.0000
L-BFGS | iteration: 433, total loss=20196121116672.0000, content_loss=2055143359.3750, style loss=20194050000000.0000, tv loss=17819674.0000
L-BFGS | iteration: 434, total loss=20079001468928.0000, content_loss=2054912890.6250, style loss=20076930468750.0000, tv loss=17812924.0000
L-BFGS | iteration: 435, total loss=19911451607040.0000, content_loss=2055359960.9375, style loss=19909380468750.0000, tv loss=17808930.0000
L-BFGS | iteration: 436, total loss=19747410280448.0000, content_loss=2055298242.1875, style loss=19745339062500.0000, tv loss=17805408.0000
L-BFGS | iteration: 437, total loss=19617321844736.0000, content_loss=2056448632.8125, style loss=19615246875000.0000, tv loss=17801588.0000
L-BFGS | iteration: 438, total loss=19610575306752.0000, content_loss=2054062695.3125, style loss=19608505078125.0000, tv loss=17796492.0000
L-BFGS | iteration: 439, total loss=19572134510592.0000, content_loss=2055222460.9375, style loss=19570061718750.0000, tv loss=17798684.0000
L-BFGS | iteration: 440, total loss=19497228435456.0000, content_loss=2055346875.0000, style loss=19495156640625.0000, tv loss=17796788.0000
L-BFGS | iteration: 441, total loss=19408317579264.0000, content_loss=2055498046.8750, style loss=19406246484375.0000, tv loss=17793730.0000
L-BFGS | iteration: 442, total loss=19310552547328.0000, content_loss=2055266210.9375, style loss=19308480468750.0000, tv loss=17788196.0000
L-BFGS | iteration: 443, total loss=19186778636288.0000, content_loss=2055633007.8125, style loss=19184705859375.0000, tv loss=17783360.0000
L-BFGS | iteration: 444, total loss=19078720782336.0000, content_loss=2054380664.0625, style loss=19076649609375.0000, tv loss=17778004.0000
L-BFGS | iteration: 445, total loss=18991032565760.0000, content_loss=2056610351.5625, style loss=18988958203125.0000, tv loss=17777752.0000
L-BFGS | iteration: 446, total loss=18962718916608.0000, content_loss=2055707226.5625, style loss=18960646875000.0000, tv loss=17774136.0000
L-BFGS | iteration: 447, total loss=18881187938304.0000, content_loss=2056541406.2500, style loss=18879114843750.0000, tv loss=17773956.0000
L-BFGS | iteration: 448, total loss=18816379650048.0000, content_loss=2056439062.5000, style loss=18814305468750.0000, tv loss=17770356.0000
L-BFGS | iteration: 449, total loss=18702621736960.0000, content_loss=2055569531.2500, style loss=18700550390625.0000, tv loss=17762080.0000
L-BFGS | iteration: 450, total loss=18581358116864.0000, content_loss=2056603125.0000, style loss=18579284765625.0000, tv loss=17757292.0000
L-BFGS | iteration: 451, total loss=18499002957824.0000, content_loss=2055922265.6250, style loss=18496931250000.0000, tv loss=17753028.0000
L-BFGS | iteration: 452, total loss=18396441739264.0000, content_loss=2056169531.2500, style loss=18394368750000.0000, tv loss=17750832.0000
L-BFGS | iteration: 453, total loss=18281773662208.0000, content_loss=2056615429.6875, style loss=18279699609375.0000, tv loss=17746312.0000
L-BFGS | iteration: 454, total loss=18151026720768.0000, content_loss=2056709375.0000, style loss=18148952343750.0000, tv loss=17739788.0000
L-BFGS | iteration: 455, total loss=18019057139712.0000, content_loss=2057494726.5625, style loss=18016983984375.0000, tv loss=17731220.0000
L-BFGS | iteration: 456, total loss=17994187014144.0000, content_loss=2054679882.8125, style loss=17992115625000.0000, tv loss=17724044.0000
L-BFGS | iteration: 457, total loss=17924020502528.0000, content_loss=2056817773.4375, style loss=17921947265625.0000, tv loss=17728582.0000
L-BFGS | iteration: 458, total loss=17842284003328.0000, content_loss=2057067773.4375, style loss=17840208984375.0000, tv loss=17725200.0000
L-BFGS | iteration: 459, total loss=17794292776960.0000, content_loss=2056442773.4375, style loss=17792218359375.0000, tv loss=17720326.0000
L-BFGS | iteration: 460, total loss=17725428596736.0000, content_loss=2056419140.6250, style loss=17723355468750.0000, tv loss=17715776.0000
L-BFGS | iteration: 461, total loss=17613446971392.0000, content_loss=2056458789.0625, style loss=17611372265625.0000, tv loss=17709188.0000
L-BFGS | iteration: 462, total loss=17478710198272.0000, content_loss=2057820312.5000, style loss=17476634765625.0000, tv loss=17705476.0000
L-BFGS | iteration: 463, total loss=17411649568768.0000, content_loss=2056472656.2500, style loss=17409575390625.0000, tv loss=17699664.0000
L-BFGS | iteration: 464, total loss=17343931482112.0000, content_loss=2056976562.5000, style loss=17341856250000.0000, tv loss=17696378.0000
L-BFGS | iteration: 465, total loss=17273958957056.0000, content_loss=2056797460.9375, style loss=17271883593750.0000, tv loss=17690226.0000
L-BFGS | iteration: 466, total loss=17175287955456.0000, content_loss=2057281250.0000, style loss=17173212890625.0000, tv loss=17683124.0000
L-BFGS | iteration: 467, total loss=17075895533568.0000, content_loss=2058052734.3750, style loss=17073819140625.0000, tv loss=17680718.0000
L-BFGS | iteration: 468, total loss=17032223391744.0000, content_loss=2055924414.0625, style loss=17030149218750.0000, tv loss=17671188.0000
L-BFGS | iteration: 469, total loss=16945852186624.0000, content_loss=2057282617.1875, style loss=16943777343750.0000, tv loss=17672244.0000
L-BFGS | iteration: 470, total loss=16894096572416.0000, content_loss=2057809375.0000, style loss=16892021484375.0000, tv loss=17671368.0000
L-BFGS | iteration: 471, total loss=16839496171520.0000, content_loss=2057543750.0000, style loss=16837421484375.0000, tv loss=17666768.0000
L-BFGS | iteration: 472, total loss=16750418591744.0000, content_loss=2058116406.2500, style loss=16748342578125.0000, tv loss=17662710.0000
L-BFGS | iteration: 473, total loss=16651064967168.0000, content_loss=2057618164.0625, style loss=16648989843750.0000, tv loss=17657176.0000
L-BFGS | iteration: 474, total loss=16563451199488.0000, content_loss=2058261718.7500, style loss=16561374609375.0000, tv loss=17652468.0000
L-BFGS | iteration: 475, total loss=16553241214976.0000, content_loss=2056478125.0000, style loss=16551167578125.0000, tv loss=17646346.0000
L-BFGS | iteration: 476, total loss=16528336486400.0000, content_loss=2057369921.8750, style loss=16526261718750.0000, tv loss=17648868.0000
L-BFGS | iteration: 477, total loss=16469178974208.0000, content_loss=2058067968.7500, style loss=16467103125000.0000, tv loss=17648060.0000
L-BFGS | iteration: 478, total loss=16403591593984.0000, content_loss=2058217382.8125, style loss=16401515625000.0000, tv loss=17644036.0000
L-BFGS | iteration: 479, total loss=16326722584576.0000, content_loss=2058663867.1875, style loss=16324646484375.0000, tv loss=17639026.0000
L-BFGS | iteration: 480, total loss=16249391153152.0000, content_loss=2057427539.0625, style loss=16247315625000.0000, tv loss=17630286.0000
L-BFGS | iteration: 481, total loss=16179646169088.0000, content_loss=2059430468.7500, style loss=16177569140625.0000, tv loss=17628574.0000
L-BFGS | iteration: 482, total loss=16139732123648.0000, content_loss=2058589843.7500, style loss=16137656250000.0000, tv loss=17624412.0000
L-BFGS | iteration: 483, total loss=16091629748224.0000, content_loss=2058195507.8125, style loss=16089553125000.0000, tv loss=17622218.0000
L-BFGS | iteration: 484, total loss=16016797073408.0000, content_loss=2057799023.4375, style loss=16014721875000.0000, tv loss=17619060.0000
L-BFGS | iteration: 485, total loss=15934010949632.0000, content_loss=2058407226.5625, style loss=15931934765625.0000, tv loss=17615048.0000
L-BFGS | iteration: 486, total loss=15861034254336.0000, content_loss=2058496679.6875, style loss=15858958593750.0000, tv loss=17610258.0000
L-BFGS | iteration: 487, total loss=15761022124032.0000, content_loss=2058863281.2500, style loss=15758946093750.0000, tv loss=17601714.0000
L-BFGS | iteration: 488, total loss=15680915111936.0000, content_loss=2059279687.5000, style loss=15678837890625.0000, tv loss=17598176.0000
