C:\Users\user\AppData\Roaming\Python\Python313\site-packages\torchvision\models\_utils.py:208: UserWarning: The parameter 'pretrained' is deprecated since 0.13 and may be removed in the future, please use 'weights' instead.
  warnings.warn(
C:\Users\user\AppData\Roaming\Python\Python313\site-packages\torchvision\models\_utils.py:223: UserWarning: Arguments other than a weight enum or `None` for 'weights' are deprecated since 0.13 and may be removed in the future. The current behavior is equivalent to passing `weights=VGG19_Weights.IMAGENET1K_V1`. You can also use `weights=VGG19_Weights.DEFAULT` to get the most up-to-date weights.
  warnings.warn(msg)
Using VGG19 in the optimization procedure.
L-BFGS | iteration: 000, total loss=114429602486550528.0000, content_loss=      0.0000, style loss=114429600000000000.0000, tv loss=5634247.0000
L-BFGS | iteration: 001, total loss=114429568126812160.0000, content_loss=     41.7344, style loss=114429571200000000.0000, tv loss=5634248.0000
L-BFGS | iteration: 002, total loss=114429439277793280.0000, content_loss=     54.3236, style loss=114429436800000000.0000, tv loss=5634254.0000
L-BFGS | iteration: 003, total loss=114428743493091328.0000, content_loss=     72.9937, style loss=114428745600000000.0000, tv loss=5634287.0000
L-BFGS | iteration: 004, total loss=114424860842655744.0000, content_loss=    129.4427, style loss=114424857600000000.0000, tv loss=5634466.0000
L-BFGS | iteration: 005, total loss=114403798323036160.0000, content_loss=   1069.6972, style loss=114403795200000000.0000, tv loss=5635453.5000
L-BFGS | iteration: 006, total loss=114287859975847936.0000, content_loss=  27145.3291, style loss=114287856000000000.0000, tv loss=5640887.0000
L-BFGS | iteration: 007, total loss=113660150505537536.0000, content_loss= 705678.5583, style loss=113660150400000000.0000, tv loss=5670793.5000
L-BFGS | iteration: 008, total loss=110868146885230592.0000, content_loss=10703624.7253, style loss=110868144000000000.0000, tv loss=5843611.0000
L-BFGS | iteration: 009, total loss=99576291316989952.0000, content_loss=120146936.0352, style loss=99576288000000000.0000, tv loss=7119703.0000
L-BFGS | iteration: 010, total loss=70463310767587328.0000, content_loss=434614648.4375, style loss=70463308800000000.0000, tv loss=11532815.0000
L-BFGS | iteration: 011, total loss=987476271988473856.0000, content_loss=3780644921.8750, style loss=987476275200000000.0000, tv loss=42204968.0000
L-BFGS | iteration: 012, total loss=40121432700616704.0000, content_loss=1169983691.4062, style loss=40121431200000000.0000, tv loss=20612696.0000
L-BFGS | iteration: 013, total loss=24100354283012096.0000, content_loss=1317153613.2812, style loss=24100351200000000.0000, tv loss=21829150.0000
L-BFGS | iteration: 014, total loss=17452567395041280.0000, content_loss=1350793750.0000, style loss=17452566000000000.0000, tv loss=23154454.0000
L-BFGS | iteration: 015, total loss=9529063551008768.0000, content_loss=1398237011.7188, style loss=9529062000000000.0000, tv loss=25363976.0000
L-BFGS | iteration: 016, total loss=6044008438562816.0000, content_loss=1392682128.9062, style loss=6044007000000000.0000, tv loss=25670728.0000
L-BFGS | iteration: 017, total loss=10036659965919232.0000, content_loss=1731201171.8750, style loss=10036657800000000.0000, tv loss=29142688.0000
L-BFGS | iteration: 018, total loss=4929838087405568.0000, content_loss=1505061914.0625, style loss=4929836700000000.0000, tv loss=26841060.0000
L-BFGS | iteration: 019, total loss=4207836099772416.0000, content_loss=1491082128.9062, style loss=4207834500000000.0000, tv loss=26962372.0000
L-BFGS | iteration: 020, total loss=2789321413230592.0000, content_loss=1497895507.8125, style loss=2789319900000000.0000, tv loss=27381600.0000
L-BFGS | iteration: 021, total loss=2117206276046848.0000, content_loss=1589138085.9375, style loss=2117204700000000.0000, tv loss=27705620.0000
L-BFGS | iteration: 022, total loss=1773855718768640.0000, content_loss=1619458300.7812, style loss=1773854100000000.0000, tv loss=28243768.0000
L-BFGS | iteration: 023, total loss=1577801199124480.0000, content_loss=1582561328.1250, style loss=1577799600000000.0000, tv loss=27950814.0000
L-BFGS | iteration: 024, total loss=1408787122487296.0000, content_loss=1607008300.7812, style loss=1408785450000000.0000, tv loss=28108816.0000
L-BFGS | iteration: 025, total loss=1213230953267200.0000, content_loss=1685592578.1250, style loss=1213229175000000.0000, tv loss=28694780.0000
L-BFGS | iteration: 026, total loss=1053898001350656.0000, content_loss=1672460351.5625, style loss=1053896325000000.0000, tv loss=28467742.0000
L-BFGS | iteration: 027, total loss=956861201252352.0000, content_loss=1673750195.3125, style loss=956859525000000.0000, tv loss=28578468.0000
L-BFGS | iteration: 028, total loss=862193813815296.0000, content_loss=1682057421.8750, style loss=862192125000000.0000, tv loss=28965908.0000
L-BFGS | iteration: 029, total loss=744917517205504.0000, content_loss=1653110546.8750, style loss=744915825000000.0000, tv loss=28776468.0000
L-BFGS | iteration: 030, total loss=672509737304064.0000, content_loss=1659849414.0625, style loss=672508050000000.0000, tv loss=28893392.0000
L-BFGS | iteration: 031, total loss=585958428770304.0000, content_loss=1696721679.6875, style loss=585956775000000.0000, tv loss=29218418.0000
L-BFGS | iteration: 032, total loss=527163816148992.0000, content_loss=1693144726.5625, style loss=527162100000000.0000, tv loss=28994302.0000
L-BFGS | iteration: 033, total loss=485716979089408.0000, content_loss=1690883007.8125, style loss=485715262500000.0000, tv loss=29123582.0000
L-BFGS | iteration: 034, total loss=461689589858304.0000, content_loss=1698909570.3125, style loss=461687850000000.0000, tv loss=29225142.0000
L-BFGS | iteration: 035, total loss=423612624404480.0000, content_loss=1704833398.4375, style loss=423610875000000.0000, tv loss=29206544.0000
L-BFGS | iteration: 036, total loss=383838878433280.0000, content_loss=1739594140.6250, style loss=383837100000000.0000, tv loss=29361866.0000
L-BFGS | iteration: 037, total loss=349609096380416.0000, content_loss=1752234960.9375, style loss=349607325000000.0000, tv loss=29267176.0000
L-BFGS | iteration: 038, total loss=329926502776832.0000, content_loss=1767881835.9375, style loss=329924700000000.0000, tv loss=29444328.0000
L-BFGS | iteration: 039, total loss=314851737993216.0000, content_loss=1769074609.3750, style loss=314849925000000.0000, tv loss=29425540.0000
L-BFGS | iteration: 040, total loss=285269915860992.0000, content_loss=1776665234.3750, style loss=285268087500000.0000, tv loss=29454300.0000
L-BFGS | iteration: 041, total loss=262437836161024.0000, content_loss=1791379687.5000, style loss=262436006250000.0000, tv loss=29537940.0000
L-BFGS | iteration: 042, total loss=246872337809408.0000, content_loss=1785524218.7500, style loss=246870525000000.0000, tv loss=29622040.0000
L-BFGS | iteration: 043, total loss=242094388019200.0000, content_loss=1772624023.4375, style loss=242092575000000.0000, tv loss=29435944.0000
L-BFGS | iteration: 044, total loss=225677999603712.0000, content_loss=1785308398.4375, style loss=225676181250000.0000, tv loss=29543902.0000
L-BFGS | iteration: 045, total loss=219409863933952.0000, content_loss=1790746093.7500, style loss=219408037500000.0000, tv loss=29611620.0000
L-BFGS | iteration: 046, total loss=212084478443520.0000, content_loss=1794466015.6250, style loss=212082656250000.0000, tv loss=29652482.0000
L-BFGS | iteration: 047, total loss=198223243247616.0000, content_loss=1801072656.2500, style loss=198221418750000.0000, tv loss=29751602.0000
L-BFGS | iteration: 048, total loss=182393252085760.0000, content_loss=1796157421.8750, style loss=182391431250000.0000, tv loss=29775676.0000
L-BFGS | iteration: 049, total loss=174758326960128.0000, content_loss=1804845312.5000, style loss=174756487500000.0000, tv loss=29949978.0000
L-BFGS | iteration: 050, total loss=165859288940544.0000, content_loss=1805587500.0000, style loss=165857437500000.0000, tv loss=29869622.0000
L-BFGS | iteration: 051, total loss=159547448623104.0000, content_loss=1804902929.6875, style loss=159545606250000.0000, tv loss=29883552.0000
L-BFGS | iteration: 052, total loss=153329040621568.0000, content_loss=1807314843.7500, style loss=153327196875000.0000, tv loss=29929200.0000
L-BFGS | iteration: 053, total loss=146764954861568.0000, content_loss=1813177343.7500, style loss=146763103125000.0000, tv loss=29984180.0000
L-BFGS | iteration: 054, total loss=139985625808896.0000, content_loss=1819067187.5000, style loss=139983768750000.0000, tv loss=30000468.0000
L-BFGS | iteration: 055, total loss=133630668046336.0000, content_loss=1828075195.3125, style loss=133628803125000.0000, tv loss=30070322.0000
L-BFGS | iteration: 056, total loss=129881555861504.0000, content_loss=1832554687.5000, style loss=129879693750000.0000, tv loss=30063884.0000
L-BFGS | iteration: 057, total loss=125932526370816.0000, content_loss=1840751367.1875, style loss=125930653125000.0000, tv loss=30204924.0000
L-BFGS | iteration: 058, total loss=120764665692160.0000, content_loss=1836266406.2500, style loss=120762796875000.0000, tv loss=30144768.0000
L-BFGS | iteration: 059, total loss=116365797097472.0000, content_loss=1842277929.6875, style loss=116363915625000.0000, tv loss=30152592.0000
L-BFGS | iteration: 060, total loss=111676607168512.0000, content_loss=1848428320.3125, style loss=111674728125000.0000, tv loss=30219536.0000
L-BFGS | iteration: 061, total loss=107828333248512.0000, content_loss=1858885156.2500, style loss=107826440625000.0000, tv loss=30220224.0000
L-BFGS | iteration: 062, total loss=104548060364800.0000, content_loss=1860217382.8125, style loss=104546165625000.0000, tv loss=30251936.0000
L-BFGS | iteration: 063, total loss=99010807332864.0000, content_loss=1859348828.1250, style loss=99008915625000.0000, tv loss=30291376.0000
L-BFGS | iteration: 064, total loss=96923042185216.0000, content_loss=1862841015.6250, style loss=96921150000000.0000, tv loss=30348786.0000
L-BFGS | iteration: 065, total loss=95485461266432.0000, content_loss=1860287304.6875, style loss=95483568750000.0000, tv loss=30283244.0000
L-BFGS | iteration: 066, total loss=92363254923264.0000, content_loss=1860364453.1250, style loss=92361356250000.0000, tv loss=30333500.0000
L-BFGS | iteration: 067, total loss=90381488226304.0000, content_loss=1860958203.1250, style loss=90379593750000.0000, tv loss=30378824.0000
L-BFGS | iteration: 068, total loss=87247428780032.0000, content_loss=1861665625.0000, style loss=87245531250000.0000, tv loss=30396956.0000
L-BFGS | iteration: 069, total loss=83164164784128.0000, content_loss=1871045312.5000, style loss=83162259375000.0000, tv loss=30473988.0000
L-BFGS | iteration: 070, total loss=80266924130304.0000, content_loss=1869044140.6250, style loss=80265018750000.0000, tv loss=30440166.0000
L-BFGS | iteration: 071, total loss=79020855132160.0000, content_loss=1870616406.2500, style loss=79018950000000.0000, tv loss=30455488.0000
L-BFGS | iteration: 072, total loss=76452900896768.0000, content_loss=1875538867.1875, style loss=76450987500000.0000, tv loss=30474794.0000
L-BFGS | iteration: 073, total loss=76283115470848.0000, content_loss=1873313281.2500, style loss=76281210937500.0000, tv loss=30579642.0000
L-BFGS | iteration: 074, total loss=75201664516096.0000, content_loss=1874418945.3125, style loss=75199757812500.0000, tv loss=30528758.0000
L-BFGS | iteration: 075, total loss=73042470371328.0000, content_loss=1871909179.6875, style loss=73040564062500.0000, tv loss=30517224.0000
L-BFGS | iteration: 076, total loss=70563938697216.0000, content_loss=1876276171.8750, style loss=70562025000000.0000, tv loss=30548970.0000
L-BFGS | iteration: 077, total loss=68719426404352.0000, content_loss=1873883593.7500, style loss=68717521875000.0000, tv loss=30580774.0000
L-BFGS | iteration: 078, total loss=67276980092928.0000, content_loss=1874744726.5625, style loss=67275075000000.0000, tv loss=30596236.0000
L-BFGS | iteration: 079, total loss=65494245703680.0000, content_loss=1879238867.1875, style loss=65492339062500.0000, tv loss=30638996.0000
L-BFGS | iteration: 080, total loss=64419727933440.0000, content_loss=1882090429.6875, style loss=64417814062500.0000, tv loss=30636444.0000
L-BFGS | iteration: 081, total loss=63524638294016.0000, content_loss=1881563671.8750, style loss=63522726562500.0000, tv loss=30719632.0000
L-BFGS | iteration: 082, total loss=62012541370368.0000, content_loss=1883193750.0000, style loss=62010628125000.0000, tv loss=30693370.0000
L-BFGS | iteration: 083, total loss=61010228543488.0000, content_loss=1882935156.2500, style loss=61008314062500.0000, tv loss=30690024.0000
L-BFGS | iteration: 084, total loss=59417642926080.0000, content_loss=1885368750.0000, style loss=59415726562500.0000, tv loss=30728196.0000
L-BFGS | iteration: 085, total loss=58133397372928.0000, content_loss=1878070117.1875, style loss=58131487500000.0000, tv loss=30779922.0000
L-BFGS | iteration: 086, total loss=56807644987392.0000, content_loss=1882925585.9375, style loss=56805731250000.0000, tv loss=30791162.0000
L-BFGS | iteration: 087, total loss=55942817251328.0000, content_loss=1885777929.6875, style loss=55940901562500.0000, tv loss=30814172.0000
L-BFGS | iteration: 088, total loss=55201054588928.0000, content_loss=1888027734.3750, style loss=55199137500000.0000, tv loss=30813124.0000
L-BFGS | iteration: 089, total loss=54880391659520.0000, content_loss=1891959765.6250, style loss=54878470312500.0000, tv loss=30921132.0000
L-BFGS | iteration: 090, total loss=54382880096256.0000, content_loss=1890441210.9375, style loss=54380957812500.0000, tv loss=30874224.0000
L-BFGS | iteration: 091, total loss=53227898798080.0000, content_loss=1892410351.5625, style loss=53225976562500.0000, tv loss=30870312.0000
L-BFGS | iteration: 092, total loss=52135454572544.0000, content_loss=1894018945.3125, style loss=52133531250000.0000, tv loss=30890238.0000
L-BFGS | iteration: 093, total loss=50971392606208.0000, content_loss=1896058398.4375, style loss=50969465625000.0000, tv loss=30914566.0000
L-BFGS | iteration: 094, total loss=49881720815616.0000, content_loss=1896338671.8750, style loss=49879795312500.0000, tv loss=30947956.0000
L-BFGS | iteration: 095, total loss=49116755263488.0000, content_loss=1895879296.8750, style loss=49114828125000.0000, tv loss=30968156.0000
L-BFGS | iteration: 096, total loss=47872900857856.0000, content_loss=1896700390.6250, style loss=47870976562500.0000, tv loss=31010012.0000
L-BFGS | iteration: 097, total loss=47290135871488.0000, content_loss=1897924218.7500, style loss=47288207812500.0000, tv loss=31073298.0000
L-BFGS | iteration: 098, total loss=47594948526080.0000, content_loss=1900379492.1875, style loss=47593017187500.0000, tv loss=30994848.0000
L-BFGS | iteration: 099, total loss=46809401524224.0000, content_loss=1898966796.8750, style loss=46807471875000.0000, tv loss=31039352.0000
L-BFGS | iteration: 100, total loss=46149092245504.0000, content_loss=1900718945.3125, style loss=46147162500000.0000, tv loss=31041892.0000
L-BFGS | iteration: 101, total loss=45581661634560.0000, content_loss=1903604101.5625, style loss=45579726562500.0000, tv loss=31060700.0000
L-BFGS | iteration: 102, total loss=44799298109440.0000, content_loss=1906655273.4375, style loss=44797359375000.0000, tv loss=31094408.0000
L-BFGS | iteration: 103, total loss=43679758680064.0000, content_loss=1908864062.5000, style loss=43677820312500.0000, tv loss=31159058.0000
L-BFGS | iteration: 104, total loss=42779115782144.0000, content_loss=1912345312.5000, style loss=42777173437500.0000, tv loss=31163320.0000
L-BFGS | iteration: 105, total loss=42341012340736.0000, content_loss=1910947460.9375, style loss=42339070312500.0000, tv loss=31175026.0000
L-BFGS | iteration: 106, total loss=41783652253696.0000, content_loss=1908793945.3125, style loss=41781712500000.0000, tv loss=31185676.0000
L-BFGS | iteration: 107, total loss=41206084009984.0000, content_loss=1908652148.4375, style loss=41204146875000.0000, tv loss=31220388.0000
L-BFGS | iteration: 108, total loss=40382779883520.0000, content_loss=1907002734.3750, style loss=40380843750000.0000, tv loss=31216350.0000
L-BFGS | iteration: 109, total loss=39731706462208.0000, content_loss=1910206054.6875, style loss=39729768750000.0000, tv loss=31281666.0000
L-BFGS | iteration: 110, total loss=39158840033280.0000, content_loss=1912237109.3750, style loss=39156897656250.0000, tv loss=31267512.0000
L-BFGS | iteration: 111, total loss=38714310918144.0000, content_loss=1913840625.0000, style loss=38712367968750.0000, tv loss=31290178.0000
L-BFGS | iteration: 112, total loss=38328690802688.0000, content_loss=1914709570.3125, style loss=38326743750000.0000, tv loss=31298192.0000
L-BFGS | iteration: 113, total loss=37712128114688.0000, content_loss=1914680664.0625, style loss=37710187500000.0000, tv loss=31334536.0000
L-BFGS | iteration: 114, total loss=36919589208064.0000, content_loss=1916232617.1875, style loss=36917641406250.0000, tv loss=31367308.0000
L-BFGS | iteration: 115, total loss=36313881378816.0000, content_loss=1916534960.9375, style loss=36311936718750.0000, tv loss=31390884.0000
L-BFGS | iteration: 116, total loss=35959726931968.0000, content_loss=1918474804.6875, style loss=35957782031250.0000, tv loss=31395820.0000
L-BFGS | iteration: 117, total loss=35512198889472.0000, content_loss=1920177343.7500, style loss=35510247656250.0000, tv loss=31428998.0000
L-BFGS | iteration: 118, total loss=35117953187840.0000, content_loss=1921665625.0000, style loss=35116000781250.0000, tv loss=31405552.0000
L-BFGS | iteration: 119, total loss=34619772633088.0000, content_loss=1923241210.9375, style loss=34617817968750.0000, tv loss=31454912.0000
L-BFGS | iteration: 120, total loss=34182889734144.0000, content_loss=1922621289.0625, style loss=34180935937500.0000, tv loss=31480142.0000
L-BFGS | iteration: 121, total loss=33685610954752.0000, content_loss=1923778906.2500, style loss=33683655468750.0000, tv loss=31493896.0000
L-BFGS | iteration: 122, total loss=33103949070336.0000, content_loss=1925967187.5000, style loss=33101992968750.0000, tv loss=31537808.0000
L-BFGS | iteration: 123, total loss=32581330403328.0000, content_loss=1928524804.6875, style loss=32579369531250.0000, tv loss=31548108.0000
L-BFGS | iteration: 124, total loss=32165930729472.0000, content_loss=1931412304.6875, style loss=32163967968750.0000, tv loss=31568846.0000
L-BFGS | iteration: 125, total loss=31676526755840.0000, content_loss=1932808398.4375, style loss=31674562500000.0000, tv loss=31585564.0000
L-BFGS | iteration: 126, total loss=31444086816768.0000, content_loss=1933509570.3125, style loss=31442121093750.0000, tv loss=31657240.0000
L-BFGS | iteration: 127, total loss=31285047197696.0000, content_loss=1934558789.0625, style loss=31283081250000.0000, tv loss=31604400.0000
L-BFGS | iteration: 128, total loss=30811231354880.0000, content_loss=1933460546.8750, style loss=30809266406250.0000, tv loss=31622170.0000
L-BFGS | iteration: 129, total loss=30659252846592.0000, content_loss=1932595507.8125, style loss=30657288281250.0000, tv loss=31637932.0000
L-BFGS | iteration: 130, total loss=30415668641792.0000, content_loss=1931981250.0000, style loss=30413704687500.0000, tv loss=31656984.0000
L-BFGS | iteration: 131, total loss=29981260382208.0000, content_loss=1931671093.7500, style loss=29979297656250.0000, tv loss=31681586.0000
L-BFGS | iteration: 132, total loss=29539587588096.0000, content_loss=1936802148.4375, style loss=29537617968750.0000, tv loss=31731672.0000
L-BFGS | iteration: 133, total loss=29032133427200.0000, content_loss=1934767382.8125, style loss=29030165625000.0000, tv loss=31737632.0000
L-BFGS | iteration: 134, total loss=28771077849088.0000, content_loss=1934906054.6875, style loss=28769111718750.0000, tv loss=31752716.0000
L-BFGS | iteration: 135, total loss=28294193872896.0000, content_loss=1937135742.1875, style loss=28292224218750.0000, tv loss=31774148.0000
L-BFGS | iteration: 136, total loss=28122250477568.0000, content_loss=1937468359.3750, style loss=28120282031250.0000, tv loss=31849462.0000
L-BFGS | iteration: 137, total loss=27844512055296.0000, content_loss=1937818359.3750, style loss=27842542968750.0000, tv loss=31798978.0000
L-BFGS | iteration: 138, total loss=27668630208512.0000, content_loss=1937048437.5000, style loss=27666660937500.0000, tv loss=31815812.0000
L-BFGS | iteration: 139, total loss=27492471537664.0000, content_loss=1937250976.5625, style loss=27490502343750.0000, tv loss=31829012.0000
L-BFGS | iteration: 140, total loss=27310405189632.0000, content_loss=1937198242.1875, style loss=27308435156250.0000, tv loss=31848510.0000
L-BFGS | iteration: 141, total loss=27125941796864.0000, content_loss=1937383593.7500, style loss=27123972656250.0000, tv loss=31861128.0000
L-BFGS | iteration: 142, total loss=26670020952064.0000, content_loss=1937418750.0000, style loss=26668052343750.0000, tv loss=31893810.0000
L-BFGS | iteration: 143, total loss=26487453384704.0000, content_loss=1944031640.6250, style loss=26485478906250.0000, tv loss=31935282.0000
L-BFGS | iteration: 144, total loss=26122802692096.0000, content_loss=1941586523.4375, style loss=26120828906250.0000, tv loss=31927358.0000
L-BFGS | iteration: 145, total loss=25961263267840.0000, content_loss=1941152734.3750, style loss=25959290625000.0000, tv loss=31927832.0000
L-BFGS | iteration: 146, total loss=25737398583296.0000, content_loss=1941909960.9375, style loss=25735425000000.0000, tv loss=31944068.0000
L-BFGS | iteration: 147, total loss=25400853921792.0000, content_loss=1944364062.5000, style loss=25398878906250.0000, tv loss=31951948.0000
L-BFGS | iteration: 148, total loss=25706249584640.0000, content_loss=1947672851.5625, style loss=25704269531250.0000, tv loss=32062130.0000
L-BFGS | iteration: 149, total loss=25190144671744.0000, content_loss=1945971875.0000, style loss=25188166406250.0000, tv loss=31996992.0000
L-BFGS | iteration: 150, total loss=24945461559296.0000, content_loss=1947653515.6250, style loss=24943481250000.0000, tv loss=31998122.0000
L-BFGS | iteration: 151, total loss=24731684175872.0000, content_loss=1949535351.5625, style loss=24729703125000.0000, tv loss=32016306.0000
L-BFGS | iteration: 152, total loss=24503746822144.0000, content_loss=1950225195.3125, style loss=24501764062500.0000, tv loss=32025808.0000
L-BFGS | iteration: 153, total loss=24227348480000.0000, content_loss=1951264062.5000, style loss=24225365625000.0000, tv loss=32053544.0000
L-BFGS | iteration: 154, total loss=23952210526208.0000, content_loss=1951719531.2500, style loss=23950225781250.0000, tv loss=32073956.0000
L-BFGS | iteration: 155, total loss=23757353648128.0000, content_loss=1952839257.8125, style loss=23755368750000.0000, tv loss=32129930.0000
L-BFGS | iteration: 156, total loss=23566928052224.0000, content_loss=1952720507.8125, style loss=23564943750000.0000, tv loss=32107162.0000
L-BFGS | iteration: 157, total loss=23381957148672.0000, content_loss=1952726953.1250, style loss=23379972656250.0000, tv loss=32127826.0000
L-BFGS | iteration: 158, total loss=23251220692992.0000, content_loss=1952781640.6250, style loss=23249235937500.0000, tv loss=32140578.0000
L-BFGS | iteration: 159, total loss=23030180872192.0000, content_loss=1953126171.8750, style loss=23028196875000.0000, tv loss=32161120.0000
L-BFGS | iteration: 160, total loss=22842953433088.0000, content_loss=1953248632.8125, style loss=22840968750000.0000, tv loss=32176084.0000
L-BFGS | iteration: 161, total loss=22663311392768.0000, content_loss=1954074414.0625, style loss=22661325000000.0000, tv loss=32191598.0000
L-BFGS | iteration: 162, total loss=22395718991872.0000, content_loss=1955007421.8750, style loss=22393732031250.0000, tv loss=32205788.0000
L-BFGS | iteration: 163, total loss=22174515593216.0000, content_loss=1956186523.4375, style loss=22172526562500.0000, tv loss=32239404.0000
L-BFGS | iteration: 164, total loss=21954054586368.0000, content_loss=1956562695.3125, style loss=21952066406250.0000, tv loss=32236002.0000
L-BFGS | iteration: 165, total loss=21834300915712.0000, content_loss=1955551953.1250, style loss=21832314843750.0000, tv loss=32281566.0000
L-BFGS | iteration: 166, total loss=21669064212480.0000, content_loss=1955828320.3125, style loss=21667075781250.0000, tv loss=32272122.0000
L-BFGS | iteration: 167, total loss=21467506933760.0000, content_loss=1955722070.3125, style loss=21465517968750.0000, tv loss=32278496.0000
L-BFGS | iteration: 168, total loss=21275883864064.0000, content_loss=1955937500.0000, style loss=21273895312500.0000, tv loss=32288608.0000
L-BFGS | iteration: 169, total loss=21088333463552.0000, content_loss=1955258984.3750, style loss=21086348437500.0000, tv loss=32317020.0000
L-BFGS | iteration: 170, total loss=20952534482944.0000, content_loss=1955507226.5625, style loss=20950549218750.0000, tv loss=32327764.0000
L-BFGS | iteration: 171, total loss=20775180435456.0000, content_loss=1956522851.5625, style loss=20773192968750.0000, tv loss=32354164.0000
L-BFGS | iteration: 172, total loss=20602547077120.0000, content_loss=1958646289.0625, style loss=20600557031250.0000, tv loss=32357228.0000
L-BFGS | iteration: 173, total loss=20471166795776.0000, content_loss=1959286914.0625, style loss=20469175781250.0000, tv loss=32387898.0000
L-BFGS | iteration: 174, total loss=20339031539712.0000, content_loss=1960221679.6875, style loss=20337039843750.0000, tv loss=32392736.0000
L-BFGS | iteration: 175, total loss=20196534255616.0000, content_loss=1960873046.8750, style loss=20194542187500.0000, tv loss=32402744.0000
L-BFGS | iteration: 176, total loss=20004913283072.0000, content_loss=1963050781.2500, style loss=20002919531250.0000, tv loss=32423632.0000
L-BFGS | iteration: 177, total loss=19864280367104.0000, content_loss=1962783007.8125, style loss=19862285156250.0000, tv loss=32432620.0000
L-BFGS | iteration: 178, total loss=19776569081856.0000, content_loss=1962970898.4375, style loss=19774575000000.0000, tv loss=32437172.0000
L-BFGS | iteration: 179, total loss=19668536393728.0000, content_loss=1962850195.3125, style loss=19666542187500.0000, tv loss=32462816.0000
L-BFGS | iteration: 180, total loss=19489087291392.0000, content_loss=1963644531.2500, style loss=19487092968750.0000, tv loss=32469138.0000
L-BFGS | iteration: 181, total loss=19321252216832.0000, content_loss=1963754687.5000, style loss=19319258203125.0000, tv loss=32505172.0000
L-BFGS | iteration: 182, total loss=19166018928640.0000, content_loss=1963870117.1875, style loss=19164022265625.0000, tv loss=32507156.0000
L-BFGS | iteration: 183, total loss=18999433756672.0000, content_loss=1964467187.5000, style loss=18997434375000.0000, tv loss=32524656.0000
L-BFGS | iteration: 184, total loss=18845393747968.0000, content_loss=1965376757.8125, style loss=18843396093750.0000, tv loss=32524028.0000
L-BFGS | iteration: 185, total loss=18741106573312.0000, content_loss=1965589453.1250, style loss=18739108593750.0000, tv loss=32541996.0000
L-BFGS | iteration: 186, total loss=18601444638720.0000, content_loss=1966099023.4375, style loss=18599443359375.0000, tv loss=32549546.0000
L-BFGS | iteration: 187, total loss=18456156045312.0000, content_loss=1966587304.6875, style loss=18454155468750.0000, tv loss=32576214.0000
L-BFGS | iteration: 188, total loss=18302552244224.0000, content_loss=1966852539.0625, style loss=18300551953125.0000, tv loss=32579788.0000
L-BFGS | iteration: 189, total loss=18190906163200.0000, content_loss=1966884960.9375, style loss=18188906250000.0000, tv loss=32610030.0000
L-BFGS | iteration: 190, total loss=18060398297088.0000, content_loss=1966958007.8125, style loss=18058396875000.0000, tv loss=32609342.0000
L-BFGS | iteration: 191, total loss=17928223195136.0000, content_loss=1966800976.5625, style loss=17926222265625.0000, tv loss=32626488.0000
L-BFGS | iteration: 192, total loss=17819857059840.0000, content_loss=1967511914.0625, style loss=17817855468750.0000, tv loss=32628206.0000
L-BFGS | iteration: 193, total loss=17733695569920.0000, content_loss=1968090429.6875, style loss=17731695703125.0000, tv loss=32648154.0000
L-BFGS | iteration: 194, total loss=17609831481344.0000, content_loss=1969043359.3750, style loss=17607828515625.0000, tv loss=32663554.0000
L-BFGS | iteration: 195, total loss=17468933275648.0000, content_loss=1970396484.3750, style loss=17466930468750.0000, tv loss=32696220.0000
L-BFGS | iteration: 196, total loss=17340221620224.0000, content_loss=1970222656.2500, style loss=17338218750000.0000, tv loss=32699180.0000
L-BFGS | iteration: 197, total loss=17230498627584.0000, content_loss=1970643945.3125, style loss=17228496093750.0000, tv loss=32713516.0000
L-BFGS | iteration: 198, total loss=17120587939840.0000, content_loss=1970291210.9375, style loss=17118584765625.0000, tv loss=32714178.0000
L-BFGS | iteration: 199, total loss=17018884456448.0000, content_loss=1969790625.0000, style loss=17016881250000.0000, tv loss=32749076.0000
L-BFGS | iteration: 200, total loss=16945947607040.0000, content_loss=1971990625.0000, style loss=16943942578125.0000, tv loss=32740904.0000
L-BFGS | iteration: 201, total loss=16857311477760.0000, content_loss=1972035351.5625, style loss=16855306640625.0000, tv loss=32751548.0000
L-BFGS | iteration: 202, total loss=16805781307392.0000, content_loss=1972306250.0000, style loss=16803776953125.0000, tv loss=32759278.0000
L-BFGS | iteration: 203, total loss=16735275057152.0000, content_loss=1972974609.3750, style loss=16733268750000.0000, tv loss=32767790.0000
L-BFGS | iteration: 204, total loss=16570204028928.0000, content_loss=1975215625.0000, style loss=16568196093750.0000, tv loss=32790768.0000
L-BFGS | iteration: 205, total loss=16453986156544.0000, content_loss=1975722070.3125, style loss=16451977734375.0000, tv loss=32816992.0000
L-BFGS | iteration: 206, total loss=16368916234240.0000, content_loss=1976091796.8750, style loss=16366906640625.0000, tv loss=32812048.0000
L-BFGS | iteration: 207, total loss=16296132476928.0000, content_loss=1976387500.0000, style loss=16294123828125.0000, tv loss=32837496.0000
L-BFGS | iteration: 208, total loss=16216898928640.0000, content_loss=1976647265.6250, style loss=16214889843750.0000, tv loss=32825912.0000
L-BFGS | iteration: 209, total loss=16125990535168.0000, content_loss=1977223828.1250, style loss=16123980468750.0000, tv loss=32833738.0000
L-BFGS | iteration: 210, total loss=16013527613440.0000, content_loss=1977507031.2500, style loss=16011517968750.0000, tv loss=32853102.0000
L-BFGS | iteration: 211, total loss=15927788699648.0000, content_loss=1978990039.0625, style loss=15925777734375.0000, tv loss=32869556.0000
L-BFGS | iteration: 212, total loss=15859563102208.0000, content_loss=1978909765.6250, style loss=15857552343750.0000, tv loss=32873178.0000
L-BFGS | iteration: 213, total loss=15749217255424.0000, content_loss=1979091015.6250, style loss=15747206250000.0000, tv loss=32891180.0000
L-BFGS | iteration: 214, total loss=15675248607232.0000, content_loss=1978716015.6250, style loss=15673237500000.0000, tv loss=32890724.0000
L-BFGS | iteration: 215, total loss=15588395057152.0000, content_loss=1978341796.8750, style loss=15586383984375.0000, tv loss=32914148.0000
L-BFGS | iteration: 216, total loss=15487916310528.0000, content_loss=1978977343.7500, style loss=15485905078125.0000, tv loss=32922104.0000
L-BFGS | iteration: 217, total loss=15400931688448.0000, content_loss=1978450585.9375, style loss=15398920312500.0000, tv loss=32936130.0000
L-BFGS | iteration: 218, total loss=15314890784768.0000, content_loss=1979054101.5625, style loss=15312880078125.0000, tv loss=32939672.0000
L-BFGS | iteration: 219, total loss=15224069423104.0000, content_loss=1979315429.6875, style loss=15222057421875.0000, tv loss=32965382.0000
L-BFGS | iteration: 220, total loss=15138073608192.0000, content_loss=1979953710.9375, style loss=15136061718750.0000, tv loss=32964760.0000
L-BFGS | iteration: 221, total loss=15059427262464.0000, content_loss=1979831445.3125, style loss=15057414843750.0000, tv loss=32986644.0000
L-BFGS | iteration: 222, total loss=14947272622080.0000, content_loss=1980104882.8125, style loss=14945260546875.0000, tv loss=33003624.0000
L-BFGS | iteration: 223, total loss=14868926169088.0000, content_loss=1980793164.0625, style loss=14866912500000.0000, tv loss=33013596.0000
L-BFGS | iteration: 224, total loss=14806311501824.0000, content_loss=1981110156.2500, style loss=14804298046875.0000, tv loss=33013956.0000
L-BFGS | iteration: 225, total loss=14721491140608.0000, content_loss=1981541992.1875, style loss=14719475390625.0000, tv loss=33030212.0000
L-BFGS | iteration: 226, total loss=14654852038656.0000, content_loss=1982673437.5000, style loss=14652835546875.0000, tv loss=33034168.0000
L-BFGS | iteration: 227, total loss=14596959109120.0000, content_loss=1983017187.5000, style loss=14594942578125.0000, tv loss=33052154.0000
L-BFGS | iteration: 228, total loss=14519976853504.0000, content_loss=1983389257.8125, style loss=14517959765625.0000, tv loss=33060858.0000
L-BFGS | iteration: 229, total loss=14436514398208.0000, content_loss=1983776562.5000, style loss=14434496484375.0000, tv loss=33089650.0000
L-BFGS | iteration: 230, total loss=14350301528064.0000, content_loss=1984446875.0000, style loss=14348282812500.0000, tv loss=33087832.0000
L-BFGS | iteration: 231, total loss=14287609266176.0000, content_loss=1984576562.5000, style loss=14285591015625.0000, tv loss=33101018.0000
L-BFGS | iteration: 232, total loss=14203824898048.0000, content_loss=1985320117.1875, style loss=14201806640625.0000, tv loss=33109796.0000
L-BFGS | iteration: 233, total loss=14136215863296.0000, content_loss=1985902734.3750, style loss=14134196484375.0000, tv loss=33128184.0000
L-BFGS | iteration: 234, total loss=14064821469184.0000, content_loss=1986380664.0625, style loss=14062802343750.0000, tv loss=33129460.0000
L-BFGS | iteration: 235, total loss=13989555732480.0000, content_loss=1987040429.6875, style loss=13987535156250.0000, tv loss=33151298.0000
L-BFGS | iteration: 236, total loss=13924426579968.0000, content_loss=1987632421.8750, style loss=13922404687500.0000, tv loss=33147686.0000
L-BFGS | iteration: 237, total loss=13868430524416.0000, content_loss=1987734765.6250, style loss=13866408984375.0000, tv loss=33165288.0000
L-BFGS | iteration: 238, total loss=13808835756032.0000, content_loss=1987876367.1875, style loss=13806814453125.0000, tv loss=33173478.0000
L-BFGS | iteration: 239, total loss=13740975063040.0000, content_loss=1988396875.0000, style loss=13738953515625.0000, tv loss=33188980.0000
L-BFGS | iteration: 240, total loss=13651276726272.0000, content_loss=1988904687.5000, style loss=13649253515625.0000, tv loss=33208366.0000
L-BFGS | iteration: 241, total loss=13587967901696.0000, content_loss=1989837109.3750, style loss=13585944140625.0000, tv loss=33216838.0000
L-BFGS | iteration: 242, total loss=13539824631808.0000, content_loss=1990029101.5625, style loss=13537801171875.0000, tv loss=33223230.0000
L-BFGS | iteration: 243, total loss=13464317722624.0000, content_loss=1991058203.1250, style loss=13462292578125.0000, tv loss=33232564.0000
L-BFGS | iteration: 244, total loss=13404888629248.0000, content_loss=1990124804.6875, style loss=13402864453125.0000, tv loss=33250618.0000
L-BFGS | iteration: 245, total loss=13370260455424.0000, content_loss=1989838671.8750, style loss=13368236718750.0000, tv loss=33236042.0000
L-BFGS | iteration: 246, total loss=13316276617216.0000, content_loss=1990247265.6250, style loss=13314253125000.0000, tv loss=33256916.0000
L-BFGS | iteration: 247, total loss=13289378545664.0000, content_loss=1990352734.3750, style loss=13287355078125.0000, tv loss=33263556.0000
L-BFGS | iteration: 248, total loss=13232174530560.0000, content_loss=1990593554.6875, style loss=13230151171875.0000, tv loss=33274458.0000
L-BFGS | iteration: 249, total loss=13138900549632.0000, content_loss=1990698046.8750, style loss=13136876953125.0000, tv loss=33293348.0000
L-BFGS | iteration: 250, total loss=13069001424896.0000, content_loss=1991475000.0000, style loss=13066976953125.0000, tv loss=33316216.0000
L-BFGS | iteration: 251, total loss=12999511244800.0000, content_loss=1991006640.6250, style loss=12997485937500.0000, tv loss=33316220.0000
L-BFGS | iteration: 252, total loss=12955480489984.0000, content_loss=1990716992.1875, style loss=12953456250000.0000, tv loss=33329666.0000
L-BFGS | iteration: 253, total loss=12907689541632.0000, content_loss=1991340429.6875, style loss=12905664843750.0000, tv loss=33326590.0000
L-BFGS | iteration: 254, total loss=12857988087808.0000, content_loss=1991638867.1875, style loss=12855963281250.0000, tv loss=33344948.0000
L-BFGS | iteration: 255, total loss=12800515637248.0000, content_loss=1992119140.6250, style loss=12798489843750.0000, tv loss=33361782.0000
L-BFGS | iteration: 256, total loss=12739879632896.0000, content_loss=1992462890.6250, style loss=12737853515625.0000, tv loss=33370052.0000
L-BFGS | iteration: 257, total loss=12663610408960.0000, content_loss=1993516992.1875, style loss=12661583203125.0000, tv loss=33396736.0000
L-BFGS | iteration: 258, total loss=12604914270208.0000, content_loss=1993331250.0000, style loss=12602887500000.0000, tv loss=33397262.0000
L-BFGS | iteration: 259, total loss=12564476985344.0000, content_loss=1993206054.6875, style loss=12562449609375.0000, tv loss=33408628.0000
L-BFGS | iteration: 260, total loss=12517191450624.0000, content_loss=1993765234.3750, style loss=12515164453125.0000, tv loss=33405492.0000
L-BFGS | iteration: 261, total loss=12468112850944.0000, content_loss=1993754492.1875, style loss=12466086328125.0000, tv loss=33426696.0000
L-BFGS | iteration: 262, total loss=12413667639296.0000, content_loss=1994663085.9375, style loss=12411639843750.0000, tv loss=33434186.0000
L-BFGS | iteration: 263, total loss=12349563994112.0000, content_loss=1995062500.0000, style loss=12347534765625.0000, tv loss=33442756.0000
L-BFGS | iteration: 264, total loss=12296210350080.0000, content_loss=1996123828.1250, style loss=12294180468750.0000, tv loss=33456460.0000
L-BFGS | iteration: 265, total loss=12249426034688.0000, content_loss=1996115625.0000, style loss=12247395703125.0000, tv loss=33465682.0000
L-BFGS | iteration: 266, total loss=12181006450688.0000, content_loss=1995636914.0625, style loss=12178976953125.0000, tv loss=33486302.0000
L-BFGS | iteration: 267, total loss=12129218330624.0000, content_loss=1996182421.8750, style loss=12127188281250.0000, tv loss=33497656.0000
L-BFGS | iteration: 268, total loss=12087678992384.0000, content_loss=1995883398.4375, style loss=12085650000000.0000, tv loss=33507388.0000
L-BFGS | iteration: 269, total loss=12061098639360.0000, content_loss=1996132617.1875, style loss=12059068359375.0000, tv loss=33497066.0000
L-BFGS | iteration: 270, total loss=12028709175296.0000, content_loss=1995922656.2500, style loss=12026680078125.0000, tv loss=33520804.0000
L-BFGS | iteration: 271, total loss=12005745360896.0000, content_loss=1996197460.9375, style loss=12003714843750.0000, tv loss=33516808.0000
L-BFGS | iteration: 272, total loss=11958049832960.0000, content_loss=1996655273.4375, style loss=11956019531250.0000, tv loss=33518854.0000
L-BFGS | iteration: 273, total loss=11909026807808.0000, content_loss=1996831250.0000, style loss=11906996484375.0000, tv loss=33529856.0000
L-BFGS | iteration: 274, total loss=11852675284992.0000, content_loss=1996800585.9375, style loss=11850645703125.0000, tv loss=33559516.0000
L-BFGS | iteration: 275, total loss=11806469783552.0000, content_loss=1996840234.3750, style loss=11804439843750.0000, tv loss=33564488.0000
L-BFGS | iteration: 276, total loss=11770625261568.0000, content_loss=1996809179.6875, style loss=11768595703125.0000, tv loss=33570056.0000
L-BFGS | iteration: 277, total loss=11723903860736.0000, content_loss=1996769921.8750, style loss=11721874218750.0000, tv loss=33589000.0000
L-BFGS | iteration: 278, total loss=11683883909120.0000, content_loss=1996716796.8750, style loss=11681853515625.0000, tv loss=33588308.0000
L-BFGS | iteration: 279, total loss=11650484666368.0000, content_loss=1996704296.8750, style loss=11648455078125.0000, tv loss=33604640.0000
L-BFGS | iteration: 280, total loss=11615165480960.0000, content_loss=1996854882.8125, style loss=11613135937500.0000, tv loss=33610260.0000
L-BFGS | iteration: 281, total loss=11575604805632.0000, content_loss=1996822460.9375, style loss=11573574609375.0000, tv loss=33618004.0000
L-BFGS | iteration: 282, total loss=11514779009024.0000, content_loss=1997058398.4375, style loss=11512748437500.0000, tv loss=33628248.0000
L-BFGS | iteration: 283, total loss=11471582920704.0000, content_loss=1996777148.4375, style loss=11469553125000.0000, tv loss=33642376.0000
L-BFGS | iteration: 284, total loss=11440575479808.0000, content_loss=1997023242.1875, style loss=11438544140625.0000, tv loss=33643576.0000
L-BFGS | iteration: 285, total loss=11408745955328.0000, content_loss=1996690234.3750, style loss=11406716015625.0000, tv loss=33659688.0000
L-BFGS | iteration: 286, total loss=11360596393984.0000, content_loss=1997341796.8750, style loss=11358564843750.0000, tv loss=33670860.0000
L-BFGS | iteration: 287, total loss=11310985117696.0000, content_loss=1997249218.7500, style loss=11308953515625.0000, tv loss=33684088.0000
L-BFGS | iteration: 288, total loss=11274707533824.0000, content_loss=1997780468.7500, style loss=11272676953125.0000, tv loss=33695208.0000
L-BFGS | iteration: 289, total loss=11242156589056.0000, content_loss=1998148437.5000, style loss=11240124609375.0000, tv loss=33695908.0000
L-BFGS | iteration: 290, total loss=11207953088512.0000, content_loss=1997743750.0000, style loss=11205922265625.0000, tv loss=33718384.0000
L-BFGS | iteration: 291, total loss=11165903093760.0000, content_loss=1997973437.5000, style loss=11163871875000.0000, tv loss=33717056.0000
L-BFGS | iteration: 292, total loss=11128231952384.0000, content_loss=1998143945.3125, style loss=11126199609375.0000, tv loss=33726532.0000
L-BFGS | iteration: 293, total loss=11071887769600.0000, content_loss=1998275195.3125, style loss=11069855859375.0000, tv loss=33742416.0000
L-BFGS | iteration: 294, total loss=11023786442752.0000, content_loss=1999129101.5625, style loss=11021752734375.0000, tv loss=33757964.0000
L-BFGS | iteration: 295, total loss=10989740228608.0000, content_loss=1999111132.8125, style loss=10987707421875.0000, tv loss=33765808.0000
L-BFGS | iteration: 296, total loss=10950733201408.0000, content_loss=1999926953.1250, style loss=10948700390625.0000, tv loss=33771128.0000
L-BFGS | iteration: 297, total loss=10920412577792.0000, content_loss=2000032617.1875, style loss=10918379296875.0000, tv loss=33789368.0000
L-BFGS | iteration: 298, total loss=10890509287424.0000, content_loss=2000553710.9375, style loss=10888475390625.0000, tv loss=33779584.0000
L-BFGS | iteration: 299, total loss=10859167350784.0000, content_loss=2001001953.1250, style loss=10857133593750.0000, tv loss=33793544.0000
L-BFGS | iteration: 300, total loss=10826145595392.0000, content_loss=2000959960.9375, style loss=10824111328125.0000, tv loss=33807856.0000
L-BFGS | iteration: 301, total loss=10781694361600.0000, content_loss=2001122265.6250, style loss=10779659765625.0000, tv loss=33822040.0000
L-BFGS | iteration: 302, total loss=10737438162944.0000, content_loss=2000315039.0625, style loss=10735403906250.0000, tv loss=33838884.0000
L-BFGS | iteration: 303, total loss=10694123585536.0000, content_loss=2000989648.4375, style loss=10692089062500.0000, tv loss=33843100.0000
L-BFGS | iteration: 304, total loss=10673623924736.0000, content_loss=2001216601.5625, style loss=10671588281250.0000, tv loss=33847392.0000
L-BFGS | iteration: 305, total loss=10638210367488.0000, content_loss=2001768164.0625, style loss=10636175390625.0000, tv loss=33846968.0000
L-BFGS | iteration: 306, total loss=10612657618944.0000, content_loss=2001200000.0000, style loss=10610623828125.0000, tv loss=33872192.0000
L-BFGS | iteration: 307, total loss=10582132523008.0000, content_loss=2001349804.6875, style loss=10580097656250.0000, tv loss=33865216.0000
L-BFGS | iteration: 308, total loss=10559057559552.0000, content_loss=2001399218.7500, style loss=10557022265625.0000, tv loss=33870988.0000
L-BFGS | iteration: 309, total loss=10532786536448.0000, content_loss=2001198632.8125, style loss=10530752343750.0000, tv loss=33880284.0000
L-BFGS | iteration: 310, total loss=10488520900608.0000, content_loss=2000777734.3750, style loss=10486487109375.0000, tv loss=33900224.0000
L-BFGS | iteration: 311, total loss=10445947666432.0000, content_loss=2001261132.8125, style loss=10443912890625.0000, tv loss=33910176.0000
L-BFGS | iteration: 312, total loss=10416941957120.0000, content_loss=2001342382.8125, style loss=10414906640625.0000, tv loss=33917976.0000
L-BFGS | iteration: 313, total loss=10379119820800.0000, content_loss=2001738085.9375, style loss=10377084375000.0000, tv loss=33927160.0000
L-BFGS | iteration: 314, total loss=10344438169600.0000, content_loss=2002188476.5625, style loss=10342402734375.0000, tv loss=33939616.0000
L-BFGS | iteration: 315, total loss=10314508664832.0000, content_loss=2002454296.8750, style loss=10312471875000.0000, tv loss=33944992.0000
L-BFGS | iteration: 316, total loss=10291562676224.0000, content_loss=2002322070.3125, style loss=10289526562500.0000, tv loss=33968256.0000
L-BFGS | iteration: 317, total loss=10273435942912.0000, content_loss=2003260742.1875, style loss=10271400000000.0000, tv loss=33957408.0000
L-BFGS | iteration: 318, total loss=10252008292352.0000, content_loss=2002902734.3750, style loss=10249972265625.0000, tv loss=33963120.0000
L-BFGS | iteration: 319, total loss=10225273798656.0000, content_loss=2002839843.7500, style loss=10223237109375.0000, tv loss=33974268.0000
L-BFGS | iteration: 320, total loss=10204326395904.0000, content_loss=2002941015.6250, style loss=10202289843750.0000, tv loss=33980504.0000
L-BFGS | iteration: 321, total loss=10159881453568.0000, content_loss=2003586914.0625, style loss=10157844140625.0000, tv loss=33995192.0000
L-BFGS | iteration: 322, total loss=10121181659136.0000, content_loss=2003627148.4375, style loss=10119144140625.0000, tv loss=34009016.0000
L-BFGS | iteration: 323, total loss=10093158465536.0000, content_loss=2003971679.6875, style loss=10091121093750.0000, tv loss=34013200.0000
L-BFGS | iteration: 324, total loss=10068146782208.0000, content_loss=2004253710.9375, style loss=10066109765625.0000, tv loss=34019288.0000
L-BFGS | iteration: 325, total loss=10043743272960.0000, content_loss=2004121093.7500, style loss=10041705468750.0000, tv loss=34029368.0000
L-BFGS | iteration: 326, total loss=9996806914048.0000, content_loss=2005035546.8750, style loss=9994768359375.0000, tv loss=34044952.0000
L-BFGS | iteration: 327, total loss=9964358729728.0000, content_loss=2004450976.5625, style loss=9962320312500.0000, tv loss=34063288.0000
L-BFGS | iteration: 328, total loss=9945027182592.0000, content_loss=2004620312.5000, style loss=9942989062500.0000, tv loss=34054176.0000
L-BFGS | iteration: 329, total loss=9924312563712.0000, content_loss=2004664843.7500, style loss=9922273828125.0000, tv loss=34071972.0000
L-BFGS | iteration: 330, total loss=9905557733376.0000, content_loss=2005010937.5000, style loss=9903519140625.0000, tv loss=34069380.0000
L-BFGS | iteration: 331, total loss=9881983647744.0000, content_loss=2005204296.8750, style loss=9879945703125.0000, tv loss=34074008.0000
L-BFGS | iteration: 332, total loss=9859199139840.0000, content_loss=2005215429.6875, style loss=9857159765625.0000, tv loss=34083796.0000
L-BFGS | iteration: 333, total loss=9822362664960.0000, content_loss=2005007421.8750, style loss=9820323632812.5000, tv loss=34103236.0000
L-BFGS | iteration: 334, total loss=9794053210112.0000, content_loss=2004557226.5625, style loss=9792013476562.5000, tv loss=34113656.0000
L-BFGS | iteration: 335, total loss=9770964615168.0000, content_loss=2004506835.9375, style loss=9768925195312.5000, tv loss=34117824.0000
L-BFGS | iteration: 336, total loss=9736159232000.0000, content_loss=2004633398.4375, style loss=9734119921875.0000, tv loss=34132664.0000
L-BFGS | iteration: 337, total loss=9701987188736.0000, content_loss=2005557617.1875, style loss=9699946875000.0000, tv loss=34137780.0000
L-BFGS | iteration: 338, total loss=9670695583744.0000, content_loss=2005902929.6875, style loss=9668654882812.5000, tv loss=34157864.0000
L-BFGS | iteration: 339, total loss=9650749571072.0000, content_loss=2006443945.3125, style loss=9648708984375.0000, tv loss=34155520.0000
L-BFGS | iteration: 340, total loss=9632282050560.0000, content_loss=2006653320.3125, style loss=9630240234375.0000, tv loss=34168824.0000
L-BFGS | iteration: 341, total loss=9610166534144.0000, content_loss=2006587890.6250, style loss=9608124609375.0000, tv loss=34173988.0000
L-BFGS | iteration: 342, total loss=9575040286720.0000, content_loss=2006560742.1875, style loss=9572998242187.5000, tv loss=34184556.0000
L-BFGS | iteration: 343, total loss=9549622804480.0000, content_loss=2006158984.3750, style loss=9547582617187.5000, tv loss=34195848.0000
L-BFGS | iteration: 344, total loss=9527860658176.0000, content_loss=2006253710.9375, style loss=9525820312500.0000, tv loss=34195912.0000
L-BFGS | iteration: 345, total loss=9497014697984.0000, content_loss=2006460742.1875, style loss=9494973632812.5000, tv loss=34213544.0000
L-BFGS | iteration: 346, total loss=9472398327808.0000, content_loss=2007123828.1250, style loss=9470357226562.5000, tv loss=34209744.0000
L-BFGS | iteration: 347, total loss=9450163273728.0000, content_loss=2007238085.9375, style loss=9448121484375.0000, tv loss=34220088.0000
L-BFGS | iteration: 348, total loss=9421916733440.0000, content_loss=2007622460.9375, style loss=9419874609375.0000, tv loss=34232440.0000
L-BFGS | iteration: 349, total loss=9394505908224.0000, content_loss=2007275781.2500, style loss=9392463867187.5000, tv loss=34244424.0000
L-BFGS | iteration: 350, total loss=9359697379328.0000, content_loss=2007388476.5625, style loss=9357656250000.0000, tv loss=34252008.0000
L-BFGS | iteration: 351, total loss=9337030311936.0000, content_loss=2007097070.3125, style loss=9334989257812.5000, tv loss=34262524.0000
L-BFGS | iteration: 352, total loss=9309104635904.0000, content_loss=2007013671.8750, style loss=9307063476562.5000, tv loss=34266712.0000
L-BFGS | iteration: 353, total loss=9285296717824.0000, content_loss=2007554687.5000, style loss=9283254492187.5000, tv loss=34284068.0000
L-BFGS | iteration: 354, total loss=9265666326528.0000, content_loss=2008238281.2500, style loss=9263623242187.5000, tv loss=34280552.0000
L-BFGS | iteration: 355, total loss=9247307857920.0000, content_loss=2008404882.8125, style loss=9245265234375.0000, tv loss=34293768.0000
L-BFGS | iteration: 356, total loss=9230582022144.0000, content_loss=2008760156.2500, style loss=9228538476562.5000, tv loss=34297912.0000
L-BFGS | iteration: 357, total loss=9197953482752.0000, content_loss=2008981835.9375, style loss=9195909375000.0000, tv loss=34312448.0000
L-BFGS | iteration: 358, total loss=9170803752960.0000, content_loss=2009230273.4375, style loss=9168760546875.0000, tv loss=34319364.0000
L-BFGS | iteration: 359, total loss=9152188383232.0000, content_loss=2009273437.5000, style loss=9150144726562.5000, tv loss=34323740.0000
L-BFGS | iteration: 360, total loss=9129418555392.0000, content_loss=2009524804.6875, style loss=9127375195312.5000, tv loss=34331840.0000
L-BFGS | iteration: 361, total loss=9103800795136.0000, content_loss=2010011132.8125, style loss=9101756250000.0000, tv loss=34341360.0000
L-BFGS | iteration: 362, total loss=9073591320576.0000, content_loss=2010580664.0625, style loss=9071546484375.0000, tv loss=34359780.0000
L-BFGS | iteration: 363, total loss=9053029793792.0000, content_loss=2011492578.1250, style loss=9050984179687.5000, tv loss=34358544.0000
L-BFGS | iteration: 364, total loss=9041575149568.0000, content_loss=2011344140.6250, style loss=9039529687500.0000, tv loss=34378092.0000
L-BFGS | iteration: 365, total loss=9024418349056.0000, content_loss=2011131445.3125, style loss=9022372851562.5000, tv loss=34369548.0000
L-BFGS | iteration: 366, total loss=9009949048832.0000, content_loss=2010985742.1875, style loss=9007903125000.0000, tv loss=34369952.0000
L-BFGS | iteration: 367, total loss=8990783176704.0000, content_loss=2010830078.1250, style loss=8988737695312.5000, tv loss=34374364.0000
L-BFGS | iteration: 368, total loss=8959077384192.0000, content_loss=2010755273.4375, style loss=8957031445312.5000, tv loss=34392196.0000
L-BFGS | iteration: 369, total loss=8932732960768.0000, content_loss=2011365234.3750, style loss=8930687109375.0000, tv loss=34407260.0000
L-BFGS | iteration: 370, total loss=8912504881152.0000, content_loss=2011728906.2500, style loss=8910457617187.5000, tv loss=34408752.0000
L-BFGS | iteration: 371, total loss=8897808039936.0000, content_loss=2012028125.0000, style loss=8895761132812.5000, tv loss=34417080.0000
L-BFGS | iteration: 372, total loss=8877081886720.0000, content_loss=2012410742.1875, style loss=8875035351562.5000, tv loss=34421240.0000
L-BFGS | iteration: 373, total loss=8853553938432.0000, content_loss=2012431445.3125, style loss=8851507617187.5000, tv loss=34440272.0000
L-BFGS | iteration: 374, total loss=8833254555648.0000, content_loss=2012394140.6250, style loss=8831207812500.0000, tv loss=34437248.0000
L-BFGS | iteration: 375, total loss=8817648599040.0000, content_loss=2012305664.0625, style loss=8815601367187.5000, tv loss=34445296.0000
L-BFGS | iteration: 376, total loss=8797896572928.0000, content_loss=2012098046.8750, style loss=8795850000000.0000, tv loss=34446896.0000
L-BFGS | iteration: 377, total loss=8772442390528.0000, content_loss=2012656835.9375, style loss=8770395117187.5000, tv loss=34460488.0000
L-BFGS | iteration: 378, total loss=8752672538624.0000, content_loss=2012873046.8750, style loss=8750625000000.0000, tv loss=34464940.0000
L-BFGS | iteration: 379, total loss=8731926986752.0000, content_loss=2013002929.6875, style loss=8729879882812.5000, tv loss=34476544.0000
L-BFGS | iteration: 380, total loss=8709839781888.0000, content_loss=2013427539.0625, style loss=8707791796875.0000, tv loss=34480288.0000
L-BFGS | iteration: 381, total loss=8689278779392.0000, content_loss=2012707617.1875, style loss=8687231250000.0000, tv loss=34495276.0000
L-BFGS | iteration: 382, total loss=8669672505344.0000, content_loss=2012564843.7500, style loss=8667625195312.5000, tv loss=34496704.0000
L-BFGS | iteration: 383, total loss=8647734198272.0000, content_loss=2012799414.0625, style loss=8645687109375.0000, tv loss=34507120.0000
L-BFGS | iteration: 384, total loss=8629414002688.0000, content_loss=2012901953.1250, style loss=8627366601562.5000, tv loss=34504208.0000
L-BFGS | iteration: 385, total loss=8611142041600.0000, content_loss=2012920507.8125, style loss=8609094726562.5000, tv loss=34517512.0000
L-BFGS | iteration: 386, total loss=8594329698304.0000, content_loss=2013585546.8750, style loss=8592281250000.0000, tv loss=34520724.0000
L-BFGS | iteration: 387, total loss=8583779450880.0000, content_loss=2013986523.4375, style loss=8581730859375.0000, tv loss=34525408.0000
L-BFGS | iteration: 388, total loss=8565342863360.0000, content_loss=2014319531.2500, style loss=8563293750000.0000, tv loss=34532100.0000
L-BFGS | iteration: 389, total loss=8539719335936.0000, content_loss=2014833593.7500, style loss=8537670117187.5000, tv loss=34543952.0000
L-BFGS | iteration: 390, total loss=8519612891136.0000, content_loss=2014774414.0625, style loss=8517563671875.0000, tv loss=34551128.0000
L-BFGS | iteration: 391, total loss=8502988242944.0000, content_loss=2014711914.0625, style loss=8500938867187.5000, tv loss=34558584.0000
L-BFGS | iteration: 392, total loss=8487043072000.0000, content_loss=2014876562.5000, style loss=8484993750000.0000, tv loss=34559824.0000
L-BFGS | iteration: 393, total loss=8469002321920.0000, content_loss=2014676953.1250, style loss=8466952734375.0000, tv loss=34576724.0000
L-BFGS | iteration: 394, total loss=8448488505344.0000, content_loss=2015128906.2500, style loss=8446438476562.5000, tv loss=34573056.0000
L-BFGS | iteration: 395, total loss=8431545614336.0000, content_loss=2015443359.3750, style loss=8429495507812.5000, tv loss=34582448.0000
L-BFGS | iteration: 396, total loss=8420590616576.0000, content_loss=2015420312.5000, style loss=8418540820312.5000, tv loss=34583692.0000
L-BFGS | iteration: 397, total loss=8406965420032.0000, content_loss=2015371484.3750, style loss=8404915429687.5000, tv loss=34590044.0000
L-BFGS | iteration: 398, total loss=8384259031040.0000, content_loss=2015405664.0625, style loss=8382209179687.5000, tv loss=34598880.0000
L-BFGS | iteration: 399, total loss=8375076126720.0000, content_loss=2015269335.9375, style loss=8373026367187.5000, tv loss=34620956.0000
L-BFGS | iteration: 400, total loss=8348717547520.0000, content_loss=2015515039.0625, style loss=8346667382812.5000, tv loss=34612656.0000
L-BFGS | iteration: 401, total loss=8340779302912.0000, content_loss=2015410546.8750, style loss=8338729101562.5000, tv loss=34618464.0000
L-BFGS | iteration: 402, total loss=8331032788992.0000, content_loss=2015600390.6250, style loss=8328982617187.5000, tv loss=34617752.0000
L-BFGS | iteration: 403, total loss=8312290541568.0000, content_loss=2015697460.9375, style loss=8310240234375.0000, tv loss=34624428.0000
L-BFGS | iteration: 404, total loss=8286106550272.0000, content_loss=2015112695.3125, style loss=8284056445312.5000, tv loss=34632592.0000
L-BFGS | iteration: 405, total loss=8268390858752.0000, content_loss=2015649609.3750, style loss=8266340625000.0000, tv loss=34646076.0000
L-BFGS | iteration: 406, total loss=8253079552000.0000, content_loss=2015445312.5000, style loss=8251029492187.5000, tv loss=34644024.0000
L-BFGS | iteration: 407, total loss=8235645403136.0000, content_loss=2015446289.0625, style loss=8233595507812.5000, tv loss=34652672.0000
L-BFGS | iteration: 408, total loss=8218623868928.0000, content_loss=2015736523.4375, style loss=8216573437500.0000, tv loss=34656392.0000
L-BFGS | iteration: 409, total loss=8201029812224.0000, content_loss=2015951367.1875, style loss=8198979492187.5000, tv loss=34671556.0000
L-BFGS | iteration: 410, total loss=8184519983104.0000, content_loss=2016740820.3125, style loss=8182468359375.0000, tv loss=34676416.0000
L-BFGS | iteration: 411, total loss=8169931669504.0000, content_loss=2016534179.6875, style loss=8167880859375.0000, tv loss=34689152.0000
L-BFGS | iteration: 412, total loss=8154143260672.0000, content_loss=2016656250.0000, style loss=8152092187500.0000, tv loss=34688240.0000
L-BFGS | iteration: 413, total loss=8132692541440.0000, content_loss=2016516992.1875, style loss=8130641601562.5000, tv loss=34695872.0000
L-BFGS | iteration: 414, total loss=8114407997440.0000, content_loss=2016753710.9375, style loss=8112356250000.0000, tv loss=34697092.0000
L-BFGS | iteration: 415, total loss=8098618540032.0000, content_loss=2016857226.5625, style loss=8096566992187.5000, tv loss=34706080.0000
L-BFGS | iteration: 416, total loss=8082627756032.0000, content_loss=2017104492.1875, style loss=8080576171875.0000, tv loss=34714848.0000
L-BFGS | iteration: 417, total loss=8063084920832.0000, content_loss=2017946484.3750, style loss=8061032226562.5000, tv loss=34723572.0000
L-BFGS | iteration: 418, total loss=8043933204480.0000, content_loss=2017925781.2500, style loss=8041880859375.0000, tv loss=34731452.0000
L-BFGS | iteration: 419, total loss=8031524356096.0000, content_loss=2017972656.2500, style loss=8029471875000.0000, tv loss=34739984.0000
L-BFGS | iteration: 420, total loss=8024226791424.0000, content_loss=2018359570.3125, style loss=8022173437500.0000, tv loss=34732784.0000
L-BFGS | iteration: 421, total loss=8012075892736.0000, content_loss=2018134179.6875, style loss=8010023437500.0000, tv loss=34741948.0000
L-BFGS | iteration: 422, total loss=8002878308352.0000, content_loss=2018047460.9375, style loss=8000825976562.5000, tv loss=34745916.0000
L-BFGS | iteration: 423, total loss=7986515279872.0000, content_loss=2018084179.6875, style loss=7984462500000.0000, tv loss=34751168.0000
L-BFGS | iteration: 424, total loss=7966155079680.0000, content_loss=2018474414.0625, style loss=7964101757812.5000, tv loss=34760196.0000
L-BFGS | iteration: 425, total loss=7948716736512.0000, content_loss=2018531835.9375, style loss=7946663671875.0000, tv loss=34764780.0000
L-BFGS | iteration: 426, total loss=7936189923328.0000, content_loss=2018658984.3750, style loss=7934136914062.5000, tv loss=34771468.0000
L-BFGS | iteration: 427, total loss=7922749800448.0000, content_loss=2018754296.8750, style loss=7920696679687.5000, tv loss=34778304.0000
L-BFGS | iteration: 428, total loss=7904359350272.0000, content_loss=2018565820.3125, style loss=7902306445312.5000, tv loss=34787520.0000
L-BFGS | iteration: 429, total loss=7887118139392.0000, content_loss=2018495507.8125, style loss=7885065234375.0000, tv loss=34796404.0000
L-BFGS | iteration: 430, total loss=7874861334528.0000, content_loss=2018706250.0000, style loss=7872808007812.5000, tv loss=34794752.0000
L-BFGS | iteration: 431, total loss=7867424309248.0000, content_loss=2018486914.0625, style loss=7865371289062.5000, tv loss=34809136.0000
L-BFGS | iteration: 432, total loss=7856916529152.0000, content_loss=2018625000.0000, style loss=7854863671875.0000, tv loss=34801428.0000
L-BFGS | iteration: 433, total loss=7846224199680.0000, content_loss=2018767773.4375, style loss=7844170898437.5000, tv loss=34801156.0000
L-BFGS | iteration: 434, total loss=7831104782336.0000, content_loss=2018969531.2500, style loss=7829051367187.5000, tv loss=34808088.0000
L-BFGS | iteration: 435, total loss=7814145638400.0000, content_loss=2019103906.2500, style loss=7812091992187.5000, tv loss=34818228.0000
L-BFGS | iteration: 436, total loss=7799688921088.0000, content_loss=2019295117.1875, style loss=7797635156250.0000, tv loss=34831600.0000
L-BFGS | iteration: 437, total loss=7789104070656.0000, content_loss=2019260156.2500, style loss=7787050195312.5000, tv loss=34833984.0000
L-BFGS | iteration: 438, total loss=7774652596224.0000, content_loss=2019474218.7500, style loss=7772598632812.5000, tv loss=34839052.0000
L-BFGS | iteration: 439, total loss=7759644327936.0000, content_loss=2019671093.7500, style loss=7757590429687.5000, tv loss=34843144.0000
L-BFGS | iteration: 440, total loss=7748194402304.0000, content_loss=2019597460.9375, style loss=7746140039062.5000, tv loss=34849168.0000
L-BFGS | iteration: 441, total loss=7734364209152.0000, content_loss=2019889648.4375, style loss=7732309570312.5000, tv loss=34853324.0000
L-BFGS | iteration: 442, total loss=7720128741376.0000, content_loss=2019959570.3125, style loss=7718073632812.5000, tv loss=34865980.0000
L-BFGS | iteration: 443, total loss=7706234585088.0000, content_loss=2020253320.3125, style loss=7704179882812.5000, tv loss=34864328.0000
L-BFGS | iteration: 444, total loss=7694134542336.0000, content_loss=2020240625.0000, style loss=7692079101562.5000, tv loss=34873076.0000
L-BFGS | iteration: 445, total loss=7682950430720.0000, content_loss=2020574609.3750, style loss=7680894726562.5000, tv loss=34874240.0000
L-BFGS | iteration: 446, total loss=7668939358208.0000, content_loss=2020557421.8750, style loss=7666883789062.5000, tv loss=34881824.0000
L-BFGS | iteration: 447, total loss=7653197611008.0000, content_loss=2020638281.2500, style loss=7651141992187.5000, tv loss=34888032.0000
L-BFGS | iteration: 448, total loss=7640254513152.0000, content_loss=2020584570.3125, style loss=7638198632812.5000, tv loss=34892932.0000
L-BFGS | iteration: 449, total loss=7629030555648.0000, content_loss=2020514648.4375, style loss=7626975000000.0000, tv loss=34899632.0000
L-BFGS | iteration: 450, total loss=7615113330688.0000, content_loss=2020550195.3125, style loss=7613057812500.0000, tv loss=34903000.0000
L-BFGS | iteration: 451, total loss=7600883630080.0000, content_loss=2020462695.3125, style loss=7598827734375.0000, tv loss=34914740.0000
L-BFGS | iteration: 452, total loss=7589299486720.0000, content_loss=2020906054.6875, style loss=7587243164062.5000, tv loss=34912192.0000
L-BFGS | iteration: 453, total loss=7579727560704.0000, content_loss=2021017773.4375, style loss=7577671289062.5000, tv loss=34920148.0000
L-BFGS | iteration: 454, total loss=7567914827776.0000, content_loss=2021160546.8750, style loss=7565858789062.5000, tv loss=34922672.0000
L-BFGS | iteration: 455, total loss=7552738787328.0000, content_loss=2021304101.5625, style loss=7550682421875.0000, tv loss=34929632.0000
L-BFGS | iteration: 456, total loss=7537720033280.0000, content_loss=2021358203.1250, style loss=7535663671875.0000, tv loss=34935568.0000
L-BFGS | iteration: 457, total loss=7524891754496.0000, content_loss=2021342187.5000, style loss=7522835742187.5000, tv loss=34941416.0000
L-BFGS | iteration: 458, total loss=7511612063744.0000, content_loss=2021251367.1875, style loss=7509556054687.5000, tv loss=34946088.0000
L-BFGS | iteration: 459, total loss=7499885314048.0000, content_loss=2021380078.1250, style loss=7497829101562.5000, tv loss=34957660.0000
L-BFGS | iteration: 460, total loss=7490339602432.0000, content_loss=2021599609.3750, style loss=7488283007812.5000, tv loss=34956056.0000
L-BFGS | iteration: 461, total loss=7481658966016.0000, content_loss=2021330859.3750, style loss=7479602929687.5000, tv loss=34965444.0000
L-BFGS | iteration: 462, total loss=7472760750080.0000, content_loss=2021525585.9375, style loss=7470703710937.5000, tv loss=34966476.0000
L-BFGS | iteration: 463, total loss=7458483339264.0000, content_loss=2021772656.2500, style loss=7456426757812.5000, tv loss=34968616.0000
