C:\Users\user\AppData\Roaming\Python\Python313\site-packages\torchvision\models\_utils.py:208: UserWarning: The parameter 'pretrained' is deprecated since 0.13 and may be removed in the future, please use 'weights' instead.
  warnings.warn(
C:\Users\user\AppData\Roaming\Python\Python313\site-packages\torchvision\models\_utils.py:223: UserWarning: Arguments other than a weight enum or `None` for 'weights' are deprecated since 0.13 and may be removed in the future. The current behavior is equivalent to passing `weights=VGG19_Weights.IMAGENET1K_V1`. You can also use `weights=VGG19_Weights.DEFAULT` to get the most up-to-date weights.
  warnings.warn(msg)
Using VGG19 in the optimization procedure.
L-BFGS | iteration: 000, total loss=56332198348849152.0000, content_loss=      0.0000, style loss=56332200000000000.0000, tv loss=5634247.0000
L-BFGS | iteration: 001, total loss=56332198348849152.0000, content_loss=     44.8356, style loss=56332200000000000.0000, tv loss=5634247.5000
L-BFGS | iteration: 002, total loss=56332103859568640.0000, content_loss=     57.9298, style loss=56332104000000000.0000, tv loss=5634251.5000
L-BFGS | iteration: 003, total loss=56331747377283072.0000, content_loss=     76.0945, style loss=56331748800000000.0000, tv loss=5634271.0000
L-BFGS | iteration: 004, total loss=56329745922523136.0000, content_loss=    152.0465, style loss=56329747200000000.0000, tv loss=5634379.0000
L-BFGS | iteration: 005, total loss=56318755101212672.0000, content_loss=   1422.1526, style loss=56318755200000000.0000, tv loss=5634974.0000
L-BFGS | iteration: 006, total loss=56258784472858624.0000, content_loss=  37466.8270, style loss=56258784000000000.0000, tv loss=5638246.0000
L-BFGS | iteration: 007, total loss=55937233156308992.0000, content_loss=1029697.2275, style loss=55937232000000000.0000, tv loss=5656259.0000
L-BFGS | iteration: 008, total loss=54492217179373568.0000, content_loss=18973654.1748, style loss=54492216000000000.0000, tv loss=5761894.0000
L-BFGS | iteration: 009, total loss=49829781071462400.0000, content_loss=163198059.0820, style loss=49829779200000000.0000, tv loss=6669861.0000
L-BFGS | iteration: 010, total loss=42342368879312896.0000, content_loss=487864550.7812, style loss=42342369600000000.0000, tv loss=8769421.0000
L-BFGS | iteration: 011, total loss=32357173359017984.0000, content_loss=1544187304.6875, style loss=32357172000000000.0000, tv loss=15152640.0000
L-BFGS | iteration: 012, total loss=24569575165132800.0000, content_loss=1829877929.6875, style loss=24569572800000000.0000, tv loss=16283702.0000
L-BFGS | iteration: 013, total loss=17607070253580288.0000, content_loss=1981575976.5625, style loss=17607068400000000.0000, tv loss=16594234.0000
L-BFGS | iteration: 014, total loss=14193672912371712.0000, content_loss=2579351953.1250, style loss=14193670800000000.0000, tv loss=18506382.0000
L-BFGS | iteration: 015, total loss=12546183587168256.0000, content_loss=1912723632.8125, style loss=12546181200000000.0000, tv loss=17636774.0000
L-BFGS | iteration: 016, total loss=9942611993296896.0000, content_loss=2279383203.1250, style loss=9942609600000000.0000, tv loss=18301808.0000
L-BFGS | iteration: 017, total loss=8564143313387520.0000, content_loss=2489152734.3750, style loss=8564140800000000.0000, tv loss=18559056.0000
L-BFGS | iteration: 018, total loss=7181503683362816.0000, content_loss=2391965625.0000, style loss=7181501400000000.0000, tv loss=18590988.0000
L-BFGS | iteration: 019, total loss=5972599238557696.0000, content_loss=2453296093.7500, style loss=5972596800000000.0000, tv loss=19191818.0000
L-BFGS | iteration: 020, total loss=4958694362054656.0000, content_loss=2496333203.1250, style loss=4958691900000000.0000, tv loss=19821044.0000
L-BFGS | iteration: 021, total loss=4147067949678592.0000, content_loss=2482531640.6250, style loss=4147065600000000.0000, tv loss=20089390.0000
L-BFGS | iteration: 022, total loss=3632497850056704.0000, content_loss=2622010351.5625, style loss=3632495100000000.0000, tv loss=20663822.0000
L-BFGS | iteration: 023, total loss=3494098434523136.0000, content_loss=2340312109.3750, style loss=3494096100000000.0000, tv loss=20645882.0000
L-BFGS | iteration: 024, total loss=3155858485673984.0000, content_loss=2487849218.7500, style loss=3155856000000000.0000, tv loss=20516592.0000
L-BFGS | iteration: 025, total loss=2984210117689344.0000, content_loss=2572469531.2500, style loss=2984207400000000.0000, tv loss=20666172.0000
L-BFGS | iteration: 026, total loss=2735933895999488.0000, content_loss=2595752343.7500, style loss=2735931300000000.0000, tv loss=20807904.0000
L-BFGS | iteration: 027, total loss=2558203049017344.0000, content_loss=2472186523.4375, style loss=2558200500000000.0000, tv loss=21246538.0000
L-BFGS | iteration: 028, total loss=2293036600000512.0000, content_loss=2646128320.3125, style loss=2293033950000000.0000, tv loss=21277518.0000
L-BFGS | iteration: 029, total loss=2207053770653696.0000, content_loss=2623643945.3125, style loss=2207051100000000.0000, tv loss=21121364.0000
L-BFGS | iteration: 030, total loss=2043136478019584.0000, content_loss=2560759765.6250, style loss=2043133950000000.0000, tv loss=21201154.0000
L-BFGS | iteration: 031, total loss=1895795343228928.0000, content_loss=2600789453.1250, style loss=1895792850000000.0000, tv loss=21316336.0000
L-BFGS | iteration: 032, total loss=1771411211288576.0000, content_loss=2619284179.6875, style loss=1771408500000000.0000, tv loss=21470922.0000
L-BFGS | iteration: 033, total loss=1624951081664512.0000, content_loss=2626882617.1875, style loss=1624948350000000.0000, tv loss=21660688.0000
L-BFGS | iteration: 034, total loss=1515462164742144.0000, content_loss=2684555859.3750, style loss=1515459450000000.0000, tv loss=21813654.0000
L-BFGS | iteration: 035, total loss=1486865869832192.0000, content_loss=2591019335.9375, style loss=1486863300000000.0000, tv loss=21837820.0000
L-BFGS | iteration: 036, total loss=1415977971482624.0000, content_loss=2644813476.5625, style loss=1415975250000000.0000, tv loss=21713476.0000
L-BFGS | iteration: 037, total loss=1374931640123392.0000, content_loss=2665391992.1875, style loss=1374928950000000.0000, tv loss=21855092.0000
L-BFGS | iteration: 038, total loss=1283018266247168.0000, content_loss=2655388085.9375, style loss=1283015550000000.0000, tv loss=21971904.0000
L-BFGS | iteration: 039, total loss=1213259944296448.0000, content_loss=2707623828.1250, style loss=1213257225000000.0000, tv loss=22076700.0000
L-BFGS | iteration: 040, total loss=1165589296971776.0000, content_loss=2660560351.5625, style loss=1165586625000000.0000, tv loss=22022254.0000
L-BFGS | iteration: 041, total loss=1123820203147264.0000, content_loss=2674879882.8125, style loss=1123817550000000.0000, tv loss=22092318.0000
L-BFGS | iteration: 042, total loss=1064557640417280.0000, content_loss=2714597851.5625, style loss=1064554950000000.0000, tv loss=22207196.0000
L-BFGS | iteration: 043, total loss=1018207829753856.0000, content_loss=2686337890.6250, style loss=1018205175000000.0000, tv loss=22263298.0000
L-BFGS | iteration: 044, total loss=977732460609536.0000, content_loss=2723588476.5625, style loss=977729700000000.0000, tv loss=22305300.0000
L-BFGS | iteration: 045, total loss=955410240503808.0000, content_loss=2702478906.2500, style loss=955407525000000.0000, tv loss=22437708.0000
L-BFGS | iteration: 046, total loss=910861296205824.0000, content_loss=2734458203.1250, style loss=910858575000000.0000, tv loss=22453748.0000
L-BFGS | iteration: 047, total loss=884234378018816.0000, content_loss=2725032226.5625, style loss=884231625000000.0000, tv loss=22437128.0000
L-BFGS | iteration: 048, total loss=860287452315648.0000, content_loss=2713000585.9375, style loss=860284800000000.0000, tv loss=22530508.0000
L-BFGS | iteration: 049, total loss=823451195539456.0000, content_loss=2747270117.1875, style loss=823448475000000.0000, tv loss=22559674.0000
L-BFGS | iteration: 050, total loss=793677274284032.0000, content_loss=2736284375.0000, style loss=793674525000000.0000, tv loss=22508544.0000
L-BFGS | iteration: 051, total loss=766536637743104.0000, content_loss=2761845312.5000, style loss=766533900000000.0000, tv loss=22600060.0000
L-BFGS | iteration: 052, total loss=751812885872640.0000, content_loss=2730384570.3125, style loss=751810125000000.0000, tv loss=22588084.0000
L-BFGS | iteration: 053, total loss=729913854263296.0000, content_loss=2746403320.3125, style loss=729911100000000.0000, tv loss=22563694.0000
L-BFGS | iteration: 054, total loss=712200603828224.0000, content_loss=2768539453.1250, style loss=712197825000000.0000, tv loss=22798468.0000
L-BFGS | iteration: 055, total loss=685984123453440.0000, content_loss=2776672265.6250, style loss=685981350000000.0000, tv loss=22799852.0000
L-BFGS | iteration: 056, total loss=659658054303744.0000, content_loss=2765648242.1875, style loss=659655300000000.0000, tv loss=22916982.0000
L-BFGS | iteration: 057, total loss=643639302684672.0000, content_loss=2791878125.0000, style loss=643636500000000.0000, tv loss=22863856.0000
L-BFGS | iteration: 058, total loss=639793763450880.0000, content_loss=2773400585.9375, style loss=639791025000000.0000, tv loss=22933230.0000
L-BFGS | iteration: 059, total loss=635765352562688.0000, content_loss=2782113281.2500, style loss=635762625000000.0000, tv loss=22901404.0000
L-BFGS | iteration: 060, total loss=621432442716160.0000, content_loss=2778494726.5625, style loss=621429675000000.0000, tv loss=22933732.0000
L-BFGS | iteration: 061, total loss=595791890612224.0000, content_loss=2795088671.8750, style loss=595789087500000.0000, tv loss=23028700.0000
L-BFGS | iteration: 062, total loss=572395056267264.0000, content_loss=2775020117.1875, style loss=572392312500000.0000, tv loss=22950528.0000
L-BFGS | iteration: 063, total loss=554758410600448.0000, content_loss=2815831445.3125, style loss=554755575000000.0000, tv loss=23149242.0000
L-BFGS | iteration: 064, total loss=543617500315648.0000, content_loss=2826551562.5000, style loss=543614662500000.0000, tv loss=23125464.0000
L-BFGS | iteration: 065, total loss=532849010671616.0000, content_loss=2780295898.4375, style loss=532846200000000.0000, tv loss=23192774.0000
L-BFGS | iteration: 066, total loss=524651730042880.0000, content_loss=2804975390.6250, style loss=524648887500000.0000, tv loss=23184324.0000
L-BFGS | iteration: 067, total loss=518031541272576.0000, content_loss=2820001367.1875, style loss=518028675000000.0000, tv loss=23215788.0000
L-BFGS | iteration: 068, total loss=505302701047808.0000, content_loss=2827130078.1250, style loss=505299862500000.0000, tv loss=23282402.0000
L-BFGS | iteration: 069, total loss=486990168457216.0000, content_loss=2820074414.0625, style loss=486987300000000.0000, tv loss=23387586.0000
L-BFGS | iteration: 070, total loss=470237178757120.0000, content_loss=2847331250.0000, style loss=470234287500000.0000, tv loss=23330168.0000
L-BFGS | iteration: 071, total loss=464087959994368.0000, content_loss=2828274609.3750, style loss=464085112500000.0000, tv loss=23439486.0000
L-BFGS | iteration: 072, total loss=455408435068928.0000, content_loss=2830048046.8750, style loss=455405587500000.0000, tv loss=23429320.0000
L-BFGS | iteration: 073, total loss=446823869186048.0000, content_loss=2834070898.4375, style loss=446821012500000.0000, tv loss=23391902.0000
L-BFGS | iteration: 074, total loss=437502313758720.0000, content_loss=2839000195.3125, style loss=437499412500000.0000, tv loss=23552024.0000
L-BFGS | iteration: 075, total loss=421648213737472.0000, content_loss=2854253710.9375, style loss=421645312500000.0000, tv loss=23444032.0000
L-BFGS | iteration: 076, total loss=414589401432064.0000, content_loss=2835827929.6875, style loss=414586500000000.0000, tv loss=23472400.0000
L-BFGS | iteration: 077, total loss=407813218107392.0000, content_loss=2842689257.8125, style loss=407810325000000.0000, tv loss=23608236.0000
L-BFGS | iteration: 078, total loss=395401500819456.0000, content_loss=2852614453.1250, style loss=395398612500000.0000, tv loss=23674728.0000
L-BFGS | iteration: 079, total loss=384486646743040.0000, content_loss=2875049414.0625, style loss=384483712500000.0000, tv loss=23761680.0000
L-BFGS | iteration: 080, total loss=376222861230080.0000, content_loss=2853439648.4375, style loss=376219987500000.0000, tv loss=23723838.0000
L-BFGS | iteration: 081, total loss=372405071511552.0000, content_loss=2861040234.3750, style loss=372402187500000.0000, tv loss=23672784.0000
L-BFGS | iteration: 082, total loss=364940686786560.0000, content_loss=2862968750.0000, style loss=364937812500000.0000, tv loss=23763870.0000
L-BFGS | iteration: 083, total loss=358659230007296.0000, content_loss=2867707031.2500, style loss=358656337500000.0000, tv loss=23803986.0000
L-BFGS | iteration: 084, total loss=351502942076928.0000, content_loss=2875685156.2500, style loss=351500025000000.0000, tv loss=23810296.0000
L-BFGS | iteration: 085, total loss=344441143427072.0000, content_loss=2858800390.6250, style loss=344438250000000.0000, tv loss=23877656.0000
L-BFGS | iteration: 086, total loss=334633149399040.0000, content_loss=2879586328.1250, style loss=334630237500000.0000, tv loss=23864448.0000
L-BFGS | iteration: 087, total loss=330722279686144.0000, content_loss=2880495703.1250, style loss=330719362500000.0000, tv loss=23898492.0000
L-BFGS | iteration: 088, total loss=324354185363456.0000, content_loss=2876130664.0625, style loss=324351262500000.0000, tv loss=23990636.0000
L-BFGS | iteration: 089, total loss=317166188494848.0000, content_loss=2896752343.7500, style loss=317163262500000.0000, tv loss=23996076.0000
L-BFGS | iteration: 090, total loss=312399479439360.0000, content_loss=2888676562.5000, style loss=312396543750000.0000, tv loss=23995692.0000
L-BFGS | iteration: 091, total loss=306862863941632.0000, content_loss=2884640039.0625, style loss=306859950000000.0000, tv loss=24018176.0000
L-BFGS | iteration: 092, total loss=300554127409152.0000, content_loss=2887047265.6250, style loss=300551193750000.0000, tv loss=24016364.0000
L-BFGS | iteration: 093, total loss=294520637882368.0000, content_loss=2901106250.0000, style loss=294517706250000.0000, tv loss=24221152.0000
L-BFGS | iteration: 094, total loss=286958106443776.0000, content_loss=2897212109.3750, style loss=286955193750000.0000, tv loss=24122588.0000
L-BFGS | iteration: 095, total loss=283483746336768.0000, content_loss=2889961132.8125, style loss=283480837500000.0000, tv loss=24122680.0000
L-BFGS | iteration: 096, total loss=279936271122432.0000, content_loss=2909960546.8750, style loss=279933356250000.0000, tv loss=24175476.0000
L-BFGS | iteration: 097, total loss=276442919206912.0000, content_loss=2903317968.7500, style loss=276440006250000.0000, tv loss=24208752.0000
L-BFGS | iteration: 098, total loss=273260348440576.0000, content_loss=2898112890.6250, style loss=273257437500000.0000, tv loss=24213334.0000
L-BFGS | iteration: 099, total loss=268763232468992.0000, content_loss=2897940820.3125, style loss=268760306250000.0000, tv loss=24241500.0000
L-BFGS | iteration: 100, total loss=261473683111936.0000, content_loss=2896884960.9375, style loss=261470756250000.0000, tv loss=24283536.0000
L-BFGS | iteration: 101, total loss=254836532576256.0000, content_loss=2919432812.5000, style loss=254833593750000.0000, tv loss=24312012.0000
L-BFGS | iteration: 102, total loss=252625547165696.0000, content_loss=2909878125.0000, style loss=252622631250000.0000, tv loss=24406054.0000
L-BFGS | iteration: 103, total loss=249004587745280.0000, content_loss=2906810742.1875, style loss=249001668750000.0000, tv loss=24356364.0000
L-BFGS | iteration: 104, total loss=245101586546688.0000, content_loss=2917951953.1250, style loss=245098650000000.0000, tv loss=24378628.0000
L-BFGS | iteration: 105, total loss=241819124236288.0000, content_loss=2908975585.9375, style loss=241816200000000.0000, tv loss=24426934.0000
L-BFGS | iteration: 106, total loss=237942211608576.0000, content_loss=2922671679.6875, style loss=237939281250000.0000, tv loss=24440526.0000
L-BFGS | iteration: 107, total loss=235445996748800.0000, content_loss=2921925781.2500, style loss=235443056250000.0000, tv loss=24441770.0000
L-BFGS | iteration: 108, total loss=232028561735680.0000, content_loss=2911921289.0625, style loss=232025625000000.0000, tv loss=24538300.0000
L-BFGS | iteration: 109, total loss=227018566270976.0000, content_loss=2928795507.8125, style loss=227015606250000.0000, tv loss=24473928.0000
L-BFGS | iteration: 110, total loss=224701817290752.0000, content_loss=2932302343.7500, style loss=224698856250000.0000, tv loss=24515014.0000
L-BFGS | iteration: 111, total loss=222981280235520.0000, content_loss=2922018554.6875, style loss=222978337500000.0000, tv loss=24593542.0000
L-BFGS | iteration: 112, total loss=219640483545088.0000, content_loss=2932359179.6875, style loss=219637537500000.0000, tv loss=24575516.0000
L-BFGS | iteration: 113, total loss=217103600713728.0000, content_loss=2934345117.1875, style loss=217100643750000.0000, tv loss=24577584.0000
L-BFGS | iteration: 114, total loss=212215978262528.0000, content_loss=2926489453.1250, style loss=212213043750000.0000, tv loss=24654646.0000
L-BFGS | iteration: 115, total loss=208554317316096.0000, content_loss=2933591210.9375, style loss=208551356250000.0000, tv loss=24621040.0000
L-BFGS | iteration: 116, total loss=205543813677056.0000, content_loss=2935632421.8750, style loss=205540856250000.0000, tv loss=24678554.0000
L-BFGS | iteration: 117, total loss=201056260718592.0000, content_loss=2930230273.4375, style loss=201053306250000.0000, tv loss=24754206.0000
L-BFGS | iteration: 118, total loss=197489642700800.0000, content_loss=2951842578.1250, style loss=197486681250000.0000, tv loss=24759946.0000
L-BFGS | iteration: 119, total loss=195864282791936.0000, content_loss=2940772656.2500, style loss=195861337500000.0000, tv loss=24723610.0000
L-BFGS | iteration: 120, total loss=194670533541888.0000, content_loss=2935316992.1875, style loss=194667581250000.0000, tv loss=24697534.0000
L-BFGS | iteration: 121, total loss=192936625045504.0000, content_loss=2938131640.6250, style loss=192933675000000.0000, tv loss=24760912.0000
L-BFGS | iteration: 122, total loss=190320721526784.0000, content_loss=2949121875.0000, style loss=190317750000000.0000, tv loss=24819676.0000
L-BFGS | iteration: 123, total loss=188068699045888.0000, content_loss=2951898828.1250, style loss=188065725000000.0000, tv loss=24832384.0000
L-BFGS | iteration: 124, total loss=186043873624064.0000, content_loss=2935352539.0625, style loss=186040912500000.0000, tv loss=24877288.0000
L-BFGS | iteration: 125, total loss=182781191651328.0000, content_loss=2946031054.6875, style loss=182778225000000.0000, tv loss=24851460.0000
L-BFGS | iteration: 126, total loss=181321724854272.0000, content_loss=2949907031.2500, style loss=181318762500000.0000, tv loss=24882718.0000
L-BFGS | iteration: 127, total loss=179178771054592.0000, content_loss=2949222460.9375, style loss=179175806250000.0000, tv loss=24936030.0000
L-BFGS | iteration: 128, total loss=176711295565824.0000, content_loss=2955591210.9375, style loss=176708325000000.0000, tv loss=24928684.0000
L-BFGS | iteration: 129, total loss=174025246507008.0000, content_loss=2949555664.0625, style loss=174022275000000.0000, tv loss=24920820.0000
L-BFGS | iteration: 130, total loss=171528746434560.0000, content_loss=2949778320.3125, style loss=171525768750000.0000, tv loss=24916890.0000
L-BFGS | iteration: 131, total loss=169287343931392.0000, content_loss=2947520703.1250, style loss=169284375000000.0000, tv loss=24983440.0000
L-BFGS | iteration: 132, total loss=166239812976640.0000, content_loss=2957943164.0625, style loss=166236843750000.0000, tv loss=24978088.0000
L-BFGS | iteration: 133, total loss=165092956045312.0000, content_loss=2951657812.5000, style loss=165089981250000.0000, tv loss=25001852.0000
L-BFGS | iteration: 134, total loss=163848489271296.0000, content_loss=2951369140.6250, style loss=163845525000000.0000, tv loss=25013710.0000
L-BFGS | iteration: 135, total loss=161013475311616.0000, content_loss=2957192187.5000, style loss=161010506250000.0000, tv loss=25057042.0000
L-BFGS | iteration: 136, total loss=158923621400576.0000, content_loss=2953701953.1250, style loss=158920650000000.0000, tv loss=25084382.0000
L-BFGS | iteration: 137, total loss=156808081571840.0000, content_loss=2960482031.2500, style loss=156805115625000.0000, tv loss=25133726.0000
L-BFGS | iteration: 138, total loss=155432635072512.0000, content_loss=2975597656.2500, style loss=155429653125000.0000, tv loss=25106078.0000
L-BFGS | iteration: 139, total loss=153947851456512.0000, content_loss=2968803320.3125, style loss=153944868750000.0000, tv loss=25122200.0000
L-BFGS | iteration: 140, total loss=152704273874944.0000, content_loss=2960864257.8125, style loss=152701303125000.0000, tv loss=25134064.0000
L-BFGS | iteration: 141, total loss=151610802044928.0000, content_loss=2960114843.7500, style loss=151607840625000.0000, tv loss=25133516.0000
L-BFGS | iteration: 142, total loss=149476152967168.0000, content_loss=2962072851.5625, style loss=149473171875000.0000, tv loss=25158204.0000
L-BFGS | iteration: 143, total loss=147006697766912.0000, content_loss=2970244531.2500, style loss=147003703125000.0000, tv loss=25138322.0000
L-BFGS | iteration: 144, total loss=145797496700928.0000, content_loss=2967940625.0000, style loss=145794496875000.0000, tv loss=25167954.0000
L-BFGS | iteration: 145, total loss=144098031828992.0000, content_loss=2968685156.2500, style loss=144095025000000.0000, tv loss=25221472.0000
L-BFGS | iteration: 146, total loss=142034685919232.0000, content_loss=2967378320.3125, style loss=142031690625000.0000, tv loss=25214572.0000
L-BFGS | iteration: 147, total loss=140580126457856.0000, content_loss=2981515820.3125, style loss=140577121875000.0000, tv loss=25349506.0000
L-BFGS | iteration: 148, total loss=138537542352896.0000, content_loss=2972785546.8750, style loss=138534543750000.0000, tv loss=25297348.0000
L-BFGS | iteration: 149, total loss=137173168816128.0000, content_loss=2969755468.7500, style loss=137170171875000.0000, tv loss=25268896.0000
L-BFGS | iteration: 150, total loss=135392351223808.0000, content_loss=2969979101.5625, style loss=135389353125000.0000, tv loss=25282254.0000
L-BFGS | iteration: 151, total loss=133420097208320.0000, content_loss=2977457617.1875, style loss=133417096875000.0000, tv loss=25283294.0000
L-BFGS | iteration: 152, total loss=132599531962368.0000, content_loss=2971147656.2500, style loss=132596540625000.0000, tv loss=25357704.0000
L-BFGS | iteration: 153, total loss=132857993363456.0000, content_loss=2977790429.6875, style loss=132854990625000.0000, tv loss=25358426.0000
L-BFGS | iteration: 154, total loss=131761778458624.0000, content_loss=2974485937.5000, style loss=131758771875000.0000, tv loss=25357456.0000
L-BFGS | iteration: 155, total loss=130783498993664.0000, content_loss=2978083007.8125, style loss=130780500000000.0000, tv loss=25349104.0000
L-BFGS | iteration: 156, total loss=129728245661696.0000, content_loss=2977983007.8125, style loss=129725240625000.0000, tv loss=25349416.0000
L-BFGS | iteration: 157, total loss=128421703188480.0000, content_loss=2976732812.5000, style loss=128418703125000.0000, tv loss=25356228.0000
L-BFGS | iteration: 158, total loss=126332075769856.0000, content_loss=2976423437.5000, style loss=126329071875000.0000, tv loss=25372330.0000
L-BFGS | iteration: 159, total loss=125060346019840.0000, content_loss=2986063281.2500, style loss=125057334375000.0000, tv loss=25419156.0000
L-BFGS | iteration: 160, total loss=123681636352000.0000, content_loss=2982751367.1875, style loss=123678628125000.0000, tv loss=25396328.0000
L-BFGS | iteration: 161, total loss=123455445925888.0000, content_loss=2976869140.6250, style loss=123452446875000.0000, tv loss=25427308.0000
L-BFGS | iteration: 162, total loss=123155930677248.0000, content_loss=2979481054.6875, style loss=123152925000000.0000, tv loss=25414036.0000
L-BFGS | iteration: 163, total loss=122304117866496.0000, content_loss=2982945312.5000, style loss=122301103125000.0000, tv loss=25425908.0000
L-BFGS | iteration: 164, total loss=120822362537984.0000, content_loss=2983846484.3750, style loss=120819346875000.0000, tv loss=25444992.0000
L-BFGS | iteration: 165, total loss=119357636083712.0000, content_loss=2996408203.1250, style loss=119354615625000.0000, tv loss=25497082.0000
L-BFGS | iteration: 166, total loss=118369877491712.0000, content_loss=2990160351.5625, style loss=118366865625000.0000, tv loss=25485036.0000
L-BFGS | iteration: 167, total loss=117242943504384.0000, content_loss=2987057226.5625, style loss=117239934375000.0000, tv loss=25472744.0000
L-BFGS | iteration: 168, total loss=116825157271552.0000, content_loss=2983914453.1250, style loss=116822146875000.0000, tv loss=25501132.0000
L-BFGS | iteration: 169, total loss=116454976389120.0000, content_loss=2985755468.7500, style loss=116451965625000.0000, tv loss=25489180.0000
L-BFGS | iteration: 170, total loss=115057937612800.0000, content_loss=2991792968.7500, style loss=115054921875000.0000, tv loss=25476654.0000
L-BFGS | iteration: 171, total loss=114083751788544.0000, content_loss=2990514648.4375, style loss=114080737500000.0000, tv loss=25505140.0000
L-BFGS | iteration: 172, total loss=112918918070272.0000, content_loss=2989253906.2500, style loss=112915903125000.0000, tv loss=25528352.0000
L-BFGS | iteration: 173, total loss=111747675455488.0000, content_loss=2998087890.6250, style loss=111744656250000.0000, tv loss=25544132.0000
L-BFGS | iteration: 174, total loss=111144870084608.0000, content_loss=2992753710.9375, style loss=111141853125000.0000, tv loss=25569688.0000
L-BFGS | iteration: 175, total loss=110396899852288.0000, content_loss=2992451562.5000, style loss=110393878125000.0000, tv loss=25560322.0000
L-BFGS | iteration: 176, total loss=109528418877440.0000, content_loss=2994446289.0625, style loss=109525396875000.0000, tv loss=25567680.0000
L-BFGS | iteration: 177, total loss=108518447251456.0000, content_loss=2995508984.3750, style loss=108515428125000.0000, tv loss=25570484.0000
L-BFGS | iteration: 178, total loss=107423742296064.0000, content_loss=2998419531.2500, style loss=107420718750000.0000, tv loss=25586776.0000
L-BFGS | iteration: 179, total loss=106413334462464.0000, content_loss=2992462109.3750, style loss=106410318750000.0000, tv loss=25603772.0000
L-BFGS | iteration: 180, total loss=105490772131840.0000, content_loss=2996320703.1250, style loss=105487753125000.0000, tv loss=25595736.0000
L-BFGS | iteration: 181, total loss=104805179588608.0000, content_loss=2997178125.0000, style loss=104802159375000.0000, tv loss=25633710.0000
L-BFGS | iteration: 182, total loss=104020517584896.0000, content_loss=2999989453.1250, style loss=104017490625000.0000, tv loss=25637232.0000
L-BFGS | iteration: 183, total loss=102870640754688.0000, content_loss=2999354492.1875, style loss=102867609375000.0000, tv loss=25635108.0000
L-BFGS | iteration: 184, total loss=101845636743168.0000, content_loss=3004914843.7500, style loss=101842612500000.0000, tv loss=25647704.0000
L-BFGS | iteration: 185, total loss=101917812326400.0000, content_loss=2995815820.3125, style loss=101914790625000.0000, tv loss=25672424.0000
L-BFGS | iteration: 186, total loss=101325803094016.0000, content_loss=3000641210.9375, style loss=101322778125000.0000, tv loss=25659498.0000
L-BFGS | iteration: 187, total loss=100606547066880.0000, content_loss=2997749609.3750, style loss=100603528125000.0000, tv loss=25643908.0000
L-BFGS | iteration: 188, total loss=99693522583552.0000, content_loss=2998258203.1250, style loss=99690506250000.0000, tv loss=25654876.0000
L-BFGS | iteration: 189, total loss=98580949893120.0000, content_loss=2996753320.3125, style loss=98577928125000.0000, tv loss=25676888.0000
L-BFGS | iteration: 190, total loss=97637927747584.0000, content_loss=3004597460.9375, style loss=97634896875000.0000, tv loss=25702972.0000
L-BFGS | iteration: 191, total loss=97098431201280.0000, content_loss=3007000390.6250, style loss=97095403125000.0000, tv loss=25699012.0000
L-BFGS | iteration: 192, total loss=97007582576640.0000, content_loss=2998214257.8125, style loss=97004559375000.0000, tv loss=25740320.0000
L-BFGS | iteration: 193, total loss=96471315644416.0000, content_loss=3002713476.5625, style loss=96468290625000.0000, tv loss=25720948.0000
L-BFGS | iteration: 194, total loss=96004531552256.0000, content_loss=3005179492.1875, style loss=96001500000000.0000, tv loss=25724388.0000
L-BFGS | iteration: 195, total loss=95054454587392.0000, content_loss=3006820507.8125, style loss=95051428125000.0000, tv loss=25725756.0000
L-BFGS | iteration: 196, total loss=94054943555584.0000, content_loss=3008254296.8750, style loss=94051903125000.0000, tv loss=25751344.0000
L-BFGS | iteration: 197, total loss=92932220649472.0000, content_loss=3006010156.2500, style loss=92929190625000.0000, tv loss=25742224.0000
L-BFGS | iteration: 198, total loss=92211790217216.0000, content_loss=3008772851.5625, style loss=92208750000000.0000, tv loss=25772262.0000
L-BFGS | iteration: 199, total loss=91550566580224.0000, content_loss=3006375781.2500, style loss=91547540625000.0000, tv loss=25776688.0000
L-BFGS | iteration: 200, total loss=91234651602944.0000, content_loss=3012963281.2500, style loss=91231612500000.0000, tv loss=25763652.0000
L-BFGS | iteration: 201, total loss=90759881555968.0000, content_loss=3007583984.3750, style loss=90756843750000.0000, tv loss=25806920.0000
L-BFGS | iteration: 202, total loss=90227288834048.0000, content_loss=3010550585.9375, style loss=90224250000000.0000, tv loss=25801400.0000
L-BFGS | iteration: 203, total loss=89820701392896.0000, content_loss=3011060937.5000, style loss=89817665625000.0000, tv loss=25788612.0000
L-BFGS | iteration: 204, total loss=89145217122304.0000, content_loss=3010009375.0000, style loss=89142178125000.0000, tv loss=25786456.0000
L-BFGS | iteration: 205, total loss=88389386764288.0000, content_loss=3009280078.1250, style loss=88386346875000.0000, tv loss=25794864.0000
L-BFGS | iteration: 206, total loss=87246002716672.0000, content_loss=3008759570.3125, style loss=87242962500000.0000, tv loss=25835238.0000
L-BFGS | iteration: 207, total loss=86530773221376.0000, content_loss=3015219531.2500, style loss=86527734375000.0000, tv loss=25815800.0000
L-BFGS | iteration: 208, total loss=85799043334144.0000, content_loss=3013078125.0000, style loss=85796006250000.0000, tv loss=25844078.0000
L-BFGS | iteration: 209, total loss=85464631476224.0000, content_loss=3015019335.9375, style loss=85461590625000.0000, tv loss=25860874.0000
L-BFGS | iteration: 210, total loss=85144673189888.0000, content_loss=3012298828.1250, style loss=85141640625000.0000, tv loss=25871690.0000
L-BFGS | iteration: 211, total loss=84716468305920.0000, content_loss=3013653515.6250, style loss=84713428125000.0000, tv loss=25860788.0000
L-BFGS | iteration: 212, total loss=84136672886784.0000, content_loss=3016064648.4375, style loss=84133631250000.0000, tv loss=25860572.0000
L-BFGS | iteration: 213, total loss=83460928569344.0000, content_loss=3014266796.8750, style loss=83457890625000.0000, tv loss=25862128.0000
L-BFGS | iteration: 214, total loss=82855346569216.0000, content_loss=3021172656.2500, style loss=82852303125000.0000, tv loss=25908182.0000
L-BFGS | iteration: 215, total loss=82392798724096.0000, content_loss=3020518164.0625, style loss=82389750000000.0000, tv loss=25893384.0000
L-BFGS | iteration: 216, total loss=82104515821568.0000, content_loss=3010852539.0625, style loss=82101478125000.0000, tv loss=25902202.0000
L-BFGS | iteration: 217, total loss=81731902242816.0000, content_loss=3015309765.6250, style loss=81728868750000.0000, tv loss=25906724.0000
L-BFGS | iteration: 218, total loss=81359624208384.0000, content_loss=3017274804.6875, style loss=81356578125000.0000, tv loss=25915902.0000
L-BFGS | iteration: 219, total loss=80950536962048.0000, content_loss=3016630859.3750, style loss=80947490625000.0000, tv loss=25917784.0000
L-BFGS | iteration: 220, total loss=80219939536896.0000, content_loss=3014010742.1875, style loss=80216906250000.0000, tv loss=25940896.0000
L-BFGS | iteration: 221, total loss=79497814605824.0000, content_loss=3018095703.1250, style loss=79494768750000.0000, tv loss=25933876.0000
L-BFGS | iteration: 222, total loss=79148051595264.0000, content_loss=3017217968.7500, style loss=79145006250000.0000, tv loss=25951204.0000
L-BFGS | iteration: 223, total loss=78673247993856.0000, content_loss=3020498632.8125, style loss=78670200000000.0000, tv loss=25962484.0000
L-BFGS | iteration: 224, total loss=78180165615616.0000, content_loss=3019788671.8750, style loss=78177121875000.0000, tv loss=25961452.0000
L-BFGS | iteration: 225, total loss=77395025461248.0000, content_loss=3020899609.3750, style loss=77391984375000.0000, tv loss=25969392.0000
L-BFGS | iteration: 226, total loss=76862743117824.0000, content_loss=3016878125.0000, style loss=76859700000000.0000, tv loss=25984620.0000
L-BFGS | iteration: 227, total loss=76436962541568.0000, content_loss=3021561718.7500, style loss=76433920312500.0000, tv loss=25983764.0000
L-BFGS | iteration: 228, total loss=76092308193280.0000, content_loss=3021146679.6875, style loss=76089262500000.0000, tv loss=26016182.0000
L-BFGS | iteration: 229, total loss=75781317328896.0000, content_loss=3021596093.7500, style loss=75778275000000.0000, tv loss=26006440.0000
L-BFGS | iteration: 230, total loss=75195532443648.0000, content_loss=3020823828.1250, style loss=75192487500000.0000, tv loss=26006040.0000
L-BFGS | iteration: 231, total loss=74624813498368.0000, content_loss=3024440234.3750, style loss=74621760937500.0000, tv loss=26024004.0000
L-BFGS | iteration: 232, total loss=74122168107008.0000, content_loss=3019239843.7500, style loss=74119120312500.0000, tv loss=26026786.0000
L-BFGS | iteration: 233, total loss=73629261889536.0000, content_loss=3024156640.6250, style loss=73626210937500.0000, tv loss=26027366.0000
L-BFGS | iteration: 234, total loss=73363166855168.0000, content_loss=3025000390.6250, style loss=73360110937500.0000, tv loss=26047296.0000
L-BFGS | iteration: 235, total loss=73000711880704.0000, content_loss=3025424414.0625, style loss=72997659375000.0000, tv loss=26049288.0000
L-BFGS | iteration: 236, total loss=72520027865088.0000, content_loss=3024747656.2500, style loss=72516975000000.0000, tv loss=26045860.0000
L-BFGS | iteration: 237, total loss=71853225803776.0000, content_loss=3025724804.6875, style loss=71850173437500.0000, tv loss=26055016.0000
L-BFGS | iteration: 238, total loss=71341545881600.0000, content_loss=3027414843.7500, style loss=71338495312500.0000, tv loss=26062740.0000
L-BFGS | iteration: 239, total loss=71025731567616.0000, content_loss=3024920507.8125, style loss=71022675000000.0000, tv loss=26070572.0000
L-BFGS | iteration: 240, total loss=70841324797952.0000, content_loss=3028519140.6250, style loss=70838273437500.0000, tv loss=26067068.0000
L-BFGS | iteration: 241, total loss=70498683715584.0000, content_loss=3028522460.9375, style loss=70495626562500.0000, tv loss=26086496.0000
L-BFGS | iteration: 242, total loss=70227974946816.0000, content_loss=3027850781.2500, style loss=70224923437500.0000, tv loss=26091520.0000
L-BFGS | iteration: 243, total loss=69905844011008.0000, content_loss=3028818945.3125, style loss=69902789062500.0000, tv loss=26099540.0000
L-BFGS | iteration: 244, total loss=69385016311808.0000, content_loss=3029005468.7500, style loss=69381960937500.0000, tv loss=26104576.0000
L-BFGS | iteration: 245, total loss=68899261382656.0000, content_loss=3034762109.3750, style loss=68896200000000.0000, tv loss=26120136.0000
L-BFGS | iteration: 246, total loss=68633095045120.0000, content_loss=3032144335.9375, style loss=68630039062500.0000, tv loss=26124730.0000
L-BFGS | iteration: 247, total loss=68335081357312.0000, content_loss=3032085156.2500, style loss=68332021875000.0000, tv loss=26105564.0000
L-BFGS | iteration: 248, total loss=67991601414144.0000, content_loss=3033245312.5000, style loss=67988545312500.0000, tv loss=26123500.0000
L-BFGS | iteration: 249, total loss=67578919649280.0000, content_loss=3032046679.6875, style loss=67575862500000.0000, tv loss=26138240.0000
L-BFGS | iteration: 250, total loss=67167991103488.0000, content_loss=3033680078.1250, style loss=67164932812500.0000, tv loss=26156654.0000
L-BFGS | iteration: 251, total loss=66903951278080.0000, content_loss=3030449023.4375, style loss=66900895312500.0000, tv loss=26161220.0000
L-BFGS | iteration: 252, total loss=66561779957760.0000, content_loss=3032281054.6875, style loss=66558721875000.0000, tv loss=26143808.0000
L-BFGS | iteration: 253, total loss=66265347522560.0000, content_loss=3033180664.0625, style loss=66262289062500.0000, tv loss=26161744.0000
L-BFGS | iteration: 254, total loss=65870852259840.0000, content_loss=3035154882.8125, style loss=65867789062500.0000, tv loss=26186894.0000
L-BFGS | iteration: 255, total loss=65504823738368.0000, content_loss=3037152929.6875, style loss=65501760937500.0000, tv loss=26193628.0000
L-BFGS | iteration: 256, total loss=65213550297088.0000, content_loss=3035322070.3125, style loss=65210489062500.0000, tv loss=26185388.0000
L-BFGS | iteration: 257, total loss=64923598061568.0000, content_loss=3035503906.2500, style loss=64920534375000.0000, tv loss=26173432.0000
L-BFGS | iteration: 258, total loss=64644328718336.0000, content_loss=3032702929.6875, style loss=64641271875000.0000, tv loss=26180752.0000
L-BFGS | iteration: 259, total loss=64297422028800.0000, content_loss=3035224804.6875, style loss=64294359375000.0000, tv loss=26192282.0000
L-BFGS | iteration: 260, total loss=64106925129728.0000, content_loss=3035311718.7500, style loss=64103864062500.0000, tv loss=26211860.0000
L-BFGS | iteration: 261, total loss=63734651289600.0000, content_loss=3036199414.0625, style loss=63731587500000.0000, tv loss=26225416.0000
L-BFGS | iteration: 262, total loss=63385530007552.0000, content_loss=3040965234.3750, style loss=63382462500000.0000, tv loss=26229568.0000
L-BFGS | iteration: 263, total loss=63136900055040.0000, content_loss=3039071289.0625, style loss=63133832812500.0000, tv loss=26223798.0000
L-BFGS | iteration: 264, total loss=62898705530880.0000, content_loss=3037038085.9375, style loss=62895642187500.0000, tv loss=26230518.0000
L-BFGS | iteration: 265, total loss=62638562213888.0000, content_loss=3037845507.8125, style loss=62635500000000.0000, tv loss=26232510.0000
L-BFGS | iteration: 266, total loss=62435008446464.0000, content_loss=3036709570.3125, style loss=62431945312500.0000, tv loss=26243186.0000
L-BFGS | iteration: 267, total loss=62131089178624.0000, content_loss=3039725000.0000, style loss=62128021875000.0000, tv loss=26246100.0000
L-BFGS | iteration: 268, total loss=61882916405248.0000, content_loss=3040617187.5000, style loss=61879851562500.0000, tv loss=26252076.0000
L-BFGS | iteration: 269, total loss=61522004934656.0000, content_loss=3040366015.6250, style loss=61518937500000.0000, tv loss=26256920.0000
L-BFGS | iteration: 270, total loss=61192638824448.0000, content_loss=3043887695.3125, style loss=61189570312500.0000, tv loss=26276272.0000
L-BFGS | iteration: 271, total loss=60923972681728.0000, content_loss=3043972851.5625, style loss=60920901562500.0000, tv loss=26270820.0000
L-BFGS | iteration: 272, total loss=60932893966336.0000, content_loss=3039998046.8750, style loss=60929826562500.0000, tv loss=26290160.0000
L-BFGS | iteration: 273, total loss=60764761096192.0000, content_loss=3042217187.5000, style loss=60761695312500.0000, tv loss=26280498.0000
L-BFGS | iteration: 274, total loss=60547349348352.0000, content_loss=3043166601.5625, style loss=60544279687500.0000, tv loss=26285232.0000
L-BFGS | iteration: 275, total loss=60274618925056.0000, content_loss=3042421484.3750, style loss=60271551562500.0000, tv loss=26289168.0000
L-BFGS | iteration: 276, total loss=59925573140480.0000, content_loss=3044411718.7500, style loss=59922501562500.0000, tv loss=26305364.0000
L-BFGS | iteration: 277, total loss=59664108617728.0000, content_loss=3044756835.9375, style loss=59661037500000.0000, tv loss=26304260.0000
L-BFGS | iteration: 278, total loss=59512941707264.0000, content_loss=3043948437.5000, style loss=59509870312500.0000, tv loss=26316272.0000
L-BFGS | iteration: 279, total loss=59239909294080.0000, content_loss=3047606250.0000, style loss=59236832812500.0000, tv loss=26317274.0000
L-BFGS | iteration: 280, total loss=59093804908544.0000, content_loss=3046938476.5625, style loss=59090732812500.0000, tv loss=26319048.0000
L-BFGS | iteration: 281, total loss=58820260790272.0000, content_loss=3046097070.3125, style loss=58817189062500.0000, tv loss=26326382.0000
L-BFGS | iteration: 282, total loss=58546041389056.0000, content_loss=3046410156.2500, style loss=58542970312500.0000, tv loss=26332104.0000
L-BFGS | iteration: 283, total loss=58351182413824.0000, content_loss=3046369726.5625, style loss=58348110937500.0000, tv loss=26350722.0000
L-BFGS | iteration: 284, total loss=58072370249728.0000, content_loss=3049957617.1875, style loss=58069293750000.0000, tv loss=26344112.0000
L-BFGS | iteration: 285, total loss=57893462212608.0000, content_loss=3048308203.1250, style loss=57890385937500.0000, tv loss=26348426.0000
L-BFGS | iteration: 286, total loss=57765598855168.0000, content_loss=3047858984.3750, style loss=57762525000000.0000, tv loss=26354112.0000
L-BFGS | iteration: 287, total loss=57568114245632.0000, content_loss=3048216796.8750, style loss=57565040625000.0000, tv loss=26358484.0000
L-BFGS | iteration: 288, total loss=57286026330112.0000, content_loss=3048532226.5625, style loss=57282951562500.0000, tv loss=26369444.0000
L-BFGS | iteration: 289, total loss=57005582581760.0000, content_loss=3051093945.3125, style loss=57002507812500.0000, tv loss=26371366.0000
L-BFGS | iteration: 290, total loss=56813248577536.0000, content_loss=3049488281.2500, style loss=56810175000000.0000, tv loss=26376472.0000
L-BFGS | iteration: 291, total loss=56591910961152.0000, content_loss=3049069726.5625, style loss=56588835937500.0000, tv loss=26377162.0000
L-BFGS | iteration: 292, total loss=56323915907072.0000, content_loss=3050001367.1875, style loss=56320842187500.0000, tv loss=26388654.0000
L-BFGS | iteration: 293, total loss=56030058774528.0000, content_loss=3048704687.5000, style loss=56026982812500.0000, tv loss=26382308.0000
L-BFGS | iteration: 294, total loss=55778622832640.0000, content_loss=3052676562.5000, style loss=55775545312500.0000, tv loss=26403748.0000
L-BFGS | iteration: 295, total loss=55621676171264.0000, content_loss=3055038085.9375, style loss=55618598437500.0000, tv loss=26404068.0000
L-BFGS | iteration: 296, total loss=55556207280128.0000, content_loss=3051379882.8125, style loss=55553128125000.0000, tv loss=26417988.0000
L-BFGS | iteration: 297, total loss=55486216929280.0000, content_loss=3052992578.1250, style loss=55483139062500.0000, tv loss=26412288.0000
L-BFGS | iteration: 298, total loss=55349981741056.0000, content_loss=3053043945.3125, style loss=55346901562500.0000, tv loss=26414786.0000
L-BFGS | iteration: 299, total loss=55100022194176.0000, content_loss=3052304882.8125, style loss=55096945312500.0000, tv loss=26416898.0000
L-BFGS | iteration: 300, total loss=54851631316992.0000, content_loss=3054257617.1875, style loss=54848554687500.0000, tv loss=26430862.0000
L-BFGS | iteration: 301, total loss=54576673718272.0000, content_loss=3053775000.0000, style loss=54573595312500.0000, tv loss=26434218.0000
L-BFGS | iteration: 302, total loss=54389297381376.0000, content_loss=3055952734.3750, style loss=54386212500000.0000, tv loss=26437024.0000
L-BFGS | iteration: 303, total loss=54223169388544.0000, content_loss=3055578125.0000, style loss=54220087500000.0000, tv loss=26446478.0000
L-BFGS | iteration: 304, total loss=54100842512384.0000, content_loss=3057734570.3125, style loss=54097757812500.0000, tv loss=26442050.0000
L-BFGS | iteration: 305, total loss=53940234223616.0000, content_loss=3056381445.3125, style loss=53937150000000.0000, tv loss=26450922.0000
L-BFGS | iteration: 306, total loss=53774085259264.0000, content_loss=3057477148.4375, style loss=53771001562500.0000, tv loss=26454940.0000
L-BFGS | iteration: 307, total loss=53601472872448.0000, content_loss=3056155468.7500, style loss=53598389062500.0000, tv loss=26461666.0000
L-BFGS | iteration: 308, total loss=53439451103232.0000, content_loss=3056399414.0625, style loss=53436370312500.0000, tv loss=26463856.0000
L-BFGS | iteration: 309, total loss=53196135333888.0000, content_loss=3056883984.3750, style loss=53193051562500.0000, tv loss=26492688.0000
L-BFGS | iteration: 310, total loss=52914018058240.0000, content_loss=3059442968.7500, style loss=52910934375000.0000, tv loss=26471888.0000
L-BFGS | iteration: 311, total loss=52791938646016.0000, content_loss=3058418359.3750, style loss=52788857812500.0000, tv loss=26480690.0000
L-BFGS | iteration: 312, total loss=52660694679552.0000, content_loss=3057988281.2500, style loss=52657612500000.0000, tv loss=26494778.0000
L-BFGS | iteration: 313, total loss=52499289473024.0000, content_loss=3058246484.3750, style loss=52496207812500.0000, tv loss=26497532.0000
L-BFGS | iteration: 314, total loss=52189758226432.0000, content_loss=3057516992.1875, style loss=52186673437500.0000, tv loss=26508432.0000
L-BFGS | iteration: 315, total loss=52002126036992.0000, content_loss=3061308789.0625, style loss=51999037500000.0000, tv loss=26515946.0000
L-BFGS | iteration: 316, total loss=51814225412096.0000, content_loss=3059734179.6875, style loss=51811143750000.0000, tv loss=26519548.0000
L-BFGS | iteration: 317, total loss=51721170583552.0000, content_loss=3060084179.6875, style loss=51718082812500.0000, tv loss=26512804.0000
L-BFGS | iteration: 318, total loss=51593919594496.0000, content_loss=3059954687.5000, style loss=51590831250000.0000, tv loss=26521174.0000
L-BFGS | iteration: 319, total loss=51491024928768.0000, content_loss=3060501562.5000, style loss=51487935937500.0000, tv loss=26527996.0000
L-BFGS | iteration: 320, total loss=51377707417600.0000, content_loss=3061432812.5000, style loss=51374620312500.0000, tv loss=26533200.0000
L-BFGS | iteration: 321, total loss=51154184568832.0000, content_loss=3061230664.0625, style loss=51151096875000.0000, tv loss=26542792.0000
L-BFGS | iteration: 322, total loss=50947510239232.0000, content_loss=3066085156.2500, style loss=50944420312500.0000, tv loss=26551836.0000
L-BFGS | iteration: 323, total loss=50821341380608.0000, content_loss=3063133984.3750, style loss=50818256250000.0000, tv loss=26549380.0000
L-BFGS | iteration: 324, total loss=50722431303680.0000, content_loss=3061998046.8750, style loss=50719345312500.0000, tv loss=26547500.0000
L-BFGS | iteration: 325, total loss=50676260405248.0000, content_loss=3060471875.0000, style loss=50673173437500.0000, tv loss=26565016.0000
L-BFGS | iteration: 326, total loss=50638318731264.0000, content_loss=3061209765.6250, style loss=50635232812500.0000, tv loss=26558292.0000
L-BFGS | iteration: 327, total loss=50513039065088.0000, content_loss=3062642968.7500, style loss=50509950000000.0000, tv loss=26559942.0000
L-BFGS | iteration: 328, total loss=50344230912000.0000, content_loss=3064801562.5000, style loss=50341139062500.0000, tv loss=26565954.0000
L-BFGS | iteration: 329, total loss=50219538448384.0000, content_loss=3064708007.8125, style loss=50216446875000.0000, tv loss=26571236.0000
L-BFGS | iteration: 330, total loss=49985714388992.0000, content_loss=3066248437.5000, style loss=49982625000000.0000, tv loss=26583040.0000
L-BFGS | iteration: 331, total loss=49873638391808.0000, content_loss=3062645507.8125, style loss=49870551562500.0000, tv loss=26582454.0000
L-BFGS | iteration: 332, total loss=49755879112704.0000, content_loss=3066276562.5000, style loss=49752787500000.0000, tv loss=26578824.0000
L-BFGS | iteration: 333, total loss=49628825255936.0000, content_loss=3067349218.7500, style loss=49625732812500.0000, tv loss=26594724.0000
L-BFGS | iteration: 334, total loss=49553487167488.0000, content_loss=3066354296.8750, style loss=49550395312500.0000, tv loss=26592282.0000
L-BFGS | iteration: 335, total loss=49434188578816.0000, content_loss=3065282031.2500, style loss=49431098437500.0000, tv loss=26591384.0000
L-BFGS | iteration: 336, total loss=49279557173248.0000, content_loss=3065724023.4375, style loss=49276467187500.0000, tv loss=26590956.0000
L-BFGS | iteration: 337, total loss=49075672055808.0000, content_loss=3066037304.6875, style loss=49072579687500.0000, tv loss=26610046.0000
L-BFGS | iteration: 338, total loss=48911318253568.0000, content_loss=3067143554.6875, style loss=48908226562500.0000, tv loss=26603906.0000
L-BFGS | iteration: 339, total loss=48749195821056.0000, content_loss=3066962890.6250, style loss=48746104687500.0000, tv loss=26624236.0000
L-BFGS | iteration: 340, total loss=48647299399680.0000, content_loss=3068181640.6250, style loss=48644203125000.0000, tv loss=26637040.0000
L-BFGS | iteration: 341, total loss=48535286317056.0000, content_loss=3066778710.9375, style loss=48532195312500.0000, tv loss=26641660.0000
L-BFGS | iteration: 342, total loss=48438318202880.0000, content_loss=3067004101.5625, style loss=48435225000000.0000, tv loss=26633582.0000
L-BFGS | iteration: 343, total loss=48308861009920.0000, content_loss=3066957421.8750, style loss=48305770312500.0000, tv loss=26635282.0000
L-BFGS | iteration: 344, total loss=48107102404608.0000, content_loss=3068070898.4375, style loss=48104010937500.0000, tv loss=26637536.0000
L-BFGS | iteration: 345, total loss=47967876677632.0000, content_loss=3067998632.8125, style loss=47964787500000.0000, tv loss=26646584.0000
L-BFGS | iteration: 346, total loss=47866525515776.0000, content_loss=3068679101.5625, style loss=47863429687500.0000, tv loss=26650010.0000
L-BFGS | iteration: 347, total loss=47765983854592.0000, content_loss=3069171679.6875, style loss=47762887500000.0000, tv loss=26654028.0000
L-BFGS | iteration: 348, total loss=47666608209920.0000, content_loss=3069414843.7500, style loss=47663512500000.0000, tv loss=26656004.0000
L-BFGS | iteration: 349, total loss=47536052109312.0000, content_loss=3068518554.6875, style loss=47532956250000.0000, tv loss=26670500.0000
L-BFGS | iteration: 350, total loss=47494813712384.0000, content_loss=3071207226.5625, style loss=47491720312500.0000, tv loss=26661652.0000
L-BFGS | iteration: 351, total loss=47345542627328.0000, content_loss=3070883984.3750, style loss=47342446875000.0000, tv loss=26671392.0000
L-BFGS | iteration: 352, total loss=47262516379648.0000, content_loss=3069654882.8125, style loss=47259421875000.0000, tv loss=26679316.0000
L-BFGS | iteration: 353, total loss=47190638592000.0000, content_loss=3070180664.0625, style loss=47187543750000.0000, tv loss=26678636.0000
L-BFGS | iteration: 354, total loss=47028428079104.0000, content_loss=3070122070.3125, style loss=47025332812500.0000, tv loss=26678956.0000
L-BFGS | iteration: 355, total loss=46858084810752.0000, content_loss=3069926562.5000, style loss=46854989062500.0000, tv loss=26696806.0000
L-BFGS | iteration: 356, total loss=46683576598528.0000, content_loss=3069850781.2500, style loss=46680482812500.0000, tv loss=26687412.0000
L-BFGS | iteration: 357, total loss=46595445882880.0000, content_loss=3070205664.0625, style loss=46592348437500.0000, tv loss=26692300.0000
L-BFGS | iteration: 358, total loss=46459252637696.0000, content_loss=3071932421.8750, style loss=46456157812500.0000, tv loss=26701552.0000
L-BFGS | iteration: 359, total loss=46404403724288.0000, content_loss=3069447851.5625, style loss=46401309375000.0000, tv loss=26705654.0000
L-BFGS | iteration: 360, total loss=46291962822656.0000, content_loss=3070645507.8125, style loss=46288865625000.0000, tv loss=26699822.0000
L-BFGS | iteration: 361, total loss=46200426332160.0000, content_loss=3071915039.0625, style loss=46197332812500.0000, tv loss=26702918.0000
L-BFGS | iteration: 362, total loss=46092452364288.0000, content_loss=3072271289.0625, style loss=46089356250000.0000, tv loss=26713000.0000
L-BFGS | iteration: 363, total loss=45964014387200.0000, content_loss=3073503320.3125, style loss=45960914062500.0000, tv loss=26721800.0000
L-BFGS | iteration: 364, total loss=45853226041344.0000, content_loss=3071602539.0625, style loss=45850129687500.0000, tv loss=26728770.0000
L-BFGS | iteration: 365, total loss=45738637656064.0000, content_loss=3072213281.2500, style loss=45735543750000.0000, tv loss=26724692.0000
L-BFGS | iteration: 366, total loss=45657255575552.0000, content_loss=3072666796.8750, style loss=45654154687500.0000, tv loss=26732168.0000
L-BFGS | iteration: 367, total loss=45534828036096.0000, content_loss=3073208398.4375, style loss=45531726562500.0000, tv loss=26737738.0000
L-BFGS | iteration: 368, total loss=45380397957120.0000, content_loss=3074871484.3750, style loss=45377296875000.0000, tv loss=26744960.0000
L-BFGS | iteration: 369, total loss=45270490415104.0000, content_loss=3072495312.5000, style loss=45267389062500.0000, tv loss=26745192.0000
L-BFGS | iteration: 370, total loss=45194565124096.0000, content_loss=3074888476.5625, style loss=45191465625000.0000, tv loss=26743632.0000
L-BFGS | iteration: 371, total loss=45107399098368.0000, content_loss=3074879296.8750, style loss=45104301562500.0000, tv loss=26756638.0000
L-BFGS | iteration: 372, total loss=45043024920576.0000, content_loss=3074504492.1875, style loss=45039923437500.0000, tv loss=26760184.0000
L-BFGS | iteration: 373, total loss=44902922584064.0000, content_loss=3073539257.8125, style loss=44899823437500.0000, tv loss=26764712.0000
L-BFGS | iteration: 374, total loss=44762409205760.0000, content_loss=3074324218.7500, style loss=44759310937500.0000, tv loss=26766424.0000
L-BFGS | iteration: 375, total loss=44638140366848.0000, content_loss=3072937890.6250, style loss=44635040625000.0000, tv loss=26768896.0000
L-BFGS | iteration: 376, total loss=44518208438272.0000, content_loss=3075317578.1250, style loss=44515110937500.0000, tv loss=26765660.0000
L-BFGS | iteration: 377, total loss=44444736815104.0000, content_loss=3075706445.3125, style loss=44441639062500.0000, tv loss=26777056.0000
L-BFGS | iteration: 378, total loss=44376516460544.0000, content_loss=3075990820.3125, style loss=44373417187500.0000, tv loss=26783844.0000
L-BFGS | iteration: 379, total loss=44237974405120.0000, content_loss=3076553125.0000, style loss=44234868750000.0000, tv loss=26795632.0000
L-BFGS | iteration: 380, total loss=44140603637760.0000, content_loss=3076872070.3125, style loss=44137500000000.0000, tv loss=26800584.0000
L-BFGS | iteration: 381, total loss=44031790809088.0000, content_loss=3077267968.7500, style loss=44028689062500.0000, tv loss=26799992.0000
L-BFGS | iteration: 382, total loss=43950786215936.0000, content_loss=3077114062.5000, style loss=43947684375000.0000, tv loss=26799964.0000
L-BFGS | iteration: 383, total loss=43893303279616.0000, content_loss=3078996875.0000, style loss=43890201562500.0000, tv loss=26794476.0000
L-BFGS | iteration: 384, total loss=43819844239360.0000, content_loss=3078109375.0000, style loss=43816739062500.0000, tv loss=26802350.0000
L-BFGS | iteration: 385, total loss=43752890564608.0000, content_loss=3078201757.8125, style loss=43749787500000.0000, tv loss=26806790.0000
L-BFGS | iteration: 386, total loss=43661110804480.0000, content_loss=3078558007.8125, style loss=43658006250000.0000, tv loss=26811604.0000
L-BFGS | iteration: 387, total loss=43543670292480.0000, content_loss=3078273632.8125, style loss=43540565625000.0000, tv loss=26820808.0000
L-BFGS | iteration: 388, total loss=43425512554496.0000, content_loss=3080338281.2500, style loss=43422407812500.0000, tv loss=26825036.0000
L-BFGS | iteration: 389, total loss=43348832288768.0000, content_loss=3079465820.3125, style loss=43345729687500.0000, tv loss=26826360.0000
L-BFGS | iteration: 390, total loss=43263595642880.0000, content_loss=3079636914.0625, style loss=43260492187500.0000, tv loss=26830674.0000
L-BFGS | iteration: 391, total loss=43146050273280.0000, content_loss=3079564453.1250, style loss=43142948437500.0000, tv loss=26834468.0000
L-BFGS | iteration: 392, total loss=43026525192192.0000, content_loss=3081883398.4375, style loss=43023417187500.0000, tv loss=26841888.0000
L-BFGS | iteration: 393, total loss=43051212865536.0000, content_loss=3080281835.9375, style loss=43048110937500.0000, tv loss=26857218.0000
L-BFGS | iteration: 394, total loss=42988956811264.0000, content_loss=3081258398.4375, style loss=42985846875000.0000, tv loss=26848806.0000
L-BFGS | iteration: 395, total loss=42911672565760.0000, content_loss=3080531640.6250, style loss=42908568750000.0000, tv loss=26846946.0000
L-BFGS | iteration: 396, total loss=42849831747584.0000, content_loss=3080886132.8125, style loss=42846721875000.0000, tv loss=26849728.0000
L-BFGS | iteration: 397, total loss=42739144065024.0000, content_loss=3080896093.7500, style loss=42736035937500.0000, tv loss=26854562.0000
L-BFGS | iteration: 398, total loss=42627806265344.0000, content_loss=3081985937.5000, style loss=42624698437500.0000, tv loss=26866962.0000
L-BFGS | iteration: 399, total loss=42527260409856.0000, content_loss=3081419140.6250, style loss=42524151562500.0000, tv loss=26863432.0000
L-BFGS | iteration: 400, total loss=42451192512512.0000, content_loss=3081559179.6875, style loss=42448082812500.0000, tv loss=26870236.0000
L-BFGS | iteration: 401, total loss=42373992153088.0000, content_loss=3084073828.1250, style loss=42370884375000.0000, tv loss=26871450.0000
L-BFGS | iteration: 402, total loss=42334683136000.0000, content_loss=3081716210.9375, style loss=42331575000000.0000, tv loss=26879790.0000
L-BFGS | iteration: 403, total loss=42252772573184.0000, content_loss=3082470898.4375, style loss=42249665625000.0000, tv loss=26877476.0000
L-BFGS | iteration: 404, total loss=42190260666368.0000, content_loss=3082992382.8125, style loss=42187153125000.0000, tv loss=26878560.0000
L-BFGS | iteration: 405, total loss=42080239878144.0000, content_loss=3082318945.3125, style loss=42077132812500.0000, tv loss=26881508.0000
L-BFGS | iteration: 406, total loss=41991148666880.0000, content_loss=3084114257.8125, style loss=41988042187500.0000, tv loss=26892952.0000
L-BFGS | iteration: 407, total loss=41890900606976.0000, content_loss=3083517968.7500, style loss=41887790625000.0000, tv loss=26888132.0000
L-BFGS | iteration: 408, total loss=41828896210944.0000, content_loss=3082531835.9375, style loss=41825789062500.0000, tv loss=26894548.0000
L-BFGS | iteration: 409, total loss=41754409566208.0000, content_loss=3083538281.2500, style loss=41751300000000.0000, tv loss=26898340.0000
L-BFGS | iteration: 410, total loss=41689259442176.0000, content_loss=3083071289.0625, style loss=41686153125000.0000, tv loss=26901476.0000
L-BFGS | iteration: 411, total loss=41594690469888.0000, content_loss=3084190039.0625, style loss=41591582812500.0000, tv loss=26905176.0000
L-BFGS | iteration: 412, total loss=41507973234688.0000, content_loss=3083944531.2500, style loss=41504864062500.0000, tv loss=26908444.0000
L-BFGS | iteration: 413, total loss=41402121584640.0000, content_loss=3084973632.8125, style loss=41399010937500.0000, tv loss=26916660.0000
L-BFGS | iteration: 414, total loss=41329715314688.0000, content_loss=3083557812.5000, style loss=41326607812500.0000, tv loss=26919146.0000
L-BFGS | iteration: 415, total loss=41270420439040.0000, content_loss=3083908593.7500, style loss=41267310937500.0000, tv loss=26916860.0000
L-BFGS | iteration: 416, total loss=41215651217408.0000, content_loss=3083680078.1250, style loss=41212542187500.0000, tv loss=26932844.0000
L-BFGS | iteration: 417, total loss=41156725440512.0000, content_loss=3084910351.5625, style loss=41153615625000.0000, tv loss=26931366.0000
L-BFGS | iteration: 418, total loss=41087875940352.0000, content_loss=3085123242.1875, style loss=41084765625000.0000, tv loss=26929856.0000
L-BFGS | iteration: 419, total loss=40990047993856.0000, content_loss=3085349804.6875, style loss=40986937500000.0000, tv loss=26939484.0000
L-BFGS | iteration: 420, total loss=40910410743808.0000, content_loss=3084094726.5625, style loss=40907301562500.0000, tv loss=26938372.0000
L-BFGS | iteration: 421, total loss=40844132352000.0000, content_loss=3085333593.7500, style loss=40841020312500.0000, tv loss=26937944.0000
L-BFGS | iteration: 422, total loss=40793557434368.0000, content_loss=3085437304.6875, style loss=40790446875000.0000, tv loss=26949018.0000
L-BFGS | iteration: 423, total loss=40736330350592.0000, content_loss=3085702539.0625, style loss=40733217187500.0000, tv loss=26953042.0000
L-BFGS | iteration: 424, total loss=40627513327616.0000, content_loss=3086423437.5000, style loss=40624401562500.0000, tv loss=26956288.0000
L-BFGS | iteration: 425, total loss=40541936943104.0000, content_loss=3086498632.8125, style loss=40538826562500.0000, tv loss=26962766.0000
L-BFGS | iteration: 426, total loss=40480863682560.0000, content_loss=3086683398.4375, style loss=40477753125000.0000, tv loss=26965620.0000
L-BFGS | iteration: 427, total loss=40421732384768.0000, content_loss=3088197265.6250, style loss=40418620312500.0000, tv loss=26960054.0000
L-BFGS | iteration: 428, total loss=40379634155520.0000, content_loss=3086846679.6875, style loss=40376521875000.0000, tv loss=26966750.0000
L-BFGS | iteration: 429, total loss=40336063725568.0000, content_loss=3086733007.8125, style loss=40332951562500.0000, tv loss=26970384.0000
L-BFGS | iteration: 430, total loss=40279092494336.0000, content_loss=3086736328.1250, style loss=40275979687500.0000, tv loss=26973900.0000
L-BFGS | iteration: 431, total loss=40187920908288.0000, content_loss=3086956445.3125, style loss=40184807812500.0000, tv loss=26981860.0000
L-BFGS | iteration: 432, total loss=40109768441856.0000, content_loss=3087897460.9375, style loss=40106657812500.0000, tv loss=26979794.0000
L-BFGS | iteration: 433, total loss=40039081836544.0000, content_loss=3087900976.5625, style loss=40035970312500.0000, tv loss=26980896.0000
L-BFGS | iteration: 434, total loss=39999764430848.0000, content_loss=3086751367.1875, style loss=39996651562500.0000, tv loss=26993294.0000
L-BFGS | iteration: 435, total loss=39950733017088.0000, content_loss=3087731640.6250, style loss=39947620312500.0000, tv loss=26990794.0000
L-BFGS | iteration: 436, total loss=39907556851712.0000, content_loss=3087915820.3125, style loss=39904443750000.0000, tv loss=26990994.0000
L-BFGS | iteration: 437, total loss=39829886730240.0000, content_loss=3088506054.6875, style loss=39826776562500.0000, tv loss=26996034.0000
L-BFGS | iteration: 438, total loss=39738585120768.0000, content_loss=3087845312.5000, style loss=39735473437500.0000, tv loss=26996924.0000
L-BFGS | iteration: 439, total loss=39662097793024.0000, content_loss=3090857226.5625, style loss=39658982812500.0000, tv loss=27004058.0000
L-BFGS | iteration: 440, total loss=39621408849920.0000, content_loss=3090430273.4375, style loss=39618290625000.0000, tv loss=27007196.0000
L-BFGS | iteration: 441, total loss=39566794817536.0000, content_loss=3089941601.5625, style loss=39563676562500.0000, tv loss=27004018.0000
L-BFGS | iteration: 442, total loss=39511614554112.0000, content_loss=3090700976.5625, style loss=39508500000000.0000, tv loss=27014828.0000
L-BFGS | iteration: 443, total loss=39431209746432.0000, content_loss=3090905468.7500, style loss=39428095312500.0000, tv loss=27017184.0000
L-BFGS | iteration: 444, total loss=39369616392192.0000, content_loss=3090112695.3125, style loss=39366501562500.0000, tv loss=27025694.0000
L-BFGS | iteration: 445, total loss=39303300251648.0000, content_loss=3090521093.7500, style loss=39300185156250.0000, tv loss=27029586.0000
L-BFGS | iteration: 446, total loss=39255405494272.0000, content_loss=3089592187.5000, style loss=39252288281250.0000, tv loss=27032196.0000
L-BFGS | iteration: 447, total loss=39194743275520.0000, content_loss=3090004296.8750, style loss=39191625000000.0000, tv loss=27031566.0000
L-BFGS | iteration: 448, total loss=39127294672896.0000, content_loss=3090058398.4375, style loss=39124178906250.0000, tv loss=27037500.0000
L-BFGS | iteration: 449, total loss=39053915324416.0000, content_loss=3091020117.1875, style loss=39050798437500.0000, tv loss=27035306.0000
L-BFGS | iteration: 450, total loss=38999288709120.0000, content_loss=3090294921.8750, style loss=38996172656250.0000, tv loss=27039964.0000
L-BFGS | iteration: 451, total loss=38934872588288.0000, content_loss=3090851953.1250, style loss=38931757031250.0000, tv loss=27045114.0000
L-BFGS | iteration: 452, total loss=38874935984128.0000, content_loss=3090369726.5625, style loss=38871817968750.0000, tv loss=27050648.0000
L-BFGS | iteration: 453, total loss=38804576534528.0000, content_loss=3091316210.9375, style loss=38801460937500.0000, tv loss=27054676.0000
L-BFGS | iteration: 454, total loss=38751497617408.0000, content_loss=3091000390.6250, style loss=38748379687500.0000, tv loss=27063622.0000
L-BFGS | iteration: 455, total loss=38689145094144.0000, content_loss=3092006250.0000, style loss=38686028906250.0000, tv loss=27063776.0000
L-BFGS | iteration: 456, total loss=38642177277952.0000, content_loss=3092274218.7500, style loss=38639062500000.0000, tv loss=27066402.0000
L-BFGS | iteration: 457, total loss=38582660104192.0000, content_loss=3092573437.5000, style loss=38579542968750.0000, tv loss=27067832.0000
L-BFGS | iteration: 458, total loss=38507485593600.0000, content_loss=3092479101.5625, style loss=38504367187500.0000, tv loss=27072500.0000
L-BFGS | iteration: 459, total loss=38439051329536.0000, content_loss=3093514453.1250, style loss=38435929687500.0000, tv loss=27073006.0000
L-BFGS | iteration: 460, total loss=38392171593728.0000, content_loss=3092513867.1875, style loss=38389054687500.0000, tv loss=27083186.0000
L-BFGS | iteration: 461, total loss=38335774982144.0000, content_loss=3093505273.4375, style loss=38332654687500.0000, tv loss=27084122.0000
L-BFGS | iteration: 462, total loss=38293102133248.0000, content_loss=3093913085.9375, style loss=38289979687500.0000, tv loss=27085790.0000
L-BFGS | iteration: 463, total loss=38230695084032.0000, content_loss=3094039843.7500, style loss=38227572656250.0000, tv loss=27091932.0000
L-BFGS | iteration: 464, total loss=38159886843904.0000, content_loss=3093718945.3125, style loss=38156767968750.0000, tv loss=27093870.0000
L-BFGS | iteration: 465, total loss=38094199848960.0000, content_loss=3094907031.2500, style loss=38091079687500.0000, tv loss=27100092.0000
L-BFGS | iteration: 466, total loss=38060225986560.0000, content_loss=3094116601.5625, style loss=38057107031250.0000, tv loss=27105272.0000
L-BFGS | iteration: 467, total loss=38016563281920.0000, content_loss=3093959179.6875, style loss=38013442968750.0000, tv loss=27102276.0000
