C:\Users\user\AppData\Roaming\Python\Python313\site-packages\torchvision\models\_utils.py:208: UserWarning: The parameter 'pretrained' is deprecated since 0.13 and may be removed in the future, please use 'weights' instead.
  warnings.warn(
C:\Users\user\AppData\Roaming\Python\Python313\site-packages\torchvision\models\_utils.py:223: UserWarning: Arguments other than a weight enum or `None` for 'weights' are deprecated since 0.13 and may be removed in the future. The current behavior is equivalent to passing `weights=VGG19_Weights.IMAGENET1K_V1`. You can also use `weights=VGG19_Weights.DEFAULT` to get the most up-to-date weights.
  warnings.warn(msg)
Using VGG19 in the optimization procedure.
L-BFGS | iteration: 000, total loss=8942073055019008.0000, content_loss=      0.0000, style loss=8942073000000000.0000, tv loss=6729606.0000
L-BFGS | iteration: 001, total loss=8942073055019008.0000, content_loss=     18.1650, style loss=8942073000000000.0000, tv loss=6729607.0000
L-BFGS | iteration: 002, total loss=8942052653924352.0000, content_loss=     27.1265, style loss=8942052600000000.0000, tv loss=6729610.5000
L-BFGS | iteration: 003, total loss=8941946890354688.0000, content_loss=     35.8156, style loss=8941947000000000.0000, tv loss=6729630.0000
L-BFGS | iteration: 004, total loss=8941364922286080.0000, content_loss=     71.8111, style loss=8941365000000000.0000, tv loss=6729737.5000
L-BFGS | iteration: 005, total loss=8938163024166912.0000, content_loss=    780.0123, style loss=8938162800000000.0000, tv loss=6730330.0000
L-BFGS | iteration: 006, total loss=8920649221275648.0000, content_loss=  20921.3838, style loss=8920649400000000.0000, tv loss=6733590.0000
L-BFGS | iteration: 007, total loss=8824650796630016.0000, content_loss= 608357.2388, style loss=8824650600000000.0000, tv loss=6751533.0000
L-BFGS | iteration: 008, total loss=8315927489675264.0000, content_loss=14711888.1226, style loss=8315927400000000.0000, tv loss=6854452.5000
L-BFGS | iteration: 009, total loss=6370108125478912.0000, content_loss=162064355.4688, style loss=6370108200000000.0000, tv loss=7694587.0000
L-BFGS | iteration: 010, total loss=7257658822230016.0000, content_loss=814997998.0469, style loss=7257657600000000.0000, tv loss=10775210.0000
L-BFGS | iteration: 011, total loss=5016949150973952.0000, content_loss=477644970.7031, style loss=5016948600000000.0000, tv loss=8998298.0000
L-BFGS | iteration: 012, total loss=3869674802511872.0000, content_loss=616375439.4531, style loss=3869674200000000.0000, tv loss=9872829.0000
L-BFGS | iteration: 013, total loss=2742696322007040.0000, content_loss=799228515.6250, style loss=2742695400000000.0000, tv loss=11086176.0000
L-BFGS | iteration: 014, total loss=2042114812674048.0000, content_loss=822852441.4062, style loss=2042113950000000.0000, tv loss=11502252.0000
L-BFGS | iteration: 015, total loss=1633975344824320.0000, content_loss=994350781.2500, style loss=1633974450000000.0000, tv loss=12077864.0000
L-BFGS | iteration: 016, total loss=1298521890226176.0000, content_loss=883820019.5312, style loss=1298520900000000.0000, tv loss=12037793.0000
L-BFGS | iteration: 017, total loss=1093367811276800.0000, content_loss=997156738.2812, style loss=1093366800000000.0000, tv loss=12270788.0000
L-BFGS | iteration: 018, total loss=905647407235072.0000, content_loss=1035276074.2188, style loss=905646375000000.0000, tv loss=12271036.0000
L-BFGS | iteration: 019, total loss=727146284711936.0000, content_loss=1008695214.8438, style loss=727145250000000.0000, tv loss=12362484.0000
L-BFGS | iteration: 020, total loss=612171083939840.0000, content_loss=1150860058.5938, style loss=612169912500000.0000, tv loss=12398492.0000
L-BFGS | iteration: 021, total loss=561400007098368.0000, content_loss=1011559960.9375, style loss=561399000000000.0000, tv loss=12324630.0000
L-BFGS | iteration: 022, total loss=519522800893952.0000, content_loss=1051317871.0938, style loss=519521775000000.0000, tv loss=12372865.0000
L-BFGS | iteration: 023, total loss=475620484055040.0000, content_loss=1089113769.5312, style loss=475619400000000.0000, tv loss=12382230.0000
L-BFGS | iteration: 024, total loss=422770676596736.0000, content_loss=1091294335.9375, style loss=422769562500000.0000, tv loss=12352495.0000
L-BFGS | iteration: 025, total loss=370768823189504.0000, content_loss=1066026464.8438, style loss=370767750000000.0000, tv loss=12361673.0000
L-BFGS | iteration: 026, total loss=347721659580416.0000, content_loss=1193330566.4062, style loss=347720437500000.0000, tv loss=12427823.0000
L-BFGS | iteration: 027, total loss=318537893675008.0000, content_loss=1120913867.1875, style loss=318536775000000.0000, tv loss=12430756.0000
L-BFGS | iteration: 028, total loss=305945955532800.0000, content_loss=1094991406.2500, style loss=305944856250000.0000, tv loss=12373940.0000
L-BFGS | iteration: 029, total loss=290263922638848.0000, content_loss=1083122070.3125, style loss=290262843750000.0000, tv loss=12507237.0000
L-BFGS | iteration: 030, total loss=267267124232192.0000, content_loss=1101560839.8438, style loss=267266006250000.0000, tv loss=12476474.0000
L-BFGS | iteration: 031, total loss=247987049594880.0000, content_loss=1146620214.8438, style loss=247985887500000.0000, tv loss=12474601.0000
L-BFGS | iteration: 032, total loss=235638028763136.0000, content_loss=1121943457.0312, style loss=235636893750000.0000, tv loss=12429205.0000
L-BFGS | iteration: 033, total loss=224935003815936.0000, content_loss=1122234082.0312, style loss=224933868750000.0000, tv loss=12378615.0000
L-BFGS | iteration: 034, total loss=213950943723520.0000, content_loss=1119262597.6562, style loss=213949800000000.0000, tv loss=12472848.0000
L-BFGS | iteration: 035, total loss=196324314054656.0000, content_loss=1147761816.4062, style loss=196323150000000.0000, tv loss=12368249.0000
L-BFGS | iteration: 036, total loss=188766966775808.0000, content_loss=1121385546.8750, style loss=188765831250000.0000, tv loss=12335416.0000
L-BFGS | iteration: 037, total loss=181776035086336.0000, content_loss=1128902246.0938, style loss=181774893750000.0000, tv loss=12345929.0000
L-BFGS | iteration: 038, total loss=169628995158016.0000, content_loss=1140856054.6875, style loss=169627837500000.0000, tv loss=12358740.0000
L-BFGS | iteration: 039, total loss=161084593930240.0000, content_loss=1157041894.5312, style loss=161083425000000.0000, tv loss=12366131.0000
L-BFGS | iteration: 040, total loss=154021402771456.0000, content_loss=1139260839.8438, style loss=154020253125000.0000, tv loss=12395898.0000
L-BFGS | iteration: 041, total loss=151394963161088.0000, content_loss=1154588378.9062, style loss=151393790625000.0000, tv loss=12325686.0000
L-BFGS | iteration: 042, total loss=145139544621056.0000, content_loss=1155208691.4062, style loss=145138378125000.0000, tv loss=12362299.0000
L-BFGS | iteration: 043, total loss=140723403882496.0000, content_loss=1149460839.8438, style loss=140722246875000.0000, tv loss=12388266.0000
L-BFGS | iteration: 044, total loss=137237433942016.0000, content_loss=1156977441.4062, style loss=137236265625000.0000, tv loss=12384986.0000
L-BFGS | iteration: 045, total loss=129834730651648.0000, content_loss=1142754296.8750, style loss=129833578125000.0000, tv loss=12363670.0000
L-BFGS | iteration: 046, total loss=123369739517952.0000, content_loss=1176563867.1875, style loss=123368559375000.0000, tv loss=12355289.0000
L-BFGS | iteration: 047, total loss=120075960975360.0000, content_loss=1159295214.8438, style loss=120074793750000.0000, tv loss=12338101.0000
L-BFGS | iteration: 048, total loss=117172084932608.0000, content_loss=1153494042.9688, style loss=117170915625000.0000, tv loss=12330402.0000
L-BFGS | iteration: 049, total loss=112170914283520.0000, content_loss=1160362792.9688, style loss=112169746875000.0000, tv loss=12329744.0000
L-BFGS | iteration: 050, total loss=108804666556416.0000, content_loss=1155380273.4375, style loss=108803503125000.0000, tv loss=12250798.0000
L-BFGS | iteration: 051, total loss=107430486736896.0000, content_loss=1168932421.8750, style loss=107429315625000.0000, tv loss=12374316.0000
L-BFGS | iteration: 052, total loss=104788276543488.0000, content_loss=1164919238.2812, style loss=104787103125000.0000, tv loss=12314518.0000
L-BFGS | iteration: 053, total loss=103224916836352.0000, content_loss=1191665625.0000, style loss=103223718750000.0000, tv loss=12313650.0000
L-BFGS | iteration: 054, total loss=100822293676032.0000, content_loss=1182704882.8125, style loss=100821103125000.0000, tv loss=12321570.0000
L-BFGS | iteration: 055, total loss=98448602824704.0000, content_loss=1165076367.1875, style loss=98447428125000.0000, tv loss=12344692.0000
L-BFGS | iteration: 056, total loss=96611296346112.0000, content_loss=1166473144.5312, style loss=96610125000000.0000, tv loss=12330971.0000
L-BFGS | iteration: 057, total loss=92121948225536.0000, content_loss=1174003808.5938, style loss=92120765625000.0000, tv loss=12341236.0000
L-BFGS | iteration: 058, total loss=88401197924352.0000, content_loss=1172219335.9375, style loss=88400015625000.0000, tv loss=12334082.0000
L-BFGS | iteration: 059, total loss=86722863955968.0000, content_loss=1189270019.5312, style loss=86721665625000.0000, tv loss=12367287.0000
L-BFGS | iteration: 060, total loss=84709019222016.0000, content_loss=1189027441.4062, style loss=84707821875000.0000, tv loss=12294910.0000
L-BFGS | iteration: 061, total loss=83371522785280.0000, content_loss=1172320507.8125, style loss=83370337500000.0000, tv loss=12295358.0000
L-BFGS | iteration: 062, total loss=81891235463168.0000, content_loss=1178203222.6562, style loss=81890053125000.0000, tv loss=12310230.0000
L-BFGS | iteration: 063, total loss=79992675368960.0000, content_loss=1184628222.6562, style loss=79991484375000.0000, tv loss=12318562.0000
L-BFGS | iteration: 064, total loss=77872865738752.0000, content_loss=1189103222.6562, style loss=77871670312500.0000, tv loss=12322908.0000
L-BFGS | iteration: 065, total loss=75551125536768.0000, content_loss=1174177734.3750, style loss=75549946875000.0000, tv loss=12330300.0000
L-BFGS | iteration: 066, total loss=73138536710144.0000, content_loss=1194462109.3750, style loss=73137337500000.0000, tv loss=12347108.0000
L-BFGS | iteration: 067, total loss=72163797237760.0000, content_loss=1189055078.1250, style loss=72162600000000.0000, tv loss=12358780.0000
L-BFGS | iteration: 068, total loss=70673779130368.0000, content_loss=1183615527.3438, style loss=70672584375000.0000, tv loss=12350354.0000
L-BFGS | iteration: 069, total loss=69288165638144.0000, content_loss=1186588964.8438, style loss=69286964062500.0000, tv loss=12379104.0000
L-BFGS | iteration: 070, total loss=67145018900480.0000, content_loss=1195086914.0625, style loss=67143810937500.0000, tv loss=12361566.0000
L-BFGS | iteration: 071, total loss=65703386284032.0000, content_loss=1190865625.0000, style loss=65702184375000.0000, tv loss=12390956.0000
L-BFGS | iteration: 072, total loss=64088679907328.0000, content_loss=1196477441.4062, style loss=64087471875000.0000, tv loss=12379816.0000
L-BFGS | iteration: 073, total loss=63131590066176.0000, content_loss=1191258007.8125, style loss=63130387500000.0000, tv loss=12384364.0000
L-BFGS | iteration: 074, total loss=61869968588800.0000, content_loss=1200499902.3438, style loss=61868756250000.0000, tv loss=12360916.0000
L-BFGS | iteration: 075, total loss=60914313199616.0000, content_loss=1202380859.3750, style loss=60913096875000.0000, tv loss=12372855.0000
L-BFGS | iteration: 076, total loss=59706945044480.0000, content_loss=1199674511.7188, style loss=59705732812500.0000, tv loss=12391648.0000
L-BFGS | iteration: 077, total loss=58058671652864.0000, content_loss=1198892871.0938, style loss=58057457812500.0000, tv loss=12406701.0000
L-BFGS | iteration: 078, total loss=56839433617408.0000, content_loss=1200327441.4062, style loss=56838220312500.0000, tv loss=12421967.0000
L-BFGS | iteration: 079, total loss=55476309983232.0000, content_loss=1205182910.1562, style loss=55475095312500.0000, tv loss=12417300.0000
L-BFGS | iteration: 080, total loss=54816067813376.0000, content_loss=1202924511.7188, style loss=54814851562500.0000, tv loss=12431534.0000
L-BFGS | iteration: 081, total loss=53844859944960.0000, content_loss=1206589257.8125, style loss=53843639062500.0000, tv loss=12426853.0000
L-BFGS | iteration: 082, total loss=53270043164672.0000, content_loss=1203043457.0312, style loss=53268825000000.0000, tv loss=12458201.0000
L-BFGS | iteration: 083, total loss=52256024035328.0000, content_loss=1210035253.9062, style loss=52254801562500.0000, tv loss=12448488.0000
L-BFGS | iteration: 084, total loss=51575850532864.0000, content_loss=1209005273.4375, style loss=51574631250000.0000, tv loss=12456189.0000
L-BFGS | iteration: 085, total loss=50546471862272.0000, content_loss=1208942578.1250, style loss=50545251562500.0000, tv loss=12471938.0000
L-BFGS | iteration: 086, total loss=49598387191808.0000, content_loss=1203383691.4062, style loss=49597171875000.0000, tv loss=12478398.0000
L-BFGS | iteration: 087, total loss=48706590081024.0000, content_loss=1212903613.2812, style loss=48705365625000.0000, tv loss=12504633.0000
L-BFGS | iteration: 088, total loss=48243736051712.0000, content_loss=1212614062.5000, style loss=48242512500000.0000, tv loss=12469873.0000
L-BFGS | iteration: 089, total loss=47644818800640.0000, content_loss=1207133691.4062, style loss=47643600000000.0000, tv loss=12494382.0000
L-BFGS | iteration: 090, total loss=46980998889472.0000, content_loss=1211642968.7500, style loss=46979775000000.0000, tv loss=12514555.0000
L-BFGS | iteration: 091, total loss=46231539679232.0000, content_loss=1210326074.2188, style loss=46230314062500.0000, tv loss=12526181.0000
L-BFGS | iteration: 092, total loss=45561688358912.0000, content_loss=1215157812.5000, style loss=45560460937500.0000, tv loss=12526405.0000
L-BFGS | iteration: 093, total loss=44994937225216.0000, content_loss=1212880761.7188, style loss=44993714062500.0000, tv loss=12541402.0000
L-BFGS | iteration: 094, total loss=44094600511488.0000, content_loss=1214218652.3438, style loss=44093376562500.0000, tv loss=12554964.0000
L-BFGS | iteration: 095, total loss=43447276797952.0000, content_loss=1212714062.5000, style loss=43446051562500.0000, tv loss=12569068.0000
L-BFGS | iteration: 096, total loss=42957809909760.0000, content_loss=1220742187.5000, style loss=42956578125000.0000, tv loss=12554438.0000
L-BFGS | iteration: 097, total loss=42459765669888.0000, content_loss=1219909472.6562, style loss=42458531250000.0000, tv loss=12588544.0000
L-BFGS | iteration: 098, total loss=41972874084352.0000, content_loss=1217152050.7812, style loss=41971645312500.0000, tv loss=12596722.0000
L-BFGS | iteration: 099, total loss=41269082456064.0000, content_loss=1220048046.8750, style loss=41267850000000.0000, tv loss=12610971.0000
L-BFGS | iteration: 100, total loss=40711105806336.0000, content_loss=1212966699.2188, style loss=40709882812500.0000, tv loss=12619190.0000
L-BFGS | iteration: 101, total loss=40160175587328.0000, content_loss=1217878906.2500, style loss=40158946875000.0000, tv loss=12622086.0000
L-BFGS | iteration: 102, total loss=39739130380288.0000, content_loss=1219583105.4688, style loss=39737896875000.0000, tv loss=12644920.0000
L-BFGS | iteration: 103, total loss=39211986059264.0000, content_loss=1223017773.4375, style loss=39210747656250.0000, tv loss=12629948.0000
L-BFGS | iteration: 104, total loss=38758833455104.0000, content_loss=1219100097.6562, style loss=38757600000000.0000, tv loss=12668933.0000
L-BFGS | iteration: 105, total loss=38254623588352.0000, content_loss=1222480566.4062, style loss=38253391406250.0000, tv loss=12677512.0000
L-BFGS | iteration: 106, total loss=37731438690304.0000, content_loss=1222140136.7188, style loss=37730205468750.0000, tv loss=12688276.0000
L-BFGS | iteration: 107, total loss=37239664934912.0000, content_loss=1227100878.9062, style loss=37238423437500.0000, tv loss=12717585.0000
L-BFGS | iteration: 108, total loss=36825800376320.0000, content_loss=1223295312.5000, style loss=36824561718750.0000, tv loss=12727684.0000
L-BFGS | iteration: 109, total loss=36494643298304.0000, content_loss=1225874218.7500, style loss=36493403906250.0000, tv loss=12701908.0000
L-BFGS | iteration: 110, total loss=36159694569472.0000, content_loss=1222630273.4375, style loss=36158460937500.0000, tv loss=12732426.0000
L-BFGS | iteration: 111, total loss=35858182832128.0000, content_loss=1226472070.3125, style loss=35856944531250.0000, tv loss=12742760.0000
L-BFGS | iteration: 112, total loss=35439285108736.0000, content_loss=1227121386.7188, style loss=35438043750000.0000, tv loss=12751264.0000
L-BFGS | iteration: 113, total loss=35065539067904.0000, content_loss=1229042578.1250, style loss=35064297656250.0000, tv loss=12795898.0000
L-BFGS | iteration: 114, total loss=34678939582464.0000, content_loss=1227346191.4062, style loss=34677700781250.0000, tv loss=12777057.0000
L-BFGS | iteration: 115, total loss=34434959015936.0000, content_loss=1226884667.9688, style loss=34433718750000.0000, tv loss=12787646.0000
L-BFGS | iteration: 116, total loss=33983842746368.0000, content_loss=1229161621.0938, style loss=33982600781250.0000, tv loss=12805662.0000
L-BFGS | iteration: 117, total loss=33666564620288.0000, content_loss=1227351757.8125, style loss=33665325000000.0000, tv loss=12829922.0000
L-BFGS | iteration: 118, total loss=33361041031168.0000, content_loss=1230705078.1250, style loss=33359798437500.0000, tv loss=12819952.0000
L-BFGS | iteration: 119, total loss=33263441674240.0000, content_loss=1224319824.2188, style loss=33262204687500.0000, tv loss=12852296.0000
L-BFGS | iteration: 120, total loss=32914618187776.0000, content_loss=1230012011.7188, style loss=32913375000000.0000, tv loss=12835885.0000
L-BFGS | iteration: 121, total loss=32773337251840.0000, content_loss=1230407226.5625, style loss=32772093750000.0000, tv loss=12841465.0000
L-BFGS | iteration: 122, total loss=32385911488512.0000, content_loss=1229169238.2812, style loss=32384669531250.0000, tv loss=12867422.0000
L-BFGS | iteration: 123, total loss=32000809369600.0000, content_loss=1229917773.4375, style loss=31999567968750.0000, tv loss=12893398.0000
L-BFGS | iteration: 124, total loss=31586389065728.0000, content_loss=1229739453.1250, style loss=31585148437500.0000, tv loss=12905654.0000
L-BFGS | iteration: 125, total loss=31242554703872.0000, content_loss=1234628906.2500, style loss=31241306250000.0000, tv loss=12935238.0000
L-BFGS | iteration: 126, total loss=30963172114432.0000, content_loss=1232978515.6250, style loss=30961926562500.0000, tv loss=12929872.0000
L-BFGS | iteration: 127, total loss=30771643416576.0000, content_loss=1230889453.1250, style loss=30770400000000.0000, tv loss=12946484.0000
L-BFGS | iteration: 128, total loss=30524693282816.0000, content_loss=1234615625.0000, style loss=30523446093750.0000, tv loss=12936119.0000
L-BFGS | iteration: 129, total loss=30263297966080.0000, content_loss=1230838867.1875, style loss=30262054687500.0000, tv loss=12969254.0000
L-BFGS | iteration: 130, total loss=30037373878272.0000, content_loss=1232531347.6562, style loss=30036128906250.0000, tv loss=12981280.0000
L-BFGS | iteration: 131, total loss=29767736754176.0000, content_loss=1231710156.2500, style loss=29766492187500.0000, tv loss=12993192.0000
L-BFGS | iteration: 132, total loss=29496904253440.0000, content_loss=1235633691.4062, style loss=29495655468750.0000, tv loss=13022267.0000
L-BFGS | iteration: 133, total loss=29235664125952.0000, content_loss=1232703222.6562, style loss=29234418750000.0000, tv loss=13022424.0000
L-BFGS | iteration: 134, total loss=29020550856704.0000, content_loss=1233614648.4375, style loss=29019304687500.0000, tv loss=13027682.0000
L-BFGS | iteration: 135, total loss=28747669438464.0000, content_loss=1232337695.3125, style loss=28746424218750.0000, tv loss=13053630.0000
L-BFGS | iteration: 136, total loss=28576472629248.0000, content_loss=1237458593.7500, style loss=28575222656250.0000, tv loss=13043365.0000
L-BFGS | iteration: 137, total loss=28351146229760.0000, content_loss=1236129785.1562, style loss=28349899218750.0000, tv loss=13081862.0000
L-BFGS | iteration: 138, total loss=28167947419648.0000, content_loss=1236252148.4375, style loss=28166700000000.0000, tv loss=13082924.0000
L-BFGS | iteration: 139, total loss=27989486075904.0000, content_loss=1236703027.3438, style loss=27988235156250.0000, tv loss=13091182.0000
L-BFGS | iteration: 140, total loss=27698082611200.0000, content_loss=1237955273.4375, style loss=27696832031250.0000, tv loss=13110650.0000
L-BFGS | iteration: 141, total loss=27541400190976.0000, content_loss=1239719531.2500, style loss=27540147656250.0000, tv loss=13152038.0000
L-BFGS | iteration: 142, total loss=27264259457024.0000, content_loss=1240598144.5312, style loss=27263006250000.0000, tv loss=13138378.0000
L-BFGS | iteration: 143, total loss=27162920878080.0000, content_loss=1239337890.6250, style loss=27161669531250.0000, tv loss=13154569.0000
L-BFGS | iteration: 144, total loss=27013341511680.0000, content_loss=1241549218.7500, style loss=27012086718750.0000, tv loss=13151518.0000
L-BFGS | iteration: 145, total loss=26802649038848.0000, content_loss=1239046386.7188, style loss=26801397656250.0000, tv loss=13166920.0000
L-BFGS | iteration: 146, total loss=26574971731968.0000, content_loss=1239900292.9688, style loss=26573718750000.0000, tv loss=13190264.0000
L-BFGS | iteration: 147, total loss=26375213809664.0000, content_loss=1237000390.6250, style loss=26373963281250.0000, tv loss=13195694.0000
L-BFGS | iteration: 148, total loss=26182781239296.0000, content_loss=1239269238.2812, style loss=26181529687500.0000, tv loss=13214714.0000
L-BFGS | iteration: 149, total loss=25979030339584.0000, content_loss=1240520214.8438, style loss=25977775781250.0000, tv loss=13232363.0000
L-BFGS | iteration: 150, total loss=25739487346688.0000, content_loss=1243106933.5938, style loss=25738230468750.0000, tv loss=13257598.0000
L-BFGS | iteration: 151, total loss=25562089259008.0000, content_loss=1242023632.8125, style loss=25560834375000.0000, tv loss=13280531.0000
L-BFGS | iteration: 152, total loss=25504908312576.0000, content_loss=1245936230.4688, style loss=25503649218750.0000, tv loss=13255424.0000
L-BFGS | iteration: 153, total loss=25322063921152.0000, content_loss=1244169824.2188, style loss=25320808593750.0000, tv loss=13281412.0000
L-BFGS | iteration: 154, total loss=25211332198400.0000, content_loss=1243134570.3125, style loss=25210075781250.0000, tv loss=13298196.0000
L-BFGS | iteration: 155, total loss=25069258539008.0000, content_loss=1243130664.0625, style loss=25068002343750.0000, tv loss=13307066.0000
L-BFGS | iteration: 156, total loss=24824776753152.0000, content_loss=1242503710.9375, style loss=24823523437500.0000, tv loss=13326188.0000
L-BFGS | iteration: 157, total loss=24667725234176.0000, content_loss=1246211914.0625, style loss=24666466406250.0000, tv loss=13352997.0000
L-BFGS | iteration: 158, total loss=24483100360704.0000, content_loss=1244960449.2188, style loss=24481842187500.0000, tv loss=13343120.0000
L-BFGS | iteration: 159, total loss=24366693744640.0000, content_loss=1244922949.2188, style loss=24365435156250.0000, tv loss=13354088.0000
L-BFGS | iteration: 160, total loss=24235040833536.0000, content_loss=1246659179.6875, style loss=24233782031250.0000, tv loss=13357725.0000
L-BFGS | iteration: 161, total loss=24146750734336.0000, content_loss=1242368750.0000, style loss=24145497656250.0000, tv loss=13405515.0000
L-BFGS | iteration: 162, total loss=23957757493248.0000, content_loss=1246334082.0312, style loss=23956500000000.0000, tv loss=13397470.0000
L-BFGS | iteration: 163, total loss=23851670962176.0000, content_loss=1246689257.8125, style loss=23850412500000.0000, tv loss=13404612.0000
L-BFGS | iteration: 164, total loss=23644438790144.0000, content_loss=1246428710.9375, style loss=23643180468750.0000, tv loss=13423251.0000
L-BFGS | iteration: 165, total loss=23488098205696.0000, content_loss=1247361621.0938, style loss=23486838281250.0000, tv loss=13444996.0000
L-BFGS | iteration: 166, total loss=23339858919424.0000, content_loss=1248311621.0938, style loss=23338598437500.0000, tv loss=13448965.0000
L-BFGS | iteration: 167, total loss=23215296479232.0000, content_loss=1248817285.1562, style loss=23214035156250.0000, tv loss=13455443.0000
L-BFGS | iteration: 168, total loss=23083133960192.0000, content_loss=1248400488.2812, style loss=23081873437500.0000, tv loss=13474350.0000
L-BFGS | iteration: 169, total loss=22922416619520.0000, content_loss=1250194042.9688, style loss=22921153125000.0000, tv loss=13478468.0000
L-BFGS | iteration: 170, total loss=22831538634752.0000, content_loss=1248846289.0625, style loss=22830278906250.0000, tv loss=13527216.0000
L-BFGS | iteration: 171, total loss=22678092120064.0000, content_loss=1250481640.6250, style loss=22676828906250.0000, tv loss=13513846.0000
L-BFGS | iteration: 172, total loss=22575346352128.0000, content_loss=1249196875.0000, style loss=22574083593750.0000, tv loss=13512283.0000
L-BFGS | iteration: 173, total loss=22493412720640.0000, content_loss=1250248046.8750, style loss=22492150781250.0000, tv loss=13524136.0000
L-BFGS | iteration: 174, total loss=22349715865600.0000, content_loss=1248238964.8438, style loss=22348455468750.0000, tv loss=13546647.0000
L-BFGS | iteration: 175, total loss=22208076316672.0000, content_loss=1252809472.6562, style loss=22206810937500.0000, tv loss=13562804.0000
L-BFGS | iteration: 176, total loss=22118349668352.0000, content_loss=1251494140.6250, style loss=22117085156250.0000, tv loss=13570265.0000
L-BFGS | iteration: 177, total loss=22000909156352.0000, content_loss=1251361914.0625, style loss=21999644531250.0000, tv loss=13575958.0000
L-BFGS | iteration: 178, total loss=21883810480128.0000, content_loss=1250901171.8750, style loss=21882548437500.0000, tv loss=13602408.0000
L-BFGS | iteration: 179, total loss=21753334071296.0000, content_loss=1252019921.8750, style loss=21752069531250.0000, tv loss=13601416.0000
L-BFGS | iteration: 180, total loss=21638389170176.0000, content_loss=1253856347.6562, style loss=21637122656250.0000, tv loss=13620414.0000
L-BFGS | iteration: 181, total loss=21531090485248.0000, content_loss=1254510546.8750, style loss=21529823437500.0000, tv loss=13631430.0000
L-BFGS | iteration: 182, total loss=21381733416960.0000, content_loss=1255360156.2500, style loss=21380463281250.0000, tv loss=13645309.0000
L-BFGS | iteration: 183, total loss=21264651517952.0000, content_loss=1253489257.8125, style loss=21263383593750.0000, tv loss=13668227.0000
L-BFGS | iteration: 184, total loss=21176766169088.0000, content_loss=1256059277.3438, style loss=21175495312500.0000, tv loss=13655772.0000
L-BFGS | iteration: 185, total loss=21101029621760.0000, content_loss=1254620117.1875, style loss=21099761718750.0000, tv loss=13675152.0000
L-BFGS | iteration: 186, total loss=21033467772928.0000, content_loss=1254705468.7500, style loss=21032198437500.0000, tv loss=13679098.0000
L-BFGS | iteration: 187, total loss=20870051397632.0000, content_loss=1254891894.5312, style loss=20868782812500.0000, tv loss=13698462.0000
L-BFGS | iteration: 188, total loss=20765026025472.0000, content_loss=1256927539.0625, style loss=20763754687500.0000, tv loss=13704300.0000
L-BFGS | iteration: 189, total loss=20667963539456.0000, content_loss=1256292578.1250, style loss=20666692968750.0000, tv loss=13721132.0000
L-BFGS | iteration: 190, total loss=20570288685056.0000, content_loss=1257848730.4688, style loss=20569014843750.0000, tv loss=13732300.0000
L-BFGS | iteration: 191, total loss=20505583157248.0000, content_loss=1256346875.0000, style loss=20504313281250.0000, tv loss=13755464.0000
L-BFGS | iteration: 192, total loss=20405710487552.0000, content_loss=1257551269.5312, style loss=20404436718750.0000, tv loss=13751506.0000
L-BFGS | iteration: 193, total loss=20286929895424.0000, content_loss=1258892675.7812, style loss=20285657812500.0000, tv loss=13766806.0000
L-BFGS | iteration: 194, total loss=20185962512384.0000, content_loss=1255948828.1250, style loss=20184691406250.0000, tv loss=13766302.0000
L-BFGS | iteration: 195, total loss=20098305753088.0000, content_loss=1258122167.9688, style loss=20097032812500.0000, tv loss=13781592.0000
L-BFGS | iteration: 196, total loss=20031765217280.0000, content_loss=1258233398.4375, style loss=20030491406250.0000, tv loss=13798416.0000
L-BFGS | iteration: 197, total loss=19914907713536.0000, content_loss=1259355859.3750, style loss=19913632031250.0000, tv loss=13810809.0000
L-BFGS | iteration: 198, total loss=19855747055616.0000, content_loss=1256190625.0000, style loss=19854475781250.0000, tv loss=13841251.0000
L-BFGS | iteration: 199, total loss=19776998998016.0000, content_loss=1259236816.4062, style loss=19775725781250.0000, tv loss=13823919.0000
L-BFGS | iteration: 200, total loss=19716204658688.0000, content_loss=1260521386.7188, style loss=19714928906250.0000, tv loss=13833728.0000
L-BFGS | iteration: 201, total loss=19668353941504.0000, content_loss=1260312402.3438, style loss=19667078906250.0000, tv loss=13841471.0000
L-BFGS | iteration: 202, total loss=19570366611456.0000, content_loss=1260263378.9062, style loss=19569092578125.0000, tv loss=13861812.0000
L-BFGS | iteration: 203, total loss=19475564855296.0000, content_loss=1260877734.3750, style loss=19474290234375.0000, tv loss=13867884.0000
L-BFGS | iteration: 204, total loss=19344364929024.0000, content_loss=1260950585.9375, style loss=19343090625000.0000, tv loss=13892098.0000
L-BFGS | iteration: 205, total loss=19253939929088.0000, content_loss=1261527929.6875, style loss=19252661718750.0000, tv loss=13903116.0000
L-BFGS | iteration: 206, total loss=19187248398336.0000, content_loss=1262246191.4062, style loss=19185971484375.0000, tv loss=13904653.0000
L-BFGS | iteration: 207, total loss=19116675039232.0000, content_loss=1261441503.9062, style loss=19115398828125.0000, tv loss=13929098.0000
L-BFGS | iteration: 208, total loss=19054970535936.0000, content_loss=1263844531.2500, style loss=19053690234375.0000, tv loss=13924649.0000
L-BFGS | iteration: 209, total loss=18989537296384.0000, content_loss=1262996484.3750, style loss=18988259765625.0000, tv loss=13936338.0000
L-BFGS | iteration: 210, total loss=18905139511296.0000, content_loss=1262402050.7812, style loss=18903862500000.0000, tv loss=13957575.0000
L-BFGS | iteration: 211, total loss=18845012066304.0000, content_loss=1262759667.9688, style loss=18843734765625.0000, tv loss=13960703.0000
L-BFGS | iteration: 212, total loss=18734085308416.0000, content_loss=1264088085.9375, style loss=18732806250000.0000, tv loss=13985826.0000
L-BFGS | iteration: 213, total loss=18658285846528.0000, content_loss=1263283105.4688, style loss=18657008203125.0000, tv loss=13983194.0000
L-BFGS | iteration: 214, total loss=18605508919296.0000, content_loss=1264227636.7188, style loss=18604230468750.0000, tv loss=13987398.0000
L-BFGS | iteration: 215, total loss=18526052024320.0000, content_loss=1263442089.8438, style loss=18524773828125.0000, tv loss=14017247.0000
L-BFGS | iteration: 216, total loss=18468533436416.0000, content_loss=1266604101.5625, style loss=18467252343750.0000, tv loss=14007580.0000
L-BFGS | iteration: 217, total loss=18410643652608.0000, content_loss=1265626074.2188, style loss=18409365234375.0000, tv loss=14018402.0000
L-BFGS | iteration: 218, total loss=18335641108480.0000, content_loss=1263656152.3438, style loss=18334362890625.0000, tv loss=14043104.0000
L-BFGS | iteration: 219, total loss=18290413928448.0000, content_loss=1264402636.7188, style loss=18289134375000.0000, tv loss=14041658.0000
L-BFGS | iteration: 220, total loss=18197805793280.0000, content_loss=1264912304.6875, style loss=18196526953125.0000, tv loss=14054409.0000
L-BFGS | iteration: 221, total loss=18116868308992.0000, content_loss=1266390527.3438, style loss=18115587890625.0000, tv loss=14076914.0000
L-BFGS | iteration: 222, total loss=18049931411456.0000, content_loss=1265605371.0938, style loss=18048652734375.0000, tv loss=14079248.0000
L-BFGS | iteration: 223, total loss=17997135609856.0000, content_loss=1266464648.4375, style loss=17995855078125.0000, tv loss=14085786.0000
L-BFGS | iteration: 224, total loss=17924349755392.0000, content_loss=1265026269.5312, style loss=17923071093750.0000, tv loss=14104494.0000
L-BFGS | iteration: 225, total loss=17858375450624.0000, content_loss=1267538671.8750, style loss=17857093359375.0000, tv loss=14102416.0000
L-BFGS | iteration: 226, total loss=17805174898688.0000, content_loss=1267646191.4062, style loss=17803893750000.0000, tv loss=14126185.0000
L-BFGS | iteration: 227, total loss=17741683621888.0000, content_loss=1266917480.4688, style loss=17740402734375.0000, tv loss=14132942.0000
L-BFGS | iteration: 228, total loss=17670487408640.0000, content_loss=1266880273.4375, style loss=17669205468750.0000, tv loss=14142250.0000
L-BFGS | iteration: 229, total loss=17591246520320.0000, content_loss=1266216699.2188, style loss=17589965625000.0000, tv loss=14156436.0000
L-BFGS | iteration: 230, total loss=17518255144960.0000, content_loss=1266557226.5625, style loss=17516974218750.0000, tv loss=14167814.0000
L-BFGS | iteration: 231, total loss=17461469511680.0000, content_loss=1267772656.2500, style loss=17460187500000.0000, tv loss=14173998.0000
L-BFGS | iteration: 232, total loss=17411005743104.0000, content_loss=1266889941.4062, style loss=17409724218750.0000, tv loss=14192775.0000
L-BFGS | iteration: 233, total loss=17351270465536.0000, content_loss=1269157128.9062, style loss=17349986718750.0000, tv loss=14187282.0000
L-BFGS | iteration: 234, total loss=17296333471744.0000, content_loss=1269014062.5000, style loss=17295050390625.0000, tv loss=14205233.0000
L-BFGS | iteration: 235, total loss=17233211293696.0000, content_loss=1268911816.4062, style loss=17231927343750.0000, tv loss=14214468.0000
L-BFGS | iteration: 236, total loss=17156048683008.0000, content_loss=1269184179.6875, style loss=17154765234375.0000, tv loss=14226818.0000
L-BFGS | iteration: 237, total loss=17098757636096.0000, content_loss=1269207031.2500, style loss=17097474609375.0000, tv loss=14242543.0000
L-BFGS | iteration: 238, total loss=17039237316608.0000, content_loss=1269671777.3438, style loss=17037952734375.0000, tv loss=14239926.0000
L-BFGS | iteration: 239, total loss=16997567954944.0000, content_loss=1269133691.4062, style loss=16996284375000.0000, tv loss=14254635.0000
L-BFGS | iteration: 240, total loss=16955343896576.0000, content_loss=1270489257.8125, style loss=16954058203125.0000, tv loss=14255880.0000
L-BFGS | iteration: 241, total loss=16905149612032.0000, content_loss=1269917773.4375, style loss=16903865625000.0000, tv loss=14266470.0000
L-BFGS | iteration: 242, total loss=16834479783936.0000, content_loss=1269858691.4062, style loss=16833195703125.0000, tv loss=14287289.0000
L-BFGS | iteration: 243, total loss=16775199588352.0000, content_loss=1269569531.2500, style loss=16773915234375.0000, tv loss=14282744.0000
L-BFGS | iteration: 244, total loss=16716406980608.0000, content_loss=1270217968.7500, style loss=16715122265625.0000, tv loss=14300030.0000
L-BFGS | iteration: 245, total loss=16660258881536.0000, content_loss=1270181933.5938, style loss=16658974218750.0000, tv loss=14312790.0000
L-BFGS | iteration: 246, total loss=16587544330240.0000, content_loss=1271705664.0625, style loss=16586258203125.0000, tv loss=14327201.0000
L-BFGS | iteration: 247, total loss=16537409814528.0000, content_loss=1269338183.5938, style loss=16536125390625.0000, tv loss=14343387.0000
L-BFGS | iteration: 248, total loss=16501346140160.0000, content_loss=1271654101.5625, style loss=16500059765625.0000, tv loss=14333038.0000
L-BFGS | iteration: 249, total loss=16460598476800.0000, content_loss=1272580468.7500, style loss=16459311328125.0000, tv loss=14347314.0000
L-BFGS | iteration: 250, total loss=16432224010240.0000, content_loss=1272093652.3438, style loss=16430937890625.0000, tv loss=14351743.0000
L-BFGS | iteration: 251, total loss=16371989610496.0000, content_loss=1271812304.6875, style loss=16370703515625.0000, tv loss=14366402.0000
L-BFGS | iteration: 252, total loss=16309838413824.0000, content_loss=1271928613.2812, style loss=16308551953125.0000, tv loss=14371768.0000
L-BFGS | iteration: 253, total loss=16250513129472.0000, content_loss=1272218066.4062, style loss=16249226953125.0000, tv loss=14392425.0000
L-BFGS | iteration: 254, total loss=16206298873856.0000, content_loss=1273930078.1250, style loss=16205009765625.0000, tv loss=14391468.0000
L-BFGS | iteration: 255, total loss=16171974787072.0000, content_loss=1273071875.0000, style loss=16170686718750.0000, tv loss=14404357.0000
L-BFGS | iteration: 256, total loss=16130174353408.0000, content_loss=1273103222.6562, style loss=16128887109375.0000, tv loss=14410489.0000
L-BFGS | iteration: 257, total loss=16057801637888.0000, content_loss=1273065039.0625, style loss=16056514453125.0000, tv loss=14424120.0000
L-BFGS | iteration: 258, total loss=16010532880384.0000, content_loss=1272819042.9688, style loss=16009245703125.0000, tv loss=14432614.0000
L-BFGS | iteration: 259, total loss=15975370981376.0000, content_loss=1273389746.0938, style loss=15974083593750.0000, tv loss=14434288.0000
L-BFGS | iteration: 260, total loss=15926402482176.0000, content_loss=1273289648.4375, style loss=15925114453125.0000, tv loss=14451843.0000
L-BFGS | iteration: 261, total loss=15890371313664.0000, content_loss=1274665332.0312, style loss=15889081640625.0000, tv loss=14446088.0000
L-BFGS | iteration: 262, total loss=15843088924672.0000, content_loss=1274375292.9688, style loss=15841800000000.0000, tv loss=14460916.0000
L-BFGS | iteration: 263, total loss=15783751057408.0000, content_loss=1273835546.8750, style loss=15782462109375.0000, tv loss=14487662.0000
L-BFGS | iteration: 264, total loss=15739120517120.0000, content_loss=1274604687.5000, style loss=15737831250000.0000, tv loss=14486096.0000
L-BFGS | iteration: 265, total loss=15685283479552.0000, content_loss=1274889843.7500, style loss=15683994140625.0000, tv loss=14496996.0000
L-BFGS | iteration: 266, total loss=15632662790144.0000, content_loss=1275361621.0938, style loss=15631373437500.0000, tv loss=14506019.0000
L-BFGS | iteration: 267, total loss=15582084726784.0000, content_loss=1275891992.1875, style loss=15580794140625.0000, tv loss=14514833.0000
L-BFGS | iteration: 268, total loss=15540051509248.0000, content_loss=1274970214.8438, style loss=15538761328125.0000, tv loss=14524922.0000
L-BFGS | iteration: 269, total loss=15495666335744.0000, content_loss=1276588769.5312, style loss=15494375390625.0000, tv loss=14526143.0000
L-BFGS | iteration: 270, total loss=15463047233536.0000, content_loss=1275260546.8750, style loss=15461757421875.0000, tv loss=14546091.0000
L-BFGS | iteration: 271, total loss=15423316688896.0000, content_loss=1275862890.6250, style loss=15422026171875.0000, tv loss=14544956.0000
L-BFGS | iteration: 272, total loss=15371188830208.0000, content_loss=1277064257.8125, style loss=15369896484375.0000, tv loss=14557910.0000
L-BFGS | iteration: 273, total loss=15329488011264.0000, content_loss=1276004882.8125, style loss=15328197656250.0000, tv loss=14561304.0000
L-BFGS | iteration: 274, total loss=15291041972224.0000, content_loss=1276686425.7812, style loss=15289749609375.0000, tv loss=14574164.0000
L-BFGS | iteration: 275, total loss=15241753657344.0000, content_loss=1276836621.0938, style loss=15240461718750.0000, tv loss=14582640.0000
L-BFGS | iteration: 276, total loss=15203770040320.0000, content_loss=1277469628.9062, style loss=15202477734375.0000, tv loss=14603934.0000
L-BFGS | iteration: 277, total loss=15163560296448.0000, content_loss=1277711035.1562, style loss=15162267187500.0000, tv loss=14595484.0000
L-BFGS | iteration: 278, total loss=15137445511168.0000, content_loss=1275953222.6562, style loss=15136154296875.0000, tv loss=14608144.0000
L-BFGS | iteration: 279, total loss=15107558998016.0000, content_loss=1277247949.2188, style loss=15106266796875.0000, tv loss=14604882.0000
L-BFGS | iteration: 280, total loss=15081662316544.0000, content_loss=1277617675.7812, style loss=15080370703125.0000, tv loss=14611320.0000
L-BFGS | iteration: 281, total loss=15032926601216.0000, content_loss=1277505859.3750, style loss=15031634765625.0000, tv loss=14632112.0000
L-BFGS | iteration: 282, total loss=14993196056576.0000, content_loss=1277932617.1875, style loss=14991903515625.0000, tv loss=14637998.0000
L-BFGS | iteration: 283, total loss=14939718680576.0000, content_loss=1277580664.0625, style loss=14938427343750.0000, tv loss=14656266.0000
L-BFGS | iteration: 284, total loss=14898871402496.0000, content_loss=1278709667.9688, style loss=14897578125000.0000, tv loss=14653217.0000
L-BFGS | iteration: 285, total loss=14867946799104.0000, content_loss=1278858886.7188, style loss=14866652343750.0000, tv loss=14660200.0000
L-BFGS | iteration: 286, total loss=14808991662080.0000, content_loss=1279082226.5625, style loss=14807697656250.0000, tv loss=14672578.0000
L-BFGS | iteration: 287, total loss=14776818204672.0000, content_loss=1278708300.7812, style loss=14775525000000.0000, tv loss=14690636.0000
L-BFGS | iteration: 288, total loss=14742094610432.0000, content_loss=1280564453.1250, style loss=14740800000000.0000, tv loss=14684790.0000
L-BFGS | iteration: 289, total loss=14708953317376.0000, content_loss=1279508886.7188, style loss=14707659375000.0000, tv loss=14693158.0000
L-BFGS | iteration: 290, total loss=14688008011776.0000, content_loss=1279074218.7500, style loss=14686714453125.0000, tv loss=14699820.0000
L-BFGS | iteration: 291, total loss=14648609865728.0000, content_loss=1278788867.1875, style loss=14647316015625.0000, tv loss=14709797.0000
L-BFGS | iteration: 292, total loss=14593817575424.0000, content_loss=1279079980.4688, style loss=14592523828125.0000, tv loss=14720390.0000
L-BFGS | iteration: 293, total loss=14560222248960.0000, content_loss=1280204101.5625, style loss=14558927343750.0000, tv loss=14740864.0000
L-BFGS | iteration: 294, total loss=14523892236288.0000, content_loss=1280875878.9062, style loss=14522595703125.0000, tv loss=14730052.0000
L-BFGS | iteration: 295, total loss=14497992409088.0000, content_loss=1280410546.8750, style loss=14496697265625.0000, tv loss=14738622.0000
L-BFGS | iteration: 296, total loss=14469371527168.0000, content_loss=1281228515.6250, style loss=14468075390625.0000, tv loss=14742100.0000
L-BFGS | iteration: 297, total loss=14427215626240.0000, content_loss=1280762207.0312, style loss=14425920703125.0000, tv loss=14754578.0000
L-BFGS | iteration: 298, total loss=14390854156288.0000, content_loss=1281926660.1562, style loss=14389557421875.0000, tv loss=14772816.0000
L-BFGS | iteration: 299, total loss=14356969422848.0000, content_loss=1280972070.3125, style loss=14355673828125.0000, tv loss=14772896.0000
L-BFGS | iteration: 300, total loss=14323949764608.0000, content_loss=1281097851.5625, style loss=14322653906250.0000, tv loss=14778139.0000
L-BFGS | iteration: 301, total loss=14280557592576.0000, content_loss=1280415234.3750, style loss=14279262890625.0000, tv loss=14789132.0000
L-BFGS | iteration: 302, total loss=14246085656576.0000, content_loss=1282430761.7188, style loss=14244788671875.0000, tv loss=14797066.0000
L-BFGS | iteration: 303, total loss=14221208190976.0000, content_loss=1281590527.3438, style loss=14219912109375.0000, tv loss=14806338.0000
L-BFGS | iteration: 304, total loss=14194176950272.0000, content_loss=1281460449.2188, style loss=14192880468750.0000, tv loss=14802278.0000
L-BFGS | iteration: 305, total loss=14172408512512.0000, content_loss=1281710839.8438, style loss=14171112890625.0000, tv loss=14815643.0000
L-BFGS | iteration: 306, total loss=14148511465472.0000, content_loss=1282202050.7812, style loss=14147214843750.0000, tv loss=14821337.0000
L-BFGS | iteration: 307, total loss=14114510340096.0000, content_loss=1282260839.8438, style loss=14113212890625.0000, tv loss=14829789.0000
L-BFGS | iteration: 308, total loss=14064647405568.0000, content_loss=1282854492.1875, style loss=14063350781250.0000, tv loss=14842870.0000
L-BFGS | iteration: 309, total loss=14033093656576.0000, content_loss=1282530859.3750, style loss=14031796875000.0000, tv loss=14858053.0000
L-BFGS | iteration: 310, total loss=14003544784896.0000, content_loss=1283180078.1250, style loss=14002246875000.0000, tv loss=14851942.0000
L-BFGS | iteration: 311, total loss=13986399518720.0000, content_loss=1282856542.9688, style loss=13985102343750.0000, tv loss=14859696.0000
L-BFGS | iteration: 312, total loss=13966222819328.0000, content_loss=1283606640.6250, style loss=13964925000000.0000, tv loss=14857640.0000
L-BFGS | iteration: 313, total loss=13936962306048.0000, content_loss=1283210839.8438, style loss=13935664453125.0000, tv loss=14864749.0000
L-BFGS | iteration: 314, total loss=13895970324480.0000, content_loss=1282905468.7500, style loss=13894673437500.0000, tv loss=14880364.0000
L-BFGS | iteration: 315, total loss=13866427744256.0000, content_loss=1283160644.5312, style loss=13865129296875.0000, tv loss=14883192.0000
L-BFGS | iteration: 316, total loss=13834934812672.0000, content_loss=1283571875.0000, style loss=13833636328125.0000, tv loss=14890640.0000
L-BFGS | iteration: 317, total loss=13789191733248.0000, content_loss=1284179101.5625, style loss=13787892187500.0000, tv loss=14906123.0000
L-BFGS | iteration: 318, total loss=13762247524352.0000, content_loss=1285342871.0938, style loss=13760947265625.0000, tv loss=14909040.0000
L-BFGS | iteration: 319, total loss=13731444555776.0000, content_loss=1284906835.9375, style loss=13730145703125.0000, tv loss=14918579.0000
L-BFGS | iteration: 320, total loss=13711498543104.0000, content_loss=1285206542.9688, style loss=13710198046875.0000, tv loss=14916690.0000
L-BFGS | iteration: 321, total loss=13694877564928.0000, content_loss=1284124316.4062, style loss=13693578515625.0000, tv loss=14930502.0000
L-BFGS | iteration: 322, total loss=13674393632768.0000, content_loss=1284532128.9062, style loss=13673094140625.0000, tv loss=14930438.0000
L-BFGS | iteration: 323, total loss=13638229295104.0000, content_loss=1284609082.0312, style loss=13636930078125.0000, tv loss=14934168.0000
L-BFGS | iteration: 324, total loss=13608513699840.0000, content_loss=1285125683.5938, style loss=13607213671875.0000, tv loss=14946206.0000
L-BFGS | iteration: 325, total loss=13572498259968.0000, content_loss=1283427050.7812, style loss=13571199609375.0000, tv loss=14953286.0000
L-BFGS | iteration: 326, total loss=13544190902272.0000, content_loss=1285588867.1875, style loss=13542890625000.0000, tv loss=14960964.0000
L-BFGS | iteration: 327, total loss=13526344138752.0000, content_loss=1285706640.6250, style loss=13525044140625.0000, tv loss=14970292.0000
L-BFGS | iteration: 328, total loss=13492519174144.0000, content_loss=1285879687.5000, style loss=13491219140625.0000, tv loss=14973182.0000
L-BFGS | iteration: 329, total loss=13462306553856.0000, content_loss=1285398242.1875, style loss=13461005859375.0000, tv loss=14986972.0000
L-BFGS | iteration: 330, total loss=13424421502976.0000, content_loss=1285460449.2188, style loss=13423121484375.0000, tv loss=14989623.0000
L-BFGS | iteration: 331, total loss=13392245948416.0000, content_loss=1285678417.9688, style loss=13390945312500.0000, tv loss=15000220.0000
L-BFGS | iteration: 332, total loss=13360021110784.0000, content_loss=1285160058.5938, style loss=13358721093750.0000, tv loss=15005672.0000
L-BFGS | iteration: 333, total loss=13331199950848.0000, content_loss=1286106250.0000, style loss=13329898828125.0000, tv loss=15011706.0000
L-BFGS | iteration: 334, total loss=13303461969920.0000, content_loss=1285628027.3438, style loss=13302161718750.0000, tv loss=15025910.0000
L-BFGS | iteration: 335, total loss=13280018956288.0000, content_loss=1286940527.3438, style loss=13278717187500.0000, tv loss=15021630.0000
L-BFGS | iteration: 336, total loss=13258027171840.0000, content_loss=1286567382.8125, style loss=13256725781250.0000, tv loss=15032822.0000
L-BFGS | iteration: 337, total loss=13231371321344.0000, content_loss=1286191796.8750, style loss=13230070312500.0000, tv loss=15041876.0000
L-BFGS | iteration: 338, total loss=13205113929728.0000, content_loss=1286060449.2188, style loss=13203813281250.0000, tv loss=15047561.0000
L-BFGS | iteration: 339, total loss=13166763311104.0000, content_loss=1286248730.4688, style loss=13165462500000.0000, tv loss=15057249.0000
L-BFGS | iteration: 340, total loss=13140549959680.0000, content_loss=1285841503.9062, style loss=13139250000000.0000, tv loss=15071792.0000
L-BFGS | iteration: 341, total loss=13119215632384.0000, content_loss=1286883007.8125, style loss=13117914843750.0000, tv loss=15067616.0000
L-BFGS | iteration: 342, total loss=13099867308032.0000, content_loss=1286619433.5938, style loss=13098566015625.0000, tv loss=15076644.0000
L-BFGS | iteration: 343, total loss=13082795442176.0000, content_loss=1286880175.7812, style loss=13081494140625.0000, tv loss=15079034.0000
L-BFGS | iteration: 344, total loss=13055000838144.0000, content_loss=1286841308.5938, style loss=13053699609375.0000, tv loss=15087206.0000
L-BFGS | iteration: 345, total loss=13021312188416.0000, content_loss=1286877050.7812, style loss=13020010546875.0000, tv loss=15099801.0000
L-BFGS | iteration: 346, total loss=12999771291648.0000, content_loss=1286400488.2812, style loss=12998470312500.0000, tv loss=15102348.0000
L-BFGS | iteration: 347, total loss=12974890680320.0000, content_loss=1287650097.6562, style loss=12973587890625.0000, tv loss=15106854.0000
L-BFGS | iteration: 348, total loss=12959836274688.0000, content_loss=1287431152.3438, style loss=12958533984375.0000, tv loss=15118285.0000
L-BFGS | iteration: 349, total loss=12941295353856.0000, content_loss=1287727050.7812, style loss=12939992578125.0000, tv loss=15115048.0000
L-BFGS | iteration: 350, total loss=12914815664128.0000, content_loss=1287871972.6562, style loss=12913512890625.0000, tv loss=15125575.0000
L-BFGS | iteration: 351, total loss=12885073854464.0000, content_loss=1287218750.0000, style loss=12883771875000.0000, tv loss=15132623.0000
L-BFGS | iteration: 352, total loss=12862230626304.0000, content_loss=1287956250.0000, style loss=12860928515625.0000, tv loss=15134806.0000
L-BFGS | iteration: 353, total loss=12840520908800.0000, content_loss=1288105957.0312, style loss=12839218359375.0000, tv loss=15142908.0000
L-BFGS | iteration: 354, total loss=12808443920384.0000, content_loss=1288098242.1875, style loss=12807141796875.0000, tv loss=15152767.0000
L-BFGS | iteration: 355, total loss=12787261636608.0000, content_loss=1288383691.4062, style loss=12785957812500.0000, tv loss=15163301.0000
L-BFGS | iteration: 356, total loss=12763030093824.0000, content_loss=1288338281.2500, style loss=12761726953125.0000, tv loss=15164520.0000
L-BFGS | iteration: 357, total loss=12743793967104.0000, content_loss=1288445703.1250, style loss=12742490625000.0000, tv loss=15167640.0000
L-BFGS | iteration: 358, total loss=12723857391616.0000, content_loss=1288161328.1250, style loss=12722554687500.0000, tv loss=15175620.0000
L-BFGS | iteration: 359, total loss=12699716026368.0000, content_loss=1289199707.0312, style loss=12698412890625.0000, tv loss=15178546.0000
L-BFGS | iteration: 360, total loss=12682639966208.0000, content_loss=1288320117.1875, style loss=12681336328125.0000, tv loss=15198772.0000
L-BFGS | iteration: 361, total loss=12662069002240.0000, content_loss=1289008105.4688, style loss=12660765234375.0000, tv loss=15190376.0000
L-BFGS | iteration: 362, total loss=12643023716352.0000, content_loss=1289219140.6250, style loss=12641719921875.0000, tv loss=15190004.0000
L-BFGS | iteration: 363, total loss=12619387764736.0000, content_loss=1289584472.6562, style loss=12618083203125.0000, tv loss=15195605.0000
L-BFGS | iteration: 364, total loss=12592768614400.0000, content_loss=1288415820.3125, style loss=12591464062500.0000, tv loss=15211482.0000
L-BFGS | iteration: 365, total loss=12566569943040.0000, content_loss=1289615625.0000, style loss=12565264453125.0000, tv loss=15214208.0000
L-BFGS | iteration: 366, total loss=12551321550848.0000, content_loss=1290009667.9688, style loss=12550016015625.0000, tv loss=15216427.0000
L-BFGS | iteration: 367, total loss=12529500684288.0000, content_loss=1289912500.0000, style loss=12528195703125.0000, tv loss=15225066.0000
L-BFGS | iteration: 368, total loss=12504505778176.0000, content_loss=1290555273.4375, style loss=12503199609375.0000, tv loss=15232596.0000
L-BFGS | iteration: 369, total loss=12483751313408.0000, content_loss=1289378906.2500, style loss=12482445703125.0000, tv loss=15239880.0000
L-BFGS | iteration: 370, total loss=12467626311680.0000, content_loss=1290020800.7812, style loss=12466320703125.0000, tv loss=15237383.0000
L-BFGS | iteration: 371, total loss=12450666643456.0000, content_loss=1290379296.8750, style loss=12449360156250.0000, tv loss=15247544.0000
L-BFGS | iteration: 372, total loss=12431862530048.0000, content_loss=1290211425.7812, style loss=12430557421875.0000, tv loss=15243920.0000
L-BFGS | iteration: 373, total loss=12401913102336.0000, content_loss=1290246289.0625, style loss=12400607812500.0000, tv loss=15258288.0000
L-BFGS | iteration: 374, total loss=12375426072576.0000, content_loss=1290279394.5312, style loss=12374119921875.0000, tv loss=15262464.0000
L-BFGS | iteration: 375, total loss=12355036512256.0000, content_loss=1290569238.2812, style loss=12353730468750.0000, tv loss=15271663.0000
L-BFGS | iteration: 376, total loss=12334462402560.0000, content_loss=1290824023.4375, style loss=12333155859375.0000, tv loss=15276790.0000
L-BFGS | iteration: 377, total loss=12310660775936.0000, content_loss=1290636425.7812, style loss=12309353906250.0000, tv loss=15286731.0000
L-BFGS | iteration: 378, total loss=12288153092096.0000, content_loss=1291636035.1562, style loss=12286845703125.0000, tv loss=15287477.0000
L-BFGS | iteration: 379, total loss=12269681377280.0000, content_loss=1290863183.5938, style loss=12268374609375.0000, tv loss=15298448.0000
L-BFGS | iteration: 380, total loss=12251933179904.0000, content_loss=1291333886.7188, style loss=12250625390625.0000, tv loss=15296170.0000
L-BFGS | iteration: 381, total loss=12238591098880.0000, content_loss=1291350878.9062, style loss=12237283593750.0000, tv loss=15300724.0000
L-BFGS | iteration: 382, total loss=12218663960576.0000, content_loss=1291188085.9375, style loss=12217357031250.0000, tv loss=15306345.0000
L-BFGS | iteration: 383, total loss=12196434149376.0000, content_loss=1291669726.5625, style loss=12195126562500.0000, tv loss=15315144.0000
L-BFGS | iteration: 384, total loss=12175116599296.0000, content_loss=1290504882.8125, style loss=12173810156250.0000, tv loss=15319282.0000
L-BFGS | iteration: 385, total loss=12158118133760.0000, content_loss=1291630761.7188, style loss=12156810937500.0000, tv loss=15323966.0000
L-BFGS | iteration: 386, total loss=12143741108224.0000, content_loss=1291530273.4375, style loss=12142433203125.0000, tv loss=15329480.0000
L-BFGS | iteration: 387, total loss=12125034512384.0000, content_loss=1292052050.7812, style loss=12123726562500.0000, tv loss=15328819.0000
L-BFGS | iteration: 388, total loss=12106560700416.0000, content_loss=1291455664.0625, style loss=12105253125000.0000, tv loss=15342114.0000
L-BFGS | iteration: 389, total loss=12087243833344.0000, content_loss=1291556054.6875, style loss=12085935937500.0000, tv loss=15341050.0000
L-BFGS | iteration: 390, total loss=12067455107072.0000, content_loss=1292070214.8438, style loss=12066147656250.0000, tv loss=15345438.0000
L-BFGS | iteration: 391, total loss=12047998779392.0000, content_loss=1291818066.4062, style loss=12046691015625.0000, tv loss=15352024.0000
L-BFGS | iteration: 392, total loss=12030889164800.0000, content_loss=1292293457.0312, style loss=12029581640625.0000, tv loss=15355096.0000
L-BFGS | iteration: 393, total loss=12012289523712.0000, content_loss=1292161425.7812, style loss=12010981640625.0000, tv loss=15363884.0000
L-BFGS | iteration: 394, total loss=11994217316352.0000, content_loss=1292906445.3125, style loss=11992908984375.0000, tv loss=15368016.0000
L-BFGS | iteration: 395, total loss=11976561393664.0000, content_loss=1291995898.4375, style loss=11975253515625.0000, tv loss=15376802.0000
L-BFGS | iteration: 396, total loss=11958542663680.0000, content_loss=1291775390.6250, style loss=11957234765625.0000, tv loss=15376024.0000
L-BFGS | iteration: 397, total loss=11942420807680.0000, content_loss=1291525683.5938, style loss=11941113281250.0000, tv loss=15382807.0000
L-BFGS | iteration: 398, total loss=11925980184576.0000, content_loss=1292027050.7812, style loss=11924673046875.0000, tv loss=15382377.0000
L-BFGS | iteration: 399, total loss=11905263468544.0000, content_loss=1291962109.3750, style loss=11903955468750.0000, tv loss=15390755.0000
L-BFGS | iteration: 400, total loss=11883633442816.0000, content_loss=1293130078.1250, style loss=11882325000000.0000, tv loss=15393865.0000
L-BFGS | iteration: 401, total loss=11865057918976.0000, content_loss=1293459082.0312, style loss=11863748437500.0000, tv loss=15403066.0000
L-BFGS | iteration: 402, total loss=11848458960896.0000, content_loss=1293235644.5312, style loss=11847150000000.0000, tv loss=15411497.0000
L-BFGS | iteration: 403, total loss=11832638046208.0000, content_loss=1293831738.2812, style loss=11831328515625.0000, tv loss=15408969.0000
L-BFGS | iteration: 404, total loss=11818158260224.0000, content_loss=1293698242.1875, style loss=11816848828125.0000, tv loss=15417705.0000
L-BFGS | iteration: 405, total loss=11801006702592.0000, content_loss=1293452734.3750, style loss=11799697265625.0000, tv loss=15421204.0000
L-BFGS | iteration: 406, total loss=11781009309696.0000, content_loss=1293474414.0625, style loss=11779699218750.0000, tv loss=15426846.0000
L-BFGS | iteration: 407, total loss=11761614848000.0000, content_loss=1293016503.9062, style loss=11760305859375.0000, tv loss=15427070.0000
L-BFGS | iteration: 408, total loss=11742832754688.0000, content_loss=1294004687.5000, style loss=11741523046875.0000, tv loss=15438706.0000
L-BFGS | iteration: 409, total loss=11730914639872.0000, content_loss=1294273828.1250, style loss=11729605078125.0000, tv loss=15439742.0000
L-BFGS | iteration: 410, total loss=11714433122304.0000, content_loss=1293979980.4688, style loss=11713123828125.0000, tv loss=15452006.0000
L-BFGS | iteration: 411, total loss=11699892518912.0000, content_loss=1295253906.2500, style loss=11698582031250.0000, tv loss=15448919.0000
L-BFGS | iteration: 412, total loss=11684354719744.0000, content_loss=1294473046.8750, style loss=11683044140625.0000, tv loss=15453020.0000
L-BFGS | iteration: 413, total loss=11668977352704.0000, content_loss=1293882714.8438, style loss=11667667968750.0000, tv loss=15457670.0000
L-BFGS | iteration: 414, total loss=11655741177856.0000, content_loss=1294104589.8438, style loss=11654431640625.0000, tv loss=15458962.0000
L-BFGS | iteration: 415, total loss=11627058429952.0000, content_loss=1294430664.0625, style loss=11625748828125.0000, tv loss=15467969.0000
L-BFGS | iteration: 416, total loss=11608715689984.0000, content_loss=1295283300.7812, style loss=11607405468750.0000, tv loss=15472658.0000
L-BFGS | iteration: 417, total loss=11591479197696.0000, content_loss=1295318261.7188, style loss=11590168359375.0000, tv loss=15476146.0000
L-BFGS | iteration: 418, total loss=11579054620672.0000, content_loss=1295056835.9375, style loss=11577744140625.0000, tv loss=15484844.0000
L-BFGS | iteration: 419, total loss=11567049474048.0000, content_loss=1295403906.2500, style loss=11565738281250.0000, tv loss=15482353.0000
L-BFGS | iteration: 420, total loss=11552381992960.0000, content_loss=1294981640.6250, style loss=11551071093750.0000, tv loss=15490483.0000
L-BFGS | iteration: 421, total loss=11536457269248.0000, content_loss=1294882226.5625, style loss=11535146484375.0000, tv loss=15496002.0000
L-BFGS | iteration: 422, total loss=11522327707648.0000, content_loss=1294868750.0000, style loss=11521017187500.0000, tv loss=15497636.0000
L-BFGS | iteration: 423, total loss=11499146838016.0000, content_loss=1295501074.2188, style loss=11497836328125.0000, tv loss=15506268.0000
L-BFGS | iteration: 424, total loss=11485827825664.0000, content_loss=1294540527.3438, style loss=11484516796875.0000, tv loss=15510134.0000
L-BFGS | iteration: 425, total loss=11473913905152.0000, content_loss=1295611035.1562, style loss=11472602343750.0000, tv loss=15508792.0000
L-BFGS | iteration: 426, total loss=11463818215424.0000, content_loss=1295971289.0625, style loss=11462506640625.0000, tv loss=15514992.0000
L-BFGS | iteration: 427, total loss=11454616961024.0000, content_loss=1295922851.5625, style loss=11453305078125.0000, tv loss=15515112.0000
L-BFGS | iteration: 428, total loss=11433279488000.0000, content_loss=1295776269.5312, style loss=11431967578125.0000, tv loss=15525221.0000
L-BFGS | iteration: 429, total loss=11420344254464.0000, content_loss=1295170703.1250, style loss=11419033593750.0000, tv loss=15517596.0000
L-BFGS | iteration: 430, total loss=11405997637632.0000, content_loss=1295757226.5625, style loss=11404686328125.0000, tv loss=15524375.0000
L-BFGS | iteration: 431, total loss=11394136145920.0000, content_loss=1295863867.1875, style loss=11392824609375.0000, tv loss=15533170.0000
L-BFGS | iteration: 432, total loss=11382609149952.0000, content_loss=1296462500.0000, style loss=11381296875000.0000, tv loss=15534734.0000
L-BFGS | iteration: 433, total loss=11366375096320.0000, content_loss=1296300781.2500, style loss=11365062890625.0000, tv loss=15545426.0000
L-BFGS | iteration: 434, total loss=11349454225408.0000, content_loss=1296425781.2500, style loss=11348142187500.0000, tv loss=15544351.0000
L-BFGS | iteration: 435, total loss=11332990533632.0000, content_loss=1296765820.3125, style loss=11331677343750.0000, tv loss=15550867.0000
L-BFGS | iteration: 436, total loss=11317915156480.0000, content_loss=1296586230.4688, style loss=11316602343750.0000, tv loss=15553918.0000
L-BFGS | iteration: 437, total loss=11303212023808.0000, content_loss=1297090234.3750, style loss=11301898828125.0000, tv loss=15557744.0000
L-BFGS | iteration: 438, total loss=11289983188992.0000, content_loss=1296508105.4688, style loss=11288671875000.0000, tv loss=15565945.0000
L-BFGS | iteration: 439, total loss=11276035031040.0000, content_loss=1296917675.7812, style loss=11274721875000.0000, tv loss=15565385.0000
L-BFGS | iteration: 440, total loss=11262041784320.0000, content_loss=1296764062.5000, style loss=11260728515625.0000, tv loss=15572362.0000
L-BFGS | iteration: 441, total loss=11244803194880.0000, content_loss=1296722460.9375, style loss=11243490234375.0000, tv loss=15573423.0000
L-BFGS | iteration: 442, total loss=11230999740416.0000, content_loss=1297135546.8750, style loss=11229686718750.0000, tv loss=15580052.0000
L-BFGS | iteration: 443, total loss=11217528684544.0000, content_loss=1297012695.3125, style loss=11216216015625.0000, tv loss=15582848.0000
L-BFGS | iteration: 444, total loss=11200170557440.0000, content_loss=1297167773.4375, style loss=11198858203125.0000, tv loss=15585968.0000
L-BFGS | iteration: 445, total loss=11185209475072.0000, content_loss=1297414648.4375, style loss=11183896875000.0000, tv loss=15595524.0000
L-BFGS | iteration: 446, total loss=11169491320832.0000, content_loss=1297781054.6875, style loss=11168177343750.0000, tv loss=15594980.0000
L-BFGS | iteration: 447, total loss=11159070572544.0000, content_loss=1297204296.8750, style loss=11157758203125.0000, tv loss=15604011.0000
L-BFGS | iteration: 448, total loss=11148082544640.0000, content_loss=1298116601.5625, style loss=11146768359375.0000, tv loss=15603096.0000
L-BFGS | iteration: 449, total loss=11138131558400.0000, content_loss=1298118750.0000, style loss=11136817968750.0000, tv loss=15603567.0000
L-BFGS | iteration: 450, total loss=11119215247360.0000, content_loss=1297679394.5312, style loss=11117901562500.0000, tv loss=15611734.0000
L-BFGS | iteration: 451, total loss=11105426472960.0000, content_loss=1297687500.0000, style loss=11104112109375.0000, tv loss=15613864.0000
L-BFGS | iteration: 452, total loss=11091110264832.0000, content_loss=1297961132.8125, style loss=11089796484375.0000, tv loss=15617254.0000
L-BFGS | iteration: 453, total loss=11078163496960.0000, content_loss=1297906640.6250, style loss=11076849609375.0000, tv loss=15624150.0000
L-BFGS | iteration: 454, total loss=11065337315328.0000, content_loss=1298144531.2500, style loss=11064023437500.0000, tv loss=15624504.0000
L-BFGS | iteration: 455, total loss=11052236406784.0000, content_loss=1297688281.2500, style loss=11050923046875.0000, tv loss=15635663.0000
L-BFGS | iteration: 456, total loss=11038333337600.0000, content_loss=1298304492.1875, style loss=11037019921875.0000, tv loss=15632408.0000
L-BFGS | iteration: 457, total loss=11027399835648.0000, content_loss=1298387500.0000, style loss=11026086328125.0000, tv loss=15632710.0000
L-BFGS | iteration: 458, total loss=11014095503360.0000, content_loss=1298338183.5938, style loss=11012782031250.0000, tv loss=15639201.0000
L-BFGS | iteration: 459, total loss=10998531489792.0000, content_loss=1298621289.0625, style loss=10997217187500.0000, tv loss=15643984.0000
L-BFGS | iteration: 460, total loss=10984935653376.0000, content_loss=1298292675.7812, style loss=10983622265625.0000, tv loss=15648896.0000
