C:\Users\user\AppData\Roaming\Python\Python313\site-packages\torchvision\models\_utils.py:208: UserWarning: The parameter 'pretrained' is deprecated since 0.13 and may be removed in the future, please use 'weights' instead.
  warnings.warn(
C:\Users\user\AppData\Roaming\Python\Python313\site-packages\torchvision\models\_utils.py:223: UserWarning: Arguments other than a weight enum or `None` for 'weights' are deprecated since 0.13 and may be removed in the future. The current behavior is equivalent to passing `weights=VGG19_Weights.IMAGENET1K_V1`. You can also use `weights=VGG19_Weights.DEFAULT` to get the most up-to-date weights.
  warnings.warn(msg)
Using VGG19 in the optimization procedure.
L-BFGS | iteration: 000, total loss=111255217927880704.0000, content_loss=      0.0000, style loss=111255216000000000.0000, tv loss=6729606.0000
L-BFGS | iteration: 001, total loss=111255200748011520.0000, content_loss=     19.3927, style loss=111255196800000000.0000, tv loss=6729607.0000
L-BFGS | iteration: 002, total loss=111255123438600192.0000, content_loss=     25.7149, style loss=111255120000000000.0000, tv loss=6729612.0000
L-BFGS | iteration: 003, total loss=111254582272720896.0000, content_loss=     33.8242, style loss=111254582400000000.0000, tv loss=6729638.5000
L-BFGS | iteration: 004, total loss=111251283737837568.0000, content_loss=     55.4061, style loss=111251280000000000.0000, tv loss=6729785.0000
L-BFGS | iteration: 005, total loss=111233554112839680.0000, content_loss=    287.8504, style loss=111233558400000000.0000, tv loss=6730589.5000
L-BFGS | iteration: 006, total loss=111135809247117312.0000, content_loss=   6370.7843, style loss=111135811200000000.0000, tv loss=6735019.0000
L-BFGS | iteration: 007, total loss=110594488748998656.0000, content_loss= 184437.9783, style loss=110594486400000000.0000, tv loss=6759397.0000
L-BFGS | iteration: 008, total loss=107558479446671360.0000, content_loss=4807781.9824, style loss=107558476800000000.0000, tv loss=6896260.0000
L-BFGS | iteration: 009, total loss=91041280766771200.0000, content_loss=74121142.5781, style loss=91041283200000000.0000, tv loss=7855193.5000
L-BFGS | iteration: 010, total loss=34145610625974272.0000, content_loss=749128759.7656, style loss=34145611200000000.0000, tv loss=15410644.0000
L-BFGS | iteration: 011, total loss=12636272673685504.0000, content_loss=767752099.6094, style loss=12636271200000000.0000, tv loss=19481872.0000
L-BFGS | iteration: 012, total loss=8533975463100416.0000, content_loss=850636035.1562, style loss=8533974600000000.0000, tv loss=20706328.0000
L-BFGS | iteration: 013, total loss=12105352438874112.0000, content_loss=1281596289.0625, style loss=12105351600000000.0000, tv loss=25785720.0000
L-BFGS | iteration: 014, total loss=5614935836983296.0000, content_loss=1031840625.0000, style loss=5614935000000000.0000, tv loss=22894576.0000
L-BFGS | iteration: 015, total loss=4734425128501248.0000, content_loss=1000446875.0000, style loss=4734423900000000.0000, tv loss=23266668.0000
L-BFGS | iteration: 016, total loss=3275488088817664.0000, content_loss=994841308.5938, style loss=3275487000000000.0000, tv loss=24297546.0000
L-BFGS | iteration: 017, total loss=2444499427000320.0000, content_loss=1036700683.5938, style loss=2444498400000000.0000, tv loss=24489830.0000
L-BFGS | iteration: 018, total loss=1967900462153728.0000, content_loss=1113434863.2812, style loss=1967899350000000.0000, tv loss=24969436.0000
L-BFGS | iteration: 019, total loss=1627374382743552.0000, content_loss=1123619042.9688, style loss=1627373250000000.0000, tv loss=24925208.0000
L-BFGS | iteration: 020, total loss=1358321793630208.0000, content_loss=1170130078.1250, style loss=1358320650000000.0000, tv loss=25256448.0000
L-BFGS | iteration: 021, total loss=1074205009379328.0000, content_loss=1226144042.9688, style loss=1074203775000000.0000, tv loss=25771164.0000
L-BFGS | iteration: 022, total loss=1103143559495680.0000, content_loss=1203359960.9375, style loss=1103142375000000.0000, tv loss=26275168.0000
L-BFGS | iteration: 023, total loss=973333608792064.0000, content_loss=1211847265.6250, style loss=973332375000000.0000, tv loss=25998772.0000
L-BFGS | iteration: 024, total loss=905658010435584.0000, content_loss=1189129589.8438, style loss=905656800000000.0000, tv loss=25814754.0000
L-BFGS | iteration: 025, total loss=806778602258432.0000, content_loss=1217911621.0938, style loss=806777400000000.0000, tv loss=26009428.0000
L-BFGS | iteration: 026, total loss=745876771307520.0000, content_loss=1243794238.2812, style loss=745875525000000.0000, tv loss=26089156.0000
L-BFGS | iteration: 027, total loss=655437577846784.0000, content_loss=1268671777.3438, style loss=655436325000000.0000, tv loss=26066236.0000
L-BFGS | iteration: 028, total loss=590582162391040.0000, content_loss=1273962207.0312, style loss=590580900000000.0000, tv loss=26216634.0000
L-BFGS | iteration: 029, total loss=514510305624064.0000, content_loss=1267410839.8438, style loss=514509000000000.0000, tv loss=26015668.0000
L-BFGS | iteration: 030, total loss=482969743523840.0000, content_loss=1281634472.6562, style loss=482968425000000.0000, tv loss=26085716.0000
L-BFGS | iteration: 031, total loss=456609750843392.0000, content_loss=1291869628.9062, style loss=456608400000000.0000, tv loss=26130204.0000
L-BFGS | iteration: 032, total loss=406466980741120.0000, content_loss=1301350390.6250, style loss=406465650000000.0000, tv loss=26185152.0000
L-BFGS | iteration: 033, total loss=349504104562688.0000, content_loss=1297983105.4688, style loss=349502775000000.0000, tv loss=26219044.0000
L-BFGS | iteration: 034, total loss=330187522703360.0000, content_loss=1318785742.1875, style loss=330186187500000.0000, tv loss=26231184.0000
L-BFGS | iteration: 035, total loss=318737307664384.0000, content_loss=1318298925.7812, style loss=318735975000000.0000, tv loss=26311168.0000
L-BFGS | iteration: 036, total loss=301477679595520.0000, content_loss=1306507910.1562, style loss=301476337500000.0000, tv loss=26179090.0000
L-BFGS | iteration: 037, total loss=289867376361472.0000, content_loss=1312261035.1562, style loss=289866037500000.0000, tv loss=26199760.0000
L-BFGS | iteration: 038, total loss=279359537545216.0000, content_loss=1317736132.8125, style loss=279358181250000.0000, tv loss=26218490.0000
L-BFGS | iteration: 039, total loss=269628735488000.0000, content_loss=1319717187.5000, style loss=269627381250000.0000, tv loss=26209768.0000
L-BFGS | iteration: 040, total loss=248570309509120.0000, content_loss=1323170605.4688, style loss=248568956250000.0000, tv loss=26225742.0000
L-BFGS | iteration: 041, total loss=232349409214464.0000, content_loss=1329664550.7812, style loss=232348050000000.0000, tv loss=26186820.0000
L-BFGS | iteration: 042, total loss=222079722979328.0000, content_loss=1333758691.4062, style loss=222078356250000.0000, tv loss=26250556.0000
L-BFGS | iteration: 043, total loss=212225591607296.0000, content_loss=1333291503.9062, style loss=212224237500000.0000, tv loss=26236598.0000
L-BFGS | iteration: 044, total loss=199406389297152.0000, content_loss=1334177148.4375, style loss=199405012500000.0000, tv loss=26254884.0000
L-BFGS | iteration: 045, total loss=189694075731968.0000, content_loss=1337539355.4688, style loss=189692700000000.0000, tv loss=26256848.0000
L-BFGS | iteration: 046, total loss=178165662089216.0000, content_loss=1339921289.0625, style loss=178164281250000.0000, tv loss=26267788.0000
L-BFGS | iteration: 047, total loss=169266003312640.0000, content_loss=1340855664.0625, style loss=169264631250000.0000, tv loss=26266102.0000
L-BFGS | iteration: 048, total loss=161439381716992.0000, content_loss=1341087988.2812, style loss=161438006250000.0000, tv loss=26302708.0000
L-BFGS | iteration: 049, total loss=152143075999744.0000, content_loss=1339459960.9375, style loss=152141700000000.0000, tv loss=26291814.0000
L-BFGS | iteration: 050, total loss=150517749645312.0000, content_loss=1341581542.9688, style loss=150516375000000.0000, tv loss=26377854.0000
L-BFGS | iteration: 051, total loss=147934444257280.0000, content_loss=1341010839.8438, style loss=147933065625000.0000, tv loss=26339306.0000
L-BFGS | iteration: 052, total loss=142918073450496.0000, content_loss=1344274511.7188, style loss=142916700000000.0000, tv loss=26342588.0000
L-BFGS | iteration: 053, total loss=136626072190976.0000, content_loss=1347970312.5000, style loss=136624696875000.0000, tv loss=26367684.0000
L-BFGS | iteration: 054, total loss=131976459714560.0000, content_loss=1360505371.0938, style loss=131975071875000.0000, tv loss=26379520.0000
L-BFGS | iteration: 055, total loss=127529499230208.0000, content_loss=1362635449.2188, style loss=127528115625000.0000, tv loss=26380010.0000
L-BFGS | iteration: 056, total loss=121245634920448.0000, content_loss=1365834863.2812, style loss=121244240625000.0000, tv loss=26390804.0000
L-BFGS | iteration: 057, total loss=117355602509824.0000, content_loss=1362051855.4688, style loss=117354215625000.0000, tv loss=26387198.0000
L-BFGS | iteration: 058, total loss=114014310891520.0000, content_loss=1363934277.3438, style loss=114012918750000.0000, tv loss=26386884.0000
L-BFGS | iteration: 059, total loss=111173995331584.0000, content_loss=1367306738.2812, style loss=111172603125000.0000, tv loss=26437844.0000
L-BFGS | iteration: 060, total loss=112103444709376.0000, content_loss=1366891406.2500, style loss=112102050000000.0000, tv loss=26361508.0000
L-BFGS | iteration: 061, total loss=108841760980992.0000, content_loss=1366877636.7188, style loss=108840365625000.0000, tv loss=26403598.0000
L-BFGS | iteration: 062, total loss=106991955476480.0000, content_loss=1365286523.4375, style loss=106990565625000.0000, tv loss=26404968.0000
L-BFGS | iteration: 063, total loss=103273168109568.0000, content_loss=1363725878.9062, style loss=103271775000000.0000, tv loss=26429776.0000
L-BFGS | iteration: 064, total loss=100744061517824.0000, content_loss=1364939843.7500, style loss=100742671875000.0000, tv loss=26446952.0000
L-BFGS | iteration: 065, total loss=95651715088384.0000, content_loss=1367998632.8125, style loss=95650321875000.0000, tv loss=26492404.0000
L-BFGS | iteration: 066, total loss=93687564468224.0000, content_loss=1376112011.7188, style loss=93686165625000.0000, tv loss=26518740.0000
L-BFGS | iteration: 067, total loss=90901279932416.0000, content_loss=1372936621.0938, style loss=90899878125000.0000, tv loss=26536480.0000
L-BFGS | iteration: 068, total loss=89023599083520.0000, content_loss=1368824707.0312, style loss=89022206250000.0000, tv loss=26526044.0000
L-BFGS | iteration: 069, total loss=86564201824256.0000, content_loss=1369140917.9688, style loss=86562806250000.0000, tv loss=26552076.0000
L-BFGS | iteration: 070, total loss=83681507016704.0000, content_loss=1365602246.0938, style loss=83680115625000.0000, tv loss=26544774.0000
L-BFGS | iteration: 071, total loss=81969786388480.0000, content_loss=1370512304.6875, style loss=81968390625000.0000, tv loss=26650494.0000
L-BFGS | iteration: 072, total loss=80185101647872.0000, content_loss=1373484863.2812, style loss=80183700000000.0000, tv loss=26622236.0000
L-BFGS | iteration: 073, total loss=78943973539840.0000, content_loss=1372048632.8125, style loss=78942571875000.0000, tv loss=26625994.0000
L-BFGS | iteration: 074, total loss=77346522529792.0000, content_loss=1370955957.0312, style loss=77345132812500.0000, tv loss=26652602.0000
L-BFGS | iteration: 075, total loss=75481063882752.0000, content_loss=1371595703.1250, style loss=75479662500000.0000, tv loss=26672478.0000
L-BFGS | iteration: 076, total loss=72924736258048.0000, content_loss=1375733886.7188, style loss=72923339062500.0000, tv loss=26712640.0000
L-BFGS | iteration: 077, total loss=71389260283904.0000, content_loss=1377166894.5312, style loss=71387859375000.0000, tv loss=26703184.0000
L-BFGS | iteration: 078, total loss=70191086043136.0000, content_loss=1377995312.5000, style loss=70189682812500.0000, tv loss=26713368.0000
L-BFGS | iteration: 079, total loss=68773226741760.0000, content_loss=1379406542.9688, style loss=68771821875000.0000, tv loss=26750696.0000
L-BFGS | iteration: 080, total loss=67507901693952.0000, content_loss=1379537109.3750, style loss=67506496875000.0000, tv loss=26749446.0000
L-BFGS | iteration: 081, total loss=66092839993344.0000, content_loss=1380061621.0938, style loss=66091434375000.0000, tv loss=26808386.0000
L-BFGS | iteration: 082, total loss=64865376927744.0000, content_loss=1379131445.3125, style loss=64863970312500.0000, tv loss=26803928.0000
L-BFGS | iteration: 083, total loss=62967693443072.0000, content_loss=1380325488.2812, style loss=62966287500000.0000, tv loss=26824944.0000
L-BFGS | iteration: 084, total loss=61949584867328.0000, content_loss=1382914453.1250, style loss=61948176562500.0000, tv loss=26835056.0000
L-BFGS | iteration: 085, total loss=60750034894848.0000, content_loss=1384610839.8438, style loss=60748626562500.0000, tv loss=26835824.0000
L-BFGS | iteration: 086, total loss=60009283059712.0000, content_loss=1387744921.8750, style loss=60007870312500.0000, tv loss=26869348.0000
L-BFGS | iteration: 087, total loss=59346767577088.0000, content_loss=1389080761.7188, style loss=59345353125000.0000, tv loss=26853992.0000
L-BFGS | iteration: 088, total loss=58534163120128.0000, content_loss=1390528906.2500, style loss=58532746875000.0000, tv loss=26870728.0000
L-BFGS | iteration: 089, total loss=57078244704256.0000, content_loss=1393107031.2500, style loss=57076828125000.0000, tv loss=26919304.0000
L-BFGS | iteration: 090, total loss=56125814734848.0000, content_loss=1395096679.6875, style loss=56124393750000.0000, tv loss=26924704.0000
L-BFGS | iteration: 091, total loss=54669283950592.0000, content_loss=1397758593.7500, style loss=54667860937500.0000, tv loss=26958800.0000
L-BFGS | iteration: 092, total loss=53583240232960.0000, content_loss=1401954492.1875, style loss=53581814062500.0000, tv loss=26985424.0000
L-BFGS | iteration: 093, total loss=52701698195456.0000, content_loss=1401247656.2500, style loss=52700273437500.0000, tv loss=26983012.0000
L-BFGS | iteration: 094, total loss=52088251875328.0000, content_loss=1402479882.8125, style loss=52086825000000.0000, tv loss=27030152.0000
L-BFGS | iteration: 095, total loss=51335063928832.0000, content_loss=1401465039.0625, style loss=51333637500000.0000, tv loss=27020676.0000
L-BFGS | iteration: 096, total loss=50450791399424.0000, content_loss=1401830761.7188, style loss=50449364062500.0000, tv loss=27032010.0000
L-BFGS | iteration: 097, total loss=49212641247232.0000, content_loss=1405676074.2188, style loss=49211212500000.0000, tv loss=27067390.0000
L-BFGS | iteration: 098, total loss=48364167102464.0000, content_loss=1407800488.2812, style loss=48362732812500.0000, tv loss=27084160.0000
L-BFGS | iteration: 099, total loss=47676351578112.0000, content_loss=1409534667.9688, style loss=47674917187500.0000, tv loss=27085142.0000
L-BFGS | iteration: 100, total loss=46837239119872.0000, content_loss=1411501660.1562, style loss=46835798437500.0000, tv loss=27144140.0000
L-BFGS | iteration: 101, total loss=45891176103936.0000, content_loss=1411740527.3438, style loss=45889739062500.0000, tv loss=27123692.0000
L-BFGS | iteration: 102, total loss=45358742765568.0000, content_loss=1411228808.5938, style loss=45357309375000.0000, tv loss=27136668.0000
L-BFGS | iteration: 103, total loss=44549787353088.0000, content_loss=1410327636.7188, style loss=44548354687500.0000, tv loss=27176648.0000
L-BFGS | iteration: 104, total loss=43996109864960.0000, content_loss=1410671386.7188, style loss=43994676562500.0000, tv loss=27178836.0000
L-BFGS | iteration: 105, total loss=43117860356096.0000, content_loss=1411786328.1250, style loss=43116421875000.0000, tv loss=27207630.0000
L-BFGS | iteration: 106, total loss=42292983365632.0000, content_loss=1408583984.3750, style loss=42291548437500.0000, tv loss=27217406.0000
L-BFGS | iteration: 107, total loss=41558044835840.0000, content_loss=1410086230.4688, style loss=41556609375000.0000, tv loss=27249296.0000
L-BFGS | iteration: 108, total loss=41175750803456.0000, content_loss=1410700488.2812, style loss=41174315625000.0000, tv loss=27240090.0000
L-BFGS | iteration: 109, total loss=40700146089984.0000, content_loss=1410183398.4375, style loss=40698707812500.0000, tv loss=27271108.0000
L-BFGS | iteration: 110, total loss=40184632573952.0000, content_loss=1409973339.8438, style loss=40183195312500.0000, tv loss=27279518.0000
L-BFGS | iteration: 111, total loss=39352910479360.0000, content_loss=1411700488.2812, style loss=39351468750000.0000, tv loss=27291052.0000
L-BFGS | iteration: 112, total loss=38769134665728.0000, content_loss=1413058496.0938, style loss=38767692187500.0000, tv loss=27324156.0000
L-BFGS | iteration: 113, total loss=38260936015872.0000, content_loss=1414146484.3750, style loss=38259494531250.0000, tv loss=27324530.0000
L-BFGS | iteration: 114, total loss=37619375276032.0000, content_loss=1415106250.0000, style loss=37617930468750.0000, tv loss=27346668.0000
L-BFGS | iteration: 115, total loss=37327120367616.0000, content_loss=1415723144.5312, style loss=37325674218750.0000, tv loss=27330670.0000
L-BFGS | iteration: 116, total loss=36897036435456.0000, content_loss=1414887695.3125, style loss=36895593750000.0000, tv loss=27362396.0000
L-BFGS | iteration: 117, total loss=36556928712704.0000, content_loss=1414001953.1250, style loss=36555487500000.0000, tv loss=27377304.0000
L-BFGS | iteration: 118, total loss=36183241392128.0000, content_loss=1412932128.9062, style loss=36181800000000.0000, tv loss=27387936.0000
L-BFGS | iteration: 119, total loss=35561045753856.0000, content_loss=1416039648.4375, style loss=35559600000000.0000, tv loss=27420058.0000
L-BFGS | iteration: 120, total loss=34911960432640.0000, content_loss=1415468847.6562, style loss=34910517187500.0000, tv loss=27430856.0000
L-BFGS | iteration: 121, total loss=34452572995584.0000, content_loss=1419374218.7500, style loss=34451125781250.0000, tv loss=27448468.0000
L-BFGS | iteration: 122, total loss=34132883144704.0000, content_loss=1420381152.3438, style loss=34131435937500.0000, tv loss=27466040.0000
L-BFGS | iteration: 123, total loss=33794149056512.0000, content_loss=1423176464.8438, style loss=33792698437500.0000, tv loss=27463552.0000
L-BFGS | iteration: 124, total loss=33372636184576.0000, content_loss=1421718457.0312, style loss=33371186718750.0000, tv loss=27503320.0000
L-BFGS | iteration: 125, total loss=33052346548224.0000, content_loss=1419859179.6875, style loss=33050899218750.0000, tv loss=27501098.0000
L-BFGS | iteration: 126, total loss=32723756384256.0000, content_loss=1419646289.0625, style loss=32722310156250.0000, tv loss=27518172.0000
L-BFGS | iteration: 127, total loss=32411637252096.0000, content_loss=1421340429.6875, style loss=32410188281250.0000, tv loss=27533578.0000
L-BFGS | iteration: 128, total loss=32005406326784.0000, content_loss=1423388085.9375, style loss=32003955468750.0000, tv loss=27550540.0000
L-BFGS | iteration: 129, total loss=31481713917952.0000, content_loss=1425604589.8438, style loss=31480260937500.0000, tv loss=27575580.0000
L-BFGS | iteration: 130, total loss=31041882423296.0000, content_loss=1426156250.0000, style loss=31040428125000.0000, tv loss=27593188.0000
L-BFGS | iteration: 131, total loss=30744145559552.0000, content_loss=1424990429.6875, style loss=30742694531250.0000, tv loss=27590898.0000
L-BFGS | iteration: 132, total loss=30433129529344.0000, content_loss=1423180371.0938, style loss=30431678906250.0000, tv loss=27631124.0000
L-BFGS | iteration: 133, total loss=30138446118912.0000, content_loss=1423519335.9375, style loss=30136994531250.0000, tv loss=27602182.0000
L-BFGS | iteration: 134, total loss=29909344845824.0000, content_loss=1423733593.7500, style loss=29907892968750.0000, tv loss=27614208.0000
L-BFGS | iteration: 135, total loss=29569149042688.0000, content_loss=1424637109.3750, style loss=29567697656250.0000, tv loss=27644266.0000
L-BFGS | iteration: 136, total loss=29322641408000.0000, content_loss=1425470019.5312, style loss=29321189062500.0000, tv loss=27653186.0000
L-BFGS | iteration: 137, total loss=28841510699008.0000, content_loss=1427524316.4062, style loss=28840054687500.0000, tv loss=27684860.0000
L-BFGS | iteration: 138, total loss=28464983834624.0000, content_loss=1428816503.9062, style loss=28463528906250.0000, tv loss=27689720.0000
L-BFGS | iteration: 139, total loss=28239963619328.0000, content_loss=1428202636.7188, style loss=28238507812500.0000, tv loss=27700168.0000
L-BFGS | iteration: 140, total loss=27864191729664.0000, content_loss=1427459863.2812, style loss=27862736718750.0000, tv loss=27713968.0000
L-BFGS | iteration: 141, total loss=27623468040192.0000, content_loss=1427049316.4062, style loss=27622014843750.0000, tv loss=27745064.0000
L-BFGS | iteration: 142, total loss=27420384034816.0000, content_loss=1428272949.2188, style loss=27418928906250.0000, tv loss=27733524.0000
L-BFGS | iteration: 143, total loss=27153712283648.0000, content_loss=1428175292.9688, style loss=27152257031250.0000, tv loss=27757420.0000
L-BFGS | iteration: 144, total loss=27029615411200.0000, content_loss=1428427636.7188, style loss=27028160156250.0000, tv loss=27762386.0000
L-BFGS | iteration: 145, total loss=26696507981824.0000, content_loss=1429763964.8438, style loss=26695050000000.0000, tv loss=27777940.0000
L-BFGS | iteration: 146, total loss=26481149345792.0000, content_loss=1430640625.0000, style loss=26479692187500.0000, tv loss=27796538.0000
L-BFGS | iteration: 147, total loss=26200049188864.0000, content_loss=1431125878.9062, style loss=26198592187500.0000, tv loss=27797018.0000
L-BFGS | iteration: 148, total loss=26016957333504.0000, content_loss=1431781054.6875, style loss=26015498437500.0000, tv loss=27809232.0000
L-BFGS | iteration: 149, total loss=25876026621952.0000, content_loss=1432719335.9375, style loss=25874566406250.0000, tv loss=27806584.0000
L-BFGS | iteration: 150, total loss=25666164621312.0000, content_loss=1432792089.8438, style loss=25664704687500.0000, tv loss=27832116.0000
L-BFGS | iteration: 151, total loss=25402063978496.0000, content_loss=1432514453.1250, style loss=25400603906250.0000, tv loss=27835820.0000
L-BFGS | iteration: 152, total loss=25110624862208.0000, content_loss=1433720214.8438, style loss=25109163281250.0000, tv loss=27847764.0000
L-BFGS | iteration: 153, total loss=24861248323584.0000, content_loss=1433462011.7188, style loss=24859785937500.0000, tv loss=27863000.0000
L-BFGS | iteration: 154, total loss=24690598871040.0000, content_loss=1434327246.0938, style loss=24689137500000.0000, tv loss=27865070.0000
L-BFGS | iteration: 155, total loss=24483354116096.0000, content_loss=1435455468.7500, style loss=24481891406250.0000, tv loss=27889424.0000
L-BFGS | iteration: 156, total loss=24346944864256.0000, content_loss=1436026953.1250, style loss=24345480468750.0000, tv loss=27878332.0000
L-BFGS | iteration: 157, total loss=24207073214464.0000, content_loss=1435841894.5312, style loss=24205610156250.0000, tv loss=27888530.0000
L-BFGS | iteration: 158, total loss=23951986130944.0000, content_loss=1435118652.3438, style loss=23950523437500.0000, tv loss=27917064.0000
L-BFGS | iteration: 159, total loss=23772381839360.0000, content_loss=1435405175.7812, style loss=23770919531250.0000, tv loss=27913852.0000
L-BFGS | iteration: 160, total loss=23547636350976.0000, content_loss=1436021093.7500, style loss=23546172656250.0000, tv loss=27921396.0000
L-BFGS | iteration: 161, total loss=23222240149504.0000, content_loss=1436646875.0000, style loss=23220775781250.0000, tv loss=27940202.0000
L-BFGS | iteration: 162, total loss=23019581865984.0000, content_loss=1438720019.5312, style loss=23018116406250.0000, tv loss=27965796.0000
L-BFGS | iteration: 163, total loss=22817246543872.0000, content_loss=1439097460.9375, style loss=22815780468750.0000, tv loss=27958278.0000
L-BFGS | iteration: 164, total loss=22703429910528.0000, content_loss=1438985058.5938, style loss=22701963281250.0000, tv loss=27976654.0000
L-BFGS | iteration: 165, total loss=22576537534464.0000, content_loss=1438911230.4688, style loss=22575072656250.0000, tv loss=27976424.0000
L-BFGS | iteration: 166, total loss=22390258008064.0000, content_loss=1439135058.5938, style loss=22388791406250.0000, tv loss=27994620.0000
L-BFGS | iteration: 167, total loss=22232598315008.0000, content_loss=1438559667.9688, style loss=22231132031250.0000, tv loss=27995684.0000
L-BFGS | iteration: 168, total loss=22055133118464.0000, content_loss=1438580078.1250, style loss=22053667968750.0000, tv loss=28009812.0000
L-BFGS | iteration: 169, total loss=21884710158336.0000, content_loss=1438520019.5312, style loss=21883244531250.0000, tv loss=28024952.0000
L-BFGS | iteration: 170, total loss=21735057391616.0000, content_loss=1438789062.5000, style loss=21733591406250.0000, tv loss=28029672.0000
L-BFGS | iteration: 171, total loss=21616616538112.0000, content_loss=1438781250.0000, style loss=21615150000000.0000, tv loss=28055596.0000
L-BFGS | iteration: 172, total loss=21467049754624.0000, content_loss=1439150097.6562, style loss=21465583593750.0000, tv loss=28041862.0000
L-BFGS | iteration: 173, total loss=21365377728512.0000, content_loss=1439275683.5938, style loss=21363911718750.0000, tv loss=28046524.0000
L-BFGS | iteration: 174, total loss=21199155363840.0000, content_loss=1439839843.7500, style loss=21197688281250.0000, tv loss=28060248.0000
L-BFGS | iteration: 175, total loss=21053539614720.0000, content_loss=1439554687.5000, style loss=21052073437500.0000, tv loss=28069768.0000
L-BFGS | iteration: 176, total loss=20909559644160.0000, content_loss=1440173242.1875, style loss=20908092187500.0000, tv loss=28080584.0000
L-BFGS | iteration: 177, total loss=20754280218624.0000, content_loss=1440430468.7500, style loss=20752811718750.0000, tv loss=28087360.0000
L-BFGS | iteration: 178, total loss=20587088969728.0000, content_loss=1441048828.1250, style loss=20585620312500.0000, tv loss=28110584.0000
L-BFGS | iteration: 179, total loss=20453143871488.0000, content_loss=1441059667.9688, style loss=20451675000000.0000, tv loss=28106984.0000
L-BFGS | iteration: 180, total loss=20392513110016.0000, content_loss=1440269824.2188, style loss=20391044531250.0000, tv loss=28126440.0000
L-BFGS | iteration: 181, total loss=20286567088128.0000, content_loss=1441042871.0938, style loss=20285100000000.0000, tv loss=28119338.0000
L-BFGS | iteration: 182, total loss=20220431302656.0000, content_loss=1441255078.1250, style loss=20218964062500.0000, tv loss=28123164.0000
L-BFGS | iteration: 183, total loss=20051163873280.0000, content_loss=1441270410.1562, style loss=20049696093750.0000, tv loss=28138120.0000
L-BFGS | iteration: 184, total loss=19914838507520.0000, content_loss=1441531835.9375, style loss=19913369531250.0000, tv loss=28150950.0000
L-BFGS | iteration: 185, total loss=19771879849984.0000, content_loss=1441206835.9375, style loss=19770412500000.0000, tv loss=28158976.0000
L-BFGS | iteration: 186, total loss=19663127838720.0000, content_loss=1441904394.5312, style loss=19661657812500.0000, tv loss=28160864.0000
L-BFGS | iteration: 187, total loss=19572059013120.0000, content_loss=1442874316.4062, style loss=19570587890625.0000, tv loss=28171922.0000
L-BFGS | iteration: 188, total loss=19442085920768.0000, content_loss=1444145898.4375, style loss=19440612890625.0000, tv loss=28169688.0000
L-BFGS | iteration: 189, total loss=19319587078144.0000, content_loss=1445103710.9375, style loss=19318114453125.0000, tv loss=28189864.0000
L-BFGS | iteration: 190, total loss=19217403346944.0000, content_loss=1445664257.8125, style loss=19215931640625.0000, tv loss=28193966.0000
L-BFGS | iteration: 191, total loss=19075117875200.0000, content_loss=1445244824.2188, style loss=19073646093750.0000, tv loss=28204192.0000
L-BFGS | iteration: 192, total loss=18937586647040.0000, content_loss=1444992968.7500, style loss=18936114843750.0000, tv loss=28216728.0000
L-BFGS | iteration: 193, total loss=18818155937792.0000, content_loss=1444312109.3750, style loss=18816684375000.0000, tv loss=28222888.0000
L-BFGS | iteration: 194, total loss=18741752496128.0000, content_loss=1444262500.0000, style loss=18740280468750.0000, tv loss=28221968.0000
L-BFGS | iteration: 195, total loss=18645979758592.0000, content_loss=1444110156.2500, style loss=18644506640625.0000, tv loss=28238924.0000
L-BFGS | iteration: 196, total loss=18546050465792.0000, content_loss=1445151464.8438, style loss=18544578515625.0000, tv loss=28231450.0000
L-BFGS | iteration: 197, total loss=18469647024128.0000, content_loss=1445411328.1250, style loss=18468174609375.0000, tv loss=28239234.0000
L-BFGS | iteration: 198, total loss=18357256454144.0000, content_loss=1446160449.2188, style loss=18355781250000.0000, tv loss=28253444.0000
L-BFGS | iteration: 199, total loss=18284694994944.0000, content_loss=1446190234.3750, style loss=18283221093750.0000, tv loss=28257712.0000
L-BFGS | iteration: 200, total loss=18151121092608.0000, content_loss=1446452148.4375, style loss=18149646093750.0000, tv loss=28261986.0000
L-BFGS | iteration: 201, total loss=18003966033920.0000, content_loss=1447335058.5938, style loss=18002492578125.0000, tv loss=28283780.0000
L-BFGS | iteration: 202, total loss=17875041517568.0000, content_loss=1447051269.5312, style loss=17873567578125.0000, tv loss=28281544.0000
L-BFGS | iteration: 203, total loss=17807165095936.0000, content_loss=1447008203.1250, style loss=17805690234375.0000, tv loss=28291624.0000
L-BFGS | iteration: 204, total loss=17732676354048.0000, content_loss=1447758984.3750, style loss=17731202343750.0000, tv loss=28295528.0000
L-BFGS | iteration: 205, total loss=17655568269312.0000, content_loss=1447332421.8750, style loss=17654092968750.0000, tv loss=28305252.0000
L-BFGS | iteration: 206, total loss=17552951476224.0000, content_loss=1447993261.7188, style loss=17551475390625.0000, tv loss=28308908.0000
L-BFGS | iteration: 207, total loss=17445167300608.0000, content_loss=1448283105.4688, style loss=17443691015625.0000, tv loss=28324002.0000
L-BFGS | iteration: 208, total loss=17353189359616.0000, content_loss=1448794628.9062, style loss=17351711718750.0000, tv loss=28324068.0000
L-BFGS | iteration: 209, total loss=17282658992128.0000, content_loss=1448862890.6250, style loss=17281181250000.0000, tv loss=28324280.0000
L-BFGS | iteration: 210, total loss=17194149740544.0000, content_loss=1448817285.1562, style loss=17192671875000.0000, tv loss=28338200.0000
L-BFGS | iteration: 211, total loss=17111204233216.0000, content_loss=1448596289.0625, style loss=17109727734375.0000, tv loss=28337412.0000
L-BFGS | iteration: 212, total loss=17050643726336.0000, content_loss=1448382031.2500, style loss=17049167578125.0000, tv loss=28349510.0000
L-BFGS | iteration: 213, total loss=16974397571072.0000, content_loss=1448207421.8750, style loss=16972920703125.0000, tv loss=28360348.0000
L-BFGS | iteration: 214, total loss=16884335378432.0000, content_loss=1448029296.8750, style loss=16882858593750.0000, tv loss=28367796.0000
L-BFGS | iteration: 215, total loss=16770554396672.0000, content_loss=1447899023.4375, style loss=16769077734375.0000, tv loss=28372768.0000
L-BFGS | iteration: 216, total loss=16693798633472.0000, content_loss=1447800683.5938, style loss=16692322265625.0000, tv loss=28375768.0000
L-BFGS | iteration: 217, total loss=16629735882752.0000, content_loss=1447853906.2500, style loss=16628259375000.0000, tv loss=28380050.0000
L-BFGS | iteration: 218, total loss=16522072293376.0000, content_loss=1448395703.1250, style loss=16520595703125.0000, tv loss=28385590.0000
L-BFGS | iteration: 219, total loss=16459904319488.0000, content_loss=1448286230.4688, style loss=16458427734375.0000, tv loss=28406128.0000
L-BFGS | iteration: 220, total loss=16388587520000.0000, content_loss=1449018847.6562, style loss=16387109765625.0000, tv loss=28399330.0000
L-BFGS | iteration: 221, total loss=16338127945728.0000, content_loss=1449197460.9375, style loss=16336650000000.0000, tv loss=28406616.0000
L-BFGS | iteration: 222, total loss=16280696389632.0000, content_loss=1449475683.5938, style loss=16279218750000.0000, tv loss=28414104.0000
L-BFGS | iteration: 223, total loss=16194072477696.0000, content_loss=1449873730.4688, style loss=16192593750000.0000, tv loss=28425976.0000
L-BFGS | iteration: 224, total loss=16119033233408.0000, content_loss=1450097558.5938, style loss=16117555078125.0000, tv loss=28426696.0000
L-BFGS | iteration: 225, total loss=16055335387136.0000, content_loss=1450159667.9688, style loss=16053856640625.0000, tv loss=28426972.0000
L-BFGS | iteration: 226, total loss=15953518657536.0000, content_loss=1449854101.5625, style loss=15952040625000.0000, tv loss=28438900.0000
L-BFGS | iteration: 227, total loss=15879346585600.0000, content_loss=1450129785.1562, style loss=15877867968750.0000, tv loss=28437148.0000
L-BFGS | iteration: 228, total loss=15820002426880.0000, content_loss=1450225781.2500, style loss=15818524218750.0000, tv loss=28448342.0000
L-BFGS | iteration: 229, total loss=15766978035712.0000, content_loss=1450606835.9375, style loss=15765499218750.0000, tv loss=28453126.0000
L-BFGS | iteration: 230, total loss=15721908142080.0000, content_loss=1450833300.7812, style loss=15720428906250.0000, tv loss=28463688.0000
L-BFGS | iteration: 231, total loss=15671058497536.0000, content_loss=1451172070.3125, style loss=15669578906250.0000, tv loss=28462776.0000
L-BFGS | iteration: 232, total loss=15579247280128.0000, content_loss=1451874609.3750, style loss=15577767187500.0000, tv loss=28467976.0000
L-BFGS | iteration: 233, total loss=15491299016704.0000, content_loss=1451882812.5000, style loss=15489817968750.0000, tv loss=28473516.0000
L-BFGS | iteration: 234, total loss=15418166083584.0000, content_loss=1452820507.8125, style loss=15416684765625.0000, tv loss=28481984.0000
L-BFGS | iteration: 235, total loss=15353830703104.0000, content_loss=1452932714.8438, style loss=15352348828125.0000, tv loss=28488438.0000
L-BFGS | iteration: 236, total loss=15297137344512.0000, content_loss=1453058789.0625, style loss=15295655859375.0000, tv loss=28504742.0000
L-BFGS | iteration: 237, total loss=15242834739200.0000, content_loss=1453728808.5938, style loss=15241353515625.0000, tv loss=28500124.0000
L-BFGS | iteration: 238, total loss=15192116166656.0000, content_loss=1453069824.2188, style loss=15190634765625.0000, tv loss=28505984.0000
L-BFGS | iteration: 239, total loss=15131829338112.0000, content_loss=1452898437.5000, style loss=15130347656250.0000, tv loss=28512496.0000
L-BFGS | iteration: 240, total loss=15072201015296.0000, content_loss=1453071093.7500, style loss=15070719140625.0000, tv loss=28517136.0000
L-BFGS | iteration: 241, total loss=14995412746240.0000, content_loss=1453515722.6562, style loss=14993930859375.0000, tv loss=28533372.0000
L-BFGS | iteration: 242, total loss=14931351044096.0000, content_loss=1453913378.9062, style loss=14929867968750.0000, tv loss=28530672.0000
L-BFGS | iteration: 243, total loss=14898101747712.0000, content_loss=1454183886.7188, style loss=14896619531250.0000, tv loss=28534164.0000
L-BFGS | iteration: 244, total loss=14822284460032.0000, content_loss=1455030273.4375, style loss=14820800390625.0000, tv loss=28538774.0000
L-BFGS | iteration: 245, total loss=14771294306304.0000, content_loss=1455188867.1875, style loss=14769810937500.0000, tv loss=28558672.0000
L-BFGS | iteration: 246, total loss=14719768330240.0000, content_loss=1455533886.7188, style loss=14718284765625.0000, tv loss=28547358.0000
L-BFGS | iteration: 247, total loss=14682616233984.0000, content_loss=1455541699.2188, style loss=14681132812500.0000, tv loss=28552432.0000
L-BFGS | iteration: 248, total loss=14657063485440.0000, content_loss=1455488378.9062, style loss=14655580078125.0000, tv loss=28555810.0000
L-BFGS | iteration: 249, total loss=14607626272768.0000, content_loss=1455345898.4375, style loss=14606142187500.0000, tv loss=28562140.0000
L-BFGS | iteration: 250, total loss=14556193619968.0000, content_loss=1455242285.1562, style loss=14554709765625.0000, tv loss=28567826.0000
L-BFGS | iteration: 251, total loss=14472094679040.0000, content_loss=1455285644.5312, style loss=14470611328125.0000, tv loss=28576762.0000
L-BFGS | iteration: 252, total loss=14408251080704.0000, content_loss=1455929882.8125, style loss=14406767578125.0000, tv loss=28581438.0000
L-BFGS | iteration: 253, total loss=14368312918016.0000, content_loss=1456162304.6875, style loss=14366827734375.0000, tv loss=28583816.0000
L-BFGS | iteration: 254, total loss=14327048306688.0000, content_loss=1456586132.8125, style loss=14325563671875.0000, tv loss=28588130.0000
L-BFGS | iteration: 255, total loss=14274519891968.0000, content_loss=1457060839.8438, style loss=14273034375000.0000, tv loss=28590402.0000
L-BFGS | iteration: 256, total loss=14218751377408.0000, content_loss=1457509960.9375, style loss=14217266015625.0000, tv loss=28611546.0000
L-BFGS | iteration: 257, total loss=14180764614656.0000, content_loss=1457929492.1875, style loss=14179278515625.0000, tv loss=28600052.0000
L-BFGS | iteration: 258, total loss=14152465645568.0000, content_loss=1457624316.4062, style loss=14150980078125.0000, tv loss=28604472.0000
L-BFGS | iteration: 259, total loss=14117609930752.0000, content_loss=1457403222.6562, style loss=14116123828125.0000, tv loss=28611938.0000
L-BFGS | iteration: 260, total loss=14076777332736.0000, content_loss=1457131054.6875, style loss=14075291015625.0000, tv loss=28616966.0000
L-BFGS | iteration: 261, total loss=14002994282496.0000, content_loss=1456966308.5938, style loss=14001509765625.0000, tv loss=28625300.0000
L-BFGS | iteration: 262, total loss=13944524636160.0000, content_loss=1457008300.7812, style loss=13943039062500.0000, tv loss=28629174.0000
L-BFGS | iteration: 263, total loss=13903629123584.0000, content_loss=1456994628.9062, style loss=13902144140625.0000, tv loss=28630108.0000
L-BFGS | iteration: 264, total loss=13860068130816.0000, content_loss=1457142187.5000, style loss=13858582031250.0000, tv loss=28634548.0000
L-BFGS | iteration: 265, total loss=13809145085952.0000, content_loss=1457129882.8125, style loss=13807659375000.0000, tv loss=28638668.0000
L-BFGS | iteration: 266, total loss=13759652298752.0000, content_loss=1456794628.9062, style loss=13758167578125.0000, tv loss=28653688.0000
L-BFGS | iteration: 267, total loss=13729421852672.0000, content_loss=1457449511.7188, style loss=13727935546875.0000, tv loss=28645906.0000
L-BFGS | iteration: 268, total loss=13700032364544.0000, content_loss=1457245703.1250, style loss=13698546093750.0000, tv loss=28651548.0000
L-BFGS | iteration: 269, total loss=13669971787776.0000, content_loss=1457045898.4375, style loss=13668486328125.0000, tv loss=28656188.0000
L-BFGS | iteration: 270, total loss=13634003533824.0000, content_loss=1456938964.8438, style loss=13632519140625.0000, tv loss=28661180.0000
L-BFGS | iteration: 271, total loss=13573516427264.0000, content_loss=1457170507.8125, style loss=13572030468750.0000, tv loss=28665840.0000
L-BFGS | iteration: 272, total loss=13528384667648.0000, content_loss=1456660351.5625, style loss=13526900390625.0000, tv loss=28688480.0000
L-BFGS | iteration: 273, total loss=13467383758848.0000, content_loss=1457588769.5312, style loss=13465898437500.0000, tv loss=28678296.0000
L-BFGS | iteration: 274, total loss=13437272850432.0000, content_loss=1457661230.4688, style loss=13435787109375.0000, tv loss=28681222.0000
L-BFGS | iteration: 275, total loss=13393100537856.0000, content_loss=1457759472.6562, style loss=13391614453125.0000, tv loss=28685622.0000
L-BFGS | iteration: 276, total loss=13349176737792.0000, content_loss=1458084570.3125, style loss=13347690234375.0000, tv loss=28701204.0000
L-BFGS | iteration: 277, total loss=13301621719040.0000, content_loss=1458413867.1875, style loss=13300134375000.0000, tv loss=28703340.0000
L-BFGS | iteration: 278, total loss=13269946335232.0000, content_loss=1458261230.4688, style loss=13268459765625.0000, tv loss=28707478.0000
L-BFGS | iteration: 279, total loss=13230356299776.0000, content_loss=1458567675.7812, style loss=13228869140625.0000, tv loss=28710050.0000
L-BFGS | iteration: 280, total loss=13176764628992.0000, content_loss=1458215332.0312, style loss=13175278125000.0000, tv loss=28720626.0000
L-BFGS | iteration: 281, total loss=13126939443200.0000, content_loss=1458641699.2188, style loss=13125452343750.0000, tv loss=28722048.0000
L-BFGS | iteration: 282, total loss=13090994257920.0000, content_loss=1459171289.0625, style loss=13089506250000.0000, tv loss=28729776.0000
L-BFGS | iteration: 283, total loss=13048307777536.0000, content_loss=1459582617.1875, style loss=13046819531250.0000, tv loss=28730958.0000
L-BFGS | iteration: 284, total loss=13004412289024.0000, content_loss=1459788281.2500, style loss=13002924609375.0000, tv loss=28741650.0000
L-BFGS | iteration: 285, total loss=12955917746176.0000, content_loss=1460224902.3438, style loss=12954428906250.0000, tv loss=28745792.0000
L-BFGS | iteration: 286, total loss=12924327297024.0000, content_loss=1459445507.8125, style loss=12922839843750.0000, tv loss=28757858.0000
L-BFGS | iteration: 287, total loss=12894324391936.0000, content_loss=1459616699.2188, style loss=12892836328125.0000, tv loss=28754436.0000
L-BFGS | iteration: 288, total loss=12866706997248.0000, content_loss=1459742675.7812, style loss=12865218750000.0000, tv loss=28757258.0000
L-BFGS | iteration: 289, total loss=12827487109120.0000, content_loss=1459764746.0938, style loss=12825999609375.0000, tv loss=28762654.0000
L-BFGS | iteration: 290, total loss=12788904755200.0000, content_loss=1460477636.7188, style loss=12787415625000.0000, tv loss=28778700.0000
L-BFGS | iteration: 291, total loss=12754210521088.0000, content_loss=1460601074.2188, style loss=12752721093750.0000, tv loss=28777156.0000
L-BFGS | iteration: 292, total loss=12722685083648.0000, content_loss=1460709277.3438, style loss=12721196484375.0000, tv loss=28780120.0000
L-BFGS | iteration: 293, total loss=12689575247872.0000, content_loss=1460781250.0000, style loss=12688086328125.0000, tv loss=28783046.0000
L-BFGS | iteration: 294, total loss=12645969166336.0000, content_loss=1460328906.2500, style loss=12644479687500.0000, tv loss=28797756.0000
L-BFGS | iteration: 295, total loss=12606799609856.0000, content_loss=1460610546.8750, style loss=12605310937500.0000, tv loss=28795592.0000
L-BFGS | iteration: 296, total loss=12578516369408.0000, content_loss=1460369726.5625, style loss=12577027734375.0000, tv loss=28804128.0000
L-BFGS | iteration: 297, total loss=12544675676160.0000, content_loss=1460281152.3438, style loss=12543186328125.0000, tv loss=28812026.0000
L-BFGS | iteration: 298, total loss=12507496316928.0000, content_loss=1460112304.6875, style loss=12506008593750.0000, tv loss=28818164.0000
L-BFGS | iteration: 299, total loss=12471836344320.0000, content_loss=1460053906.2500, style loss=12470348437500.0000, tv loss=28820922.0000
L-BFGS | iteration: 300, total loss=12444375187456.0000, content_loss=1460343261.7188, style loss=12442886718750.0000, tv loss=28825844.0000
L-BFGS | iteration: 301, total loss=12406168223744.0000, content_loss=1460138964.8438, style loss=12404680078125.0000, tv loss=28832670.0000
L-BFGS | iteration: 302, total loss=12366295072768.0000, content_loss=1460572265.6250, style loss=12364804687500.0000, tv loss=28837708.0000
L-BFGS | iteration: 303, total loss=12329500540928.0000, content_loss=1460772070.3125, style loss=12328010156250.0000, tv loss=28847764.0000
L-BFGS | iteration: 304, total loss=12298699669504.0000, content_loss=1461707031.2500, style loss=12297208593750.0000, tv loss=28847528.0000
L-BFGS | iteration: 305, total loss=12268798476288.0000, content_loss=1461431250.0000, style loss=12267307031250.0000, tv loss=28860144.0000
L-BFGS | iteration: 306, total loss=12245230682112.0000, content_loss=1461385742.1875, style loss=12243739453125.0000, tv loss=28858652.0000
L-BFGS | iteration: 307, total loss=12223227363328.0000, content_loss=1461783105.4688, style loss=12221736328125.0000, tv loss=28862056.0000
L-BFGS | iteration: 308, total loss=12183243063296.0000, content_loss=1462035937.5000, style loss=12181751953125.0000, tv loss=28868458.0000
L-BFGS | iteration: 309, total loss=12143367815168.0000, content_loss=1462257910.1562, style loss=12141875390625.0000, tv loss=28881238.0000
L-BFGS | iteration: 310, total loss=12116116373504.0000, content_loss=1462343164.0625, style loss=12114624609375.0000, tv loss=28883420.0000
L-BFGS | iteration: 311, total loss=12086250831872.0000, content_loss=1462069628.9062, style loss=12084759375000.0000, tv loss=28889100.0000
L-BFGS | iteration: 312, total loss=12051514654720.0000, content_loss=1461939453.1250, style loss=12050023828125.0000, tv loss=28894664.0000
L-BFGS | iteration: 313, total loss=12018008457216.0000, content_loss=1462009277.3438, style loss=12016517578125.0000, tv loss=28901722.0000
L-BFGS | iteration: 314, total loss=11987466584064.0000, content_loss=1462209375.0000, style loss=11985975000000.0000, tv loss=28904944.0000
L-BFGS | iteration: 315, total loss=11957602091008.0000, content_loss=1462338281.2500, style loss=11956109765625.0000, tv loss=28922542.0000
L-BFGS | iteration: 316, total loss=11930119962624.0000, content_loss=1462874414.0625, style loss=11928628125000.0000, tv loss=28914344.0000
L-BFGS | iteration: 317, total loss=11905284440064.0000, content_loss=1462364453.1250, style loss=11903792578125.0000, tv loss=28919944.0000
L-BFGS | iteration: 318, total loss=11890578161664.0000, content_loss=1462304492.1875, style loss=11889085546875.0000, tv loss=28922752.0000
L-BFGS | iteration: 319, total loss=11865053724672.0000, content_loss=1462541308.5938, style loss=11863562109375.0000, tv loss=28927932.0000
L-BFGS | iteration: 320, total loss=11831785553920.0000, content_loss=1462605371.0938, style loss=11830293750000.0000, tv loss=28935920.0000
L-BFGS | iteration: 321, total loss=11797416378368.0000, content_loss=1463134667.9688, style loss=11795923828125.0000, tv loss=28944018.0000
L-BFGS | iteration: 322, total loss=11768181030912.0000, content_loss=1463315234.3750, style loss=11766687890625.0000, tv loss=28946864.0000
L-BFGS | iteration: 323, total loss=11741174956032.0000, content_loss=1462911035.1562, style loss=11739683203125.0000, tv loss=28957276.0000
L-BFGS | iteration: 324, total loss=11716597383168.0000, content_loss=1463035742.1875, style loss=11715105468750.0000, tv loss=28955296.0000
L-BFGS | iteration: 325, total loss=11693435387904.0000, content_loss=1462945800.7812, style loss=11691943359375.0000, tv loss=28961972.0000
L-BFGS | iteration: 326, total loss=11659888295936.0000, content_loss=1462798242.1875, style loss=11658396093750.0000, tv loss=28967940.0000
L-BFGS | iteration: 327, total loss=11628535873536.0000, content_loss=1462661425.7812, style loss=11627043750000.0000, tv loss=28972352.0000
L-BFGS | iteration: 328, total loss=11592148189184.0000, content_loss=1462691113.2812, style loss=11590655859375.0000, tv loss=28980536.0000
L-BFGS | iteration: 329, total loss=11563850268672.0000, content_loss=1462634082.0312, style loss=11562358593750.0000, tv loss=28981800.0000
L-BFGS | iteration: 330, total loss=11538492555264.0000, content_loss=1462821679.6875, style loss=11537000390625.0000, tv loss=28988922.0000
L-BFGS | iteration: 331, total loss=11500115722240.0000, content_loss=1463558496.0938, style loss=11498622656250.0000, tv loss=28994458.0000
L-BFGS | iteration: 332, total loss=11477653127168.0000, content_loss=1463206640.6250, style loss=11476161328125.0000, tv loss=29010776.0000
L-BFGS | iteration: 333, total loss=11454357962752.0000, content_loss=1463622070.3125, style loss=11452864453125.0000, tv loss=29007200.0000
L-BFGS | iteration: 334, total loss=11437322797056.0000, content_loss=1463546289.0625, style loss=11435830078125.0000, tv loss=29008632.0000
L-BFGS | iteration: 335, total loss=11407612444672.0000, content_loss=1463410058.5938, style loss=11406119531250.0000, tv loss=29012268.0000
L-BFGS | iteration: 336, total loss=11375690645504.0000, content_loss=1462935644.5312, style loss=11374198828125.0000, tv loss=29021512.0000
L-BFGS | iteration: 337, total loss=11353818398720.0000, content_loss=1463178710.9375, style loss=11352325781250.0000, tv loss=29024520.0000
L-BFGS | iteration: 338, total loss=11333490704384.0000, content_loss=1463493164.0625, style loss=11331997265625.0000, tv loss=29027140.0000
L-BFGS | iteration: 339, total loss=11305988653056.0000, content_loss=1463614355.4688, style loss=11304495703125.0000, tv loss=29036712.0000
L-BFGS | iteration: 340, total loss=11269127012352.0000, content_loss=1464370312.5000, style loss=11267633203125.0000, tv loss=29041804.0000
L-BFGS | iteration: 341, total loss=11248286564352.0000, content_loss=1464133007.8125, style loss=11246793750000.0000, tv loss=29055232.0000
L-BFGS | iteration: 342, total loss=11229581017088.0000, content_loss=1464254785.1562, style loss=11228088281250.0000, tv loss=29053164.0000
L-BFGS | iteration: 343, total loss=11212125372416.0000, content_loss=1464166796.8750, style loss=11210632031250.0000, tv loss=29054796.0000
L-BFGS | iteration: 344, total loss=11182535606272.0000, content_loss=1464031835.9375, style loss=11181042187500.0000, tv loss=29061572.0000
L-BFGS | iteration: 345, total loss=11157713715200.0000, content_loss=1463947460.9375, style loss=11156220703125.0000, tv loss=29073986.0000
L-BFGS | iteration: 346, total loss=11134711103488.0000, content_loss=1464185058.5938, style loss=11133217968750.0000, tv loss=29075108.0000
L-BFGS | iteration: 347, total loss=11118649016320.0000, content_loss=1464408886.7188, style loss=11117155078125.0000, tv loss=29079476.0000
L-BFGS | iteration: 348, total loss=11097525452800.0000, content_loss=1464801464.8438, style loss=11096030859375.0000, tv loss=29081600.0000
L-BFGS | iteration: 349, total loss=11068680175616.0000, content_loss=1464725488.2812, style loss=11067186328125.0000, tv loss=29096042.0000
L-BFGS | iteration: 350, total loss=11041418248192.0000, content_loss=1465176855.4688, style loss=11039923828125.0000, tv loss=29094230.0000
L-BFGS | iteration: 351, total loss=11022800781312.0000, content_loss=1465325000.0000, style loss=11021306250000.0000, tv loss=29100550.0000
L-BFGS | iteration: 352, total loss=11002432192512.0000, content_loss=1465076269.5312, style loss=11000937890625.0000, tv loss=29104088.0000
L-BFGS | iteration: 353, total loss=10976787169280.0000, content_loss=1465042089.8438, style loss=10975292578125.0000, tv loss=29111560.0000
L-BFGS | iteration: 354, total loss=10950962839552.0000, content_loss=1465008984.3750, style loss=10949469140625.0000, tv loss=29115920.0000
L-BFGS | iteration: 355, total loss=10927935062016.0000, content_loss=1464964257.8125, style loss=10926440625000.0000, tv loss=29123084.0000
L-BFGS | iteration: 356, total loss=10904306450432.0000, content_loss=1465366992.1875, style loss=10902812109375.0000, tv loss=29124560.0000
L-BFGS | iteration: 357, total loss=10885367070720.0000, content_loss=1465542480.4688, style loss=10883872265625.0000, tv loss=29132984.0000
L-BFGS | iteration: 358, total loss=10863248408576.0000, content_loss=1465921093.7500, style loss=10861753125000.0000, tv loss=29132340.0000
L-BFGS | iteration: 359, total loss=10845271621632.0000, content_loss=1465972070.3125, style loss=10843776562500.0000, tv loss=29138720.0000
L-BFGS | iteration: 360, total loss=10821776179200.0000, content_loss=1466014550.7812, style loss=10820280468750.0000, tv loss=29143238.0000
L-BFGS | iteration: 361, total loss=10791218577408.0000, content_loss=1465969042.9688, style loss=10789723828125.0000, tv loss=29154484.0000
L-BFGS | iteration: 362, total loss=10764449480704.0000, content_loss=1466457714.8438, style loss=10762953515625.0000, tv loss=29154972.0000
L-BFGS | iteration: 363, total loss=10747928117248.0000, content_loss=1466234765.6250, style loss=10746432421875.0000, tv loss=29159504.0000
L-BFGS | iteration: 364, total loss=10730561601536.0000, content_loss=1466279394.5312, style loss=10729066406250.0000, tv loss=29161500.0000
L-BFGS | iteration: 365, total loss=10707744587776.0000, content_loss=1466297363.2812, style loss=10706248828125.0000, tv loss=29174362.0000
L-BFGS | iteration: 366, total loss=10687003754496.0000, content_loss=1466456347.6562, style loss=10685507812500.0000, tv loss=29175186.0000
L-BFGS | iteration: 367, total loss=10670080786432.0000, content_loss=1466540527.3438, style loss=10668584765625.0000, tv loss=29183080.0000
L-BFGS | iteration: 368, total loss=10660270309376.0000, content_loss=1466733300.7812, style loss=10658773828125.0000, tv loss=29183076.0000
L-BFGS | iteration: 369, total loss=10640475291648.0000, content_loss=1466902832.0312, style loss=10638978515625.0000, tv loss=29187140.0000
L-BFGS | iteration: 370, total loss=10608899522560.0000, content_loss=1466947070.3125, style loss=10607403515625.0000, tv loss=29194064.0000
L-BFGS | iteration: 371, total loss=10588231041024.0000, content_loss=1467202050.7812, style loss=10586735156250.0000, tv loss=29198588.0000
L-BFGS | iteration: 372, total loss=10573676806144.0000, content_loss=1467150878.9062, style loss=10572180468750.0000, tv loss=29203420.0000
L-BFGS | iteration: 373, total loss=10550792683520.0000, content_loss=1467171093.7500, style loss=10549296093750.0000, tv loss=29209692.0000
L-BFGS | iteration: 374, total loss=10527431458816.0000, content_loss=1466954101.5625, style loss=10525934765625.0000, tv loss=29217858.0000
L-BFGS | iteration: 375, total loss=10509037338624.0000, content_loss=1466972265.6250, style loss=10507541015625.0000, tv loss=29220652.0000
L-BFGS | iteration: 376, total loss=10494563844096.0000, content_loss=1466601074.2188, style loss=10493067187500.0000, tv loss=29234826.0000
L-BFGS | iteration: 377, total loss=10481736613888.0000, content_loss=1467006347.6562, style loss=10480239843750.0000, tv loss=29225536.0000
L-BFGS | iteration: 378, total loss=10469271142400.0000, content_loss=1467087304.6875, style loss=10467774609375.0000, tv loss=29228180.0000
L-BFGS | iteration: 379, total loss=10447794208768.0000, content_loss=1466853808.5938, style loss=10446297656250.0000, tv loss=29236216.0000
L-BFGS | iteration: 380, total loss=10431512969216.0000, content_loss=1467010839.8438, style loss=10430016796875.0000, tv loss=29239828.0000
L-BFGS | iteration: 381, total loss=10403479289856.0000, content_loss=1466799707.0312, style loss=10401983203125.0000, tv loss=29247248.0000
L-BFGS | iteration: 382, total loss=10383604580352.0000, content_loss=1467239355.4688, style loss=10382108203125.0000, tv loss=29255532.0000
L-BFGS | iteration: 383, total loss=10366290493440.0000, content_loss=1467462792.9688, style loss=10364793750000.0000, tv loss=29255950.0000
L-BFGS | iteration: 384, total loss=10350469578752.0000, content_loss=1467536425.7812, style loss=10348972265625.0000, tv loss=29265042.0000
L-BFGS | iteration: 385, total loss=10335305072640.0000, content_loss=1467808496.0938, style loss=10333808203125.0000, tv loss=29265996.0000
L-BFGS | iteration: 386, total loss=10318874935296.0000, content_loss=1467835839.8438, style loss=10317377343750.0000, tv loss=29270932.0000
L-BFGS | iteration: 387, total loss=10292385808384.0000, content_loss=1468091601.5625, style loss=10290888281250.0000, tv loss=29278326.0000
L-BFGS | iteration: 388, total loss=10274048311296.0000, content_loss=1467712988.2812, style loss=10272550781250.0000, tv loss=29282756.0000
L-BFGS | iteration: 389, total loss=10259405996032.0000, content_loss=1467794921.8750, style loss=10257908203125.0000, tv loss=29285524.0000
L-BFGS | iteration: 390, total loss=10237306208256.0000, content_loss=1467558203.1250, style loss=10235808984375.0000, tv loss=29294552.0000
L-BFGS | iteration: 391, total loss=10224245145600.0000, content_loss=1468250488.2812, style loss=10222747265625.0000, tv loss=29293672.0000
L-BFGS | iteration: 392, total loss=10200839880704.0000, content_loss=1467967285.1562, style loss=10199342578125.0000, tv loss=29302608.0000
L-BFGS | iteration: 393, total loss=10188112265216.0000, content_loss=1467966308.5938, style loss=10186614843750.0000, tv loss=29305458.0000
L-BFGS | iteration: 394, total loss=10173275963392.0000, content_loss=1468100488.2812, style loss=10171778906250.0000, tv loss=29310464.0000
L-BFGS | iteration: 395, total loss=10155477434368.0000, content_loss=1468173828.1250, style loss=10153980468750.0000, tv loss=29311386.0000
L-BFGS | iteration: 396, total loss=10139129085952.0000, content_loss=1468182324.2188, style loss=10137631640625.0000, tv loss=29323810.0000
L-BFGS | iteration: 397, total loss=10125586726912.0000, content_loss=1468497656.2500, style loss=10124089453125.0000, tv loss=29320892.0000
L-BFGS | iteration: 398, total loss=10115991207936.0000, content_loss=1468297949.2188, style loss=10114494140625.0000, tv loss=29323246.0000
L-BFGS | iteration: 399, total loss=10101930852352.0000, content_loss=1468146875.0000, style loss=10100433984375.0000, tv loss=29328468.0000
L-BFGS | iteration: 400, total loss=10083781050368.0000, content_loss=1468013085.9375, style loss=10082283984375.0000, tv loss=29335938.0000
L-BFGS | iteration: 401, total loss=10060378931200.0000, content_loss=1468061328.1250, style loss=10058881640625.0000, tv loss=29343608.0000
L-BFGS | iteration: 402, total loss=10041680723968.0000, content_loss=1468288085.9375, style loss=10040183203125.0000, tv loss=29348856.0000
L-BFGS | iteration: 403, total loss=10030005878784.0000, content_loss=1468387890.6250, style loss=10028508984375.0000, tv loss=29352168.0000
L-BFGS | iteration: 404, total loss=10017278263296.0000, content_loss=1468540917.9688, style loss=10015780078125.0000, tv loss=29351974.0000
L-BFGS | iteration: 405, total loss=10003326959616.0000, content_loss=1468331835.9375, style loss=10001830078125.0000, tv loss=29361330.0000
L-BFGS | iteration: 406, total loss=9987747217408.0000, content_loss=1468471093.7500, style loss=9986250000000.0000, tv loss=29359012.0000
L-BFGS | iteration: 407, total loss=9973231779840.0000, content_loss=1468399316.4062, style loss=9971733984375.0000, tv loss=29365156.0000
L-BFGS | iteration: 408, total loss=9951214829568.0000, content_loss=1468181738.2812, style loss=9949717968750.0000, tv loss=29375194.0000
L-BFGS | iteration: 409, total loss=9933339754496.0000, content_loss=1468509082.0312, style loss=9931842187500.0000, tv loss=29385744.0000
L-BFGS | iteration: 410, total loss=9916654813184.0000, content_loss=1468456542.9688, style loss=9915157031250.0000, tv loss=29387300.0000
L-BFGS | iteration: 411, total loss=9897574924288.0000, content_loss=1468333496.0938, style loss=9896077734375.0000, tv loss=29392934.0000
L-BFGS | iteration: 412, total loss=9883547074560.0000, content_loss=1468411425.7812, style loss=9882049218750.0000, tv loss=29394430.0000
L-BFGS | iteration: 413, total loss=9868010323968.0000, content_loss=1468250488.2812, style loss=9866512500000.0000, tv loss=29401478.0000
L-BFGS | iteration: 414, total loss=9851106230272.0000, content_loss=1468697558.5938, style loss=9849608203125.0000, tv loss=29404032.0000
L-BFGS | iteration: 415, total loss=9839812018176.0000, content_loss=1468498632.8125, style loss=9838314843750.0000, tv loss=29413898.0000
L-BFGS | iteration: 416, total loss=9828794630144.0000, content_loss=1468538476.5625, style loss=9827296289062.5000, tv loss=29412924.0000
L-BFGS | iteration: 417, total loss=9814550773760.0000, content_loss=1468825683.5938, style loss=9813052734375.0000, tv loss=29415480.0000
L-BFGS | iteration: 418, total loss=9793572962304.0000, content_loss=1469041894.5312, style loss=9792074414062.5000, tv loss=29421400.0000
L-BFGS | iteration: 419, total loss=9775716761600.0000, content_loss=1469323730.4688, style loss=9774218554687.5000, tv loss=29427888.0000
L-BFGS | iteration: 420, total loss=9762262482944.0000, content_loss=1469617675.7812, style loss=9760762500000.0000, tv loss=29432740.0000
L-BFGS | iteration: 421, total loss=9745017602048.0000, content_loss=1469456445.3125, style loss=9743518945312.5000, tv loss=29438488.0000
L-BFGS | iteration: 422, total loss=9726013210624.0000, content_loss=1470573339.8438, style loss=9724514062500.0000, tv loss=29444728.0000
L-BFGS | iteration: 423, total loss=9710549860352.0000, content_loss=1470297949.2188, style loss=9709050000000.0000, tv loss=29446734.0000
L-BFGS | iteration: 424, total loss=9697739407360.0000, content_loss=1469925683.5938, style loss=9696240234375.0000, tv loss=29449616.0000
L-BFGS | iteration: 425, total loss=9682649350144.0000, content_loss=1470265332.0312, style loss=9681150000000.0000, tv loss=29450820.0000
L-BFGS | iteration: 426, total loss=9672241184768.0000, content_loss=1469853906.2500, style loss=9670741992187.5000, tv loss=29469192.0000
L-BFGS | iteration: 427, total loss=9657119670272.0000, content_loss=1470148632.8125, style loss=9655620117187.5000, tv loss=29460672.0000
L-BFGS | iteration: 428, total loss=9648990060544.0000, content_loss=1470258593.7500, style loss=9647490234375.0000, tv loss=29462266.0000
L-BFGS | iteration: 429, total loss=9638035587072.0000, content_loss=1470385937.5000, style loss=9636536132812.5000, tv loss=29468468.0000
L-BFGS | iteration: 430, total loss=9623594598400.0000, content_loss=1470213671.8750, style loss=9622095117187.5000, tv loss=29475124.0000
L-BFGS | iteration: 431, total loss=9604555603968.0000, content_loss=1470310839.8438, style loss=9603056250000.0000, tv loss=29481644.0000
L-BFGS | iteration: 432, total loss=9590766829568.0000, content_loss=1470225585.9375, style loss=9589267382812.5000, tv loss=29486156.0000
L-BFGS | iteration: 433, total loss=9580110151680.0000, content_loss=1470202636.7188, style loss=9578610351562.5000, tv loss=29487940.0000
L-BFGS | iteration: 434, total loss=9565658677248.0000, content_loss=1470206933.5938, style loss=9564159375000.0000, tv loss=29491574.0000
L-BFGS | iteration: 435, total loss=9549974077440.0000, content_loss=1470047851.5625, style loss=9548475000000.0000, tv loss=29499962.0000
L-BFGS | iteration: 436, total loss=9538936766464.0000, content_loss=1470180468.7500, style loss=9537437109375.0000, tv loss=29499584.0000
L-BFGS | iteration: 437, total loss=9529083297792.0000, content_loss=1470241894.5312, style loss=9527583984375.0000, tv loss=29509392.0000
L-BFGS | iteration: 438, total loss=9519164817408.0000, content_loss=1470432031.2500, style loss=9517665234375.0000, tv loss=29507752.0000
L-BFGS | iteration: 439, total loss=9505861533696.0000, content_loss=1470509082.0312, style loss=9504362109375.0000, tv loss=29508850.0000
L-BFGS | iteration: 440, total loss=9490509332480.0000, content_loss=1470461230.4688, style loss=9489009375000.0000, tv loss=29514420.0000
L-BFGS | iteration: 441, total loss=9471769182208.0000, content_loss=1470705957.0312, style loss=9470268164062.5000, tv loss=29521290.0000
L-BFGS | iteration: 442, total loss=9457279959040.0000, content_loss=1470726269.5312, style loss=9455779687500.0000, tv loss=29528904.0000
L-BFGS | iteration: 443, total loss=9443765911552.0000, content_loss=1471005859.3750, style loss=9442265625000.0000, tv loss=29531676.0000
L-BFGS | iteration: 444, total loss=9428063485952.0000, content_loss=1471271679.6875, style loss=9426562500000.0000, tv loss=29537882.0000
L-BFGS | iteration: 445, total loss=9413938118656.0000, content_loss=1471537500.0000, style loss=9412437304687.5000, tv loss=29541390.0000
L-BFGS | iteration: 446, total loss=9400571920384.0000, content_loss=1471451855.4688, style loss=9399071484375.0000, tv loss=29548358.0000
L-BFGS | iteration: 447, total loss=9390933409792.0000, content_loss=1471504980.4688, style loss=9389432812500.0000, tv loss=29547252.0000
L-BFGS | iteration: 448, total loss=9382433652736.0000, content_loss=1471250585.9375, style loss=9380932617187.5000, tv loss=29557620.0000
L-BFGS | iteration: 449, total loss=9376176799744.0000, content_loss=1471315917.9688, style loss=9374676562500.0000, tv loss=29556088.0000
L-BFGS | iteration: 450, total loss=9361854300160.0000, content_loss=1471223242.1875, style loss=9360353320312.5000, tv loss=29557186.0000
L-BFGS | iteration: 451, total loss=9349059575808.0000, content_loss=1471172070.3125, style loss=9347559375000.0000, tv loss=29563212.0000
L-BFGS | iteration: 452, total loss=9336672747520.0000, content_loss=1471095800.7812, style loss=9335172070312.5000, tv loss=29566092.0000
L-BFGS | iteration: 453, total loss=9323317035008.0000, content_loss=1471040039.0625, style loss=9321816796875.0000, tv loss=29572694.0000
L-BFGS | iteration: 454, total loss=9312228343808.0000, content_loss=1471043457.0312, style loss=9310727929687.5000, tv loss=29576452.0000
L-BFGS | iteration: 455, total loss=9295103000576.0000, content_loss=1471026660.1562, style loss=9293602734375.0000, tv loss=29586800.0000
L-BFGS | iteration: 456, total loss=9279869288448.0000, content_loss=1471155468.7500, style loss=9278368359375.0000, tv loss=29589726.0000
L-BFGS | iteration: 457, total loss=9268871823360.0000, content_loss=1471069042.9688, style loss=9267371484375.0000, tv loss=29596968.0000
L-BFGS | iteration: 458, total loss=9258486726656.0000, content_loss=1471134082.0312, style loss=9256985742187.5000, tv loss=29596936.0000
L-BFGS | iteration: 459, total loss=9249121894400.0000, content_loss=1470978613.2812, style loss=9247621875000.0000, tv loss=29604024.0000
L-BFGS | iteration: 460, total loss=9238348824576.0000, content_loss=1471071875.0000, style loss=9236848242187.5000, tv loss=29604286.0000
L-BFGS | iteration: 461, total loss=9229039566848.0000, content_loss=1470741113.2812, style loss=9227538867187.5000, tv loss=29609428.0000
L-BFGS | iteration: 462, total loss=9219260547072.0000, content_loss=1470718457.0312, style loss=9217759570312.5000, tv loss=29612464.0000
L-BFGS | iteration: 463, total loss=9203932463104.0000, content_loss=1470753906.2500, style loss=9202431445312.5000, tv loss=29618056.0000
