C:\Users\user\AppData\Roaming\Python\Python313\site-packages\torchvision\models\_utils.py:208: UserWarning: The parameter 'pretrained' is deprecated since 0.13 and may be removed in the future, please use 'weights' instead.
  warnings.warn(
C:\Users\user\AppData\Roaming\Python\Python313\site-packages\torchvision\models\_utils.py:223: UserWarning: Arguments other than a weight enum or `None` for 'weights' are deprecated since 0.13 and may be removed in the future. The current behavior is equivalent to passing `weights=VGG19_Weights.IMAGENET1K_V1`. You can also use `weights=VGG19_Weights.DEFAULT` to get the most up-to-date weights.
  warnings.warn(msg)
Using VGG19 in the optimization procedure.
L-BFGS | iteration: 000, total loss=45648647588675584.0000, content_loss=      0.0000, style loss=45648648000000000.0000, tv loss=19590112.0000
L-BFGS | iteration: 001, total loss=45648587459133440.0000, content_loss=     86.2403, style loss=45648585600000000.0000, tv loss=19590112.0000
L-BFGS | iteration: 002, total loss=45648475789983744.0000, content_loss=    112.9444, style loss=45648475200000000.0000, tv loss=19590112.0000
L-BFGS | iteration: 003, total loss=45647840134823936.0000, content_loss=    152.2897, style loss=45647841600000000.0000, tv loss=19590120.0000
L-BFGS | iteration: 004, total loss=45644610319417344.0000, content_loss=    247.1399, style loss=45644611200000000.0000, tv loss=19590160.0000
L-BFGS | iteration: 005, total loss=45626614406447104.0000, content_loss=   1655.0576, style loss=45626616000000000.0000, tv loss=19590372.0000
L-BFGS | iteration: 006, total loss=45528908195430400.0000, content_loss=  39378.7563, style loss=45528907200000000.0000, tv loss=19591550.0000
L-BFGS | iteration: 007, total loss=45036430065401856.0000, content_loss= 840768.1465, style loss=45036432000000000.0000, tv loss=19598034.0000
L-BFGS | iteration: 008, total loss=41264963448209408.0000, content_loss=37133987.4268, style loss=41264961600000000.0000, tv loss=19702500.0000
L-BFGS | iteration: 009, total loss=33591909884624896.0000, content_loss=239496752.9297, style loss=33591909600000000.0000, tv loss=20070180.0000
L-BFGS | iteration: 010, total loss=29734500971839488.0000, content_loss=748020703.1250, style loss=29734500000000000.0000, tv loss=20932480.0000
L-BFGS | iteration: 011, total loss=23501408208683008.0000, content_loss=727300537.1094, style loss=23501407200000000.0000, tv loss=20616362.0000
L-BFGS | iteration: 012, total loss=18381667605413888.0000, content_loss=889854394.5312, style loss=18381667200000000.0000, tv loss=20446488.0000
L-BFGS | iteration: 013, total loss=14078983326924800.0000, content_loss=1170299707.0312, style loss=14078982000000000.0000, tv loss=20579726.0000
L-BFGS | iteration: 014, total loss=11177740434669568.0000, content_loss=1312406054.6875, style loss=11177739600000000.0000, tv loss=20626284.0000
L-BFGS | iteration: 015, total loss=9059575307173888.0000, content_loss=1365533398.4375, style loss=9059574600000000.0000, tv loss=20461472.0000
L-BFGS | iteration: 016, total loss=7644291241345024.0000, content_loss=1485062402.3438, style loss=7644289800000000.0000, tv loss=20515922.0000
L-BFGS | iteration: 017, total loss=6594118587252736.0000, content_loss=1480289550.7812, style loss=6594117000000000.0000, tv loss=20353990.0000
L-BFGS | iteration: 018, total loss=5775454870962176.0000, content_loss=1583691210.9375, style loss=5775453000000000.0000, tv loss=20394948.0000
L-BFGS | iteration: 019, total loss=5143365070880768.0000, content_loss=1598177441.4062, style loss=5143363200000000.0000, tv loss=20254096.0000
L-BFGS | iteration: 020, total loss=4563788762185728.0000, content_loss=1659017773.4375, style loss=4563787200000000.0000, tv loss=20230322.0000
L-BFGS | iteration: 021, total loss=4101145622478848.0000, content_loss=1693565429.6875, style loss=4101144000000000.0000, tv loss=20154338.0000
L-BFGS | iteration: 022, total loss=3714578164744192.0000, content_loss=1736302734.3750, style loss=3714576600000000.0000, tv loss=20101754.0000
L-BFGS | iteration: 023, total loss=3389005685063680.0000, content_loss=1756763671.8750, style loss=3389003700000000.0000, tv loss=20047178.0000
L-BFGS | iteration: 024, total loss=3116114737364992.0000, content_loss=1807409375.0000, style loss=3116112900000000.0000, tv loss=20025080.0000
L-BFGS | iteration: 025, total loss=2930495646072832.0000, content_loss=1788738867.1875, style loss=2930493900000000.0000, tv loss=19938596.0000
L-BFGS | iteration: 026, total loss=2748012417777664.0000, content_loss=1849186718.7500, style loss=2748010500000000.0000, tv loss=19988048.0000
L-BFGS | iteration: 027, total loss=2632999904477184.0000, content_loss=1856311328.1250, style loss=2632998000000000.0000, tv loss=19901244.0000
L-BFGS | iteration: 028, total loss=2468137047949312.0000, content_loss=1863558398.4375, style loss=2468135250000000.0000, tv loss=19896264.0000
L-BFGS | iteration: 029, total loss=2334975613468672.0000, content_loss=1913443945.3125, style loss=2334973650000000.0000, tv loss=19891770.0000
L-BFGS | iteration: 030, total loss=2257377634025472.0000, content_loss=1887518164.0625, style loss=2257375650000000.0000, tv loss=19816728.0000
L-BFGS | iteration: 031, total loss=2163114510385152.0000, content_loss=1904001757.8125, style loss=2163112650000000.0000, tv loss=19795730.0000
L-BFGS | iteration: 032, total loss=2069497108234240.0000, content_loss=1927281835.9375, style loss=2069495250000000.0000, tv loss=19814756.0000
L-BFGS | iteration: 033, total loss=1974494444912640.0000, content_loss=1943569335.9375, style loss=1974492600000000.0000, tv loss=19786800.0000
L-BFGS | iteration: 034, total loss=1883453888921600.0000, content_loss=1958213671.8750, style loss=1883451900000000.0000, tv loss=19781324.0000
L-BFGS | iteration: 035, total loss=1795394442887168.0000, content_loss=1974367187.5000, style loss=1795392450000000.0000, tv loss=19733480.0000
L-BFGS | iteration: 036, total loss=1726505314942976.0000, content_loss=1972245312.5000, style loss=1726503300000000.0000, tv loss=19735044.0000
L-BFGS | iteration: 037, total loss=1664489476849664.0000, content_loss=1999829687.5000, style loss=1664487450000000.0000, tv loss=19693364.0000
L-BFGS | iteration: 038, total loss=1624075713642496.0000, content_loss=1980181835.9375, style loss=1624073700000000.0000, tv loss=19658144.0000
L-BFGS | iteration: 039, total loss=1576487207567360.0000, content_loss=2002349218.7500, style loss=1576485150000000.0000, tv loss=19706592.0000
L-BFGS | iteration: 040, total loss=1537481522544640.0000, content_loss=2007434765.6250, style loss=1537479450000000.0000, tv loss=19634516.0000
L-BFGS | iteration: 041, total loss=1491172111417344.0000, content_loss=2026764453.1250, style loss=1491170100000000.0000, tv loss=19665340.0000
L-BFGS | iteration: 042, total loss=1447746368176128.0000, content_loss=2017019726.5625, style loss=1447744350000000.0000, tv loss=19633528.0000
L-BFGS | iteration: 043, total loss=1403834488324096.0000, content_loss=2036975585.9375, style loss=1403832450000000.0000, tv loss=19644436.0000
L-BFGS | iteration: 044, total loss=1368382888738816.0000, content_loss=2032583789.0625, style loss=1368380850000000.0000, tv loss=19634046.0000
L-BFGS | iteration: 045, total loss=1323766231597056.0000, content_loss=2046670312.5000, style loss=1323764250000000.0000, tv loss=19634408.0000
L-BFGS | iteration: 046, total loss=1284516001873920.0000, content_loss=2052619531.2500, style loss=1284514050000000.0000, tv loss=19649220.0000
L-BFGS | iteration: 047, total loss=1243471415345152.0000, content_loss=2055153515.6250, style loss=1243469400000000.0000, tv loss=19587802.0000
L-BFGS | iteration: 048, total loss=1212285120937984.0000, content_loss=2078212500.0000, style loss=1212283125000000.0000, tv loss=19682062.0000
L-BFGS | iteration: 049, total loss=1185246154326016.0000, content_loss=2065044531.2500, style loss=1185244125000000.0000, tv loss=19555912.0000
L-BFGS | iteration: 050, total loss=1158882168668160.0000, content_loss=2076145312.5000, style loss=1158880125000000.0000, tv loss=19561546.0000
L-BFGS | iteration: 051, total loss=1156553491087360.0000, content_loss=2062451953.1250, style loss=1156551525000000.0000, tv loss=19676322.0000
L-BFGS | iteration: 052, total loss=1139372816596992.0000, content_loss=2071566406.2500, style loss=1139370825000000.0000, tv loss=19614292.0000
L-BFGS | iteration: 053, total loss=1111751680589824.0000, content_loss=2087913281.2500, style loss=1111749600000000.0000, tv loss=19642662.0000
L-BFGS | iteration: 054, total loss=1086999448518656.0000, content_loss=2092885742.1875, style loss=1086997350000000.0000, tv loss=19614856.0000
L-BFGS | iteration: 055, total loss=1060057722650624.0000, content_loss=2085214453.1250, style loss=1060055625000000.0000, tv loss=19605984.0000
L-BFGS | iteration: 056, total loss=1033343898484736.0000, content_loss=2105125195.3125, style loss=1033341825000000.0000, tv loss=19599750.0000
L-BFGS | iteration: 057, total loss=1016705597833216.0000, content_loss=2101850781.2500, style loss=1016703525000000.0000, tv loss=19595480.0000
L-BFGS | iteration: 058, total loss=988277544845312.0000, content_loss=2102695312.5000, style loss=988275450000000.0000, tv loss=19599856.0000
L-BFGS | iteration: 059, total loss=965090090156032.0000, content_loss=2115837890.6250, style loss=965087925000000.0000, tv loss=19607760.0000
L-BFGS | iteration: 060, total loss=945870648377344.0000, content_loss=2111431835.9375, style loss=945868575000000.0000, tv loss=19599908.0000
L-BFGS | iteration: 061, total loss=920870381944832.0000, content_loss=2119215234.3750, style loss=920868225000000.0000, tv loss=19599620.0000
L-BFGS | iteration: 062, total loss=900028180725760.0000, content_loss=2123682226.5625, style loss=900026025000000.0000, tv loss=19617824.0000
L-BFGS | iteration: 063, total loss=878899290439680.0000, content_loss=2131310742.1875, style loss=878897175000000.0000, tv loss=19602642.0000
L-BFGS | iteration: 064, total loss=860006735937536.0000, content_loss=2136915039.0625, style loss=860004600000000.0000, tv loss=19642432.0000
L-BFGS | iteration: 065, total loss=843104764559360.0000, content_loss=2140538085.9375, style loss=843102600000000.0000, tv loss=19582540.0000
L-BFGS | iteration: 066, total loss=836034241757184.0000, content_loss=2136260742.1875, style loss=836032125000000.0000, tv loss=19695338.0000
L-BFGS | iteration: 067, total loss=815162646855680.0000, content_loss=2160332421.8750, style loss=815160525000000.0000, tv loss=19673304.0000
L-BFGS | iteration: 068, total loss=805426157322240.0000, content_loss=2144622851.5625, style loss=805424025000000.0000, tv loss=19571602.0000
L-BFGS | iteration: 069, total loss=796549869207552.0000, content_loss=2148253710.9375, style loss=796547700000000.0000, tv loss=19595208.0000
L-BFGS | iteration: 070, total loss=781377226145792.0000, content_loss=2155581250.0000, style loss=781375050000000.0000, tv loss=19717900.0000
L-BFGS | iteration: 071, total loss=762340186259456.0000, content_loss=2172485156.2500, style loss=762338025000000.0000, tv loss=19676880.0000
L-BFGS | iteration: 072, total loss=752462029914112.0000, content_loss=2163260742.1875, style loss=752459850000000.0000, tv loss=19640488.0000
L-BFGS | iteration: 073, total loss=741199686139904.0000, content_loss=2159837500.0000, style loss=741197550000000.0000, tv loss=19632122.0000
L-BFGS | iteration: 074, total loss=726872212111360.0000, content_loss=2165371679.6875, style loss=726870075000000.0000, tv loss=19624976.0000
L-BFGS | iteration: 075, total loss=711964313518080.0000, content_loss=2175993945.3125, style loss=711962175000000.0000, tv loss=19663138.0000
L-BFGS | iteration: 076, total loss=697407528501248.0000, content_loss=2176403515.6250, style loss=697405350000000.0000, tv loss=19666274.0000
L-BFGS | iteration: 077, total loss=683953140793344.0000, content_loss=2188234960.9375, style loss=683950950000000.0000, tv loss=19686162.0000
L-BFGS | iteration: 078, total loss=675092623261696.0000, content_loss=2179107031.2500, style loss=675090450000000.0000, tv loss=19675300.0000
L-BFGS | iteration: 079, total loss=664487073939456.0000, content_loss=2180869531.2500, style loss=664484925000000.0000, tv loss=19651446.0000
L-BFGS | iteration: 080, total loss=654858495459328.0000, content_loss=2187939062.5000, style loss=654856275000000.0000, tv loss=19707228.0000
L-BFGS | iteration: 081, total loss=643496427913216.0000, content_loss=2192965820.3125, style loss=643494225000000.0000, tv loss=19674792.0000
L-BFGS | iteration: 082, total loss=633749268070400.0000, content_loss=2187631640.6250, style loss=633747075000000.0000, tv loss=19694232.0000
L-BFGS | iteration: 083, total loss=623342025441280.0000, content_loss=2197124609.3750, style loss=623339812500000.0000, tv loss=19708648.0000
L-BFGS | iteration: 084, total loss=613803708383232.0000, content_loss=2198968750.0000, style loss=613801500000000.0000, tv loss=19668668.0000
L-BFGS | iteration: 085, total loss=602659341991936.0000, content_loss=2194961718.7500, style loss=602657100000000.0000, tv loss=19703040.0000
L-BFGS | iteration: 086, total loss=591321299419136.0000, content_loss=2203554492.1875, style loss=591319087500000.0000, tv loss=19700676.0000
L-BFGS | iteration: 087, total loss=583170994995200.0000, content_loss=2196631835.9375, style loss=583168800000000.0000, tv loss=19676600.0000
L-BFGS | iteration: 088, total loss=574530326102016.0000, content_loss=2202127539.0625, style loss=574528087500000.0000, tv loss=19684396.0000
L-BFGS | iteration: 089, total loss=568793994625024.0000, content_loss=2198646875.0000, style loss=568791787500000.0000, tv loss=19701162.0000
L-BFGS | iteration: 090, total loss=560056957403136.0000, content_loss=2210728320.3125, style loss=560054700000000.0000, tv loss=19699818.0000
L-BFGS | iteration: 091, total loss=554078362927104.0000, content_loss=2207967382.8125, style loss=554076112500000.0000, tv loss=19708518.0000
L-BFGS | iteration: 092, total loss=545627377238016.0000, content_loss=2202333984.3750, style loss=545625112500000.0000, tv loss=19699664.0000
L-BFGS | iteration: 093, total loss=538106654621696.0000, content_loss=2212716992.1875, style loss=538104412500000.0000, tv loss=19713264.0000
L-BFGS | iteration: 094, total loss=532745931456512.0000, content_loss=2209893750.0000, style loss=532743675000000.0000, tv loss=19702048.0000
L-BFGS | iteration: 095, total loss=524305448304640.0000, content_loss=2210958789.0625, style loss=524303212500000.0000, tv loss=19711264.0000
L-BFGS | iteration: 096, total loss=515508214431744.0000, content_loss=2216850781.2500, style loss=515505975000000.0000, tv loss=19715526.0000
L-BFGS | iteration: 097, total loss=508349309255680.0000, content_loss=2216077734.3750, style loss=508347075000000.0000, tv loss=19723456.0000
L-BFGS | iteration: 098, total loss=499019029676032.0000, content_loss=2215579101.5625, style loss=499016775000000.0000, tv loss=19728068.0000
L-BFGS | iteration: 099, total loss=491914281353216.0000, content_loss=2225453906.2500, style loss=491912025000000.0000, tv loss=19743020.0000
L-BFGS | iteration: 100, total loss=488525250166784.0000, content_loss=2212199023.4375, style loss=488523000000000.0000, tv loss=19720342.0000
L-BFGS | iteration: 101, total loss=483890644910080.0000, content_loss=2219718945.3125, style loss=483888412500000.0000, tv loss=19710788.0000
L-BFGS | iteration: 102, total loss=479803278884864.0000, content_loss=2223101953.1250, style loss=479801025000000.0000, tv loss=19762296.0000
L-BFGS | iteration: 103, total loss=474717232300032.0000, content_loss=2222453710.9375, style loss=474714975000000.0000, tv loss=19723458.0000
L-BFGS | iteration: 104, total loss=467805421961216.0000, content_loss=2227681640.6250, style loss=467803162500000.0000, tv loss=19750410.0000
L-BFGS | iteration: 105, total loss=462090565320704.0000, content_loss=2225097070.3125, style loss=462088312500000.0000, tv loss=19748676.0000
L-BFGS | iteration: 106, total loss=455841857667072.0000, content_loss=2227682031.2500, style loss=455839612500000.0000, tv loss=19740128.0000
L-BFGS | iteration: 107, total loss=450251655741440.0000, content_loss=2225257617.1875, style loss=450249412500000.0000, tv loss=19771350.0000
L-BFGS | iteration: 108, total loss=444280845893632.0000, content_loss=2237808203.1250, style loss=444278550000000.0000, tv loss=19760630.0000
L-BFGS | iteration: 109, total loss=440624050339840.0000, content_loss=2231033203.1250, style loss=440621812500000.0000, tv loss=19748416.0000
L-BFGS | iteration: 110, total loss=436642179448832.0000, content_loss=2232259765.6250, style loss=436639912500000.0000, tv loss=19743076.0000
L-BFGS | iteration: 111, total loss=431548683780096.0000, content_loss=2232105078.1250, style loss=431546400000000.0000, tv loss=19752512.0000
L-BFGS | iteration: 112, total loss=425534253170688.0000, content_loss=2237992773.4375, style loss=425531962500000.0000, tv loss=19763956.0000
L-BFGS | iteration: 113, total loss=420408142594048.0000, content_loss=2237060742.1875, style loss=420405862500000.0000, tv loss=19767768.0000
L-BFGS | iteration: 114, total loss=414181782192128.0000, content_loss=2242135546.8750, style loss=414179512500000.0000, tv loss=19776964.0000
L-BFGS | iteration: 115, total loss=408353209581568.0000, content_loss=2238716601.5625, style loss=408350925000000.0000, tv loss=19767648.0000
L-BFGS | iteration: 116, total loss=402862295220224.0000, content_loss=2246328710.9375, style loss=402860025000000.0000, tv loss=19786988.0000
L-BFGS | iteration: 117, total loss=400236157599744.0000, content_loss=2236611328.1250, style loss=400233862500000.0000, tv loss=19765202.0000
L-BFGS | iteration: 118, total loss=396731330068480.0000, content_loss=2240615039.0625, style loss=396729037500000.0000, tv loss=19744712.0000
L-BFGS | iteration: 119, total loss=393133187661824.0000, content_loss=2245042578.1250, style loss=393130912500000.0000, tv loss=19824408.0000
L-BFGS | iteration: 120, total loss=388151193370624.0000, content_loss=2251088671.8750, style loss=388148925000000.0000, tv loss=19796510.0000
L-BFGS | iteration: 121, total loss=384000510132224.0000, content_loss=2246007031.2500, style loss=383998237500000.0000, tv loss=19784480.0000
L-BFGS | iteration: 122, total loss=379502572077056.0000, content_loss=2248293554.6875, style loss=379500300000000.0000, tv loss=19784324.0000
L-BFGS | iteration: 123, total loss=375384134647808.0000, content_loss=2249617382.8125, style loss=375381862500000.0000, tv loss=19787218.0000
L-BFGS | iteration: 124, total loss=370382410350592.0000, content_loss=2255228515.6250, style loss=370380112500000.0000, tv loss=19799432.0000
L-BFGS | iteration: 125, total loss=367933641457664.0000, content_loss=2246638671.8750, style loss=367931362500000.0000, tv loss=19804198.0000
L-BFGS | iteration: 126, total loss=363852885655552.0000, content_loss=2252492187.5000, style loss=363850612500000.0000, tv loss=19793428.0000
L-BFGS | iteration: 127, total loss=360751483060224.0000, content_loss=2256405664.0625, style loss=360749212500000.0000, tv loss=19815212.0000
L-BFGS | iteration: 128, total loss=356489499770880.0000, content_loss=2256430273.4375, style loss=356487225000000.0000, tv loss=19816218.0000
L-BFGS | iteration: 129, total loss=351492439539712.0000, content_loss=2258474023.4375, style loss=351490162500000.0000, tv loss=19827342.0000
L-BFGS | iteration: 130, total loss=346340458496000.0000, content_loss=2261804687.5000, style loss=346338187500000.0000, tv loss=19821316.0000
L-BFGS | iteration: 131, total loss=344971840323584.0000, content_loss=2251454101.5625, style loss=344969550000000.0000, tv loss=19828946.0000
L-BFGS | iteration: 132, total loss=341172471988224.0000, content_loss=2262936328.1250, style loss=341170200000000.0000, tv loss=19821612.0000
L-BFGS | iteration: 133, total loss=338963046858752.0000, content_loss=2262714062.5000, style loss=338960775000000.0000, tv loss=19833688.0000
L-BFGS | iteration: 134, total loss=336615343915008.0000, content_loss=2258942773.4375, style loss=336613050000000.0000, tv loss=19834448.0000
L-BFGS | iteration: 135, total loss=333590546087936.0000, content_loss=2259741796.8750, style loss=333588262500000.0000, tv loss=19843178.0000
L-BFGS | iteration: 136, total loss=329259004461056.0000, content_loss=2258813671.8750, style loss=329256712500000.0000, tv loss=19849892.0000
L-BFGS | iteration: 137, total loss=325329612701696.0000, content_loss=2267417968.7500, style loss=325327312500000.0000, tv loss=19846252.0000
L-BFGS | iteration: 138, total loss=323547067056128.0000, content_loss=2258859570.3125, style loss=323544787500000.0000, tv loss=19859538.0000
L-BFGS | iteration: 139, total loss=320754902106112.0000, content_loss=2262417382.8125, style loss=320752612500000.0000, tv loss=19860178.0000
L-BFGS | iteration: 140, total loss=317811406667776.0000, content_loss=2263075000.0000, style loss=317809125000000.0000, tv loss=19855546.0000
L-BFGS | iteration: 141, total loss=314099380518912.0000, content_loss=2262136328.1250, style loss=314097093750000.0000, tv loss=19890888.0000
L-BFGS | iteration: 142, total loss=310402722299904.0000, content_loss=2263157031.2500, style loss=310400437500000.0000, tv loss=19843724.0000
L-BFGS | iteration: 143, total loss=307031743397888.0000, content_loss=2269282226.5625, style loss=307029431250000.0000, tv loss=19919176.0000
L-BFGS | iteration: 144, total loss=304289171898368.0000, content_loss=2265097656.2500, style loss=304286850000000.0000, tv loss=19895380.0000
L-BFGS | iteration: 145, total loss=302263356620800.0000, content_loss=2267817578.1250, style loss=302261043750000.0000, tv loss=19856672.0000
L-BFGS | iteration: 146, total loss=300358941278208.0000, content_loss=2262677929.6875, style loss=300356643750000.0000, tv loss=19876940.0000
L-BFGS | iteration: 147, total loss=297128421228544.0000, content_loss=2269370898.4375, style loss=297126093750000.0000, tv loss=19904424.0000
L-BFGS | iteration: 148, total loss=294976374177792.0000, content_loss=2270628320.3125, style loss=294974043750000.0000, tv loss=19907214.0000
L-BFGS | iteration: 149, total loss=291679684788224.0000, content_loss=2266290039.0625, style loss=291677381250000.0000, tv loss=19913536.0000
L-BFGS | iteration: 150, total loss=288604488204288.0000, content_loss=2274185546.8750, style loss=288602156250000.0000, tv loss=19907368.0000
L-BFGS | iteration: 151, total loss=286895628091392.0000, content_loss=2269503710.9375, style loss=286893300000000.0000, tv loss=19923516.0000
L-BFGS | iteration: 152, total loss=284166042157056.0000, content_loss=2268728125.0000, style loss=284163731250000.0000, tv loss=19945056.0000
L-BFGS | iteration: 153, total loss=280871030489088.0000, content_loss=2270790234.3750, style loss=280868756250000.0000, tv loss=19944042.0000
L-BFGS | iteration: 154, total loss=277669820235776.0000, content_loss=2273264453.1250, style loss=277667531250000.0000, tv loss=19937944.0000
L-BFGS | iteration: 155, total loss=275055225339904.0000, content_loss=2270416992.1875, style loss=275052937500000.0000, tv loss=19950972.0000
L-BFGS | iteration: 156, total loss=271965784899584.0000, content_loss=2276114257.8125, style loss=271963481250000.0000, tv loss=19961798.0000
L-BFGS | iteration: 157, total loss=270335828033536.0000, content_loss=2271347460.9375, style loss=270333543750000.0000, tv loss=19969328.0000
L-BFGS | iteration: 158, total loss=268330933944320.0000, content_loss=2276713476.5625, style loss=268328643750000.0000, tv loss=19960960.0000
L-BFGS | iteration: 159, total loss=266125937999872.0000, content_loss=2275282617.1875, style loss=266123643750000.0000, tv loss=19971234.0000
L-BFGS | iteration: 160, total loss=263691043864576.0000, content_loss=2274713476.5625, style loss=263688750000000.0000, tv loss=19987118.0000
L-BFGS | iteration: 161, total loss=260542346297344.0000, content_loss=2277093164.0625, style loss=260540043750000.0000, tv loss=19995576.0000
L-BFGS | iteration: 162, total loss=257306541424640.0000, content_loss=2280405859.3750, style loss=257304243750000.0000, tv loss=19996816.0000
L-BFGS | iteration: 163, total loss=254894246199296.0000, content_loss=2274435937.5000, style loss=254891943750000.0000, tv loss=20020002.0000
L-BFGS | iteration: 164, total loss=251989741010944.0000, content_loss=2280095898.4375, style loss=251987437500000.0000, tv loss=20030470.0000
L-BFGS | iteration: 165, total loss=250073917161472.0000, content_loss=2281625195.3125, style loss=250071618750000.0000, tv loss=20016804.0000
L-BFGS | iteration: 166, total loss=247783776845824.0000, content_loss=2279057226.5625, style loss=247781475000000.0000, tv loss=20027708.0000
L-BFGS | iteration: 167, total loss=244872678211584.0000, content_loss=2285549804.6875, style loss=244870387500000.0000, tv loss=20034888.0000
L-BFGS | iteration: 168, total loss=242832333864960.0000, content_loss=2283554492.1875, style loss=242830031250000.0000, tv loss=20031490.0000
L-BFGS | iteration: 169, total loss=239911236009984.0000, content_loss=2284300585.9375, style loss=239908931250000.0000, tv loss=20056072.0000
L-BFGS | iteration: 170, total loss=237037047250944.0000, content_loss=2283568945.3125, style loss=237034743750000.0000, tv loss=20036536.0000
L-BFGS | iteration: 171, total loss=235088860151808.0000, content_loss=2287721484.3750, style loss=235086562500000.0000, tv loss=20116182.0000
L-BFGS | iteration: 172, total loss=232761742852096.0000, content_loss=2291108398.4375, style loss=232759425000000.0000, tv loss=20067028.0000
L-BFGS | iteration: 173, total loss=232967246970880.0000, content_loss=2277205468.7500, style loss=232964943750000.0000, tv loss=20049176.0000
L-BFGS | iteration: 174, total loss=231524238622720.0000, content_loss=2284582617.1875, style loss=231521943750000.0000, tv loss=20057254.0000
L-BFGS | iteration: 175, total loss=230048128827392.0000, content_loss=2285398828.1250, style loss=230045831250000.0000, tv loss=20072604.0000
L-BFGS | iteration: 176, total loss=227758592491520.0000, content_loss=2287818945.3125, style loss=227756287500000.0000, tv loss=20111888.0000
L-BFGS | iteration: 177, total loss=225130928144384.0000, content_loss=2291091601.5625, style loss=225128606250000.0000, tv loss=20113684.0000
L-BFGS | iteration: 178, total loss=222864947019776.0000, content_loss=2286096289.0625, style loss=222862650000000.0000, tv loss=20110910.0000
L-BFGS | iteration: 179, total loss=220302344716288.0000, content_loss=2290688085.9375, style loss=220300031250000.0000, tv loss=20110560.0000
L-BFGS | iteration: 180, total loss=218419773308928.0000, content_loss=2292496875.0000, style loss=218417456250000.0000, tv loss=20124888.0000
L-BFGS | iteration: 181, total loss=216326261964800.0000, content_loss=2288456640.6250, style loss=216323962500000.0000, tv loss=20143548.0000
L-BFGS | iteration: 182, total loss=213732303044608.0000, content_loss=2295045117.1875, style loss=213729993750000.0000, tv loss=20146374.0000
L-BFGS | iteration: 183, total loss=212274530746368.0000, content_loss=2292847656.2500, style loss=212272218750000.0000, tv loss=20153540.0000
L-BFGS | iteration: 184, total loss=209970029133824.0000, content_loss=2292931054.6875, style loss=209967712500000.0000, tv loss=20162252.0000
L-BFGS | iteration: 185, total loss=207936127238144.0000, content_loss=2292168945.3125, style loss=207933806250000.0000, tv loss=20175750.0000
L-BFGS | iteration: 186, total loss=205973243297792.0000, content_loss=2299404687.5000, style loss=205970925000000.0000, tv loss=20169048.0000
L-BFGS | iteration: 187, total loss=204419589210112.0000, content_loss=2295881640.6250, style loss=204417281250000.0000, tv loss=20180966.0000
L-BFGS | iteration: 188, total loss=202976698302464.0000, content_loss=2295402929.6875, style loss=202974375000000.0000, tv loss=20197530.0000
L-BFGS | iteration: 189, total loss=201123721904128.0000, content_loss=2296609765.6250, style loss=201121406250000.0000, tv loss=20196360.0000
L-BFGS | iteration: 190, total loss=198347361091584.0000, content_loss=2298325390.6250, style loss=198345037500000.0000, tv loss=20211428.0000
L-BFGS | iteration: 191, total loss=195809672953856.0000, content_loss=2300400000.0000, style loss=195807356250000.0000, tv loss=20198852.0000
L-BFGS | iteration: 192, total loss=194505496068096.0000, content_loss=2298895117.1875, style loss=194503181250000.0000, tv loss=20254690.0000
L-BFGS | iteration: 193, total loss=192412018278400.0000, content_loss=2305628515.6250, style loss=192409706250000.0000, tv loss=20254948.0000
L-BFGS | iteration: 194, total loss=191216759078912.0000, content_loss=2297938281.2500, style loss=191214450000000.0000, tv loss=20218418.0000
L-BFGS | iteration: 195, total loss=190112533053440.0000, content_loss=2301678906.2500, style loss=190110225000000.0000, tv loss=20226656.0000
L-BFGS | iteration: 196, total loss=188615535624192.0000, content_loss=2303105273.4375, style loss=188613225000000.0000, tv loss=20256308.0000
L-BFGS | iteration: 197, total loss=186644833501184.0000, content_loss=2301999609.3750, style loss=186642525000000.0000, tv loss=20248066.0000
L-BFGS | iteration: 198, total loss=184383231229952.0000, content_loss=2304349023.4375, style loss=184380918750000.0000, tv loss=20270736.0000
L-BFGS | iteration: 199, total loss=182418652790784.0000, content_loss=2305058203.1250, style loss=182416331250000.0000, tv loss=20260144.0000
L-BFGS | iteration: 200, total loss=180862851219456.0000, content_loss=2301868945.3125, style loss=180860531250000.0000, tv loss=20283632.0000
L-BFGS | iteration: 201, total loss=179651670441984.0000, content_loss=2308588085.9375, style loss=179649337500000.0000, tv loss=20294020.0000
L-BFGS | iteration: 202, total loss=178523788541952.0000, content_loss=2303459765.6250, style loss=178521468750000.0000, tv loss=20293600.0000
L-BFGS | iteration: 203, total loss=177455700639744.0000, content_loss=2303506445.3125, style loss=177453393750000.0000, tv loss=20282960.0000
L-BFGS | iteration: 204, total loss=175756319653888.0000, content_loss=2304055468.7500, style loss=175754006250000.0000, tv loss=20288708.0000
L-BFGS | iteration: 205, total loss=173571271819264.0000, content_loss=2304424218.7500, style loss=173568956250000.0000, tv loss=20310648.0000
L-BFGS | iteration: 206, total loss=171438367571968.0000, content_loss=2310506640.6250, style loss=171436031250000.0000, tv loss=20322524.0000
L-BFGS | iteration: 207, total loss=170493474766848.0000, content_loss=2304276367.1875, style loss=170491162500000.0000, tv loss=20327420.0000
L-BFGS | iteration: 208, total loss=169202853871616.0000, content_loss=2306349414.0625, style loss=169200543750000.0000, tv loss=20322156.0000
L-BFGS | iteration: 209, total loss=167625007038464.0000, content_loss=2308866992.1875, style loss=167622675000000.0000, tv loss=20355816.0000
L-BFGS | iteration: 210, total loss=165870412234752.0000, content_loss=2309825781.2500, style loss=165868087500000.0000, tv loss=20346836.0000
L-BFGS | iteration: 211, total loss=163891187286016.0000, content_loss=2308492578.1250, style loss=163888856250000.0000, tv loss=20368514.0000
L-BFGS | iteration: 212, total loss=162004757118976.0000, content_loss=2315520507.8125, style loss=162002418750000.0000, tv loss=20361904.0000
L-BFGS | iteration: 213, total loss=161258305224704.0000, content_loss=2309933007.8125, style loss=161255981250000.0000, tv loss=20367144.0000
L-BFGS | iteration: 214, total loss=159973187256320.0000, content_loss=2311754882.8125, style loss=159970856250000.0000, tv loss=20373848.0000
L-BFGS | iteration: 215, total loss=158326520283136.0000, content_loss=2313578515.6250, style loss=158324193750000.0000, tv loss=20398936.0000
L-BFGS | iteration: 216, total loss=156382091280384.0000, content_loss=2314606835.9375, style loss=156379753125000.0000, tv loss=20395644.0000
L-BFGS | iteration: 217, total loss=154455060250624.0000, content_loss=2315540820.3125, style loss=154452721875000.0000, tv loss=20423138.0000
L-BFGS | iteration: 218, total loss=152459158749184.0000, content_loss=2318911328.1250, style loss=152456821875000.0000, tv loss=20422694.0000
L-BFGS | iteration: 219, total loss=151170265907200.0000, content_loss=2314227539.0625, style loss=151167928125000.0000, tv loss=20425296.0000
L-BFGS | iteration: 220, total loss=149695833833472.0000, content_loss=2316965820.3125, style loss=149693503125000.0000, tv loss=20427228.0000
L-BFGS | iteration: 221, total loss=148953257476096.0000, content_loss=2314356835.9375, style loss=148950918750000.0000, tv loss=20453898.0000
L-BFGS | iteration: 222, total loss=147768685363200.0000, content_loss=2320052734.3750, style loss=147766350000000.0000, tv loss=20444634.0000
L-BFGS | iteration: 223, total loss=146759552598016.0000, content_loss=2319015234.3750, style loss=146757215625000.0000, tv loss=20445204.0000
L-BFGS | iteration: 224, total loss=145594895040512.0000, content_loss=2316393945.3125, style loss=145592568750000.0000, tv loss=20468132.0000
L-BFGS | iteration: 225, total loss=144122442678272.0000, content_loss=2320323437.5000, style loss=144120103125000.0000, tv loss=20468872.0000
L-BFGS | iteration: 226, total loss=142659301670912.0000, content_loss=2321117968.7500, style loss=142656965625000.0000, tv loss=20468378.0000
L-BFGS | iteration: 227, total loss=140820602683392.0000, content_loss=2323339062.5000, style loss=140818275000000.0000, tv loss=20494348.0000
L-BFGS | iteration: 228, total loss=139995549532160.0000, content_loss=2316605664.0625, style loss=139993218750000.0000, tv loss=20460412.0000
L-BFGS | iteration: 229, total loss=138639019343872.0000, content_loss=2323324218.7500, style loss=138636675000000.0000, tv loss=20464376.0000
L-BFGS | iteration: 230, total loss=137700719984640.0000, content_loss=2322858203.1250, style loss=137698378125000.0000, tv loss=20534274.0000
L-BFGS | iteration: 231, total loss=136575816040448.0000, content_loss=2321712500.0000, style loss=136573471875000.0000, tv loss=20522016.0000
L-BFGS | iteration: 232, total loss=134753885880320.0000, content_loss=2322969140.6250, style loss=134751543750000.0000, tv loss=20508536.0000
L-BFGS | iteration: 233, total loss=133015061659648.0000, content_loss=2324354882.8125, style loss=133012725000000.0000, tv loss=20518004.0000
L-BFGS | iteration: 234, total loss=131226711097344.0000, content_loss=2326076953.1250, style loss=131224368750000.0000, tv loss=20541952.0000
L-BFGS | iteration: 235, total loss=129464465883136.0000, content_loss=2327045507.8125, style loss=129462121875000.0000, tv loss=20540976.0000
L-BFGS | iteration: 236, total loss=129732758732800.0000, content_loss=2319076562.5000, style loss=129730425000000.0000, tv loss=20563432.0000
L-BFGS | iteration: 237, total loss=128656290611200.0000, content_loss=2323766015.6250, style loss=128653950000000.0000, tv loss=20551256.0000
L-BFGS | iteration: 238, total loss=127493889589248.0000, content_loss=2326795898.4375, style loss=127491553125000.0000, tv loss=20557036.0000
L-BFGS | iteration: 239, total loss=126471855144960.0000, content_loss=2325104101.5625, style loss=126469518750000.0000, tv loss=20564766.0000
L-BFGS | iteration: 240, total loss=125301954707456.0000, content_loss=2327162500.0000, style loss=125299612500000.0000, tv loss=20566212.0000
L-BFGS | iteration: 241, total loss=124207081979904.0000, content_loss=2325875000.0000, style loss=124204743750000.0000, tv loss=20580404.0000
L-BFGS | iteration: 242, total loss=122750031101952.0000, content_loss=2329802734.3750, style loss=122747681250000.0000, tv loss=20588960.0000
L-BFGS | iteration: 243, total loss=121542784581632.0000, content_loss=2329644140.6250, style loss=121540434375000.0000, tv loss=20586692.0000
L-BFGS | iteration: 244, total loss=120554606559232.0000, content_loss=2324476367.1875, style loss=120552262500000.0000, tv loss=20604528.0000
L-BFGS | iteration: 245, total loss=119112395128832.0000, content_loss=2329955859.3750, style loss=119110050000000.0000, tv loss=20607644.0000
L-BFGS | iteration: 246, total loss=118441180659712.0000, content_loss=2328991992.1875, style loss=118438828125000.0000, tv loss=20603536.0000
L-BFGS | iteration: 247, total loss=117379451322368.0000, content_loss=2328038281.2500, style loss=117377100000000.0000, tv loss=20612476.0000
L-BFGS | iteration: 248, total loss=116218627358720.0000, content_loss=2330086914.0625, style loss=116216278125000.0000, tv loss=20616232.0000
L-BFGS | iteration: 249, total loss=115657144270848.0000, content_loss=2326425000.0000, style loss=115654800000000.0000, tv loss=20642514.0000
L-BFGS | iteration: 250, total loss=114000620683264.0000, content_loss=2333686914.0625, style loss=113998275000000.0000, tv loss=20637504.0000
L-BFGS | iteration: 251, total loss=113403838332928.0000, content_loss=2331476757.8125, style loss=113401490625000.0000, tv loss=20624528.0000
L-BFGS | iteration: 252, total loss=112560070197248.0000, content_loss=2329386523.4375, style loss=112557721875000.0000, tv loss=20624410.0000
L-BFGS | iteration: 253, total loss=111737919504384.0000, content_loss=2331109179.6875, style loss=111735571875000.0000, tv loss=20622460.0000
L-BFGS | iteration: 254, total loss=110557961125888.0000, content_loss=2331619140.6250, style loss=110555615625000.0000, tv loss=20653174.0000
L-BFGS | iteration: 255, total loss=109100943802368.0000, content_loss=2336950195.3125, style loss=109098590625000.0000, tv loss=20658364.0000
L-BFGS | iteration: 256, total loss=108338092179456.0000, content_loss=2333267773.4375, style loss=108335746875000.0000, tv loss=20653108.0000
L-BFGS | iteration: 257, total loss=107434597154816.0000, content_loss=2332914453.1250, style loss=107432250000000.0000, tv loss=20647828.0000
L-BFGS | iteration: 258, total loss=106279167066112.0000, content_loss=2334500781.2500, style loss=106276818750000.0000, tv loss=20664228.0000
L-BFGS | iteration: 259, total loss=104909550649344.0000, content_loss=2337747460.9375, style loss=104907196875000.0000, tv loss=20674668.0000
L-BFGS | iteration: 260, total loss=103970613755904.0000, content_loss=2335812109.3750, style loss=103968262500000.0000, tv loss=20689312.0000
L-BFGS | iteration: 261, total loss=102872536580096.0000, content_loss=2338181250.0000, style loss=102870178125000.0000, tv loss=20684866.0000
L-BFGS | iteration: 262, total loss=102135882579968.0000, content_loss=2335531445.3125, style loss=102133537500000.0000, tv loss=20698196.0000
L-BFGS | iteration: 263, total loss=101045908799488.0000, content_loss=2338480078.1250, style loss=101043553125000.0000, tv loss=20706648.0000
L-BFGS | iteration: 264, total loss=100316049571840.0000, content_loss=2336654882.8125, style loss=100313690625000.0000, tv loss=20698846.0000
L-BFGS | iteration: 265, total loss=99397052399616.0000, content_loss=2337599414.0625, style loss=99394696875000.0000, tv loss=20700326.0000
L-BFGS | iteration: 266, total loss=98560473300992.0000, content_loss=2335940234.3750, style loss=98558128125000.0000, tv loss=20722132.0000
L-BFGS | iteration: 267, total loss=97330376212480.0000, content_loss=2340906054.6875, style loss=97328015625000.0000, tv loss=20719596.0000
L-BFGS | iteration: 268, total loss=96721522655232.0000, content_loss=2338595507.8125, style loss=96719165625000.0000, tv loss=20731040.0000
L-BFGS | iteration: 269, total loss=95886797438976.0000, content_loss=2338455664.0625, style loss=95884443750000.0000, tv loss=20741024.0000
L-BFGS | iteration: 270, total loss=94982857818112.0000, content_loss=2337967578.1250, style loss=94980496875000.0000, tv loss=20727180.0000
L-BFGS | iteration: 271, total loss=93926899843072.0000, content_loss=2341366796.8750, style loss=93924543750000.0000, tv loss=20740772.0000
L-BFGS | iteration: 272, total loss=93346743713792.0000, content_loss=2337678710.9375, style loss=93344390625000.0000, tv loss=20737324.0000
L-BFGS | iteration: 273, total loss=92619099078656.0000, content_loss=2338986523.4375, style loss=92616740625000.0000, tv loss=20727096.0000
L-BFGS | iteration: 274, total loss=91840518815744.0000, content_loss=2341599609.3750, style loss=91838165625000.0000, tv loss=20760692.0000
L-BFGS | iteration: 275, total loss=90798511095808.0000, content_loss=2344492968.7500, style loss=90796153125000.0000, tv loss=20761412.0000
L-BFGS | iteration: 276, total loss=90244091215872.0000, content_loss=2340622070.3125, style loss=90241734375000.0000, tv loss=20754410.0000
L-BFGS | iteration: 277, total loss=89460461010944.0000, content_loss=2342579492.1875, style loss=89458106250000.0000, tv loss=20748628.0000
L-BFGS | iteration: 278, total loss=88677820661760.0000, content_loss=2343809179.6875, style loss=88675462500000.0000, tv loss=20762204.0000
L-BFGS | iteration: 279, total loss=87664518758400.0000, content_loss=2344416992.1875, style loss=87662165625000.0000, tv loss=20770412.0000
L-BFGS | iteration: 280, total loss=86652793913344.0000, content_loss=2346016015.6250, style loss=86650425000000.0000, tv loss=20778668.0000
L-BFGS | iteration: 281, total loss=85835508613120.0000, content_loss=2345464648.4375, style loss=85833140625000.0000, tv loss=20781640.0000
L-BFGS | iteration: 282, total loss=85156022976512.0000, content_loss=2343786718.7500, style loss=85153668750000.0000, tv loss=20785660.0000
L-BFGS | iteration: 283, total loss=84434955010048.0000, content_loss=2345263476.5625, style loss=84432590625000.0000, tv loss=20783160.0000
L-BFGS | iteration: 284, total loss=83664671080448.0000, content_loss=2344963476.5625, style loss=83662303125000.0000, tv loss=20790960.0000
L-BFGS | iteration: 285, total loss=83035030552576.0000, content_loss=2347893750.0000, style loss=83032668750000.0000, tv loss=20786590.0000
L-BFGS | iteration: 286, total loss=84459575574528.0000, content_loss=2339752734.3750, style loss=84457218750000.0000, tv loss=20799492.0000
L-BFGS | iteration: 287, total loss=82515700219904.0000, content_loss=2345654882.8125, style loss=82513331250000.0000, tv loss=20790946.0000
L-BFGS | iteration: 288, total loss=82056147107840.0000, content_loss=2347553710.9375, style loss=82053778125000.0000, tv loss=20801492.0000
L-BFGS | iteration: 289, total loss=81354272276480.0000, content_loss=2349276953.1250, style loss=81351909375000.0000, tv loss=20804686.0000
L-BFGS | iteration: 290, total loss=80549326618624.0000, content_loss=2347757812.5000, style loss=80546962500000.0000, tv loss=20809466.0000
L-BFGS | iteration: 291, total loss=79538457411584.0000, content_loss=2349030468.7500, style loss=79536093750000.0000, tv loss=20813344.0000
L-BFGS | iteration: 292, total loss=79119001845760.0000, content_loss=2343744726.5625, style loss=79116646875000.0000, tv loss=20812400.0000
L-BFGS | iteration: 293, total loss=78410734895104.0000, content_loss=2347509960.9375, style loss=78408370312500.0000, tv loss=20807148.0000
L-BFGS | iteration: 294, total loss=77870449819648.0000, content_loss=2348841210.9375, style loss=77868084375000.0000, tv loss=20823242.0000
L-BFGS | iteration: 295, total loss=77238661808128.0000, content_loss=2349633789.0625, style loss=77236298437500.0000, tv loss=20823642.0000
L-BFGS | iteration: 296, total loss=76453546819584.0000, content_loss=2347951171.8750, style loss=76451184375000.0000, tv loss=20826444.0000
L-BFGS | iteration: 297, total loss=75623779270656.0000, content_loss=2353266601.5625, style loss=75621407812500.0000, tv loss=20823382.0000
L-BFGS | iteration: 298, total loss=75235529326592.0000, content_loss=2350802148.4375, style loss=75233160937500.0000, tv loss=20823946.0000
L-BFGS | iteration: 299, total loss=74667024973824.0000, content_loss=2349674218.7500, style loss=74664660937500.0000, tv loss=20831512.0000
L-BFGS | iteration: 300, total loss=73995391074304.0000, content_loss=2351195703.1250, style loss=73993026562500.0000, tv loss=20837544.0000
L-BFGS | iteration: 301, total loss=73154122743808.0000, content_loss=2351051171.8750, style loss=73151760937500.0000, tv loss=20840334.0000
L-BFGS | iteration: 302, total loss=72242415271936.0000, content_loss=2350525390.6250, style loss=72240046875000.0000, tv loss=20837716.0000
L-BFGS | iteration: 303, total loss=71508160413696.0000, content_loss=2354883007.8125, style loss=71505787500000.0000, tv loss=20842898.0000
L-BFGS | iteration: 304, total loss=71580235333632.0000, content_loss=2348512890.6250, style loss=71577871875000.0000, tv loss=20853360.0000
L-BFGS | iteration: 305, total loss=71158338682880.0000, content_loss=2351991015.6250, style loss=71155973437500.0000, tv loss=20847848.0000
L-BFGS | iteration: 306, total loss=70682645889024.0000, content_loss=2352261718.7500, style loss=70680276562500.0000, tv loss=20846936.0000
L-BFGS | iteration: 307, total loss=70242290106368.0000, content_loss=2352438476.5625, style loss=70239914062500.0000, tv loss=20841596.0000
L-BFGS | iteration: 308, total loss=69450522951680.0000, content_loss=2352281054.6875, style loss=69448148437500.0000, tv loss=20843366.0000
L-BFGS | iteration: 309, total loss=68484897701888.0000, content_loss=2354090820.3125, style loss=68482523437500.0000, tv loss=20831356.0000
L-BFGS | iteration: 310, total loss=67935213191168.0000, content_loss=2354149609.3750, style loss=67932839062500.0000, tv loss=20867880.0000
L-BFGS | iteration: 311, total loss=67223087480832.0000, content_loss=2355968359.3750, style loss=67220709375000.0000, tv loss=20856296.0000
L-BFGS | iteration: 312, total loss=67053570490368.0000, content_loss=2350645507.8125, style loss=67051200000000.0000, tv loss=20839808.0000
L-BFGS | iteration: 313, total loss=66551000596480.0000, content_loss=2354427343.7500, style loss=66548625000000.0000, tv loss=20846852.0000
L-BFGS | iteration: 314, total loss=66287275343872.0000, content_loss=2355137695.3125, style loss=66284896875000.0000, tv loss=20852050.0000
L-BFGS | iteration: 315, total loss=65642933780480.0000, content_loss=2354058789.0625, style loss=65640557812500.0000, tv loss=20857380.0000
L-BFGS | iteration: 316, total loss=64948923269120.0000, content_loss=2355794726.5625, style loss=64946545312500.0000, tv loss=20859278.0000
L-BFGS | iteration: 317, total loss=64411314159616.0000, content_loss=2355263671.8750, style loss=64408935937500.0000, tv loss=20865876.0000
L-BFGS | iteration: 318, total loss=63899827175424.0000, content_loss=2357896093.7500, style loss=63897450000000.0000, tv loss=20862740.0000
L-BFGS | iteration: 319, total loss=63851122917376.0000, content_loss=2352707421.8750, style loss=63848746875000.0000, tv loss=20861712.0000
L-BFGS | iteration: 320, total loss=63588215554048.0000, content_loss=2355386523.4375, style loss=63585839062500.0000, tv loss=20861808.0000
L-BFGS | iteration: 321, total loss=63233541013504.0000, content_loss=2356095703.1250, style loss=63231164062500.0000, tv loss=20860586.0000
L-BFGS | iteration: 322, total loss=62727817003008.0000, content_loss=2357025195.3125, style loss=62725439062500.0000, tv loss=20857482.0000
L-BFGS | iteration: 323, total loss=62098491047936.0000, content_loss=2356029687.5000, style loss=62096114062500.0000, tv loss=20861660.0000
L-BFGS | iteration: 324, total loss=61402941227008.0000, content_loss=2358590234.3750, style loss=61400564062500.0000, tv loss=20855882.0000
L-BFGS | iteration: 325, total loss=61045926264832.0000, content_loss=2356023828.1250, style loss=61043550000000.0000, tv loss=20860488.0000
L-BFGS | iteration: 326, total loss=60585425240064.0000, content_loss=2357540039.0625, style loss=60583045312500.0000, tv loss=20864652.0000
L-BFGS | iteration: 327, total loss=60162903638016.0000, content_loss=2358094531.2500, style loss=60160523437500.0000, tv loss=20860568.0000
L-BFGS | iteration: 328, total loss=59635692208128.0000, content_loss=2359986523.4375, style loss=59633310937500.0000, tv loss=20859484.0000
L-BFGS | iteration: 329, total loss=59160536285184.0000, content_loss=2359698242.1875, style loss=59158153125000.0000, tv loss=20865202.0000
L-BFGS | iteration: 330, total loss=58532560896000.0000, content_loss=2361200000.0000, style loss=58530178125000.0000, tv loss=20865332.0000
L-BFGS | iteration: 331, total loss=57992040939520.0000, content_loss=2359901953.1250, style loss=57989657812500.0000, tv loss=20861728.0000
L-BFGS | iteration: 332, total loss=57529488900096.0000, content_loss=2362261718.7500, style loss=57527104687500.0000, tv loss=20863406.0000
L-BFGS | iteration: 333, total loss=57666894299136.0000, content_loss=2357393750.0000, style loss=57664514062500.0000, tv loss=20860750.0000
L-BFGS | iteration: 334, total loss=57358650703872.0000, content_loss=2360320507.8125, style loss=57356268750000.0000, tv loss=20861900.0000
L-BFGS | iteration: 335, total loss=57079523966976.0000, content_loss=2359902929.6875, style loss=57077142187500.0000, tv loss=20853362.0000
L-BFGS | iteration: 336, total loss=56618188275712.0000, content_loss=2360315820.3125, style loss=56615807812500.0000, tv loss=20853398.0000
L-BFGS | iteration: 337, total loss=56049503567872.0000, content_loss=2360889843.7500, style loss=56047120312500.0000, tv loss=20847526.0000
L-BFGS | iteration: 338, total loss=55635790004224.0000, content_loss=2364012109.3750, style loss=55633401562500.0000, tv loss=20869416.0000
L-BFGS | iteration: 339, total loss=55164882911232.0000, content_loss=2363512304.6875, style loss=55162495312500.0000, tv loss=20852798.0000
L-BFGS | iteration: 340, total loss=55067537309696.0000, content_loss=2359234570.3125, style loss=55065159375000.0000, tv loss=20846980.0000
L-BFGS | iteration: 341, total loss=54960800661504.0000, content_loss=2361092968.7500, style loss=54958420312500.0000, tv loss=20849120.0000
L-BFGS | iteration: 342, total loss=54649126125568.0000, content_loss=2361873437.5000, style loss=54646743750000.0000, tv loss=20851000.0000
L-BFGS | iteration: 343, total loss=54251120230400.0000, content_loss=2363007812.5000, style loss=54248737500000.0000, tv loss=20850568.0000
L-BFGS | iteration: 344, total loss=53784566824960.0000, content_loss=2363923046.8750, style loss=53782181250000.0000, tv loss=20853640.0000
L-BFGS | iteration: 345, total loss=53220441325568.0000, content_loss=2363005273.4375, style loss=53218059375000.0000, tv loss=20852700.0000
L-BFGS | iteration: 346, total loss=52813858078720.0000, content_loss=2366808398.4375, style loss=52811470312500.0000, tv loss=20860360.0000
L-BFGS | iteration: 347, total loss=52643279929344.0000, content_loss=2363436328.1250, style loss=52640896875000.0000, tv loss=20865040.0000
L-BFGS | iteration: 348, total loss=52376887099392.0000, content_loss=2364090820.3125, style loss=52374501562500.0000, tv loss=20860260.0000
L-BFGS | iteration: 349, total loss=52023751868416.0000, content_loss=2364340820.3125, style loss=52021364062500.0000, tv loss=20853492.0000
L-BFGS | iteration: 350, total loss=51533429342208.0000, content_loss=2363450195.3125, style loss=51531046875000.0000, tv loss=20847108.0000
L-BFGS | iteration: 351, total loss=51012098326528.0000, content_loss=2365910937.5000, style loss=51009712500000.0000, tv loss=20843372.0000
L-BFGS | iteration: 352, total loss=50745030213632.0000, content_loss=2364334765.6250, style loss=50742642187500.0000, tv loss=20845578.0000
L-BFGS | iteration: 353, total loss=50364753641472.0000, content_loss=2364948437.5000, style loss=50362368750000.0000, tv loss=20848586.0000
L-BFGS | iteration: 354, total loss=49976436588544.0000, content_loss=2365894726.5625, style loss=49974051562500.0000, tv loss=20852802.0000
L-BFGS | iteration: 355, total loss=49586177572864.0000, content_loss=2365974023.4375, style loss=49583789062500.0000, tv loss=20846988.0000
L-BFGS | iteration: 356, total loss=49294824439808.0000, content_loss=2363506640.6250, style loss=49292437500000.0000, tv loss=20847808.0000
L-BFGS | iteration: 357, total loss=48914245877760.0000, content_loss=2365913085.9375, style loss=48911859375000.0000, tv loss=20847800.0000
L-BFGS | iteration: 358, total loss=48684834226176.0000, content_loss=2365486328.1250, style loss=48682448437500.0000, tv loss=20841378.0000
L-BFGS | iteration: 359, total loss=48352108478464.0000, content_loss=2367145507.8125, style loss=48349720312500.0000, tv loss=20839936.0000
L-BFGS | iteration: 360, total loss=48033890828288.0000, content_loss=2366607226.5625, style loss=48031504687500.0000, tv loss=20839604.0000
L-BFGS | iteration: 361, total loss=47652100112384.0000, content_loss=2369075390.6250, style loss=47649707812500.0000, tv loss=20839588.0000
L-BFGS | iteration: 362, total loss=47402111205376.0000, content_loss=2367945507.8125, style loss=47399718750000.0000, tv loss=20841438.0000
L-BFGS | iteration: 363, total loss=47067254751232.0000, content_loss=2366874804.6875, style loss=47064867187500.0000, tv loss=20838180.0000
L-BFGS | iteration: 364, total loss=46668120588288.0000, content_loss=2367158984.3750, style loss=46665735937500.0000, tv loss=20837804.0000
L-BFGS | iteration: 365, total loss=46245280219136.0000, content_loss=2367771679.6875, style loss=46242890625000.0000, tv loss=20837702.0000
L-BFGS | iteration: 366, total loss=45967780872192.0000, content_loss=2366767187.5000, style loss=45965395312500.0000, tv loss=20835180.0000
L-BFGS | iteration: 367, total loss=45690440908800.0000, content_loss=2370170507.8125, style loss=45688050000000.0000, tv loss=20836058.0000
L-BFGS | iteration: 368, total loss=45502125047808.0000, content_loss=2368796875.0000, style loss=45499734375000.0000, tv loss=20838284.0000
L-BFGS | iteration: 369, total loss=45273623560192.0000, content_loss=2368972070.3125, style loss=45271232812500.0000, tv loss=20836464.0000
L-BFGS | iteration: 370, total loss=44959411470336.0000, content_loss=2367444335.9375, style loss=44957025000000.0000, tv loss=20824892.0000
L-BFGS | iteration: 371, total loss=44620759171072.0000, content_loss=2369632421.8750, style loss=44618367187500.0000, tv loss=20825896.0000
L-BFGS | iteration: 372, total loss=44358199934976.0000, content_loss=2369373632.8125, style loss=44355810937500.0000, tv loss=20824940.0000
L-BFGS | iteration: 373, total loss=43954108104704.0000, content_loss=2369487109.3750, style loss=43951715625000.0000, tv loss=20817172.0000
L-BFGS | iteration: 374, total loss=43600557637632.0000, content_loss=2373165625.0000, style loss=43598160937500.0000, tv loss=20829036.0000
L-BFGS | iteration: 375, total loss=43381971484672.0000, content_loss=2370005664.0625, style loss=43379582812500.0000, tv loss=20818304.0000
L-BFGS | iteration: 376, total loss=43258503757824.0000, content_loss=2370180664.0625, style loss=43256114062500.0000, tv loss=20807068.0000
L-BFGS | iteration: 377, total loss=42975686033408.0000, content_loss=2370577734.3750, style loss=42973293750000.0000, tv loss=20812126.0000
L-BFGS | iteration: 378, total loss=42714116653056.0000, content_loss=2371590039.0625, style loss=42711726562500.0000, tv loss=20820100.0000
L-BFGS | iteration: 379, total loss=42384234643456.0000, content_loss=2372512304.6875, style loss=42381839062500.0000, tv loss=20816162.0000
L-BFGS | iteration: 380, total loss=42104931745792.0000, content_loss=2371011718.7500, style loss=42102539062500.0000, tv loss=20808140.0000
L-BFGS | iteration: 381, total loss=41809346560000.0000, content_loss=2374377929.6875, style loss=41806950000000.0000, tv loss=20802638.0000
L-BFGS | iteration: 382, total loss=41632766361600.0000, content_loss=2373128710.9375, style loss=41630371875000.0000, tv loss=20796568.0000
L-BFGS | iteration: 383, total loss=41480353742848.0000, content_loss=2372743359.3750, style loss=41477957812500.0000, tv loss=20797720.0000
L-BFGS | iteration: 384, total loss=41199113076736.0000, content_loss=2373101953.1250, style loss=41196717187500.0000, tv loss=20800054.0000
L-BFGS | iteration: 385, total loss=40777971400704.0000, content_loss=2373763085.9375, style loss=40775578125000.0000, tv loss=20798642.0000
L-BFGS | iteration: 386, total loss=40380837920768.0000, content_loss=2375323828.1250, style loss=40378443750000.0000, tv loss=20798678.0000
L-BFGS | iteration: 387, total loss=40354577383424.0000, content_loss=2372476171.8750, style loss=40352184375000.0000, tv loss=20788880.0000
L-BFGS | iteration: 388, total loss=40234767089664.0000, content_loss=2373986718.7500, style loss=40232371875000.0000, tv loss=20793090.0000
L-BFGS | iteration: 389, total loss=40028596076544.0000, content_loss=2375090234.3750, style loss=40026201562500.0000, tv loss=20785296.0000
L-BFGS | iteration: 390, total loss=39791265579008.0000, content_loss=2374552343.7500, style loss=39788868750000.0000, tv loss=20784188.0000
L-BFGS | iteration: 391, total loss=39540265844736.0000, content_loss=2375799023.4375, style loss=39537871875000.0000, tv loss=20784680.0000
L-BFGS | iteration: 392, total loss=39347659210752.0000, content_loss=2374866406.2500, style loss=39345262500000.0000, tv loss=20779688.0000
L-BFGS | iteration: 393, total loss=39076870750208.0000, content_loss=2375051367.1875, style loss=39074475000000.0000, tv loss=20772286.0000
L-BFGS | iteration: 394, total loss=38813472653312.0000, content_loss=2376112109.3750, style loss=38811075000000.0000, tv loss=20771228.0000
L-BFGS | iteration: 395, total loss=38611328172032.0000, content_loss=2375505859.3750, style loss=38608931250000.0000, tv loss=20770488.0000
L-BFGS | iteration: 396, total loss=38303818579968.0000, content_loss=2376480078.1250, style loss=38301419531250.0000, tv loss=20766642.0000
L-BFGS | iteration: 397, total loss=38092467601408.0000, content_loss=2376749609.3750, style loss=38090069531250.0000, tv loss=20760536.0000
L-BFGS | iteration: 398, total loss=37875454312448.0000, content_loss=2378157031.2500, style loss=37873054687500.0000, tv loss=20759652.0000
L-BFGS | iteration: 399, total loss=37868525322240.0000, content_loss=2374441992.1875, style loss=37866131250000.0000, tv loss=20753800.0000
L-BFGS | iteration: 400, total loss=37729635139584.0000, content_loss=2376493554.6875, style loss=37727235937500.0000, tv loss=20756286.0000
L-BFGS | iteration: 401, total loss=37611771002880.0000, content_loss=2376671484.3750, style loss=37609373437500.0000, tv loss=20752752.0000
L-BFGS | iteration: 402, total loss=37359626223616.0000, content_loss=2376617187.5000, style loss=37357225781250.0000, tv loss=20742266.0000
L-BFGS | iteration: 403, total loss=37033405841408.0000, content_loss=2377706250.0000, style loss=37031006250000.0000, tv loss=20740020.0000
L-BFGS | iteration: 404, total loss=36782678736896.0000, content_loss=2376421875.0000, style loss=36780278906250.0000, tv loss=20734960.0000
L-BFGS | iteration: 405, total loss=36523806294016.0000, content_loss=2377977929.6875, style loss=36521407031250.0000, tv loss=20733576.0000
L-BFGS | iteration: 406, total loss=36335410741248.0000, content_loss=2378173828.1250, style loss=36333011718750.0000, tv loss=20734124.0000
L-BFGS | iteration: 407, total loss=36086927589376.0000, content_loss=2377698828.1250, style loss=36084529687500.0000, tv loss=20726128.0000
L-BFGS | iteration: 408, total loss=35842479357952.0000, content_loss=2379912695.3125, style loss=35840078906250.0000, tv loss=20719760.0000
L-BFGS | iteration: 409, total loss=35755913117696.0000, content_loss=2377492773.4375, style loss=35753512500000.0000, tv loss=20720546.0000
L-BFGS | iteration: 410, total loss=35586308046848.0000, content_loss=2378310937.5000, style loss=35583907031250.0000, tv loss=20724128.0000
L-BFGS | iteration: 411, total loss=35406372405248.0000, content_loss=2379655273.4375, style loss=35403975000000.0000, tv loss=20721014.0000
L-BFGS | iteration: 412, total loss=35239120338944.0000, content_loss=2378806640.6250, style loss=35236722656250.0000, tv loss=20707818.0000
L-BFGS | iteration: 413, total loss=35044152311808.0000, content_loss=2380464843.7500, style loss=35041750781250.0000, tv loss=20706388.0000
L-BFGS | iteration: 414, total loss=34866118787072.0000, content_loss=2380178515.6250, style loss=34863717187500.0000, tv loss=20706150.0000
L-BFGS | iteration: 415, total loss=34624837255168.0000, content_loss=2380346289.0625, style loss=34622435156250.0000, tv loss=20700084.0000
L-BFGS | iteration: 416, total loss=34471455752192.0000, content_loss=2380068945.3125, style loss=34469055468750.0000, tv loss=20699086.0000
L-BFGS | iteration: 417, total loss=34275483189248.0000, content_loss=2382140234.3750, style loss=34273080468750.0000, tv loss=20697906.0000
L-BFGS | iteration: 418, total loss=34152044822528.0000, content_loss=2379801367.1875, style loss=34149644531250.0000, tv loss=20686292.0000
L-BFGS | iteration: 419, total loss=34060508332032.0000, content_loss=2380451171.8750, style loss=34058107031250.0000, tv loss=20685956.0000
L-BFGS | iteration: 420, total loss=33880685936640.0000, content_loss=2380670703.1250, style loss=33878285156250.0000, tv loss=20684672.0000
L-BFGS | iteration: 421, total loss=33673757851648.0000, content_loss=2381769140.6250, style loss=33671355468750.0000, tv loss=20679422.0000
L-BFGS | iteration: 422, total loss=33460597030912.0000, content_loss=2381366992.1875, style loss=33458193750000.0000, tv loss=20674732.0000
L-BFGS | iteration: 423, total loss=33186438447104.0000, content_loss=2382310156.2500, style loss=33184035937500.0000, tv loss=20669860.0000
L-BFGS | iteration: 424, total loss=32952434032640.0000, content_loss=2382427343.7500, style loss=32950031250000.0000, tv loss=20663796.0000
L-BFGS | iteration: 425, total loss=32954149502976.0000, content_loss=2380368554.6875, style loss=32951749218750.0000, tv loss=20660624.0000
L-BFGS | iteration: 426, total loss=32813466255360.0000, content_loss=2381734179.6875, style loss=32811063281250.0000, tv loss=20661744.0000
L-BFGS | iteration: 427, total loss=32635116060672.0000, content_loss=2383491210.9375, style loss=32632710937500.0000, tv loss=20662294.0000
L-BFGS | iteration: 428, total loss=32490888626176.0000, content_loss=2382105859.3750, style loss=32488485937500.0000, tv loss=20653884.0000
L-BFGS | iteration: 429, total loss=32385903099904.0000, content_loss=2382957421.8750, style loss=32383500000000.0000, tv loss=20650414.0000
L-BFGS | iteration: 430, total loss=32252129968128.0000, content_loss=2381566406.2500, style loss=32249725781250.0000, tv loss=20644224.0000
L-BFGS | iteration: 431, total loss=32110565916672.0000, content_loss=2382595117.1875, style loss=32108163281250.0000, tv loss=20643492.0000
L-BFGS | iteration: 432, total loss=31967106039808.0000, content_loss=2383774804.6875, style loss=31964700000000.0000, tv loss=20642210.0000
L-BFGS | iteration: 433, total loss=31818610900992.0000, content_loss=2383831054.6875, style loss=31816204687500.0000, tv loss=20637022.0000
L-BFGS | iteration: 434, total loss=31564708708352.0000, content_loss=2384004296.8750, style loss=31562303906250.0000, tv loss=20630976.0000
L-BFGS | iteration: 435, total loss=31315952926720.0000, content_loss=2384956640.6250, style loss=31313547656250.0000, tv loss=20621604.0000
L-BFGS | iteration: 436, total loss=31341538181120.0000, content_loss=2381275585.9375, style loss=31339136718750.0000, tv loss=20620470.0000
L-BFGS | iteration: 437, total loss=31224183652352.0000, content_loss=2383325976.5625, style loss=31221780468750.0000, tv loss=20620884.0000
L-BFGS | iteration: 438, total loss=31130799570944.0000, content_loss=2383978515.6250, style loss=31128393750000.0000, tv loss=20626196.0000
L-BFGS | iteration: 439, total loss=30995923337216.0000, content_loss=2383688085.9375, style loss=30993517968750.0000, tv loss=20617804.0000
L-BFGS | iteration: 440, total loss=30881557250048.0000, content_loss=2384963867.1875, style loss=30879152343750.0000, tv loss=20609984.0000
L-BFGS | iteration: 441, total loss=30767581233152.0000, content_loss=2384549023.4375, style loss=30765175781250.0000, tv loss=20605884.0000
L-BFGS | iteration: 442, total loss=30576073506816.0000, content_loss=2384835546.8750, style loss=30573667968750.0000, tv loss=20602216.0000
L-BFGS | iteration: 443, total loss=30380677660672.0000, content_loss=2385724414.0625, style loss=30378269531250.0000, tv loss=20598396.0000
L-BFGS | iteration: 444, total loss=30255070838784.0000, content_loss=2384763476.5625, style loss=30252665625000.0000, tv loss=20594284.0000
L-BFGS | iteration: 445, total loss=30085325258752.0000, content_loss=2385187500.0000, style loss=30082919531250.0000, tv loss=20591076.0000
L-BFGS | iteration: 446, total loss=29949691953152.0000, content_loss=2384821289.0625, style loss=29947286718750.0000, tv loss=20586300.0000
L-BFGS | iteration: 447, total loss=29815543431168.0000, content_loss=2386530468.7500, style loss=29813135156250.0000, tv loss=20587726.0000
L-BFGS | iteration: 448, total loss=29753954271232.0000, content_loss=2385289648.4375, style loss=29751548437500.0000, tv loss=20583224.0000
L-BFGS | iteration: 449, total loss=29606595788800.0000, content_loss=2386435156.2500, style loss=29604187500000.0000, tv loss=20580126.0000
L-BFGS | iteration: 450, total loss=29500362457088.0000, content_loss=2386674804.6875, style loss=29497954687500.0000, tv loss=20576070.0000
L-BFGS | iteration: 451, total loss=29344118341632.0000, content_loss=2385379882.8125, style loss=29341713281250.0000, tv loss=20564688.0000
L-BFGS | iteration: 452, total loss=29190717964288.0000, content_loss=2387546484.3750, style loss=29188310156250.0000, tv loss=20565052.0000
L-BFGS | iteration: 453, total loss=29103291891712.0000, content_loss=2387045703.1250, style loss=29100883593750.0000, tv loss=20561104.0000
L-BFGS | iteration: 454, total loss=28953542656000.0000, content_loss=2386404296.8750, style loss=28951134375000.0000, tv loss=20555658.0000
L-BFGS | iteration: 455, total loss=28838211878912.0000, content_loss=2387624218.7500, style loss=28835803125000.0000, tv loss=20555094.0000
L-BFGS | iteration: 456, total loss=28764220162048.0000, content_loss=2387362304.6875, style loss=28761813281250.0000, tv loss=20552830.0000
L-BFGS | iteration: 457, total loss=28570340556800.0000, content_loss=2388807226.5625, style loss=28567931250000.0000, tv loss=20550156.0000
L-BFGS | iteration: 458, total loss=28451861954560.0000, content_loss=2388302343.7500, style loss=28449452343750.0000, tv loss=20542766.0000
L-BFGS | iteration: 459, total loss=28304084041728.0000, content_loss=2388212304.6875, style loss=28301674218750.0000, tv loss=20534292.0000
L-BFGS | iteration: 460, total loss=28145751162880.0000, content_loss=2388687695.3125, style loss=28143342187500.0000, tv loss=20530500.0000
L-BFGS | iteration: 461, total loss=28010012999680.0000, content_loss=2388445312.5000, style loss=28007603906250.0000, tv loss=20528936.0000
L-BFGS | iteration: 462, total loss=27840594575360.0000, content_loss=2390234570.3125, style loss=27838183593750.0000, tv loss=20527824.0000
L-BFGS | iteration: 463, total loss=27739451031552.0000, content_loss=2388798046.8750, style loss=27737041406250.0000, tv loss=20518936.0000
L-BFGS | iteration: 464, total loss=27643858649088.0000, content_loss=2389339257.8125, style loss=27641449218750.0000, tv loss=20514972.0000
L-BFGS | iteration: 465, total loss=27542564110336.0000, content_loss=2388513085.9375, style loss=27540154687500.0000, tv loss=20507324.0000
L-BFGS | iteration: 466, total loss=27399722893312.0000, content_loss=2390435156.2500, style loss=27397310156250.0000, tv loss=20509772.0000
L-BFGS | iteration: 467, total loss=27321815793664.0000, content_loss=2390570898.4375, style loss=27319403906250.0000, tv loss=20509584.0000
L-BFGS | iteration: 468, total loss=27171594698752.0000, content_loss=2389767382.8125, style loss=27169183593750.0000, tv loss=20504964.0000
