C:\Users\user\AppData\Roaming\Python\Python313\site-packages\torchvision\models\_utils.py:208: UserWarning: The parameter 'pretrained' is deprecated since 0.13 and may be removed in the future, please use 'weights' instead.
  warnings.warn(
C:\Users\user\AppData\Roaming\Python\Python313\site-packages\torchvision\models\_utils.py:223: UserWarning: Arguments other than a weight enum or `None` for 'weights' are deprecated since 0.13 and may be removed in the future. The current behavior is equivalent to passing `weights=VGG19_Weights.IMAGENET1K_V1`. You can also use `weights=VGG19_Weights.DEFAULT` to get the most up-to-date weights.
  warnings.warn(msg)
Using VGG19 in the optimization procedure.
L-BFGS | iteration: 000, total loss=39179447588356096.0000, content_loss=      0.0000, style loss=39179448000000000.0000, tv loss=19590112.0000
L-BFGS | iteration: 001, total loss=39179443293388800.0000, content_loss=     81.9348, style loss=39179443200000000.0000, tv loss=19590112.0000
L-BFGS | iteration: 002, total loss=39179297264500736.0000, content_loss=    119.1974, style loss=39179296800000000.0000, tv loss=19590116.0000
L-BFGS | iteration: 003, total loss=39178498400583680.0000, content_loss=    157.8543, style loss=39178500000000000.0000, tv loss=19590146.0000
L-BFGS | iteration: 004, total loss=39174310807470080.0000, content_loss=    227.4701, style loss=39174309600000000.0000, tv loss=19590294.0000
L-BFGS | iteration: 005, total loss=39150551048388608.0000, content_loss=    578.0168, style loss=39150552000000000.0000, tv loss=19591114.0000
L-BFGS | iteration: 006, total loss=39021787928854528.0000, content_loss=   7756.3047, style loss=39021789600000000.0000, tv loss=19595636.0000
L-BFGS | iteration: 007, total loss=38318856401321984.0000, content_loss= 209785.0561, style loss=38318858400000000.0000, tv loss=19620516.0000
L-BFGS | iteration: 008, total loss=34630845293658112.0000, content_loss=4951291.6565, style loss=34630845600000000.0000, tv loss=19758746.0000
L-BFGS | iteration: 009, total loss=18807565152419840.0000, content_loss=102928930.6641, style loss=18807565200000000.0000, tv loss=20615668.0000
L-BFGS | iteration: 010, total loss=49398063843770368.0000, content_loss=658443408.2031, style loss=49398062400000000.0000, tv loss=24185772.0000
L-BFGS | iteration: 011, total loss=9226506727325696.0000, content_loss=291131958.0078, style loss=9226506600000000.0000, tv loss=21804296.0000
L-BFGS | iteration: 012, total loss=5966779557871616.0000, content_loss=391519116.2109, style loss=5966779200000000.0000, tv loss=22297268.0000
L-BFGS | iteration: 013, total loss=3106415090597888.0000, content_loss=638684814.4531, style loss=3106414500000000.0000, tv loss=23278804.0000
L-BFGS | iteration: 014, total loss=1949294126956544.0000, content_loss=777466406.2500, style loss=1949293350000000.0000, tv loss=23814754.0000
L-BFGS | iteration: 015, total loss=1622897550426112.0000, content_loss=938552246.0938, style loss=1622896650000000.0000, tv loss=24369294.0000
L-BFGS | iteration: 016, total loss=1348745627172864.0000, content_loss=955553320.3125, style loss=1348744650000000.0000, tv loss=24347750.0000
L-BFGS | iteration: 017, total loss=1163499526946816.0000, content_loss=1017639160.1562, style loss=1163498400000000.0000, tv loss=24456244.0000
L-BFGS | iteration: 018, total loss=940714070376448.0000, content_loss=1122154003.9062, style loss=940712925000000.0000, tv loss=24681498.0000
L-BFGS | iteration: 019, total loss=784585700933632.0000, content_loss=1307295703.1250, style loss=784584450000000.0000, tv loss=25111520.0000
L-BFGS | iteration: 020, total loss=627221454651392.0000, content_loss=1334917089.8438, style loss=627220087500000.0000, tv loss=25068004.0000
L-BFGS | iteration: 021, total loss=591371362631680.0000, content_loss=1360651562.5000, style loss=591370012500000.0000, tv loss=25161710.0000
L-BFGS | iteration: 022, total loss=526029743456256.0000, content_loss=1404899023.4375, style loss=526028287500000.0000, tv loss=25346276.0000
L-BFGS | iteration: 023, total loss=471815981891584.0000, content_loss=1420828125.0000, style loss=471814537500000.0000, tv loss=25411130.0000
L-BFGS | iteration: 024, total loss=404104580956160.0000, content_loss=1446941406.2500, style loss=404103112500000.0000, tv loss=25507964.0000
L-BFGS | iteration: 025, total loss=381116942909440.0000, content_loss=1499780566.4062, style loss=381115387500000.0000, tv loss=25658618.0000
L-BFGS | iteration: 026, total loss=355071086821376.0000, content_loss=1474768261.7188, style loss=355069575000000.0000, tv loss=25508936.0000
L-BFGS | iteration: 027, total loss=336189001302016.0000, content_loss=1486598730.4688, style loss=336187500000000.0000, tv loss=25529466.0000
L-BFGS | iteration: 028, total loss=309646405402624.0000, content_loss=1523333203.1250, style loss=309644850000000.0000, tv loss=25593266.0000
L-BFGS | iteration: 029, total loss=282841648726016.0000, content_loss=1558542480.4688, style loss=282840056250000.0000, tv loss=25625696.0000
L-BFGS | iteration: 030, total loss=252489198731264.0000, content_loss=1622012402.3438, style loss=252487537500000.0000, tv loss=25716840.0000
L-BFGS | iteration: 031, total loss=235063493001216.0000, content_loss=1637113867.1875, style loss=235061812500000.0000, tv loss=25691200.0000
L-BFGS | iteration: 032, total loss=229124845076480.0000, content_loss=1652467187.5000, style loss=229123162500000.0000, tv loss=25750824.0000
L-BFGS | iteration: 033, total loss=219029994209280.0000, content_loss=1657133789.0625, style loss=219028293750000.0000, tv loss=25772878.0000
L-BFGS | iteration: 034, total loss=208207599370240.0000, content_loss=1663706250.0000, style loss=208205906250000.0000, tv loss=25800980.0000
L-BFGS | iteration: 035, total loss=188745257058304.0000, content_loss=1670688671.8750, style loss=188743537500000.0000, tv loss=25809828.0000
L-BFGS | iteration: 036, total loss=182457424936960.0000, content_loss=1678017968.7500, style loss=182455706250000.0000, tv loss=25818912.0000
L-BFGS | iteration: 037, total loss=175661008289792.0000, content_loss=1686783984.3750, style loss=175659281250000.0000, tv loss=25834700.0000
L-BFGS | iteration: 038, total loss=168897525317632.0000, content_loss=1703850000.0000, style loss=168895781250000.0000, tv loss=25875074.0000
L-BFGS | iteration: 039, total loss=164920872140800.0000, content_loss=1706662109.3750, style loss=164919131250000.0000, tv loss=25860896.0000
L-BFGS | iteration: 040, total loss=159482487242752.0000, content_loss=1724529296.8750, style loss=159480731250000.0000, tv loss=25946784.0000
L-BFGS | iteration: 041, total loss=152930464301056.0000, content_loss=1722397460.9375, style loss=152928703125000.0000, tv loss=25939338.0000
L-BFGS | iteration: 042, total loss=144407235919872.0000, content_loss=1726586718.7500, style loss=144405478125000.0000, tv loss=25966246.0000
L-BFGS | iteration: 043, total loss=135694441775104.0000, content_loss=1741579687.5000, style loss=135692671875000.0000, tv loss=25999510.0000
L-BFGS | iteration: 044, total loss=130851597713408.0000, content_loss=1751657421.8750, style loss=130849818750000.0000, tv loss=26002264.0000
L-BFGS | iteration: 045, total loss=128292208246784.0000, content_loss=1758264257.8125, style loss=128290425000000.0000, tv loss=26029796.0000
L-BFGS | iteration: 046, total loss=123780680646656.0000, content_loss=1767688476.5625, style loss=123778884375000.0000, tv loss=26047772.0000
L-BFGS | iteration: 047, total loss=120750589607936.0000, content_loss=1773326367.1875, style loss=120748790625000.0000, tv loss=26105038.0000
L-BFGS | iteration: 048, total loss=116062683136000.0000, content_loss=1768381835.9375, style loss=116060887500000.0000, tv loss=26095188.0000
L-BFGS | iteration: 049, total loss=113158429605888.0000, content_loss=1769033203.1250, style loss=113156634375000.0000, tv loss=26108922.0000
L-BFGS | iteration: 050, total loss=108280009457664.0000, content_loss=1775098046.8750, style loss=108278203125000.0000, tv loss=26136980.0000
L-BFGS | iteration: 051, total loss=104337640521728.0000, content_loss=1789929687.5000, style loss=104335828125000.0000, tv loss=26177374.0000
L-BFGS | iteration: 052, total loss=101080604082176.0000, content_loss=1794225781.2500, style loss=101078784375000.0000, tv loss=26152058.0000
L-BFGS | iteration: 053, total loss=99578422493184.0000, content_loss=1801668554.6875, style loss=99576590625000.0000, tv loss=26191118.0000
L-BFGS | iteration: 054, total loss=97317189320704.0000, content_loss=1808428515.6250, style loss=97315350000000.0000, tv loss=26204312.0000
L-BFGS | iteration: 055, total loss=94031396732928.0000, content_loss=1814223828.1250, style loss=94029562500000.0000, tv loss=26236618.0000
L-BFGS | iteration: 056, total loss=91180838682624.0000, content_loss=1825527343.7500, style loss=91178981250000.0000, tv loss=26287736.0000
L-BFGS | iteration: 057, total loss=88942229585920.0000, content_loss=1821482617.1875, style loss=88940381250000.0000, tv loss=26287780.0000
L-BFGS | iteration: 058, total loss=87195729788928.0000, content_loss=1821476953.1250, style loss=87193884375000.0000, tv loss=26332244.0000
L-BFGS | iteration: 059, total loss=85128122466304.0000, content_loss=1821488281.2500, style loss=85126275000000.0000, tv loss=26320334.0000
L-BFGS | iteration: 060, total loss=83058745147392.0000, content_loss=1824700976.5625, style loss=83056893750000.0000, tv loss=26343944.0000
L-BFGS | iteration: 061, total loss=80698476068864.0000, content_loss=1833075000.0000, style loss=80696615625000.0000, tv loss=26383774.0000
L-BFGS | iteration: 062, total loss=79063477649408.0000, content_loss=1836169921.8750, style loss=79061615625000.0000, tv loss=26385436.0000
L-BFGS | iteration: 063, total loss=77430626713600.0000, content_loss=1839295312.5000, style loss=77428762500000.0000, tv loss=26414448.0000
L-BFGS | iteration: 064, total loss=75158479962112.0000, content_loss=1845120898.4375, style loss=75156609375000.0000, tv loss=26456154.0000
L-BFGS | iteration: 065, total loss=73754218594304.0000, content_loss=1848479687.5000, style loss=73752351562500.0000, tv loss=26493552.0000
L-BFGS | iteration: 066, total loss=72021115404288.0000, content_loss=1853005078.1250, style loss=72019237500000.0000, tv loss=26481724.0000
L-BFGS | iteration: 067, total loss=70651800977408.0000, content_loss=1857202734.3750, style loss=70649925000000.0000, tv loss=26532998.0000
L-BFGS | iteration: 068, total loss=69567229460480.0000, content_loss=1856734375.0000, style loss=69565345312500.0000, tv loss=26524822.0000
L-BFGS | iteration: 069, total loss=68276478541824.0000, content_loss=1859818945.3125, style loss=68274595312500.0000, tv loss=26528260.0000
L-BFGS | iteration: 070, total loss=66618361118720.0000, content_loss=1863067382.8125, style loss=66616471875000.0000, tv loss=26547124.0000
L-BFGS | iteration: 071, total loss=65006691418112.0000, content_loss=1867669140.6250, style loss=65004801562500.0000, tv loss=26575072.0000
L-BFGS | iteration: 072, total loss=63885465878528.0000, content_loss=1869933789.0625, style loss=63883570312500.0000, tv loss=26582052.0000
L-BFGS | iteration: 073, total loss=62750139088896.0000, content_loss=1874150195.3125, style loss=62748239062500.0000, tv loss=26644372.0000
L-BFGS | iteration: 074, total loss=61274822017024.0000, content_loss=1876871875.0000, style loss=61272923437500.0000, tv loss=26621492.0000
L-BFGS | iteration: 075, total loss=60299004608512.0000, content_loss=1877245898.4375, style loss=60297098437500.0000, tv loss=26634072.0000
L-BFGS | iteration: 076, total loss=59093049933824.0000, content_loss=1878722265.6250, style loss=59091145312500.0000, tv loss=26660636.0000
L-BFGS | iteration: 077, total loss=58132042612736.0000, content_loss=1878763085.9375, style loss=58130137500000.0000, tv loss=26661560.0000
L-BFGS | iteration: 078, total loss=56742788464640.0000, content_loss=1882222265.6250, style loss=56740879687500.0000, tv loss=26703500.0000
L-BFGS | iteration: 079, total loss=55729360732160.0000, content_loss=1882775390.6250, style loss=55727451562500.0000, tv loss=26698892.0000
L-BFGS | iteration: 080, total loss=55028224098304.0000, content_loss=1883963281.2500, style loss=55026314062500.0000, tv loss=26723084.0000
L-BFGS | iteration: 081, total loss=53872252944384.0000, content_loss=1888689257.8125, style loss=53870339062500.0000, tv loss=26747016.0000
L-BFGS | iteration: 082, total loss=52830769512448.0000, content_loss=1890142968.7500, style loss=52828851562500.0000, tv loss=26766620.0000
L-BFGS | iteration: 083, total loss=51979430658048.0000, content_loss=1893680859.3750, style loss=51977512500000.0000, tv loss=26772620.0000
L-BFGS | iteration: 084, total loss=51282517688320.0000, content_loss=1899655273.4375, style loss=51280593750000.0000, tv loss=26824184.0000
L-BFGS | iteration: 085, total loss=50278380339200.0000, content_loss=1903121679.6875, style loss=50276451562500.0000, tv loss=26798712.0000
L-BFGS | iteration: 086, total loss=49725541711872.0000, content_loss=1903969726.5625, style loss=49723612500000.0000, tv loss=26811886.0000
L-BFGS | iteration: 087, total loss=48670703616000.0000, content_loss=1906710937.5000, style loss=48668770312500.0000, tv loss=26853164.0000
L-BFGS | iteration: 088, total loss=47969306935296.0000, content_loss=1908805664.0625, style loss=47967375000000.0000, tv loss=26863064.0000
L-BFGS | iteration: 089, total loss=46992201875456.0000, content_loss=1914060742.1875, style loss=46990265625000.0000, tv loss=26891632.0000
L-BFGS | iteration: 090, total loss=45802382688256.0000, content_loss=1918011914.0625, style loss=45800442187500.0000, tv loss=26922452.0000
L-BFGS | iteration: 091, total loss=45091695624192.0000, content_loss=1924490429.6875, style loss=45089746875000.0000, tv loss=26953332.0000
L-BFGS | iteration: 092, total loss=44716909395968.0000, content_loss=1925160546.8750, style loss=44714957812500.0000, tv loss=26945968.0000
L-BFGS | iteration: 093, total loss=44235453628416.0000, content_loss=1927872460.9375, style loss=44233500000000.0000, tv loss=26991492.0000
L-BFGS | iteration: 094, total loss=43601807540224.0000, content_loss=1926849414.0625, style loss=43599857812500.0000, tv loss=26985244.0000
L-BFGS | iteration: 095, total loss=42806231957504.0000, content_loss=1926344335.9375, style loss=42804281250000.0000, tv loss=26992792.0000
L-BFGS | iteration: 096, total loss=42155552800768.0000, content_loss=1928497851.5625, style loss=42153600000000.0000, tv loss=27026456.0000
L-BFGS | iteration: 097, total loss=41458669191168.0000, content_loss=1929694140.6250, style loss=41456714062500.0000, tv loss=27035062.0000
L-BFGS | iteration: 098, total loss=40991516000256.0000, content_loss=1931907226.5625, style loss=40989557812500.0000, tv loss=27041494.0000
L-BFGS | iteration: 099, total loss=40435842023424.0000, content_loss=1935541601.5625, style loss=40433882812500.0000, tv loss=27077640.0000
L-BFGS | iteration: 100, total loss=39987575783424.0000, content_loss=1938883007.8125, style loss=39985612500000.0000, tv loss=27075344.0000
L-BFGS | iteration: 101, total loss=39577137971200.0000, content_loss=1939541601.5625, style loss=39575175000000.0000, tv loss=27112052.0000
L-BFGS | iteration: 102, total loss=39131551891456.0000, content_loss=1938645898.4375, style loss=39129588281250.0000, tv loss=27109776.0000
L-BFGS | iteration: 103, total loss=38722913435648.0000, content_loss=1938880468.7500, style loss=38720948437500.0000, tv loss=27115408.0000
L-BFGS | iteration: 104, total loss=38016575864832.0000, content_loss=1939320703.1250, style loss=38014612500000.0000, tv loss=27133104.0000
L-BFGS | iteration: 105, total loss=37577310601216.0000, content_loss=1941735742.1875, style loss=37575342187500.0000, tv loss=27158376.0000
L-BFGS | iteration: 106, total loss=37096504950784.0000, content_loss=1941204882.8125, style loss=37094535937500.0000, tv loss=27155260.0000
L-BFGS | iteration: 107, total loss=36807093780480.0000, content_loss=1941687695.3125, style loss=36805125000000.0000, tv loss=27170768.0000
L-BFGS | iteration: 108, total loss=36485608767488.0000, content_loss=1942528125.0000, style loss=36483642187500.0000, tv loss=27164156.0000
L-BFGS | iteration: 109, total loss=36057395494912.0000, content_loss=1944970898.4375, style loss=36055422656250.0000, tv loss=27193040.0000
L-BFGS | iteration: 110, total loss=35573490253824.0000, content_loss=1947959960.9375, style loss=35571517968750.0000, tv loss=27211776.0000
L-BFGS | iteration: 111, total loss=35113731620864.0000, content_loss=1950470898.4375, style loss=35111753906250.0000, tv loss=27220384.0000
L-BFGS | iteration: 112, total loss=34725146132480.0000, content_loss=1952416406.2500, style loss=34723167187500.0000, tv loss=27240378.0000
L-BFGS | iteration: 113, total loss=34378119905280.0000, content_loss=1953635937.5000, style loss=34376137500000.0000, tv loss=27244504.0000
L-BFGS | iteration: 114, total loss=34058893524992.0000, content_loss=1954885546.8750, style loss=34056911718750.0000, tv loss=27266744.0000
L-BFGS | iteration: 115, total loss=33617573052416.0000, content_loss=1955858007.8125, style loss=33615588281250.0000, tv loss=27271216.0000
L-BFGS | iteration: 116, total loss=33170084855808.0000, content_loss=1958558593.7500, style loss=33168098437500.0000, tv loss=27300462.0000
L-BFGS | iteration: 117, total loss=32737232683008.0000, content_loss=1959264843.7500, style loss=32735247656250.0000, tv loss=27309146.0000
L-BFGS | iteration: 118, total loss=32420522885120.0000, content_loss=1961933593.7500, style loss=32418532031250.0000, tv loss=27321412.0000
L-BFGS | iteration: 119, total loss=32113696964608.0000, content_loss=1962528710.9375, style loss=32111707031250.0000, tv loss=27333828.0000
L-BFGS | iteration: 120, total loss=31851789942784.0000, content_loss=1964012304.6875, style loss=31849797656250.0000, tv loss=27326202.0000
L-BFGS | iteration: 121, total loss=31567885893632.0000, content_loss=1965651367.1875, style loss=31565894531250.0000, tv loss=27356684.0000
L-BFGS | iteration: 122, total loss=31354798473216.0000, content_loss=1965096484.3750, style loss=31352805468750.0000, tv loss=27355424.0000
L-BFGS | iteration: 123, total loss=31077097799680.0000, content_loss=1965719921.8750, style loss=31075106250000.0000, tv loss=27360536.0000
L-BFGS | iteration: 124, total loss=30700287819776.0000, content_loss=1968688476.5625, style loss=30698292187500.0000, tv loss=27384532.0000
L-BFGS | iteration: 125, total loss=30361455165440.0000, content_loss=1970347265.6250, style loss=30359456250000.0000, tv loss=27396724.0000
L-BFGS | iteration: 126, total loss=30132385349632.0000, content_loss=1971840039.0625, style loss=30130387500000.0000, tv loss=27401404.0000
L-BFGS | iteration: 127, total loss=29928974188544.0000, content_loss=1974263476.5625, style loss=29926973437500.0000, tv loss=27435396.0000
L-BFGS | iteration: 128, total loss=29626172702720.0000, content_loss=1974958398.4375, style loss=29624170312500.0000, tv loss=27427880.0000
L-BFGS | iteration: 129, total loss=29423359229952.0000, content_loss=1975745898.4375, style loss=29421356250000.0000, tv loss=27435800.0000
L-BFGS | iteration: 130, total loss=29079155769344.0000, content_loss=1977356445.3125, style loss=29077150781250.0000, tv loss=27453152.0000
L-BFGS | iteration: 131, total loss=28868511531008.0000, content_loss=1978707421.8750, style loss=28866503906250.0000, tv loss=27472324.0000
L-BFGS | iteration: 132, total loss=28668520824832.0000, content_loss=1978916992.1875, style loss=28666514062500.0000, tv loss=27473136.0000
L-BFGS | iteration: 133, total loss=28250942210048.0000, content_loss=1979467382.8125, style loss=28248935156250.0000, tv loss=27495968.0000
L-BFGS | iteration: 134, total loss=28056588648448.0000, content_loss=1978957031.2500, style loss=28054582031250.0000, tv loss=27490438.0000
L-BFGS | iteration: 135, total loss=27848286928896.0000, content_loss=1979466406.2500, style loss=27846278906250.0000, tv loss=27512294.0000
L-BFGS | iteration: 136, total loss=27598449016832.0000, content_loss=1980217968.7500, style loss=27596442187500.0000, tv loss=27533496.0000
L-BFGS | iteration: 137, total loss=27391032295424.0000, content_loss=1981895898.4375, style loss=27389022656250.0000, tv loss=27538336.0000
L-BFGS | iteration: 138, total loss=27160626593792.0000, content_loss=1983577929.6875, style loss=27158615625000.0000, tv loss=27545620.0000
L-BFGS | iteration: 139, total loss=26898488885248.0000, content_loss=1987613281.2500, style loss=26896474218750.0000, tv loss=27560356.0000
L-BFGS | iteration: 140, total loss=26715866791936.0000, content_loss=1988726171.8750, style loss=26713851562500.0000, tv loss=27563052.0000
L-BFGS | iteration: 141, total loss=26568426520576.0000, content_loss=1989656640.6250, style loss=26566408593750.0000, tv loss=27578398.0000
L-BFGS | iteration: 142, total loss=26420440989696.0000, content_loss=1990835156.2500, style loss=26418424218750.0000, tv loss=27575592.0000
L-BFGS | iteration: 143, total loss=26212680335360.0000, content_loss=1991020117.1875, style loss=26210662500000.0000, tv loss=27598866.0000
L-BFGS | iteration: 144, total loss=26047171002368.0000, content_loss=1990885742.1875, style loss=26045153906250.0000, tv loss=27607244.0000
L-BFGS | iteration: 145, total loss=25826548514816.0000, content_loss=1991833593.7500, style loss=25824529687500.0000, tv loss=27619868.0000
L-BFGS | iteration: 146, total loss=25594905493504.0000, content_loss=1993413867.1875, style loss=25592882812500.0000, tv loss=27631980.0000
L-BFGS | iteration: 147, total loss=25416865677312.0000, content_loss=1994221484.3750, style loss=25414844531250.0000, tv loss=27644308.0000
L-BFGS | iteration: 148, total loss=25217718026240.0000, content_loss=1994630468.7500, style loss=25215696093750.0000, tv loss=27646484.0000
L-BFGS | iteration: 149, total loss=25039097298944.0000, content_loss=1995885546.8750, style loss=25037074218750.0000, tv loss=27671452.0000
L-BFGS | iteration: 150, total loss=24842638196736.0000, content_loss=1995775585.9375, style loss=24840614062500.0000, tv loss=27666664.0000
L-BFGS | iteration: 151, total loss=24703223726080.0000, content_loss=1995828320.3125, style loss=24701200781250.0000, tv loss=27679886.0000
L-BFGS | iteration: 152, total loss=24577031798784.0000, content_loss=1995997460.9375, style loss=24575008593750.0000, tv loss=27687240.0000
L-BFGS | iteration: 153, total loss=24414202626048.0000, content_loss=1996495703.1250, style loss=24412178906250.0000, tv loss=27698652.0000
L-BFGS | iteration: 154, total loss=24201591259136.0000, content_loss=1998052734.3750, style loss=24199565625000.0000, tv loss=27703056.0000
L-BFGS | iteration: 155, total loss=24058974437376.0000, content_loss=1998840039.0625, style loss=24056948437500.0000, tv loss=27713462.0000
L-BFGS | iteration: 156, total loss=23916462473216.0000, content_loss=1999973828.1250, style loss=23914434375000.0000, tv loss=27714504.0000
L-BFGS | iteration: 157, total loss=23737596379136.0000, content_loss=2001568554.6875, style loss=23735568750000.0000, tv loss=27732168.0000
L-BFGS | iteration: 158, total loss=23545637765120.0000, content_loss=2002924609.3750, style loss=23543608593750.0000, tv loss=27736872.0000
L-BFGS | iteration: 159, total loss=23426053963776.0000, content_loss=2003057421.8750, style loss=23424023437500.0000, tv loss=27753764.0000
L-BFGS | iteration: 160, total loss=23331600334848.0000, content_loss=2002908398.4375, style loss=23329570312500.0000, tv loss=27750972.0000
L-BFGS | iteration: 161, total loss=23225320865792.0000, content_loss=2003425000.0000, style loss=23223290625000.0000, tv loss=27760750.0000
L-BFGS | iteration: 162, total loss=23084073484288.0000, content_loss=2004214453.1250, style loss=23082042187500.0000, tv loss=27765676.0000
L-BFGS | iteration: 163, total loss=22906476167168.0000, content_loss=2005945507.8125, style loss=22904442187500.0000, tv loss=27783494.0000
L-BFGS | iteration: 164, total loss=22747658846208.0000, content_loss=2006964843.7500, style loss=22745625000000.0000, tv loss=27785188.0000
L-BFGS | iteration: 165, total loss=22620776955904.0000, content_loss=2007327539.0625, style loss=22618743750000.0000, tv loss=27784016.0000
L-BFGS | iteration: 166, total loss=22498829664256.0000, content_loss=2007556835.9375, style loss=22496796093750.0000, tv loss=27802322.0000
L-BFGS | iteration: 167, total loss=22376009957376.0000, content_loss=2008206250.0000, style loss=22373974218750.0000, tv loss=27798600.0000
L-BFGS | iteration: 168, total loss=22224522182656.0000, content_loss=2008400390.6250, style loss=22222485937500.0000, tv loss=27806512.0000
L-BFGS | iteration: 169, total loss=22068554891264.0000, content_loss=2010436523.4375, style loss=22066516406250.0000, tv loss=27823244.0000
L-BFGS | iteration: 170, total loss=21952165052416.0000, content_loss=2010849414.0625, style loss=21950125781250.0000, tv loss=27824908.0000
L-BFGS | iteration: 171, total loss=21861123489792.0000, content_loss=2011790234.3750, style loss=21859085156250.0000, tv loss=27836088.0000
L-BFGS | iteration: 172, total loss=21738754670592.0000, content_loss=2013504492.1875, style loss=21736713281250.0000, tv loss=27841624.0000
L-BFGS | iteration: 173, total loss=21619051331584.0000, content_loss=2015629882.8125, style loss=21617008593750.0000, tv loss=27856464.0000
L-BFGS | iteration: 174, total loss=21503873646592.0000, content_loss=2015972460.9375, style loss=21501832031250.0000, tv loss=27855294.0000
L-BFGS | iteration: 175, total loss=21380720492544.0000, content_loss=2016556640.6250, style loss=21378675000000.0000, tv loss=27865824.0000
L-BFGS | iteration: 176, total loss=21279415468032.0000, content_loss=2017328125.0000, style loss=21277371093750.0000, tv loss=27863928.0000
L-BFGS | iteration: 177, total loss=21166639022080.0000, content_loss=2018168750.0000, style loss=21164594531250.0000, tv loss=27879806.0000
L-BFGS | iteration: 178, total loss=21042516983808.0000, content_loss=2019726953.1250, style loss=21040469531250.0000, tv loss=27891600.0000
L-BFGS | iteration: 179, total loss=20914246778880.0000, content_loss=2020668945.3125, style loss=20912198437500.0000, tv loss=27902328.0000
L-BFGS | iteration: 180, total loss=20788142931968.0000, content_loss=2022550585.9375, style loss=20786092968750.0000, tv loss=27910342.0000
L-BFGS | iteration: 181, total loss=20695987781632.0000, content_loss=2022925390.6250, style loss=20693936718750.0000, tv loss=27918008.0000
L-BFGS | iteration: 182, total loss=20608729481216.0000, content_loss=2022999414.0625, style loss=20606678906250.0000, tv loss=27915144.0000
L-BFGS | iteration: 183, total loss=20545552777216.0000, content_loss=2023594335.9375, style loss=20543500781250.0000, tv loss=27928704.0000
L-BFGS | iteration: 184, total loss=20464374120448.0000, content_loss=2023838281.2500, style loss=20462322656250.0000, tv loss=27927172.0000
L-BFGS | iteration: 185, total loss=20343668342784.0000, content_loss=2024532421.8750, style loss=20341617187500.0000, tv loss=27931468.0000
L-BFGS | iteration: 186, total loss=20256865124352.0000, content_loss=2025624023.4375, style loss=20254811718750.0000, tv loss=27937488.0000
L-BFGS | iteration: 187, total loss=20166790348800.0000, content_loss=2026311328.1250, style loss=20164736718750.0000, tv loss=27945860.0000
L-BFGS | iteration: 188, total loss=20008537161728.0000, content_loss=2028058789.0625, style loss=20006482031250.0000, tv loss=27962500.0000
L-BFGS | iteration: 189, total loss=19909029396480.0000, content_loss=2027891210.9375, style loss=19906973437500.0000, tv loss=27966798.0000
L-BFGS | iteration: 190, total loss=19846353911808.0000, content_loss=2028142773.4375, style loss=19844299218750.0000, tv loss=27978736.0000
L-BFGS | iteration: 191, total loss=19794478759936.0000, content_loss=2028611718.7500, style loss=19792422656250.0000, tv loss=27971612.0000
L-BFGS | iteration: 192, total loss=19736727388160.0000, content_loss=2028735742.1875, style loss=19734672656250.0000, tv loss=27975948.0000
L-BFGS | iteration: 193, total loss=19631022538752.0000, content_loss=2029305078.1250, style loss=19628964843750.0000, tv loss=27986452.0000
L-BFGS | iteration: 194, total loss=19553553743872.0000, content_loss=2029930859.3750, style loss=19551495703125.0000, tv loss=27991586.0000
L-BFGS | iteration: 195, total loss=19415844257792.0000, content_loss=2031779101.5625, style loss=19413783984375.0000, tv loss=28004624.0000
L-BFGS | iteration: 196, total loss=19327233294336.0000, content_loss=2032674609.3750, style loss=19325173828125.0000, tv loss=28012460.0000
L-BFGS | iteration: 197, total loss=19266432663552.0000, content_loss=2032917578.1250, style loss=19264372265625.0000, tv loss=28015008.0000
L-BFGS | iteration: 198, total loss=19181932118016.0000, content_loss=2033303320.3125, style loss=19179870703125.0000, tv loss=28029224.0000
L-BFGS | iteration: 199, total loss=19115156701184.0000, content_loss=2033870507.8125, style loss=19113096093750.0000, tv loss=28024548.0000
L-BFGS | iteration: 200, total loss=19040019939328.0000, content_loss=2033926953.1250, style loss=19037958984375.0000, tv loss=28034330.0000
L-BFGS | iteration: 201, total loss=18958801436672.0000, content_loss=2034025195.3125, style loss=18956739843750.0000, tv loss=28042626.0000
L-BFGS | iteration: 202, total loss=18903864442880.0000, content_loss=2034259375.0000, style loss=18901803515625.0000, tv loss=28041684.0000
L-BFGS | iteration: 203, total loss=18792333705216.0000, content_loss=2035388281.2500, style loss=18790269140625.0000, tv loss=28046738.0000
L-BFGS | iteration: 204, total loss=18696875540480.0000, content_loss=2035901367.1875, style loss=18694812890625.0000, tv loss=28060604.0000
L-BFGS | iteration: 205, total loss=18611177521152.0000, content_loss=2036544921.8750, style loss=18609114843750.0000, tv loss=28059508.0000
L-BFGS | iteration: 206, total loss=18545863819264.0000, content_loss=2036923632.8125, style loss=18543800390625.0000, tv loss=28065788.0000
L-BFGS | iteration: 207, total loss=18473132490752.0000, content_loss=2037338281.2500, style loss=18471067968750.0000, tv loss=28069144.0000
L-BFGS | iteration: 208, total loss=18406034112512.0000, content_loss=2037461914.0625, style loss=18403967578125.0000, tv loss=28090050.0000
L-BFGS | iteration: 209, total loss=18328793907200.0000, content_loss=2038172851.5625, style loss=18326728125000.0000, tv loss=28084520.0000
L-BFGS | iteration: 210, total loss=18272114180096.0000, content_loss=2038516406.2500, style loss=18270049218750.0000, tv loss=28089750.0000
L-BFGS | iteration: 211, total loss=18223546236928.0000, content_loss=2038995703.1250, style loss=18221480859375.0000, tv loss=28094940.0000
L-BFGS | iteration: 212, total loss=18154789011456.0000, content_loss=2039863476.5625, style loss=18152722265625.0000, tv loss=28102256.0000
L-BFGS | iteration: 213, total loss=18047282708480.0000, content_loss=2040681640.6250, style loss=18045214453125.0000, tv loss=28107092.0000
L-BFGS | iteration: 214, total loss=17961366585344.0000, content_loss=2042676367.1875, style loss=17959297265625.0000, tv loss=28123690.0000
L-BFGS | iteration: 215, total loss=17900129746944.0000, content_loss=2042626562.5000, style loss=17898059765625.0000, tv loss=28122816.0000
L-BFGS | iteration: 216, total loss=17831097794560.0000, content_loss=2042906054.6875, style loss=17829026953125.0000, tv loss=28134760.0000
L-BFGS | iteration: 217, total loss=17771857444864.0000, content_loss=2043371289.0625, style loss=17769787500000.0000, tv loss=28131148.0000
L-BFGS | iteration: 218, total loss=17709119045632.0000, content_loss=2043773437.5000, style loss=17707046484375.0000, tv loss=28139322.0000
L-BFGS | iteration: 219, total loss=17626428342272.0000, content_loss=2044759375.0000, style loss=17624355468750.0000, tv loss=28150350.0000
L-BFGS | iteration: 220, total loss=17567972327424.0000, content_loss=2045024414.0625, style loss=17565898828125.0000, tv loss=28154460.0000
L-BFGS | iteration: 221, total loss=17483640602624.0000, content_loss=2045955468.7500, style loss=17481566015625.0000, tv loss=28164072.0000
L-BFGS | iteration: 222, total loss=17410335703040.0000, content_loss=2045690429.6875, style loss=17408261718750.0000, tv loss=28169080.0000
L-BFGS | iteration: 223, total loss=17347136978944.0000, content_loss=2045530664.0625, style loss=17345062500000.0000, tv loss=28173580.0000
L-BFGS | iteration: 224, total loss=17278138580992.0000, content_loss=2045633007.8125, style loss=17276064843750.0000, tv loss=28180270.0000
L-BFGS | iteration: 225, total loss=17215460999168.0000, content_loss=2045619140.6250, style loss=17213387109375.0000, tv loss=28187080.0000
L-BFGS | iteration: 226, total loss=17166277541888.0000, content_loss=2045973046.8750, style loss=17164203515625.0000, tv loss=28185466.0000
L-BFGS | iteration: 227, total loss=17153712455680.0000, content_loss=2046347460.9375, style loss=17151637500000.0000, tv loss=28209776.0000
L-BFGS | iteration: 228, total loss=17124938481664.0000, content_loss=2046260546.8750, style loss=17122864453125.0000, tv loss=28198856.0000
L-BFGS | iteration: 229, total loss=17075337691136.0000, content_loss=2046936132.8125, style loss=17073262500000.0000, tv loss=28198612.0000
L-BFGS | iteration: 230, total loss=17017369264128.0000, content_loss=2047621679.6875, style loss=17015293359375.0000, tv loss=28202468.0000
L-BFGS | iteration: 231, total loss=16929369620480.0000, content_loss=2048719531.2500, style loss=16927292578125.0000, tv loss=28216446.0000
L-BFGS | iteration: 232, total loss=16859151728640.0000, content_loss=2049145507.8125, style loss=16857075000000.0000, tv loss=28223288.0000
L-BFGS | iteration: 233, total loss=16812821446656.0000, content_loss=2049428710.9375, style loss=16810743750000.0000, tv loss=28223680.0000
L-BFGS | iteration: 234, total loss=16749310246912.0000, content_loss=2049720312.5000, style loss=16747231640625.0000, tv loss=28232220.0000
L-BFGS | iteration: 235, total loss=16686215331840.0000, content_loss=2050414062.5000, style loss=16684136718750.0000, tv loss=28231576.0000
L-BFGS | iteration: 236, total loss=16622588788736.0000, content_loss=2051399414.0625, style loss=16620509765625.0000, tv loss=28246018.0000
L-BFGS | iteration: 237, total loss=16572505653248.0000, content_loss=2052082421.8750, style loss=16570425000000.0000, tv loss=28247060.0000
L-BFGS | iteration: 238, total loss=16533431517184.0000, content_loss=2052588085.9375, style loss=16531350000000.0000, tv loss=28252396.0000
L-BFGS | iteration: 239, total loss=16454521978880.0000, content_loss=2053669726.5625, style loss=16452439453125.0000, tv loss=28262744.0000
L-BFGS | iteration: 240, total loss=16385601175552.0000, content_loss=2054152929.6875, style loss=16383519140625.0000, tv loss=28271872.0000
L-BFGS | iteration: 241, total loss=16335380676608.0000, content_loss=2054758984.3750, style loss=16333297265625.0000, tv loss=28273484.0000
L-BFGS | iteration: 242, total loss=16297557491712.0000, content_loss=2054852539.0625, style loss=16295473828125.0000, tv loss=28283436.0000
L-BFGS | iteration: 243, total loss=16255852478464.0000, content_loss=2054907226.5625, style loss=16253769140625.0000, tv loss=28280828.0000
L-BFGS | iteration: 244, total loss=16205822820352.0000, content_loss=2055384179.6875, style loss=16203739453125.0000, tv loss=28287566.0000
L-BFGS | iteration: 245, total loss=16126533697536.0000, content_loss=2055799414.0625, style loss=16124449218750.0000, tv loss=28298882.0000
L-BFGS | iteration: 246, total loss=16082140135424.0000, content_loss=2056702734.3750, style loss=16080055078125.0000, tv loss=28309318.0000
L-BFGS | iteration: 247, total loss=16045993623552.0000, content_loss=2056624414.0625, style loss=16043908593750.0000, tv loss=28306352.0000
L-BFGS | iteration: 248, total loss=16011228086272.0000, content_loss=2056608984.3750, style loss=16009143750000.0000, tv loss=28313074.0000
L-BFGS | iteration: 249, total loss=15976059895808.0000, content_loss=2057000000.0000, style loss=15973974609375.0000, tv loss=28311846.0000
L-BFGS | iteration: 250, total loss=15910535430144.0000, content_loss=2057854296.8750, style loss=15908449218750.0000, tv loss=28318116.0000
L-BFGS | iteration: 251, total loss=15836611870720.0000, content_loss=2058613671.8750, style loss=15834525000000.0000, tv loss=28328714.0000
L-BFGS | iteration: 252, total loss=15775686459392.0000, content_loss=2059383007.8125, style loss=15773599218750.0000, tv loss=28331804.0000
L-BFGS | iteration: 253, total loss=15725395705856.0000, content_loss=2059484960.9375, style loss=15723308203125.0000, tv loss=28337996.0000
L-BFGS | iteration: 254, total loss=15691300208640.0000, content_loss=2059587304.6875, style loss=15689212500000.0000, tv loss=28343870.0000
L-BFGS | iteration: 255, total loss=15640312152064.0000, content_loss=2059689062.5000, style loss=15638224218750.0000, tv loss=28347198.0000
L-BFGS | iteration: 256, total loss=15594185293824.0000, content_loss=2060268164.0625, style loss=15592096875000.0000, tv loss=28363624.0000
L-BFGS | iteration: 257, total loss=15553224769536.0000, content_loss=2060957421.8750, style loss=15551136328125.0000, tv loss=28352528.0000
L-BFGS | iteration: 258, total loss=15520088719360.0000, content_loss=2060856250.0000, style loss=15518000390625.0000, tv loss=28356674.0000
L-BFGS | iteration: 259, total loss=15484127805440.0000, content_loss=2061126953.1250, style loss=15482037890625.0000, tv loss=28362624.0000
L-BFGS | iteration: 260, total loss=15443198738432.0000, content_loss=2061563671.8750, style loss=15441108984375.0000, tv loss=28368758.0000
L-BFGS | iteration: 261, total loss=15374440464384.0000, content_loss=2062120312.5000, style loss=15372349218750.0000, tv loss=28376124.0000
L-BFGS | iteration: 262, total loss=15320066555904.0000, content_loss=2063017968.7500, style loss=15317975390625.0000, tv loss=28383492.0000
L-BFGS | iteration: 263, total loss=15281387732992.0000, content_loss=2063296093.7500, style loss=15279295312500.0000, tv loss=28384234.0000
L-BFGS | iteration: 264, total loss=15246285602816.0000, content_loss=2063414453.1250, style loss=15244194140625.0000, tv loss=28391288.0000
L-BFGS | iteration: 265, total loss=15203957735424.0000, content_loss=2063847460.9375, style loss=15201866015625.0000, tv loss=28392084.0000
L-BFGS | iteration: 266, total loss=15156851507200.0000, content_loss=2064161328.1250, style loss=15154758984375.0000, tv loss=28405802.0000
L-BFGS | iteration: 267, total loss=15113870376960.0000, content_loss=2064746484.3750, style loss=15111776953125.0000, tv loss=28409988.0000
L-BFGS | iteration: 268, total loss=15061172092928.0000, content_loss=2065322070.3125, style loss=15059077734375.0000, tv loss=28417074.0000
L-BFGS | iteration: 269, total loss=15004885581824.0000, content_loss=2066577539.0625, style loss=15002790234375.0000, tv loss=28420968.0000
L-BFGS | iteration: 270, total loss=14962803081216.0000, content_loss=2067033593.7500, style loss=14960708203125.0000, tv loss=28426902.0000
L-BFGS | iteration: 271, total loss=14921596141568.0000, content_loss=2067465625.0000, style loss=14919500390625.0000, tv loss=28431280.0000
L-BFGS | iteration: 272, total loss=14878476599296.0000, content_loss=2068297070.3125, style loss=14876380078125.0000, tv loss=28441388.0000
L-BFGS | iteration: 273, total loss=14833374199808.0000, content_loss=2068638085.9375, style loss=14831276953125.0000, tv loss=28441368.0000
L-BFGS | iteration: 274, total loss=14805663481856.0000, content_loss=2068631445.3125, style loss=14803566796875.0000, tv loss=28456892.0000
L-BFGS | iteration: 275, total loss=14775549427712.0000, content_loss=2068675000.0000, style loss=14773451953125.0000, tv loss=28450608.0000
L-BFGS | iteration: 276, total loss=14754441592832.0000, content_loss=2068772460.9375, style loss=14752344140625.0000, tv loss=28450770.0000
L-BFGS | iteration: 277, total loss=14712206000128.0000, content_loss=2068926953.1250, style loss=14710108593750.0000, tv loss=28455074.0000
L-BFGS | iteration: 278, total loss=14660111695872.0000, content_loss=2068802148.4375, style loss=14658014062500.0000, tv loss=28461554.0000
L-BFGS | iteration: 279, total loss=14611713622016.0000, content_loss=2068999414.0625, style loss=14609616796875.0000, tv loss=28471538.0000
L-BFGS | iteration: 280, total loss=14579253903360.0000, content_loss=2069068359.3750, style loss=14577157031250.0000, tv loss=28471896.0000
L-BFGS | iteration: 281, total loss=14540124192768.0000, content_loss=2069200976.5625, style loss=14538026953125.0000, tv loss=28480784.0000
L-BFGS | iteration: 282, total loss=14494881284096.0000, content_loss=2070178515.6250, style loss=14492783203125.0000, tv loss=28484776.0000
L-BFGS | iteration: 283, total loss=14457618038784.0000, content_loss=2070293359.3750, style loss=14455519921875.0000, tv loss=28491420.0000
L-BFGS | iteration: 284, total loss=14419242254336.0000, content_loss=2070781445.3125, style loss=14417143359375.0000, tv loss=28498632.0000
L-BFGS | iteration: 285, total loss=14383694479360.0000, content_loss=2070973437.5000, style loss=14381595703125.0000, tv loss=28501916.0000
L-BFGS | iteration: 286, total loss=14333559963648.0000, content_loss=2071988671.8750, style loss=14331459375000.0000, tv loss=28513634.0000
L-BFGS | iteration: 287, total loss=14302759092224.0000, content_loss=2071921093.7500, style loss=14300658984375.0000, tv loss=28508496.0000
L-BFGS | iteration: 288, total loss=14280351023104.0000, content_loss=2071647460.9375, style loss=14278250390625.0000, tv loss=28518054.0000
L-BFGS | iteration: 289, total loss=14259721338880.0000, content_loss=2071963867.1875, style loss=14257620703125.0000, tv loss=28515722.0000
L-BFGS | iteration: 290, total loss=14232951193600.0000, content_loss=2072507226.5625, style loss=14230850390625.0000, tv loss=28516600.0000
L-BFGS | iteration: 291, total loss=14200859525120.0000, content_loss=2072860937.5000, style loss=14198758593750.0000, tv loss=28520128.0000
L-BFGS | iteration: 292, total loss=14155418435584.0000, content_loss=2073799804.6875, style loss=14153315625000.0000, tv loss=28531036.0000
L-BFGS | iteration: 293, total loss=14114867904512.0000, content_loss=2073985351.5625, style loss=14112765234375.0000, tv loss=28538968.0000
L-BFGS | iteration: 294, total loss=14075685765120.0000, content_loss=2074579492.1875, style loss=14073583593750.0000, tv loss=28544670.0000
L-BFGS | iteration: 295, total loss=14029267402752.0000, content_loss=2075206445.3125, style loss=14027164453125.0000, tv loss=28551360.0000
L-BFGS | iteration: 296, total loss=13987859136512.0000, content_loss=2075938085.9375, style loss=13985755078125.0000, tv loss=28558892.0000
L-BFGS | iteration: 297, total loss=13951325700096.0000, content_loss=2076292382.8125, style loss=13949220703125.0000, tv loss=28555754.0000
L-BFGS | iteration: 298, total loss=13927438090240.0000, content_loss=2076300195.3125, style loss=13925333203125.0000, tv loss=28568736.0000
L-BFGS | iteration: 299, total loss=13906306138112.0000, content_loss=2076336914.0625, style loss=13904201953125.0000, tv loss=28565278.0000
L-BFGS | iteration: 300, total loss=13889440841728.0000, content_loss=2076542187.5000, style loss=13887336328125.0000, tv loss=28565294.0000
L-BFGS | iteration: 301, total loss=13858341126144.0000, content_loss=2076824023.4375, style loss=13856235937500.0000, tv loss=28569934.0000
L-BFGS | iteration: 302, total loss=13814527426560.0000, content_loss=2077412500.0000, style loss=13812421875000.0000, tv loss=28578720.0000
L-BFGS | iteration: 303, total loss=13781094629376.0000, content_loss=2077692968.7500, style loss=13778989453125.0000, tv loss=28588076.0000
L-BFGS | iteration: 304, total loss=13746933071872.0000, content_loss=2078008203.1250, style loss=13744826953125.0000, tv loss=28591980.0000
L-BFGS | iteration: 305, total loss=13711780610048.0000, content_loss=2078233398.4375, style loss=13709674218750.0000, tv loss=28602708.0000
L-BFGS | iteration: 306, total loss=13681149607936.0000, content_loss=2078517382.8125, style loss=13679042578125.0000, tv loss=28597148.0000
L-BFGS | iteration: 307, total loss=13654424551424.0000, content_loss=2078642773.4375, style loss=13652317968750.0000, tv loss=28603460.0000
L-BFGS | iteration: 308, total loss=13627941715968.0000, content_loss=2078972656.2500, style loss=13625833593750.0000, tv loss=28606020.0000
L-BFGS | iteration: 309, total loss=13600988069888.0000, content_loss=2079337109.3750, style loss=13598880468750.0000, tv loss=28608240.0000
L-BFGS | iteration: 310, total loss=13558825877504.0000, content_loss=2080192968.7500, style loss=13556717578125.0000, tv loss=28617608.0000
L-BFGS | iteration: 311, total loss=13528882741248.0000, content_loss=2081341796.8750, style loss=13526772656250.0000, tv loss=28622204.0000
L-BFGS | iteration: 312, total loss=13506660270080.0000, content_loss=2081676367.1875, style loss=13504550390625.0000, tv loss=28622952.0000
L-BFGS | iteration: 313, total loss=13484920143872.0000, content_loss=2082000195.3125, style loss=13482809765625.0000, tv loss=28629934.0000
L-BFGS | iteration: 314, total loss=13461656436736.0000, content_loss=2082500000.0000, style loss=13459545703125.0000, tv loss=28629476.0000
L-BFGS | iteration: 315, total loss=13429810135040.0000, content_loss=2082958984.3750, style loss=13427698828125.0000, tv loss=28638018.0000
L-BFGS | iteration: 316, total loss=13391144943616.0000, content_loss=2083286523.4375, style loss=13389032812500.0000, tv loss=28643922.0000
L-BFGS | iteration: 317, total loss=13361412571136.0000, content_loss=2083319335.9375, style loss=13359301171875.0000, tv loss=28649416.0000
L-BFGS | iteration: 318, total loss=13340733603840.0000, content_loss=2083229492.1875, style loss=13338622265625.0000, tv loss=28648448.0000
L-BFGS | iteration: 319, total loss=13319103578112.0000, content_loss=2083333593.7500, style loss=13316991796875.0000, tv loss=28653248.0000
L-BFGS | iteration: 320, total loss=13295162490880.0000, content_loss=2083791601.5625, style loss=13293050390625.0000, tv loss=28652620.0000
L-BFGS | iteration: 321, total loss=13260928581632.0000, content_loss=2084479687.5000, style loss=13258815234375.0000, tv loss=28661220.0000
L-BFGS | iteration: 322, total loss=13230401388544.0000, content_loss=2085359179.6875, style loss=13228287890625.0000, tv loss=28663080.0000
L-BFGS | iteration: 323, total loss=13197752926208.0000, content_loss=2086055468.7500, style loss=13195639453125.0000, tv loss=28668112.0000
L-BFGS | iteration: 324, total loss=13159622508544.0000, content_loss=2086635742.1875, style loss=13157507812500.0000, tv loss=28677130.0000
L-BFGS | iteration: 325, total loss=13127489945600.0000, content_loss=2086714453.1250, style loss=13125375000000.0000, tv loss=28679056.0000
L-BFGS | iteration: 326, total loss=13100084363264.0000, content_loss=2086566992.1875, style loss=13097969531250.0000, tv loss=28683808.0000
L-BFGS | iteration: 327, total loss=13073663393792.0000, content_loss=2086558398.4375, style loss=13071548437500.0000, tv loss=28689944.0000
L-BFGS | iteration: 328, total loss=13042563678208.0000, content_loss=2086156445.3125, style loss=13040449218750.0000, tv loss=28691062.0000
L-BFGS | iteration: 329, total loss=13019067187200.0000, content_loss=2086325585.9375, style loss=13016951953125.0000, tv loss=28704066.0000
L-BFGS | iteration: 330, total loss=12995492052992.0000, content_loss=2087058203.1250, style loss=12993377343750.0000, tv loss=28699428.0000
L-BFGS | iteration: 331, total loss=12979772850176.0000, content_loss=2087051757.8125, style loss=12977657812500.0000, tv loss=28700960.0000
L-BFGS | iteration: 332, total loss=12956784918528.0000, content_loss=2087291796.8750, style loss=12954669140625.0000, tv loss=28705830.0000
L-BFGS | iteration: 333, total loss=12928880214016.0000, content_loss=2087365234.3750, style loss=12926764453125.0000, tv loss=28710320.0000
L-BFGS | iteration: 334, total loss=12892518744064.0000, content_loss=2087848437.5000, style loss=12890402343750.0000, tv loss=28718808.0000
L-BFGS | iteration: 335, total loss=12865387888640.0000, content_loss=2088012500.0000, style loss=12863272265625.0000, tv loss=28722648.0000
L-BFGS | iteration: 336, total loss=12841187803136.0000, content_loss=2088401953.1250, style loss=12839070703125.0000, tv loss=28725792.0000
L-BFGS | iteration: 337, total loss=12809363521536.0000, content_loss=2088882226.5625, style loss=12807246093750.0000, tv loss=28731616.0000
L-BFGS | iteration: 338, total loss=12785733861376.0000, content_loss=2089366992.1875, style loss=12783615234375.0000, tv loss=28731176.0000
L-BFGS | iteration: 339, total loss=12766940233728.0000, content_loss=2089422656.2500, style loss=12764821875000.0000, tv loss=28740366.0000
L-BFGS | iteration: 340, total loss=12747196596224.0000, content_loss=2089635156.2500, style loss=12745078125000.0000, tv loss=28738544.0000
L-BFGS | iteration: 341, total loss=12723199934464.0000, content_loss=2089766015.6250, style loss=12721081640625.0000, tv loss=28741136.0000
L-BFGS | iteration: 342, total loss=12694099853312.0000, content_loss=2090337304.6875, style loss=12691980468750.0000, tv loss=28745692.0000
L-BFGS | iteration: 343, total loss=12666227654656.0000, content_loss=2090483593.7500, style loss=12664108593750.0000, tv loss=28753476.0000
L-BFGS | iteration: 344, total loss=12641458192384.0000, content_loss=2090883007.8125, style loss=12639338671875.0000, tv loss=28758276.0000
L-BFGS | iteration: 345, total loss=12616509423616.0000, content_loss=2091237304.6875, style loss=12614390625000.0000, tv loss=28765748.0000
L-BFGS | iteration: 346, total loss=12593919950848.0000, content_loss=2091512304.6875, style loss=12591799218750.0000, tv loss=28765086.0000
L-BFGS | iteration: 347, total loss=12575834112000.0000, content_loss=2091594140.6250, style loss=12573713671875.0000, tv loss=28771816.0000
L-BFGS | iteration: 348, total loss=12554231349248.0000, content_loss=2091848046.8750, style loss=12552111328125.0000, tv loss=28771976.0000
L-BFGS | iteration: 349, total loss=12530912067584.0000, content_loss=2091673632.8125, style loss=12528792187500.0000, tv loss=28775060.0000
L-BFGS | iteration: 350, total loss=12504562401280.0000, content_loss=2091583203.1250, style loss=12502442578125.0000, tv loss=28779848.0000
L-BFGS | iteration: 351, total loss=12479560155136.0000, content_loss=2091423046.8750, style loss=12477439453125.0000, tv loss=28785560.0000
L-BFGS | iteration: 352, total loss=12452628529152.0000, content_loss=2091419726.5625, style loss=12450508593750.0000, tv loss=28789444.0000
L-BFGS | iteration: 353, total loss=12429395230720.0000, content_loss=2091587890.6250, style loss=12427275000000.0000, tv loss=28796820.0000
L-BFGS | iteration: 354, total loss=12407394009088.0000, content_loss=2092298437.5000, style loss=12405274218750.0000, tv loss=28795932.0000
L-BFGS | iteration: 355, total loss=12389404639232.0000, content_loss=2092575781.2500, style loss=12387283593750.0000, tv loss=28804544.0000
L-BFGS | iteration: 356, total loss=12371471892480.0000, content_loss=2093069921.8750, style loss=12369350390625.0000, tv loss=28804478.0000
L-BFGS | iteration: 357, total loss=12350297997312.0000, content_loss=2093473828.1250, style loss=12348176953125.0000, tv loss=28805552.0000
L-BFGS | iteration: 358, total loss=12327797653504.0000, content_loss=2093949609.3750, style loss=12325675781250.0000, tv loss=28812740.0000
L-BFGS | iteration: 359, total loss=12305078157312.0000, content_loss=2094135156.2500, style loss=12302955468750.0000, tv loss=28816724.0000
L-BFGS | iteration: 360, total loss=12282384875520.0000, content_loss=2094465429.6875, style loss=12280262109375.0000, tv loss=28820398.0000
L-BFGS | iteration: 361, total loss=12259705225216.0000, content_loss=2094610156.2500, style loss=12257581640625.0000, tv loss=28824718.0000
L-BFGS | iteration: 362, total loss=12234481729536.0000, content_loss=2094913867.1875, style loss=12232358203125.0000, tv loss=28828150.0000
L-BFGS | iteration: 363, total loss=12214004088832.0000, content_loss=2095249414.0625, style loss=12211880859375.0000, tv loss=28834384.0000
L-BFGS | iteration: 364, total loss=12194113650688.0000, content_loss=2095271093.7500, style loss=12191990625000.0000, tv loss=28834528.0000
L-BFGS | iteration: 365, total loss=12179259523072.0000, content_loss=2095288281.2500, style loss=12177134765625.0000, tv loss=28844538.0000
L-BFGS | iteration: 366, total loss=12163470065664.0000, content_loss=2095330859.3750, style loss=12161346093750.0000, tv loss=28843668.0000
L-BFGS | iteration: 367, total loss=12145130471424.0000, content_loss=2095185742.1875, style loss=12143006250000.0000, tv loss=28846320.0000
L-BFGS | iteration: 368, total loss=12121928630272.0000, content_loss=2095354882.8125, style loss=12119804296875.0000, tv loss=28851034.0000
L-BFGS | iteration: 369, total loss=12097609007104.0000, content_loss=2095666210.9375, style loss=12095483203125.0000, tv loss=28856602.0000
L-BFGS | iteration: 370, total loss=12076674187264.0000, content_loss=2095885937.5000, style loss=12074548828125.0000, tv loss=28859438.0000
L-BFGS | iteration: 371, total loss=12051372048384.0000, content_loss=2096568750.0000, style loss=12049246875000.0000, tv loss=28865404.0000
L-BFGS | iteration: 372, total loss=12025393577984.0000, content_loss=2097221289.0625, style loss=12023267578125.0000, tv loss=28868982.0000
L-BFGS | iteration: 373, total loss=12005048057856.0000, content_loss=2097357812.5000, style loss=12002921484375.0000, tv loss=28878126.0000
L-BFGS | iteration: 374, total loss=11986467291136.0000, content_loss=2097774023.4375, style loss=11984340234375.0000, tv loss=28876696.0000
L-BFGS | iteration: 375, total loss=11973470191616.0000, content_loss=2097712890.6250, style loss=11971342968750.0000, tv loss=28881364.0000
L-BFGS | iteration: 376, total loss=11960488820736.0000, content_loss=2097705468.7500, style loss=11958360937500.0000, tv loss=28883850.0000
L-BFGS | iteration: 377, total loss=11943078264832.0000, content_loss=2097791992.1875, style loss=11940950390625.0000, tv loss=28887140.0000
L-BFGS | iteration: 378, total loss=11912093892608.0000, content_loss=2098204687.5000, style loss=11909966015625.0000, tv loss=28894664.0000
L-BFGS | iteration: 379, total loss=11889103863808.0000, content_loss=2098511523.4375, style loss=11886976171875.0000, tv loss=28899972.0000
L-BFGS | iteration: 380, total loss=11870556651520.0000, content_loss=2098538085.9375, style loss=11868428906250.0000, tv loss=28900960.0000
L-BFGS | iteration: 381, total loss=11857649729536.0000, content_loss=2098451171.8750, style loss=11855521875000.0000, tv loss=28905320.0000
L-BFGS | iteration: 382, total loss=11843791749120.0000, content_loss=2098467578.1250, style loss=11841664453125.0000, tv loss=28904436.0000
L-BFGS | iteration: 383, total loss=11824008265728.0000, content_loss=2098335742.1875, style loss=11821880859375.0000, tv loss=28911804.0000
L-BFGS | iteration: 384, total loss=11804371582976.0000, content_loss=2098274609.3750, style loss=11802243750000.0000, tv loss=28912644.0000
L-BFGS | iteration: 385, total loss=11780838391808.0000, content_loss=2098553906.2500, style loss=11778711328125.0000, tv loss=28917656.0000
L-BFGS | iteration: 386, total loss=11758442905600.0000, content_loss=2098736914.0625, style loss=11756314453125.0000, tv loss=28920476.0000
L-BFGS | iteration: 387, total loss=11741912104960.0000, content_loss=2098969921.8750, style loss=11739783984375.0000, tv loss=28922920.0000
L-BFGS | iteration: 388, total loss=11726179270656.0000, content_loss=2099294921.8750, style loss=11724050390625.0000, tv loss=28928404.0000
L-BFGS | iteration: 389, total loss=11704734842880.0000, content_loss=2099581445.3125, style loss=11702606250000.0000, tv loss=28931474.0000
L-BFGS | iteration: 390, total loss=11685500813312.0000, content_loss=2099728125.0000, style loss=11683372265625.0000, tv loss=28939530.0000
L-BFGS | iteration: 391, total loss=11670720086016.0000, content_loss=2100346484.3750, style loss=11668590234375.0000, tv loss=28935778.0000
L-BFGS | iteration: 392, total loss=11657629663232.0000, content_loss=2100334375.0000, style loss=11655500390625.0000, tv loss=28940864.0000
L-BFGS | iteration: 393, total loss=11638424993792.0000, content_loss=2100430273.4375, style loss=11636295703125.0000, tv loss=28944984.0000
L-BFGS | iteration: 394, total loss=11617998733312.0000, content_loss=2100809570.3125, style loss=11615868750000.0000, tv loss=28950804.0000
L-BFGS | iteration: 395, total loss=11598898921472.0000, content_loss=2100891601.5625, style loss=11596768359375.0000, tv loss=28954370.0000
L-BFGS | iteration: 396, total loss=11582186717184.0000, content_loss=2101172070.3125, style loss=11580056250000.0000, tv loss=28956440.0000
L-BFGS | iteration: 397, total loss=11564247678976.0000, content_loss=2101381640.6250, style loss=11562117187500.0000, tv loss=28960890.0000
L-BFGS | iteration: 398, total loss=11544810225664.0000, content_loss=2101890234.3750, style loss=11542678125000.0000, tv loss=28963040.0000
L-BFGS | iteration: 399, total loss=11527523401728.0000, content_loss=2102381250.0000, style loss=11525391796875.0000, tv loss=28971286.0000
L-BFGS | iteration: 400, total loss=11516237578240.0000, content_loss=2102676757.8125, style loss=11514105468750.0000, tv loss=28966700.0000
L-BFGS | iteration: 401, total loss=11506556076032.0000, content_loss=2102804296.8750, style loss=11504424609375.0000, tv loss=28969848.0000
L-BFGS | iteration: 402, total loss=11490854699008.0000, content_loss=2102882031.2500, style loss=11488722656250.0000, tv loss=28974610.0000
L-BFGS | iteration: 403, total loss=11477764276224.0000, content_loss=2102994140.6250, style loss=11475631640625.0000, tv loss=28976844.0000
L-BFGS | iteration: 404, total loss=11455676022784.0000, content_loss=2103106054.6875, style loss=11453542968750.0000, tv loss=28982800.0000
L-BFGS | iteration: 405, total loss=11438135443456.0000, content_loss=2103293945.3125, style loss=11436002343750.0000, tv loss=28985730.0000
L-BFGS | iteration: 406, total loss=11425508491264.0000, content_loss=2103431835.9375, style loss=11423375390625.0000, tv loss=28987108.0000
L-BFGS | iteration: 407, total loss=11411108397056.0000, content_loss=2103469335.9375, style loss=11408975390625.0000, tv loss=28991368.0000
L-BFGS | iteration: 408, total loss=11390706253824.0000, content_loss=2103536914.0625, style loss=11388573046875.0000, tv loss=28994828.0000
L-BFGS | iteration: 409, total loss=11372724224000.0000, content_loss=2103483203.1250, style loss=11370591796875.0000, tv loss=29004812.0000
L-BFGS | iteration: 410, total loss=11360381435904.0000, content_loss=2103749804.6875, style loss=11358248437500.0000, tv loss=29001712.0000
L-BFGS | iteration: 411, total loss=11349181595648.0000, content_loss=2103828320.3125, style loss=11347048828125.0000, tv loss=29004624.0000
L-BFGS | iteration: 412, total loss=11337362046976.0000, content_loss=2103894726.5625, style loss=11335229296875.0000, tv loss=29006064.0000
L-BFGS | iteration: 413, total loss=11326270210048.0000, content_loss=2103836132.8125, style loss=11324137500000.0000, tv loss=29007152.0000
L-BFGS | iteration: 414, total loss=11304704147456.0000, content_loss=2104045898.4375, style loss=11302570312500.0000, tv loss=29010922.0000
L-BFGS | iteration: 415, total loss=11287611310080.0000, content_loss=2103713867.1875, style loss=11285478515625.0000, tv loss=29017528.0000
L-BFGS | iteration: 416, total loss=11274323755008.0000, content_loss=2103985937.5000, style loss=11272189453125.0000, tv loss=29018202.0000
L-BFGS | iteration: 417, total loss=11259263057920.0000, content_loss=2104284570.3125, style loss=11257129687500.0000, tv loss=29022312.0000
L-BFGS | iteration: 418, total loss=11243212505088.0000, content_loss=2104539453.1250, style loss=11241078515625.0000, tv loss=29025492.0000
L-BFGS | iteration: 419, total loss=11227269955584.0000, content_loss=2104601171.8750, style loss=11225136328125.0000, tv loss=29031016.0000
L-BFGS | iteration: 420, total loss=11213223231488.0000, content_loss=2104721484.3750, style loss=11211089062500.0000, tv loss=29031292.0000
L-BFGS | iteration: 421, total loss=11201096450048.0000, content_loss=2104582617.1875, style loss=11198962500000.0000, tv loss=29040192.0000
L-BFGS | iteration: 422, total loss=11188014415872.0000, content_loss=2104672460.9375, style loss=11185880859375.0000, tv loss=29035860.0000
L-BFGS | iteration: 423, total loss=11175889731584.0000, content_loss=2104631054.6875, style loss=11173755468750.0000, tv loss=29037100.0000
L-BFGS | iteration: 424, total loss=11158978297856.0000, content_loss=2104841601.5625, style loss=11156844140625.0000, tv loss=29042348.0000
L-BFGS | iteration: 425, total loss=11143272726528.0000, content_loss=2105037109.3750, style loss=11141137500000.0000, tv loss=29047906.0000
L-BFGS | iteration: 426, total loss=11127633215488.0000, content_loss=2105447851.5625, style loss=11125498828125.0000, tv loss=29049872.0000
L-BFGS | iteration: 427, total loss=11110161842176.0000, content_loss=2105774804.6875, style loss=11108027343750.0000, tv loss=29052822.0000
L-BFGS | iteration: 428, total loss=11096003969024.0000, content_loss=2106008203.1250, style loss=11093868750000.0000, tv loss=29055808.0000
L-BFGS | iteration: 429, total loss=11081018769408.0000, content_loss=2106177148.4375, style loss=11078882812500.0000, tv loss=29057258.0000
L-BFGS | iteration: 430, total loss=11062305882112.0000, content_loss=2106009179.6875, style loss=11060171484375.0000, tv loss=29060586.0000
L-BFGS | iteration: 431, total loss=11047244136448.0000, content_loss=2106298242.1875, style loss=11045108203125.0000, tv loss=29064452.0000
L-BFGS | iteration: 432, total loss=11034260668416.0000, content_loss=2106626171.8750, style loss=11032125000000.0000, tv loss=29064726.0000
L-BFGS | iteration: 433, total loss=11025838505984.0000, content_loss=2106470312.5000, style loss=11023702734375.0000, tv loss=29074272.0000
L-BFGS | iteration: 434, total loss=11015378960384.0000, content_loss=2106756835.9375, style loss=11013242578125.0000, tv loss=29070636.0000
L-BFGS | iteration: 435, total loss=11007558680576.0000, content_loss=2107037890.6250, style loss=11005422656250.0000, tv loss=29070874.0000
L-BFGS | iteration: 436, total loss=10991389638656.0000, content_loss=2107337109.3750, style loss=10989253125000.0000, tv loss=29074470.0000
L-BFGS | iteration: 437, total loss=10973548118016.0000, content_loss=2107671875.0000, style loss=10971411328125.0000, tv loss=29080188.0000
L-BFGS | iteration: 438, total loss=10961589108736.0000, content_loss=2107583203.1250, style loss=10959452343750.0000, tv loss=29082700.0000
L-BFGS | iteration: 439, total loss=10949231640576.0000, content_loss=2107499218.7500, style loss=10947094921875.0000, tv loss=29085152.0000
L-BFGS | iteration: 440, total loss=10935875928064.0000, content_loss=2107508398.4375, style loss=10933739062500.0000, tv loss=29089514.0000
L-BFGS | iteration: 441, total loss=10918471663616.0000, content_loss=2107923046.8750, style loss=10916334375000.0000, tv loss=29092444.0000
L-BFGS | iteration: 442, total loss=10902236561408.0000, content_loss=2108338281.2500, style loss=10900098046875.0000, tv loss=29098116.0000
L-BFGS | iteration: 443, total loss=10886071713792.0000, content_loss=2108751367.1875, style loss=10883933203125.0000, tv loss=29100392.0000
L-BFGS | iteration: 444, total loss=10874736607232.0000, content_loss=2108993554.6875, style loss=10872598828125.0000, tv loss=29104172.0000
L-BFGS | iteration: 445, total loss=10861119799296.0000, content_loss=2108950585.9375, style loss=10858981640625.0000, tv loss=29104660.0000
L-BFGS | iteration: 446, total loss=10854994018304.0000, content_loss=2108634375.0000, style loss=10852856250000.0000, tv loss=29114612.0000
L-BFGS | iteration: 447, total loss=10842514915328.0000, content_loss=2108731640.6250, style loss=10840376953125.0000, tv loss=29110280.0000
L-BFGS | iteration: 448, total loss=10835494699008.0000, content_loss=2108679882.8125, style loss=10833356250000.0000, tv loss=29110478.0000
L-BFGS | iteration: 449, total loss=10822802735104.0000, content_loss=2108840820.3125, style loss=10820664843750.0000, tv loss=29113532.0000
L-BFGS | iteration: 450, total loss=10808635424768.0000, content_loss=2108950976.5625, style loss=10806496875000.0000, tv loss=29117512.0000
L-BFGS | iteration: 451, total loss=10791937900544.0000, content_loss=2109277734.3750, style loss=10789798828125.0000, tv loss=29124272.0000
L-BFGS | iteration: 452, total loss=10779974696960.0000, content_loss=2109605664.0625, style loss=10777835156250.0000, tv loss=29126206.0000
L-BFGS | iteration: 453, total loss=10767357181952.0000, content_loss=2109627734.3750, style loss=10765217578125.0000, tv loss=29129536.0000
L-BFGS | iteration: 454, total loss=10751876005888.0000, content_loss=2110182617.1875, style loss=10749737109375.0000, tv loss=29134344.0000
L-BFGS | iteration: 455, total loss=10737682481152.0000, content_loss=2110007031.2500, style loss=10735543359375.0000, tv loss=29134532.0000
L-BFGS | iteration: 456, total loss=10727435796480.0000, content_loss=2110044140.6250, style loss=10725296484375.0000, tv loss=29138072.0000
L-BFGS | iteration: 457, total loss=10714624294912.0000, content_loss=2110352929.6875, style loss=10712484375000.0000, tv loss=29137812.0000
L-BFGS | iteration: 458, total loss=10704433184768.0000, content_loss=2110378906.2500, style loss=10702292578125.0000, tv loss=29145628.0000
L-BFGS | iteration: 459, total loss=10694623756288.0000, content_loss=2110527148.4375, style loss=10692483984375.0000, tv loss=29145712.0000
L-BFGS | iteration: 460, total loss=10680276090880.0000, content_loss=2110736523.4375, style loss=10678135546875.0000, tv loss=29148592.0000
