C:\Users\user\AppData\Roaming\Python\Python313\site-packages\torchvision\models\_utils.py:208: UserWarning: The parameter 'pretrained' is deprecated since 0.13 and may be removed in the future, please use 'weights' instead.
  warnings.warn(
C:\Users\user\AppData\Roaming\Python\Python313\site-packages\torchvision\models\_utils.py:223: UserWarning: Arguments other than a weight enum or `None` for 'weights' are deprecated since 0.13 and may be removed in the future. The current behavior is equivalent to passing `weights=VGG19_Weights.IMAGENET1K_V1`. You can also use `weights=VGG19_Weights.DEFAULT` to get the most up-to-date weights.
  warnings.warn(msg)
Using VGG19 in the optimization procedure.
L-BFGS | iteration: 000, total loss=362294200953208832.0000, content_loss=      0.0000, style loss=362294208000000000.0000, tv loss=3572966.0000
L-BFGS | iteration: 001, total loss=362293822996086784.0000, content_loss=    157.0070, style loss=362293824000000000.0000, tv loss=3572967.0000
L-BFGS | iteration: 002, total loss=362294063514255360.0000, content_loss=    205.0228, style loss=362294054400000000.0000, tv loss=3572975.7500
L-BFGS | iteration: 003, total loss=362290730619633664.0000, content_loss=    256.6480, style loss=362290713600000000.0000, tv loss=3573019.5000
L-BFGS | iteration: 004, total loss=362278017516437504.0000, content_loss=    537.3919, style loss=362278003200000000.0000, tv loss=3573261.0000
L-BFGS | iteration: 005, total loss=362204968712667136.0000, content_loss=   6699.8899, style loss=362204966400000000.0000, tv loss=3574589.0000
L-BFGS | iteration: 006, total loss=361793785723617280.0000, content_loss= 190218.0433, style loss=361793779200000000.0000, tv loss=3581901.0000
L-BFGS | iteration: 007, total loss=359640082962972672.0000, content_loss=5440354.1565, style loss=359640076800000000.0000, tv loss=3622144.5000
L-BFGS | iteration: 008, total loss=328377875008847872.0000, content_loss=343925952.1484, style loss=328377868800000000.0000, tv loss=4504875.0000
L-BFGS | iteration: 009, total loss=283394277336154112.0000, content_loss=826472656.2500, style loss=283394284800000000.0000, tv loss=6500170.0000
L-BFGS | iteration: 010, total loss=201803178751033344.0000, content_loss=1825939648.4375, style loss=201803174400000000.0000, tv loss=12554886.0000
L-BFGS | iteration: 011, total loss=163679794901286912.0000, content_loss=3148019140.6250, style loss=163679788800000000.0000, tv loss=21187416.0000
L-BFGS | iteration: 012, total loss=128171204321214464.0000, content_loss=3257833203.1250, style loss=128171203200000000.0000, tv loss=24225680.0000
L-BFGS | iteration: 013, total loss=107992460122128384.0000, content_loss=3398730078.1250, style loss=107992464000000000.0000, tv loss=26182786.0000
L-BFGS | iteration: 014, total loss=92865834413719552.0000, content_loss=3841329687.5000, style loss=92865830400000000.0000, tv loss=29304120.0000
L-BFGS | iteration: 015, total loss=81729714359631872.0000, content_loss=4376352343.7500, style loss=81729705600000000.0000, tv loss=32487784.0000
L-BFGS | iteration: 016, total loss=72035943107788800.0000, content_loss=4591096093.7500, style loss=72035937600000000.0000, tv loss=33701048.0000
L-BFGS | iteration: 017, total loss=64186709985722368.0000, content_loss=4661909765.6250, style loss=64186704000000000.0000, tv loss=34056408.0000
L-BFGS | iteration: 018, total loss=57339561453289472.0000, content_loss=4855831640.6250, style loss=57339556800000000.0000, tv loss=35089864.0000
L-BFGS | iteration: 019, total loss=51608004906188800.0000, content_loss=5063106250.0000, style loss=51608001600000000.0000, tv loss=36350168.0000
L-BFGS | iteration: 020, total loss=46449564500099072.0000, content_loss=5125153125.0000, style loss=46449561600000000.0000, tv loss=37000748.0000
L-BFGS | iteration: 021, total loss=41851849254371328.0000, content_loss=5157551171.8750, style loss=41851843200000000.0000, tv loss=37616404.0000
L-BFGS | iteration: 022, total loss=37756486268485632.0000, content_loss=5230404296.8750, style loss=37756480800000000.0000, tv loss=38412100.0000
L-BFGS | iteration: 023, total loss=34085238418178048.0000, content_loss=5296695703.1250, style loss=34085234400000000.0000, tv loss=39057704.0000
L-BFGS | iteration: 024, total loss=30710695498612736.0000, content_loss=5384541796.8750, style loss=30710688000000000.0000, tv loss=39620164.0000
L-BFGS | iteration: 025, total loss=27594492714418176.0000, content_loss=5486716015.6250, style loss=27594487200000000.0000, tv loss=40121504.0000
L-BFGS | iteration: 026, total loss=24842047890391040.0000, content_loss=5575028515.6250, style loss=24842042400000000.0000, tv loss=40536636.0000
L-BFGS | iteration: 027, total loss=22458160652484608.0000, content_loss=5668609765.6250, style loss=22458153600000000.0000, tv loss=41182072.0000
L-BFGS | iteration: 028, total loss=20463960092311552.0000, content_loss=5643623437.5000, style loss=20463952800000000.0000, tv loss=41376172.0000
L-BFGS | iteration: 029, total loss=18791231391793152.0000, content_loss=5771736718.7500, style loss=18791224800000000.0000, tv loss=42235408.0000
L-BFGS | iteration: 030, total loss=17453754953498624.0000, content_loss=5631233203.1250, style loss=17453749200000000.0000, tv loss=41925816.0000
L-BFGS | iteration: 031, total loss=15840632882855936.0000, content_loss=5803796484.3750, style loss=15840627600000000.0000, tv loss=42703988.0000
L-BFGS | iteration: 032, total loss=15018273347207168.0000, content_loss=5800550390.6250, style loss=15018267600000000.0000, tv loss=42707356.0000
L-BFGS | iteration: 033, total loss=14222248403533824.0000, content_loss=5879941796.8750, style loss=14222242800000000.0000, tv loss=43355040.0000
L-BFGS | iteration: 034, total loss=12690471939735552.0000, content_loss=5886911718.7500, style loss=12690466800000000.0000, tv loss=43195548.0000
L-BFGS | iteration: 035, total loss=12251442530222080.0000, content_loss=5903257421.8750, style loss=12251437200000000.0000, tv loss=43305464.0000
L-BFGS | iteration: 036, total loss=11975137620393984.0000, content_loss=5948990625.0000, style loss=11975131200000000.0000, tv loss=43704952.0000
L-BFGS | iteration: 037, total loss=11723587828318208.0000, content_loss=5936160546.8750, style loss=11723581200000000.0000, tv loss=43536876.0000
L-BFGS | iteration: 038, total loss=10943971807199232.0000, content_loss=5999353515.6250, style loss=10943965200000000.0000, tv loss=43832588.0000
L-BFGS | iteration: 039, total loss=10075278164361216.0000, content_loss=6049423046.8750, style loss=10075272000000000.0000, tv loss=43863416.0000
L-BFGS | iteration: 040, total loss=9653508080926720.0000, content_loss=6023932812.5000, style loss=9653502000000000.0000, tv loss=43831144.0000
L-BFGS | iteration: 041, total loss=9213561695895552.0000, content_loss=6056746875.0000, style loss=9213555000000000.0000, tv loss=44342924.0000
L-BFGS | iteration: 042, total loss=8526601004253184.0000, content_loss=6055876953.1250, style loss=8526595200000000.0000, tv loss=44101904.0000
L-BFGS | iteration: 043, total loss=8332917843427328.0000, content_loss=6074617578.1250, style loss=8332912200000000.0000, tv loss=44156560.0000
L-BFGS | iteration: 044, total loss=8111364102946816.0000, content_loss=6117883203.1250, style loss=8111358000000000.0000, tv loss=44405560.0000
L-BFGS | iteration: 045, total loss=7706472167243776.0000, content_loss=6160746093.7500, style loss=7706466000000000.0000, tv loss=44418172.0000
L-BFGS | iteration: 046, total loss=7125153175568384.0000, content_loss=6202065234.3750, style loss=7125147000000000.0000, tv loss=44642212.0000
L-BFGS | iteration: 047, total loss=6563692502056960.0000, content_loss=6188037109.3750, style loss=6563686200000000.0000, tv loss=44405584.0000
L-BFGS | iteration: 048, total loss=6218459809579008.0000, content_loss=6286785156.2500, style loss=6218453400000000.0000, tv loss=44889328.0000
L-BFGS | iteration: 049, total loss=7006756496474112.0000, content_loss=6280736328.1250, style loss=7006750200000000.0000, tv loss=45240988.0000
L-BFGS | iteration: 050, total loss=6100492627214336.0000, content_loss=6288298046.8750, style loss=6100486200000000.0000, tv loss=44985012.0000
L-BFGS | iteration: 051, total loss=5997056392953856.0000, content_loss=6243699218.7500, style loss=5997049800000000.0000, tv loss=44632960.0000
L-BFGS | iteration: 052, total loss=5840357732384768.0000, content_loss=6227363671.8750, style loss=5840351400000000.0000, tv loss=44623864.0000
L-BFGS | iteration: 053, total loss=5541163868094464.0000, content_loss=6266469140.6250, style loss=5541157200000000.0000, tv loss=44677504.0000
L-BFGS | iteration: 054, total loss=5187930188414976.0000, content_loss=6310709765.6250, style loss=5187924000000000.0000, tv loss=44667968.0000
L-BFGS | iteration: 055, total loss=4928276866793472.0000, content_loss=6358352343.7500, style loss=4928270400000000.0000, tv loss=44652700.0000
L-BFGS | iteration: 056, total loss=5312688787816448.0000, content_loss=6347541015.6250, style loss=5312682600000000.0000, tv loss=44812408.0000
L-BFGS | iteration: 057, total loss=4722813684416512.0000, content_loss=6360467187.5000, style loss=4722807300000000.0000, tv loss=44701348.0000
L-BFGS | iteration: 058, total loss=4634207972229120.0000, content_loss=6353944140.6250, style loss=4634201400000000.0000, tv loss=44691552.0000
L-BFGS | iteration: 059, total loss=4438091175559168.0000, content_loss=6343780859.3750, style loss=4438084800000000.0000, tv loss=44869260.0000
L-BFGS | iteration: 060, total loss=4254988935102464.0000, content_loss=6370907812.5000, style loss=4254982500000000.0000, tv loss=44945720.0000
L-BFGS | iteration: 061, total loss=4148716680249344.0000, content_loss=6400157812.5000, style loss=4148710200000000.0000, tv loss=45059128.0000
L-BFGS | iteration: 062, total loss=4053335925587968.0000, content_loss=6426452343.7500, style loss=4053329400000000.0000, tv loss=45057320.0000
L-BFGS | iteration: 063, total loss=3929626640384000.0000, content_loss=6444596484.3750, style loss=3929620200000000.0000, tv loss=45010404.0000
L-BFGS | iteration: 064, total loss=3749588859092992.0000, content_loss=6435234375.0000, style loss=3749582400000000.0000, tv loss=44964460.0000
L-BFGS | iteration: 065, total loss=3528687685206016.0000, content_loss=6454271875.0000, style loss=3528681300000000.0000, tv loss=44900264.0000
L-BFGS | iteration: 066, total loss=4554176625377280.0000, content_loss=6410721093.7500, style loss=4554170400000000.0000, tv loss=45432436.0000
L-BFGS | iteration: 067, total loss=3461558420111360.0000, content_loss=6450485546.8750, style loss=3461552100000000.0000, tv loss=45007624.0000
L-BFGS | iteration: 068, total loss=3343679016140800.0000, content_loss=6466361328.1250, style loss=3343672500000000.0000, tv loss=45182024.0000
L-BFGS | iteration: 069, total loss=3210151435698176.0000, content_loss=6465053125.0000, style loss=3210144900000000.0000, tv loss=45042892.0000
L-BFGS | iteration: 070, total loss=3071732961247232.0000, content_loss=6490676171.8750, style loss=3071726400000000.0000, tv loss=45231712.0000
L-BFGS | iteration: 071, total loss=3054466387410944.0000, content_loss=6469324609.3750, style loss=3054459900000000.0000, tv loss=45323244.0000
L-BFGS | iteration: 072, total loss=3013758150508544.0000, content_loss=6479129296.8750, style loss=3013751700000000.0000, tv loss=45280600.0000
L-BFGS | iteration: 073, total loss=2964369516265472.0000, content_loss=6476732031.2500, style loss=2964363000000000.0000, tv loss=45129272.0000
L-BFGS | iteration: 074, total loss=2859425480048640.0000, content_loss=6487819531.2500, style loss=2859419100000000.0000, tv loss=45015872.0000
L-BFGS | iteration: 075, total loss=2751319811031040.0000, content_loss=6514376171.8750, style loss=2751313500000000.0000, tv loss=44991728.0000
L-BFGS | iteration: 076, total loss=2736751281963008.0000, content_loss=6500169921.8750, style loss=2736744900000000.0000, tv loss=45179400.0000
L-BFGS | iteration: 077, total loss=2695581067640832.0000, content_loss=6507653125.0000, style loss=2695574700000000.0000, tv loss=45094360.0000
L-BFGS | iteration: 078, total loss=2604237850673152.0000, content_loss=6514433203.1250, style loss=2604231300000000.0000, tv loss=45241796.0000
L-BFGS | iteration: 079, total loss=2496354983084032.0000, content_loss=6542964453.1250, style loss=2496348450000000.0000, tv loss=45378060.0000
L-BFGS | iteration: 080, total loss=2402306473590784.0000, content_loss=6502212890.6250, style loss=2402299950000000.0000, tv loss=45388976.0000
L-BFGS | iteration: 081, total loss=2274704068968448.0000, content_loss=6522353906.2500, style loss=2274697650000000.0000, tv loss=45372688.0000
L-BFGS | iteration: 082, total loss=2240139245912064.0000, content_loss=6567016406.2500, style loss=2240132700000000.0000, tv loss=45415204.0000
L-BFGS | iteration: 083, total loss=2164614661931008.0000, content_loss=6647130468.7500, style loss=2164608000000000.0000, tv loss=45320816.0000
L-BFGS | iteration: 084, total loss=2089760092848128.0000, content_loss=6599947656.2500, style loss=2089753500000000.0000, tv loss=45479396.0000
L-BFGS | iteration: 085, total loss=2065080137023488.0000, content_loss=6569402343.7500, style loss=2065073550000000.0000, tv loss=45570408.0000
L-BFGS | iteration: 086, total loss=2028179657064448.0000, content_loss=6558714843.7500, style loss=2028173100000000.0000, tv loss=45648248.0000
L-BFGS | iteration: 087, total loss=1987832868503552.0000, content_loss=6575301562.5000, style loss=1987826250000000.0000, tv loss=45584536.0000
L-BFGS | iteration: 088, total loss=1917692562898944.0000, content_loss=6597311718.7500, style loss=1917685950000000.0000, tv loss=45581320.0000
L-BFGS | iteration: 089, total loss=1848297568337920.0000, content_loss=6601988281.2500, style loss=1848291000000000.0000, tv loss=45549048.0000
L-BFGS | iteration: 090, total loss=1888233382215680.0000, content_loss=6557888281.2500, style loss=1888226850000000.0000, tv loss=45699104.0000
L-BFGS | iteration: 091, total loss=1828467972767744.0000, content_loss=6585467968.7500, style loss=1828461450000000.0000, tv loss=45604864.0000
L-BFGS | iteration: 092, total loss=1797648898064384.0000, content_loss=6582954687.5000, style loss=1797642300000000.0000, tv loss=45701720.0000
L-BFGS | iteration: 093, total loss=1739787635523584.0000, content_loss=6586502343.7500, style loss=1739781000000000.0000, tv loss=45735124.0000
L-BFGS | iteration: 094, total loss=1667146853646336.0000, content_loss=6646899218.7500, style loss=1667140200000000.0000, tv loss=45879696.0000
L-BFGS | iteration: 095, total loss=1613477076533248.0000, content_loss=6645895312.5000, style loss=1613470350000000.0000, tv loss=45751884.0000
L-BFGS | iteration: 096, total loss=1759738429702144.0000, content_loss=6600939062.5000, style loss=1759731900000000.0000, tv loss=45769664.0000
L-BFGS | iteration: 097, total loss=1595921263493120.0000, content_loss=6634910937.5000, style loss=1595914650000000.0000, tv loss=45750680.0000
L-BFGS | iteration: 098, total loss=1582245550751744.0000, content_loss=6648599218.7500, style loss=1582238850000000.0000, tv loss=45807052.0000
L-BFGS | iteration: 099, total loss=1549891696328704.0000, content_loss=6664098437.5000, style loss=1549885050000000.0000, tv loss=45921768.0000
L-BFGS | iteration: 100, total loss=1511055125643264.0000, content_loss=6662925000.0000, style loss=1511048400000000.0000, tv loss=45973144.0000
L-BFGS | iteration: 101, total loss=1452669608656896.0000, content_loss=6660687500.0000, style loss=1452662850000000.0000, tv loss=46021256.0000
L-BFGS | iteration: 102, total loss=1393321213689856.0000, content_loss=6637696093.7500, style loss=1393314600000000.0000, tv loss=46124704.0000
L-BFGS | iteration: 103, total loss=1343653809225728.0000, content_loss=6680139843.7500, style loss=1343647050000000.0000, tv loss=46051672.0000
L-BFGS | iteration: 104, total loss=1399624749285376.0000, content_loss=6647640625.0000, style loss=1399618050000000.0000, tv loss=46238040.0000
L-BFGS | iteration: 105, total loss=1330719649431552.0000, content_loss=6671119531.2500, style loss=1330713000000000.0000, tv loss=46111624.0000
L-BFGS | iteration: 106, total loss=1309037312344064.0000, content_loss=6663579687.5000, style loss=1309030650000000.0000, tv loss=46207008.0000
L-BFGS | iteration: 107, total loss=1291926967943168.0000, content_loss=6670306250.0000, style loss=1291920300000000.0000, tv loss=46241220.0000
L-BFGS | iteration: 108, total loss=1263867543945216.0000, content_loss=6684449218.7500, style loss=1263860850000000.0000, tv loss=46329176.0000
L-BFGS | iteration: 109, total loss=1231079763607552.0000, content_loss=6714101562.5000, style loss=1231073025000000.0000, tv loss=46260816.0000
L-BFGS | iteration: 110, total loss=1220204772196352.0000, content_loss=6708116406.2500, style loss=1220198025000000.0000, tv loss=46271920.0000
L-BFGS | iteration: 111, total loss=1202898469912576.0000, content_loss=6690514062.5000, style loss=1202891775000000.0000, tv loss=46298384.0000
L-BFGS | iteration: 112, total loss=1182412549652480.0000, content_loss=6683982812.5000, style loss=1182405825000000.0000, tv loss=46329564.0000
L-BFGS | iteration: 113, total loss=1155395460530176.0000, content_loss=6696277343.7500, style loss=1155388800000000.0000, tv loss=46404788.0000
L-BFGS | iteration: 114, total loss=1117893148278784.0000, content_loss=6693329687.5000, style loss=1117886400000000.0000, tv loss=46500084.0000
L-BFGS | iteration: 115, total loss=1076369337352192.0000, content_loss=6731848437.5000, style loss=1076362575000000.0000, tv loss=46591360.0000
L-BFGS | iteration: 116, total loss=1112468470366208.0000, content_loss=6697698437.5000, style loss=1112461725000000.0000, tv loss=46766576.0000
L-BFGS | iteration: 117, total loss=1066387363594240.0000, content_loss=6720974218.7500, style loss=1066380600000000.0000, tv loss=46650816.0000
L-BFGS | iteration: 118, total loss=1052672526385152.0000, content_loss=6709593750.0000, style loss=1052665725000000.0000, tv loss=46647316.0000
L-BFGS | iteration: 119, total loss=1039568178511872.0000, content_loss=6722275000.0000, style loss=1039561425000000.0000, tv loss=46684880.0000
L-BFGS | iteration: 120, total loss=1024040059797504.0000, content_loss=6751914062.5000, style loss=1024033200000000.0000, tv loss=46716912.0000
L-BFGS | iteration: 121, total loss=1013466588512256.0000, content_loss=6752914843.7500, style loss=1013459775000000.0000, tv loss=46728448.0000
L-BFGS | iteration: 122, total loss=986269916069888.0000, content_loss=6736994531.2500, style loss=986263125000000.0000, tv loss=46802012.0000
L-BFGS | iteration: 123, total loss=986972210331648.0000, content_loss=6755168750.0000, style loss=986965350000000.0000, tv loss=46807484.0000
L-BFGS | iteration: 124, total loss=976166408159232.0000, content_loss=6745187500.0000, style loss=976159575000000.0000, tv loss=46803728.0000
L-BFGS | iteration: 125, total loss=966054444531712.0000, content_loss=6742315625.0000, style loss=966047700000000.0000, tv loss=46861956.0000
L-BFGS | iteration: 126, total loss=958924194840576.0000, content_loss=6739678125.0000, style loss=958917450000000.0000, tv loss=46928560.0000
L-BFGS | iteration: 127, total loss=942479167717376.0000, content_loss=6751336718.7500, style loss=942472350000000.0000, tv loss=46903200.0000
L-BFGS | iteration: 128, total loss=927635425198080.0000, content_loss=6756316406.2500, style loss=927628575000000.0000, tv loss=46928208.0000
L-BFGS | iteration: 129, total loss=900321245134848.0000, content_loss=6751650000.0000, style loss=900314400000000.0000, tv loss=47001008.0000
L-BFGS | iteration: 130, total loss=878650316554240.0000, content_loss=6773464062.5000, style loss=878643450000000.0000, tv loss=47051480.0000
L-BFGS | iteration: 131, total loss=861867463409664.0000, content_loss=6757807031.2500, style loss=861860625000000.0000, tv loss=47123132.0000
L-BFGS | iteration: 132, total loss=848053036646400.0000, content_loss=6747725781.2500, style loss=848046225000000.0000, tv loss=47160312.0000
L-BFGS | iteration: 133, total loss=847811511844864.0000, content_loss=6753312500.0000, style loss=847804650000000.0000, tv loss=47266432.0000
L-BFGS | iteration: 134, total loss=841824394543104.0000, content_loss=6751299218.7500, style loss=841817550000000.0000, tv loss=47215592.0000
L-BFGS | iteration: 135, total loss=830461991452672.0000, content_loss=6783802343.7500, style loss=830455125000000.0000, tv loss=47239136.0000
L-BFGS | iteration: 136, total loss=820292448419840.0000, content_loss=6780673437.5000, style loss=820285575000000.0000, tv loss=47229752.0000
L-BFGS | iteration: 137, total loss=806213210079232.0000, content_loss=6779051562.5000, style loss=806206350000000.0000, tv loss=47260040.0000
L-BFGS | iteration: 138, total loss=787303140163584.0000, content_loss=6788163281.2500, style loss=787296300000000.0000, tv loss=47293248.0000
L-BFGS | iteration: 139, total loss=770177696268288.0000, content_loss=6792964843.7500, style loss=770170875000000.0000, tv loss=47573328.0000
L-BFGS | iteration: 140, total loss=755225908477952.0000, content_loss=6816063281.2500, style loss=755219025000000.0000, tv loss=47342472.0000
L-BFGS | iteration: 141, total loss=740798240915456.0000, content_loss=6811135937.5000, style loss=740791425000000.0000, tv loss=47480196.0000
L-BFGS | iteration: 142, total loss=755275837472768.0000, content_loss=6821822656.2500, style loss=755268900000000.0000, tv loss=47732812.0000
L-BFGS | iteration: 143, total loss=734050243313664.0000, content_loss=6815149218.7500, style loss=734043300000000.0000, tv loss=47565204.0000
L-BFGS | iteration: 144, total loss=729196863160320.0000, content_loss=6813010937.5000, style loss=729189975000000.0000, tv loss=47581216.0000
L-BFGS | iteration: 145, total loss=718815457443840.0000, content_loss=6801985156.2500, style loss=718808625000000.0000, tv loss=47612688.0000
L-BFGS | iteration: 146, total loss=710094794784768.0000, content_loss=6805878906.2500, style loss=710087925000000.0000, tv loss=47579200.0000
L-BFGS | iteration: 147, total loss=704025737560064.0000, content_loss=6808139062.5000, style loss=704018925000000.0000, tv loss=47602728.0000
L-BFGS | iteration: 148, total loss=692463551381504.0000, content_loss=6820658593.7500, style loss=692456625000000.0000, tv loss=47724292.0000
L-BFGS | iteration: 149, total loss=680370936741888.0000, content_loss=6837103125.0000, style loss=680364000000000.0000, tv loss=47723168.0000
L-BFGS | iteration: 150, total loss=674906933035008.0000, content_loss=6835533593.7500, style loss=674900025000000.0000, tv loss=47734228.0000
L-BFGS | iteration: 151, total loss=670218909122560.0000, content_loss=6830772656.2500, style loss=670212000000000.0000, tv loss=47772524.0000
L-BFGS | iteration: 152, total loss=663122952060928.0000, content_loss=6832071093.7500, style loss=663116025000000.0000, tv loss=47756148.0000
L-BFGS | iteration: 153, total loss=654839033888768.0000, content_loss=6837179687.5000, style loss=654832125000000.0000, tv loss=47816792.0000
L-BFGS | iteration: 154, total loss=640154003832832.0000, content_loss=6843996093.7500, style loss=640147125000000.0000, tv loss=47947416.0000
L-BFGS | iteration: 155, total loss=628050450448384.0000, content_loss=6851777343.7500, style loss=628043512500000.0000, tv loss=48055520.0000
L-BFGS | iteration: 156, total loss=642432551092224.0000, content_loss=6831420312.5000, style loss=642425625000000.0000, tv loss=48168820.0000
L-BFGS | iteration: 157, total loss=623985331011584.0000, content_loss=6845525781.2500, style loss=623978400000000.0000, tv loss=48096148.0000
L-BFGS | iteration: 158, total loss=617551470002176.0000, content_loss=6839989062.5000, style loss=617544562500000.0000, tv loss=48048160.0000
L-BFGS | iteration: 159, total loss=608604583362560.0000, content_loss=6850239843.7500, style loss=608597662500000.0000, tv loss=48043444.0000
L-BFGS | iteration: 160, total loss=597906558025728.0000, content_loss=6849929687.5000, style loss=597899662500000.0000, tv loss=48094176.0000
L-BFGS | iteration: 161, total loss=590562700820480.0000, content_loss=6868407812.5000, style loss=590555812500000.0000, tv loss=48121928.0000
L-BFGS | iteration: 162, total loss=587691179638784.0000, content_loss=6882850781.2500, style loss=587684212500000.0000, tv loss=48104012.0000
L-BFGS | iteration: 163, total loss=579143657848832.0000, content_loss=6865978906.2500, style loss=579136762500000.0000, tv loss=48212736.0000
L-BFGS | iteration: 164, total loss=575651379675136.0000, content_loss=6862021875.0000, style loss=575644462500000.0000, tv loss=48220252.0000
L-BFGS | iteration: 165, total loss=568011572379648.0000, content_loss=6860058593.7500, style loss=568004662500000.0000, tv loss=48248084.0000
L-BFGS | iteration: 166, total loss=560237379584000.0000, content_loss=6871515625.0000, style loss=560230462500000.0000, tv loss=48264380.0000
L-BFGS | iteration: 167, total loss=560000216858624.0000, content_loss=6876047656.2500, style loss=559993312500000.0000, tv loss=48368968.0000
L-BFGS | iteration: 168, total loss=556416905510912.0000, content_loss=6874975781.2500, style loss=556410000000000.0000, tv loss=48320664.0000
L-BFGS | iteration: 169, total loss=552090296385536.0000, content_loss=6882775781.2500, style loss=552083400000000.0000, tv loss=48350500.0000
L-BFGS | iteration: 170, total loss=545873800986624.0000, content_loss=6887819531.2500, style loss=545866875000000.0000, tv loss=48402376.0000
L-BFGS | iteration: 171, total loss=536789005631488.0000, content_loss=6891003906.2500, style loss=536782087500000.0000, tv loss=48491116.0000
L-BFGS | iteration: 172, total loss=528046666809344.0000, content_loss=6903239062.5000, style loss=528039712500000.0000, tv loss=48541120.0000
L-BFGS | iteration: 173, total loss=534028448956416.0000, content_loss=6896361718.7500, style loss=534021487500000.0000, tv loss=48659704.0000
L-BFGS | iteration: 174, total loss=525065825288192.0000, content_loss=6901520312.5000, style loss=525058875000000.0000, tv loss=48588884.0000
L-BFGS | iteration: 175, total loss=521409331724288.0000, content_loss=6903073437.5000, style loss=521402400000000.0000, tv loss=48592224.0000
L-BFGS | iteration: 176, total loss=513708623134720.0000, content_loss=6900181250.0000, style loss=513701662500000.0000, tv loss=48641104.0000
L-BFGS | iteration: 177, total loss=504463538257920.0000, content_loss=6899561718.7500, style loss=504456600000000.0000, tv loss=48643052.0000
L-BFGS | iteration: 178, total loss=498141614833664.0000, content_loss=6887594531.2500, style loss=498134700000000.0000, tv loss=48785132.0000
L-BFGS | iteration: 179, total loss=494292485275648.0000, content_loss=6896624218.7500, style loss=494285550000000.0000, tv loss=48779228.0000
L-BFGS | iteration: 180, total loss=488724395720704.0000, content_loss=6895737500.0000, style loss=488717437500000.0000, tv loss=48783840.0000
L-BFGS | iteration: 181, total loss=486453901524992.0000, content_loss=6900496093.7500, style loss=486446962500000.0000, tv loss=48797880.0000
L-BFGS | iteration: 182, total loss=483469972996096.0000, content_loss=6907346093.7500, style loss=483463012500000.0000, tv loss=48816116.0000
L-BFGS | iteration: 183, total loss=477726662197248.0000, content_loss=6913810937.5000, style loss=477719700000000.0000, tv loss=48874488.0000
L-BFGS | iteration: 184, total loss=469723963719680.0000, content_loss=6930378125.0000, style loss=469716975000000.0000, tv loss=48932760.0000
L-BFGS | iteration: 185, total loss=477361522868224.0000, content_loss=6913809375.0000, style loss=477354562500000.0000, tv loss=49036248.0000
L-BFGS | iteration: 186, total loss=467290462093312.0000, content_loss=6925326562.5000, style loss=467283525000000.0000, tv loss=48970256.0000
L-BFGS | iteration: 187, total loss=462402923528192.0000, content_loss=6920802343.7500, style loss=462395962500000.0000, tv loss=48953704.0000
L-BFGS | iteration: 188, total loss=456820070023168.0000, content_loss=6928144531.2500, style loss=456813112500000.0000, tv loss=48995536.0000
L-BFGS | iteration: 189, total loss=450010634256384.0000, content_loss=6926041406.2500, style loss=450003675000000.0000, tv loss=49034008.0000
L-BFGS | iteration: 190, total loss=440623144370176.0000, content_loss=6942589062.5000, style loss=440616150000000.0000, tv loss=49120080.0000
L-BFGS | iteration: 191, total loss=455608788582400.0000, content_loss=6934850000.0000, style loss=455601825000000.0000, tv loss=49285288.0000
L-BFGS | iteration: 192, total loss=438915727097856.0000, content_loss=6941525781.2500, style loss=438908737500000.0000, tv loss=49167188.0000
L-BFGS | iteration: 193, total loss=434556335292416.0000, content_loss=6944039843.7500, style loss=434549362500000.0000, tv loss=49207808.0000
L-BFGS | iteration: 194, total loss=429761708949504.0000, content_loss=6946284375.0000, style loss=429754725000000.0000, tv loss=49243252.0000
L-BFGS | iteration: 195, total loss=426007236444160.0000, content_loss=6950135937.5000, style loss=426000262500000.0000, tv loss=49301496.0000
L-BFGS | iteration: 196, total loss=421791860260864.0000, content_loss=6958649218.7500, style loss=421784887500000.0000, tv loss=49307144.0000
L-BFGS | iteration: 197, total loss=419835334885376.0000, content_loss=6953603906.2500, style loss=419828362500000.0000, tv loss=49341080.0000
L-BFGS | iteration: 198, total loss=416333158154240.0000, content_loss=6946159375.0000, style loss=416326162500000.0000, tv loss=49365712.0000
L-BFGS | iteration: 199, total loss=412239215460352.0000, content_loss=6950989062.5000, style loss=412232250000000.0000, tv loss=49386152.0000
L-BFGS | iteration: 200, total loss=407596389367808.0000, content_loss=6957512500.0000, style loss=407589412500000.0000, tv loss=49410536.0000
L-BFGS | iteration: 201, total loss=404507703902208.0000, content_loss=6957696875.0000, style loss=404500725000000.0000, tv loss=49465888.0000
L-BFGS | iteration: 202, total loss=399909236768768.0000, content_loss=6963153125.0000, style loss=399902212500000.0000, tv loss=49497516.0000
L-BFGS | iteration: 203, total loss=396993759281152.0000, content_loss=6960067968.7500, style loss=396986775000000.0000, tv loss=49527744.0000
L-BFGS | iteration: 204, total loss=389833881026560.0000, content_loss=6956759375.0000, style loss=389826900000000.0000, tv loss=49609212.0000
L-BFGS | iteration: 205, total loss=388992335872000.0000, content_loss=6961886718.7500, style loss=388985362500000.0000, tv loss=49621056.0000
L-BFGS | iteration: 206, total loss=388126832852992.0000, content_loss=6950972656.2500, style loss=388119862500000.0000, tv loss=49733952.0000
L-BFGS | iteration: 207, total loss=384764108341248.0000, content_loss=6956421875.0000, style loss=384757125000000.0000, tv loss=49686112.0000
L-BFGS | iteration: 208, total loss=382599813922816.0000, content_loss=6963416406.2500, style loss=382592812500000.0000, tv loss=49692220.0000
L-BFGS | iteration: 209, total loss=379569378951168.0000, content_loss=6971567187.5000, style loss=379562362500000.0000, tv loss=49696964.0000
L-BFGS | iteration: 210, total loss=376810801987584.0000, content_loss=6976391406.2500, style loss=376803787500000.0000, tv loss=49726032.0000
L-BFGS | iteration: 211, total loss=373953541439488.0000, content_loss=6968190625.0000, style loss=373946512500000.0000, tv loss=49812744.0000
L-BFGS | iteration: 212, total loss=370052536729600.0000, content_loss=6974542187.5000, style loss=370045537500000.0000, tv loss=49768332.0000
L-BFGS | iteration: 213, total loss=367469415890944.0000, content_loss=6974421875.0000, style loss=367462387500000.0000, tv loss=49827264.0000
L-BFGS | iteration: 214, total loss=365191137067008.0000, content_loss=6971533593.7500, style loss=365184112500000.0000, tv loss=49870480.0000
L-BFGS | iteration: 215, total loss=363004696723456.0000, content_loss=6974801562.5000, style loss=362997675000000.0000, tv loss=49880440.0000
L-BFGS | iteration: 216, total loss=359160399003648.0000, content_loss=6978963281.2500, style loss=359153400000000.0000, tv loss=49927884.0000
L-BFGS | iteration: 217, total loss=353437086646272.0000, content_loss=6982671875.0000, style loss=353430075000000.0000, tv loss=49997336.0000
L-BFGS | iteration: 218, total loss=349774284849152.0000, content_loss=6977673437.5000, style loss=349767262500000.0000, tv loss=50049064.0000
L-BFGS | iteration: 219, total loss=349598191190016.0000, content_loss=6992775781.2500, style loss=349591162500000.0000, tv loss=50002824.0000
L-BFGS | iteration: 220, total loss=346167586062336.0000, content_loss=6994095312.5000, style loss=346160587500000.0000, tv loss=50047348.0000
L-BFGS | iteration: 221, total loss=345260911755264.0000, content_loss=6993671875.0000, style loss=345253912500000.0000, tv loss=50083656.0000
L-BFGS | iteration: 222, total loss=344185022447616.0000, content_loss=6994829687.5000, style loss=344178000000000.0000, tv loss=50088864.0000
L-BFGS | iteration: 223, total loss=340979064242176.0000, content_loss=6996582031.2500, style loss=340972012500000.0000, tv loss=50127864.0000
L-BFGS | iteration: 224, total loss=336592459792384.0000, content_loss=7001603125.0000, style loss=336585412500000.0000, tv loss=50181908.0000
L-BFGS | iteration: 225, total loss=333659735326720.0000, content_loss=6996315625.0000, style loss=333652687500000.0000, tv loss=50249192.0000
L-BFGS | iteration: 226, total loss=331458866577408.0000, content_loss=6996526562.5000, style loss=331451812500000.0000, tv loss=50237740.0000
L-BFGS | iteration: 227, total loss=329239979098112.0000, content_loss=6999862500.0000, style loss=329232937500000.0000, tv loss=50276064.0000
L-BFGS | iteration: 228, total loss=327818512695296.0000, content_loss=7002595312.5000, style loss=327811462500000.0000, tv loss=50294048.0000
L-BFGS | iteration: 229, total loss=325952248741888.0000, content_loss=7003448437.5000, style loss=325945200000000.0000, tv loss=50323560.0000
L-BFGS | iteration: 230, total loss=322028997443584.0000, content_loss=7009187500.0000, style loss=322021912500000.0000, tv loss=50378160.0000
L-BFGS | iteration: 231, total loss=318134099640320.0000, content_loss=7004018750.0000, style loss=318127012500000.0000, tv loss=50453960.0000
L-BFGS | iteration: 232, total loss=314528977911808.0000, content_loss=7020900000.0000, style loss=314521893750000.0000, tv loss=50444560.0000
L-BFGS | iteration: 233, total loss=321519641165824.0000, content_loss=7012822656.2500, style loss=321512550000000.0000, tv loss=50549032.0000
L-BFGS | iteration: 234, total loss=313428929413120.0000, content_loss=7019340625.0000, style loss=313421850000000.0000, tv loss=50476200.0000
L-BFGS | iteration: 235, total loss=312018099765248.0000, content_loss=7016754687.5000, style loss=312011006250000.0000, tv loss=50517592.0000
L-BFGS | iteration: 236, total loss=310846009901056.0000, content_loss=7015996875.0000, style loss=310838943750000.0000, tv loss=50535488.0000
L-BFGS | iteration: 237, total loss=308740234412032.0000, content_loss=7016259375.0000, style loss=308733150000000.0000, tv loss=50581104.0000
L-BFGS | iteration: 238, total loss=305870458060800.0000, content_loss=7019728125.0000, style loss=305863387500000.0000, tv loss=50604832.0000
L-BFGS | iteration: 239, total loss=306144027344896.0000, content_loss=7017827343.7500, style loss=306136950000000.0000, tv loss=50671656.0000
L-BFGS | iteration: 240, total loss=304502980739072.0000, content_loss=7019535156.2500, style loss=304495893750000.0000, tv loss=50638984.0000
L-BFGS | iteration: 241, total loss=302278221234176.0000, content_loss=7023973437.5000, style loss=302271131250000.0000, tv loss=50634616.0000
L-BFGS | iteration: 242, total loss=300179894829056.0000, content_loss=7024602343.7500, style loss=300172800000000.0000, tv loss=50655192.0000
L-BFGS | iteration: 243, total loss=296752678699008.0000, content_loss=7030758593.7500, style loss=296745581250000.0000, tv loss=50737752.0000
L-BFGS | iteration: 244, total loss=294579593019392.0000, content_loss=7032592968.7500, style loss=294572493750000.0000, tv loss=50745720.0000
L-BFGS | iteration: 245, total loss=295153474469888.0000, content_loss=7028268750.0000, style loss=295146393750000.0000, tv loss=50812244.0000
L-BFGS | iteration: 246, total loss=293530916356096.0000, content_loss=7030995312.5000, style loss=293523787500000.0000, tv loss=50777408.0000
L-BFGS | iteration: 247, total loss=291969393754112.0000, content_loss=7036743750.0000, style loss=291962287500000.0000, tv loss=50801048.0000
L-BFGS | iteration: 248, total loss=290427802484736.0000, content_loss=7037049218.7500, style loss=290420681250000.0000, tv loss=50805056.0000
L-BFGS | iteration: 249, total loss=288173515079680.0000, content_loss=7038470312.5000, style loss=288166406250000.0000, tv loss=50847396.0000
L-BFGS | iteration: 250, total loss=284627986022400.0000, content_loss=7038307812.5000, style loss=284620856250000.0000, tv loss=50885460.0000
L-BFGS | iteration: 251, total loss=281884407889920.0000, content_loss=7040850781.2500, style loss=281877300000000.0000, tv loss=50944620.0000
L-BFGS | iteration: 252, total loss=284892361392128.0000, content_loss=7033357812.5000, style loss=284885250000000.0000, tv loss=51063292.0000
L-BFGS | iteration: 253, total loss=280947383599104.0000, content_loss=7038722656.2500, style loss=280940287500000.0000, tv loss=50989184.0000
L-BFGS | iteration: 254, total loss=279649531723776.0000, content_loss=7042872656.2500, style loss=279642431250000.0000, tv loss=50985168.0000
L-BFGS | iteration: 255, total loss=277772748455936.0000, content_loss=7050227343.7500, style loss=277765650000000.0000, tv loss=51004120.0000
L-BFGS | iteration: 256, total loss=275372281167872.0000, content_loss=7052241406.2500, style loss=275365181250000.0000, tv loss=51042248.0000
L-BFGS | iteration: 257, total loss=271861212512256.0000, content_loss=7059296875.0000, style loss=271854093750000.0000, tv loss=51168188.0000
L-BFGS | iteration: 258, total loss=270535409795072.0000, content_loss=7064539843.7500, style loss=270528300000000.0000, tv loss=51153012.0000
L-BFGS | iteration: 259, total loss=269564864626688.0000, content_loss=7055834375.0000, style loss=269557743750000.0000, tv loss=51198784.0000
L-BFGS | iteration: 260, total loss=268274461835264.0000, content_loss=7058742968.7500, style loss=268267350000000.0000, tv loss=51184476.0000
L-BFGS | iteration: 261, total loss=267531868700672.0000, content_loss=7058703125.0000, style loss=267524756250000.0000, tv loss=51194156.0000
L-BFGS | iteration: 262, total loss=265645757300736.0000, content_loss=7060010156.2500, style loss=265638637500000.0000, tv loss=51224636.0000
L-BFGS | iteration: 263, total loss=264041587015680.0000, content_loss=7061668750.0000, style loss=264034481250000.0000, tv loss=51246960.0000
L-BFGS | iteration: 264, total loss=261385250406400.0000, content_loss=7063285937.5000, style loss=261378131250000.0000, tv loss=51313160.0000
L-BFGS | iteration: 265, total loss=258969666846720.0000, content_loss=7065105468.7500, style loss=258962550000000.0000, tv loss=51325920.0000
L-BFGS | iteration: 266, total loss=258406120161280.0000, content_loss=7064952343.7500, style loss=258399000000000.0000, tv loss=51378476.0000
L-BFGS | iteration: 267, total loss=257319912865792.0000, content_loss=7071413281.2500, style loss=257312793750000.0000, tv loss=51385884.0000
L-BFGS | iteration: 268, total loss=256313934217216.0000, content_loss=7071929687.5000, style loss=256306800000000.0000, tv loss=51385960.0000
L-BFGS | iteration: 269, total loss=254062415052800.0000, content_loss=7072595312.5000, style loss=254055281250000.0000, tv loss=51478984.0000
L-BFGS | iteration: 270, total loss=252699031371776.0000, content_loss=7073377343.7500, style loss=252691893750000.0000, tv loss=51451716.0000
L-BFGS | iteration: 271, total loss=252006384009216.0000, content_loss=7074960156.2500, style loss=251999250000000.0000, tv loss=51475640.0000
L-BFGS | iteration: 272, total loss=251098468188160.0000, content_loss=7079437500.0000, style loss=251091337500000.0000, tv loss=51519528.0000
L-BFGS | iteration: 273, total loss=250247007698944.0000, content_loss=7082572656.2500, style loss=250239881250000.0000, tv loss=51526048.0000
L-BFGS | iteration: 274, total loss=248438306373632.0000, content_loss=7083431250.0000, style loss=248431181250000.0000, tv loss=51558120.0000
L-BFGS | iteration: 275, total loss=246238393925632.0000, content_loss=7089282812.5000, style loss=246231243750000.0000, tv loss=51573320.0000
L-BFGS | iteration: 276, total loss=245982323277824.0000, content_loss=7085971093.7500, style loss=245975193750000.0000, tv loss=51649672.0000
L-BFGS | iteration: 277, total loss=245474611167232.0000, content_loss=7087739062.5000, style loss=245467481250000.0000, tv loss=51618052.0000
L-BFGS | iteration: 278, total loss=244101681250304.0000, content_loss=7086507031.2500, style loss=244094550000000.0000, tv loss=51651052.0000
L-BFGS | iteration: 279, total loss=242539386896384.0000, content_loss=7086544531.2500, style loss=242532262500000.0000, tv loss=51657688.0000
L-BFGS | iteration: 280, total loss=240780430016512.0000, content_loss=7082400000.0000, style loss=240773306250000.0000, tv loss=51729976.0000
L-BFGS | iteration: 281, total loss=239575238705152.0000, content_loss=7081859375.0000, style loss=239568112500000.0000, tv loss=51762264.0000
L-BFGS | iteration: 282, total loss=238809627230208.0000, content_loss=7089728906.2500, style loss=238802475000000.0000, tv loss=51753928.0000
L-BFGS | iteration: 283, total loss=237489159667712.0000, content_loss=7086174218.7500, style loss=237482025000000.0000, tv loss=51801160.0000
L-BFGS | iteration: 284, total loss=236709438554112.0000, content_loss=7087592187.5000, style loss=236702306250000.0000, tv loss=51819068.0000
L-BFGS | iteration: 285, total loss=235952517677056.0000, content_loss=7089613281.2500, style loss=235945368750000.0000, tv loss=51842568.0000
L-BFGS | iteration: 286, total loss=234702078214144.0000, content_loss=7094838281.2500, style loss=234694931250000.0000, tv loss=51867880.0000
L-BFGS | iteration: 287, total loss=233748209598464.0000, content_loss=7098754687.5000, style loss=233741062500000.0000, tv loss=51866544.0000
L-BFGS | iteration: 288, total loss=232746240704512.0000, content_loss=7099706250.0000, style loss=232739100000000.0000, tv loss=51896052.0000
L-BFGS | iteration: 289, total loss=230480293134336.0000, content_loss=7099224218.7500, style loss=230473143750000.0000, tv loss=51973688.0000
L-BFGS | iteration: 290, total loss=228913854808064.0000, content_loss=7104160937.5000, style loss=228906712500000.0000, tv loss=51989504.0000
L-BFGS | iteration: 291, total loss=228505514147840.0000, content_loss=7101103125.0000, style loss=228498375000000.0000, tv loss=52060748.0000
L-BFGS | iteration: 292, total loss=227847075528704.0000, content_loss=7102988281.2500, style loss=227839931250000.0000, tv loss=52032660.0000
L-BFGS | iteration: 293, total loss=227130336083968.0000, content_loss=7105235156.2500, style loss=227123175000000.0000, tv loss=52043232.0000
L-BFGS | iteration: 294, total loss=225780776828928.0000, content_loss=7108946875.0000, style loss=225773606250000.0000, tv loss=52062592.0000
L-BFGS | iteration: 295, total loss=224251147714560.0000, content_loss=7109544531.2500, style loss=224243981250000.0000, tv loss=52130996.0000
L-BFGS | iteration: 296, total loss=222760542404608.0000, content_loss=7111139843.7500, style loss=222753375000000.0000, tv loss=52138728.0000
L-BFGS | iteration: 297, total loss=222126028095488.0000, content_loss=7107432812.5000, style loss=222118856250000.0000, tv loss=52167144.0000
L-BFGS | iteration: 298, total loss=221265491132416.0000, content_loss=7108379687.5000, style loss=221258325000000.0000, tv loss=52164420.0000
L-BFGS | iteration: 299, total loss=220382254596096.0000, content_loss=7110652343.7500, style loss=220375087500000.0000, tv loss=52189852.0000
L-BFGS | iteration: 300, total loss=218709549383680.0000, content_loss=7109435937.5000, style loss=218702381250000.0000, tv loss=52213408.0000
L-BFGS | iteration: 301, total loss=216731012300800.0000, content_loss=7121902343.7500, style loss=216723843750000.0000, tv loss=52287732.0000
L-BFGS | iteration: 302, total loss=215059666042880.0000, content_loss=7112909375.0000, style loss=215052506250000.0000, tv loss=52308084.0000
L-BFGS | iteration: 303, total loss=213964365496320.0000, content_loss=7117141406.2500, style loss=213957206250000.0000, tv loss=52327016.0000
L-BFGS | iteration: 304, total loss=213093510545408.0000, content_loss=7125781250.0000, style loss=213086325000000.0000, tv loss=52355912.0000
L-BFGS | iteration: 305, total loss=231407787966464.0000, content_loss=7120657031.2500, style loss=231400631250000.0000, tv loss=52557920.0000
L-BFGS | iteration: 306, total loss=212581285363712.0000, content_loss=7126185156.2500, style loss=212574112500000.0000, tv loss=52396788.0000
L-BFGS | iteration: 307, total loss=212046528380928.0000, content_loss=7126361718.7500, style loss=212039343750000.0000, tv loss=52397640.0000
L-BFGS | iteration: 308, total loss=210284367052800.0000, content_loss=7126787500.0000, style loss=210277181250000.0000, tv loss=52456080.0000
L-BFGS | iteration: 309, total loss=209561436815360.0000, content_loss=7128609375.0000, style loss=209554256250000.0000, tv loss=52446420.0000
L-BFGS | iteration: 310, total loss=208766364549120.0000, content_loss=7129788281.2500, style loss=208759181250000.0000, tv loss=52474428.0000
L-BFGS | iteration: 311, total loss=208608692273152.0000, content_loss=7130063281.2500, style loss=208601512500000.0000, tv loss=52553672.0000
L-BFGS | iteration: 312, total loss=208078834237440.0000, content_loss=7130650000.0000, style loss=208071656250000.0000, tv loss=52519920.0000
L-BFGS | iteration: 313, total loss=207440628940800.0000, content_loss=7132824218.7500, style loss=207433443750000.0000, tv loss=52529664.0000
L-BFGS | iteration: 314, total loss=206465654587392.0000, content_loss=7134839062.5000, style loss=206458481250000.0000, tv loss=52553864.0000
L-BFGS | iteration: 315, total loss=204747114020864.0000, content_loss=7138645312.5000, style loss=204739931250000.0000, tv loss=52598740.0000
L-BFGS | iteration: 316, total loss=202901335048192.0000, content_loss=7142107031.2500, style loss=202894143750000.0000, tv loss=52661992.0000
L-BFGS | iteration: 317, total loss=201866147266560.0000, content_loss=7146044531.2500, style loss=201858956250000.0000, tv loss=52668372.0000
L-BFGS | iteration: 318, total loss=201740234260480.0000, content_loss=7149535937.5000, style loss=201733031250000.0000, tv loss=52657960.0000
L-BFGS | iteration: 319, total loss=200897732804608.0000, content_loss=7146853125.0000, style loss=200890537500000.0000, tv loss=52725008.0000
L-BFGS | iteration: 320, total loss=200489241149440.0000, content_loss=7145702343.7500, style loss=200482050000000.0000, tv loss=52710336.0000
L-BFGS | iteration: 321, total loss=199955742457856.0000, content_loss=7144267187.5000, style loss=199948537500000.0000, tv loss=52716720.0000
L-BFGS | iteration: 322, total loss=198955098963968.0000, content_loss=7144627343.7500, style loss=198947906250000.0000, tv loss=52750364.0000
L-BFGS | iteration: 323, total loss=197575927922688.0000, content_loss=7145289062.5000, style loss=197568731250000.0000, tv loss=52806040.0000
L-BFGS | iteration: 324, total loss=196206655438848.0000, content_loss=7153323437.5000, style loss=196199456250000.0000, tv loss=52867388.0000
L-BFGS | iteration: 325, total loss=195671026040832.0000, content_loss=7151939843.7500, style loss=195663825000000.0000, tv loss=52903688.0000
L-BFGS | iteration: 326, total loss=194894509375488.0000, content_loss=7155823437.5000, style loss=194887293750000.0000, tv loss=52864640.0000
L-BFGS | iteration: 327, total loss=194160069967872.0000, content_loss=7156945312.5000, style loss=194152856250000.0000, tv loss=52897456.0000
L-BFGS | iteration: 328, total loss=193527518593024.0000, content_loss=7157367187.5000, style loss=193520306250000.0000, tv loss=52934456.0000
L-BFGS | iteration: 329, total loss=192761605128192.0000, content_loss=7157639843.7500, style loss=192754387500000.0000, tv loss=52970736.0000
L-BFGS | iteration: 330, total loss=191633840668672.0000, content_loss=7157877343.7500, style loss=191626631250000.0000, tv loss=53008848.0000
L-BFGS | iteration: 331, total loss=190078877958144.0000, content_loss=7158707031.2500, style loss=190071656250000.0000, tv loss=53044460.0000
L-BFGS | iteration: 332, total loss=188726886006784.0000, content_loss=7159894531.2500, style loss=188719668750000.0000, tv loss=53095624.0000
L-BFGS | iteration: 333, total loss=187806521491456.0000, content_loss=7161122656.2500, style loss=187799306250000.0000, tv loss=53104480.0000
L-BFGS | iteration: 334, total loss=188271149711360.0000, content_loss=7169077343.7500, style loss=188263931250000.0000, tv loss=53059848.0000
L-BFGS | iteration: 335, total loss=187416786763776.0000, content_loss=7164387500.0000, style loss=187409568750000.0000, tv loss=53087848.0000
L-BFGS | iteration: 336, total loss=186901793341440.0000, content_loss=7165131250.0000, style loss=186894581250000.0000, tv loss=53138732.0000
L-BFGS | iteration: 337, total loss=186403291922432.0000, content_loss=7165337500.0000, style loss=186396075000000.0000, tv loss=53163536.0000
L-BFGS | iteration: 338, total loss=185651689422848.0000, content_loss=7166350781.2500, style loss=185644481250000.0000, tv loss=53188536.0000
L-BFGS | iteration: 339, total loss=184524864487424.0000, content_loss=7168030468.7500, style loss=184517643750000.0000, tv loss=53239716.0000
L-BFGS | iteration: 340, total loss=183794552274944.0000, content_loss=7168891406.2500, style loss=183787331250000.0000, tv loss=53258576.0000
L-BFGS | iteration: 341, total loss=183895064576000.0000, content_loss=7164389843.7500, style loss=183887850000000.0000, tv loss=53307208.0000
L-BFGS | iteration: 342, total loss=183317206925312.0000, content_loss=7166993750.0000, style loss=183309993750000.0000, tv loss=53283632.0000
L-BFGS | iteration: 343, total loss=182866201804800.0000, content_loss=7167507812.5000, style loss=182858981250000.0000, tv loss=53280684.0000
L-BFGS | iteration: 344, total loss=182074065551360.0000, content_loss=7169794531.2500, style loss=182066850000000.0000, tv loss=53295480.0000
L-BFGS | iteration: 345, total loss=181093370167296.0000, content_loss=7171054687.5000, style loss=181086150000000.0000, tv loss=53330600.0000
L-BFGS | iteration: 346, total loss=179805920165888.0000, content_loss=7176578125.0000, style loss=179798681250000.0000, tv loss=53376408.0000
L-BFGS | iteration: 347, total loss=179713108606976.0000, content_loss=7171741406.2500, style loss=179705887500000.0000, tv loss=53462176.0000
L-BFGS | iteration: 348, total loss=179268311056384.0000, content_loss=7174246093.7500, style loss=179261081250000.0000, tv loss=53424720.0000
L-BFGS | iteration: 349, total loss=178174168137728.0000, content_loss=7173157031.2500, style loss=178166943750000.0000, tv loss=53457760.0000
L-BFGS | iteration: 350, total loss=177612802490368.0000, content_loss=7176459375.0000, style loss=177605568750000.0000, tv loss=53455604.0000
L-BFGS | iteration: 351, total loss=176879587819520.0000, content_loss=7177903125.0000, style loss=176872350000000.0000, tv loss=53476480.0000
L-BFGS | iteration: 352, total loss=176025459752960.0000, content_loss=7179894531.2500, style loss=176018231250000.0000, tv loss=53502104.0000
L-BFGS | iteration: 353, total loss=177628036202496.0000, content_loss=7172820312.5000, style loss=177620812500000.0000, tv loss=53592328.0000
L-BFGS | iteration: 354, total loss=175711339937792.0000, content_loss=7177950781.2500, style loss=175704112500000.0000, tv loss=53532996.0000
L-BFGS | iteration: 355, total loss=175314038685696.0000, content_loss=7177648437.5000, style loss=175306800000000.0000, tv loss=53545136.0000
L-BFGS | iteration: 356, total loss=174297624608768.0000, content_loss=7179725781.2500, style loss=174290400000000.0000, tv loss=53582488.0000
L-BFGS | iteration: 357, total loss=173318338510848.0000, content_loss=7179596875.0000, style loss=173311106250000.0000, tv loss=53635992.0000
L-BFGS | iteration: 358, total loss=172356970479616.0000, content_loss=7185823437.5000, style loss=172349737500000.0000, tv loss=53675932.0000
L-BFGS | iteration: 359, total loss=172156029763584.0000, content_loss=7185728125.0000, style loss=172148793750000.0000, tv loss=53712264.0000
L-BFGS | iteration: 360, total loss=171708380086272.0000, content_loss=7186192187.5000, style loss=171701156250000.0000, tv loss=53683472.0000
L-BFGS | iteration: 361, total loss=171439441313792.0000, content_loss=7186078906.2500, style loss=171432206250000.0000, tv loss=53685908.0000
L-BFGS | iteration: 362, total loss=170498809921536.0000, content_loss=7185219531.2500, style loss=170491575000000.0000, tv loss=53720436.0000
L-BFGS | iteration: 363, total loss=169404616671232.0000, content_loss=7188761718.7500, style loss=169397381250000.0000, tv loss=53771200.0000
L-BFGS | iteration: 364, total loss=168581643894784.0000, content_loss=7187829687.5000, style loss=168574406250000.0000, tv loss=53788564.0000
L-BFGS | iteration: 365, total loss=168234976280576.0000, content_loss=7188800781.2500, style loss=168227737500000.0000, tv loss=53817368.0000
L-BFGS | iteration: 366, total loss=167932449521664.0000, content_loss=7195936718.7500, style loss=167925206250000.0000, tv loss=53828860.0000
L-BFGS | iteration: 367, total loss=167448292622336.0000, content_loss=7192272656.2500, style loss=167441043750000.0000, tv loss=53834056.0000
L-BFGS | iteration: 368, total loss=166836092010496.0000, content_loss=7187654687.5000, style loss=166828856250000.0000, tv loss=53847872.0000
L-BFGS | iteration: 369, total loss=166401947992064.0000, content_loss=7187399218.7500, style loss=166394718750000.0000, tv loss=53869040.0000
L-BFGS | iteration: 370, total loss=165734533562368.0000, content_loss=7190205468.7500, style loss=165727293750000.0000, tv loss=53899976.0000
L-BFGS | iteration: 371, total loss=165344010305536.0000, content_loss=7191939062.5000, style loss=165336768750000.0000, tv loss=53946240.0000
L-BFGS | iteration: 372, total loss=164738805792768.0000, content_loss=7195803906.2500, style loss=164731556250000.0000, tv loss=53964712.0000
L-BFGS | iteration: 373, total loss=164308033994752.0000, content_loss=7196557812.5000, style loss=164300793750000.0000, tv loss=53975152.0000
L-BFGS | iteration: 374, total loss=163315443564544.0000, content_loss=7197285156.2500, style loss=163308187500000.0000, tv loss=54041060.0000
L-BFGS | iteration: 375, total loss=162362648690688.0000, content_loss=7200266406.2500, style loss=162355406250000.0000, tv loss=54022884.0000
L-BFGS | iteration: 376, total loss=162559311216640.0000, content_loss=7195243750.0000, style loss=162552056250000.0000, tv loss=54085572.0000
L-BFGS | iteration: 377, total loss=162021249122304.0000, content_loss=7198199218.7500, style loss=162014006250000.0000, tv loss=54052708.0000
L-BFGS | iteration: 378, total loss=161460370014208.0000, content_loss=7197846093.7500, style loss=161453118750000.0000, tv loss=54093788.0000
L-BFGS | iteration: 379, total loss=161043909181440.0000, content_loss=7197367187.5000, style loss=161036662500000.0000, tv loss=54092792.0000
L-BFGS | iteration: 380, total loss=160065260617728.0000, content_loss=7195519531.2500, style loss=160058006250000.0000, tv loss=54138604.0000
L-BFGS | iteration: 381, total loss=159506193448960.0000, content_loss=7200144531.2500, style loss=159498937500000.0000, tv loss=54130464.0000
L-BFGS | iteration: 382, total loss=159144661221376.0000, content_loss=7200233593.7500, style loss=159137418750000.0000, tv loss=54159000.0000
L-BFGS | iteration: 383, total loss=158878390026240.0000, content_loss=7201034375.0000, style loss=158871150000000.0000, tv loss=54186936.0000
L-BFGS | iteration: 384, total loss=158487548002304.0000, content_loss=7202717187.5000, style loss=158480306250000.0000, tv loss=54197896.0000
L-BFGS | iteration: 385, total loss=157721433210880.0000, content_loss=7203250000.0000, style loss=157714181250000.0000, tv loss=54234184.0000
L-BFGS | iteration: 386, total loss=156909667614720.0000, content_loss=7206435937.5000, style loss=156902400000000.0000, tv loss=54269880.0000
L-BFGS | iteration: 387, total loss=156646013665280.0000, content_loss=7206504687.5000, style loss=156638746875000.0000, tv loss=54308988.0000
L-BFGS | iteration: 388, total loss=156161135345664.0000, content_loss=7208814843.7500, style loss=156153871875000.0000, tv loss=54299200.0000
L-BFGS | iteration: 389, total loss=155886207107072.0000, content_loss=7209756250.0000, style loss=155878940625000.0000, tv loss=54314936.0000
L-BFGS | iteration: 390, total loss=155243337744384.0000, content_loss=7210282812.5000, style loss=155236068750000.0000, tv loss=54341744.0000
L-BFGS | iteration: 391, total loss=154469639651328.0000, content_loss=7208010937.5000, style loss=154462368750000.0000, tv loss=54381912.0000
L-BFGS | iteration: 392, total loss=153972144865280.0000, content_loss=7209155468.7500, style loss=153964875000000.0000, tv loss=54395616.0000
L-BFGS | iteration: 393, total loss=153802023895040.0000, content_loss=7212180468.7500, style loss=153794765625000.0000, tv loss=54378496.0000
L-BFGS | iteration: 394, total loss=153374842421248.0000, content_loss=7209348437.5000, style loss=153367575000000.0000, tv loss=54408272.0000
L-BFGS | iteration: 395, total loss=153180344156160.0000, content_loss=7208545312.5000, style loss=153173071875000.0000, tv loss=54419216.0000
L-BFGS | iteration: 396, total loss=152774167756800.0000, content_loss=7208855468.7500, style loss=152766900000000.0000, tv loss=54441552.0000
L-BFGS | iteration: 397, total loss=152035685040128.0000, content_loss=7210842968.7500, style loss=152028421875000.0000, tv loss=54485076.0000
L-BFGS | iteration: 398, total loss=151501565591552.0000, content_loss=7212839843.7500, style loss=151494300000000.0000, tv loss=54503328.0000
L-BFGS | iteration: 399, total loss=151223416127488.0000, content_loss=7211142968.7500, style loss=151216143750000.0000, tv loss=54549992.0000
L-BFGS | iteration: 400, total loss=150874852687872.0000, content_loss=7213225781.2500, style loss=150867590625000.0000, tv loss=54527276.0000
L-BFGS | iteration: 401, total loss=150635156602880.0000, content_loss=7214800000.0000, style loss=150627890625000.0000, tv loss=54531152.0000
L-BFGS | iteration: 402, total loss=149895986020352.0000, content_loss=7215980468.7500, style loss=149888718750000.0000, tv loss=54564936.0000
L-BFGS | iteration: 403, total loss=149308028485632.0000, content_loss=7218542187.5000, style loss=149300765625000.0000, tv loss=54599232.0000
L-BFGS | iteration: 404, total loss=148400582426624.0000, content_loss=7218717968.7500, style loss=148393321875000.0000, tv loss=54636808.0000
L-BFGS | iteration: 405, total loss=147716659216384.0000, content_loss=7227831250.0000, style loss=147709378125000.0000, tv loss=54721712.0000
L-BFGS | iteration: 406, total loss=147043003662336.0000, content_loss=7223532031.2500, style loss=147035728125000.0000, tv loss=54699288.0000
L-BFGS | iteration: 407, total loss=148552651112448.0000, content_loss=7212595312.5000, style loss=148545393750000.0000, tv loss=54741216.0000
L-BFGS | iteration: 408, total loss=146898820268032.0000, content_loss=7220827343.7500, style loss=146891550000000.0000, tv loss=54710024.0000
L-BFGS | iteration: 409, total loss=146672831168512.0000, content_loss=7220096093.7500, style loss=146665565625000.0000, tv loss=54716192.0000
L-BFGS | iteration: 410, total loss=146059187716096.0000, content_loss=7220719531.2500, style loss=146051915625000.0000, tv loss=54738228.0000
L-BFGS | iteration: 411, total loss=145344931299328.0000, content_loss=7218697656.2500, style loss=145337671875000.0000, tv loss=54799344.0000
L-BFGS | iteration: 412, total loss=144707917185024.0000, content_loss=7225820312.5000, style loss=144700640625000.0000, tv loss=54809288.0000
L-BFGS | iteration: 413, total loss=144549439602688.0000, content_loss=7225378125.0000, style loss=144542165625000.0000, tv loss=54850160.0000
L-BFGS | iteration: 414, total loss=144213626847232.0000, content_loss=7225646093.7500, style loss=144206343750000.0000, tv loss=54842320.0000
L-BFGS | iteration: 415, total loss=144042549575680.0000, content_loss=7225606250.0000, style loss=144035268750000.0000, tv loss=54852232.0000
L-BFGS | iteration: 416, total loss=143532857753600.0000, content_loss=7226232812.5000, style loss=143525568750000.0000, tv loss=54882232.0000
L-BFGS | iteration: 417, total loss=142937702793216.0000, content_loss=7224584375.0000, style loss=142930415625000.0000, tv loss=54927664.0000
L-BFGS | iteration: 418, total loss=142420595441664.0000, content_loss=7229584375.0000, style loss=142413318750000.0000, tv loss=54934840.0000
L-BFGS | iteration: 419, total loss=142214353125376.0000, content_loss=7229682812.5000, style loss=142207068750000.0000, tv loss=54968576.0000
L-BFGS | iteration: 420, total loss=141963114315776.0000, content_loss=7229445312.5000, style loss=141955828125000.0000, tv loss=54960172.0000
L-BFGS | iteration: 421, total loss=141689981239296.0000, content_loss=7229329687.5000, style loss=141682696875000.0000, tv loss=54968672.0000
L-BFGS | iteration: 422, total loss=141136131784704.0000, content_loss=7229681250.0000, style loss=141128850000000.0000, tv loss=54989400.0000
L-BFGS | iteration: 423, total loss=140903129808896.0000, content_loss=7226422656.2500, style loss=140895843750000.0000, tv loss=55044932.0000
L-BFGS | iteration: 424, total loss=140737656127488.0000, content_loss=7227807812.5000, style loss=140730375000000.0000, tv loss=55025228.0000
L-BFGS | iteration: 425, total loss=140190869880832.0000, content_loss=7228404687.5000, style loss=140183578125000.0000, tv loss=55044672.0000
L-BFGS | iteration: 426, total loss=139876053811200.0000, content_loss=7228856250.0000, style loss=139868765625000.0000, tv loss=55057144.0000
L-BFGS | iteration: 427, total loss=139244928499712.0000, content_loss=7228976562.5000, style loss=139237640625000.0000, tv loss=55097528.0000
L-BFGS | iteration: 428, total loss=139119233597440.0000, content_loss=7232926562.5000, style loss=139111940625000.0000, tv loss=55097400.0000
L-BFGS | iteration: 429, total loss=138752760479744.0000, content_loss=7230957812.5000, style loss=138745471875000.0000, tv loss=55123968.0000
L-BFGS | iteration: 430, total loss=138611789922304.0000, content_loss=7230539062.5000, style loss=138604500000000.0000, tv loss=55124736.0000
L-BFGS | iteration: 431, total loss=138313432301568.0000, content_loss=7230306250.0000, style loss=138306140625000.0000, tv loss=55135108.0000
L-BFGS | iteration: 432, total loss=137857888944128.0000, content_loss=7231486718.7500, style loss=137850600000000.0000, tv loss=55163088.0000
L-BFGS | iteration: 433, total loss=137285165121536.0000, content_loss=7231257031.2500, style loss=137277871875000.0000, tv loss=55188740.0000
L-BFGS | iteration: 434, total loss=136781320159232.0000, content_loss=7235417187.5000, style loss=136774021875000.0000, tv loss=55240704.0000
L-BFGS | iteration: 435, total loss=136631407345664.0000, content_loss=7233121875.0000, style loss=136624115625000.0000, tv loss=55272244.0000
L-BFGS | iteration: 436, total loss=136303739928576.0000, content_loss=7233374218.7500, style loss=136296450000000.0000, tv loss=55223732.0000
L-BFGS | iteration: 437, total loss=136123812675584.0000, content_loss=7233759375.0000, style loss=136116525000000.0000, tv loss=55244368.0000
L-BFGS | iteration: 438, total loss=135700859060224.0000, content_loss=7233620312.5000, style loss=135693571875000.0000, tv loss=55294400.0000
L-BFGS | iteration: 439, total loss=135405345177600.0000, content_loss=7233487500.0000, style loss=135398053125000.0000, tv loss=55301920.0000
L-BFGS | iteration: 440, total loss=135042588213248.0000, content_loss=7232748437.5000, style loss=135035296875000.0000, tv loss=55311628.0000
L-BFGS | iteration: 441, total loss=134554094403584.0000, content_loss=7236052343.7500, style loss=134546793750000.0000, tv loss=55322140.0000
L-BFGS | iteration: 442, total loss=134532309188608.0000, content_loss=7235030468.7500, style loss=134525015625000.0000, tv loss=55376632.0000
L-BFGS | iteration: 443, total loss=134346040147968.0000, content_loss=7235799218.7500, style loss=134338743750000.0000, tv loss=55352548.0000
L-BFGS | iteration: 444, total loss=133993542451200.0000, content_loss=7237788281.2500, style loss=133986243750000.0000, tv loss=55374912.0000
L-BFGS | iteration: 445, total loss=133483817074688.0000, content_loss=7241218750.0000, style loss=133476515625000.0000, tv loss=55400180.0000
L-BFGS | iteration: 446, total loss=133103603417088.0000, content_loss=7237539062.5000, style loss=133096303125000.0000, tv loss=55443904.0000
L-BFGS | iteration: 447, total loss=132806453755904.0000, content_loss=7239251562.5000, style loss=132799153125000.0000, tv loss=55434908.0000
L-BFGS | iteration: 448, total loss=132849395040256.0000, content_loss=7239440625.0000, style loss=132842100000000.0000, tv loss=55460484.0000
L-BFGS | iteration: 449, total loss=132604028256256.0000, content_loss=7239595312.5000, style loss=132596728125000.0000, tv loss=55447688.0000
L-BFGS | iteration: 450, total loss=132404740096000.0000, content_loss=7239473437.5000, style loss=132397443750000.0000, tv loss=55446672.0000
L-BFGS | iteration: 451, total loss=132063374082048.0000, content_loss=7239519531.2500, style loss=132056071875000.0000, tv loss=55460980.0000
L-BFGS | iteration: 452, total loss=131464813346816.0000, content_loss=7240937500.0000, style loss=131457515625000.0000, tv loss=55495304.0000
L-BFGS | iteration: 453, total loss=130848779141120.0000, content_loss=7244848437.5000, style loss=130841475000000.0000, tv loss=55537064.0000
L-BFGS | iteration: 454, total loss=130897969938432.0000, content_loss=7244241406.2500, style loss=130890665625000.0000, tv loss=55580468.0000
L-BFGS | iteration: 455, total loss=130658231910400.0000, content_loss=7244754687.5000, style loss=130650928125000.0000, tv loss=55559028.0000
L-BFGS | iteration: 456, total loss=130247903150080.0000, content_loss=7247907031.2500, style loss=130240593750000.0000, tv loss=55568296.0000
L-BFGS | iteration: 457, total loss=129952649314304.0000, content_loss=7246348437.5000, style loss=129945346875000.0000, tv loss=55582380.0000
L-BFGS | iteration: 458, total loss=129637178933248.0000, content_loss=7245242187.5000, style loss=129629868750000.0000, tv loss=55601996.0000
L-BFGS | iteration: 459, total loss=129245003120640.0000, content_loss=7246568750.0000, style loss=129237693750000.0000, tv loss=55615336.0000
L-BFGS | iteration: 460, total loss=129188648452096.0000, content_loss=7246143750.0000, style loss=129181340625000.0000, tv loss=55655388.0000
L-BFGS | iteration: 461, total loss=129056796311552.0000, content_loss=7246478125.0000, style loss=129049490625000.0000, tv loss=55638504.0000
L-BFGS | iteration: 462, total loss=128723625967616.0000, content_loss=7248437500.0000, style loss=128716321875000.0000, tv loss=55641304.0000
L-BFGS | iteration: 463, total loss=128330703568896.0000, content_loss=7250081250.0000, style loss=128323396875000.0000, tv loss=55666668.0000
L-BFGS | iteration: 464, total loss=127842109095936.0000, content_loss=7251984375.0000, style loss=127834790625000.0000, tv loss=55692288.0000
L-BFGS | iteration: 465, total loss=127401967222784.0000, content_loss=7252125000.0000, style loss=127394653125000.0000, tv loss=55738752.0000
L-BFGS | iteration: 466, total loss=127046743228416.0000, content_loss=7252975000.0000, style loss=127039425000000.0000, tv loss=55746920.0000
L-BFGS | iteration: 467, total loss=128085076738048.0000, content_loss=7247607031.2500, style loss=128077771875000.0000, tv loss=55803328.0000
L-BFGS | iteration: 468, total loss=126860943949824.0000, content_loss=7251593750.0000, style loss=126853640625000.0000, tv loss=55765492.0000
L-BFGS | iteration: 469, total loss=126697466757120.0000, content_loss=7252061718.7500, style loss=126690150000000.0000, tv loss=55768540.0000
L-BFGS | iteration: 470, total loss=126314954620928.0000, content_loss=7251627343.7500, style loss=126307650000000.0000, tv loss=55786700.0000
L-BFGS | iteration: 471, total loss=126018216001536.0000, content_loss=7252831250.0000, style loss=126010903125000.0000, tv loss=55802976.0000
L-BFGS | iteration: 472, total loss=125708600868864.0000, content_loss=7252138281.2500, style loss=125701284375000.0000, tv loss=55848728.0000
L-BFGS | iteration: 473, total loss=125346498215936.0000, content_loss=7253650000.0000, style loss=125339184375000.0000, tv loss=55848840.0000
L-BFGS | iteration: 474, total loss=125210963476480.0000, content_loss=7253203906.2500, style loss=125203650000000.0000, tv loss=55860792.0000
L-BFGS | iteration: 475, total loss=124907891458048.0000, content_loss=7252628906.2500, style loss=124900575000000.0000, tv loss=55876856.0000
L-BFGS | iteration: 476, total loss=124495557820416.0000, content_loss=7252567187.5000, style loss=124488243750000.0000, tv loss=55890776.0000
L-BFGS | iteration: 477, total loss=124240393142272.0000, content_loss=7252042187.5000, style loss=124233075000000.0000, tv loss=55918364.0000
L-BFGS | iteration: 478, total loss=123935131697152.0000, content_loss=7255073437.5000, style loss=123927815625000.0000, tv loss=55913360.0000
L-BFGS | iteration: 479, total loss=123815468204032.0000, content_loss=7254596875.0000, style loss=123808153125000.0000, tv loss=55927472.0000
L-BFGS | iteration: 480, total loss=123507102973952.0000, content_loss=7253789062.5000, style loss=123499790625000.0000, tv loss=55956640.0000
L-BFGS | iteration: 481, total loss=123228106260480.0000, content_loss=7254727343.7500, style loss=123220790625000.0000, tv loss=55969440.0000
L-BFGS | iteration: 482, total loss=122953077358592.0000, content_loss=7255074218.7500, style loss=122945765625000.0000, tv loss=55990232.0000
L-BFGS | iteration: 483, total loss=122706963988480.0000, content_loss=7257534375.0000, style loss=122699653125000.0000, tv loss=55983224.0000
L-BFGS | iteration: 484, total loss=122572855312384.0000, content_loss=7258303125.0000, style loss=122565543750000.0000, tv loss=55998608.0000
L-BFGS | iteration: 485, total loss=122190586445824.0000, content_loss=7259577343.7500, style loss=122183268750000.0000, tv loss=56041412.0000
L-BFGS | iteration: 486, total loss=121895752040448.0000, content_loss=7261179687.5000, style loss=121888425000000.0000, tv loss=56064284.0000
L-BFGS | iteration: 487, total loss=121728499974144.0000, content_loss=7261055468.7500, style loss=121721175000000.0000, tv loss=56079844.0000
L-BFGS | iteration: 488, total loss=121517778141184.0000, content_loss=7260960937.5000, style loss=121510453125000.0000, tv loss=56078100.0000
L-BFGS | iteration: 489, total loss=121224520794112.0000, content_loss=7259707031.2500, style loss=121217203125000.0000, tv loss=56104216.0000
L-BFGS | iteration: 490, total loss=120833318060032.0000, content_loss=7260514062.5000, style loss=120825993750000.0000, tv loss=56117592.0000
L-BFGS | iteration: 491, total loss=120627612614656.0000, content_loss=7260768750.0000, style loss=120620287500000.0000, tv loss=56140992.0000
L-BFGS | iteration: 492, total loss=120357197447168.0000, content_loss=7263916406.2500, style loss=120349875000000.0000, tv loss=56145668.0000
L-BFGS | iteration: 493, total loss=120150829301760.0000, content_loss=7264125000.0000, style loss=120143503125000.0000, tv loss=56162752.0000
L-BFGS | iteration: 494, total loss=119723521998848.0000, content_loss=7264321875.0000, style loss=119716200000000.0000, tv loss=56206800.0000
L-BFGS | iteration: 495, total loss=119506013782016.0000, content_loss=7264132812.5000, style loss=119498690625000.0000, tv loss=56211936.0000
