C:\Users\user\AppData\Roaming\Python\Python313\site-packages\torchvision\models\_utils.py:208: UserWarning: The parameter 'pretrained' is deprecated since 0.13 and may be removed in the future, please use 'weights' instead.
  warnings.warn(
C:\Users\user\AppData\Roaming\Python\Python313\site-packages\torchvision\models\_utils.py:223: UserWarning: Arguments other than a weight enum or `None` for 'weights' are deprecated since 0.13 and may be removed in the future. The current behavior is equivalent to passing `weights=VGG19_Weights.IMAGENET1K_V1`. You can also use `weights=VGG19_Weights.DEFAULT` to get the most up-to-date weights.
  warnings.warn(msg)
Using VGG19 in the optimization procedure.
L-BFGS | iteration: 000, total loss=122912789961375744.0000, content_loss=      0.0000, style loss=122912793600000000.0000, tv loss=3572966.0000
L-BFGS | iteration: 001, total loss=122912128536412160.0000, content_loss=    152.6275, style loss=122912131200000000.0000, tv loss=3572967.0000
L-BFGS | iteration: 002, total loss=122911827888701440.0000, content_loss=    198.5843, style loss=122911824000000000.0000, tv loss=3572974.5000
L-BFGS | iteration: 003, total loss=122907524331470848.0000, content_loss=    263.6698, style loss=122907523200000000.0000, tv loss=3573011.7500
L-BFGS | iteration: 004, total loss=122889399569481728.0000, content_loss=    481.0898, style loss=122889398400000000.0000, tv loss=3573217.5000
L-BFGS | iteration: 005, total loss=122787024729014272.0000, content_loss=   4975.3156, style loss=122787024000000000.0000, tv loss=3574350.7500
L-BFGS | iteration: 006, total loss=122224667481079808.0000, content_loss= 137108.1948, style loss=122224665600000000.0000, tv loss=3580587.0000
L-BFGS | iteration: 007, total loss=119313779166019584.0000, content_loss=4074638.7482, style loss=119313782400000000.0000, tv loss=3614913.5000
L-BFGS | iteration: 008, total loss=92350412568395776.0000, content_loss=210805224.6094, style loss=92350416000000000.0000, tv loss=4032412.5000
L-BFGS | iteration: 009, total loss=53824332584976384.0000, content_loss=755164550.7812, style loss=53824334400000000.0000, tv loss=5194941.0000
L-BFGS | iteration: 010, total loss=40330288370286592.0000, content_loss=1069169042.9688, style loss=40330286400000000.0000, tv loss=5834498.0000
L-BFGS | iteration: 011, total loss=27591314438619136.0000, content_loss=1552771777.3438, style loss=27591312000000000.0000, tv loss=7016131.0000
L-BFGS | iteration: 012, total loss=19311066316013568.0000, content_loss=2040951367.1875, style loss=19311064800000000.0000, tv loss=8473732.0000
L-BFGS | iteration: 013, total loss=14084223187025920.0000, content_loss=2457358984.3750, style loss=14084221200000000.0000, tv loss=10109359.0000
L-BFGS | iteration: 014, total loss=10637479719731200.0000, content_loss=2778494726.5625, style loss=10637476800000000.0000, tv loss=11697045.0000
L-BFGS | iteration: 015, total loss=7997357954170880.0000, content_loss=3031590234.3750, style loss=7997355000000000.0000, tv loss=13348949.0000
L-BFGS | iteration: 016, total loss=5861587218857984.0000, content_loss=3277295312.5000, style loss=5861584200000000.0000, tv loss=15168368.0000
L-BFGS | iteration: 017, total loss=4155065715654656.0000, content_loss=3439064062.5000, style loss=4155062100000000.0000, tv loss=16851882.0000
L-BFGS | iteration: 018, total loss=2933656205131776.0000, content_loss=3589287109.3750, style loss=2933652600000000.0000, tv loss=18131638.0000
L-BFGS | iteration: 019, total loss=2162609449074688.0000, content_loss=3527934765.6250, style loss=2162605950000000.0000, tv loss=18475880.0000
L-BFGS | iteration: 020, total loss=1753331143802880.0000, content_loss=3712537109.3750, style loss=1753327350000000.0000, tv loss=18902632.0000
L-BFGS | iteration: 021, total loss=1477489419354112.0000, content_loss=3613313281.2500, style loss=1477485750000000.0000, tv loss=18422250.0000
L-BFGS | iteration: 022, total loss=1302231131357184.0000, content_loss=3583937109.3750, style loss=1302227550000000.0000, tv loss=18050220.0000
L-BFGS | iteration: 023, total loss=1036817184849920.0000, content_loss=3599303125.0000, style loss=1036813575000000.0000, tv loss=17584042.0000
L-BFGS | iteration: 024, total loss=850473787588608.0000, content_loss=3648884375.0000, style loss=850470150000000.0000, tv loss=17199762.0000
L-BFGS | iteration: 025, total loss=814466526609408.0000, content_loss=3634273437.5000, style loss=814462875000000.0000, tv loss=17469132.0000
L-BFGS | iteration: 026, total loss=698642532925440.0000, content_loss=3680134375.0000, style loss=698638875000000.0000, tv loss=17343308.0000
L-BFGS | iteration: 027, total loss=639176093466624.0000, content_loss=3705717187.5000, style loss=639172425000000.0000, tv loss=17324160.0000
L-BFGS | iteration: 028, total loss=578189101367296.0000, content_loss=3725396875.0000, style loss=578185312500000.0000, tv loss=17351372.0000
L-BFGS | iteration: 029, total loss=521020704292864.0000, content_loss=3745676562.5000, style loss=521016900000000.0000, tv loss=17573332.0000
L-BFGS | iteration: 030, total loss=449781692366848.0000, content_loss=3769743750.0000, style loss=449777887500000.0000, tv loss=17358544.0000
L-BFGS | iteration: 031, total loss=421408299548672.0000, content_loss=3779939843.7500, style loss=421404487500000.0000, tv loss=17347124.0000
L-BFGS | iteration: 032, total loss=379606322380800.0000, content_loss=3778193359.3750, style loss=379602487500000.0000, tv loss=17409418.0000
L-BFGS | iteration: 033, total loss=341292194201600.0000, content_loss=3819266015.6250, style loss=341288325000000.0000, tv loss=17313540.0000
L-BFGS | iteration: 034, total loss=315012329504768.0000, content_loss=3801364453.1250, style loss=315008512500000.0000, tv loss=17220802.0000
L-BFGS | iteration: 035, total loss=298773427257344.0000, content_loss=3807730468.7500, style loss=298769587500000.0000, tv loss=17204464.0000
L-BFGS | iteration: 036, total loss=262378897801216.0000, content_loss=3831291406.2500, style loss=262375050000000.0000, tv loss=17226836.0000
L-BFGS | iteration: 037, total loss=255579914240000.0000, content_loss=3854008984.3750, style loss=255576037500000.0000, tv loss=17018026.0000
L-BFGS | iteration: 038, total loss=227580150022144.0000, content_loss=3847324218.7500, style loss=227576287500000.0000, tv loss=17117952.0000
L-BFGS | iteration: 039, total loss=224072134819840.0000, content_loss=3878775000.0000, style loss=224068237500000.0000, tv loss=17088854.0000
L-BFGS | iteration: 040, total loss=209535566348288.0000, content_loss=3871114453.1250, style loss=209531681250000.0000, tv loss=17156782.0000
L-BFGS | iteration: 041, total loss=200192099876864.0000, content_loss=3868642968.7500, style loss=200188200000000.0000, tv loss=17153216.0000
L-BFGS | iteration: 042, total loss=190266061357056.0000, content_loss=3882707812.5000, style loss=190262175000000.0000, tv loss=17165100.0000
L-BFGS | iteration: 043, total loss=173911127883776.0000, content_loss=3899166796.8750, style loss=173907225000000.0000, tv loss=17119892.0000
L-BFGS | iteration: 044, total loss=163413942599680.0000, content_loss=3949729687.5000, style loss=163409981250000.0000, tv loss=17167304.0000
L-BFGS | iteration: 045, total loss=153529763233792.0000, content_loss=3933874609.3750, style loss=153525825000000.0000, tv loss=17050124.0000
L-BFGS | iteration: 046, total loss=149540158046208.0000, content_loss=3930725781.2500, style loss=149536218750000.0000, tv loss=17092500.0000
L-BFGS | iteration: 047, total loss=142051429580800.0000, content_loss=3940296875.0000, style loss=142047478125000.0000, tv loss=17067052.0000
L-BFGS | iteration: 048, total loss=132202616586240.0000, content_loss=3951108203.1250, style loss=132198646875000.0000, tv loss=17113142.0000
L-BFGS | iteration: 049, total loss=124190925520896.0000, content_loss=3977839062.5000, style loss=124186931250000.0000, tv loss=17136928.0000
L-BFGS | iteration: 050, total loss=117860982587392.0000, content_loss=3972904687.5000, style loss=117856987500000.0000, tv loss=17115056.0000
L-BFGS | iteration: 051, total loss=112639778750464.0000, content_loss=3980766796.8750, style loss=112635778125000.0000, tv loss=17047874.0000
L-BFGS | iteration: 052, total loss=113601742372864.0000, content_loss=3984828515.6250, style loss=113597737500000.0000, tv loss=17172392.0000
L-BFGS | iteration: 053, total loss=108142444675072.0000, content_loss=3985876562.5000, style loss=108138440625000.0000, tv loss=17100368.0000
L-BFGS | iteration: 054, total loss=102728722284544.0000, content_loss=3999349609.3750, style loss=102724706250000.0000, tv loss=17129008.0000
L-BFGS | iteration: 055, total loss=96990041997312.0000, content_loss=4000447265.6250, style loss=96986025000000.0000, tv loss=17116564.0000
L-BFGS | iteration: 056, total loss=90760250654720.0000, content_loss=4017211328.1250, style loss=90756215625000.0000, tv loss=17074150.0000
L-BFGS | iteration: 057, total loss=90923543298048.0000, content_loss=3999679296.8750, style loss=90919528125000.0000, tv loss=17104576.0000
L-BFGS | iteration: 058, total loss=87846434111488.0000, content_loss=4009536718.7500, style loss=87842409375000.0000, tv loss=17080282.0000
L-BFGS | iteration: 059, total loss=84108755599360.0000, content_loss=4006896093.7500, style loss=84104728125000.0000, tv loss=17001548.0000
L-BFGS | iteration: 060, total loss=80500387479552.0000, content_loss=4016420312.5000, style loss=80496356250000.0000, tv loss=17002940.0000
L-BFGS | iteration: 061, total loss=78012032745472.0000, content_loss=4027323046.8750, style loss=78007987500000.0000, tv loss=16985760.0000
L-BFGS | iteration: 062, total loss=76183140040704.0000, content_loss=4021999218.7500, style loss=76179107812500.0000, tv loss=17009940.0000
L-BFGS | iteration: 063, total loss=72921355649024.0000, content_loss=4034527734.3750, style loss=72917301562500.0000, tv loss=16990528.0000
L-BFGS | iteration: 064, total loss=70900766474240.0000, content_loss=4040394140.6250, style loss=70896707812500.0000, tv loss=16988560.0000
L-BFGS | iteration: 065, total loss=67236802854912.0000, content_loss=4053626953.1250, style loss=67232732812500.0000, tv loss=17038604.0000
L-BFGS | iteration: 066, total loss=64399641411584.0000, content_loss=4068599609.3750, style loss=64395557812500.0000, tv loss=16999620.0000
L-BFGS | iteration: 067, total loss=62478444658688.0000, content_loss=4071681640.6250, style loss=62474353125000.0000, tv loss=17006346.0000
L-BFGS | iteration: 068, total loss=61134967144448.0000, content_loss=4074060546.8750, style loss=61130878125000.0000, tv loss=17019808.0000
L-BFGS | iteration: 069, total loss=59455500713984.0000, content_loss=4081257421.8750, style loss=59451403125000.0000, tv loss=17019268.0000
L-BFGS | iteration: 070, total loss=57802445815808.0000, content_loss=4080432031.2500, style loss=57798346875000.0000, tv loss=17039844.0000
L-BFGS | iteration: 071, total loss=55839100502016.0000, content_loss=4086697656.2500, style loss=55834996875000.0000, tv loss=16998922.0000
L-BFGS | iteration: 072, total loss=54507195072512.0000, content_loss=4089891796.8750, style loss=54503090625000.0000, tv loss=16998380.0000
L-BFGS | iteration: 073, total loss=52646761201664.0000, content_loss=4086168359.3750, style loss=52642659375000.0000, tv loss=16978752.0000
L-BFGS | iteration: 074, total loss=51069652566016.0000, content_loss=4096747656.2500, style loss=51065535937500.0000, tv loss=16960296.0000
L-BFGS | iteration: 075, total loss=49741568147456.0000, content_loss=4097470312.5000, style loss=49737454687500.0000, tv loss=16941728.0000
L-BFGS | iteration: 076, total loss=47989657698304.0000, content_loss=4101913671.8750, style loss=47985539062500.0000, tv loss=16929550.0000
L-BFGS | iteration: 077, total loss=46577418764288.0000, content_loss=4114357031.2500, style loss=46573289062500.0000, tv loss=16892672.0000
L-BFGS | iteration: 078, total loss=45568424411136.0000, content_loss=4121367578.1250, style loss=45564285937500.0000, tv loss=16934952.0000
L-BFGS | iteration: 079, total loss=44513326268416.0000, content_loss=4126465625.0000, style loss=44509181250000.0000, tv loss=16905876.0000
L-BFGS | iteration: 080, total loss=43459452862464.0000, content_loss=4122475390.6250, style loss=43455314062500.0000, tv loss=16894678.0000
L-BFGS | iteration: 081, total loss=42603928092672.0000, content_loss=4124131640.6250, style loss=42599789062500.0000, tv loss=16903068.0000
L-BFGS | iteration: 082, total loss=41631596150784.0000, content_loss=4129178906.2500, style loss=41627451562500.0000, tv loss=16907412.0000
L-BFGS | iteration: 083, total loss=40337649172480.0000, content_loss=4131644531.2500, style loss=40333500000000.0000, tv loss=16920952.0000
L-BFGS | iteration: 084, total loss=39453888348160.0000, content_loss=4150070703.1250, style loss=39449723437500.0000, tv loss=16912380.0000
L-BFGS | iteration: 085, total loss=38659046768640.0000, content_loss=4145990234.3750, style loss=38654887500000.0000, tv loss=16915640.0000
L-BFGS | iteration: 086, total loss=37999609905152.0000, content_loss=4145123046.8750, style loss=37995447656250.0000, tv loss=16918880.0000
L-BFGS | iteration: 087, total loss=37311370756096.0000, content_loss=4148221875.0000, style loss=37307205468750.0000, tv loss=16909990.0000
L-BFGS | iteration: 088, total loss=36247280025600.0000, content_loss=4157464062.5000, style loss=36243105468750.0000, tv loss=16917332.0000
L-BFGS | iteration: 089, total loss=35207864385536.0000, content_loss=4160704687.5000, style loss=35203687500000.0000, tv loss=16885228.0000
L-BFGS | iteration: 090, total loss=34383901753344.0000, content_loss=4160584375.0000, style loss=34379723437500.0000, tv loss=16892820.0000
L-BFGS | iteration: 091, total loss=33631523307520.0000, content_loss=4163021875.0000, style loss=33627344531250.0000, tv loss=16898548.0000
L-BFGS | iteration: 092, total loss=32865284784128.0000, content_loss=4162874609.3750, style loss=32861104687500.0000, tv loss=16894210.0000
L-BFGS | iteration: 093, total loss=32140926386176.0000, content_loss=4172737890.6250, style loss=32136735937500.0000, tv loss=16878380.0000
L-BFGS | iteration: 094, total loss=32137308798976.0000, content_loss=4167794531.2500, style loss=32133124218750.0000, tv loss=16905476.0000
L-BFGS | iteration: 095, total loss=31744036175872.0000, content_loss=4170739453.1250, style loss=31739847656250.0000, tv loss=16890076.0000
L-BFGS | iteration: 096, total loss=31305582510080.0000, content_loss=4170986718.7500, style loss=31301395312500.0000, tv loss=16871162.0000
L-BFGS | iteration: 097, total loss=30764737495040.0000, content_loss=4176395312.5000, style loss=30760544531250.0000, tv loss=16865472.0000
L-BFGS | iteration: 098, total loss=30115203383296.0000, content_loss=4180427343.7500, style loss=30111007031250.0000, tv loss=16867356.0000
L-BFGS | iteration: 099, total loss=29509896110080.0000, content_loss=4189722265.6250, style loss=29505689062500.0000, tv loss=16876822.0000
L-BFGS | iteration: 100, total loss=29097323397120.0000, content_loss=4191501171.8750, style loss=29093114062500.0000, tv loss=16865160.0000
L-BFGS | iteration: 101, total loss=28751559655424.0000, content_loss=4186853515.6250, style loss=28747357031250.0000, tv loss=16881788.0000
L-BFGS | iteration: 102, total loss=28308276248576.0000, content_loss=4192300000.0000, style loss=28304067187500.0000, tv loss=16874486.0000
L-BFGS | iteration: 103, total loss=27943206125568.0000, content_loss=4195132812.5000, style loss=27938995312500.0000, tv loss=16868388.0000
L-BFGS | iteration: 104, total loss=27397734793216.0000, content_loss=4196995703.1250, style loss=27393522656250.0000, tv loss=16865318.0000
L-BFGS | iteration: 105, total loss=26994148376576.0000, content_loss=4199983984.3750, style loss=26989931250000.0000, tv loss=16863824.0000
L-BFGS | iteration: 106, total loss=26633190768640.0000, content_loss=4203373828.1250, style loss=26628970312500.0000, tv loss=16861148.0000
L-BFGS | iteration: 107, total loss=26273506131968.0000, content_loss=4205193359.3750, style loss=26269284375000.0000, tv loss=16875364.0000
L-BFGS | iteration: 108, total loss=25926324715520.0000, content_loss=4208849609.3750, style loss=25922100000000.0000, tv loss=16863292.0000
L-BFGS | iteration: 109, total loss=25582624571392.0000, content_loss=4210776171.8750, style loss=25578396093750.0000, tv loss=16865664.0000
L-BFGS | iteration: 110, total loss=25063977910272.0000, content_loss=4213819140.6250, style loss=25059747656250.0000, tv loss=16864286.0000
L-BFGS | iteration: 111, total loss=24676269031424.0000, content_loss=4220696875.0000, style loss=24672030468750.0000, tv loss=16858580.0000
L-BFGS | iteration: 112, total loss=24331467882496.0000, content_loss=4219285156.2500, style loss=24327232031250.0000, tv loss=16851956.0000
L-BFGS | iteration: 113, total loss=23994331824128.0000, content_loss=4221157031.2500, style loss=23990092968750.0000, tv loss=16846132.0000
L-BFGS | iteration: 114, total loss=23651831250944.0000, content_loss=4221798046.8750, style loss=23647593750000.0000, tv loss=16848892.0000
L-BFGS | iteration: 115, total loss=23321278152704.0000, content_loss=4225053125.0000, style loss=23317035937500.0000, tv loss=16847826.0000
L-BFGS | iteration: 116, total loss=23096809488384.0000, content_loss=4225862109.3750, style loss=23092567968750.0000, tv loss=16853262.0000
L-BFGS | iteration: 117, total loss=22861114769408.0000, content_loss=4228390234.3750, style loss=22856871093750.0000, tv loss=16833788.0000
L-BFGS | iteration: 118, total loss=22567190528000.0000, content_loss=4232504687.5000, style loss=22562941406250.0000, tv loss=16865008.0000
L-BFGS | iteration: 119, total loss=22334331158528.0000, content_loss=4235248437.5000, style loss=22330078125000.0000, tv loss=16855980.0000
L-BFGS | iteration: 120, total loss=22075962032128.0000, content_loss=4234909375.0000, style loss=22071710156250.0000, tv loss=16846742.0000
L-BFGS | iteration: 121, total loss=21891798532096.0000, content_loss=4238308203.1250, style loss=21887542968750.0000, tv loss=16849458.0000
L-BFGS | iteration: 122, total loss=21583760457728.0000, content_loss=4240763281.2500, style loss=21579503906250.0000, tv loss=16856782.0000
L-BFGS | iteration: 123, total loss=21294445756416.0000, content_loss=4246888281.2500, style loss=21290182031250.0000, tv loss=16854846.0000
L-BFGS | iteration: 124, total loss=21070495088640.0000, content_loss=4245119921.8750, style loss=21066234375000.0000, tv loss=16849836.0000
L-BFGS | iteration: 125, total loss=20866788229120.0000, content_loss=4245117187.5000, style loss=20862527343750.0000, tv loss=16841980.0000
L-BFGS | iteration: 126, total loss=20685608976384.0000, content_loss=4244446093.7500, style loss=20681348437500.0000, tv loss=16843868.0000
L-BFGS | iteration: 127, total loss=20445396992000.0000, content_loss=4248303125.0000, style loss=20441130468750.0000, tv loss=16828116.0000
L-BFGS | iteration: 128, total loss=20250860978176.0000, content_loss=4249685546.8750, style loss=20246594531250.0000, tv loss=16836136.0000
L-BFGS | iteration: 129, total loss=19984019357696.0000, content_loss=4251119921.8750, style loss=19979751562500.0000, tv loss=16840248.0000
L-BFGS | iteration: 130, total loss=19779184230400.0000, content_loss=4254800000.0000, style loss=19774912500000.0000, tv loss=16841732.0000
L-BFGS | iteration: 131, total loss=19546127728640.0000, content_loss=4255694140.6250, style loss=19541855859375.0000, tv loss=16841812.0000
L-BFGS | iteration: 132, total loss=19336783724544.0000, content_loss=4256877343.7500, style loss=19332509765625.0000, tv loss=16834330.0000
L-BFGS | iteration: 133, total loss=19224483332096.0000, content_loss=4255629296.8750, style loss=19220211328125.0000, tv loss=16841678.0000
L-BFGS | iteration: 134, total loss=19081128312832.0000, content_loss=4260306640.6250, style loss=19076852343750.0000, tv loss=16831988.0000
L-BFGS | iteration: 135, total loss=18961110401024.0000, content_loss=4259951953.1250, style loss=18956834765625.0000, tv loss=16829206.0000
L-BFGS | iteration: 136, total loss=18831703539712.0000, content_loss=4259839843.7500, style loss=18827428125000.0000, tv loss=16829334.0000
L-BFGS | iteration: 137, total loss=18674880610304.0000, content_loss=4261253515.6250, style loss=18670603125000.0000, tv loss=16830918.0000
L-BFGS | iteration: 138, total loss=18432116391936.0000, content_loss=4265456250.0000, style loss=18427833984375.0000, tv loss=16833492.0000
L-BFGS | iteration: 139, total loss=18259634028544.0000, content_loss=4268958593.7500, style loss=18255346875000.0000, tv loss=16836744.0000
L-BFGS | iteration: 140, total loss=18067392299008.0000, content_loss=4270816796.8750, style loss=18063106640625.0000, tv loss=16831264.0000
L-BFGS | iteration: 141, total loss=17957126144000.0000, content_loss=4271699609.3750, style loss=17952837890625.0000, tv loss=16834024.0000
L-BFGS | iteration: 142, total loss=17842766348288.0000, content_loss=4273390625.0000, style loss=17838474609375.0000, tv loss=16817560.0000
L-BFGS | iteration: 143, total loss=17701288280064.0000, content_loss=4273306640.6250, style loss=17696996484375.0000, tv loss=16821900.0000
L-BFGS | iteration: 144, total loss=17554040946688.0000, content_loss=4275428906.2500, style loss=17549749218750.0000, tv loss=16826572.0000
L-BFGS | iteration: 145, total loss=17439174688768.0000, content_loss=4274412500.0000, style loss=17434884375000.0000, tv loss=16820980.0000
L-BFGS | iteration: 146, total loss=17319179845632.0000, content_loss=4276596484.3750, style loss=17314886718750.0000, tv loss=16819042.0000
L-BFGS | iteration: 147, total loss=17193519546368.0000, content_loss=4275473046.8750, style loss=17189227734375.0000, tv loss=16820240.0000
L-BFGS | iteration: 148, total loss=17048826544128.0000, content_loss=4277844140.6250, style loss=17044531640625.0000, tv loss=16819034.0000
L-BFGS | iteration: 149, total loss=16918523150336.0000, content_loss=4278990625.0000, style loss=16914227343750.0000, tv loss=16823204.0000
L-BFGS | iteration: 150, total loss=16764067905536.0000, content_loss=4280030468.7500, style loss=16759770703125.0000, tv loss=16815836.0000
L-BFGS | iteration: 151, total loss=16634585546752.0000, content_loss=4282208593.7500, style loss=16630286718750.0000, tv loss=16822320.0000
L-BFGS | iteration: 152, total loss=16552539717632.0000, content_loss=4282811718.7500, style loss=16548240234375.0000, tv loss=16821326.0000
L-BFGS | iteration: 153, total loss=16386663383040.0000, content_loss=4283958984.3750, style loss=16382362500000.0000, tv loss=16817726.0000
L-BFGS | iteration: 154, total loss=16298541056000.0000, content_loss=4286157812.5000, style loss=16294237500000.0000, tv loss=16816996.0000
L-BFGS | iteration: 155, total loss=16215302995968.0000, content_loss=4286735937.5000, style loss=16210999218750.0000, tv loss=16813220.0000
L-BFGS | iteration: 156, total loss=16209027268608.0000, content_loss=4283923437.5000, style loss=16204727343750.0000, tv loss=16828962.0000
L-BFGS | iteration: 157, total loss=16121215320064.0000, content_loss=4285610937.5000, style loss=16116912890625.0000, tv loss=16820484.0000
L-BFGS | iteration: 158, total loss=16043216994304.0000, content_loss=4288065625.0000, style loss=16038912890625.0000, tv loss=16816946.0000
L-BFGS | iteration: 159, total loss=15963596521472.0000, content_loss=4289058593.7500, style loss=15959291015625.0000, tv loss=16814854.0000
L-BFGS | iteration: 160, total loss=15823302295552.0000, content_loss=4292780078.1250, style loss=15818992968750.0000, tv loss=16815572.0000
L-BFGS | iteration: 161, total loss=15723586912256.0000, content_loss=4293410937.5000, style loss=15719275781250.0000, tv loss=16807628.0000
L-BFGS | iteration: 162, total loss=15659463344128.0000, content_loss=4294804687.5000, style loss=15655151953125.0000, tv loss=16807456.0000
L-BFGS | iteration: 163, total loss=15571267616768.0000, content_loss=4295063671.8750, style loss=15566955468750.0000, tv loss=16811480.0000
L-BFGS | iteration: 164, total loss=15508370882560.0000, content_loss=4297222265.6250, style loss=15504057421875.0000, tv loss=16808388.0000
L-BFGS | iteration: 165, total loss=15431788134400.0000, content_loss=4296458593.7500, style loss=15427475390625.0000, tv loss=16808550.0000
L-BFGS | iteration: 166, total loss=15328576798720.0000, content_loss=4295489062.5000, style loss=15324264843750.0000, tv loss=16810736.0000
L-BFGS | iteration: 167, total loss=15257890193408.0000, content_loss=4296184375.0000, style loss=15253577343750.0000, tv loss=16808332.0000
L-BFGS | iteration: 168, total loss=15144324169728.0000, content_loss=4298536328.1250, style loss=15140009765625.0000, tv loss=16813254.0000
L-BFGS | iteration: 169, total loss=15051208523776.0000, content_loss=4299106640.6250, style loss=15046892578125.0000, tv loss=16804888.0000
L-BFGS | iteration: 170, total loss=14982879117312.0000, content_loss=4300089453.1250, style loss=14978561718750.0000, tv loss=16805370.0000
L-BFGS | iteration: 171, total loss=14894490451968.0000, content_loss=4300487500.0000, style loss=14890173046875.0000, tv loss=16806552.0000
L-BFGS | iteration: 172, total loss=14834633539584.0000, content_loss=4304671093.7500, style loss=14830312500000.0000, tv loss=16802198.0000
L-BFGS | iteration: 173, total loss=14769671110656.0000, content_loss=4303344531.2500, style loss=14765350781250.0000, tv loss=16804788.0000
L-BFGS | iteration: 174, total loss=14705910349824.0000, content_loss=4302621875.0000, style loss=14701591406250.0000, tv loss=16802776.0000
L-BFGS | iteration: 175, total loss=14652203335680.0000, content_loss=4303881640.6250, style loss=14647882031250.0000, tv loss=16803196.0000
L-BFGS | iteration: 176, total loss=14554767556608.0000, content_loss=4304750781.2500, style loss=14550446484375.0000, tv loss=16799894.0000
L-BFGS | iteration: 177, total loss=14464282787840.0000, content_loss=4308560546.8750, style loss=14459957812500.0000, tv loss=16804996.0000
L-BFGS | iteration: 178, total loss=14402402123776.0000, content_loss=4309212500.0000, style loss=14398075781250.0000, tv loss=16800080.0000
L-BFGS | iteration: 179, total loss=14339627024384.0000, content_loss=4308052343.7500, style loss=14335303125000.0000, tv loss=16804460.0000
L-BFGS | iteration: 180, total loss=14262570319872.0000, content_loss=4309354296.8750, style loss=14258244140625.0000, tv loss=16800776.0000
L-BFGS | iteration: 181, total loss=14198342942720.0000, content_loss=4309511718.7500, style loss=14194016015625.0000, tv loss=16801108.0000
L-BFGS | iteration: 182, total loss=14094297989120.0000, content_loss=4309845703.1250, style loss=14089971093750.0000, tv loss=16805328.0000
L-BFGS | iteration: 183, total loss=14033410326528.0000, content_loss=4309259375.0000, style loss=14029083984375.0000, tv loss=16800986.0000
L-BFGS | iteration: 184, total loss=13974619815936.0000, content_loss=4311281250.0000, style loss=13970291015625.0000, tv loss=16800036.0000
L-BFGS | iteration: 185, total loss=13923594010624.0000, content_loss=4311997265.6250, style loss=13919265234375.0000, tv loss=16806056.0000
L-BFGS | iteration: 186, total loss=13877879242752.0000, content_loss=4312725390.6250, style loss=13873549218750.0000, tv loss=16803512.0000
L-BFGS | iteration: 187, total loss=13788288909312.0000, content_loss=4313987109.3750, style loss=13783958203125.0000, tv loss=16803190.0000
L-BFGS | iteration: 188, total loss=13710593622016.0000, content_loss=4315413281.2500, style loss=13706261718750.0000, tv loss=16803816.0000
L-BFGS | iteration: 189, total loss=13640622145536.0000, content_loss=4316752343.7500, style loss=13636287890625.0000, tv loss=16801758.0000
L-BFGS | iteration: 190, total loss=13590396403712.0000, content_loss=4317401171.8750, style loss=13586062500000.0000, tv loss=16802368.0000
L-BFGS | iteration: 191, total loss=13506986377216.0000, content_loss=4318240625.0000, style loss=13502651953125.0000, tv loss=16798892.0000
L-BFGS | iteration: 192, total loss=13459995492352.0000, content_loss=4318170312.5000, style loss=13455660937500.0000, tv loss=16802440.0000
L-BFGS | iteration: 193, total loss=13415022067712.0000, content_loss=4320111718.7500, style loss=13410685546875.0000, tv loss=16798976.0000
L-BFGS | iteration: 194, total loss=13387515822080.0000, content_loss=4320050781.2500, style loss=13383179296875.0000, tv loss=16805378.0000
L-BFGS | iteration: 195, total loss=13346316222464.0000, content_loss=4320267187.5000, style loss=13341979687500.0000, tv loss=16800814.0000
L-BFGS | iteration: 196, total loss=13313252524032.0000, content_loss=4320570312.5000, style loss=13308915234375.0000, tv loss=16799620.0000
L-BFGS | iteration: 197, total loss=13268602060800.0000, content_loss=4321224218.7500, style loss=13264264453125.0000, tv loss=16799778.0000
L-BFGS | iteration: 198, total loss=13196655067136.0000, content_loss=4322084765.6250, style loss=13192316015625.0000, tv loss=16801170.0000
L-BFGS | iteration: 199, total loss=13128859385856.0000, content_loss=4325229687.5000, style loss=13124517187500.0000, tv loss=16804386.0000
L-BFGS | iteration: 200, total loss=13074094358528.0000, content_loss=4324732031.2500, style loss=13069753125000.0000, tv loss=16800548.0000
L-BFGS | iteration: 201, total loss=13032269807616.0000, content_loss=4325270703.1250, style loss=13027927734375.0000, tv loss=16799164.0000
L-BFGS | iteration: 202, total loss=12991481249792.0000, content_loss=4324575390.6250, style loss=12987140625000.0000, tv loss=16801738.0000
L-BFGS | iteration: 203, total loss=12948544159744.0000, content_loss=4327168359.3750, style loss=12944199609375.0000, tv loss=16796124.0000
L-BFGS | iteration: 204, total loss=12910685323264.0000, content_loss=4327622265.6250, style loss=12906341015625.0000, tv loss=16801450.0000
L-BFGS | iteration: 205, total loss=12867245965312.0000, content_loss=4327696093.7500, style loss=12862901953125.0000, tv loss=16805712.0000
L-BFGS | iteration: 206, total loss=12823408148480.0000, content_loss=4328324609.3750, style loss=12819063281250.0000, tv loss=16807066.0000
L-BFGS | iteration: 207, total loss=12751001878528.0000, content_loss=4329764843.7500, style loss=12746655468750.0000, tv loss=16806884.0000
L-BFGS | iteration: 208, total loss=12698030964736.0000, content_loss=4331462500.0000, style loss=12693682031250.0000, tv loss=16808968.0000
L-BFGS | iteration: 209, total loss=12658826805248.0000, content_loss=4332103515.6250, style loss=12654478125000.0000, tv loss=16807024.0000
L-BFGS | iteration: 210, total loss=12614792904704.0000, content_loss=4332321875.0000, style loss=12610443750000.0000, tv loss=16809196.0000
L-BFGS | iteration: 211, total loss=12578658975744.0000, content_loss=4334376953.1250, style loss=12574307812500.0000, tv loss=16803236.0000
L-BFGS | iteration: 212, total loss=12538945208320.0000, content_loss=4334393750.0000, style loss=12534594140625.0000, tv loss=16807248.0000
L-BFGS | iteration: 213, total loss=12494422671360.0000, content_loss=4334051562.5000, style loss=12490072265625.0000, tv loss=16813698.0000
L-BFGS | iteration: 214, total loss=12466064982016.0000, content_loss=4334655078.1250, style loss=12461712890625.0000, tv loss=16811764.0000
L-BFGS | iteration: 215, total loss=12415814074368.0000, content_loss=4335057031.2500, style loss=12411462890625.0000, tv loss=16810440.0000
L-BFGS | iteration: 216, total loss=12360670511104.0000, content_loss=4335234375.0000, style loss=12356319140625.0000, tv loss=16809766.0000
L-BFGS | iteration: 217, total loss=12315107786752.0000, content_loss=4336254687.5000, style loss=12310755468750.0000, tv loss=16813574.0000
L-BFGS | iteration: 218, total loss=12277564571648.0000, content_loss=4336418750.0000, style loss=12273210937500.0000, tv loss=16808932.0000
L-BFGS | iteration: 219, total loss=12235488362496.0000, content_loss=4337291406.2500, style loss=12231134765625.0000, tv loss=16813702.0000
L-BFGS | iteration: 220, total loss=12193250672640.0000, content_loss=4338603515.6250, style loss=12188894531250.0000, tv loss=16812054.0000
L-BFGS | iteration: 221, total loss=12154207993856.0000, content_loss=4338216015.6250, style loss=12149853515625.0000, tv loss=16815424.0000
L-BFGS | iteration: 222, total loss=12115220889600.0000, content_loss=4340562109.3750, style loss=12110864062500.0000, tv loss=16815994.0000
L-BFGS | iteration: 223, total loss=12087510171648.0000, content_loss=4340779296.8750, style loss=12083152734375.0000, tv loss=16815950.0000
L-BFGS | iteration: 224, total loss=12044635996160.0000, content_loss=4341008984.3750, style loss=12040278515625.0000, tv loss=16816838.0000
L-BFGS | iteration: 225, total loss=11999859703808.0000, content_loss=4341994921.8750, style loss=11995501171875.0000, tv loss=16814770.0000
L-BFGS | iteration: 226, total loss=11955420004352.0000, content_loss=4342564843.7500, style loss=11951061328125.0000, tv loss=16815244.0000
L-BFGS | iteration: 227, total loss=11925780955136.0000, content_loss=4342625000.0000, style loss=11921422265625.0000, tv loss=16820328.0000
L-BFGS | iteration: 228, total loss=11895656415232.0000, content_loss=4343945703.1250, style loss=11891295703125.0000, tv loss=16816750.0000
L-BFGS | iteration: 229, total loss=11862445916160.0000, content_loss=4344229687.5000, style loss=11858084765625.0000, tv loss=16820578.0000
L-BFGS | iteration: 230, total loss=11816933523456.0000, content_loss=4344372265.6250, style loss=11812572656250.0000, tv loss=16822028.0000
L-BFGS | iteration: 231, total loss=11784513650688.0000, content_loss=4346049218.7500, style loss=11780150390625.0000, tv loss=16823552.0000
L-BFGS | iteration: 232, total loss=11756603703296.0000, content_loss=4346069531.2500, style loss=11752241015625.0000, tv loss=16822458.0000
L-BFGS | iteration: 233, total loss=11716327899136.0000, content_loss=4346920703.1250, style loss=11711963671875.0000, tv loss=16824090.0000
L-BFGS | iteration: 234, total loss=11671939579904.0000, content_loss=4347529687.5000, style loss=11667575390625.0000, tv loss=16824832.0000
L-BFGS | iteration: 235, total loss=11632627417088.0000, content_loss=4349754296.8750, style loss=11628261328125.0000, tv loss=16826608.0000
L-BFGS | iteration: 236, total loss=11603565084672.0000, content_loss=4349591015.6250, style loss=11599198828125.0000, tv loss=16829426.0000
L-BFGS | iteration: 237, total loss=11586082177024.0000, content_loss=4349850781.2500, style loss=11581715625000.0000, tv loss=16822206.0000
L-BFGS | iteration: 238, total loss=11558325321728.0000, content_loss=4349313281.2500, style loss=11553958593750.0000, tv loss=16826700.0000
L-BFGS | iteration: 239, total loss=11532999065600.0000, content_loss=4349665625.0000, style loss=11528633203125.0000, tv loss=16829326.0000
L-BFGS | iteration: 240, total loss=11500317048832.0000, content_loss=4350010156.2500, style loss=11495950781250.0000, tv loss=16829314.0000
L-BFGS | iteration: 241, total loss=11459918561280.0000, content_loss=4351441015.6250, style loss=11455550390625.0000, tv loss=16832684.0000
L-BFGS | iteration: 242, total loss=11421799677952.0000, content_loss=4351518359.3750, style loss=11417431640625.0000, tv loss=16829958.0000
L-BFGS | iteration: 243, total loss=11388876488704.0000, content_loss=4353112890.6250, style loss=11384506640625.0000, tv loss=16830588.0000
L-BFGS | iteration: 244, total loss=11364607197184.0000, content_loss=4353842578.1250, style loss=11360237109375.0000, tv loss=16834480.0000
L-BFGS | iteration: 245, total loss=11334569689088.0000, content_loss=4355895703.1250, style loss=11330197265625.0000, tv loss=16834230.0000
L-BFGS | iteration: 246, total loss=11309400719360.0000, content_loss=4355437500.0000, style loss=11305027734375.0000, tv loss=16835512.0000
L-BFGS | iteration: 247, total loss=11279355871232.0000, content_loss=4355522656.2500, style loss=11274983203125.0000, tv loss=16836490.0000
L-BFGS | iteration: 248, total loss=11250117378048.0000, content_loss=4356010156.2500, style loss=11245744921875.0000, tv loss=16839600.0000
L-BFGS | iteration: 249, total loss=11217605230592.0000, content_loss=4357021093.7500, style loss=11213231250000.0000, tv loss=16841392.0000
L-BFGS | iteration: 250, total loss=11189138489344.0000, content_loss=4357503125.0000, style loss=11184764062500.0000, tv loss=16842964.0000
L-BFGS | iteration: 251, total loss=11150238416896.0000, content_loss=4358414062.5000, style loss=11145862500000.0000, tv loss=16844302.0000
L-BFGS | iteration: 252, total loss=11118490681344.0000, content_loss=4359047656.2500, style loss=11114115234375.0000, tv loss=16842112.0000
L-BFGS | iteration: 253, total loss=11095349657600.0000, content_loss=4359167968.7500, style loss=11090974218750.0000, tv loss=16846128.0000
L-BFGS | iteration: 254, total loss=11072180322304.0000, content_loss=4360542968.7500, style loss=11067802734375.0000, tv loss=16841352.0000
L-BFGS | iteration: 255, total loss=11050195877888.0000, content_loss=4360342187.5000, style loss=11045819531250.0000, tv loss=16847138.0000
L-BFGS | iteration: 256, total loss=11032600772608.0000, content_loss=4360244531.2500, style loss=11028223828125.0000, tv loss=16848864.0000
L-BFGS | iteration: 257, total loss=11008804388864.0000, content_loss=4360436718.7500, style loss=11004427734375.0000, tv loss=16851644.0000
L-BFGS | iteration: 258, total loss=10972505833472.0000, content_loss=4361180859.3750, style loss=10968127734375.0000, tv loss=16855110.0000
L-BFGS | iteration: 259, total loss=10948732518400.0000, content_loss=4360287109.3750, style loss=10944356250000.0000, tv loss=16857050.0000
L-BFGS | iteration: 260, total loss=10921509388288.0000, content_loss=4361848828.1250, style loss=10917130078125.0000, tv loss=16855398.0000
L-BFGS | iteration: 261, total loss=10907868463104.0000, content_loss=4362194140.6250, style loss=10903489453125.0000, tv loss=16858162.0000
L-BFGS | iteration: 262, total loss=10892075859968.0000, content_loss=4362369140.6250, style loss=10887697265625.0000, tv loss=16856604.0000
L-BFGS | iteration: 263, total loss=10855129284608.0000, content_loss=4363167968.7500, style loss=10850749218750.0000, tv loss=16861124.0000
L-BFGS | iteration: 264, total loss=10832572317696.0000, content_loss=4362499609.3750, style loss=10828192968750.0000, tv loss=16858532.0000
L-BFGS | iteration: 265, total loss=10806805659648.0000, content_loss=4363965234.3750, style loss=10802424609375.0000, tv loss=16861162.0000
L-BFGS | iteration: 266, total loss=10790715260928.0000, content_loss=4364635156.2500, style loss=10786334765625.0000, tv loss=16867704.0000
L-BFGS | iteration: 267, total loss=10772931411968.0000, content_loss=4365279296.8750, style loss=10768549218750.0000, tv loss=16867214.0000
L-BFGS | iteration: 268, total loss=10742703063040.0000, content_loss=4365571484.3750, style loss=10738320703125.0000, tv loss=16870240.0000
L-BFGS | iteration: 269, total loss=10708386316288.0000, content_loss=4366064453.1250, style loss=10704003515625.0000, tv loss=16870040.0000
L-BFGS | iteration: 270, total loss=10679724539904.0000, content_loss=4367803906.2500, style loss=10675340625000.0000, tv loss=16875768.0000
L-BFGS | iteration: 271, total loss=10654303911936.0000, content_loss=4368017968.7500, style loss=10649919140625.0000, tv loss=16874964.0000
L-BFGS | iteration: 272, total loss=10633572515840.0000, content_loss=4368642968.7500, style loss=10629187500000.0000, tv loss=16874580.0000
L-BFGS | iteration: 273, total loss=10611084754944.0000, content_loss=4368555859.3750, style loss=10606699218750.0000, tv loss=16881272.0000
L-BFGS | iteration: 274, total loss=10588193292288.0000, content_loss=4369789453.1250, style loss=10583806640625.0000, tv loss=16876880.0000
L-BFGS | iteration: 275, total loss=10567427293184.0000, content_loss=4369812109.3750, style loss=10563041015625.0000, tv loss=16880602.0000
L-BFGS | iteration: 276, total loss=10544964698112.0000, content_loss=4369664062.5000, style loss=10540578515625.0000, tv loss=16883574.0000
L-BFGS | iteration: 277, total loss=10521322455040.0000, content_loss=4370039062.5000, style loss=10516934765625.0000, tv loss=16883820.0000
L-BFGS | iteration: 278, total loss=10491819720704.0000, content_loss=4369884765.6250, style loss=10487433984375.0000, tv loss=16888768.0000
L-BFGS | iteration: 279, total loss=10465825521664.0000, content_loss=4370822265.6250, style loss=10461438281250.0000, tv loss=16888730.0000
L-BFGS | iteration: 280, total loss=10452424720384.0000, content_loss=4371329687.5000, style loss=10448036718750.0000, tv loss=16887154.0000
L-BFGS | iteration: 281, total loss=10432011042816.0000, content_loss=4371592968.7500, style loss=10427622656250.0000, tv loss=16892716.0000
L-BFGS | iteration: 282, total loss=10409270575104.0000, content_loss=4373010937.5000, style loss=10404881250000.0000, tv loss=16891542.0000
L-BFGS | iteration: 283, total loss=10390422421504.0000, content_loss=4372671875.0000, style loss=10386032812500.0000, tv loss=16893088.0000
L-BFGS | iteration: 284, total loss=10367977652224.0000, content_loss=4372595703.1250, style loss=10363587890625.0000, tv loss=16896980.0000
L-BFGS | iteration: 285, total loss=10347596480512.0000, content_loss=4372971093.7500, style loss=10343206640625.0000, tv loss=16895868.0000
L-BFGS | iteration: 286, total loss=10316171706368.0000, content_loss=4373944921.8750, style loss=10311781640625.0000, tv loss=16904598.0000
L-BFGS | iteration: 287, total loss=10293536096256.0000, content_loss=4374751953.1250, style loss=10289144531250.0000, tv loss=16901144.0000
L-BFGS | iteration: 288, total loss=10275650535424.0000, content_loss=4375666406.2500, style loss=10271258203125.0000, tv loss=16901728.0000
L-BFGS | iteration: 289, total loss=10250568597504.0000, content_loss=4376597656.2500, style loss=10246175390625.0000, tv loss=16908712.0000
L-BFGS | iteration: 290, total loss=10233920356352.0000, content_loss=4378139453.1250, style loss=10229525390625.0000, tv loss=16904014.0000
L-BFGS | iteration: 291, total loss=10214051938304.0000, content_loss=4377853906.2500, style loss=10209657421875.0000, tv loss=16909840.0000
L-BFGS | iteration: 292, total loss=10196860534784.0000, content_loss=4377447656.2500, style loss=10192466015625.0000, tv loss=16913156.0000
L-BFGS | iteration: 293, total loss=10178751627264.0000, content_loss=4377375781.2500, style loss=10174357031250.0000, tv loss=16914520.0000
L-BFGS | iteration: 294, total loss=10149623234560.0000, content_loss=4377229296.8750, style loss=10145230078125.0000, tv loss=16918722.0000
L-BFGS | iteration: 295, total loss=10126168686592.0000, content_loss=4378739843.7500, style loss=10121772656250.0000, tv loss=16921404.0000
L-BFGS | iteration: 296, total loss=10109996498944.0000, content_loss=4378787109.3750, style loss=10105600781250.0000, tv loss=16922266.0000
L-BFGS | iteration: 297, total loss=10094393688064.0000, content_loss=4379409765.6250, style loss=10089997265625.0000, tv loss=16921324.0000
L-BFGS | iteration: 298, total loss=10077051289600.0000, content_loss=4379818750.0000, style loss=10072654687500.0000, tv loss=16924992.0000
L-BFGS | iteration: 299, total loss=10054358007808.0000, content_loss=4380364843.7500, style loss=10049961328125.0000, tv loss=16923668.0000
L-BFGS | iteration: 300, total loss=10036002684928.0000, content_loss=4380687109.3750, style loss=10031605078125.0000, tv loss=16929548.0000
L-BFGS | iteration: 301, total loss=10016095469568.0000, content_loss=4380568750.0000, style loss=10011697265625.0000, tv loss=16929992.0000
L-BFGS | iteration: 302, total loss=9997665697792.0000, content_loss=4381368359.3750, style loss=9993268359375.0000, tv loss=16937910.0000
L-BFGS | iteration: 303, total loss=9978361413632.0000, content_loss=4381971875.0000, style loss=9973962890625.0000, tv loss=16937752.0000
L-BFGS | iteration: 304, total loss=9957646794752.0000, content_loss=4381879687.5000, style loss=9953247656250.0000, tv loss=16943232.0000
L-BFGS | iteration: 305, total loss=9944043618304.0000, content_loss=4382936328.1250, style loss=9939643359375.0000, tv loss=16941644.0000
L-BFGS | iteration: 306, total loss=9930031497216.0000, content_loss=4383127343.7500, style loss=9925631250000.0000, tv loss=16944764.0000
L-BFGS | iteration: 307, total loss=9908766375936.0000, content_loss=4383240625.0000, style loss=9904366406250.0000, tv loss=16949862.0000
L-BFGS | iteration: 308, total loss=9891124084736.0000, content_loss=4383069531.2500, style loss=9886723828125.0000, tv loss=16949976.0000
L-BFGS | iteration: 309, total loss=9873938972672.0000, content_loss=4383638281.2500, style loss=9869538281250.0000, tv loss=16949056.0000
L-BFGS | iteration: 310, total loss=9855048876032.0000, content_loss=4383606250.0000, style loss=9850647656250.0000, tv loss=16953890.0000
L-BFGS | iteration: 311, total loss=9838854668288.0000, content_loss=4384562109.3750, style loss=9834453515625.0000, tv loss=16952502.0000
L-BFGS | iteration: 312, total loss=9821403217920.0000, content_loss=4385055859.3750, style loss=9817001367187.5000, tv loss=16957738.0000
L-BFGS | iteration: 313, total loss=9798345031680.0000, content_loss=4385315234.3750, style loss=9793943554687.5000, tv loss=16964398.0000
L-BFGS | iteration: 314, total loss=9782116220928.0000, content_loss=4385265625.0000, style loss=9777714257812.5000, tv loss=16966920.0000
L-BFGS | iteration: 315, total loss=9769176793088.0000, content_loss=4385537890.6250, style loss=9764775000000.0000, tv loss=16967548.0000
L-BFGS | iteration: 316, total loss=9753041305600.0000, content_loss=4384983203.1250, style loss=9748638867187.5000, tv loss=16972154.0000
L-BFGS | iteration: 317, total loss=9740231901184.0000, content_loss=4385703515.6250, style loss=9735829101562.5000, tv loss=16969234.0000
L-BFGS | iteration: 318, total loss=9724725559296.0000, content_loss=4385846484.3750, style loss=9720322851562.5000, tv loss=16972760.0000
L-BFGS | iteration: 319, total loss=9701628575744.0000, content_loss=4386224609.3750, style loss=9697225195312.5000, tv loss=16977188.0000
L-BFGS | iteration: 320, total loss=9685606334464.0000, content_loss=4386994921.8750, style loss=9681202734375.0000, tv loss=16980308.0000
L-BFGS | iteration: 321, total loss=9667661004800.0000, content_loss=4387344531.2500, style loss=9663257226562.5000, tv loss=16982222.0000
L-BFGS | iteration: 322, total loss=9647941484544.0000, content_loss=4387926953.1250, style loss=9643536914062.5000, tv loss=16988256.0000
L-BFGS | iteration: 323, total loss=9630772101120.0000, content_loss=4388019921.8750, style loss=9626367187500.0000, tv loss=16986824.0000
L-BFGS | iteration: 324, total loss=9616482107392.0000, content_loss=4388393359.3750, style loss=9612076757812.5000, tv loss=16991432.0000
L-BFGS | iteration: 325, total loss=9599734251520.0000, content_loss=4389062109.3750, style loss=9595327734375.0000, tv loss=16990432.0000
L-BFGS | iteration: 326, total loss=9589467643904.0000, content_loss=4388614843.7500, style loss=9585062695312.5000, tv loss=16998248.0000
L-BFGS | iteration: 327, total loss=9576552333312.0000, content_loss=4389283593.7500, style loss=9572146289062.5000, tv loss=16995590.0000
L-BFGS | iteration: 328, total loss=9562715324416.0000, content_loss=4389622265.6250, style loss=9558308789062.5000, tv loss=16995152.0000
L-BFGS | iteration: 329, total loss=9546699374592.0000, content_loss=4390223437.5000, style loss=9542292187500.0000, tv loss=16999668.0000
L-BFGS | iteration: 330, total loss=9528240242688.0000, content_loss=4390112890.6250, style loss=9523832812500.0000, tv loss=17001972.0000
L-BFGS | iteration: 331, total loss=9511691616256.0000, content_loss=4391074609.3750, style loss=9507283007812.5000, tv loss=17005460.0000
L-BFGS | iteration: 332, total loss=9497763381248.0000, content_loss=4391577343.7500, style loss=9493354687500.0000, tv loss=17007636.0000
L-BFGS | iteration: 333, total loss=9482977411072.0000, content_loss=4392239062.5000, style loss=9478568554687.5000, tv loss=17009884.0000
L-BFGS | iteration: 334, total loss=9468168372224.0000, content_loss=4392095703.1250, style loss=9463759570312.5000, tv loss=17014324.0000
L-BFGS | iteration: 335, total loss=9454699413504.0000, content_loss=4392419140.6250, style loss=9450290625000.0000, tv loss=17011188.0000
L-BFGS | iteration: 336, total loss=9442066169856.0000, content_loss=4392525781.2500, style loss=9437657226562.5000, tv loss=17019134.0000
L-BFGS | iteration: 337, total loss=9429205385216.0000, content_loss=4392486328.1250, style loss=9424796484375.0000, tv loss=17019248.0000
L-BFGS | iteration: 338, total loss=9409935704064.0000, content_loss=4392844140.6250, style loss=9405526757812.5000, tv loss=17020534.0000
L-BFGS | iteration: 339, total loss=9396461502464.0000, content_loss=4392864843.7500, style loss=9392052539062.5000, tv loss=17024632.0000
L-BFGS | iteration: 340, total loss=9385496543232.0000, content_loss=4393394921.8750, style loss=9381086132812.5000, tv loss=17025052.0000
L-BFGS | iteration: 341, total loss=9372500492288.0000, content_loss=4394020312.5000, style loss=9368090625000.0000, tv loss=17028890.0000
L-BFGS | iteration: 342, total loss=9362302042112.0000, content_loss=4395038671.8750, style loss=9357890625000.0000, tv loss=17028296.0000
L-BFGS | iteration: 343, total loss=9348663214080.0000, content_loss=4394977343.7500, style loss=9344251757812.5000, tv loss=17034252.0000
L-BFGS | iteration: 344, total loss=9334262071296.0000, content_loss=4395113281.2500, style loss=9329850000000.0000, tv loss=17035568.0000
L-BFGS | iteration: 345, total loss=9318697009152.0000, content_loss=4395451953.1250, style loss=9314284570312.5000, tv loss=17037940.0000
L-BFGS | iteration: 346, total loss=9304497192960.0000, content_loss=4395462500.0000, style loss=9300084375000.0000, tv loss=17041502.0000
L-BFGS | iteration: 347, total loss=9292240388096.0000, content_loss=4395959375.0000, style loss=9287827734375.0000, tv loss=17040992.0000
L-BFGS | iteration: 348, total loss=9280277184512.0000, content_loss=4396194921.8750, style loss=9275863476562.5000, tv loss=17047050.0000
L-BFGS | iteration: 349, total loss=9269815541760.0000, content_loss=4396847265.6250, style loss=9265401562500.0000, tv loss=17045098.0000
L-BFGS | iteration: 350, total loss=9257939369984.0000, content_loss=4397032812.5000, style loss=9253526367187.5000, tv loss=17048920.0000
L-BFGS | iteration: 351, total loss=9238934978560.0000, content_loss=4396889453.1250, style loss=9234521484375.0000, tv loss=17056504.0000
L-BFGS | iteration: 352, total loss=9228398886912.0000, content_loss=4397653515.6250, style loss=9223984570312.5000, tv loss=17055706.0000
L-BFGS | iteration: 353, total loss=9217427636224.0000, content_loss=4397731250.0000, style loss=9213013476562.5000, tv loss=17055634.0000
L-BFGS | iteration: 354, total loss=9198950678528.0000, content_loss=4398147265.6250, style loss=9194535937500.0000, tv loss=17060944.0000
L-BFGS | iteration: 355, total loss=9187311484928.0000, content_loss=4397823828.1250, style loss=9182896875000.0000, tv loss=17059164.0000
L-BFGS | iteration: 356, total loss=9177558679552.0000, content_loss=4398615625.0000, style loss=9173143359375.0000, tv loss=17060118.0000
L-BFGS | iteration: 357, total loss=9166034829312.0000, content_loss=4399371484.3750, style loss=9161618554687.5000, tv loss=17070084.0000
L-BFGS | iteration: 358, total loss=9155950673920.0000, content_loss=4399528125.0000, style loss=9151533984375.0000, tv loss=17066830.0000
L-BFGS | iteration: 359, total loss=9141632368640.0000, content_loss=4399941015.6250, style loss=9137215429687.5000, tv loss=17070800.0000
L-BFGS | iteration: 360, total loss=9125249417216.0000, content_loss=4399608203.1250, style loss=9120832617187.5000, tv loss=17075546.0000
L-BFGS | iteration: 361, total loss=9113360662528.0000, content_loss=4400623437.5000, style loss=9108943359375.0000, tv loss=17078476.0000
L-BFGS | iteration: 362, total loss=9104656433152.0000, content_loss=4400612109.3750, style loss=9100238671875.0000, tv loss=17078646.0000
L-BFGS | iteration: 363, total loss=9087517458432.0000, content_loss=4400809375.0000, style loss=9083100000000.0000, tv loss=17082064.0000
L-BFGS | iteration: 364, total loss=9075839467520.0000, content_loss=4401174218.7500, style loss=9071421679687.5000, tv loss=17083068.0000
L-BFGS | iteration: 365, total loss=9064342880256.0000, content_loss=4401387109.3750, style loss=9059925000000.0000, tv loss=17087680.0000
L-BFGS | iteration: 366, total loss=9051740045312.0000, content_loss=4402258593.7500, style loss=9047321484375.0000, tv loss=17090304.0000
L-BFGS | iteration: 367, total loss=9045885845504.0000, content_loss=4402044140.6250, style loss=9041467382812.5000, tv loss=17099984.0000
L-BFGS | iteration: 368, total loss=9036344852480.0000, content_loss=4402385546.8750, style loss=9031925976562.5000, tv loss=17095320.0000
L-BFGS | iteration: 369, total loss=9025708097536.0000, content_loss=4402573828.1250, style loss=9021288867187.5000, tv loss=17093824.0000
L-BFGS | iteration: 370, total loss=9015001088000.0000, content_loss=4402677734.3750, style loss=9010580859375.0000, tv loss=17095434.0000
L-BFGS | iteration: 371, total loss=8999150813184.0000, content_loss=4402934765.6250, style loss=8994730664062.5000, tv loss=17104236.0000
L-BFGS | iteration: 372, total loss=8986308902912.0000, content_loss=4402832031.2500, style loss=8981888671875.0000, tv loss=17104848.0000
L-BFGS | iteration: 373, total loss=8977510301696.0000, content_loss=4403250000.0000, style loss=8973090820312.5000, tv loss=17105152.0000
L-BFGS | iteration: 374, total loss=8967022444544.0000, content_loss=4403400390.6250, style loss=8962603125000.0000, tv loss=17110300.0000
L-BFGS | iteration: 375, total loss=8954523418624.0000, content_loss=4403905078.1250, style loss=8950102734375.0000, tv loss=17114028.0000
L-BFGS | iteration: 376, total loss=8940128567296.0000, content_loss=4404154296.8750, style loss=8935707421875.0000, tv loss=17117754.0000
L-BFGS | iteration: 377, total loss=8927976620032.0000, content_loss=4404335937.5000, style loss=8923556250000.0000, tv loss=17117862.0000
L-BFGS | iteration: 378, total loss=8917464645632.0000, content_loss=4404377343.7500, style loss=8913043359375.0000, tv loss=17122320.0000
L-BFGS | iteration: 379, total loss=8905645096960.0000, content_loss=4404695312.5000, style loss=8901223242187.5000, tv loss=17122584.0000
L-BFGS | iteration: 380, total loss=8896361005056.0000, content_loss=4404409765.6250, style loss=8891940234375.0000, tv loss=17128542.0000
L-BFGS | iteration: 381, total loss=8887160799232.0000, content_loss=4404943359.3750, style loss=8882738671875.0000, tv loss=17128768.0000
L-BFGS | iteration: 382, total loss=8878318157824.0000, content_loss=4404964843.7500, style loss=8873896289062.5000, tv loss=17133580.0000
L-BFGS | iteration: 383, total loss=8868442669056.0000, content_loss=4405211328.1250, style loss=8864020312500.0000, tv loss=17132820.0000
L-BFGS | iteration: 384, total loss=8854049914880.0000, content_loss=4405615234.3750, style loss=8849626757812.5000, tv loss=17139354.0000
L-BFGS | iteration: 385, total loss=8843805327360.0000, content_loss=4405617187.5000, style loss=8839382226562.5000, tv loss=17134330.0000
L-BFGS | iteration: 386, total loss=8834980511744.0000, content_loss=4405950390.6250, style loss=8830557421875.0000, tv loss=17136608.0000
L-BFGS | iteration: 387, total loss=8824269307904.0000, content_loss=4405907421.8750, style loss=8819846484375.0000, tv loss=17146272.0000
L-BFGS | iteration: 388, total loss=8815016673280.0000, content_loss=4406537500.0000, style loss=8810593359375.0000, tv loss=17144910.0000
L-BFGS | iteration: 389, total loss=8806139428864.0000, content_loss=4406646875.0000, style loss=8801715234375.0000, tv loss=17147706.0000
L-BFGS | iteration: 390, total loss=8793267109888.0000, content_loss=4406430859.3750, style loss=8788843359375.0000, tv loss=17153364.0000
L-BFGS | iteration: 391, total loss=8784910483456.0000, content_loss=4406970312.5000, style loss=8780486132812.5000, tv loss=17155390.0000
L-BFGS | iteration: 392, total loss=8774960021504.0000, content_loss=4406996875.0000, style loss=8770535742187.5000, tv loss=17156600.0000
L-BFGS | iteration: 393, total loss=8761137692672.0000, content_loss=4407144140.6250, style loss=8756713476562.5000, tv loss=17164996.0000
L-BFGS | iteration: 394, total loss=8752249962496.0000, content_loss=4406715625.0000, style loss=8747825976562.5000, tv loss=17159936.0000
L-BFGS | iteration: 395, total loss=8744181170176.0000, content_loss=4407028515.6250, style loss=8739756445312.5000, tv loss=17163766.0000
L-BFGS | iteration: 396, total loss=8735541952512.0000, content_loss=4407586328.1250, style loss=8731116796875.0000, tv loss=17167878.0000
L-BFGS | iteration: 397, total loss=8728497094656.0000, content_loss=4407813671.8750, style loss=8724072070312.5000, tv loss=17169622.0000
L-BFGS | iteration: 398, total loss=8713907208192.0000, content_loss=4408641796.8750, style loss=8709481054687.5000, tv loss=17174296.0000
L-BFGS | iteration: 399, total loss=8704485228544.0000, content_loss=4408753906.2500, style loss=8700059179687.5000, tv loss=17174976.0000
L-BFGS | iteration: 400, total loss=8698529316864.0000, content_loss=4408761328.1250, style loss=8694103125000.0000, tv loss=17177068.0000
L-BFGS | iteration: 401, total loss=8692370505728.0000, content_loss=4409817187.5000, style loss=8687943164062.5000, tv loss=17174908.0000
L-BFGS | iteration: 402, total loss=8684837011456.0000, content_loss=4409133984.3750, style loss=8680410351562.5000, tv loss=17182260.0000
L-BFGS | iteration: 403, total loss=8679443136512.0000, content_loss=4409137890.6250, style loss=8675016796875.0000, tv loss=17181854.0000
L-BFGS | iteration: 404, total loss=8669259366400.0000, content_loss=4409456250.0000, style loss=8664832617187.5000, tv loss=17182856.0000
L-BFGS | iteration: 405, total loss=8658105139200.0000, content_loss=4409815625.0000, style loss=8653678125000.0000, tv loss=17186300.0000
L-BFGS | iteration: 406, total loss=8646843957248.0000, content_loss=4409952343.7500, style loss=8642416992187.5000, tv loss=17191554.0000
L-BFGS | iteration: 407, total loss=8637191815168.0000, content_loss=4410636718.7500, style loss=8632763671875.0000, tv loss=17192816.0000
L-BFGS | iteration: 408, total loss=8632079482880.0000, content_loss=4410610156.2500, style loss=8627651367187.5000, tv loss=17193678.0000
L-BFGS | iteration: 409, total loss=8621800816640.0000, content_loss=4410578515.6250, style loss=8617372851562.5000, tv loss=17195892.0000
L-BFGS | iteration: 410, total loss=8611388981248.0000, content_loss=4410616796.8750, style loss=8606960742187.5000, tv loss=17199218.0000
L-BFGS | iteration: 411, total loss=8599738777600.0000, content_loss=4410733984.3750, style loss=8595310546875.0000, tv loss=17203974.0000
L-BFGS | iteration: 412, total loss=8591463415808.0000, content_loss=4410712109.3750, style loss=8587035351562.5000, tv loss=17203334.0000
L-BFGS | iteration: 413, total loss=8585547874304.0000, content_loss=4410692968.7500, style loss=8581119726562.5000, tv loss=17210366.0000
L-BFGS | iteration: 414, total loss=8576567345152.0000, content_loss=4411568359.3750, style loss=8572138476562.5000, tv loss=17209816.0000
L-BFGS | iteration: 415, total loss=8569397182464.0000, content_loss=4411451953.1250, style loss=8564968359375.0000, tv loss=17211564.0000
L-BFGS | iteration: 416, total loss=8562511708160.0000, content_loss=4411698046.8750, style loss=8558082421875.0000, tv loss=17213514.0000
L-BFGS | iteration: 417, total loss=8553080815616.0000, content_loss=4411956640.6250, style loss=8548651757812.5000, tv loss=17215766.0000
L-BFGS | iteration: 418, total loss=8541066231808.0000, content_loss=4412869531.2500, style loss=8536635937500.0000, tv loss=17221520.0000
L-BFGS | iteration: 419, total loss=8531821985792.0000, content_loss=4412626953.1250, style loss=8527392187500.0000, tv loss=17221016.0000
L-BFGS | iteration: 420, total loss=8524268044288.0000, content_loss=4412877734.3750, style loss=8519837695312.5000, tv loss=17222928.0000
L-BFGS | iteration: 421, total loss=8515927146496.0000, content_loss=4412884375.0000, style loss=8511496875000.0000, tv loss=17228578.0000
L-BFGS | iteration: 422, total loss=8506801913856.0000, content_loss=4413090625.0000, style loss=8502371484375.0000, tv loss=17228498.0000
L-BFGS | iteration: 423, total loss=8498810191872.0000, content_loss=4412675781.2500, style loss=8494379882812.5000, tv loss=17235424.0000
L-BFGS | iteration: 424, total loss=8491180228608.0000, content_loss=4412965625.0000, style loss=8486749804687.5000, tv loss=17234488.0000
L-BFGS | iteration: 425, total loss=8484075077632.0000, content_loss=4413086718.7500, style loss=8479644726562.5000, tv loss=17236506.0000
L-BFGS | iteration: 426, total loss=8475630370816.0000, content_loss=4413385546.8750, style loss=8471199609375.0000, tv loss=17238420.0000
L-BFGS | iteration: 427, total loss=8465528913920.0000, content_loss=4413616406.2500, style loss=8461098046875.0000, tv loss=17242680.0000
L-BFGS | iteration: 428, total loss=8456949465088.0000, content_loss=4413966796.8750, style loss=8452518164062.5000, tv loss=17246026.0000
L-BFGS | iteration: 429, total loss=8449885208576.0000, content_loss=4414064453.1250, style loss=8445454101562.5000, tv loss=17246988.0000
L-BFGS | iteration: 430, total loss=8440236212224.0000, content_loss=4414225781.2500, style loss=8435804882812.5000, tv loss=17252780.0000
L-BFGS | iteration: 431, total loss=8431858614272.0000, content_loss=4414584765.6250, style loss=8427426562500.0000, tv loss=17250596.0000
L-BFGS | iteration: 432, total loss=8425188098048.0000, content_loss=4414537500.0000, style loss=8420756250000.0000, tv loss=17256372.0000
L-BFGS | iteration: 433, total loss=8419018801152.0000, content_loss=4415313671.8750, style loss=8414585742187.5000, tv loss=17256632.0000
L-BFGS | iteration: 434, total loss=8413356490752.0000, content_loss=4415153906.2500, style loss=8408924414062.5000, tv loss=17258804.0000
L-BFGS | iteration: 435, total loss=8405825617920.0000, content_loss=4415234375.0000, style loss=8401393359375.0000, tv loss=17261308.0000
L-BFGS | iteration: 436, total loss=8398468808704.0000, content_loss=4415476562.5000, style loss=8394035742187.5000, tv loss=17263424.0000
L-BFGS | iteration: 437, total loss=8386859499520.0000, content_loss=4416048046.8750, style loss=8382425976562.5000, tv loss=17269274.0000
L-BFGS | iteration: 438, total loss=8379372142592.0000, content_loss=4416008984.3750, style loss=8374938867187.5000, tv loss=17270170.0000
L-BFGS | iteration: 439, total loss=8372900331520.0000, content_loss=4416266796.8750, style loss=8368467187500.0000, tv loss=17270018.0000
L-BFGS | iteration: 440, total loss=8366283292672.0000, content_loss=4416503515.6250, style loss=8361849609375.0000, tv loss=17274444.0000
L-BFGS | iteration: 441, total loss=8360592146432.0000, content_loss=4416902343.7500, style loss=8356157812500.0000, tv loss=17273148.0000
L-BFGS | iteration: 442, total loss=8352838451200.0000, content_loss=4416948828.1250, style loss=8348404101562.5000, tv loss=17277550.0000
L-BFGS | iteration: 443, total loss=8343836426240.0000, content_loss=4417061328.1250, style loss=8339401757812.5000, tv loss=17282032.0000
L-BFGS | iteration: 444, total loss=8334970716160.0000, content_loss=4417515234.3750, style loss=8330535937500.0000, tv loss=17283194.0000
L-BFGS | iteration: 445, total loss=8326566379520.0000, content_loss=4417820703.1250, style loss=8322131250000.0000, tv loss=17289016.0000
L-BFGS | iteration: 446, total loss=8319767937024.0000, content_loss=4417982421.8750, style loss=8315332617187.5000, tv loss=17289498.0000
L-BFGS | iteration: 447, total loss=8310796320768.0000, content_loss=4418177343.7500, style loss=8306360742187.5000, tv loss=17293428.0000
L-BFGS | iteration: 448, total loss=8302240464896.0000, content_loss=4418412500.0000, style loss=8297804882812.5000, tv loss=17294718.0000
L-BFGS | iteration: 449, total loss=8294122913792.0000, content_loss=4418237500.0000, style loss=8289687304687.5000, tv loss=17299444.0000
L-BFGS | iteration: 450, total loss=8287040307200.0000, content_loss=4418596875.0000, style loss=8282604492187.5000, tv loss=17301630.0000
L-BFGS | iteration: 451, total loss=8282050658304.0000, content_loss=4418372265.6250, style loss=8277615234375.0000, tv loss=17307732.0000
L-BFGS | iteration: 452, total loss=8276415086592.0000, content_loss=4418715625.0000, style loss=8271979101562.5000, tv loss=17301688.0000
L-BFGS | iteration: 453, total loss=8270335967232.0000, content_loss=4419044140.6250, style loss=8265899414062.5000, tv loss=17305100.0000
L-BFGS | iteration: 454, total loss=8260807557120.0000, content_loss=4418880078.1250, style loss=8256371484375.0000, tv loss=17311046.0000
L-BFGS | iteration: 455, total loss=8255270551552.0000, content_loss=4419338671.8750, style loss=8250833789062.5000, tv loss=17312678.0000
L-BFGS | iteration: 456, total loss=8247600218112.0000, content_loss=4419479687.5000, style loss=8243163867187.5000, tv loss=17314760.0000
L-BFGS | iteration: 457, total loss=8237649231872.0000, content_loss=4419593359.3750, style loss=8233212304687.5000, tv loss=17317892.0000
L-BFGS | iteration: 458, total loss=8230692978688.0000, content_loss=4419750390.6250, style loss=8226256054687.5000, tv loss=17322386.0000
L-BFGS | iteration: 459, total loss=8223554797568.0000, content_loss=4420211718.7500, style loss=8219116992187.5000, tv loss=17321508.0000
L-BFGS | iteration: 460, total loss=8216806162432.0000, content_loss=4420229687.5000, style loss=8212368750000.0000, tv loss=17329504.0000
