C:\Users\user\AppData\Roaming\Python\Python313\site-packages\torchvision\models\_utils.py:208: UserWarning: The parameter 'pretrained' is deprecated since 0.13 and may be removed in the future, please use 'weights' instead.
  warnings.warn(
C:\Users\user\AppData\Roaming\Python\Python313\site-packages\torchvision\models\_utils.py:223: UserWarning: Arguments other than a weight enum or `None` for 'weights' are deprecated since 0.13 and may be removed in the future. The current behavior is equivalent to passing `weights=VGG19_Weights.IMAGENET1K_V1`. You can also use `weights=VGG19_Weights.DEFAULT` to get the most up-to-date weights.
  warnings.warn(msg)
Using VGG19 in the optimization procedure.
L-BFGS | iteration: 000, total loss=116189199048114176.0000, content_loss=      0.0000, style loss=116189203200000000.0000, tv loss=3572966.0000
L-BFGS | iteration: 001, total loss=116188735191646208.0000, content_loss=    140.5980, style loss=116188732800000000.0000, tv loss=3572967.0000
L-BFGS | iteration: 002, total loss=116188331464720384.0000, content_loss=    195.7149, style loss=116188329600000000.0000, tv loss=3572974.5000
L-BFGS | iteration: 003, total loss=116185067289575424.0000, content_loss=    256.3221, style loss=116185065600000000.0000, tv loss=3573012.5000
L-BFGS | iteration: 004, total loss=116169313349533696.0000, content_loss=    487.5856, style loss=116169312000000000.0000, tv loss=3573223.0000
L-BFGS | iteration: 005, total loss=116081610117349376.0000, content_loss=   5271.2217, style loss=116081606400000000.0000, tv loss=3574381.0000
L-BFGS | iteration: 006, total loss=115600453521113088.0000, content_loss= 148260.2596, style loss=115600454400000000.0000, tv loss=3580754.7500
L-BFGS | iteration: 007, total loss=106322722866331648.0000, content_loss=43775738.5254, style loss=106322726400000000.0000, tv loss=3723282.0000
L-BFGS | iteration: 008, total loss=76328629776154624.0000, content_loss=405820874.0234, style loss=76328625600000000.0000, tv loss=4437103.5000
L-BFGS | iteration: 009, total loss=58166170859077632.0000, content_loss=771051416.0156, style loss=58166169600000000.0000, tv loss=5329812.0000
L-BFGS | iteration: 010, total loss=48799740539699200.0000, content_loss=1093635449.2188, style loss=48799742400000000.0000, tv loss=6061265.0000
L-BFGS | iteration: 011, total loss=39446311086325760.0000, content_loss=1595882519.5312, style loss=39446311200000000.0000, tv loss=7453356.0000
L-BFGS | iteration: 012, total loss=32115433272246272.0000, content_loss=2176129882.8125, style loss=32115432000000000.0000, tv loss=9433342.0000
L-BFGS | iteration: 013, total loss=26754914654879744.0000, content_loss=2761136328.1250, style loss=26754912000000000.0000, tv loss=11638550.0000
L-BFGS | iteration: 014, total loss=22552370760122368.0000, content_loss=3246078710.9375, style loss=22552365600000000.0000, tv loss=13815152.0000
L-BFGS | iteration: 015, total loss=18915914292396032.0000, content_loss=3683794531.2500, style loss=18915909600000000.0000, tv loss=15807689.0000
L-BFGS | iteration: 016, total loss=15585338953039872.0000, content_loss=3989046484.3750, style loss=15585334800000000.0000, tv loss=16958936.0000
L-BFGS | iteration: 017, total loss=12733673942024192.0000, content_loss=4101185156.2500, style loss=12733669200000000.0000, tv loss=17420522.0000
L-BFGS | iteration: 018, total loss=10738660559290368.0000, content_loss=4391260546.8750, style loss=10738656000000000.0000, tv loss=18063434.0000
L-BFGS | iteration: 019, total loss=9810506315464704.0000, content_loss=4073434375.0000, style loss=9810502200000000.0000, tv loss=18103674.0000
L-BFGS | iteration: 020, total loss=8481411505848320.0000, content_loss=4335861718.7500, style loss=8481407400000000.0000, tv loss=18621056.0000
L-BFGS | iteration: 021, total loss=7669160712601600.0000, content_loss=4490232031.2500, style loss=7669156200000000.0000, tv loss=18899480.0000
L-BFGS | iteration: 022, total loss=6781274471530496.0000, content_loss=4455057812.5000, style loss=6781270200000000.0000, tv loss=19258368.0000
L-BFGS | iteration: 023, total loss=5949001614491648.0000, content_loss=4611251562.5000, style loss=5948997000000000.0000, tv loss=20142736.0000
L-BFGS | iteration: 024, total loss=5349807505801216.0000, content_loss=4485466796.8750, style loss=5349803400000000.0000, tv loss=20551184.0000
L-BFGS | iteration: 025, total loss=4794662044827648.0000, content_loss=4695046093.7500, style loss=4794657300000000.0000, tv loss=21109712.0000
L-BFGS | iteration: 026, total loss=4501065059794944.0000, content_loss=4667703515.6250, style loss=4501060500000000.0000, tv loss=21167016.0000
L-BFGS | iteration: 027, total loss=4072518054838272.0000, content_loss=4677110937.5000, style loss=4072513500000000.0000, tv loss=21539668.0000
L-BFGS | iteration: 028, total loss=3691086035812352.0000, content_loss=4794774609.3750, style loss=3691081200000000.0000, tv loss=21854394.0000
L-BFGS | iteration: 029, total loss=3517362661752832.0000, content_loss=4659415234.3750, style loss=3517358100000000.0000, tv loss=21790882.0000
L-BFGS | iteration: 030, total loss=3268470112256000.0000, content_loss=4730995312.5000, style loss=3268465200000000.0000, tv loss=21837138.0000
L-BFGS | iteration: 031, total loss=3061078489563136.0000, content_loss=4812665625.0000, style loss=3061073700000000.0000, tv loss=22194064.0000
L-BFGS | iteration: 032, total loss=2836623230238720.0000, content_loss=4801407031.2500, style loss=2836618500000000.0000, tv loss=22278918.0000
L-BFGS | iteration: 033, total loss=2658452149108736.0000, content_loss=4900896093.7500, style loss=2658447300000000.0000, tv loss=22528348.0000
L-BFGS | iteration: 034, total loss=2503877349867520.0000, content_loss=4861316406.2500, style loss=2503872450000000.0000, tv loss=22508688.0000
L-BFGS | iteration: 035, total loss=2382313132392448.0000, content_loss=4867248828.1250, style loss=2382308250000000.0000, tv loss=22532028.0000
L-BFGS | iteration: 036, total loss=2247211580653568.0000, content_loss=4892698828.1250, style loss=2247206700000000.0000, tv loss=22773758.0000
L-BFGS | iteration: 037, total loss=2129821802954752.0000, content_loss=4990226562.5000, style loss=2129816850000000.0000, tv loss=22801304.0000
L-BFGS | iteration: 038, total loss=2047345814405120.0000, content_loss=4913311328.1250, style loss=2047340850000000.0000, tv loss=22709372.0000
L-BFGS | iteration: 039, total loss=1978636403998720.0000, content_loss=4913617968.7500, style loss=1978631400000000.0000, tv loss=22849806.0000
L-BFGS | iteration: 040, total loss=1867187237158912.0000, content_loss=4945514062.5000, style loss=1867182300000000.0000, tv loss=22970338.0000
L-BFGS | iteration: 041, total loss=1755319713660928.0000, content_loss=4977001953.1250, style loss=1755314700000000.0000, tv loss=23045360.0000
L-BFGS | iteration: 042, total loss=1673422203518976.0000, content_loss=4991073828.1250, style loss=1673417250000000.0000, tv loss=23105868.0000
L-BFGS | iteration: 043, total loss=1562542656716800.0000, content_loss=5011423046.8750, style loss=1562537700000000.0000, tv loss=23248600.0000
L-BFGS | iteration: 044, total loss=1504099962978304.0000, content_loss=5098300781.2500, style loss=1504094850000000.0000, tv loss=23310538.0000
L-BFGS | iteration: 045, total loss=1456628360544256.0000, content_loss=5009168359.3750, style loss=1456623450000000.0000, tv loss=23166366.0000
L-BFGS | iteration: 046, total loss=1422488605032448.0000, content_loss=5029855859.3750, style loss=1422483600000000.0000, tv loss=23286188.0000
L-BFGS | iteration: 047, total loss=1383660490063872.0000, content_loss=5061035546.8750, style loss=1383655350000000.0000, tv loss=23482284.0000
L-BFGS | iteration: 048, total loss=1328804899323904.0000, content_loss=5061655078.1250, style loss=1328799750000000.0000, tv loss=23419060.0000
L-BFGS | iteration: 049, total loss=1272808189460480.0000, content_loss=5080666015.6250, style loss=1272803100000000.0000, tv loss=23547240.0000
L-BFGS | iteration: 050, total loss=1200360546893824.0000, content_loss=5078625390.6250, style loss=1200355425000000.0000, tv loss=23572488.0000
L-BFGS | iteration: 051, total loss=1136191722225664.0000, content_loss=5121111718.7500, style loss=1136186625000000.0000, tv loss=23687356.0000
L-BFGS | iteration: 052, total loss=1090824452440064.0000, content_loss=5082580468.7500, style loss=1090819350000000.0000, tv loss=23653942.0000
L-BFGS | iteration: 053, total loss=1057355315806208.0000, content_loss=5124400000.0000, style loss=1057350225000000.0000, tv loss=23603148.0000
L-BFGS | iteration: 054, total loss=1029673714712576.0000, content_loss=5120416406.2500, style loss=1029668625000000.0000, tv loss=23814478.0000
L-BFGS | iteration: 055, total loss=1006224870998016.0000, content_loss=5130192578.1250, style loss=1006219800000000.0000, tv loss=23810348.0000
L-BFGS | iteration: 056, total loss=962381442187264.0000, content_loss=5120326171.8750, style loss=962376375000000.0000, tv loss=23818968.0000
L-BFGS | iteration: 057, total loss=913631751438336.0000, content_loss=5146437500.0000, style loss=913626600000000.0000, tv loss=23996804.0000
L-BFGS | iteration: 058, total loss=878260615380992.0000, content_loss=5147471875.0000, style loss=878255475000000.0000, tv loss=23890904.0000
L-BFGS | iteration: 059, total loss=849863700905984.0000, content_loss=5156526562.5000, style loss=849858525000000.0000, tv loss=23978552.0000
L-BFGS | iteration: 060, total loss=840370346786816.0000, content_loss=5150307031.2500, style loss=840365175000000.0000, tv loss=24196068.0000
L-BFGS | iteration: 061, total loss=800105095495680.0000, content_loss=5186457421.8750, style loss=800099925000000.0000, tv loss=24097312.0000
L-BFGS | iteration: 062, total loss=783193460441088.0000, content_loss=5173185937.5000, style loss=783188325000000.0000, tv loss=24081028.0000
L-BFGS | iteration: 063, total loss=759597044334592.0000, content_loss=5185626562.5000, style loss=759591900000000.0000, tv loss=24279426.0000
L-BFGS | iteration: 064, total loss=742532870832128.0000, content_loss=5142993359.3750, style loss=742527675000000.0000, tv loss=24089468.0000
L-BFGS | iteration: 065, total loss=722269886218240.0000, content_loss=5201784375.0000, style loss=722264625000000.0000, tv loss=24204708.0000
L-BFGS | iteration: 066, total loss=711397243617280.0000, content_loss=5216678125.0000, style loss=711392025000000.0000, tv loss=24339292.0000
L-BFGS | iteration: 067, total loss=693912364646400.0000, content_loss=5212025390.6250, style loss=693907125000000.0000, tv loss=24351778.0000
L-BFGS | iteration: 068, total loss=665547796643840.0000, content_loss=5201891015.6250, style loss=665542575000000.0000, tv loss=24322454.0000
L-BFGS | iteration: 069, total loss=639242933895168.0000, content_loss=5227144531.2500, style loss=639237675000000.0000, tv loss=24415868.0000
L-BFGS | iteration: 070, total loss=619151412428800.0000, content_loss=5218108203.1250, style loss=619146187500000.0000, tv loss=24384296.0000
L-BFGS | iteration: 071, total loss=595631030665216.0000, content_loss=5239112890.6250, style loss=595625775000000.0000, tv loss=24421292.0000
L-BFGS | iteration: 072, total loss=592290217197568.0000, content_loss=5242832421.8750, style loss=592285012500000.0000, tv loss=24645234.0000
L-BFGS | iteration: 073, total loss=586284712067072.0000, content_loss=5242502343.7500, style loss=586279500000000.0000, tv loss=24545500.0000
L-BFGS | iteration: 074, total loss=565870866726912.0000, content_loss=5256626171.8750, style loss=565865662500000.0000, tv loss=24601048.0000
L-BFGS | iteration: 075, total loss=548125672472576.0000, content_loss=5244870312.5000, style loss=548120400000000.0000, tv loss=24623820.0000
L-BFGS | iteration: 076, total loss=533052518301696.0000, content_loss=5271769531.2500, style loss=533047200000000.0000, tv loss=24662748.0000
L-BFGS | iteration: 077, total loss=527199887163392.0000, content_loss=5268626953.1250, style loss=527194575000000.0000, tv loss=24720586.0000
L-BFGS | iteration: 078, total loss=514630598262784.0000, content_loss=5267591015.6250, style loss=514625287500000.0000, tv loss=24717396.0000
L-BFGS | iteration: 079, total loss=500878247198720.0000, content_loss=5286123046.8750, style loss=500872912500000.0000, tv loss=24796174.0000
L-BFGS | iteration: 080, total loss=486474201956352.0000, content_loss=5288088671.8750, style loss=486468862500000.0000, tv loss=24764446.0000
L-BFGS | iteration: 081, total loss=486570872274944.0000, content_loss=5286046093.7500, style loss=486565537500000.0000, tv loss=24927516.0000
L-BFGS | iteration: 082, total loss=477048460017664.0000, content_loss=5289802343.7500, style loss=477043125000000.0000, tv loss=24843268.0000
L-BFGS | iteration: 083, total loss=463677018865664.0000, content_loss=5311579296.8750, style loss=463671675000000.0000, tv loss=24898156.0000
L-BFGS | iteration: 084, total loss=453900431785984.0000, content_loss=5289048437.5000, style loss=453895087500000.0000, tv loss=24862644.0000
L-BFGS | iteration: 085, total loss=446676632338432.0000, content_loss=5297192968.7500, style loss=446671312500000.0000, tv loss=24878268.0000
L-BFGS | iteration: 086, total loss=440890271203328.0000, content_loss=5302151562.5000, style loss=440884950000000.0000, tv loss=25021552.0000
L-BFGS | iteration: 087, total loss=428914929303552.0000, content_loss=5316327343.7500, style loss=428909587500000.0000, tv loss=24974032.0000
L-BFGS | iteration: 088, total loss=421766895763456.0000, content_loss=5318318750.0000, style loss=421761562500000.0000, tv loss=25014216.0000
L-BFGS | iteration: 089, total loss=414229026832384.0000, content_loss=5310626562.5000, style loss=414223687500000.0000, tv loss=25136444.0000
L-BFGS | iteration: 090, total loss=409401349373952.0000, content_loss=5317025781.2500, style loss=409396012500000.0000, tv loss=25085686.0000
L-BFGS | iteration: 091, total loss=398532498423808.0000, content_loss=5328588281.2500, style loss=398527125000000.0000, tv loss=25174364.0000
L-BFGS | iteration: 092, total loss=390922051256320.0000, content_loss=5333311718.7500, style loss=390916687500000.0000, tv loss=25148054.0000
L-BFGS | iteration: 093, total loss=382995521339392.0000, content_loss=5343016406.2500, style loss=382990162500000.0000, tv loss=25102968.0000
L-BFGS | iteration: 094, total loss=376701750083584.0000, content_loss=5338548437.5000, style loss=376696387500000.0000, tv loss=25269636.0000
L-BFGS | iteration: 095, total loss=370471564476416.0000, content_loss=5348678906.2500, style loss=370466212500000.0000, tv loss=25263420.0000
L-BFGS | iteration: 096, total loss=364349860347904.0000, content_loss=5351465234.3750, style loss=364344487500000.0000, tv loss=25240936.0000
L-BFGS | iteration: 097, total loss=360095661686784.0000, content_loss=5344814453.1250, style loss=360090300000000.0000, tv loss=25317782.0000
L-BFGS | iteration: 098, total loss=356122347175936.0000, content_loss=5349652343.7500, style loss=356116987500000.0000, tv loss=25283256.0000
L-BFGS | iteration: 099, total loss=347952581181440.0000, content_loss=5355600390.6250, style loss=347947162500000.0000, tv loss=25283944.0000
L-BFGS | iteration: 100, total loss=340824713854976.0000, content_loss=5356218750.0000, style loss=340819312500000.0000, tv loss=25374062.0000
L-BFGS | iteration: 101, total loss=333613128220672.0000, content_loss=5370398046.8750, style loss=333607725000000.0000, tv loss=25422552.0000
L-BFGS | iteration: 102, total loss=330440288239616.0000, content_loss=5360772265.6250, style loss=330434887500000.0000, tv loss=25462230.0000
L-BFGS | iteration: 103, total loss=326108243296256.0000, content_loss=5359503125.0000, style loss=326102850000000.0000, tv loss=25399694.0000
L-BFGS | iteration: 104, total loss=319798030368768.0000, content_loss=5377952343.7500, style loss=319792612500000.0000, tv loss=25462756.0000
L-BFGS | iteration: 105, total loss=316537848201216.0000, content_loss=5365938281.2500, style loss=316532437500000.0000, tv loss=25500502.0000
L-BFGS | iteration: 106, total loss=310696793341952.0000, content_loss=5376273046.8750, style loss=310691381250000.0000, tv loss=25482158.0000
L-BFGS | iteration: 107, total loss=307356751626240.0000, content_loss=5381187109.3750, style loss=307351350000000.0000, tv loss=25491572.0000
L-BFGS | iteration: 108, total loss=303208048099328.0000, content_loss=5375871875.0000, style loss=303202650000000.0000, tv loss=25580434.0000
L-BFGS | iteration: 109, total loss=295674440581120.0000, content_loss=5392271093.7500, style loss=295668993750000.0000, tv loss=25547288.0000
L-BFGS | iteration: 110, total loss=292905965060096.0000, content_loss=5393634375.0000, style loss=292900537500000.0000, tv loss=25571436.0000
L-BFGS | iteration: 111, total loss=291168214581248.0000, content_loss=5382450390.6250, style loss=291162806250000.0000, tv loss=25682692.0000
L-BFGS | iteration: 112, total loss=287795088195584.0000, content_loss=5388775390.6250, style loss=287789643750000.0000, tv loss=25632374.0000
L-BFGS | iteration: 113, total loss=282860204326912.0000, content_loss=5394453515.6250, style loss=282854756250000.0000, tv loss=25662066.0000
L-BFGS | iteration: 114, total loss=277029165465600.0000, content_loss=5397950390.6250, style loss=277023731250000.0000, tv loss=25674656.0000
L-BFGS | iteration: 115, total loss=270184782757888.0000, content_loss=5399617187.5000, style loss=270179343750000.0000, tv loss=25767346.0000
L-BFGS | iteration: 116, total loss=264930141929472.0000, content_loss=5422772265.6250, style loss=264924693750000.0000, tv loss=25720500.0000
L-BFGS | iteration: 117, total loss=262961453072384.0000, content_loss=5411212109.3750, style loss=262956000000000.0000, tv loss=25766898.0000
L-BFGS | iteration: 118, total loss=259707461697536.0000, content_loss=5406689062.5000, style loss=259702031250000.0000, tv loss=25775730.0000
L-BFGS | iteration: 119, total loss=256882732171264.0000, content_loss=5417257421.8750, style loss=256877287500000.0000, tv loss=25800006.0000
L-BFGS | iteration: 120, total loss=253155153543168.0000, content_loss=5418241015.6250, style loss=253149693750000.0000, tv loss=25803612.0000
L-BFGS | iteration: 121, total loss=249491127009280.0000, content_loss=5424015234.3750, style loss=249485681250000.0000, tv loss=25810432.0000
L-BFGS | iteration: 122, total loss=244656788996096.0000, content_loss=5420458593.7500, style loss=244651331250000.0000, tv loss=25862230.0000
L-BFGS | iteration: 123, total loss=239388659286016.0000, content_loss=5425842968.7500, style loss=239383200000000.0000, tv loss=25876256.0000
L-BFGS | iteration: 124, total loss=239392383827968.0000, content_loss=5425704687.5000, style loss=239386931250000.0000, tv loss=25992796.0000
L-BFGS | iteration: 125, total loss=237288420278272.0000, content_loss=5426672656.2500, style loss=237282975000000.0000, tv loss=25936278.0000
L-BFGS | iteration: 126, total loss=233555489718272.0000, content_loss=5432601953.1250, style loss=233550018750000.0000, tv loss=25965596.0000
L-BFGS | iteration: 127, total loss=229941526396928.0000, content_loss=5435049609.3750, style loss=229936050000000.0000, tv loss=25960192.0000
L-BFGS | iteration: 128, total loss=226480403513344.0000, content_loss=5441457812.5000, style loss=226474931250000.0000, tv loss=25978204.0000
L-BFGS | iteration: 129, total loss=224827126317056.0000, content_loss=5440775000.0000, style loss=224821650000000.0000, tv loss=26031212.0000
L-BFGS | iteration: 130, total loss=221799560249344.0000, content_loss=5446650781.2500, style loss=221794068750000.0000, tv loss=26024672.0000
L-BFGS | iteration: 131, total loss=218915691036672.0000, content_loss=5443653125.0000, style loss=218910225000000.0000, tv loss=26002190.0000
L-BFGS | iteration: 132, total loss=215285168603136.0000, content_loss=5454952734.3750, style loss=215279681250000.0000, tv loss=26068118.0000
L-BFGS | iteration: 133, total loss=212280067227648.0000, content_loss=5441828515.6250, style loss=212274600000000.0000, tv loss=26000404.0000
L-BFGS | iteration: 134, total loss=209474245623808.0000, content_loss=5452307031.2500, style loss=209468756250000.0000, tv loss=26049928.0000
L-BFGS | iteration: 135, total loss=207128690163712.0000, content_loss=5459870703.1250, style loss=207123206250000.0000, tv loss=26099256.0000
L-BFGS | iteration: 136, total loss=204794257997824.0000, content_loss=5475685156.2500, style loss=204788756250000.0000, tv loss=26146476.0000
L-BFGS | iteration: 137, total loss=207439420981248.0000, content_loss=5459960156.2500, style loss=207433931250000.0000, tv loss=26216556.0000
L-BFGS | iteration: 138, total loss=203252113080320.0000, content_loss=5470027343.7500, style loss=203246606250000.0000, tv loss=26172600.0000
L-BFGS | iteration: 139, total loss=201449552216064.0000, content_loss=5462232031.2500, style loss=201444056250000.0000, tv loss=26148104.0000
L-BFGS | iteration: 140, total loss=199415700652032.0000, content_loss=5460468359.3750, style loss=199410206250000.0000, tv loss=26140460.0000
L-BFGS | iteration: 141, total loss=196063730335744.0000, content_loss=5464175781.2500, style loss=196058231250000.0000, tv loss=26168156.0000
L-BFGS | iteration: 142, total loss=192672249675776.0000, content_loss=5480051171.8750, style loss=192666731250000.0000, tv loss=26204268.0000
L-BFGS | iteration: 143, total loss=190297585745920.0000, content_loss=5475605468.7500, style loss=190292081250000.0000, tv loss=26229118.0000
L-BFGS | iteration: 144, total loss=189068503678976.0000, content_loss=5475887890.6250, style loss=189063000000000.0000, tv loss=26208756.0000
L-BFGS | iteration: 145, total loss=187843079045120.0000, content_loss=5473523828.1250, style loss=187837575000000.0000, tv loss=26247550.0000
L-BFGS | iteration: 146, total loss=186038253256704.0000, content_loss=5480093359.3750, style loss=186032737500000.0000, tv loss=26244724.0000
L-BFGS | iteration: 147, total loss=184446800101376.0000, content_loss=5482580859.3750, style loss=184441275000000.0000, tv loss=26241710.0000
L-BFGS | iteration: 148, total loss=181541456052224.0000, content_loss=5480281640.6250, style loss=181535943750000.0000, tv loss=26255148.0000
L-BFGS | iteration: 149, total loss=179016854142976.0000, content_loss=5486328125.0000, style loss=179011331250000.0000, tv loss=26265338.0000
L-BFGS | iteration: 150, total loss=176765485973504.0000, content_loss=5489663671.8750, style loss=176759962500000.0000, tv loss=26319604.0000
L-BFGS | iteration: 151, total loss=173607829372928.0000, content_loss=5496407421.8750, style loss=173602293750000.0000, tv loss=26324852.0000
L-BFGS | iteration: 152, total loss=171709202169856.0000, content_loss=5499139843.7500, style loss=171703668750000.0000, tv loss=26361588.0000
L-BFGS | iteration: 153, total loss=168994698952704.0000, content_loss=5500644531.2500, style loss=168989156250000.0000, tv loss=26361968.0000
L-BFGS | iteration: 154, total loss=169633810219008.0000, content_loss=5492787109.3750, style loss=169628287500000.0000, tv loss=26364486.0000
L-BFGS | iteration: 155, total loss=167905371095040.0000, content_loss=5497652343.7500, style loss=167899837500000.0000, tv loss=26361616.0000
L-BFGS | iteration: 156, total loss=166535242973184.0000, content_loss=5502291796.8750, style loss=166529700000000.0000, tv loss=26355016.0000
L-BFGS | iteration: 157, total loss=164716542427136.0000, content_loss=5505116015.6250, style loss=164711006250000.0000, tv loss=26384516.0000
L-BFGS | iteration: 158, total loss=162267790311424.0000, content_loss=5506346093.7500, style loss=162262256250000.0000, tv loss=26380232.0000
L-BFGS | iteration: 159, total loss=160272861888512.0000, content_loss=5508157812.5000, style loss=160267331250000.0000, tv loss=26426676.0000
L-BFGS | iteration: 160, total loss=158853794627584.0000, content_loss=5511693750.0000, style loss=158848237500000.0000, tv loss=26440980.0000
L-BFGS | iteration: 161, total loss=157395753893888.0000, content_loss=5515600390.6250, style loss=157390200000000.0000, tv loss=26423040.0000
L-BFGS | iteration: 162, total loss=156725856436224.0000, content_loss=5511526171.8750, style loss=156720300000000.0000, tv loss=26458078.0000
L-BFGS | iteration: 163, total loss=155258454016000.0000, content_loss=5513467968.7500, style loss=155252896875000.0000, tv loss=26472840.0000
L-BFGS | iteration: 164, total loss=154112704380928.0000, content_loss=5517264453.1250, style loss=154107150000000.0000, tv loss=26481834.0000
L-BFGS | iteration: 165, total loss=151824225009664.0000, content_loss=5520771875.0000, style loss=151818665625000.0000, tv loss=26508160.0000
L-BFGS | iteration: 166, total loss=149829783126016.0000, content_loss=5532119531.2500, style loss=149824218750000.0000, tv loss=26506512.0000
L-BFGS | iteration: 167, total loss=148817546575872.0000, content_loss=5529308593.7500, style loss=148811971875000.0000, tv loss=26524564.0000
L-BFGS | iteration: 168, total loss=147412421181440.0000, content_loss=5526214453.1250, style loss=147406865625000.0000, tv loss=26522258.0000
L-BFGS | iteration: 169, total loss=146069052719104.0000, content_loss=5532312890.6250, style loss=146063475000000.0000, tv loss=26544032.0000
L-BFGS | iteration: 170, total loss=144644331536384.0000, content_loss=5532189453.1250, style loss=144638765625000.0000, tv loss=26506324.0000
L-BFGS | iteration: 171, total loss=143399126564864.0000, content_loss=5528933593.7500, style loss=143393550000000.0000, tv loss=26540136.0000
L-BFGS | iteration: 172, total loss=142133453389824.0000, content_loss=5536491406.2500, style loss=142127878125000.0000, tv loss=26580792.0000
L-BFGS | iteration: 173, total loss=140879155167232.0000, content_loss=5537644140.6250, style loss=140873578125000.0000, tv loss=26565672.0000
L-BFGS | iteration: 174, total loss=139175680540672.0000, content_loss=5539087109.3750, style loss=139170121875000.0000, tv loss=26566620.0000
L-BFGS | iteration: 175, total loss=137733083234304.0000, content_loss=5542826171.8750, style loss=137727515625000.0000, tv loss=26612088.0000
L-BFGS | iteration: 176, total loss=136258223341568.0000, content_loss=5546812109.3750, style loss=136252650000000.0000, tv loss=26596304.0000
L-BFGS | iteration: 177, total loss=135536064856064.0000, content_loss=5543189453.1250, style loss=135530493750000.0000, tv loss=26628154.0000
L-BFGS | iteration: 178, total loss=134832722018304.0000, content_loss=5544948437.5000, style loss=134827153125000.0000, tv loss=26626256.0000
L-BFGS | iteration: 179, total loss=133346076131328.0000, content_loss=5550498437.5000, style loss=133340493750000.0000, tv loss=26638150.0000
L-BFGS | iteration: 180, total loss=131967022530560.0000, content_loss=5553144140.6250, style loss=131961440625000.0000, tv loss=26642426.0000
L-BFGS | iteration: 181, total loss=130975782666240.0000, content_loss=5551098828.1250, style loss=130970203125000.0000, tv loss=26667928.0000
L-BFGS | iteration: 182, total loss=129350900908032.0000, content_loss=5555077734.3750, style loss=129345318750000.0000, tv loss=26658338.0000
L-BFGS | iteration: 183, total loss=128534605463552.0000, content_loss=5554911718.7500, style loss=128529028125000.0000, tv loss=26666956.0000
L-BFGS | iteration: 184, total loss=127228549529600.0000, content_loss=5554466406.2500, style loss=127222968750000.0000, tv loss=26683712.0000
L-BFGS | iteration: 185, total loss=125540283449344.0000, content_loss=5561914843.7500, style loss=125534700000000.0000, tv loss=26702928.0000
L-BFGS | iteration: 186, total loss=124361130377216.0000, content_loss=5554058203.1250, style loss=124355550000000.0000, tv loss=26701714.0000
L-BFGS | iteration: 187, total loss=123414249472000.0000, content_loss=5564675000.0000, style loss=123408665625000.0000, tv loss=26725240.0000
L-BFGS | iteration: 188, total loss=123225388351488.0000, content_loss=5568441406.2500, style loss=123219796875000.0000, tv loss=26751780.0000
L-BFGS | iteration: 189, total loss=122147578052608.0000, content_loss=5572105468.7500, style loss=122141981250000.0000, tv loss=26725876.0000
L-BFGS | iteration: 190, total loss=121294305624064.0000, content_loss=5570877343.7500, style loss=121288706250000.0000, tv loss=26735438.0000
L-BFGS | iteration: 191, total loss=120311110434816.0000, content_loss=5569227343.7500, style loss=120305512500000.0000, tv loss=26746508.0000
L-BFGS | iteration: 192, total loss=119343333507072.0000, content_loss=5571381640.6250, style loss=119337740625000.0000, tv loss=26757672.0000
L-BFGS | iteration: 193, total loss=118383643197440.0000, content_loss=5573739453.1250, style loss=118378050000000.0000, tv loss=26764584.0000
L-BFGS | iteration: 194, total loss=117018716012544.0000, content_loss=5575987109.3750, style loss=117013115625000.0000, tv loss=26768552.0000
L-BFGS | iteration: 195, total loss=115675498545152.0000, content_loss=5576218750.0000, style loss=115669893750000.0000, tv loss=26803872.0000
L-BFGS | iteration: 196, total loss=114376983969792.0000, content_loss=5575058593.7500, style loss=114371381250000.0000, tv loss=26794892.0000
L-BFGS | iteration: 197, total loss=113917279862784.0000, content_loss=5576482421.8750, style loss=113911678125000.0000, tv loss=26816040.0000
L-BFGS | iteration: 198, total loss=112900656070656.0000, content_loss=5586071093.7500, style loss=112895043750000.0000, tv loss=26807144.0000
L-BFGS | iteration: 199, total loss=112242561384448.0000, content_loss=5583311718.7500, style loss=112236946875000.0000, tv loss=26813824.0000
L-BFGS | iteration: 200, total loss=111642935296000.0000, content_loss=5582889453.1250, style loss=111637321875000.0000, tv loss=26828504.0000
L-BFGS | iteration: 201, total loss=110995175374848.0000, content_loss=5584788281.2500, style loss=110989565625000.0000, tv loss=26835788.0000
L-BFGS | iteration: 202, total loss=110359268556800.0000, content_loss=5586535546.8750, style loss=110353659375000.0000, tv loss=26856776.0000
L-BFGS | iteration: 203, total loss=109209383337984.0000, content_loss=5592654687.5000, style loss=109203759375000.0000, tv loss=26856714.0000
L-BFGS | iteration: 204, total loss=108696428347392.0000, content_loss=5592642968.7500, style loss=108690806250000.0000, tv loss=26862018.0000
L-BFGS | iteration: 205, total loss=107836461809664.0000, content_loss=5589905859.3750, style loss=107830846875000.0000, tv loss=26883142.0000
L-BFGS | iteration: 206, total loss=106944736002048.0000, content_loss=5591855859.3750, style loss=106939115625000.0000, tv loss=26859456.0000
L-BFGS | iteration: 207, total loss=106447257993216.0000, content_loss=5594660937.5000, style loss=106441640625000.0000, tv loss=26869160.0000
L-BFGS | iteration: 208, total loss=105938295980032.0000, content_loss=5594906640.6250, style loss=105932671875000.0000, tv loss=26884826.0000
L-BFGS | iteration: 209, total loss=105165587742720.0000, content_loss=5599229296.8750, style loss=105159965625000.0000, tv loss=26885332.0000
L-BFGS | iteration: 210, total loss=104621435518976.0000, content_loss=5599628125.0000, style loss=104615803125000.0000, tv loss=26886318.0000
L-BFGS | iteration: 211, total loss=103472322052096.0000, content_loss=5599732812.5000, style loss=103466690625000.0000, tv loss=26905464.0000
L-BFGS | iteration: 212, total loss=102562342633472.0000, content_loss=5600611718.7500, style loss=102556715625000.0000, tv loss=26902470.0000
L-BFGS | iteration: 213, total loss=101858269986816.0000, content_loss=5605583203.1250, style loss=101852643750000.0000, tv loss=26933340.0000
L-BFGS | iteration: 214, total loss=100801909358592.0000, content_loss=5606568750.0000, style loss=100796278125000.0000, tv loss=26929384.0000
L-BFGS | iteration: 215, total loss=100187963916288.0000, content_loss=5613646093.7500, style loss=100182328125000.0000, tv loss=26958976.0000
L-BFGS | iteration: 216, total loss=99591550664704.0000, content_loss=5610531640.6250, style loss=99585909375000.0000, tv loss=26945478.0000
L-BFGS | iteration: 217, total loss=99472960913408.0000, content_loss=5605614062.5000, style loss=99467334375000.0000, tv loss=26946588.0000
L-BFGS | iteration: 218, total loss=98918457147392.0000, content_loss=5608912500.0000, style loss=98912821875000.0000, tv loss=26938322.0000
L-BFGS | iteration: 219, total loss=98571638538240.0000, content_loss=5610695703.1250, style loss=98566003125000.0000, tv loss=26943214.0000
L-BFGS | iteration: 220, total loss=97913971671040.0000, content_loss=5613281250.0000, style loss=97908337500000.0000, tv loss=26963068.0000
L-BFGS | iteration: 221, total loss=97297559977984.0000, content_loss=5614008984.3750, style loss=97291921875000.0000, tv loss=26966616.0000
L-BFGS | iteration: 222, total loss=96423676739584.0000, content_loss=5615226562.5000, style loss=96418040625000.0000, tv loss=26976160.0000
L-BFGS | iteration: 223, total loss=95589580668928.0000, content_loss=5616820312.5000, style loss=95583937500000.0000, tv loss=26977842.0000
L-BFGS | iteration: 224, total loss=94992110452736.0000, content_loss=5616858593.7500, style loss=94986468750000.0000, tv loss=26999076.0000
L-BFGS | iteration: 225, total loss=94171738144768.0000, content_loss=5621900781.2500, style loss=94166090625000.0000, tv loss=26999056.0000
L-BFGS | iteration: 226, total loss=93719558619136.0000, content_loss=5621370703.1250, style loss=93713915625000.0000, tv loss=27001148.0000
L-BFGS | iteration: 227, total loss=93127817822208.0000, content_loss=5623980468.7500, style loss=93122175000000.0000, tv loss=27008242.0000
L-BFGS | iteration: 228, total loss=92622899118080.0000, content_loss=5622608984.3750, style loss=92617256250000.0000, tv loss=27019350.0000
L-BFGS | iteration: 229, total loss=91868167667712.0000, content_loss=5627270703.1250, style loss=91862512500000.0000, tv loss=27018432.0000
L-BFGS | iteration: 230, total loss=91522070478848.0000, content_loss=5629912109.3750, style loss=91516415625000.0000, tv loss=27038928.0000
L-BFGS | iteration: 231, total loss=90972809592832.0000, content_loss=5629216015.6250, style loss=90967153125000.0000, tv loss=27051248.0000
L-BFGS | iteration: 232, total loss=90461666541568.0000, content_loss=5631166406.2500, style loss=90456009375000.0000, tv loss=27057590.0000
L-BFGS | iteration: 233, total loss=89873155358720.0000, content_loss=5628363281.2500, style loss=89867503125000.0000, tv loss=27052400.0000
L-BFGS | iteration: 234, total loss=89231334572032.0000, content_loss=5630242968.7500, style loss=89225681250000.0000, tv loss=27047898.0000
L-BFGS | iteration: 235, total loss=88885489041408.0000, content_loss=5633098828.1250, style loss=88879828125000.0000, tv loss=27079244.0000
L-BFGS | iteration: 236, total loss=88192111869952.0000, content_loss=5636308203.1250, style loss=88186453125000.0000, tv loss=27072752.0000
L-BFGS | iteration: 237, total loss=87772463366144.0000, content_loss=5637142968.7500, style loss=87766800000000.0000, tv loss=27071006.0000
L-BFGS | iteration: 238, total loss=87271806074880.0000, content_loss=5639566406.2500, style loss=87266146875000.0000, tv loss=27086064.0000
L-BFGS | iteration: 239, total loss=86505691283456.0000, content_loss=5642129687.5000, style loss=86500021875000.0000, tv loss=27094154.0000
L-BFGS | iteration: 240, total loss=86085212307456.0000, content_loss=5640862500.0000, style loss=86079553125000.0000, tv loss=27118190.0000
L-BFGS | iteration: 241, total loss=85592155095040.0000, content_loss=5643301171.8750, style loss=85586484375000.0000, tv loss=27107214.0000
L-BFGS | iteration: 242, total loss=85406313873408.0000, content_loss=5643094921.8750, style loss=85400643750000.0000, tv loss=27111408.0000
L-BFGS | iteration: 243, total loss=85077178449920.0000, content_loss=5642998437.5000, style loss=85071506250000.0000, tv loss=27110040.0000
L-BFGS | iteration: 244, total loss=84709975523328.0000, content_loss=5644158593.7500, style loss=84704306250000.0000, tv loss=27117872.0000
L-BFGS | iteration: 245, total loss=84121707610112.0000, content_loss=5644526562.5000, style loss=84116034375000.0000, tv loss=27128884.0000
L-BFGS | iteration: 246, total loss=83582999592960.0000, content_loss=5650490625.0000, style loss=83577318750000.0000, tv loss=27144956.0000
L-BFGS | iteration: 247, total loss=83140332748800.0000, content_loss=5647453125.0000, style loss=83134659375000.0000, tv loss=27136580.0000
L-BFGS | iteration: 248, total loss=82709871329280.0000, content_loss=5649455078.1250, style loss=82704196875000.0000, tv loss=27141012.0000
L-BFGS | iteration: 249, total loss=82629047091200.0000, content_loss=5649258203.1250, style loss=82623375000000.0000, tv loss=27160288.0000
L-BFGS | iteration: 250, total loss=82398385537024.0000, content_loss=5649800781.2500, style loss=82392703125000.0000, tv loss=27151330.0000
L-BFGS | iteration: 251, total loss=81872352706560.0000, content_loss=5652323828.1250, style loss=81866671875000.0000, tv loss=27148992.0000
L-BFGS | iteration: 252, total loss=81495200890880.0000, content_loss=5653689453.1250, style loss=81489525000000.0000, tv loss=27175216.0000
L-BFGS | iteration: 253, total loss=81041947623424.0000, content_loss=5652992578.1250, style loss=81036271875000.0000, tv loss=27172284.0000
L-BFGS | iteration: 254, total loss=80479692783616.0000, content_loss=5654583593.7500, style loss=80474015625000.0000, tv loss=27184790.0000
L-BFGS | iteration: 255, total loss=80071628947456.0000, content_loss=5658160546.8750, style loss=80065940625000.0000, tv loss=27172172.0000
L-BFGS | iteration: 256, total loss=79783522205696.0000, content_loss=5654877343.7500, style loss=79777846875000.0000, tv loss=27186620.0000
L-BFGS | iteration: 257, total loss=79471533096960.0000, content_loss=5656497656.2500, style loss=79465856250000.0000, tv loss=27190118.0000
L-BFGS | iteration: 258, total loss=79155668451328.0000, content_loss=5658906640.6250, style loss=79149984375000.0000, tv loss=27194696.0000
L-BFGS | iteration: 259, total loss=78815283904512.0000, content_loss=5659596484.3750, style loss=78809596875000.0000, tv loss=27198326.0000
L-BFGS | iteration: 260, total loss=78270133436416.0000, content_loss=5662162890.6250, style loss=78264450000000.0000, tv loss=27208676.0000
L-BFGS | iteration: 261, total loss=77720100798464.0000, content_loss=5661451562.5000, style loss=77714414062500.0000, tv loss=27216288.0000
L-BFGS | iteration: 262, total loss=77319335051264.0000, content_loss=5664426171.8750, style loss=77313651562500.0000, tv loss=27225520.0000
L-BFGS | iteration: 263, total loss=77051386134528.0000, content_loss=5663818750.0000, style loss=77045700000000.0000, tv loss=27234612.0000
L-BFGS | iteration: 264, total loss=76767062654976.0000, content_loss=5665350781.2500, style loss=76761375000000.0000, tv loss=27224580.0000
L-BFGS | iteration: 265, total loss=76477429186560.0000, content_loss=5664456640.6250, style loss=76471739062500.0000, tv loss=27241178.0000
L-BFGS | iteration: 266, total loss=76177133797376.0000, content_loss=5664556640.6250, style loss=76171448437500.0000, tv loss=27245312.0000
L-BFGS | iteration: 267, total loss=75891669467136.0000, content_loss=5663767578.1250, style loss=75885984375000.0000, tv loss=27244752.0000
L-BFGS | iteration: 268, total loss=75492916985856.0000, content_loss=5665616406.2500, style loss=75487232812500.0000, tv loss=27245144.0000
L-BFGS | iteration: 269, total loss=75148287803392.0000, content_loss=5665082812.5000, style loss=75142598437500.0000, tv loss=27252066.0000
L-BFGS | iteration: 270, total loss=74663703085056.0000, content_loss=5668941796.8750, style loss=74658009375000.0000, tv loss=27268676.0000
L-BFGS | iteration: 271, total loss=74275352477696.0000, content_loss=5665425781.2500, style loss=74269664062500.0000, tv loss=27271944.0000
L-BFGS | iteration: 272, total loss=73877052981248.0000, content_loss=5671844921.8750, style loss=73871357812500.0000, tv loss=27291836.0000
L-BFGS | iteration: 273, total loss=73648211755008.0000, content_loss=5675975390.6250, style loss=73642509375000.0000, tv loss=27293260.0000
L-BFGS | iteration: 274, total loss=73674979803136.0000, content_loss=5675261328.1250, style loss=73669275000000.0000, tv loss=27309804.0000
L-BFGS | iteration: 275, total loss=73519572451328.0000, content_loss=5675910156.2500, style loss=73513870312500.0000, tv loss=27301288.0000
L-BFGS | iteration: 276, total loss=73266077106176.0000, content_loss=5675437890.6250, style loss=73260375000000.0000, tv loss=27302428.0000
L-BFGS | iteration: 277, total loss=72795627192320.0000, content_loss=5674352343.7500, style loss=72789932812500.0000, tv loss=27302062.0000
L-BFGS | iteration: 278, total loss=72369938890752.0000, content_loss=5676056250.0000, style loss=72364232812500.0000, tv loss=27313790.0000
L-BFGS | iteration: 279, total loss=71997803462656.0000, content_loss=5676638671.8750, style loss=71992096875000.0000, tv loss=27308960.0000
L-BFGS | iteration: 280, total loss=71754265395200.0000, content_loss=5678149609.3750, style loss=71748562500000.0000, tv loss=27317358.0000
L-BFGS | iteration: 281, total loss=71289737838592.0000, content_loss=5680992968.7500, style loss=71284035937500.0000, tv loss=27329072.0000
L-BFGS | iteration: 282, total loss=70952574517248.0000, content_loss=5683230468.7500, style loss=70946873437500.0000, tv loss=27349062.0000
L-BFGS | iteration: 283, total loss=70643722747904.0000, content_loss=5683542968.7500, style loss=70638014062500.0000, tv loss=27342796.0000
L-BFGS | iteration: 284, total loss=70825050898432.0000, content_loss=5678083203.1250, style loss=70819345312500.0000, tv loss=27356292.0000
L-BFGS | iteration: 285, total loss=70434930294784.0000, content_loss=5681262500.0000, style loss=70429223437500.0000, tv loss=27348228.0000
L-BFGS | iteration: 286, total loss=70289127899136.0000, content_loss=5681591015.6250, style loss=70283414062500.0000, tv loss=27352296.0000
L-BFGS | iteration: 287, total loss=69999989358592.0000, content_loss=5681691406.2500, style loss=69994275000000.0000, tv loss=27357866.0000
L-BFGS | iteration: 288, total loss=69620098662400.0000, content_loss=5684148437.5000, style loss=69614385937500.0000, tv loss=27370896.0000
L-BFGS | iteration: 289, total loss=69187523313664.0000, content_loss=5683290234.3750, style loss=69181809375000.0000, tv loss=27370920.0000
L-BFGS | iteration: 290, total loss=68926109122560.0000, content_loss=5690457421.8750, style loss=68920387500000.0000, tv loss=27378598.0000
L-BFGS | iteration: 291, total loss=68764670361600.0000, content_loss=5692058593.7500, style loss=68758950000000.0000, tv loss=27397126.0000
L-BFGS | iteration: 292, total loss=68593643421696.0000, content_loss=5690400390.6250, style loss=68587921875000.0000, tv loss=27390824.0000
L-BFGS | iteration: 293, total loss=68334678704128.0000, content_loss=5689446093.7500, style loss=68328960937500.0000, tv loss=27385404.0000
L-BFGS | iteration: 294, total loss=68014334541824.0000, content_loss=5690150781.2500, style loss=68008612500000.0000, tv loss=27395950.0000
L-BFGS | iteration: 295, total loss=67652504518656.0000, content_loss=5693569921.8750, style loss=67646784375000.0000, tv loss=27400644.0000
L-BFGS | iteration: 296, total loss=67367161823232.0000, content_loss=5694364062.5000, style loss=67361437500000.0000, tv loss=27409872.0000
L-BFGS | iteration: 297, total loss=67221107769344.0000, content_loss=5694837109.3750, style loss=67215384375000.0000, tv loss=27427448.0000
L-BFGS | iteration: 298, total loss=67015838531584.0000, content_loss=5695741796.8750, style loss=67010114062500.0000, tv loss=27422014.0000
L-BFGS | iteration: 299, total loss=66764700385280.0000, content_loss=5696555859.3750, style loss=66758976562500.0000, tv loss=27420790.0000
L-BFGS | iteration: 300, total loss=66423766384640.0000, content_loss=5698168750.0000, style loss=66418035937500.0000, tv loss=27431262.0000
L-BFGS | iteration: 301, total loss=66088238841856.0000, content_loss=5697457031.2500, style loss=66082514062500.0000, tv loss=27434748.0000
L-BFGS | iteration: 302, total loss=65835502665728.0000, content_loss=5699216406.2500, style loss=65829773437500.0000, tv loss=27441076.0000
L-BFGS | iteration: 303, total loss=65696725729280.0000, content_loss=5699306250.0000, style loss=65690995312500.0000, tv loss=27462666.0000
L-BFGS | iteration: 304, total loss=65398217113600.0000, content_loss=5701171093.7500, style loss=65392485937500.0000, tv loss=27458196.0000
L-BFGS | iteration: 305, total loss=65254297960448.0000, content_loss=5700971484.3750, style loss=65248570312500.0000, tv loss=27459608.0000
L-BFGS | iteration: 306, total loss=64988555247616.0000, content_loss=5700667968.7500, style loss=64982826562500.0000, tv loss=27471312.0000
L-BFGS | iteration: 307, total loss=64760137646080.0000, content_loss=5701693359.3750, style loss=64754409375000.0000, tv loss=27467544.0000
L-BFGS | iteration: 308, total loss=64504691949568.0000, content_loss=5702692968.7500, style loss=64498959375000.0000, tv loss=27480360.0000
L-BFGS | iteration: 309, total loss=64229335891968.0000, content_loss=5704560546.8750, style loss=64223601562500.0000, tv loss=27496492.0000
L-BFGS | iteration: 310, total loss=63922698715136.0000, content_loss=5702883203.1250, style loss=63916964062500.0000, tv loss=27496212.0000
L-BFGS | iteration: 311, total loss=63656574320640.0000, content_loss=5707987109.3750, style loss=63650835937500.0000, tv loss=27509064.0000
L-BFGS | iteration: 312, total loss=63503666774016.0000, content_loss=5705853906.2500, style loss=63497934375000.0000, tv loss=27510556.0000
L-BFGS | iteration: 313, total loss=63352504057856.0000, content_loss=5703917968.7500, style loss=63346771875000.0000, tv loss=27502436.0000
L-BFGS | iteration: 314, total loss=63219431374848.0000, content_loss=5704982812.5000, style loss=63213698437500.0000, tv loss=27515458.0000
L-BFGS | iteration: 315, total loss=63026413699072.0000, content_loss=5707601171.8750, style loss=63020676562500.0000, tv loss=27520880.0000
L-BFGS | iteration: 316, total loss=62841612664832.0000, content_loss=5708327343.7500, style loss=62835876562500.0000, tv loss=27526060.0000
L-BFGS | iteration: 317, total loss=62525638967296.0000, content_loss=5708761328.1250, style loss=62519901562500.0000, tv loss=27540804.0000
L-BFGS | iteration: 318, total loss=62283313053696.0000, content_loss=5708314062.5000, style loss=62277576562500.0000, tv loss=27537052.0000
L-BFGS | iteration: 319, total loss=62095068495872.0000, content_loss=5710042578.1250, style loss=62089331250000.0000, tv loss=27541568.0000
L-BFGS | iteration: 320, total loss=62009529860096.0000, content_loss=5709748437.5000, style loss=62003793750000.0000, tv loss=27562800.0000
L-BFGS | iteration: 321, total loss=61776423026688.0000, content_loss=5711289453.1250, style loss=61770679687500.0000, tv loss=27553824.0000
L-BFGS | iteration: 322, total loss=61650619072512.0000, content_loss=5711409765.6250, style loss=61644876562500.0000, tv loss=27553716.0000
L-BFGS | iteration: 323, total loss=61352869625856.0000, content_loss=5711010546.8750, style loss=61347126562500.0000, tv loss=27563648.0000
L-BFGS | iteration: 324, total loss=61097558147072.0000, content_loss=5713014062.5000, style loss=61091817187500.0000, tv loss=27566908.0000
L-BFGS | iteration: 325, total loss=60890623770624.0000, content_loss=5713489843.7500, style loss=60884882812500.0000, tv loss=27575144.0000
L-BFGS | iteration: 326, total loss=60652446023680.0000, content_loss=5715146093.7500, style loss=60646701562500.0000, tv loss=27579870.0000
L-BFGS | iteration: 327, total loss=60445184491520.0000, content_loss=5715943359.3750, style loss=60439439062500.0000, tv loss=27593844.0000
L-BFGS | iteration: 328, total loss=60171787173888.0000, content_loss=5717209375.0000, style loss=60166040625000.0000, tv loss=27598936.0000
L-BFGS | iteration: 329, total loss=59978832412672.0000, content_loss=5717620312.5000, style loss=59973084375000.0000, tv loss=27611576.0000
L-BFGS | iteration: 330, total loss=59765258452992.0000, content_loss=5718747265.6250, style loss=59759512500000.0000, tv loss=27612020.0000
L-BFGS | iteration: 331, total loss=59700351598592.0000, content_loss=5717314453.1250, style loss=59694604687500.0000, tv loss=27626578.0000
L-BFGS | iteration: 332, total loss=59500459458560.0000, content_loss=5719001562.5000, style loss=59494710937500.0000, tv loss=27620624.0000
L-BFGS | iteration: 333, total loss=59386080788480.0000, content_loss=5719591015.6250, style loss=59380331250000.0000, tv loss=27622206.0000
L-BFGS | iteration: 334, total loss=59173945475072.0000, content_loss=5719719531.2500, style loss=59168193750000.0000, tv loss=27630656.0000
L-BFGS | iteration: 335, total loss=58944475103232.0000, content_loss=5720850390.6250, style loss=58938726562500.0000, tv loss=27634888.0000
L-BFGS | iteration: 336, total loss=58681555156992.0000, content_loss=5719583984.3750, style loss=58675804687500.0000, tv loss=27648810.0000
L-BFGS | iteration: 337, total loss=58509844545536.0000, content_loss=5722678906.2500, style loss=58504092187500.0000, tv loss=27644384.0000
L-BFGS | iteration: 338, total loss=58426952515584.0000, content_loss=5722479687.5000, style loss=58421203125000.0000, tv loss=27652188.0000
L-BFGS | iteration: 339, total loss=58274913189888.0000, content_loss=5721401953.1250, style loss=58269164062500.0000, tv loss=27656102.0000
L-BFGS | iteration: 340, total loss=58095262760960.0000, content_loss=5722481640.6250, style loss=58089510937500.0000, tv loss=27664346.0000
L-BFGS | iteration: 341, total loss=57867306532864.0000, content_loss=5721401562.5000, style loss=57861557812500.0000, tv loss=27663016.0000
L-BFGS | iteration: 342, total loss=57663576604672.0000, content_loss=5726493750.0000, style loss=57657820312500.0000, tv loss=27683478.0000
L-BFGS | iteration: 343, total loss=57551135703040.0000, content_loss=5726383203.1250, style loss=57545381250000.0000, tv loss=27681548.0000
L-BFGS | iteration: 344, total loss=57330154602496.0000, content_loss=5725704687.5000, style loss=57324398437500.0000, tv loss=27682682.0000
L-BFGS | iteration: 345, total loss=57177540657152.0000, content_loss=5727161328.1250, style loss=57171787500000.0000, tv loss=27693884.0000
L-BFGS | iteration: 346, total loss=57011874037760.0000, content_loss=5728441406.2500, style loss=57006117187500.0000, tv loss=27688766.0000
L-BFGS | iteration: 347, total loss=56877299793920.0000, content_loss=5727187890.6250, style loss=56871543750000.0000, tv loss=27713744.0000
L-BFGS | iteration: 348, total loss=56778733649920.0000, content_loss=5727352734.3750, style loss=56772975000000.0000, tv loss=27711432.0000
L-BFGS | iteration: 349, total loss=56644314595328.0000, content_loss=5727112890.6250, style loss=56638560937500.0000, tv loss=27708108.0000
L-BFGS | iteration: 350, total loss=56425162211328.0000, content_loss=5728733984.3750, style loss=56419401562500.0000, tv loss=27719620.0000
L-BFGS | iteration: 351, total loss=56244299628544.0000, content_loss=5729832812.5000, style loss=56238539062500.0000, tv loss=27726144.0000
L-BFGS | iteration: 352, total loss=56064435290112.0000, content_loss=5731111718.7500, style loss=56058675000000.0000, tv loss=27723224.0000
L-BFGS | iteration: 353, total loss=55933740777472.0000, content_loss=5731037109.3750, style loss=55927982812500.0000, tv loss=27737332.0000
L-BFGS | iteration: 354, total loss=55800475156480.0000, content_loss=5732139453.1250, style loss=55794712500000.0000, tv loss=27741534.0000
L-BFGS | iteration: 355, total loss=55683454074880.0000, content_loss=5731664453.1250, style loss=55677689062500.0000, tv loss=27742126.0000
L-BFGS | iteration: 356, total loss=55460308713472.0000, content_loss=5731889062.5000, style loss=55454545312500.0000, tv loss=27752532.0000
L-BFGS | iteration: 357, total loss=55254003482624.0000, content_loss=5732121484.3750, style loss=55248239062500.0000, tv loss=27750800.0000
L-BFGS | iteration: 358, total loss=55111246151680.0000, content_loss=5733542187.5000, style loss=55105481250000.0000, tv loss=27769202.0000
L-BFGS | iteration: 359, total loss=54956010766336.0000, content_loss=5735883984.3750, style loss=54950245312500.0000, tv loss=27769448.0000
L-BFGS | iteration: 360, total loss=54828831080448.0000, content_loss=5734879687.5000, style loss=54823068750000.0000, tv loss=27768800.0000
L-BFGS | iteration: 361, total loss=54728658518016.0000, content_loss=5735057812.5000, style loss=54722896875000.0000, tv loss=27770056.0000
L-BFGS | iteration: 362, total loss=54577818763264.0000, content_loss=5735450781.2500, style loss=54572057812500.0000, tv loss=27777948.0000
L-BFGS | iteration: 363, total loss=54355487096832.0000, content_loss=5737482812.5000, style loss=54349720312500.0000, tv loss=27793604.0000
L-BFGS | iteration: 364, total loss=54204676702208.0000, content_loss=5736283984.3750, style loss=54198909375000.0000, tv loss=27801588.0000
L-BFGS | iteration: 365, total loss=54086808371200.0000, content_loss=5737950390.6250, style loss=54081042187500.0000, tv loss=27798684.0000
L-BFGS | iteration: 366, total loss=53978196869120.0000, content_loss=5739069921.8750, style loss=53972428125000.0000, tv loss=27815884.0000
L-BFGS | iteration: 367, total loss=53882092781568.0000, content_loss=5738221875.0000, style loss=53876325000000.0000, tv loss=27811224.0000
L-BFGS | iteration: 368, total loss=53711770484736.0000, content_loss=5737583984.3750, style loss=53706004687500.0000, tv loss=27811162.0000
L-BFGS | iteration: 369, total loss=53526625517568.0000, content_loss=5737996093.7500, style loss=53520857812500.0000, tv loss=27816780.0000
L-BFGS | iteration: 370, total loss=53344693387264.0000, content_loss=5740076171.8750, style loss=53338921875000.0000, tv loss=27841004.0000
L-BFGS | iteration: 371, total loss=53164178931712.0000, content_loss=5740074218.7500, style loss=53158406250000.0000, tv loss=27835710.0000
L-BFGS | iteration: 372, total loss=53065033973760.0000, content_loss=5738511328.1250, style loss=53059265625000.0000, tv loss=27842374.0000
L-BFGS | iteration: 373, total loss=52954707001344.0000, content_loss=5740011328.1250, style loss=52948935937500.0000, tv loss=27846548.0000
L-BFGS | iteration: 374, total loss=52818815746048.0000, content_loss=5741051953.1250, style loss=52813045312500.0000, tv loss=27851526.0000
L-BFGS | iteration: 375, total loss=52635923120128.0000, content_loss=5741224218.7500, style loss=52630153125000.0000, tv loss=27861148.0000
L-BFGS | iteration: 376, total loss=52437419294720.0000, content_loss=5742646875.0000, style loss=52431646875000.0000, tv loss=27865722.0000
L-BFGS | iteration: 377, total loss=52285061201920.0000, content_loss=5742216796.8750, style loss=52279289062500.0000, tv loss=27875620.0000
L-BFGS | iteration: 378, total loss=52178915950592.0000, content_loss=5742484375.0000, style loss=52173145312500.0000, tv loss=27884076.0000
L-BFGS | iteration: 379, total loss=52042085171200.0000, content_loss=5744319921.8750, style loss=52036307812500.0000, tv loss=27884044.0000
L-BFGS | iteration: 380, total loss=51981582336000.0000, content_loss=5742863281.2500, style loss=51975810937500.0000, tv loss=27901532.0000
L-BFGS | iteration: 381, total loss=51869451812864.0000, content_loss=5743932031.2500, style loss=51863681250000.0000, tv loss=27899104.0000
L-BFGS | iteration: 382, total loss=51766305488896.0000, content_loss=5745051953.1250, style loss=51760528125000.0000, tv loss=27896106.0000
L-BFGS | iteration: 383, total loss=51646126096384.0000, content_loss=5745983984.3750, style loss=51640350000000.0000, tv loss=27906340.0000
L-BFGS | iteration: 384, total loss=51477632516096.0000, content_loss=5746608984.3750, style loss=51471857812500.0000, tv loss=27913180.0000
L-BFGS | iteration: 385, total loss=51307889033216.0000, content_loss=5747778515.6250, style loss=51302114062500.0000, tv loss=27927956.0000
L-BFGS | iteration: 386, total loss=51202440036352.0000, content_loss=5747860156.2500, style loss=51196664062500.0000, tv loss=27929552.0000
L-BFGS | iteration: 387, total loss=51099838971904.0000, content_loss=5747407031.2500, style loss=51094064062500.0000, tv loss=27941858.0000
L-BFGS | iteration: 388, total loss=50985841983488.0000, content_loss=5748300781.2500, style loss=50980064062500.0000, tv loss=27939960.0000
L-BFGS | iteration: 389, total loss=50889037447168.0000, content_loss=5747942187.5000, style loss=50883262500000.0000, tv loss=27947192.0000
L-BFGS | iteration: 390, total loss=50738529042432.0000, content_loss=5748228906.2500, style loss=50732751562500.0000, tv loss=27955288.0000
L-BFGS | iteration: 391, total loss=50611030589440.0000, content_loss=5748859375.0000, style loss=50605251562500.0000, tv loss=27958904.0000
L-BFGS | iteration: 392, total loss=50482714247168.0000, content_loss=5748961328.1250, style loss=50476935937500.0000, tv loss=27967300.0000
L-BFGS | iteration: 393, total loss=50347338891264.0000, content_loss=5750278125.0000, style loss=50341560937500.0000, tv loss=27968354.0000
L-BFGS | iteration: 394, total loss=50261968027648.0000, content_loss=5750148437.5000, style loss=50256187500000.0000, tv loss=27983716.0000
L-BFGS | iteration: 395, total loss=50144829505536.0000, content_loss=5750467578.1250, style loss=50139051562500.0000, tv loss=27989146.0000
L-BFGS | iteration: 396, total loss=49994195271680.0000, content_loss=5750267968.7500, style loss=49988414062500.0000, tv loss=27997192.0000
L-BFGS | iteration: 397, total loss=49891329966080.0000, content_loss=5752836328.1250, style loss=49885546875000.0000, tv loss=27996936.0000
L-BFGS | iteration: 398, total loss=49814372876288.0000, content_loss=5752262890.6250, style loss=49808592187500.0000, tv loss=27999892.0000
L-BFGS | iteration: 399, total loss=49726124720128.0000, content_loss=5751752734.3750, style loss=49720345312500.0000, tv loss=28002970.0000
L-BFGS | iteration: 400, total loss=49631006294016.0000, content_loss=5752055078.1250, style loss=49625226562500.0000, tv loss=28007662.0000
L-BFGS | iteration: 401, total loss=49465071239168.0000, content_loss=5753530859.3750, style loss=49459289062500.0000, tv loss=28024036.0000
L-BFGS | iteration: 402, total loss=49337916719104.0000, content_loss=5751384765.6250, style loss=49332135937500.0000, tv loss=28019172.0000
L-BFGS | iteration: 403, total loss=49201425678336.0000, content_loss=5756122656.2500, style loss=49195640625000.0000, tv loss=28041452.0000
L-BFGS | iteration: 404, total loss=49143586226176.0000, content_loss=5756658984.3750, style loss=49137801562500.0000, tv loss=28039248.0000
L-BFGS | iteration: 405, total loss=49084119384064.0000, content_loss=5755565234.3750, style loss=49078335937500.0000, tv loss=28047356.0000
L-BFGS | iteration: 406, total loss=48991509151744.0000, content_loss=5756175390.6250, style loss=48985725000000.0000, tv loss=28042636.0000
L-BFGS | iteration: 407, total loss=48916917649408.0000, content_loss=5756500781.2500, style loss=48911132812500.0000, tv loss=28046638.0000
L-BFGS | iteration: 408, total loss=48770989424640.0000, content_loss=5755951171.8750, style loss=48765206250000.0000, tv loss=28064832.0000
L-BFGS | iteration: 409, total loss=48651237851136.0000, content_loss=5757346484.3750, style loss=48645450000000.0000, tv loss=28068328.0000
L-BFGS | iteration: 410, total loss=48563044220928.0000, content_loss=5757421875.0000, style loss=48557254687500.0000, tv loss=28072644.0000
L-BFGS | iteration: 411, total loss=48434664964096.0000, content_loss=5757596484.3750, style loss=48428878125000.0000, tv loss=28085302.0000
L-BFGS | iteration: 412, total loss=48315613839360.0000, content_loss=5758465234.3750, style loss=48309825000000.0000, tv loss=28077488.0000
L-BFGS | iteration: 413, total loss=48231471906816.0000, content_loss=5759123046.8750, style loss=48225684375000.0000, tv loss=28088062.0000
L-BFGS | iteration: 414, total loss=48101427511296.0000, content_loss=5759503125.0000, style loss=48095639062500.0000, tv loss=28102352.0000
L-BFGS | iteration: 415, total loss=47996267921408.0000, content_loss=5760632031.2500, style loss=47990479687500.0000, tv loss=28108200.0000
L-BFGS | iteration: 416, total loss=47900641984512.0000, content_loss=5760754296.8750, style loss=47894854687500.0000, tv loss=28110372.0000
L-BFGS | iteration: 417, total loss=47792315695104.0000, content_loss=5762016406.2500, style loss=47786521875000.0000, tv loss=28111970.0000
L-BFGS | iteration: 418, total loss=47707657863168.0000, content_loss=5761903125.0000, style loss=47701865625000.0000, tv loss=28120682.0000
L-BFGS | iteration: 419, total loss=47609473400832.0000, content_loss=5762854296.8750, style loss=47603681250000.0000, tv loss=28125160.0000
L-BFGS | iteration: 420, total loss=47541064302592.0000, content_loss=5762776171.8750, style loss=47535271875000.0000, tv loss=28142506.0000
L-BFGS | iteration: 421, total loss=47430254985216.0000, content_loss=5762832031.2500, style loss=47424464062500.0000, tv loss=28138292.0000
L-BFGS | iteration: 422, total loss=47351125245952.0000, content_loss=5762550781.2500, style loss=47345334375000.0000, tv loss=28138204.0000
L-BFGS | iteration: 423, total loss=47222183952384.0000, content_loss=5762226953.1250, style loss=47216390625000.0000, tv loss=28151896.0000
L-BFGS | iteration: 424, total loss=47097856393216.0000, content_loss=5762792968.7500, style loss=47092064062500.0000, tv loss=28153600.0000
L-BFGS | iteration: 425, total loss=46988976455680.0000, content_loss=5763482812.5000, style loss=46983182812500.0000, tv loss=28158348.0000
L-BFGS | iteration: 426, total loss=46893266632704.0000, content_loss=5764199609.3750, style loss=46887473437500.0000, tv loss=28167944.0000
L-BFGS | iteration: 427, total loss=46790988529664.0000, content_loss=5766776171.8750, style loss=46785192187500.0000, tv loss=28172278.0000
L-BFGS | iteration: 428, total loss=46801834999808.0000, content_loss=5765341406.2500, style loss=46796039062500.0000, tv loss=28188168.0000
L-BFGS | iteration: 429, total loss=46738878496768.0000, content_loss=5766148828.1250, style loss=46733081250000.0000, tv loss=28180124.0000
L-BFGS | iteration: 430, total loss=46653251780608.0000, content_loss=5766041406.2500, style loss=46647454687500.0000, tv loss=28181496.0000
L-BFGS | iteration: 431, total loss=46536046149632.0000, content_loss=5766575390.6250, style loss=46530248437500.0000, tv loss=28189304.0000
L-BFGS | iteration: 432, total loss=46422577643520.0000, content_loss=5765597265.6250, style loss=46416782812500.0000, tv loss=28192488.0000
L-BFGS | iteration: 433, total loss=46318491795456.0000, content_loss=5766046484.3750, style loss=46312696875000.0000, tv loss=28203768.0000
L-BFGS | iteration: 434, total loss=46209007878144.0000, content_loss=5767674609.3750, style loss=46203210937500.0000, tv loss=28206596.0000
L-BFGS | iteration: 435, total loss=46182927695872.0000, content_loss=5766630859.3750, style loss=46177129687500.0000, tv loss=28219680.0000
L-BFGS | iteration: 436, total loss=46085418516480.0000, content_loss=5767709375.0000, style loss=46079620312500.0000, tv loss=28214746.0000
L-BFGS | iteration: 437, total loss=46028933824512.0000, content_loss=5768437500.0000, style loss=46023135937500.0000, tv loss=28216614.0000
L-BFGS | iteration: 438, total loss=45915108802560.0000, content_loss=5768398046.8750, style loss=45909314062500.0000, tv loss=28223454.0000
L-BFGS | iteration: 439, total loss=45830757154816.0000, content_loss=5770623828.1250, style loss=45824957812500.0000, tv loss=28233508.0000
L-BFGS | iteration: 440, total loss=45753695207424.0000, content_loss=5769889062.5000, style loss=45747895312500.0000, tv loss=28231944.0000
L-BFGS | iteration: 441, total loss=45660535521280.0000, content_loss=5769625000.0000, style loss=45654735937500.0000, tv loss=28241010.0000
L-BFGS | iteration: 442, total loss=45579770003456.0000, content_loss=5770532812.5000, style loss=45573970312500.0000, tv loss=28236556.0000
L-BFGS | iteration: 443, total loss=45512279457792.0000, content_loss=5769849609.3750, style loss=45506479687500.0000, tv loss=28249492.0000
L-BFGS | iteration: 444, total loss=45423066611712.0000, content_loss=5770771875.0000, style loss=45417267187500.0000, tv loss=28256544.0000
L-BFGS | iteration: 445, total loss=45341625810944.0000, content_loss=5770854296.8750, style loss=45335826562500.0000, tv loss=28255724.0000
L-BFGS | iteration: 446, total loss=45235841269760.0000, content_loss=5771594140.6250, style loss=45230039062500.0000, tv loss=28270516.0000
L-BFGS | iteration: 447, total loss=45118182653952.0000, content_loss=5771558203.1250, style loss=45112382812500.0000, tv loss=28273652.0000
L-BFGS | iteration: 448, total loss=45030077104128.0000, content_loss=5772412500.0000, style loss=45024276562500.0000, tv loss=28278944.0000
L-BFGS | iteration: 449, total loss=44972657082368.0000, content_loss=5772678906.2500, style loss=44966854687500.0000, tv loss=28288002.0000
L-BFGS | iteration: 450, total loss=44891425996800.0000, content_loss=5774250781.2500, style loss=44885620312500.0000, tv loss=28289724.0000
L-BFGS | iteration: 451, total loss=44828939255808.0000, content_loss=5773334765.6250, style loss=44823140625000.0000, tv loss=28294924.0000
L-BFGS | iteration: 452, total loss=44759292837888.0000, content_loss=5773519140.6250, style loss=44753489062500.0000, tv loss=28295480.0000
L-BFGS | iteration: 453, total loss=44683568873472.0000, content_loss=5774536328.1250, style loss=44677762500000.0000, tv loss=28300162.0000
L-BFGS | iteration: 454, total loss=44595559792640.0000, content_loss=5775358593.7500, style loss=44589754687500.0000, tv loss=28305216.0000
L-BFGS | iteration: 455, total loss=44511413665792.0000, content_loss=5775555078.1250, style loss=44505609375000.0000, tv loss=28314120.0000
L-BFGS | iteration: 456, total loss=44407181017088.0000, content_loss=5775499218.7500, style loss=44401378125000.0000, tv loss=28318504.0000
L-BFGS | iteration: 457, total loss=44321113899008.0000, content_loss=5777098828.1250, style loss=44315310937500.0000, tv loss=28336756.0000
L-BFGS | iteration: 458, total loss=44227866132480.0000, content_loss=5776607031.2500, style loss=44222062500000.0000, tv loss=28332540.0000
L-BFGS | iteration: 459, total loss=44158257463296.0000, content_loss=5776307031.2500, style loss=44152453125000.0000, tv loss=28339930.0000
L-BFGS | iteration: 460, total loss=44104574566400.0000, content_loss=5777785546.8750, style loss=44098767187500.0000, tv loss=28336922.0000
L-BFGS | iteration: 461, total loss=44053768962048.0000, content_loss=5777110156.2500, style loss=44047964062500.0000, tv loss=28341492.0000
L-BFGS | iteration: 462, total loss=43992376934400.0000, content_loss=5777141015.6250, style loss=43986571875000.0000, tv loss=28346076.0000
L-BFGS | iteration: 463, total loss=43903608684544.0000, content_loss=5777740625.0000, style loss=43897800000000.0000, tv loss=28354548.0000
L-BFGS | iteration: 464, total loss=43822977384448.0000, content_loss=5778685156.2500, style loss=43817170312500.0000, tv loss=28362084.0000
L-BFGS | iteration: 465, total loss=43729255661568.0000, content_loss=5779224218.7500, style loss=43723448437500.0000, tv loss=28372138.0000
L-BFGS | iteration: 466, total loss=43628839829504.0000, content_loss=5780615625.0000, style loss=43623032812500.0000, tv loss=28372104.0000
L-BFGS | iteration: 467, total loss=43572531298304.0000, content_loss=5780895312.5000, style loss=43566721875000.0000, tv loss=28382146.0000
