C:\Users\user\AppData\Roaming\Python\Python313\site-packages\torchvision\models\_utils.py:208: UserWarning: The parameter 'pretrained' is deprecated since 0.13 and may be removed in the future, please use 'weights' instead.
  warnings.warn(
C:\Users\user\AppData\Roaming\Python\Python313\site-packages\torchvision\models\_utils.py:223: UserWarning: Arguments other than a weight enum or `None` for 'weights' are deprecated since 0.13 and may be removed in the future. The current behavior is equivalent to passing `weights=VGG19_Weights.IMAGENET1K_V1`. You can also use `weights=VGG19_Weights.DEFAULT` to get the most up-to-date weights.
  warnings.warn(msg)
Using VGG19 in the optimization procedure.
L-BFGS | iteration: 000, total loss=68593805992919040.0000, content_loss=      0.0000, style loss=68593804800000000.0000, tv loss=7292753.0000
L-BFGS | iteration: 001, total loss=68593788813049856.0000, content_loss=     40.8763, style loss=68593790400000000.0000, tv loss=7292753.5000
L-BFGS | iteration: 002, total loss=68593711503638528.0000, content_loss=     56.9295, style loss=68593713600000000.0000, tv loss=7292759.0000
L-BFGS | iteration: 003, total loss=68593282006908928.0000, content_loss=     76.6322, style loss=68593281600000000.0000, tv loss=7292786.0000
L-BFGS | iteration: 004, total loss=68590511753003008.0000, content_loss=    123.4859, style loss=68590512000000000.0000, tv loss=7292935.5000
L-BFGS | iteration: 005, total loss=68576076367921152.0000, content_loss=    790.2435, style loss=68576078400000000.0000, tv loss=7293758.0000
L-BFGS | iteration: 006, total loss=68499604475215872.0000, content_loss=  17214.7065, style loss=68499604800000000.0000, tv loss=7298282.5000
L-BFGS | iteration: 007, total loss=68128897257963520.0000, content_loss= 357030.9401, style loss=68128896000000000.0000, tv loss=7323189.0000
L-BFGS | iteration: 008, total loss=66153817892192256.0000, content_loss=9025244.9036, style loss=66153816000000000.0000, tv loss=7511157.0000
L-BFGS | iteration: 009, total loss=61854409600008192.0000, content_loss=78230737.3047, style loss=61854408000000000.0000, tv loss=8068488.0000
L-BFGS | iteration: 010, total loss=48065941082210304.0000, content_loss=416397021.4844, style loss=48065942400000000.0000, tv loss=10736014.0000
L-BFGS | iteration: 011, total loss=71744641245904896.0000, content_loss=1749082421.8750, style loss=71744640000000000.0000, tv loss=21821110.0000
L-BFGS | iteration: 012, total loss=33612564382351360.0000, content_loss=1003640625.0000, style loss=33612564000000000.0000, tv loss=15661129.0000
L-BFGS | iteration: 013, total loss=27509007832842240.0000, content_loss=1285006542.9688, style loss=27509006400000000.0000, tv loss=17047016.0000
L-BFGS | iteration: 014, total loss=18810994683805696.0000, content_loss=1493875781.2500, style loss=18810992400000000.0000, tv loss=17284420.0000
L-BFGS | iteration: 015, total loss=14236953297813504.0000, content_loss=1669224218.7500, style loss=14236951200000000.0000, tv loss=17933276.0000
L-BFGS | iteration: 016, total loss=11412301483606016.0000, content_loss=1640636328.1250, style loss=11412298800000000.0000, tv loss=17486940.0000
L-BFGS | iteration: 017, total loss=9752387891757056.0000, content_loss=1939272656.2500, style loss=9752385600000000.0000, tv loss=18430370.0000
L-BFGS | iteration: 018, total loss=8431498617159680.0000, content_loss=1823045117.1875, style loss=8431497000000000.0000, tv loss=17977466.0000
L-BFGS | iteration: 019, total loss=7407228373958656.0000, content_loss=1815897851.5625, style loss=7407226800000000.0000, tv loss=17748568.0000
L-BFGS | iteration: 020, total loss=6277102756167680.0000, content_loss=1847998437.5000, style loss=6277101000000000.0000, tv loss=17862512.0000
L-BFGS | iteration: 021, total loss=5529062797737984.0000, content_loss=1953747851.5625, style loss=5529060600000000.0000, tv loss=18186408.0000
L-BFGS | iteration: 022, total loss=4998680507580416.0000, content_loss=1909139062.5000, style loss=4998678300000000.0000, tv loss=18093702.0000
L-BFGS | iteration: 023, total loss=4492078109163520.0000, content_loss=1960552539.0625, style loss=4492076100000000.0000, tv loss=18172832.0000
L-BFGS | iteration: 024, total loss=4038282333650944.0000, content_loss=1987924804.6875, style loss=4038280500000000.0000, tv loss=18414604.0000
L-BFGS | iteration: 025, total loss=3658688023756800.0000, content_loss=2022458789.0625, style loss=3658686000000000.0000, tv loss=18532384.0000
L-BFGS | iteration: 026, total loss=3339636915044352.0000, content_loss=2011977929.6875, style loss=3339635100000000.0000, tv loss=18686608.0000
L-BFGS | iteration: 027, total loss=3077943215521792.0000, content_loss=2082240039.0625, style loss=3077941200000000.0000, tv loss=18765792.0000
L-BFGS | iteration: 028, total loss=2953727124176896.0000, content_loss=1987917773.4375, style loss=2953725300000000.0000, tv loss=18768948.0000
L-BFGS | iteration: 029, total loss=2787501152403456.0000, content_loss=2042378906.2500, style loss=2787498900000000.0000, tv loss=18792280.0000
L-BFGS | iteration: 030, total loss=2670940303392768.0000, content_loss=2076468750.0000, style loss=2670938100000000.0000, tv loss=18770658.0000
L-BFGS | iteration: 031, total loss=2529274296795136.0000, content_loss=2084283593.7500, style loss=2529272100000000.0000, tv loss=18858760.0000
L-BFGS | iteration: 032, total loss=2382490568228864.0000, content_loss=2091272070.3125, style loss=2382488400000000.0000, tv loss=18997400.0000
L-BFGS | iteration: 033, total loss=2261582407008256.0000, content_loss=2155736914.0625, style loss=2261580300000000.0000, tv loss=19049212.0000
L-BFGS | iteration: 034, total loss=2314334537515008.0000, content_loss=2034687695.3125, style loss=2314332300000000.0000, tv loss=18967220.0000
L-BFGS | iteration: 035, total loss=2216950583263232.0000, content_loss=2106694140.6250, style loss=2216948400000000.0000, tv loss=19001756.0000
L-BFGS | iteration: 036, total loss=2167784616230912.0000, content_loss=2105755859.3750, style loss=2167782450000000.0000, tv loss=18987444.0000
L-BFGS | iteration: 037, total loss=2075009564540928.0000, content_loss=2108508984.3750, style loss=2075007450000000.0000, tv loss=19075380.0000
L-BFGS | iteration: 038, total loss=1981954534670336.0000, content_loss=2143630273.4375, style loss=1981952400000000.0000, tv loss=19113848.0000
L-BFGS | iteration: 039, total loss=1917087375163392.0000, content_loss=2148868554.6875, style loss=1917085200000000.0000, tv loss=19153306.0000
L-BFGS | iteration: 040, total loss=1831343721807872.0000, content_loss=2137977539.0625, style loss=1831341600000000.0000, tv loss=19205168.0000
L-BFGS | iteration: 041, total loss=1782907362344960.0000, content_loss=2204133789.0625, style loss=1782905250000000.0000, tv loss=19348308.0000
L-BFGS | iteration: 042, total loss=1751630336753664.0000, content_loss=2147478906.2500, style loss=1751628150000000.0000, tv loss=19111762.0000
L-BFGS | iteration: 043, total loss=1717588425965568.0000, content_loss=2166992968.7500, style loss=1717586250000000.0000, tv loss=19125148.0000
L-BFGS | iteration: 044, total loss=1679530586537984.0000, content_loss=2167952539.0625, style loss=1679528400000000.0000, tv loss=19350124.0000
L-BFGS | iteration: 045, total loss=1624752439427072.0000, content_loss=2178316992.1875, style loss=1624750350000000.0000, tv loss=19353884.0000
L-BFGS | iteration: 046, total loss=1565836896632832.0000, content_loss=2188733789.0625, style loss=1565834700000000.0000, tv loss=19423674.0000
L-BFGS | iteration: 047, total loss=1526893220200448.0000, content_loss=2186601953.1250, style loss=1526891100000000.0000, tv loss=19371072.0000
L-BFGS | iteration: 048, total loss=1470189182910464.0000, content_loss=2196010156.2500, style loss=1470187050000000.0000, tv loss=19432792.0000
L-BFGS | iteration: 049, total loss=1421167231500288.0000, content_loss=2222633789.0625, style loss=1421164950000000.0000, tv loss=19475604.0000
L-BFGS | iteration: 050, total loss=1440867306962944.0000, content_loss=2153903710.9375, style loss=1440865200000000.0000, tv loss=19507610.0000
L-BFGS | iteration: 051, total loss=1405622805331968.0000, content_loss=2196297656.2500, style loss=1405620600000000.0000, tv loss=19481890.0000
L-BFGS | iteration: 052, total loss=1380737630601216.0000, content_loss=2202144531.2500, style loss=1380735450000000.0000, tv loss=19455828.0000
L-BFGS | iteration: 053, total loss=1345392197238784.0000, content_loss=2208262304.6875, style loss=1345390050000000.0000, tv loss=19562972.0000
L-BFGS | iteration: 054, total loss=1304589336838144.0000, content_loss=2214787109.3750, style loss=1304587050000000.0000, tv loss=19594968.0000
L-BFGS | iteration: 055, total loss=1263342752628736.0000, content_loss=2227294726.5625, style loss=1263340500000000.0000, tv loss=19666996.0000
L-BFGS | iteration: 056, total loss=1229592631181312.0000, content_loss=2216782617.1875, style loss=1229590350000000.0000, tv loss=19645180.0000
L-BFGS | iteration: 057, total loss=1200628042825728.0000, content_loss=2249411132.8125, style loss=1200625725000000.0000, tv loss=19735158.0000
L-BFGS | iteration: 058, total loss=1188692328710144.0000, content_loss=2218466796.8750, style loss=1188690000000000.0000, tv loss=19783304.0000
L-BFGS | iteration: 059, total loss=1166653509337088.0000, content_loss=2225115234.3750, style loss=1166651175000000.0000, tv loss=19686772.0000
L-BFGS | iteration: 060, total loss=1139853450280960.0000, content_loss=2239529296.8750, style loss=1139851200000000.0000, tv loss=19833664.0000
L-BFGS | iteration: 061, total loss=1114925460094976.0000, content_loss=2237811718.7500, style loss=1114923225000000.0000, tv loss=19826788.0000
L-BFGS | iteration: 062, total loss=1087416127455232.0000, content_loss=2248987890.6250, style loss=1087413825000000.0000, tv loss=19929104.0000
L-BFGS | iteration: 063, total loss=1067266422603776.0000, content_loss=2239090429.6875, style loss=1067264175000000.0000, tv loss=19941444.0000
L-BFGS | iteration: 064, total loss=1041842296586240.0000, content_loss=2251920507.8125, style loss=1041840000000000.0000, tv loss=19923340.0000
L-BFGS | iteration: 065, total loss=1026858363650048.0000, content_loss=2232925000.0000, style loss=1026856125000000.0000, tv loss=20109396.0000
L-BFGS | iteration: 066, total loss=1006545181605888.0000, content_loss=2263170898.4375, style loss=1006542900000000.0000, tv loss=20066892.0000
L-BFGS | iteration: 067, total loss=994036424900608.0000, content_loss=2251525390.6250, style loss=994034175000000.0000, tv loss=20056174.0000
L-BFGS | iteration: 068, total loss=981277150806016.0000, content_loss=2259314843.7500, style loss=981274875000000.0000, tv loss=20092150.0000
L-BFGS | iteration: 069, total loss=959437443432448.0000, content_loss=2252236132.8125, style loss=959435175000000.0000, tv loss=20165134.0000
L-BFGS | iteration: 070, total loss=936770954854400.0000, content_loss=2263803125.0000, style loss=936768675000000.0000, tv loss=20246316.0000
L-BFGS | iteration: 071, total loss=919952198467584.0000, content_loss=2250065625.0000, style loss=919949925000000.0000, tv loss=20233028.0000
L-BFGS | iteration: 072, total loss=902541676118016.0000, content_loss=2266869726.5625, style loss=902539425000000.0000, tv loss=20283084.0000
L-BFGS | iteration: 073, total loss=892061284827136.0000, content_loss=2258198046.8750, style loss=892059000000000.0000, tv loss=20368204.0000
L-BFGS | iteration: 074, total loss=874575399223296.0000, content_loss=2269689843.7500, style loss=874573125000000.0000, tv loss=20375516.0000
L-BFGS | iteration: 075, total loss=857220107468800.0000, content_loss=2269422656.2500, style loss=857217825000000.0000, tv loss=20467380.0000
L-BFGS | iteration: 076, total loss=841099618811904.0000, content_loss=2262932812.5000, style loss=841097325000000.0000, tv loss=20391540.0000
L-BFGS | iteration: 077, total loss=825435604647936.0000, content_loss=2277102343.7500, style loss=825433350000000.0000, tv loss=20558210.0000
L-BFGS | iteration: 078, total loss=813874425102336.0000, content_loss=2264967578.1250, style loss=813872175000000.0000, tv loss=20564466.0000
L-BFGS | iteration: 079, total loss=800662904373248.0000, content_loss=2273402734.3750, style loss=800660625000000.0000, tv loss=20511348.0000
L-BFGS | iteration: 080, total loss=801027641049088.0000, content_loss=2252788671.8750, style loss=801025350000000.0000, tv loss=20748650.0000
L-BFGS | iteration: 081, total loss=792102631899136.0000, content_loss=2265032812.5000, style loss=792100350000000.0000, tv loss=20628442.0000
L-BFGS | iteration: 082, total loss=780068267753472.0000, content_loss=2281076757.8125, style loss=780066000000000.0000, tv loss=20730508.0000
L-BFGS | iteration: 083, total loss=767775802916864.0000, content_loss=2279906250.0000, style loss=767773500000000.0000, tv loss=20707508.0000
L-BFGS | iteration: 084, total loss=751906368520192.0000, content_loss=2277472656.2500, style loss=751904100000000.0000, tv loss=20728396.0000
L-BFGS | iteration: 085, total loss=736613734809600.0000, content_loss=2282074414.0625, style loss=736611450000000.0000, tv loss=20796870.0000
L-BFGS | iteration: 086, total loss=722749379051520.0000, content_loss=2277361132.8125, style loss=722747100000000.0000, tv loss=20867764.0000
L-BFGS | iteration: 087, total loss=710780580265984.0000, content_loss=2292313085.9375, style loss=710778300000000.0000, tv loss=20875788.0000
L-BFGS | iteration: 088, total loss=708122935033856.0000, content_loss=2267310937.5000, style loss=708120675000000.0000, tv loss=21007820.0000
L-BFGS | iteration: 089, total loss=696504377409536.0000, content_loss=2283910937.5000, style loss=696502125000000.0000, tv loss=20978840.0000
L-BFGS | iteration: 090, total loss=689146293125120.0000, content_loss=2287300781.2500, style loss=689144025000000.0000, tv loss=20969672.0000
L-BFGS | iteration: 091, total loss=678443301732352.0000, content_loss=2276485742.1875, style loss=678441000000000.0000, tv loss=21083768.0000
L-BFGS | iteration: 092, total loss=667154181521408.0000, content_loss=2296761328.1250, style loss=667151925000000.0000, tv loss=21083174.0000
L-BFGS | iteration: 093, total loss=660370683330560.0000, content_loss=2288696289.0625, style loss=660368400000000.0000, tv loss=21104520.0000
L-BFGS | iteration: 094, total loss=650760492679168.0000, content_loss=2281396679.6875, style loss=650758200000000.0000, tv loss=21168864.0000
L-BFGS | iteration: 095, total loss=640542094393344.0000, content_loss=2288972460.9375, style loss=640539825000000.0000, tv loss=21181414.0000
L-BFGS | iteration: 096, total loss=630864996204544.0000, content_loss=2291436132.8125, style loss=630862725000000.0000, tv loss=21261204.0000
L-BFGS | iteration: 097, total loss=619163424915456.0000, content_loss=2278523046.8750, style loss=619161112500000.0000, tv loss=21288224.0000
L-BFGS | iteration: 098, total loss=610643753304064.0000, content_loss=2306627343.7500, style loss=610641487500000.0000, tv loss=21381444.0000
L-BFGS | iteration: 099, total loss=605783326720000.0000, content_loss=2295294335.9375, style loss=605781075000000.0000, tv loss=21404856.0000
L-BFGS | iteration: 100, total loss=599931769323520.0000, content_loss=2285719726.5625, style loss=599929462500000.0000, tv loss=21352756.0000
L-BFGS | iteration: 101, total loss=593302017540096.0000, content_loss=2286422070.3125, style loss=593299762500000.0000, tv loss=21410124.0000
L-BFGS | iteration: 102, total loss=582188252790784.0000, content_loss=2290308007.8125, style loss=582185962500000.0000, tv loss=21476766.0000
L-BFGS | iteration: 103, total loss=572781603323904.0000, content_loss=2302498242.1875, style loss=572779312500000.0000, tv loss=21580768.0000
L-BFGS | iteration: 104, total loss=566569335783424.0000, content_loss=2292609765.6250, style loss=566567062500000.0000, tv loss=21540072.0000
L-BFGS | iteration: 105, total loss=559095824252928.0000, content_loss=2299104492.1875, style loss=559093462500000.0000, tv loss=21559344.0000
L-BFGS | iteration: 106, total loss=553875190841344.0000, content_loss=2291288671.8750, style loss=553872862500000.0000, tv loss=21741568.0000
L-BFGS | iteration: 107, total loss=545281733033984.0000, content_loss=2307002148.4375, style loss=545279400000000.0000, tv loss=21685314.0000
L-BFGS | iteration: 108, total loss=540421239341056.0000, content_loss=2300396679.6875, style loss=540418875000000.0000, tv loss=21687324.0000
L-BFGS | iteration: 109, total loss=533309813686272.0000, content_loss=2291997656.2500, style loss=533307487500000.0000, tv loss=21775008.0000
L-BFGS | iteration: 110, total loss=526319922184192.0000, content_loss=2302037695.3125, style loss=526317562500000.0000, tv loss=21781140.0000
L-BFGS | iteration: 111, total loss=520533225504768.0000, content_loss=2305171093.7500, style loss=520530862500000.0000, tv loss=21831406.0000
L-BFGS | iteration: 112, total loss=511552214007808.0000, content_loss=2301307226.5625, style loss=511549875000000.0000, tv loss=21895718.0000
L-BFGS | iteration: 113, total loss=503959248699392.0000, content_loss=2315536914.0625, style loss=503956912500000.0000, tv loss=21940486.0000
L-BFGS | iteration: 114, total loss=500576727072768.0000, content_loss=2297853125.0000, style loss=500574412500000.0000, tv loss=21953976.0000
L-BFGS | iteration: 115, total loss=496002989555712.0000, content_loss=2301778320.3125, style loss=496000650000000.0000, tv loss=21940644.0000
L-BFGS | iteration: 116, total loss=490179550773248.0000, content_loss=2308488085.9375, style loss=490177200000000.0000, tv loss=22046160.0000
L-BFGS | iteration: 117, total loss=484070295339008.0000, content_loss=2310636718.7500, style loss=484067962500000.0000, tv loss=22050694.0000
L-BFGS | iteration: 118, total loss=476597823995904.0000, content_loss=2309455664.0625, style loss=476595487500000.0000, tv loss=22152308.0000
L-BFGS | iteration: 119, total loss=469132566855680.0000, content_loss=2318103320.3125, style loss=469130212500000.0000, tv loss=22106992.0000
L-BFGS | iteration: 120, total loss=463980720029696.0000, content_loss=2305222851.5625, style loss=463978387500000.0000, tv loss=22220544.0000
L-BFGS | iteration: 121, total loss=459367052738560.0000, content_loss=2316234179.6875, style loss=459364687500000.0000, tv loss=22240996.0000
L-BFGS | iteration: 122, total loss=455391087427584.0000, content_loss=2306767382.8125, style loss=455388750000000.0000, tv loss=22221644.0000
L-BFGS | iteration: 123, total loss=451803548221440.0000, content_loss=2312924414.0625, style loss=451801200000000.0000, tv loss=22224708.0000
L-BFGS | iteration: 124, total loss=446126004109312.0000, content_loss=2314270312.5000, style loss=446123662500000.0000, tv loss=22306102.0000
L-BFGS | iteration: 125, total loss=439135441518592.0000, content_loss=2309468359.3750, style loss=439133100000000.0000, tv loss=22354744.0000
L-BFGS | iteration: 126, total loss=433855416762368.0000, content_loss=2326349609.3750, style loss=433853062500000.0000, tv loss=22416344.0000
L-BFGS | iteration: 127, total loss=430768140582912.0000, content_loss=2312683789.0625, style loss=430765800000000.0000, tv loss=22418796.0000
L-BFGS | iteration: 128, total loss=427715995893760.0000, content_loss=2312327734.3750, style loss=427713637500000.0000, tv loss=22370922.0000
L-BFGS | iteration: 129, total loss=422316282478592.0000, content_loss=2312411718.7500, style loss=422313937500000.0000, tv loss=22455496.0000
L-BFGS | iteration: 130, total loss=416263666925568.0000, content_loss=2317696484.3750, style loss=416261325000000.0000, tv loss=22489132.0000
L-BFGS | iteration: 131, total loss=410639977676800.0000, content_loss=2316754687.5000, style loss=410637637500000.0000, tv loss=22537162.0000
L-BFGS | iteration: 132, total loss=403362256257024.0000, content_loss=2317341406.2500, style loss=403359900000000.0000, tv loss=22598822.0000
L-BFGS | iteration: 133, total loss=397255450296320.0000, content_loss=2322131835.9375, style loss=397253100000000.0000, tv loss=22642780.0000
L-BFGS | iteration: 134, total loss=394461171417088.0000, content_loss=2305094726.5625, style loss=394458825000000.0000, tv loss=22647900.0000
L-BFGS | iteration: 135, total loss=390311595474944.0000, content_loss=2315029687.5000, style loss=390309262500000.0000, tv loss=22604536.0000
L-BFGS | iteration: 136, total loss=386798446444544.0000, content_loss=2319491210.9375, style loss=386796112500000.0000, tv loss=22735872.0000
L-BFGS | iteration: 137, total loss=383052194775040.0000, content_loss=2320380078.1250, style loss=383049862500000.0000, tv loss=22755780.0000
L-BFGS | iteration: 138, total loss=377715161038848.0000, content_loss=2311443554.6875, style loss=377712825000000.0000, tv loss=22840702.0000
L-BFGS | iteration: 139, total loss=373282285027328.0000, content_loss=2327638476.5625, style loss=373279950000000.0000, tv loss=22817470.0000
L-BFGS | iteration: 140, total loss=370639571517440.0000, content_loss=2320777929.6875, style loss=370637212500000.0000, tv loss=22822940.0000
L-BFGS | iteration: 141, total loss=367452403793920.0000, content_loss=2312527539.0625, style loss=367450050000000.0000, tv loss=22839850.0000
L-BFGS | iteration: 142, total loss=364155345305600.0000, content_loss=2315166992.1875, style loss=364153012500000.0000, tv loss=22851460.0000
L-BFGS | iteration: 143, total loss=359262538694656.0000, content_loss=2317661132.8125, style loss=359260200000000.0000, tv loss=22908322.0000
L-BFGS | iteration: 144, total loss=354199711776768.0000, content_loss=2320705273.4375, style loss=354197362500000.0000, tv loss=22955880.0000
L-BFGS | iteration: 145, total loss=350064362913792.0000, content_loss=2318856250.0000, style loss=350062012500000.0000, tv loss=22976500.0000
L-BFGS | iteration: 146, total loss=345572196220928.0000, content_loss=2324398046.8750, style loss=345569850000000.0000, tv loss=23023698.0000
L-BFGS | iteration: 147, total loss=342557196288000.0000, content_loss=2315689843.7500, style loss=342554850000000.0000, tv loss=23056560.0000
L-BFGS | iteration: 148, total loss=339123739033600.0000, content_loss=2322504296.8750, style loss=339121387500000.0000, tv loss=23029948.0000
L-BFGS | iteration: 149, total loss=336178263883776.0000, content_loss=2322606640.6250, style loss=336175912500000.0000, tv loss=23129764.0000
L-BFGS | iteration: 150, total loss=331811926310912.0000, content_loss=2323109960.9375, style loss=331809562500000.0000, tv loss=23136852.0000
L-BFGS | iteration: 151, total loss=326844226207744.0000, content_loss=2321500195.3125, style loss=326841862500000.0000, tv loss=23196884.0000
L-BFGS | iteration: 152, total loss=322588752478208.0000, content_loss=2324183984.3750, style loss=322586400000000.0000, tv loss=23175006.0000
L-BFGS | iteration: 153, total loss=318618424311808.0000, content_loss=2321101757.8125, style loss=318616087500000.0000, tv loss=23248628.0000
L-BFGS | iteration: 154, total loss=314632560443392.0000, content_loss=2325695312.5000, style loss=314630212500000.0000, tv loss=23271080.0000
L-BFGS | iteration: 155, total loss=314852476190720.0000, content_loss=2307099414.0625, style loss=314850112500000.0000, tv loss=23314880.0000
L-BFGS | iteration: 156, total loss=312704187236352.0000, content_loss=2317169140.6250, style loss=312701850000000.0000, tv loss=23291702.0000
L-BFGS | iteration: 157, total loss=309527186505728.0000, content_loss=2320472656.2500, style loss=309524831250000.0000, tv loss=23292784.0000
L-BFGS | iteration: 158, total loss=306181776080896.0000, content_loss=2326012109.3750, style loss=306179437500000.0000, tv loss=23356632.0000
L-BFGS | iteration: 159, total loss=303238347751424.0000, content_loss=2321046289.0625, style loss=303236006250000.0000, tv loss=23358784.0000
L-BFGS | iteration: 160, total loss=299676645457920.0000, content_loss=2322749414.0625, style loss=299674293750000.0000, tv loss=23391228.0000
L-BFGS | iteration: 161, total loss=296127559630848.0000, content_loss=2324150000.0000, style loss=296125200000000.0000, tv loss=23434412.0000
L-BFGS | iteration: 162, total loss=292079250964480.0000, content_loss=2323448437.5000, style loss=292076887500000.0000, tv loss=23436340.0000
L-BFGS | iteration: 163, total loss=288270487388160.0000, content_loss=2325133203.1250, style loss=288268143750000.0000, tv loss=23535290.0000
L-BFGS | iteration: 164, total loss=285293101973504.0000, content_loss=2329761523.4375, style loss=285290756250000.0000, tv loss=23468590.0000
L-BFGS | iteration: 165, total loss=285686527688704.0000, content_loss=2309682421.8750, style loss=285684187500000.0000, tv loss=23562004.0000
L-BFGS | iteration: 166, total loss=283540721762304.0000, content_loss=2320416015.6250, style loss=283538381250000.0000, tv loss=23513624.0000
L-BFGS | iteration: 167, total loss=281372820242432.0000, content_loss=2323073632.8125, style loss=281370487500000.0000, tv loss=23594756.0000
L-BFGS | iteration: 168, total loss=278919672496128.0000, content_loss=2325428515.6250, style loss=278917331250000.0000, tv loss=23608022.0000
L-BFGS | iteration: 169, total loss=275973392039936.0000, content_loss=2326743945.3125, style loss=275971050000000.0000, tv loss=23602134.0000
L-BFGS | iteration: 170, total loss=272543139233792.0000, content_loss=2325300976.5625, style loss=272540793750000.0000, tv loss=23632532.0000
L-BFGS | iteration: 171, total loss=268992241467392.0000, content_loss=2329428906.2500, style loss=268989900000000.0000, tv loss=23671682.0000
L-BFGS | iteration: 172, total loss=265922229043200.0000, content_loss=2325334570.3125, style loss=265919887500000.0000, tv loss=23683946.0000
L-BFGS | iteration: 173, total loss=262674613010432.0000, content_loss=2330307421.8750, style loss=262672256250000.0000, tv loss=23732480.0000
L-BFGS | iteration: 174, total loss=262089356607488.0000, content_loss=2315944726.5625, style loss=262087031250000.0000, tv loss=23785976.0000
L-BFGS | iteration: 175, total loss=261230883241984.0000, content_loss=2322467382.8125, style loss=261228543750000.0000, tv loss=23762764.0000
L-BFGS | iteration: 176, total loss=258834375376896.0000, content_loss=2322901367.1875, style loss=258832050000000.0000, tv loss=23739896.0000
L-BFGS | iteration: 177, total loss=255966897504256.0000, content_loss=2328565625.0000, style loss=255964556250000.0000, tv loss=23820774.0000
L-BFGS | iteration: 178, total loss=253318899171328.0000, content_loss=2330865234.3750, style loss=253316550000000.0000, tv loss=23819934.0000
L-BFGS | iteration: 179, total loss=250964988657664.0000, content_loss=2323604687.5000, style loss=250962656250000.0000, tv loss=23859864.0000
L-BFGS | iteration: 180, total loss=248349672341504.0000, content_loss=2331124023.4375, style loss=248347331250000.0000, tv loss=23862832.0000
L-BFGS | iteration: 181, total loss=246735301509120.0000, content_loss=2328954687.5000, style loss=246732956250000.0000, tv loss=23875346.0000
L-BFGS | iteration: 182, total loss=243775297290240.0000, content_loss=2323450000.0000, style loss=243772968750000.0000, tv loss=23922020.0000
L-BFGS | iteration: 183, total loss=241470762123264.0000, content_loss=2330649023.4375, style loss=241468406250000.0000, tv loss=23941436.0000
L-BFGS | iteration: 184, total loss=240027535671296.0000, content_loss=2325297265.6250, style loss=240025181250000.0000, tv loss=23967828.0000
L-BFGS | iteration: 185, total loss=237772493291520.0000, content_loss=2325782421.8750, style loss=237770137500000.0000, tv loss=23973346.0000
L-BFGS | iteration: 186, total loss=234983365017600.0000, content_loss=2330063281.2500, style loss=234981018750000.0000, tv loss=24015070.0000
L-BFGS | iteration: 187, total loss=232424168488960.0000, content_loss=2331395703.1250, style loss=232421812500000.0000, tv loss=24016600.0000
L-BFGS | iteration: 188, total loss=230737974394880.0000, content_loss=2322723046.8750, style loss=230735643750000.0000, tv loss=24127418.0000
L-BFGS | iteration: 189, total loss=227573120368640.0000, content_loss=2332245703.1250, style loss=227570775000000.0000, tv loss=24103720.0000
L-BFGS | iteration: 190, total loss=226321489723392.0000, content_loss=2328455273.4375, style loss=226319137500000.0000, tv loss=24073504.0000
L-BFGS | iteration: 191, total loss=224374124707840.0000, content_loss=2326758789.0625, style loss=224371781250000.0000, tv loss=24103882.0000
L-BFGS | iteration: 192, total loss=221770015571968.0000, content_loss=2328686523.4375, style loss=221767668750000.0000, tv loss=24139268.0000
L-BFGS | iteration: 193, total loss=219469053952000.0000, content_loss=2333225976.5625, style loss=219466706250000.0000, tv loss=24187742.0000
L-BFGS | iteration: 194, total loss=218237824401408.0000, content_loss=2325139843.7500, style loss=218235468750000.0000, tv loss=24213534.0000
L-BFGS | iteration: 195, total loss=216264840577024.0000, content_loss=2331142382.8125, style loss=216262500000000.0000, tv loss=24180456.0000
L-BFGS | iteration: 196, total loss=214580525531136.0000, content_loss=2331762109.3750, style loss=214578168750000.0000, tv loss=24242036.0000
L-BFGS | iteration: 197, total loss=212865206190080.0000, content_loss=2330064648.4375, style loss=212862862500000.0000, tv loss=24256608.0000
L-BFGS | iteration: 198, total loss=210378755670016.0000, content_loss=2330308593.7500, style loss=210376406250000.0000, tv loss=24304376.0000
L-BFGS | iteration: 199, total loss=207945874800640.0000, content_loss=2335600195.3125, style loss=207943518750000.0000, tv loss=24303704.0000
L-BFGS | iteration: 200, total loss=207193466994688.0000, content_loss=2324575000.0000, style loss=207191118750000.0000, tv loss=24336414.0000
L-BFGS | iteration: 201, total loss=205250447278080.0000, content_loss=2332835742.1875, style loss=205248093750000.0000, tv loss=24322408.0000
L-BFGS | iteration: 202, total loss=204211719503872.0000, content_loss=2333743750.0000, style loss=204209362500000.0000, tv loss=24332124.0000
L-BFGS | iteration: 203, total loss=202172784443392.0000, content_loss=2329964648.4375, style loss=202170431250000.0000, tv loss=24382982.0000
L-BFGS | iteration: 204, total loss=200055566893056.0000, content_loss=2334709765.6250, style loss=200053218750000.0000, tv loss=24393824.0000
L-BFGS | iteration: 205, total loss=198467519512576.0000, content_loss=2332397851.5625, style loss=198465168750000.0000, tv loss=24407326.0000
L-BFGS | iteration: 206, total loss=196393654288384.0000, content_loss=2333842578.1250, style loss=196391306250000.0000, tv loss=24425156.0000
L-BFGS | iteration: 207, total loss=194362168311808.0000, content_loss=2334096289.0625, style loss=194359818750000.0000, tv loss=24453184.0000
L-BFGS | iteration: 208, total loss=192130513371136.0000, content_loss=2338462109.3750, style loss=192128156250000.0000, tv loss=24474788.0000
L-BFGS | iteration: 209, total loss=192083352616960.0000, content_loss=2325292382.8125, style loss=192081000000000.0000, tv loss=24524714.0000
L-BFGS | iteration: 210, total loss=191057375526912.0000, content_loss=2332097656.2500, style loss=191055018750000.0000, tv loss=24500584.0000
L-BFGS | iteration: 211, total loss=189369470156800.0000, content_loss=2332342578.1250, style loss=189367125000000.0000, tv loss=24505104.0000
L-BFGS | iteration: 212, total loss=187547481276416.0000, content_loss=2337306640.6250, style loss=187545131250000.0000, tv loss=24551020.0000
L-BFGS | iteration: 213, total loss=186089121775616.0000, content_loss=2335158398.4375, style loss=186086775000000.0000, tv loss=24521208.0000
L-BFGS | iteration: 214, total loss=184102665846784.0000, content_loss=2333736328.1250, style loss=184100325000000.0000, tv loss=24589110.0000
L-BFGS | iteration: 215, total loss=182169947340800.0000, content_loss=2342488281.2500, style loss=182167575000000.0000, tv loss=24593292.0000
L-BFGS | iteration: 216, total loss=181696108429312.0000, content_loss=2332389843.7500, style loss=181693762500000.0000, tv loss=24625560.0000
L-BFGS | iteration: 217, total loss=180016658776064.0000, content_loss=2336096875.0000, style loss=180014306250000.0000, tv loss=24623988.0000
L-BFGS | iteration: 218, total loss=178792928641024.0000, content_loss=2337249804.6875, style loss=178790587500000.0000, tv loss=24637736.0000
L-BFGS | iteration: 219, total loss=176896096600064.0000, content_loss=2334225585.9375, style loss=176893743750000.0000, tv loss=24677456.0000
L-BFGS | iteration: 220, total loss=174892779569152.0000, content_loss=2341001953.1250, style loss=174890418750000.0000, tv loss=24690408.0000
L-BFGS | iteration: 221, total loss=173708710772736.0000, content_loss=2336784179.6875, style loss=173706356250000.0000, tv loss=24708892.0000
L-BFGS | iteration: 222, total loss=172309792948224.0000, content_loss=2337370898.4375, style loss=172307437500000.0000, tv loss=24723670.0000
L-BFGS | iteration: 223, total loss=170671179038720.0000, content_loss=2337593359.3750, style loss=170668837500000.0000, tv loss=24759760.0000
L-BFGS | iteration: 224, total loss=168724669661184.0000, content_loss=2340475195.3125, style loss=168722306250000.0000, tv loss=24766528.0000
L-BFGS | iteration: 225, total loss=167307749883904.0000, content_loss=2335951171.8750, style loss=167305406250000.0000, tv loss=24798534.0000
L-BFGS | iteration: 226, total loss=165683950256128.0000, content_loss=2338899804.6875, style loss=165681600000000.0000, tv loss=24810860.0000
L-BFGS | iteration: 227, total loss=164887519035392.0000, content_loss=2332308984.3750, style loss=164885175000000.0000, tv loss=24837048.0000
L-BFGS | iteration: 228, total loss=163325962878976.0000, content_loss=2340155273.4375, style loss=163323618750000.0000, tv loss=24842420.0000
L-BFGS | iteration: 229, total loss=162345301049344.0000, content_loss=2340550585.9375, style loss=162342937500000.0000, tv loss=24857088.0000
L-BFGS | iteration: 230, total loss=160892327034880.0000, content_loss=2335524218.7500, style loss=160889981250000.0000, tv loss=24877700.0000
L-BFGS | iteration: 231, total loss=159529480224768.0000, content_loss=2342168164.0625, style loss=159527118750000.0000, tv loss=24881648.0000
L-BFGS | iteration: 232, total loss=158567155892224.0000, content_loss=2339760351.5625, style loss=158564812500000.0000, tv loss=24907144.0000
L-BFGS | iteration: 233, total loss=157110641885184.0000, content_loss=2337883398.4375, style loss=157108293750000.0000, tv loss=24918758.0000
L-BFGS | iteration: 234, total loss=155471273000960.0000, content_loss=2341982421.8750, style loss=155468915625000.0000, tv loss=24977648.0000
L-BFGS | iteration: 235, total loss=154188134744064.0000, content_loss=2338010546.8750, style loss=154185778125000.0000, tv loss=24926720.0000
L-BFGS | iteration: 236, total loss=152919592665088.0000, content_loss=2343828125.0000, style loss=152917218750000.0000, tv loss=24949812.0000
L-BFGS | iteration: 237, total loss=152511017123840.0000, content_loss=2339666796.8750, style loss=152508665625000.0000, tv loss=25043822.0000
L-BFGS | iteration: 238, total loss=151045879627776.0000, content_loss=2342829882.8125, style loss=151043521875000.0000, tv loss=25012832.0000
L-BFGS | iteration: 239, total loss=149779552141312.0000, content_loss=2342007617.1875, style loss=149777193750000.0000, tv loss=25003032.0000
L-BFGS | iteration: 240, total loss=147947748589568.0000, content_loss=2339871679.6875, style loss=147945393750000.0000, tv loss=25042758.0000
L-BFGS | iteration: 241, total loss=146375287242752.0000, content_loss=2345800000.0000, style loss=146372915625000.0000, tv loss=25057616.0000
L-BFGS | iteration: 242, total loss=145635999219712.0000, content_loss=2338710742.1875, style loss=145633650000000.0000, tv loss=25077672.0000
L-BFGS | iteration: 243, total loss=144565243740160.0000, content_loss=2340118750.0000, style loss=144562903125000.0000, tv loss=25079552.0000
L-BFGS | iteration: 244, total loss=143227663417344.0000, content_loss=2342704492.1875, style loss=143225296875000.0000, tv loss=25115802.0000
L-BFGS | iteration: 245, total loss=141703319126016.0000, content_loss=2344433984.3750, style loss=141700950000000.0000, tv loss=25122752.0000
L-BFGS | iteration: 246, total loss=140250387054592.0000, content_loss=2341060351.5625, style loss=140248021875000.0000, tv loss=25150900.0000
L-BFGS | iteration: 247, total loss=138568118829056.0000, content_loss=2346955859.3750, style loss=138565743750000.0000, tv loss=25170712.0000
L-BFGS | iteration: 248, total loss=137568314195968.0000, content_loss=2341987500.0000, style loss=137565946875000.0000, tv loss=25175852.0000
L-BFGS | iteration: 249, total loss=136484036280320.0000, content_loss=2342715429.6875, style loss=136481671875000.0000, tv loss=25186772.0000
L-BFGS | iteration: 250, total loss=136470471901184.0000, content_loss=2334834179.6875, style loss=136468115625000.0000, tv loss=25245040.0000
L-BFGS | iteration: 251, total loss=135646115004416.0000, content_loss=2339415820.3125, style loss=135643753125000.0000, tv loss=25217232.0000
L-BFGS | iteration: 252, total loss=134484368293888.0000, content_loss=2343656835.9375, style loss=134482003125000.0000, tv loss=25232868.0000
L-BFGS | iteration: 253, total loss=133476191830016.0000, content_loss=2344863867.1875, style loss=133473815625000.0000, tv loss=25233614.0000
L-BFGS | iteration: 254, total loss=132433211031552.0000, content_loss=2338233789.0625, style loss=132430846875000.0000, tv loss=25278320.0000
L-BFGS | iteration: 255, total loss=130945625620480.0000, content_loss=2347067187.5000, style loss=130943250000000.0000, tv loss=25271232.0000
L-BFGS | iteration: 256, total loss=130325690712064.0000, content_loss=2345687890.6250, style loss=130323318750000.0000, tv loss=25275368.0000
L-BFGS | iteration: 257, total loss=129311617056768.0000, content_loss=2342315429.6875, style loss=129309253125000.0000, tv loss=25307780.0000
L-BFGS | iteration: 258, total loss=127993162760192.0000, content_loss=2345253125.0000, style loss=127990790625000.0000, tv loss=25299888.0000
L-BFGS | iteration: 259, total loss=126806954868736.0000, content_loss=2343010546.8750, style loss=126804590625000.0000, tv loss=25344968.0000
L-BFGS | iteration: 260, total loss=125556716732416.0000, content_loss=2344723046.8750, style loss=125554340625000.0000, tv loss=25342410.0000
L-BFGS | iteration: 261, total loss=124493133512704.0000, content_loss=2342318945.3125, style loss=124490765625000.0000, tv loss=25383512.0000
L-BFGS | iteration: 262, total loss=123092730904576.0000, content_loss=2349078906.2500, style loss=123090356250000.0000, tv loss=25398310.0000
L-BFGS | iteration: 263, total loss=122452269072384.0000, content_loss=2343715234.3750, style loss=122449903125000.0000, tv loss=25363636.0000
L-BFGS | iteration: 264, total loss=121641711435776.0000, content_loss=2345060351.5625, style loss=121639340625000.0000, tv loss=25361944.0000
L-BFGS | iteration: 265, total loss=120696147542016.0000, content_loss=2341598632.8125, style loss=120693778125000.0000, tv loss=25435714.0000
L-BFGS | iteration: 266, total loss=119419720171520.0000, content_loss=2348765625.0000, style loss=119417343750000.0000, tv loss=25448004.0000
L-BFGS | iteration: 267, total loss=118726334611456.0000, content_loss=2346030468.7500, style loss=118723959375000.0000, tv loss=25435940.0000
L-BFGS | iteration: 268, total loss=117756477308928.0000, content_loss=2344174023.4375, style loss=117754115625000.0000, tv loss=25437892.0000
L-BFGS | iteration: 269, total loss=116668399353856.0000, content_loss=2346930664.0625, style loss=116666025000000.0000, tv loss=25453478.0000
L-BFGS | iteration: 270, total loss=115426004566016.0000, content_loss=2347805273.4375, style loss=115423631250000.0000, tv loss=25498796.0000
L-BFGS | iteration: 271, total loss=113922539520000.0000, content_loss=2350211523.4375, style loss=113920162500000.0000, tv loss=25504958.0000
L-BFGS | iteration: 272, total loss=115018469212160.0000, content_loss=2336572656.2500, style loss=115016100000000.0000, tv loss=25559620.0000
L-BFGS | iteration: 273, total loss=113337224396800.0000, content_loss=2345484179.6875, style loss=113334853125000.0000, tv loss=25526324.0000
L-BFGS | iteration: 274, total loss=112336387964928.0000, content_loss=2345927929.6875, style loss=112334015625000.0000, tv loss=25545244.0000
L-BFGS | iteration: 275, total loss=111342975451136.0000, content_loss=2346240039.0625, style loss=111340603125000.0000, tv loss=25543052.0000
L-BFGS | iteration: 276, total loss=110415413510144.0000, content_loss=2350221679.6875, style loss=110413040625000.0000, tv loss=25546724.0000
L-BFGS | iteration: 277, total loss=109764524638208.0000, content_loss=2345556054.6875, style loss=109762153125000.0000, tv loss=25577180.0000
L-BFGS | iteration: 278, total loss=108871599259648.0000, content_loss=2347049218.7500, style loss=108869221875000.0000, tv loss=25590864.0000
L-BFGS | iteration: 279, total loss=107813787402240.0000, content_loss=2349076171.8750, style loss=107811412500000.0000, tv loss=25601188.0000
L-BFGS | iteration: 280, total loss=106678255091712.0000, content_loss=2346423242.1875, style loss=106675884375000.0000, tv loss=25612136.0000
L-BFGS | iteration: 281, total loss=105369967788032.0000, content_loss=2350381640.6250, style loss=105367593750000.0000, tv loss=25641780.0000
L-BFGS | iteration: 282, total loss=104711487225856.0000, content_loss=2344971093.7500, style loss=104709112500000.0000, tv loss=25640230.0000
L-BFGS | iteration: 283, total loss=104110116306944.0000, content_loss=2348727148.4375, style loss=104107743750000.0000, tv loss=25631252.0000
L-BFGS | iteration: 284, total loss=103201462288384.0000, content_loss=2347828320.3125, style loss=103199090625000.0000, tv loss=25698028.0000
L-BFGS | iteration: 285, total loss=102324735311872.0000, content_loss=2350340820.3125, style loss=102322359375000.0000, tv loss=25682836.0000
L-BFGS | iteration: 286, total loss=101597476552704.0000, content_loss=2348396679.6875, style loss=101595103125000.0000, tv loss=25679228.0000
L-BFGS | iteration: 287, total loss=100528147136512.0000, content_loss=2347987695.3125, style loss=100525771875000.0000, tv loss=25690320.0000
L-BFGS | iteration: 288, total loss=99428643897344.0000, content_loss=2349829101.5625, style loss=99426271875000.0000, tv loss=25698626.0000
L-BFGS | iteration: 289, total loss=98564323672064.0000, content_loss=2350667187.5000, style loss=98561953125000.0000, tv loss=25720792.0000
L-BFGS | iteration: 290, total loss=97866827694080.0000, content_loss=2346271875.0000, style loss=97864453125000.0000, tv loss=25743880.0000
L-BFGS | iteration: 291, total loss=97093129601024.0000, content_loss=2351047265.6250, style loss=97090753125000.0000, tv loss=25740760.0000
L-BFGS | iteration: 292, total loss=96539942846464.0000, content_loss=2349861132.8125, style loss=96537571875000.0000, tv loss=25762096.0000
L-BFGS | iteration: 293, total loss=95816626733056.0000, content_loss=2349542968.7500, style loss=95814253125000.0000, tv loss=25761492.0000
L-BFGS | iteration: 294, total loss=95396550410240.0000, content_loss=2342643554.6875, style loss=95394187500000.0000, tv loss=25782898.0000
L-BFGS | iteration: 295, total loss=95061660401664.0000, content_loss=2345902734.3750, style loss=95059284375000.0000, tv loss=25774452.0000
L-BFGS | iteration: 296, total loss=94267276001280.0000, content_loss=2349862695.3125, style loss=94264903125000.0000, tv loss=25784024.0000
L-BFGS | iteration: 297, total loss=93534061330432.0000, content_loss=2350207617.1875, style loss=93531684375000.0000, tv loss=25784002.0000
L-BFGS | iteration: 298, total loss=92690452578304.0000, content_loss=2346410742.1875, style loss=92688075000000.0000, tv loss=25810360.0000
L-BFGS | iteration: 299, total loss=91746599960576.0000, content_loss=2352241210.9375, style loss=91744228125000.0000, tv loss=25819932.0000
L-BFGS | iteration: 300, total loss=91274220666880.0000, content_loss=2349592187.5000, style loss=91271850000000.0000, tv loss=25821802.0000
L-BFGS | iteration: 301, total loss=90690868477952.0000, content_loss=2348802929.6875, style loss=90688490625000.0000, tv loss=25817244.0000
L-BFGS | iteration: 302, total loss=89928486617088.0000, content_loss=2347585742.1875, style loss=89926115625000.0000, tv loss=25834686.0000
L-BFGS | iteration: 303, total loss=88839519469568.0000, content_loss=2350109765.6250, style loss=88837143750000.0000, tv loss=25856672.0000
L-BFGS | iteration: 304, total loss=88062843420672.0000, content_loss=2347019531.2500, style loss=88060471875000.0000, tv loss=25855552.0000
L-BFGS | iteration: 305, total loss=87245667172352.0000, content_loss=2350657031.2500, style loss=87243290625000.0000, tv loss=25867724.0000
L-BFGS | iteration: 306, total loss=87110098878464.0000, content_loss=2346078906.2500, style loss=87107728125000.0000, tv loss=25904864.0000
L-BFGS | iteration: 307, total loss=86876635529216.0000, content_loss=2348356640.6250, style loss=86874262500000.0000, tv loss=25889180.0000
L-BFGS | iteration: 308, total loss=86127977431040.0000, content_loss=2349548437.5000, style loss=86125603125000.0000, tv loss=25888306.0000
L-BFGS | iteration: 309, total loss=85208049123328.0000, content_loss=2349396679.6875, style loss=85205671875000.0000, tv loss=25895740.0000
L-BFGS | iteration: 310, total loss=84211574767616.0000, content_loss=2350002929.6875, style loss=84209203125000.0000, tv loss=25905032.0000
L-BFGS | iteration: 311, total loss=83214001504256.0000, content_loss=2351205078.1250, style loss=83211628125000.0000, tv loss=25913892.0000
L-BFGS | iteration: 312, total loss=82577817862144.0000, content_loss=2347752929.6875, style loss=82575440625000.0000, tv loss=25939632.0000
L-BFGS | iteration: 313, total loss=82024949874688.0000, content_loss=2352270703.1250, style loss=82022578125000.0000, tv loss=25940536.0000
L-BFGS | iteration: 314, total loss=81689808207872.0000, content_loss=2348192187.5000, style loss=81687431250000.0000, tv loss=25951126.0000
L-BFGS | iteration: 315, total loss=81267810893824.0000, content_loss=2351720117.1875, style loss=81265434375000.0000, tv loss=25955802.0000
L-BFGS | iteration: 316, total loss=80882899615744.0000, content_loss=2351813476.5625, style loss=80880525000000.0000, tv loss=25953220.0000
L-BFGS | iteration: 317, total loss=80278374580224.0000, content_loss=2347204882.8125, style loss=80275996875000.0000, tv loss=25985388.0000
L-BFGS | iteration: 318, total loss=79456123224064.0000, content_loss=2352701953.1250, style loss=79453753125000.0000, tv loss=25962384.0000
L-BFGS | iteration: 319, total loss=79033731645440.0000, content_loss=2353108398.4375, style loss=79031353125000.0000, tv loss=25973174.0000
L-BFGS | iteration: 320, total loss=78971286847488.0000, content_loss=2347028125.0000, style loss=78968915625000.0000, tv loss=26000274.0000
L-BFGS | iteration: 321, total loss=78377960603648.0000, content_loss=2350758398.4375, style loss=78375585937500.0000, tv loss=25987426.0000
L-BFGS | iteration: 322, total loss=77728925614080.0000, content_loss=2353183007.8125, style loss=77726545312500.0000, tv loss=26009006.0000
L-BFGS | iteration: 323, total loss=77001733963776.0000, content_loss=2352661718.7500, style loss=76999359375000.0000, tv loss=25989396.0000
L-BFGS | iteration: 324, total loss=76163980460032.0000, content_loss=2353540429.6875, style loss=76161600000000.0000, tv loss=26032784.0000
L-BFGS | iteration: 325, total loss=75466610311168.0000, content_loss=2355065820.3125, style loss=75464226562500.0000, tv loss=26017058.0000
L-BFGS | iteration: 326, total loss=75396917755904.0000, content_loss=2348235546.8750, style loss=75394546875000.0000, tv loss=26024048.0000
L-BFGS | iteration: 327, total loss=75142038290432.0000, content_loss=2351548046.8750, style loss=75139664062500.0000, tv loss=26020636.0000
L-BFGS | iteration: 328, total loss=74599580565504.0000, content_loss=2352000195.3125, style loss=74597207812500.0000, tv loss=26036784.0000
L-BFGS | iteration: 329, total loss=74105072123904.0000, content_loss=2353534570.3125, style loss=74102685937500.0000, tv loss=26052362.0000
L-BFGS | iteration: 330, total loss=73468410331136.0000, content_loss=2352100195.3125, style loss=73466034375000.0000, tv loss=26061610.0000
L-BFGS | iteration: 331, total loss=72785351147520.0000, content_loss=2356086914.0625, style loss=72782971875000.0000, tv loss=26061808.0000
L-BFGS | iteration: 332, total loss=72287269158912.0000, content_loss=2353382617.1875, style loss=72284887500000.0000, tv loss=26073052.0000
L-BFGS | iteration: 333, total loss=71701878538240.0000, content_loss=2352664648.4375, style loss=71699507812500.0000, tv loss=26075788.0000
L-BFGS | iteration: 334, total loss=71114717921280.0000, content_loss=2353757031.2500, style loss=71112337500000.0000, tv loss=26086780.0000
L-BFGS | iteration: 335, total loss=70435743989760.0000, content_loss=2357307617.1875, style loss=70433357812500.0000, tv loss=26085262.0000
L-BFGS | iteration: 336, total loss=70177253228544.0000, content_loss=2352945898.4375, style loss=70174875000000.0000, tv loss=26103160.0000
L-BFGS | iteration: 337, total loss=69648766730240.0000, content_loss=2355464257.8125, style loss=69646382812500.0000, tv loss=26110006.0000
L-BFGS | iteration: 338, total loss=69187695280128.0000, content_loss=2355308007.8125, style loss=69185310937500.0000, tv loss=26108052.0000
L-BFGS | iteration: 339, total loss=68463565471744.0000, content_loss=2354381445.3125, style loss=68461185937500.0000, tv loss=26137166.0000
L-BFGS | iteration: 340, total loss=67694032322560.0000, content_loss=2355805664.0625, style loss=67691648437500.0000, tv loss=26114506.0000
L-BFGS | iteration: 341, total loss=67030069805056.0000, content_loss=2355810546.8750, style loss=67027687500000.0000, tv loss=26141332.0000
L-BFGS | iteration: 342, total loss=66559565365248.0000, content_loss=2358138867.1875, style loss=66557184375000.0000, tv loss=26144214.0000
L-BFGS | iteration: 343, total loss=67036482895872.0000, content_loss=2349245117.1875, style loss=67034109375000.0000, tv loss=26145638.0000
L-BFGS | iteration: 344, total loss=66201526992896.0000, content_loss=2354929882.8125, style loss=66199148437500.0000, tv loss=26144232.0000
L-BFGS | iteration: 345, total loss=65821514661888.0000, content_loss=2355917773.4375, style loss=65819132812500.0000, tv loss=26141460.0000
L-BFGS | iteration: 346, total loss=65239244603392.0000, content_loss=2357211914.0625, style loss=65236860937500.0000, tv loss=26146456.0000
L-BFGS | iteration: 347, total loss=64528716922880.0000, content_loss=2356283789.0625, style loss=64526334375000.0000, tv loss=26156588.0000
L-BFGS | iteration: 348, total loss=63669278867456.0000, content_loss=2358870898.4375, style loss=63666895312500.0000, tv loss=26166606.0000
L-BFGS | iteration: 349, total loss=63156047052800.0000, content_loss=2354921875.0000, style loss=63153670312500.0000, tv loss=26174784.0000
L-BFGS | iteration: 350, total loss=62809954058240.0000, content_loss=2358862109.3750, style loss=62807573437500.0000, tv loss=26168072.0000
L-BFGS | iteration: 351, total loss=62336656211968.0000, content_loss=2357104492.1875, style loss=62334271875000.0000, tv loss=26177434.0000
L-BFGS | iteration: 352, total loss=62013191487488.0000, content_loss=2358821679.6875, style loss=62010810937500.0000, tv loss=26180716.0000
L-BFGS | iteration: 353, total loss=61578653204480.0000, content_loss=2358724804.6875, style loss=61576270312500.0000, tv loss=26180922.0000
L-BFGS | iteration: 354, total loss=60899410837504.0000, content_loss=2359630468.7500, style loss=60897023437500.0000, tv loss=26194366.0000
L-BFGS | iteration: 355, total loss=60162656174080.0000, content_loss=2357756250.0000, style loss=60160275000000.0000, tv loss=26181672.0000
L-BFGS | iteration: 356, total loss=59573306130432.0000, content_loss=2361454296.8750, style loss=59570920312500.0000, tv loss=26189762.0000
L-BFGS | iteration: 357, total loss=59887325282304.0000, content_loss=2353979492.1875, style loss=59884945312500.0000, tv loss=26213428.0000
L-BFGS | iteration: 358, total loss=59362064203776.0000, content_loss=2358683593.7500, style loss=59359682812500.0000, tv loss=26199402.0000
L-BFGS | iteration: 359, total loss=59110980583424.0000, content_loss=2357776562.5000, style loss=59108596875000.0000, tv loss=26195690.0000
L-BFGS | iteration: 360, total loss=58615595532288.0000, content_loss=2357901757.8125, style loss=58613212500000.0000, tv loss=26202504.0000
L-BFGS | iteration: 361, total loss=58057174286336.0000, content_loss=2357370703.1250, style loss=58054790625000.0000, tv loss=26202880.0000
L-BFGS | iteration: 362, total loss=57571729735680.0000, content_loss=2361979687.5000, style loss=57569343750000.0000, tv loss=26231536.0000
L-BFGS | iteration: 363, total loss=57253314953216.0000, content_loss=2359521093.7500, style loss=57250926562500.0000, tv loss=26224336.0000
L-BFGS | iteration: 364, total loss=56978030198784.0000, content_loss=2358041796.8750, style loss=56975648437500.0000, tv loss=26193394.0000
L-BFGS | iteration: 365, total loss=56579378380800.0000, content_loss=2358283203.1250, style loss=56576995312500.0000, tv loss=26216344.0000
L-BFGS | iteration: 366, total loss=56149126676480.0000, content_loss=2363005664.0625, style loss=56146739062500.0000, tv loss=26246684.0000
L-BFGS | iteration: 367, total loss=55885208485888.0000, content_loss=2359980859.3750, style loss=55882823437500.0000, tv loss=26243456.0000
L-BFGS | iteration: 368, total loss=55495767359488.0000, content_loss=2358744335.9375, style loss=55493385937500.0000, tv loss=26221896.0000
L-BFGS | iteration: 369, total loss=55066501316608.0000, content_loss=2358737109.3750, style loss=55064118750000.0000, tv loss=26216782.0000
L-BFGS | iteration: 370, total loss=54481790173184.0000, content_loss=2358354687.5000, style loss=54479409375000.0000, tv loss=26223270.0000
L-BFGS | iteration: 371, total loss=53897326493696.0000, content_loss=2362017578.1250, style loss=53894939062500.0000, tv loss=26237098.0000
L-BFGS | iteration: 372, total loss=53613351141376.0000, content_loss=2358975585.9375, style loss=53610970312500.0000, tv loss=26245552.0000
L-BFGS | iteration: 373, total loss=53286501613568.0000, content_loss=2359288671.8750, style loss=53284120312500.0000, tv loss=26249110.0000
L-BFGS | iteration: 374, total loss=53002605953024.0000, content_loss=2358126171.8750, style loss=53000221875000.0000, tv loss=26259960.0000
L-BFGS | iteration: 375, total loss=52593594204160.0000, content_loss=2363560351.5625, style loss=52591204687500.0000, tv loss=26255564.0000
L-BFGS | iteration: 376, total loss=52375247126528.0000, content_loss=2362572656.2500, style loss=52372860937500.0000, tv loss=26255484.0000
L-BFGS | iteration: 377, total loss=52085831761920.0000, content_loss=2359278710.9375, style loss=52083450000000.0000, tv loss=26255550.0000
L-BFGS | iteration: 378, total loss=51774572462080.0000, content_loss=2360609570.3125, style loss=51772185937500.0000, tv loss=26251140.0000
L-BFGS | iteration: 379, total loss=51323315683328.0000, content_loss=2361155273.4375, style loss=51320929687500.0000, tv loss=26250198.0000
L-BFGS | iteration: 380, total loss=50701996654592.0000, content_loss=2362427539.0625, style loss=50699610937500.0000, tv loss=26252268.0000
L-BFGS | iteration: 381, total loss=50104291557376.0000, content_loss=2361779687.5000, style loss=50101903125000.0000, tv loss=26252686.0000
L-BFGS | iteration: 382, total loss=50078593056768.0000, content_loss=2357556250.0000, style loss=50076210937500.0000, tv loss=26262362.0000
L-BFGS | iteration: 383, total loss=49786350731264.0000, content_loss=2360049609.3750, style loss=49783964062500.0000, tv loss=26257528.0000
L-BFGS | iteration: 384, total loss=49348956127232.0000, content_loss=2363065625.0000, style loss=49346568750000.0000, tv loss=26269374.0000
L-BFGS | iteration: 385, total loss=48904452177920.0000, content_loss=2362843750.0000, style loss=48902067187500.0000, tv loss=26271796.0000
L-BFGS | iteration: 386, total loss=48576851869696.0000, content_loss=2362139648.4375, style loss=48574467187500.0000, tv loss=26264152.0000
L-BFGS | iteration: 387, total loss=48047866249216.0000, content_loss=2363757421.8750, style loss=48045473437500.0000, tv loss=26258300.0000
L-BFGS | iteration: 388, total loss=47560173551616.0000, content_loss=2363632226.5625, style loss=47557781250000.0000, tv loss=26264096.0000
L-BFGS | iteration: 389, total loss=47348315062272.0000, content_loss=2360967773.4375, style loss=47345929687500.0000, tv loss=26278384.0000
L-BFGS | iteration: 390, total loss=46858206445568.0000, content_loss=2365474804.6875, style loss=46855814062500.0000, tv loss=26267284.0000
L-BFGS | iteration: 391, total loss=46658402385920.0000, content_loss=2362176171.8750, style loss=46656014062500.0000, tv loss=26264516.0000
L-BFGS | iteration: 392, total loss=46502730792960.0000, content_loss=2362696875.0000, style loss=46500342187500.0000, tv loss=26269980.0000
L-BFGS | iteration: 393, total loss=46213055381504.0000, content_loss=2362655664.0625, style loss=46210668750000.0000, tv loss=26273252.0000
L-BFGS | iteration: 394, total loss=45874726043648.0000, content_loss=2362706445.3125, style loss=45872339062500.0000, tv loss=26274552.0000
L-BFGS | iteration: 395, total loss=45409850359808.0000, content_loss=2366866796.8750, style loss=45407460937500.0000, tv loss=26267318.0000
L-BFGS | iteration: 396, total loss=45153473527808.0000, content_loss=2365748437.5000, style loss=45151082812500.0000, tv loss=26270644.0000
L-BFGS | iteration: 397, total loss=44885138735104.0000, content_loss=2362339453.1250, style loss=44882751562500.0000, tv loss=26271036.0000
L-BFGS | iteration: 398, total loss=44578140848128.0000, content_loss=2364644921.8750, style loss=44575748437500.0000, tv loss=26271998.0000
L-BFGS | iteration: 399, total loss=44346715930624.0000, content_loss=2364513281.2500, style loss=44344326562500.0000, tv loss=26263096.0000
L-BFGS | iteration: 400, total loss=43950199013376.0000, content_loss=2364198046.8750, style loss=43947806250000.0000, tv loss=26260768.0000
L-BFGS | iteration: 401, total loss=43529703260160.0000, content_loss=2363971875.0000, style loss=43527314062500.0000, tv loss=26236758.0000
L-BFGS | iteration: 402, total loss=43193391382528.0000, content_loss=2366428515.6250, style loss=43191000000000.0000, tv loss=26259216.0000
L-BFGS | iteration: 403, total loss=43026411945984.0000, content_loss=2365313476.5625, style loss=43024021875000.0000, tv loss=26259196.0000
L-BFGS | iteration: 404, total loss=42718034132992.0000, content_loss=2363744726.5625, style loss=42715645312500.0000, tv loss=26256140.0000
L-BFGS | iteration: 405, total loss=42513029136384.0000, content_loss=2364646875.0000, style loss=42510637500000.0000, tv loss=26259460.0000
L-BFGS | iteration: 406, total loss=42104696864768.0000, content_loss=2368039062.5000, style loss=42102300000000.0000, tv loss=26257828.0000
L-BFGS | iteration: 407, total loss=42135604690944.0000, content_loss=2363428320.3125, style loss=42133218750000.0000, tv loss=26254670.0000
L-BFGS | iteration: 408, total loss=41984169345024.0000, content_loss=2365873632.8125, style loss=41981779687500.0000, tv loss=26256006.0000
L-BFGS | iteration: 409, total loss=41737087090688.0000, content_loss=2364786132.8125, style loss=41734696875000.0000, tv loss=26249028.0000
L-BFGS | iteration: 410, total loss=41450339303424.0000, content_loss=2364931640.6250, style loss=41447948437500.0000, tv loss=26246914.0000
L-BFGS | iteration: 411, total loss=41064819851264.0000, content_loss=2364425195.3125, style loss=41062429687500.0000, tv loss=26247392.0000
L-BFGS | iteration: 412, total loss=40648803614720.0000, content_loss=2365992187.5000, style loss=40646414062500.0000, tv loss=26255938.0000
L-BFGS | iteration: 413, total loss=40512220299264.0000, content_loss=2362103906.2500, style loss=40509834375000.0000, tv loss=26245712.0000
L-BFGS | iteration: 414, total loss=40390879084544.0000, content_loss=2365499218.7500, style loss=40388489062500.0000, tv loss=26239100.0000
L-BFGS | iteration: 415, total loss=40100700356608.0000, content_loss=2365783789.0625, style loss=40098309375000.0000, tv loss=26249736.0000
L-BFGS | iteration: 416, total loss=39923730087936.0000, content_loss=2364796484.3750, style loss=39921337500000.0000, tv loss=26251058.0000
L-BFGS | iteration: 417, total loss=39694331019264.0000, content_loss=2365677929.6875, style loss=39691940625000.0000, tv loss=26249558.0000
L-BFGS | iteration: 418, total loss=39273008988160.0000, content_loss=2365313476.5625, style loss=39270618750000.0000, tv loss=26241352.0000
L-BFGS | iteration: 419, total loss=38864764796928.0000, content_loss=2368108398.4375, style loss=38862367968750.0000, tv loss=26227738.0000
L-BFGS | iteration: 420, total loss=38748989423616.0000, content_loss=2364173046.8750, style loss=38746598437500.0000, tv loss=26228092.0000
L-BFGS | iteration: 421, total loss=38512032219136.0000, content_loss=2365688671.8750, style loss=38509642968750.0000, tv loss=26235758.0000
L-BFGS | iteration: 422, total loss=38302879055872.0000, content_loss=2366291210.9375, style loss=38300486718750.0000, tv loss=26235788.0000
L-BFGS | iteration: 423, total loss=38046040850432.0000, content_loss=2364823242.1875, style loss=38043649218750.0000, tv loss=26233128.0000
L-BFGS | iteration: 424, total loss=37748517896192.0000, content_loss=2367944726.5625, style loss=37746124218750.0000, tv loss=26224034.0000
L-BFGS | iteration: 425, total loss=37575037288448.0000, content_loss=2366621679.6875, style loss=37572644531250.0000, tv loss=26224016.0000
L-BFGS | iteration: 426, total loss=37342228250624.0000, content_loss=2366101757.8125, style loss=37339837500000.0000, tv loss=26226936.0000
L-BFGS | iteration: 427, total loss=37097117319168.0000, content_loss=2366625976.5625, style loss=37094725781250.0000, tv loss=26224662.0000
L-BFGS | iteration: 428, total loss=36714634543104.0000, content_loss=2367274804.6875, style loss=36712242187500.0000, tv loss=26218632.0000
L-BFGS | iteration: 429, total loss=36424841691136.0000, content_loss=2366984960.9375, style loss=36422449218750.0000, tv loss=26222466.0000
L-BFGS | iteration: 430, total loss=36165159747584.0000, content_loss=2367179687.5000, style loss=36162768750000.0000, tv loss=26213528.0000
L-BFGS | iteration: 431, total loss=36063401738240.0000, content_loss=2364650781.2500, style loss=36061012500000.0000, tv loss=26210074.0000
L-BFGS | iteration: 432, total loss=35784551825408.0000, content_loss=2367158984.3750, style loss=35782162500000.0000, tv loss=26213224.0000
L-BFGS | iteration: 433, total loss=35619338190848.0000, content_loss=2367291796.8750, style loss=35616949218750.0000, tv loss=26210828.0000
L-BFGS | iteration: 434, total loss=35397165907968.0000, content_loss=2364939257.8125, style loss=35394773437500.0000, tv loss=26202966.0000
L-BFGS | iteration: 435, total loss=35146908565504.0000, content_loss=2366375585.9375, style loss=35144517187500.0000, tv loss=26198848.0000
L-BFGS | iteration: 436, total loss=34935421272064.0000, content_loss=2366537695.3125, style loss=34933031250000.0000, tv loss=26196992.0000
L-BFGS | iteration: 437, total loss=34592926990336.0000, content_loss=2366055468.7500, style loss=34590536718750.0000, tv loss=26190208.0000
L-BFGS | iteration: 438, total loss=34314005774336.0000, content_loss=2369283789.0625, style loss=34311611718750.0000, tv loss=26198322.0000
L-BFGS | iteration: 439, total loss=34316887261184.0000, content_loss=2363844726.5625, style loss=34314499218750.0000, tv loss=26186110.0000
L-BFGS | iteration: 440, total loss=34171789508608.0000, content_loss=2366666015.6250, style loss=34169397656250.0000, tv loss=26191578.0000
L-BFGS | iteration: 441, total loss=34046558076928.0000, content_loss=2365567382.8125, style loss=34044166406250.0000, tv loss=26177026.0000
L-BFGS | iteration: 442, total loss=33901244317696.0000, content_loss=2365939062.5000, style loss=33898853906250.0000, tv loss=26179108.0000
L-BFGS | iteration: 443, total loss=33642573201408.0000, content_loss=2367203515.6250, style loss=33640181250000.0000, tv loss=26180954.0000
L-BFGS | iteration: 444, total loss=33361011671040.0000, content_loss=2368394726.5625, style loss=33358619531250.0000, tv loss=26181760.0000
L-BFGS | iteration: 445, total loss=33208198496256.0000, content_loss=2365724023.4375, style loss=33205807031250.0000, tv loss=26170822.0000
L-BFGS | iteration: 446, total loss=32950305423360.0000, content_loss=2368006054.6875, style loss=32947912500000.0000, tv loss=26164716.0000
L-BFGS | iteration: 447, total loss=32825969475584.0000, content_loss=2366402148.4375, style loss=32823578906250.0000, tv loss=26162972.0000
L-BFGS | iteration: 448, total loss=32716770770944.0000, content_loss=2367103710.9375, style loss=32714378906250.0000, tv loss=26164852.0000
L-BFGS | iteration: 449, total loss=32475487141888.0000, content_loss=2366910937.5000, style loss=32473094531250.0000, tv loss=26162440.0000
L-BFGS | iteration: 450, total loss=32180942143488.0000, content_loss=2368184179.6875, style loss=32178548437500.0000, tv loss=26155294.0000
L-BFGS | iteration: 451, total loss=31874378366976.0000, content_loss=2368280859.3750, style loss=31871985937500.0000, tv loss=26152072.0000
L-BFGS | iteration: 452, total loss=31719962968064.0000, content_loss=2366467382.8125, style loss=31717572656250.0000, tv loss=26141980.0000
L-BFGS | iteration: 453, total loss=31573848096768.0000, content_loss=2369656250.0000, style loss=31571453906250.0000, tv loss=26139152.0000
L-BFGS | iteration: 454, total loss=31411406897152.0000, content_loss=2369315820.3125, style loss=31409010937500.0000, tv loss=26143488.0000
L-BFGS | iteration: 455, total loss=31275404492800.0000, content_loss=2368337890.6250, style loss=31273012500000.0000, tv loss=26144000.0000
L-BFGS | iteration: 456, total loss=31096569856000.0000, content_loss=2368312500.0000, style loss=31094177343750.0000, tv loss=26142400.0000
L-BFGS | iteration: 457, total loss=30866357092352.0000, content_loss=2368104492.1875, style loss=30863964843750.0000, tv loss=26134524.0000
L-BFGS | iteration: 458, total loss=30610840092672.0000, content_loss=2369796484.3750, style loss=30608444531250.0000, tv loss=26126666.0000
L-BFGS | iteration: 459, total loss=30460124069888.0000, content_loss=2368216015.6250, style loss=30457732031250.0000, tv loss=26120600.0000
L-BFGS | iteration: 460, total loss=30222294450176.0000, content_loss=2369271289.0625, style loss=30219900000000.0000, tv loss=26118312.0000
L-BFGS | iteration: 461, total loss=30042904068096.0000, content_loss=2369620117.1875, style loss=30040509375000.0000, tv loss=26117400.0000
L-BFGS | iteration: 462, total loss=29780781039616.0000, content_loss=2370608203.1250, style loss=29778386718750.0000, tv loss=26113128.0000
L-BFGS | iteration: 463, total loss=29544536866816.0000, content_loss=2370387695.3125, style loss=29542141406250.0000, tv loss=26101128.0000
L-BFGS | iteration: 464, total loss=29374520754176.0000, content_loss=2370055859.3750, style loss=29372125781250.0000, tv loss=26098844.0000
L-BFGS | iteration: 465, total loss=29272251039744.0000, content_loss=2372454882.8125, style loss=29269853906250.0000, tv loss=26099384.0000
L-BFGS | iteration: 466, total loss=29139478249472.0000, content_loss=2370399609.3750, style loss=29137082812500.0000, tv loss=26088524.0000
L-BFGS | iteration: 467, total loss=29023642058752.0000, content_loss=2370325000.0000, style loss=29021247656250.0000, tv loss=26084536.0000
L-BFGS | iteration: 468, total loss=28877885800448.0000, content_loss=2370789062.5000, style loss=28875489843750.0000, tv loss=26081608.0000
L-BFGS | iteration: 469, total loss=28651844272128.0000, content_loss=2371562890.6250, style loss=28649446875000.0000, tv loss=26074618.0000
L-BFGS | iteration: 470, total loss=28376685346816.0000, content_loss=2372318359.3750, style loss=28374288281250.0000, tv loss=26069808.0000
L-BFGS | iteration: 471, total loss=28242392121344.0000, content_loss=2371081445.3125, style loss=28239996093750.0000, tv loss=26061322.0000
L-BFGS | iteration: 472, total loss=28097732673536.0000, content_loss=2372796093.7500, style loss=28095335156250.0000, tv loss=26059492.0000
L-BFGS | iteration: 473, total loss=27984060743680.0000, content_loss=2370823046.8750, style loss=27981665625000.0000, tv loss=26056520.0000
L-BFGS | iteration: 474, total loss=27891704266752.0000, content_loss=2371808203.1250, style loss=27889307812500.0000, tv loss=26058472.0000
L-BFGS | iteration: 475, total loss=27750366707712.0000, content_loss=2372423046.8750, style loss=27747970312500.0000, tv loss=26054226.0000
