C:\Users\user\AppData\Roaming\Python\Python313\site-packages\torchvision\models\_utils.py:208: UserWarning: The parameter 'pretrained' is deprecated since 0.13 and may be removed in the future, please use 'weights' instead.
  warnings.warn(
C:\Users\user\AppData\Roaming\Python\Python313\site-packages\torchvision\models\_utils.py:223: UserWarning: Arguments other than a weight enum or `None` for 'weights' are deprecated since 0.13 and may be removed in the future. The current behavior is equivalent to passing `weights=VGG19_Weights.IMAGENET1K_V1`. You can also use `weights=VGG19_Weights.DEFAULT` to get the most up-to-date weights.
  warnings.warn(msg)
Using VGG19 in the optimization procedure.
L-BFGS | iteration: 000, total loss=38360229821284352.0000, content_loss=      0.0000, style loss=38360229600000000.0000, tv loss=7292753.0000
L-BFGS | iteration: 001, total loss=38360247001153536.0000, content_loss=     46.1866, style loss=38360248800000000.0000, tv loss=7292753.0000
L-BFGS | iteration: 002, total loss=38360238411218944.0000, content_loss=     38.7162, style loss=38360236800000000.0000, tv loss=7292753.0000
L-BFGS | iteration: 003, total loss=38360234116251648.0000, content_loss=     27.8677, style loss=38360234400000000.0000, tv loss=7292753.0000
L-BFGS | iteration: 004, total loss=38360225526317056.0000, content_loss=     21.5503, style loss=38360224800000000.0000, tv loss=7292753.0000
L-BFGS | iteration: 005, total loss=38360234116251648.0000, content_loss=     25.3571, style loss=38360234400000000.0000, tv loss=7292753.0000
L-BFGS | iteration: 006, total loss=38360221231349760.0000, content_loss=     22.5990, style loss=38360222400000000.0000, tv loss=7292753.0000
L-BFGS | iteration: 007, total loss=38360229821284352.0000, content_loss=     25.2519, style loss=38360229600000000.0000, tv loss=7292753.0000
L-BFGS | iteration: 008, total loss=38360204051480576.0000, content_loss=     24.3518, style loss=38360205600000000.0000, tv loss=7292753.0000
L-BFGS | iteration: 009, total loss=38360225526317056.0000, content_loss=     24.7998, style loss=38360224800000000.0000, tv loss=7292753.0000
L-BFGS | iteration: 010, total loss=38360204051480576.0000, content_loss=     24.3343, style loss=38360205600000000.0000, tv loss=7292753.0000
L-BFGS | iteration: 011, total loss=38360204051480576.0000, content_loss=     24.4009, style loss=38360205600000000.0000, tv loss=7292753.0000
L-BFGS | iteration: 012, total loss=38360204051480576.0000, content_loss=     24.2738, style loss=38360203200000000.0000, tv loss=7292753.0000
L-BFGS | iteration: 013, total loss=38360204051480576.0000, content_loss=     24.2828, style loss=38360205600000000.0000, tv loss=7292753.0000
L-BFGS | iteration: 014, total loss=38360204051480576.0000, content_loss=     24.2828, style loss=38360205600000000.0000, tv loss=7292753.0000
L-BFGS | iteration: 015, total loss=38360204051480576.0000, content_loss=     24.2828, style loss=38360205600000000.0000, tv loss=7292753.0000
L-BFGS | iteration: 016, total loss=38360204051480576.0000, content_loss=     24.2828, style loss=38360205600000000.0000, tv loss=7292753.0000
L-BFGS | iteration: 017, total loss=38360204051480576.0000, content_loss=     24.2828, style loss=38360205600000000.0000, tv loss=7292753.0000
L-BFGS | iteration: 018, total loss=38360204051480576.0000, content_loss=     24.3518, style loss=38360205600000000.0000, tv loss=7292753.0000
L-BFGS | iteration: 019, total loss=38359688655405056.0000, content_loss=     89.7590, style loss=38359687200000000.0000, tv loss=7292789.0000
L-BFGS | iteration: 020, total loss=38357141739798528.0000, content_loss=    242.6672, style loss=38357143200000000.0000, tv loss=7292949.0000
L-BFGS | iteration: 021, total loss=38348646294487040.0000, content_loss=   1837.0606, style loss=38348647200000000.0000, tv loss=7293488.0000
L-BFGS | iteration: 022, total loss=38303244195201024.0000, content_loss=  40345.7522, style loss=38303244000000000.0000, tv loss=7296420.0000
L-BFGS | iteration: 023, total loss=38058912095666176.0000, content_loss=1081678.2951, style loss=38058912000000000.0000, tv loss=7312946.0000
L-BFGS | iteration: 024, total loss=36992209723064320.0000, content_loss=20298112.4878, style loss=36992210400000000.0000, tv loss=7409261.0000
L-BFGS | iteration: 025, total loss=33809971816693760.0000, content_loss=200384033.2031, style loss=33809971200000000.0000, tv loss=8031307.5000
L-BFGS | iteration: 026, total loss=29607131569192960.0000, content_loss=631008691.4062, style loss=29607132000000000.0000, tv loss=9381290.0000
L-BFGS | iteration: 027, total loss=26054203625439232.0000, content_loss=1381447656.2500, style loss=26054200800000000.0000, tv loss=11755804.0000
L-BFGS | iteration: 028, total loss=23102472318877696.0000, content_loss=1406597070.3125, style loss=23102469600000000.0000, tv loss=12505676.0000
L-BFGS | iteration: 029, total loss=19970257896603648.0000, content_loss=1468745214.8438, style loss=19970256000000000.0000, tv loss=12610165.0000
L-BFGS | iteration: 030, total loss=17473124182261760.0000, content_loss=1733514843.7500, style loss=17473122000000000.0000, tv loss=13269224.0000
L-BFGS | iteration: 031, total loss=15578170652622848.0000, content_loss=1864673632.8125, style loss=15578168400000000.0000, tv loss=13946653.0000
L-BFGS | iteration: 032, total loss=13937934453440512.0000, content_loss=1870719335.9375, style loss=13937932800000000.0000, tv loss=14465977.0000
L-BFGS | iteration: 033, total loss=12520170043998208.0000, content_loss=1997137695.3125, style loss=12520167600000000.0000, tv loss=15044216.0000
L-BFGS | iteration: 034, total loss=11333468432629760.0000, content_loss=1928916015.6250, style loss=11333466000000000.0000, tv loss=15296029.0000
L-BFGS | iteration: 035, total loss=10402534271221760.0000, content_loss=2105559570.3125, style loss=10402532400000000.0000, tv loss=15906757.0000
L-BFGS | iteration: 036, total loss=9617859852369920.0000, content_loss=1946138281.2500, style loss=9617857800000000.0000, tv loss=15970634.0000
L-BFGS | iteration: 037, total loss=8885315062202368.0000, content_loss=2084513085.9375, style loss=8885313000000000.0000, tv loss=16382376.0000
L-BFGS | iteration: 038, total loss=8278755084599296.0000, content_loss=2069454296.8750, style loss=8278753200000000.0000, tv loss=16570044.0000
L-BFGS | iteration: 039, total loss=7711499963334656.0000, content_loss=2098219140.6250, style loss=7711497600000000.0000, tv loss=16980856.0000
L-BFGS | iteration: 040, total loss=7208770283241472.0000, content_loss=2127138476.5625, style loss=7208768400000000.0000, tv loss=17328288.0000
L-BFGS | iteration: 041, total loss=6745444780605440.0000, content_loss=2141745898.4375, style loss=6745442400000000.0000, tv loss=17541790.0000
L-BFGS | iteration: 042, total loss=6335165345300480.0000, content_loss=2172169140.6250, style loss=6335163000000000.0000, tv loss=17795280.0000
L-BFGS | iteration: 043, total loss=5965703131693056.0000, content_loss=2175878515.6250, style loss=5965701000000000.0000, tv loss=18013828.0000
L-BFGS | iteration: 044, total loss=5628670605524992.0000, content_loss=2194139062.5000, style loss=5628668400000000.0000, tv loss=18277812.0000
L-BFGS | iteration: 045, total loss=5324734560468992.0000, content_loss=2200256640.6250, style loss=5324732400000000.0000, tv loss=18467148.0000
L-BFGS | iteration: 046, total loss=5047960425463808.0000, content_loss=2217571093.7500, style loss=5047958400000000.0000, tv loss=18654164.0000
L-BFGS | iteration: 047, total loss=4801635461103616.0000, content_loss=2222152343.7500, style loss=4801633500000000.0000, tv loss=18825806.0000
L-BFGS | iteration: 048, total loss=4576070221168640.0000, content_loss=2239794140.6250, style loss=4576068000000000.0000, tv loss=19013432.0000
L-BFGS | iteration: 049, total loss=4370705017733120.0000, content_loss=2240992578.1250, style loss=4370703000000000.0000, tv loss=19126332.0000
L-BFGS | iteration: 050, total loss=4179613869670400.0000, content_loss=2275297265.6250, style loss=4179611700000000.0000, tv loss=19329648.0000
L-BFGS | iteration: 051, total loss=4009933670449152.0000, content_loss=2229920507.8125, style loss=4009931400000000.0000, tv loss=19325206.0000
L-BFGS | iteration: 052, total loss=3865841812635648.0000, content_loss=2323567382.8125, style loss=3865839300000000.0000, tv loss=19657760.0000
L-BFGS | iteration: 053, total loss=3740925104750592.0000, content_loss=2237177343.7500, style loss=3740922900000000.0000, tv loss=19480552.0000
L-BFGS | iteration: 054, total loss=3605466131202048.0000, content_loss=2275565429.6875, style loss=3605463900000000.0000, tv loss=19671592.0000
L-BFGS | iteration: 055, total loss=3484067001532416.0000, content_loss=2301664648.4375, style loss=3484064700000000.0000, tv loss=19797906.0000
L-BFGS | iteration: 056, total loss=3366148942856192.0000, content_loss=2293773437.5000, style loss=3366146400000000.0000, tv loss=19925972.0000
L-BFGS | iteration: 057, total loss=3251228234481664.0000, content_loss=2326194726.5625, style loss=3251225700000000.0000, tv loss=20057920.0000
L-BFGS | iteration: 058, total loss=3141441354203136.0000, content_loss=2318017187.5000, style loss=3141438900000000.0000, tv loss=20102784.0000
L-BFGS | iteration: 059, total loss=3037305577144320.0000, content_loss=2334279492.1875, style loss=3037303200000000.0000, tv loss=20238072.0000
L-BFGS | iteration: 060, total loss=2941656923897856.0000, content_loss=2325275781.2500, style loss=2941654500000000.0000, tv loss=20273000.0000
L-BFGS | iteration: 061, total loss=2850100032307200.0000, content_loss=2347239062.5000, style loss=2850097500000000.0000, tv loss=20426952.0000
L-BFGS | iteration: 062, total loss=2760460306743296.0000, content_loss=2332725781.2500, style loss=2760457800000000.0000, tv loss=20402116.0000
L-BFGS | iteration: 063, total loss=2683046205587456.0000, content_loss=2369348437.5000, style loss=2683043700000000.0000, tv loss=20686016.0000
L-BFGS | iteration: 064, total loss=2608138754719744.0000, content_loss=2343349609.3750, style loss=2608136400000000.0000, tv loss=20525996.0000
L-BFGS | iteration: 065, total loss=2531676257255424.0000, content_loss=2376456835.9375, style loss=2531673900000000.0000, tv loss=20772044.0000
L-BFGS | iteration: 066, total loss=2461747210354688.0000, content_loss=2366900976.5625, style loss=2461744800000000.0000, tv loss=20761822.0000
L-BFGS | iteration: 067, total loss=2395247157968896.0000, content_loss=2379810351.5625, style loss=2395244700000000.0000, tv loss=20889380.0000
L-BFGS | iteration: 068, total loss=2330807884578816.0000, content_loss=2386247460.9375, style loss=2330805600000000.0000, tv loss=20938648.0000
L-BFGS | iteration: 069, total loss=2268349664854016.0000, content_loss=2387161914.0625, style loss=2268347250000000.0000, tv loss=21061100.0000
L-BFGS | iteration: 070, total loss=2208284815654912.0000, content_loss=2390407226.5625, style loss=2208282450000000.0000, tv loss=21081868.0000
L-BFGS | iteration: 071, total loss=2153996294815744.0000, content_loss=2396352929.6875, style loss=2153993850000000.0000, tv loss=21217420.0000
L-BFGS | iteration: 072, total loss=2100124788457472.0000, content_loss=2399135546.8750, style loss=2100122400000000.0000, tv loss=21189488.0000
L-BFGS | iteration: 073, total loss=2050228676984832.0000, content_loss=2410438867.1875, style loss=2050226250000000.0000, tv loss=21403200.0000
L-BFGS | iteration: 074, total loss=1999903337218048.0000, content_loss=2406848828.1250, style loss=1999900950000000.0000, tv loss=21325732.0000
L-BFGS | iteration: 075, total loss=1951759706619904.0000, content_loss=2419713867.1875, style loss=1951757250000000.0000, tv loss=21546392.0000
L-BFGS | iteration: 076, total loss=1902862711914496.0000, content_loss=2412533007.8125, style loss=1902860250000000.0000, tv loss=21505768.0000
L-BFGS | iteration: 077, total loss=1857670529155072.0000, content_loss=2426593554.6875, style loss=1857668100000000.0000, tv loss=21619604.0000
L-BFGS | iteration: 078, total loss=1813524439367680.0000, content_loss=2418833203.1250, style loss=1813522050000000.0000, tv loss=21666680.0000
L-BFGS | iteration: 079, total loss=1771312695476224.0000, content_loss=2433775976.5625, style loss=1771310250000000.0000, tv loss=21751492.0000
L-BFGS | iteration: 080, total loss=1730200194777088.0000, content_loss=2424645312.5000, style loss=1730197800000000.0000, tv loss=21840124.0000
L-BFGS | iteration: 081, total loss=1691090356797440.0000, content_loss=2442694726.5625, style loss=1691088000000000.0000, tv loss=21887504.0000
L-BFGS | iteration: 082, total loss=1654457506988032.0000, content_loss=2427683398.4375, style loss=1654455150000000.0000, tv loss=21979216.0000
L-BFGS | iteration: 083, total loss=1616990225563648.0000, content_loss=2445939453.1250, style loss=1616987850000000.0000, tv loss=22001658.0000
L-BFGS | iteration: 084, total loss=1582605925351424.0000, content_loss=2443257812.5000, style loss=1582603500000000.0000, tv loss=22144696.0000
L-BFGS | iteration: 085, total loss=1547523827171328.0000, content_loss=2448586914.0625, style loss=1547521350000000.0000, tv loss=22104198.0000
L-BFGS | iteration: 086, total loss=1515734224076800.0000, content_loss=2468980664.0625, style loss=1515731850000000.0000, tv loss=22344584.0000
L-BFGS | iteration: 087, total loss=1482961341906944.0000, content_loss=2436106835.9375, style loss=1482958950000000.0000, tv loss=22234920.0000
L-BFGS | iteration: 088, total loss=1453268353941504.0000, content_loss=2475305859.3750, style loss=1453266000000000.0000, tv loss=22378094.0000
L-BFGS | iteration: 089, total loss=1427635318030336.0000, content_loss=2461600390.6250, style loss=1427632950000000.0000, tv loss=22426850.0000
L-BFGS | iteration: 090, total loss=1396772891000832.0000, content_loss=2464203710.9375, style loss=1396770450000000.0000, tv loss=22473836.0000
L-BFGS | iteration: 091, total loss=1367804812984320.0000, content_loss=2476496875.0000, style loss=1367802450000000.0000, tv loss=22566832.0000
L-BFGS | iteration: 092, total loss=1338035589349376.0000, content_loss=2476797070.3125, style loss=1338033150000000.0000, tv loss=22625784.0000
L-BFGS | iteration: 093, total loss=1307616215040000.0000, content_loss=2483853320.3125, style loss=1307613600000000.0000, tv loss=22703026.0000
L-BFGS | iteration: 094, total loss=1279449282641920.0000, content_loss=2484720507.8125, style loss=1279446750000000.0000, tv loss=22775194.0000
L-BFGS | iteration: 095, total loss=1250650587398144.0000, content_loss=2496815429.6875, style loss=1250648025000000.0000, tv loss=22857044.0000
L-BFGS | iteration: 096, total loss=1223278760820736.0000, content_loss=2485556445.3125, style loss=1223276175000000.0000, tv loss=22892332.0000
L-BFGS | iteration: 097, total loss=1198717990338560.0000, content_loss=2512116992.1875, style loss=1198715400000000.0000, tv loss=23014150.0000
L-BFGS | iteration: 098, total loss=1176384965705728.0000, content_loss=2490166015.6250, style loss=1176382350000000.0000, tv loss=22950984.0000
L-BFGS | iteration: 099, total loss=1155950048182272.0000, content_loss=2508853515.6250, style loss=1155947550000000.0000, tv loss=23204208.0000
L-BFGS | iteration: 100, total loss=1132397387055104.0000, content_loss=2522591406.2500, style loss=1132394775000000.0000, tv loss=23091348.0000
L-BFGS | iteration: 101, total loss=1110027049893888.0000, content_loss=2496368750.0000, style loss=1110024600000000.0000, tv loss=23221320.0000
L-BFGS | iteration: 102, total loss=1089601661829120.0000, content_loss=2515231054.6875, style loss=1089599175000000.0000, tv loss=23273074.0000
L-BFGS | iteration: 103, total loss=1068828918284288.0000, content_loss=2516036132.8125, style loss=1068826425000000.0000, tv loss=23290376.0000
L-BFGS | iteration: 104, total loss=1046470862045184.0000, content_loss=2524742382.8125, style loss=1046468325000000.0000, tv loss=23393592.0000
L-BFGS | iteration: 105, total loss=1023447756963840.0000, content_loss=2529225195.3125, style loss=1023445200000000.0000, tv loss=23422732.0000
L-BFGS | iteration: 106, total loss=1000474044006400.0000, content_loss=2537126562.5000, style loss=1000471500000000.0000, tv loss=23510860.0000
L-BFGS | iteration: 107, total loss=979134029234176.0000, content_loss=2531947851.5625, style loss=979131450000000.0000, tv loss=23537580.0000
L-BFGS | iteration: 108, total loss=960436157546496.0000, content_loss=2557544531.2500, style loss=960433575000000.0000, tv loss=23662094.0000
L-BFGS | iteration: 109, total loss=943146699587584.0000, content_loss=2532936523.4375, style loss=943144125000000.0000, tv loss=23615282.0000
L-BFGS | iteration: 110, total loss=926572555010048.0000, content_loss=2553799023.4375, style loss=926570025000000.0000, tv loss=23745120.0000
L-BFGS | iteration: 111, total loss=911155635683328.0000, content_loss=2551865820.3125, style loss=911153100000000.0000, tv loss=23717596.0000
L-BFGS | iteration: 112, total loss=897550320140288.0000, content_loss=2549194140.6250, style loss=897547800000000.0000, tv loss=23886300.0000
L-BFGS | iteration: 113, total loss=877548456116224.0000, content_loss=2564368945.3125, style loss=877545900000000.0000, tv loss=23867500.0000
L-BFGS | iteration: 114, total loss=862379705368576.0000, content_loss=2553870898.4375, style loss=862377150000000.0000, tv loss=23883164.0000
L-BFGS | iteration: 115, total loss=846678982656000.0000, content_loss=2564611718.7500, style loss=846676425000000.0000, tv loss=23944728.0000
L-BFGS | iteration: 116, total loss=830665398419456.0000, content_loss=2561388671.8750, style loss=830662875000000.0000, tv loss=24007700.0000
L-BFGS | iteration: 117, total loss=814754490744832.0000, content_loss=2573839257.8125, style loss=814751925000000.0000, tv loss=24024492.0000
L-BFGS | iteration: 118, total loss=799180066914304.0000, content_loss=2562877929.6875, style loss=799177500000000.0000, tv loss=24093368.0000
L-BFGS | iteration: 119, total loss=784457053241344.0000, content_loss=2583412695.3125, style loss=784454475000000.0000, tv loss=24124462.0000
L-BFGS | iteration: 120, total loss=771817568468992.0000, content_loss=2568074414.0625, style loss=771815025000000.0000, tv loss=24171102.0000
L-BFGS | iteration: 121, total loss=758166820225024.0000, content_loss=2581973632.8125, style loss=758164275000000.0000, tv loss=24218552.0000
L-BFGS | iteration: 122, total loss=745176423202816.0000, content_loss=2576055664.0625, style loss=745173900000000.0000, tv loss=24230644.0000
L-BFGS | iteration: 123, total loss=732219446394880.0000, content_loss=2591486718.7500, style loss=732216825000000.0000, tv loss=24346608.0000
L-BFGS | iteration: 124, total loss=720346344849408.0000, content_loss=2580540820.3125, style loss=720343800000000.0000, tv loss=24257644.0000
L-BFGS | iteration: 125, total loss=710174385897472.0000, content_loss=2596614648.4375, style loss=710171775000000.0000, tv loss=24475448.0000
L-BFGS | iteration: 126, total loss=697343036882944.0000, content_loss=2596811132.8125, style loss=697340400000000.0000, tv loss=24422596.0000
L-BFGS | iteration: 127, total loss=687000352980992.0000, content_loss=2587078710.9375, style loss=686997750000000.0000, tv loss=24404284.0000
L-BFGS | iteration: 128, total loss=674934380560384.0000, content_loss=2598545703.1250, style loss=674931750000000.0000, tv loss=24472236.0000
L-BFGS | iteration: 129, total loss=663196771811328.0000, content_loss=2594319335.9375, style loss=663194175000000.0000, tv loss=24508880.0000
L-BFGS | iteration: 130, total loss=651437755334656.0000, content_loss=2611922851.5625, style loss=651435150000000.0000, tv loss=24552716.0000
L-BFGS | iteration: 131, total loss=641642344218624.0000, content_loss=2595460351.5625, style loss=641639700000000.0000, tv loss=24572570.0000
L-BFGS | iteration: 132, total loss=632174491467776.0000, content_loss=2607925976.5625, style loss=632171850000000.0000, tv loss=24583596.0000
L-BFGS | iteration: 133, total loss=623287465934848.0000, content_loss=2608917968.7500, style loss=623284875000000.0000, tv loss=24657932.0000
L-BFGS | iteration: 134, total loss=611989218918400.0000, content_loss=2609179882.8125, style loss=611986575000000.0000, tv loss=24650960.0000
L-BFGS | iteration: 135, total loss=600783246589952.0000, content_loss=2621088867.1875, style loss=600780600000000.0000, tv loss=24746100.0000
L-BFGS | iteration: 136, total loss=591494910050304.0000, content_loss=2605997460.9375, style loss=591492262500000.0000, tv loss=24680216.0000
L-BFGS | iteration: 137, total loss=582314887217152.0000, content_loss=2621916796.8750, style loss=582312262500000.0000, tv loss=24710072.0000
L-BFGS | iteration: 138, total loss=574567101759488.0000, content_loss=2620685156.2500, style loss=574564462500000.0000, tv loss=24809436.0000
L-BFGS | iteration: 139, total loss=564379103789056.0000, content_loss=2623638671.8750, style loss=564376500000000.0000, tv loss=24800224.0000
L-BFGS | iteration: 140, total loss=554721366507520.0000, content_loss=2633651171.8750, style loss=554718712500000.0000, tv loss=24880964.0000
L-BFGS | iteration: 141, total loss=545518526660608.0000, content_loss=2626326171.8750, style loss=545515875000000.0000, tv loss=24851196.0000
L-BFGS | iteration: 142, total loss=538409684697088.0000, content_loss=2636508007.8125, style loss=538407000000000.0000, tv loss=24870932.0000
L-BFGS | iteration: 143, total loss=530860575031296.0000, content_loss=2634046093.7500, style loss=530857875000000.0000, tv loss=24894664.0000
L-BFGS | iteration: 144, total loss=522128268984320.0000, content_loss=2637148828.1250, style loss=522125587500000.0000, tv loss=24930952.0000
L-BFGS | iteration: 145, total loss=513578633265152.0000, content_loss=2638657812.5000, style loss=513575962500000.0000, tv loss=24948802.0000
L-BFGS | iteration: 146, total loss=506406776078336.0000, content_loss=2645881640.6250, style loss=506404087500000.0000, tv loss=25020148.0000
L-BFGS | iteration: 147, total loss=497879789600768.0000, content_loss=2649771093.7500, style loss=497877112500000.0000, tv loss=24992734.0000
L-BFGS | iteration: 148, total loss=492647915454464.0000, content_loss=2635748437.5000, style loss=492645225000000.0000, tv loss=25028556.0000
L-BFGS | iteration: 149, total loss=485036360990720.0000, content_loss=2645082421.8750, style loss=485033662500000.0000, tv loss=25034772.0000
L-BFGS | iteration: 150, total loss=477463125688320.0000, content_loss=2653527929.6875, style loss=477460425000000.0000, tv loss=25044776.0000
L-BFGS | iteration: 151, total loss=469919619612672.0000, content_loss=2650431835.9375, style loss=469916925000000.0000, tv loss=25073224.0000
L-BFGS | iteration: 152, total loss=462251358158848.0000, content_loss=2659958984.3750, style loss=462248662500000.0000, tv loss=25105616.0000
L-BFGS | iteration: 153, total loss=455471785836544.0000, content_loss=2650927929.6875, style loss=455469112500000.0000, tv loss=25095502.0000
L-BFGS | iteration: 154, total loss=449002927554560.0000, content_loss=2663929492.1875, style loss=449000250000000.0000, tv loss=25169408.0000
L-BFGS | iteration: 155, total loss=443087784509440.0000, content_loss=2659250781.2500, style loss=443085112500000.0000, tv loss=25111872.0000
L-BFGS | iteration: 156, total loss=437509662179328.0000, content_loss=2663637304.6875, style loss=437506987500000.0000, tv loss=25208392.0000
L-BFGS | iteration: 157, total loss=430001690247168.0000, content_loss=2676983789.0625, style loss=429998962500000.0000, tv loss=25238640.0000
L-BFGS | iteration: 158, total loss=425346985885696.0000, content_loss=2651894921.8750, style loss=425344312500000.0000, tv loss=25157296.0000
L-BFGS | iteration: 159, total loss=420057230344192.0000, content_loss=2663597656.2500, style loss=420054562500000.0000, tv loss=25159614.0000
L-BFGS | iteration: 160, total loss=415558252101632.0000, content_loss=2675594531.2500, style loss=415555537500000.0000, tv loss=25239002.0000
L-BFGS | iteration: 161, total loss=409521105141760.0000, content_loss=2674573828.1250, style loss=409518375000000.0000, tv loss=25294586.0000
L-BFGS | iteration: 162, total loss=402569901899776.0000, content_loss=2680637304.6875, style loss=402567187500000.0000, tv loss=25284490.0000
L-BFGS | iteration: 163, total loss=396189962862592.0000, content_loss=2671607226.5625, style loss=396187237500000.0000, tv loss=25321432.0000
L-BFGS | iteration: 164, total loss=391619446571008.0000, content_loss=2687461718.7500, style loss=391616737500000.0000, tv loss=25296766.0000
L-BFGS | iteration: 165, total loss=387595531976704.0000, content_loss=2686030664.0625, style loss=387592800000000.0000, tv loss=25276080.0000
L-BFGS | iteration: 166, total loss=382835668025344.0000, content_loss=2674691992.1875, style loss=382832962500000.0000, tv loss=25308920.0000
L-BFGS | iteration: 167, total loss=377998729543680.0000, content_loss=2689825781.2500, style loss=377996025000000.0000, tv loss=25306512.0000
L-BFGS | iteration: 168, total loss=374161478254592.0000, content_loss=2689413671.8750, style loss=374158762500000.0000, tv loss=25334192.0000
L-BFGS | iteration: 169, total loss=371493565366272.0000, content_loss=2677633203.1250, style loss=371490862500000.0000, tv loss=25335860.0000
L-BFGS | iteration: 170, total loss=364779289968640.0000, content_loss=2690677343.7500, style loss=364776562500000.0000, tv loss=25347148.0000
L-BFGS | iteration: 171, total loss=361670538952704.0000, content_loss=2692055664.0625, style loss=361667812500000.0000, tv loss=25357476.0000
L-BFGS | iteration: 172, total loss=357649979801600.0000, content_loss=2684912304.6875, style loss=357647250000000.0000, tv loss=25378612.0000
L-BFGS | iteration: 173, total loss=350868595539968.0000, content_loss=2697802734.3750, style loss=350865862500000.0000, tv loss=25378640.0000
L-BFGS | iteration: 174, total loss=348009153953792.0000, content_loss=2695501367.1875, style loss=348006450000000.0000, tv loss=25375680.0000
L-BFGS | iteration: 175, total loss=344801081819136.0000, content_loss=2689999023.4375, style loss=344798362500000.0000, tv loss=25382796.0000
L-BFGS | iteration: 176, total loss=338678807265280.0000, content_loss=2697120507.8125, style loss=338676075000000.0000, tv loss=25364680.0000
L-BFGS | iteration: 177, total loss=335828861583360.0000, content_loss=2703183203.1250, style loss=335826112500000.0000, tv loss=25399472.0000
L-BFGS | iteration: 178, total loss=331852493619200.0000, content_loss=2696146484.3750, style loss=331849762500000.0000, tv loss=25406894.0000
L-BFGS | iteration: 179, total loss=326590386929664.0000, content_loss=2708341406.2500, style loss=326587650000000.0000, tv loss=25438408.0000
L-BFGS | iteration: 180, total loss=323485192683520.0000, content_loss=2704582421.8750, style loss=323482425000000.0000, tv loss=25413250.0000
L-BFGS | iteration: 181, total loss=318752038060032.0000, content_loss=2705377929.6875, style loss=318749287500000.0000, tv loss=25423446.0000
L-BFGS | iteration: 182, total loss=313764943495168.0000, content_loss=2704000585.9375, style loss=313762200000000.0000, tv loss=25386532.0000
L-BFGS | iteration: 183, total loss=310310850265088.0000, content_loss=2717159960.9375, style loss=310308093750000.0000, tv loss=25457490.0000
L-BFGS | iteration: 184, total loss=306258213076992.0000, content_loss=2714514453.1250, style loss=306255450000000.0000, tv loss=25452908.0000
L-BFGS | iteration: 185, total loss=302459851374592.0000, content_loss=2715287304.6875, style loss=302457093750000.0000, tv loss=25434330.0000
L-BFGS | iteration: 186, total loss=298770608685056.0000, content_loss=2709846679.6875, style loss=298767843750000.0000, tv loss=25454950.0000
L-BFGS | iteration: 187, total loss=294178449784832.0000, content_loss=2720189648.4375, style loss=294175687500000.0000, tv loss=25453296.0000
L-BFGS | iteration: 188, total loss=291034164625408.0000, content_loss=2714058398.4375, style loss=291031406250000.0000, tv loss=25445246.0000
L-BFGS | iteration: 189, total loss=287187752976384.0000, content_loss=2718003710.9375, style loss=287184993750000.0000, tv loss=25448464.0000
L-BFGS | iteration: 190, total loss=283304699887616.0000, content_loss=2724717968.7500, style loss=283301943750000.0000, tv loss=25461860.0000
L-BFGS | iteration: 191, total loss=279824786522112.0000, content_loss=2722230273.4375, style loss=279822037500000.0000, tv loss=25451050.0000
L-BFGS | iteration: 192, total loss=276834499428352.0000, content_loss=2729247265.6250, style loss=276831731250000.0000, tv loss=25467920.0000
L-BFGS | iteration: 193, total loss=273587017613312.0000, content_loss=2728316796.8750, style loss=273584250000000.0000, tv loss=25471100.0000
L-BFGS | iteration: 194, total loss=271821517619200.0000, content_loss=2729783593.7500, style loss=271818750000000.0000, tv loss=25474432.0000
L-BFGS | iteration: 195, total loss=267799851171840.0000, content_loss=2733448242.1875, style loss=267797081250000.0000, tv loss=25460674.0000
L-BFGS | iteration: 196, total loss=265454832582656.0000, content_loss=2726312890.6250, style loss=265452056250000.0000, tv loss=25471804.0000
L-BFGS | iteration: 197, total loss=263161873694720.0000, content_loss=2729893945.3125, style loss=263159100000000.0000, tv loss=25477920.0000
L-BFGS | iteration: 198, total loss=259814349340672.0000, content_loss=2733660742.1875, style loss=259811587500000.0000, tv loss=25476790.0000
L-BFGS | iteration: 199, total loss=255933426958336.0000, content_loss=2741581445.3125, style loss=255930656250000.0000, tv loss=25473644.0000
L-BFGS | iteration: 200, total loss=253430719315968.0000, content_loss=2732250195.3125, style loss=253427943750000.0000, tv loss=25457860.0000
L-BFGS | iteration: 201, total loss=250535491928064.0000, content_loss=2737431054.6875, style loss=250532718750000.0000, tv loss=25462312.0000
L-BFGS | iteration: 202, total loss=248003961028608.0000, content_loss=2741896875.0000, style loss=248001187500000.0000, tv loss=25468672.0000
L-BFGS | iteration: 203, total loss=244974868234240.0000, content_loss=2740657812.5000, style loss=244972106250000.0000, tv loss=25463062.0000
L-BFGS | iteration: 204, total loss=242223992012800.0000, content_loss=2749892382.8125, style loss=242221200000000.0000, tv loss=25473316.0000
L-BFGS | iteration: 205, total loss=239168458326016.0000, content_loss=2743971484.3750, style loss=239165681250000.0000, tv loss=25436976.0000
L-BFGS | iteration: 206, total loss=236862245437440.0000, content_loss=2749881445.3125, style loss=236859468750000.0000, tv loss=25475932.0000
L-BFGS | iteration: 207, total loss=234301236969472.0000, content_loss=2750311523.4375, style loss=234298443750000.0000, tv loss=25432112.0000
L-BFGS | iteration: 208, total loss=231070431707136.0000, content_loss=2749777148.4375, style loss=231067650000000.0000, tv loss=25448768.0000
L-BFGS | iteration: 209, total loss=229112933253120.0000, content_loss=2755747070.3125, style loss=229110150000000.0000, tv loss=25452010.0000
L-BFGS | iteration: 210, total loss=226812391063552.0000, content_loss=2761053710.9375, style loss=226809581250000.0000, tv loss=25415428.0000
L-BFGS | iteration: 211, total loss=225276738928640.0000, content_loss=2746407617.1875, style loss=225273956250000.0000, tv loss=25454088.0000
L-BFGS | iteration: 212, total loss=223659935399936.0000, content_loss=2753617187.5000, style loss=223657143750000.0000, tv loss=25457288.0000
L-BFGS | iteration: 213, total loss=221903042117632.0000, content_loss=2759137890.6250, style loss=221900250000000.0000, tv loss=25432652.0000
L-BFGS | iteration: 214, total loss=219938581118976.0000, content_loss=2758609179.6875, style loss=219935793750000.0000, tv loss=25417582.0000
L-BFGS | iteration: 215, total loss=217618946457600.0000, content_loss=2760431250.0000, style loss=217616137500000.0000, tv loss=25415028.0000
L-BFGS | iteration: 216, total loss=214738885672960.0000, content_loss=2760732812.5000, style loss=214736081250000.0000, tv loss=25417324.0000
L-BFGS | iteration: 217, total loss=212083505364992.0000, content_loss=2761489843.7500, style loss=212080706250000.0000, tv loss=25399886.0000
L-BFGS | iteration: 218, total loss=209876932362240.0000, content_loss=2768824218.7500, style loss=209874131250000.0000, tv loss=25404608.0000
L-BFGS | iteration: 219, total loss=208210485051392.0000, content_loss=2762322851.5625, style loss=208207687500000.0000, tv loss=25398396.0000
L-BFGS | iteration: 220, total loss=206887584792576.0000, content_loss=2762312890.6250, style loss=206884781250000.0000, tv loss=25402620.0000
L-BFGS | iteration: 221, total loss=204616671166464.0000, content_loss=2768828125.0000, style loss=204613875000000.0000, tv loss=25382536.0000
L-BFGS | iteration: 222, total loss=202808892588032.0000, content_loss=2766714843.7500, style loss=202806093750000.0000, tv loss=25390080.0000
L-BFGS | iteration: 223, total loss=201321139404800.0000, content_loss=2765983203.1250, style loss=201318337500000.0000, tv loss=25377120.0000
L-BFGS | iteration: 224, total loss=199557820448768.0000, content_loss=2772095703.1250, style loss=199555012500000.0000, tv loss=25359346.0000
L-BFGS | iteration: 225, total loss=198008025120768.0000, content_loss=2770712890.6250, style loss=198005231250000.0000, tv loss=25357024.0000
L-BFGS | iteration: 226, total loss=196000060801024.0000, content_loss=2772844140.6250, style loss=195997256250000.0000, tv loss=25365012.0000
L-BFGS | iteration: 227, total loss=195027301040128.0000, content_loss=2772500390.6250, style loss=195024506250000.0000, tv loss=25356282.0000
L-BFGS | iteration: 228, total loss=192854618013696.0000, content_loss=2776133593.7500, style loss=192851812500000.0000, tv loss=25339050.0000
L-BFGS | iteration: 229, total loss=191567553888256.0000, content_loss=2776369921.8750, style loss=191564756250000.0000, tv loss=25359404.0000
L-BFGS | iteration: 230, total loss=189852301656064.0000, content_loss=2774291210.9375, style loss=189849506250000.0000, tv loss=25344836.0000
L-BFGS | iteration: 231, total loss=187917100122112.0000, content_loss=2784123437.5000, style loss=187914281250000.0000, tv loss=25344956.0000
L-BFGS | iteration: 232, total loss=186668975915008.0000, content_loss=2771387695.3125, style loss=186666168750000.0000, tv loss=25305208.0000
L-BFGS | iteration: 233, total loss=185451134582784.0000, content_loss=2777300390.6250, style loss=185448318750000.0000, tv loss=25312070.0000
L-BFGS | iteration: 234, total loss=184529511776256.0000, content_loss=2782861328.1250, style loss=184526700000000.0000, tv loss=25315288.0000
L-BFGS | iteration: 235, total loss=183152504995840.0000, content_loss=2788794726.5625, style loss=183149681250000.0000, tv loss=25313668.0000
L-BFGS | iteration: 236, total loss=182061885292544.0000, content_loss=2783354101.5625, style loss=182059068750000.0000, tv loss=25304588.0000
L-BFGS | iteration: 237, total loss=180824582389760.0000, content_loss=2780742382.8125, style loss=180821756250000.0000, tv loss=25287036.0000
L-BFGS | iteration: 238, total loss=179204792516608.0000, content_loss=2783340820.3125, style loss=179201981250000.0000, tv loss=25279988.0000
L-BFGS | iteration: 239, total loss=177630586339328.0000, content_loss=2784961914.0625, style loss=177627768750000.0000, tv loss=25271252.0000
L-BFGS | iteration: 240, total loss=176359846445056.0000, content_loss=2787585156.2500, style loss=176357025000000.0000, tv loss=25276532.0000
L-BFGS | iteration: 241, total loss=174750206787584.0000, content_loss=2789180664.0625, style loss=174747393750000.0000, tv loss=25264936.0000
L-BFGS | iteration: 242, total loss=173431366615040.0000, content_loss=2790805664.0625, style loss=173428556250000.0000, tv loss=25244930.0000
L-BFGS | iteration: 243, total loss=171755758944256.0000, content_loss=2792254296.8750, style loss=171752943750000.0000, tv loss=25242936.0000
L-BFGS | iteration: 244, total loss=170417574641664.0000, content_loss=2790728320.3125, style loss=170414756250000.0000, tv loss=25212536.0000
L-BFGS | iteration: 245, total loss=169083433648128.0000, content_loss=2795084765.6250, style loss=169080600000000.0000, tv loss=25223980.0000
L-BFGS | iteration: 246, total loss=167995800289280.0000, content_loss=2793230078.1250, style loss=167992987500000.0000, tv loss=25216156.0000
L-BFGS | iteration: 247, total loss=166840537972736.0000, content_loss=2796921289.0625, style loss=166837706250000.0000, tv loss=25208128.0000
L-BFGS | iteration: 248, total loss=166140995174400.0000, content_loss=2794572656.2500, style loss=166138162500000.0000, tv loss=25198340.0000
L-BFGS | iteration: 249, total loss=164777728933888.0000, content_loss=2793884375.0000, style loss=164774887500000.0000, tv loss=25183720.0000
L-BFGS | iteration: 250, total loss=163717090115584.0000, content_loss=2799072851.5625, style loss=163714256250000.0000, tv loss=25186708.0000
L-BFGS | iteration: 251, total loss=162816522715136.0000, content_loss=2797602539.0625, style loss=162813693750000.0000, tv loss=25171818.0000
L-BFGS | iteration: 252, total loss=161663458213888.0000, content_loss=2800346875.0000, style loss=161660643750000.0000, tv loss=25165736.0000
L-BFGS | iteration: 253, total loss=160445918871552.0000, content_loss=2797896289.0625, style loss=160443093750000.0000, tv loss=25146018.0000
L-BFGS | iteration: 254, total loss=159266329591808.0000, content_loss=2804926367.1875, style loss=159263512500000.0000, tv loss=25141512.0000
L-BFGS | iteration: 255, total loss=158644347863040.0000, content_loss=2803416210.9375, style loss=158641537500000.0000, tv loss=25135370.0000
L-BFGS | iteration: 256, total loss=157752236179456.0000, content_loss=2800882421.8750, style loss=157749412500000.0000, tv loss=25126760.0000
L-BFGS | iteration: 257, total loss=156576522436608.0000, content_loss=2802845703.1250, style loss=156573703125000.0000, tv loss=25117226.0000
L-BFGS | iteration: 258, total loss=155467196137472.0000, content_loss=2799214648.4375, style loss=155464378125000.0000, tv loss=25111594.0000
L-BFGS | iteration: 259, total loss=154425968558080.0000, content_loss=2806694335.9375, style loss=154423143750000.0000, tv loss=25104274.0000
L-BFGS | iteration: 260, total loss=153445642272768.0000, content_loss=2805919531.2500, style loss=153442818750000.0000, tv loss=25093882.0000
L-BFGS | iteration: 261, total loss=152366699511808.0000, content_loss=2808695898.4375, style loss=152363878125000.0000, tv loss=25088012.0000
L-BFGS | iteration: 262, total loss=151431520714752.0000, content_loss=2805543359.3750, style loss=151428703125000.0000, tv loss=25070224.0000
L-BFGS | iteration: 263, total loss=150699815993344.0000, content_loss=2807377148.4375, style loss=150696993750000.0000, tv loss=25063514.0000
L-BFGS | iteration: 264, total loss=149928634482688.0000, content_loss=2812076171.8750, style loss=149925796875000.0000, tv loss=25053088.0000
L-BFGS | iteration: 265, total loss=149363158417408.0000, content_loss=2805619726.5625, style loss=149360343750000.0000, tv loss=25041110.0000
L-BFGS | iteration: 266, total loss=148772751409152.0000, content_loss=2806554882.8125, style loss=148769925000000.0000, tv loss=25043242.0000
L-BFGS | iteration: 267, total loss=148066766159872.0000, content_loss=2808923437.5000, style loss=148063950000000.0000, tv loss=25038500.0000
L-BFGS | iteration: 268, total loss=147145646669824.0000, content_loss=2811781054.6875, style loss=147142818750000.0000, tv loss=25037338.0000
L-BFGS | iteration: 269, total loss=146211256401920.0000, content_loss=2813585937.5000, style loss=146208421875000.0000, tv loss=25025988.0000
L-BFGS | iteration: 270, total loss=145442910240768.0000, content_loss=2812428710.9375, style loss=145440075000000.0000, tv loss=25013628.0000
L-BFGS | iteration: 271, total loss=144467684229120.0000, content_loss=2814642578.1250, style loss=144464840625000.0000, tv loss=24999344.0000
L-BFGS | iteration: 272, total loss=143412498006016.0000, content_loss=2813828320.3125, style loss=143409665625000.0000, tv loss=24984984.0000
L-BFGS | iteration: 273, total loss=142623985631232.0000, content_loss=2817948632.8125, style loss=142621153125000.0000, tv loss=24974272.0000
L-BFGS | iteration: 274, total loss=141856830652416.0000, content_loss=2817515429.6875, style loss=141853996875000.0000, tv loss=24979574.0000
L-BFGS | iteration: 275, total loss=141141500493824.0000, content_loss=2814231835.9375, style loss=141138665625000.0000, tv loss=24962542.0000
L-BFGS | iteration: 276, total loss=140424014462976.0000, content_loss=2818419726.5625, style loss=140421168750000.0000, tv loss=24970262.0000
L-BFGS | iteration: 277, total loss=139935168331776.0000, content_loss=2817494921.8750, style loss=139932328125000.0000, tv loss=24954920.0000
L-BFGS | iteration: 278, total loss=139080461451264.0000, content_loss=2817028320.3125, style loss=139077618750000.0000, tv loss=24927428.0000
L-BFGS | iteration: 279, total loss=138408299069440.0000, content_loss=2823167968.7500, style loss=138405450000000.0000, tv loss=24944776.0000
L-BFGS | iteration: 280, total loss=137746513395712.0000, content_loss=2820317968.7500, style loss=137743668750000.0000, tv loss=24931408.0000
L-BFGS | iteration: 281, total loss=137051097792512.0000, content_loss=2819883789.0625, style loss=137048250000000.0000, tv loss=24914780.0000
L-BFGS | iteration: 282, total loss=136232419983360.0000, content_loss=2820313476.5625, style loss=136229578125000.0000, tv loss=24908106.0000
L-BFGS | iteration: 283, total loss=135543471996928.0000, content_loss=2823573632.8125, style loss=135540618750000.0000, tv loss=24901056.0000
L-BFGS | iteration: 284, total loss=135049433317376.0000, content_loss=2822397460.9375, style loss=135046593750000.0000, tv loss=24894408.0000
L-BFGS | iteration: 285, total loss=134512193306624.0000, content_loss=2823227148.4375, style loss=134509340625000.0000, tv loss=24887514.0000
L-BFGS | iteration: 286, total loss=134121619718144.0000, content_loss=2824127343.7500, style loss=134118768750000.0000, tv loss=24876302.0000
L-BFGS | iteration: 287, total loss=133578021142528.0000, content_loss=2826375000.0000, style loss=133575168750000.0000, tv loss=24875310.0000
L-BFGS | iteration: 288, total loss=133070996897792.0000, content_loss=2826421679.6875, style loss=133068140625000.0000, tv loss=24871816.0000
L-BFGS | iteration: 289, total loss=132359106068480.0000, content_loss=2825196093.7500, style loss=132356250000000.0000, tv loss=24861546.0000
L-BFGS | iteration: 290, total loss=131643633303552.0000, content_loss=2828406640.6250, style loss=131640778125000.0000, tv loss=24858558.0000
L-BFGS | iteration: 291, total loss=131101276241920.0000, content_loss=2828322460.9375, style loss=131098425000000.0000, tv loss=24846152.0000
L-BFGS | iteration: 292, total loss=130382297038848.0000, content_loss=2829304882.8125, style loss=130379446875000.0000, tv loss=24828864.0000
L-BFGS | iteration: 293, total loss=129605444829184.0000, content_loss=2829400195.3125, style loss=129602596875000.0000, tv loss=24821012.0000
L-BFGS | iteration: 294, total loss=129068624248832.0000, content_loss=2835190625.0000, style loss=129065765625000.0000, tv loss=24813534.0000
L-BFGS | iteration: 295, total loss=128577932623872.0000, content_loss=2832638085.9375, style loss=128575068750000.0000, tv loss=24808274.0000
L-BFGS | iteration: 296, total loss=128237346750464.0000, content_loss=2830926562.5000, style loss=128234493750000.0000, tv loss=24804652.0000
L-BFGS | iteration: 297, total loss=127786123526144.0000, content_loss=2834358007.8125, style loss=127783265625000.0000, tv loss=24806492.0000
L-BFGS | iteration: 298, total loss=127305154297856.0000, content_loss=2834254101.5625, style loss=127302290625000.0000, tv loss=24796784.0000
L-BFGS | iteration: 299, total loss=126639761522688.0000, content_loss=2834722851.5625, style loss=126636900000000.0000, tv loss=24782020.0000
L-BFGS | iteration: 300, total loss=125950687707136.0000, content_loss=2833132812.5000, style loss=125947828125000.0000, tv loss=24773448.0000
L-BFGS | iteration: 301, total loss=125414504660992.0000, content_loss=2839390039.0625, style loss=125411643750000.0000, tv loss=24761654.0000
L-BFGS | iteration: 302, total loss=124931782213632.0000, content_loss=2838453710.9375, style loss=124928925000000.0000, tv loss=24761954.0000
L-BFGS | iteration: 303, total loss=124519717011456.0000, content_loss=2835875390.6250, style loss=124516856250000.0000, tv loss=24754858.0000
L-BFGS | iteration: 304, total loss=124078920826880.0000, content_loss=2838251171.8750, style loss=124076062500000.0000, tv loss=24751206.0000
L-BFGS | iteration: 305, total loss=123687499988992.0000, content_loss=2841329296.8750, style loss=123684628125000.0000, tv loss=24749866.0000
L-BFGS | iteration: 306, total loss=123142827671552.0000, content_loss=2841472656.2500, style loss=123139959375000.0000, tv loss=24737748.0000
L-BFGS | iteration: 307, total loss=122529301659648.0000, content_loss=2840561914.0625, style loss=122526431250000.0000, tv loss=24728848.0000
L-BFGS | iteration: 308, total loss=121922562031616.0000, content_loss=2842030664.0625, style loss=121919690625000.0000, tv loss=24717844.0000
L-BFGS | iteration: 309, total loss=121405135912960.0000, content_loss=2842604687.5000, style loss=121402265625000.0000, tv loss=24715238.0000
L-BFGS | iteration: 310, total loss=120791794450432.0000, content_loss=2845305468.7500, style loss=120788925000000.0000, tv loss=24715636.0000
L-BFGS | iteration: 311, total loss=120424088207360.0000, content_loss=2843046289.0625, style loss=120421218750000.0000, tv loss=24699058.0000
L-BFGS | iteration: 312, total loss=119918750072832.0000, content_loss=2843922851.5625, style loss=119915878125000.0000, tv loss=24690420.0000
L-BFGS | iteration: 313, total loss=119352812634112.0000, content_loss=2843558984.3750, style loss=119349946875000.0000, tv loss=24687134.0000
L-BFGS | iteration: 314, total loss=118869444263936.0000, content_loss=2847275195.3125, style loss=118866571875000.0000, tv loss=24678302.0000
L-BFGS | iteration: 315, total loss=118515386286080.0000, content_loss=2847025195.3125, style loss=118512515625000.0000, tv loss=24676210.0000
L-BFGS | iteration: 316, total loss=118056588148736.0000, content_loss=2847070703.1250, style loss=118053721875000.0000, tv loss=24675642.0000
L-BFGS | iteration: 317, total loss=117608502263808.0000, content_loss=2848803710.9375, style loss=117605625000000.0000, tv loss=24670280.0000
L-BFGS | iteration: 318, total loss=117135074394112.0000, content_loss=2847495703.1250, style loss=117132206250000.0000, tv loss=24657636.0000
L-BFGS | iteration: 319, total loss=116789044314112.0000, content_loss=2852032617.1875, style loss=116786165625000.0000, tv loss=24660460.0000
L-BFGS | iteration: 320, total loss=116364396199936.0000, content_loss=2852311328.1250, style loss=116361515625000.0000, tv loss=24652548.0000
L-BFGS | iteration: 321, total loss=116056039358464.0000, content_loss=2847438085.9375, style loss=116053171875000.0000, tv loss=24633318.0000
L-BFGS | iteration: 322, total loss=115735040884736.0000, content_loss=2850081250.0000, style loss=115732162500000.0000, tv loss=24637438.0000
L-BFGS | iteration: 323, total loss=115370681696256.0000, content_loss=2852361914.0625, style loss=115367803125000.0000, tv loss=24637420.0000
L-BFGS | iteration: 324, total loss=114930439159808.0000, content_loss=2853210742.1875, style loss=114927562500000.0000, tv loss=24633712.0000
L-BFGS | iteration: 325, total loss=114377218850816.0000, content_loss=2854144335.9375, style loss=114374343750000.0000, tv loss=24625778.0000
L-BFGS | iteration: 326, total loss=113833226010624.0000, content_loss=2855463281.2500, style loss=113830350000000.0000, tv loss=24616252.0000
L-BFGS | iteration: 327, total loss=113409349648384.0000, content_loss=2855478906.2500, style loss=113406468750000.0000, tv loss=24606784.0000
L-BFGS | iteration: 328, total loss=113099407360000.0000, content_loss=2855808593.7500, style loss=113096531250000.0000, tv loss=24602024.0000
L-BFGS | iteration: 329, total loss=112887578230784.0000, content_loss=2854515039.0625, style loss=112884703125000.0000, tv loss=24595732.0000
L-BFGS | iteration: 330, total loss=112507549122560.0000, content_loss=2856382421.8750, style loss=112504659375000.0000, tv loss=24593182.0000
L-BFGS | iteration: 331, total loss=112191323766784.0000, content_loss=2858024218.7500, style loss=112188440625000.0000, tv loss=24592640.0000
L-BFGS | iteration: 332, total loss=111799852597248.0000, content_loss=2856563671.8750, style loss=111796968750000.0000, tv loss=24585104.0000
L-BFGS | iteration: 333, total loss=111446423764992.0000, content_loss=2858293750.0000, style loss=111443540625000.0000, tv loss=24584768.0000
L-BFGS | iteration: 334, total loss=111068072378368.0000, content_loss=2858925781.2500, style loss=111065184375000.0000, tv loss=24577492.0000
L-BFGS | iteration: 335, total loss=110545789255680.0000, content_loss=2859024609.3750, style loss=110542903125000.0000, tv loss=24568088.0000
L-BFGS | iteration: 336, total loss=110110294671360.0000, content_loss=2862837695.3125, style loss=110107406250000.0000, tv loss=24556678.0000
L-BFGS | iteration: 337, total loss=109760808484864.0000, content_loss=2860582031.2500, style loss=109757925000000.0000, tv loss=24552566.0000
L-BFGS | iteration: 338, total loss=109498849034240.0000, content_loss=2861473437.5000, style loss=109495959375000.0000, tv loss=24551440.0000
L-BFGS | iteration: 339, total loss=109160066711552.0000, content_loss=2861272656.2500, style loss=109157184375000.0000, tv loss=24543812.0000
L-BFGS | iteration: 340, total loss=108927559663616.0000, content_loss=2863446093.7500, style loss=108924675000000.0000, tv loss=24543726.0000
L-BFGS | iteration: 341, total loss=108614731694080.0000, content_loss=2865228320.3125, style loss=108611840625000.0000, tv loss=24546116.0000
L-BFGS | iteration: 342, total loss=108338461278208.0000, content_loss=2862013085.9375, style loss=108335578125000.0000, tv loss=24536024.0000
L-BFGS | iteration: 343, total loss=108045967294464.0000, content_loss=2863792578.1250, style loss=108043078125000.0000, tv loss=24534880.0000
L-BFGS | iteration: 344, total loss=107680635027456.0000, content_loss=2864416601.5625, style loss=107677753125000.0000, tv loss=24528858.0000
L-BFGS | iteration: 345, total loss=107216308797440.0000, content_loss=2865169921.8750, style loss=107213418750000.0000, tv loss=24521520.0000
L-BFGS | iteration: 346, total loss=106763248467968.0000, content_loss=2865317382.8125, style loss=106760353125000.0000, tv loss=24512128.0000
L-BFGS | iteration: 347, total loss=106463607390208.0000, content_loss=2870451757.8125, style loss=106460709375000.0000, tv loss=24510414.0000
L-BFGS | iteration: 348, total loss=106220237094912.0000, content_loss=2868301953.1250, style loss=106217343750000.0000, tv loss=24506280.0000
L-BFGS | iteration: 349, total loss=106001302814720.0000, content_loss=2865449609.3750, style loss=105998409375000.0000, tv loss=24501942.0000
L-BFGS | iteration: 350, total loss=105799338688512.0000, content_loss=2866606054.6875, style loss=105796443750000.0000, tv loss=24500088.0000
L-BFGS | iteration: 351, total loss=105537488289792.0000, content_loss=2868104492.1875, style loss=105534590625000.0000, tv loss=24495730.0000
L-BFGS | iteration: 352, total loss=105222571556864.0000, content_loss=2869655273.4375, style loss=105219675000000.0000, tv loss=24493600.0000
L-BFGS | iteration: 353, total loss=104874251386880.0000, content_loss=2869322070.3125, style loss=104871356250000.0000, tv loss=24490620.0000
L-BFGS | iteration: 354, total loss=104495782559744.0000, content_loss=2871257617.1875, style loss=104492887500000.0000, tv loss=24486300.0000
L-BFGS | iteration: 355, total loss=104129846312960.0000, content_loss=2869858398.4375, style loss=104126953125000.0000, tv loss=24477768.0000
L-BFGS | iteration: 356, total loss=103816800239616.0000, content_loss=2872785546.8750, style loss=103813903125000.0000, tv loss=24478368.0000
L-BFGS | iteration: 357, total loss=103529356197888.0000, content_loss=2872760937.5000, style loss=103526465625000.0000, tv loss=24472308.0000
L-BFGS | iteration: 358, total loss=103188006961152.0000, content_loss=2871575000.0000, style loss=103185112500000.0000, tv loss=24470758.0000
L-BFGS | iteration: 359, total loss=102905654804480.0000, content_loss=2874793750.0000, style loss=102902756250000.0000, tv loss=24463328.0000
L-BFGS | iteration: 360, total loss=102625701789696.0000, content_loss=2874753515.6250, style loss=102622800000000.0000, tv loss=24459328.0000
L-BFGS | iteration: 361, total loss=102367550767104.0000, content_loss=2874940429.6875, style loss=102364650000000.0000, tv loss=24460752.0000
L-BFGS | iteration: 362, total loss=102033055023104.0000, content_loss=2874959375.0000, style loss=102030150000000.0000, tv loss=24453728.0000
L-BFGS | iteration: 363, total loss=101651943784448.0000, content_loss=2876943945.3125, style loss=101649037500000.0000, tv loss=24456784.0000
L-BFGS | iteration: 364, total loss=101356639617024.0000, content_loss=2875916796.8750, style loss=101353734375000.0000, tv loss=24441788.0000
L-BFGS | iteration: 365, total loss=101092952113152.0000, content_loss=2877765625.0000, style loss=101090053125000.0000, tv loss=24443432.0000
L-BFGS | iteration: 366, total loss=100858104643584.0000, content_loss=2877238085.9375, style loss=100855200000000.0000, tv loss=24444806.0000
L-BFGS | iteration: 367, total loss=100533683617792.0000, content_loss=2877427734.3750, style loss=100530778125000.0000, tv loss=24442084.0000
L-BFGS | iteration: 368, total loss=100241206411264.0000, content_loss=2880289843.7500, style loss=100238306250000.0000, tv loss=24437208.0000
L-BFGS | iteration: 369, total loss=99905343324160.0000, content_loss=2879788085.9375, style loss=99902437500000.0000, tv loss=24429992.0000
L-BFGS | iteration: 370, total loss=99602548129792.0000, content_loss=2880734375.0000, style loss=99599643750000.0000, tv loss=24431984.0000
L-BFGS | iteration: 371, total loss=99260284534784.0000, content_loss=2880325390.6250, style loss=99257381250000.0000, tv loss=24423328.0000
L-BFGS | iteration: 372, total loss=98960903503872.0000, content_loss=2880304882.8125, style loss=98958000000000.0000, tv loss=24422748.0000
L-BFGS | iteration: 373, total loss=98638504132608.0000, content_loss=2881977929.6875, style loss=98635593750000.0000, tv loss=24419022.0000
L-BFGS | iteration: 374, total loss=98383171682304.0000, content_loss=2879532031.2500, style loss=98380265625000.0000, tv loss=24412436.0000
L-BFGS | iteration: 375, total loss=98116816601088.0000, content_loss=2882368554.6875, style loss=98113903125000.0000, tv loss=24413988.0000
L-BFGS | iteration: 376, total loss=97894786924544.0000, content_loss=2882369531.2500, style loss=97891875000000.0000, tv loss=24409974.0000
L-BFGS | iteration: 377, total loss=97603735781376.0000, content_loss=2882369140.6250, style loss=97600828125000.0000, tv loss=24405256.0000
L-BFGS | iteration: 378, total loss=97341189128192.0000, content_loss=2885660156.2500, style loss=97338281250000.0000, tv loss=24410020.0000
L-BFGS | iteration: 379, total loss=97077753282560.0000, content_loss=2883081250.0000, style loss=97074843750000.0000, tv loss=24401018.0000
L-BFGS | iteration: 380, total loss=96829635035136.0000, content_loss=2884966406.2500, style loss=96826725000000.0000, tv loss=24399318.0000
L-BFGS | iteration: 381, total loss=96606313512960.0000, content_loss=2885074804.6875, style loss=96603403125000.0000, tv loss=24398140.0000
L-BFGS | iteration: 382, total loss=96346392494080.0000, content_loss=2886051757.8125, style loss=96343481250000.0000, tv loss=24395224.0000
L-BFGS | iteration: 383, total loss=96109112328192.0000, content_loss=2884744531.2500, style loss=96106200000000.0000, tv loss=24389280.0000
L-BFGS | iteration: 384, total loss=95839477301248.0000, content_loss=2886316406.2500, style loss=95836565625000.0000, tv loss=24389128.0000
L-BFGS | iteration: 385, total loss=95619913875456.0000, content_loss=2886786523.4375, style loss=95617003125000.0000, tv loss=24389048.0000
L-BFGS | iteration: 386, total loss=95365747441664.0000, content_loss=2887800585.9375, style loss=95362837500000.0000, tv loss=24385880.0000
L-BFGS | iteration: 387, total loss=95101984440320.0000, content_loss=2888632226.5625, style loss=95099071875000.0000, tv loss=24386564.0000
L-BFGS | iteration: 388, total loss=94766020689920.0000, content_loss=2887647265.6250, style loss=94763109375000.0000, tv loss=24375336.0000
L-BFGS | iteration: 389, total loss=94518732914688.0000, content_loss=2891395117.1875, style loss=94515815625000.0000, tv loss=24381138.0000
L-BFGS | iteration: 390, total loss=94332967190528.0000, content_loss=2889528906.2500, style loss=94330059375000.0000, tv loss=24375232.0000
L-BFGS | iteration: 391, total loss=94114318123008.0000, content_loss=2887961523.4375, style loss=94111406250000.0000, tv loss=24365656.0000
L-BFGS | iteration: 392, total loss=93928854388736.0000, content_loss=2889718359.3750, style loss=93925940625000.0000, tv loss=24370988.0000
L-BFGS | iteration: 393, total loss=93692572467200.0000, content_loss=2891809765.6250, style loss=93689653125000.0000, tv loss=24373424.0000
L-BFGS | iteration: 394, total loss=93464872091648.0000, content_loss=2891727929.6875, style loss=93461953125000.0000, tv loss=24371760.0000
L-BFGS | iteration: 395, total loss=93174525591552.0000, content_loss=2891796093.7500, style loss=93171609375000.0000, tv loss=24365128.0000
L-BFGS | iteration: 396, total loss=92894354472960.0000, content_loss=2894111328.1250, style loss=92891437500000.0000, tv loss=24363068.0000
L-BFGS | iteration: 397, total loss=92674421948416.0000, content_loss=2893272265.6250, style loss=92671500000000.0000, tv loss=24359952.0000
L-BFGS | iteration: 398, total loss=92475175731200.0000, content_loss=2894563476.5625, style loss=92472253125000.0000, tv loss=24358148.0000
L-BFGS | iteration: 399, total loss=92326437322752.0000, content_loss=2894952539.0625, style loss=92323518750000.0000, tv loss=24358554.0000
L-BFGS | iteration: 400, total loss=92117619703808.0000, content_loss=2895540820.3125, style loss=92114700000000.0000, tv loss=24355348.0000
L-BFGS | iteration: 401, total loss=91937231077376.0000, content_loss=2896716796.8750, style loss=91934315625000.0000, tv loss=24354854.0000
L-BFGS | iteration: 402, total loss=91694095663104.0000, content_loss=2895853320.3125, style loss=91691175000000.0000, tv loss=24350518.0000
L-BFGS | iteration: 403, total loss=91481335398400.0000, content_loss=2898069726.5625, style loss=91478418750000.0000, tv loss=24349072.0000
L-BFGS | iteration: 404, total loss=91294378491904.0000, content_loss=2897739453.1250, style loss=91291462500000.0000, tv loss=24347220.0000
L-BFGS | iteration: 405, total loss=91023887826944.0000, content_loss=2898141406.2500, style loss=91020965625000.0000, tv loss=24343216.0000
L-BFGS | iteration: 406, total loss=90775375314944.0000, content_loss=2899208203.1250, style loss=90772443750000.0000, tv loss=24344802.0000
L-BFGS | iteration: 407, total loss=90589240492032.0000, content_loss=2900536523.4375, style loss=90586312500000.0000, tv loss=24340648.0000
L-BFGS | iteration: 408, total loss=90398500323328.0000, content_loss=2901107031.2500, style loss=90395568750000.0000, tv loss=24336648.0000
L-BFGS | iteration: 409, total loss=90227993477120.0000, content_loss=2900299414.0625, style loss=90225065625000.0000, tv loss=24341388.0000
L-BFGS | iteration: 410, total loss=90062024867840.0000, content_loss=2901711914.0625, style loss=90059100000000.0000, tv loss=24339072.0000
L-BFGS | iteration: 411, total loss=89885511778304.0000, content_loss=2902255273.4375, style loss=89882587500000.0000, tv loss=24333168.0000
L-BFGS | iteration: 412, total loss=89638450495488.0000, content_loss=2902546484.3750, style loss=89635518750000.0000, tv loss=24331956.0000
L-BFGS | iteration: 413, total loss=89393687691264.0000, content_loss=2903242773.4375, style loss=89390756250000.0000, tv loss=24328672.0000
L-BFGS | iteration: 414, total loss=89156625629184.0000, content_loss=2904598242.1875, style loss=89153700000000.0000, tv loss=24331476.0000
L-BFGS | iteration: 415, total loss=88933153112064.0000, content_loss=2903968554.6875, style loss=88930228125000.0000, tv loss=24323224.0000
L-BFGS | iteration: 416, total loss=88752412164096.0000, content_loss=2905538867.1875, style loss=88749487500000.0000, tv loss=24327588.0000
L-BFGS | iteration: 417, total loss=88545742028800.0000, content_loss=2905137890.6250, style loss=88542815625000.0000, tv loss=24323556.0000
L-BFGS | iteration: 418, total loss=88339625541632.0000, content_loss=2906151367.1875, style loss=88336696875000.0000, tv loss=24325262.0000
L-BFGS | iteration: 419, total loss=88174160248832.0000, content_loss=2906917382.8125, style loss=88171228125000.0000, tv loss=24326588.0000
L-BFGS | iteration: 420, total loss=87961475481600.0000, content_loss=2907531445.3125, style loss=87958537500000.0000, tv loss=24320224.0000
L-BFGS | iteration: 421, total loss=87778578661376.0000, content_loss=2906777539.0625, style loss=87775640625000.0000, tv loss=24322984.0000
L-BFGS | iteration: 422, total loss=87584533381120.0000, content_loss=2908461328.1250, style loss=87581596875000.0000, tv loss=24321920.0000
L-BFGS | iteration: 423, total loss=87410025168896.0000, content_loss=2907349414.0625, style loss=87407090625000.0000, tv loss=24318420.0000
L-BFGS | iteration: 424, total loss=87201425653760.0000, content_loss=2909158007.8125, style loss=87198487500000.0000, tv loss=24319256.0000
L-BFGS | iteration: 425, total loss=86995057508352.0000, content_loss=2907815234.3750, style loss=86992125000000.0000, tv loss=24314408.0000
L-BFGS | iteration: 426, total loss=86776802705408.0000, content_loss=2911394531.2500, style loss=86773865625000.0000, tv loss=24315876.0000
L-BFGS | iteration: 427, total loss=86621848338432.0000, content_loss=2910491406.2500, style loss=86618915625000.0000, tv loss=24315076.0000
L-BFGS | iteration: 428, total loss=86438548865024.0000, content_loss=2909510937.5000, style loss=86435615625000.0000, tv loss=24309286.0000
L-BFGS | iteration: 429, total loss=86278703939584.0000, content_loss=2913499414.0625, style loss=86275771875000.0000, tv loss=24316656.0000
L-BFGS | iteration: 430, total loss=86098768297984.0000, content_loss=2913907812.5000, style loss=86095828125000.0000, tv loss=24315048.0000
L-BFGS | iteration: 431, total loss=85913371672576.0000, content_loss=2911376562.5000, style loss=85910437500000.0000, tv loss=24311644.0000
L-BFGS | iteration: 432, total loss=85752260067328.0000, content_loss=2912624023.4375, style loss=85749328125000.0000, tv loss=24311304.0000
L-BFGS | iteration: 433, total loss=85587046432768.0000, content_loss=2913015039.0625, style loss=85584112500000.0000, tv loss=24309960.0000
L-BFGS | iteration: 434, total loss=85360335912960.0000, content_loss=2913882421.8750, style loss=85357396875000.0000, tv loss=24309172.0000
L-BFGS | iteration: 435, total loss=85147684700160.0000, content_loss=2915154492.1875, style loss=85144743750000.0000, tv loss=24306564.0000
L-BFGS | iteration: 436, total loss=84987554562048.0000, content_loss=2915498437.5000, style loss=84984609375000.0000, tv loss=24309468.0000
L-BFGS | iteration: 437, total loss=84830360436736.0000, content_loss=2916193750.0000, style loss=84827418750000.0000, tv loss=24308974.0000
L-BFGS | iteration: 438, total loss=84705487618048.0000, content_loss=2915148046.8750, style loss=84702543750000.0000, tv loss=24307032.0000
L-BFGS | iteration: 439, total loss=84549266571264.0000, content_loss=2916452343.7500, style loss=84546318750000.0000, tv loss=24303796.0000
L-BFGS | iteration: 440, total loss=84422959300608.0000, content_loss=2917084179.6875, style loss=84420018750000.0000, tv loss=24306280.0000
L-BFGS | iteration: 441, total loss=84266805362688.0000, content_loss=2916958593.7500, style loss=84263859375000.0000, tv loss=24305928.0000
L-BFGS | iteration: 442, total loss=84080678928384.0000, content_loss=2918330078.1250, style loss=84077737500000.0000, tv loss=24306152.0000
L-BFGS | iteration: 443, total loss=83966971346944.0000, content_loss=2918229296.8750, style loss=83964028125000.0000, tv loss=24303064.0000
L-BFGS | iteration: 444, total loss=83791079014400.0000, content_loss=2918309960.9375, style loss=83788134375000.0000, tv loss=24304112.0000
L-BFGS | iteration: 445, total loss=83607628546048.0000, content_loss=2919350390.6250, style loss=83604684375000.0000, tv loss=24299966.0000
L-BFGS | iteration: 446, total loss=83461314445312.0000, content_loss=2919582617.1875, style loss=83458368750000.0000, tv loss=24301526.0000
L-BFGS | iteration: 447, total loss=83278702837760.0000, content_loss=2919541992.1875, style loss=83275762500000.0000, tv loss=24301152.0000
L-BFGS | iteration: 448, total loss=83091485884416.0000, content_loss=2920870312.5000, style loss=83088543750000.0000, tv loss=24302228.0000
L-BFGS | iteration: 449, total loss=82931380912128.0000, content_loss=2919671875.0000, style loss=82928437500000.0000, tv loss=24296756.0000
L-BFGS | iteration: 450, total loss=82751638208512.0000, content_loss=2920957421.8750, style loss=82748690625000.0000, tv loss=24296668.0000
L-BFGS | iteration: 451, total loss=82584017043456.0000, content_loss=2919838671.8750, style loss=82581075000000.0000, tv loss=24297158.0000
L-BFGS | iteration: 452, total loss=82431092719616.0000, content_loss=2922234570.3125, style loss=82428150000000.0000, tv loss=24298886.0000
L-BFGS | iteration: 453, total loss=82301371285504.0000, content_loss=2921822265.6250, style loss=82298428125000.0000, tv loss=24297324.0000
L-BFGS | iteration: 454, total loss=82154839080960.0000, content_loss=2921841210.9375, style loss=82151896875000.0000, tv loss=24300196.0000
L-BFGS | iteration: 455, total loss=82007669342208.0000, content_loss=2922637304.6875, style loss=82004728125000.0000, tv loss=24292752.0000
L-BFGS | iteration: 456, total loss=81881999605760.0000, content_loss=2923483398.4375, style loss=81879046875000.0000, tv loss=24294172.0000
L-BFGS | iteration: 457, total loss=81713229201408.0000, content_loss=2923558593.7500, style loss=81710278125000.0000, tv loss=24294380.0000
L-BFGS | iteration: 458, total loss=81543074676736.0000, content_loss=2924330078.1250, style loss=81540121875000.0000, tv loss=24293732.0000
L-BFGS | iteration: 459, total loss=81359993307136.0000, content_loss=2923784179.6875, style loss=81357037500000.0000, tv loss=24292016.0000
L-BFGS | iteration: 460, total loss=81168087121920.0000, content_loss=2925019726.5625, style loss=81165131250000.0000, tv loss=24293648.0000
L-BFGS | iteration: 461, total loss=81018828619776.0000, content_loss=2924539453.1250, style loss=81015871875000.0000, tv loss=24293976.0000
L-BFGS | iteration: 462, total loss=80878940192768.0000, content_loss=2924985546.8750, style loss=80875987500000.0000, tv loss=24290532.0000
L-BFGS | iteration: 463, total loss=80726099755008.0000, content_loss=2926189062.5000, style loss=80723146875000.0000, tv loss=24291082.0000
L-BFGS | iteration: 464, total loss=80557329350656.0000, content_loss=2926798046.8750, style loss=80554378125000.0000, tv loss=24289676.0000
L-BFGS | iteration: 465, total loss=80418783100928.0000, content_loss=2926870312.5000, style loss=80415834375000.0000, tv loss=24287064.0000
L-BFGS | iteration: 466, total loss=80278877896704.0000, content_loss=2928796679.6875, style loss=80275921875000.0000, tv loss=24287002.0000
L-BFGS | iteration: 467, total loss=80173667975168.0000, content_loss=2928046679.6875, style loss=80170715625000.0000, tv loss=24293684.0000
L-BFGS | iteration: 468, total loss=80050900697088.0000, content_loss=2927777148.4375, style loss=80047950000000.0000, tv loss=24289344.0000
L-BFGS | iteration: 469, total loss=79863583080448.0000, content_loss=2928098242.1875, style loss=79860628125000.0000, tv loss=24289658.0000
L-BFGS | iteration: 470, total loss=79698386223104.0000, content_loss=2928897460.9375, style loss=79695431250000.0000, tv loss=24287384.0000
L-BFGS | iteration: 471, total loss=79556862017536.0000, content_loss=2928852148.4375, style loss=79553906250000.0000, tv loss=24288024.0000
L-BFGS | iteration: 472, total loss=79422233247744.0000, content_loss=2929960937.5000, style loss=79419281250000.0000, tv loss=24287204.0000
